[0.129s] Invoking command in '/root/tiago_public_ws/build/plansys2_simple_example': CMAKE_PREFIX_PATH=${CMAKE_PREFIX_PATH}:/root/tiago_public_ws/install/launch_pal:/opt/ros/humble /usr/bin/cmake --build /root/tiago_public_ws/build/plansys2_simple_example -- -j8 -l8
[0.553s] [ 33%] Built target move_action_node
[0.692s] [ 66%] Built target ask_charge_action_node
[0.862s] [100%] Built target charge_action_node
[0.919s] Invoked command in '/root/tiago_public_ws/build/plansys2_simple_example' returned '0': CMAKE_PREFIX_PATH=${CMAKE_PREFIX_PATH}:/root/tiago_public_ws/install/launch_pal:/opt/ros/humble /usr/bin/cmake --build /root/tiago_public_ws/build/plansys2_simple_example -- -j8 -l8
[1.385s] Invoking command in '/root/tiago_public_ws/build/plansys2_simple_example': CMAKE_PREFIX_PATH=${CMAKE_PREFIX_PATH}:/root/tiago_public_ws/install/launch_pal:/opt/ros/humble /usr/bin/cmake --install /root/tiago_public_ws/build/plansys2_simple_example
[1.424s] -- Install configuration: ""
[1.427s] -- Execute custom install script
[1.427s] -- Up-to-date symlink: /root/tiago_public_ws/install/plansys2_simple_example/share/plansys2_simple_example/launch/commands
[1.428s] -- Up-to-date symlink: /root/tiago_public_ws/install/plansys2_simple_example/share/plansys2_simple_example/launch/plansys2_simple_example_launch.py
[1.428s] -- Up-to-date symlink: /root/tiago_public_ws/install/plansys2_simple_example/share/plansys2_simple_example/pddl/simple_example.pddl
[1.445s] -- Up-to-date symlink: /root/tiago_public_ws/install/plansys2_simple_example/lib/plansys2_simple_example/move_action_node
[1.446s] -- Up-to-date symlink: /root/tiago_public_ws/install/plansys2_simple_example/lib/plansys2_simple_example/charge_action_node
[1.460s] -- Up-to-date symlink: /root/tiago_public_ws/install/plansys2_simple_example/lib/plansys2_simple_example/ask_charge_action_node
[1.460s] -- Up-to-date symlink: /root/tiago_public_ws/install/plansys2_simple_example/share/ament_index/resource_index/package_run_dependencies/plansys2_simple_example
[1.460s] -- Up-to-date symlink: /root/tiago_public_ws/install/plansys2_simple_example/share/ament_index/resource_index/parent_prefix_path/plansys2_simple_example
[1.461s] -- Up-to-date symlink: /root/tiago_public_ws/install/plansys2_simple_example/share/plansys2_simple_example/environment/ament_prefix_path.sh
[1.461s] -- Up-to-date symlink: /root/tiago_public_ws/install/plansys2_simple_example/share/plansys2_simple_example/environment/ament_prefix_path.dsv
[1.461s] -- Up-to-date symlink: /root/tiago_public_ws/install/plansys2_simple_example/share/plansys2_simple_example/environment/path.sh
[1.461s] -- Up-to-date symlink: /root/tiago_public_ws/install/plansys2_simple_example/share/plansys2_simple_example/environment/path.dsv
[1.461s] -- Up-to-date symlink: /root/tiago_public_ws/install/plansys2_simple_example/share/plansys2_simple_example/local_setup.bash
[1.461s] -- Up-to-date symlink: /root/tiago_public_ws/install/plansys2_simple_example/share/plansys2_simple_example/local_setup.sh
[1.461s] -- Up-to-date symlink: /root/tiago_public_ws/install/plansys2_simple_example/share/plansys2_simple_example/local_setup.zsh
[1.461s] -- Up-to-date symlink: /root/tiago_public_ws/install/plansys2_simple_example/share/plansys2_simple_example/local_setup.dsv
[1.461s] -- Symlinking: /root/tiago_public_ws/install/plansys2_simple_example/share/plansys2_simple_example/package.dsv
[1.506s] -- Up-to-date symlink: /root/tiago_public_ws/install/plansys2_simple_example/share/ament_index/resource_index/packages/plansys2_simple_example
[1.507s] -- Up-to-date symlink: /root/tiago_public_ws/install/plansys2_simple_example/share/plansys2_simple_example/cmake/ament_cmake_export_dependencies-extras.cmake
[1.507s] -- Up-to-date symlink: /root/tiago_public_ws/install/plansys2_simple_example/share/plansys2_simple_example/cmake/plansys2_simple_exampleConfig.cmake
[1.507s] -- Up-to-date symlink: /root/tiago_public_ws/install/plansys2_simple_example/share/plansys2_simple_example/cmake/plansys2_simple_exampleConfig-version.cmake
[1.507s] -- Up-to-date symlink: /root/tiago_public_ws/install/plansys2_simple_example/share/plansys2_simple_example/package.xml
[1.588s] Invoked command in '/root/tiago_public_ws/build/plansys2_simple_example' returned '0': CMAKE_PREFIX_PATH=${CMAKE_PREFIX_PATH}:/root/tiago_public_ws/install/launch_pal:/opt/ros/humble /usr/bin/cmake --install /root/tiago_public_ws/build/plansys2_simple_example
