[1.311s] Invoking command in '/root/tiago_public_ws/build/pal_urdf_utils': CMAKE_PREFIX_PATH=${CMAKE_PREFIX_PATH}:/root/tiago_public_ws/install/launch_pal:/opt/ros/humble /usr/bin/cmake /root/tiago_public_ws/src/pal_urdf_utils -DCMAKE_INSTALL_PREFIX=/root/tiago_public_ws/install/pal_urdf_utils
[1.480s] -- Found ament_cmake_auto: 1.3.10 (/opt/ros/humble/share/ament_cmake_auto/cmake)
[2.330s] -- Override CMake install command with custom implementation using symlinks instead of copying resources
[2.772s] -- Found ament_lint_auto: 0.12.11 (/opt/ros/humble/share/ament_lint_auto/cmake)
[2.821s] -- Added test 'copyright' to check source files copyright and LICENSE
[2.846s] -- Added test 'lint_cmake' to check CMake code style
[2.870s] -- Added test 'xmllint' to check XML markup files
[2.880s] -- Configuring done
[2.914s] -- Generating done
[2.935s] -- Build files have been written to: /root/tiago_public_ws/build/pal_urdf_utils
[2.940s] Invoked command in '/root/tiago_public_ws/build/pal_urdf_utils' returned '0': CMAKE_PREFIX_PATH=${CMAKE_PREFIX_PATH}:/root/tiago_public_ws/install/launch_pal:/opt/ros/humble /usr/bin/cmake /root/tiago_public_ws/src/pal_urdf_utils -DCMAKE_INSTALL_PREFIX=/root/tiago_public_ws/install/pal_urdf_utils
[2.941s] Invoking command in '/root/tiago_public_ws/build/pal_urdf_utils': CMAKE_PREFIX_PATH=${CMAKE_PREFIX_PATH}:/root/tiago_public_ws/install/launch_pal:/opt/ros/humble /usr/bin/cmake --build /root/tiago_public_ws/build/pal_urdf_utils -- -j8 -l8
[3.108s] Invoked command in '/root/tiago_public_ws/build/pal_urdf_utils' returned '0': CMAKE_PREFIX_PATH=${CMAKE_PREFIX_PATH}:/root/tiago_public_ws/install/launch_pal:/opt/ros/humble /usr/bin/cmake --build /root/tiago_public_ws/build/pal_urdf_utils -- -j8 -l8
[3.284s] Invoking command in '/root/tiago_public_ws/build/pal_urdf_utils': CMAKE_PREFIX_PATH=${CMAKE_PREFIX_PATH}:/root/tiago_public_ws/install/launch_pal:/opt/ros/humble /usr/bin/cmake --install /root/tiago_public_ws/build/pal_urdf_utils
[3.304s] -- Install configuration: ""
[3.305s] -- Execute custom install script
[3.308s] -- Up-to-date symlink: /root/tiago_public_ws/install/pal_urdf_utils/share/pal_urdf_utils/urdf/deg_to_rad.urdf.xacro
[3.308s] -- Up-to-date symlink: /root/tiago_public_ws/install/pal_urdf_utils/share/pal_urdf_utils/urdf/materials.urdf.xacro
[3.308s] -- Up-to-date symlink: /root/tiago_public_ws/install/pal_urdf_utils/share/pal_urdf_utils/urdf/pi.urdf.xacro
[3.309s] -- Up-to-date symlink: /root/tiago_public_ws/install/pal_urdf_utils/share/ament_index/resource_index/package_run_dependencies/pal_urdf_utils
[3.309s] -- Up-to-date symlink: /root/tiago_public_ws/install/pal_urdf_utils/share/ament_index/resource_index/parent_prefix_path/pal_urdf_utils
[3.309s] -- Up-to-date symlink: /root/tiago_public_ws/install/pal_urdf_utils/share/pal_urdf_utils/environment/ament_prefix_path.sh
[3.309s] -- Up-to-date symlink: /root/tiago_public_ws/install/pal_urdf_utils/share/pal_urdf_utils/environment/ament_prefix_path.dsv
[3.309s] -- Up-to-date symlink: /root/tiago_public_ws/install/pal_urdf_utils/share/pal_urdf_utils/environment/path.sh
[3.309s] -- Up-to-date symlink: /root/tiago_public_ws/install/pal_urdf_utils/share/pal_urdf_utils/environment/path.dsv
[3.310s] -- Up-to-date symlink: /root/tiago_public_ws/install/pal_urdf_utils/share/pal_urdf_utils/local_setup.bash
[3.310s] -- Up-to-date symlink: /root/tiago_public_ws/install/pal_urdf_utils/share/pal_urdf_utils/local_setup.sh
[3.310s] -- Up-to-date symlink: /root/tiago_public_ws/install/pal_urdf_utils/share/pal_urdf_utils/local_setup.zsh
[3.310s] -- Up-to-date symlink: /root/tiago_public_ws/install/pal_urdf_utils/share/pal_urdf_utils/local_setup.dsv
[3.310s] -- Symlinking: /root/tiago_public_ws/install/pal_urdf_utils/share/pal_urdf_utils/package.dsv
[3.341s] -- Up-to-date symlink: /root/tiago_public_ws/install/pal_urdf_utils/share/ament_index/resource_index/packages/pal_urdf_utils
[3.342s] -- Up-to-date symlink: /root/tiago_public_ws/install/pal_urdf_utils/share/pal_urdf_utils/cmake/pal_urdf_utilsConfig.cmake
[3.342s] -- Up-to-date symlink: /root/tiago_public_ws/install/pal_urdf_utils/share/pal_urdf_utils/cmake/pal_urdf_utilsConfig-version.cmake
[3.342s] -- Up-to-date symlink: /root/tiago_public_ws/install/pal_urdf_utils/share/pal_urdf_utils/package.xml
[3.350s] Invoked command in '/root/tiago_public_ws/build/pal_urdf_utils' returned '0': CMAKE_PREFIX_PATH=${CMAKE_PREFIX_PATH}:/root/tiago_public_ws/install/launch_pal:/opt/ros/humble /usr/bin/cmake --install /root/tiago_public_ws/build/pal_urdf_utils
