[0.343s] Invoking command in '/root/tiago_public_ws/build/pal_navigation_cfg_bringup': AMENT_PREFIX_PATH=/root/tiago_public_ws/install/pal_navigation_cfg_params:/root/tiago_public_ws/install/launch_pal:${AMENT_PREFIX_PATH} CMAKE_PREFIX_PATH=/root/tiago_public_ws/install/pal_navigation_cfg_params:/opt/ros/humble PYTHONPATH=/root/tiago_public_ws/build/launch_pal:/root/tiago_public_ws/install/launch_pal/lib/python3.10/site-packages:${PYTHONPATH} /usr/bin/cmake --build /root/tiago_public_ws/build/pal_navigation_cfg_bringup -- -j8 -l8
[0.469s] Invoked command in '/root/tiago_public_ws/build/pal_navigation_cfg_bringup' returned '0': AMENT_PREFIX_PATH=/root/tiago_public_ws/install/pal_navigation_cfg_params:/root/tiago_public_ws/install/launch_pal:${AMENT_PREFIX_PATH} CMAKE_PREFIX_PATH=/root/tiago_public_ws/install/pal_navigation_cfg_params:/opt/ros/humble PYTHONPATH=/root/tiago_public_ws/build/launch_pal:/root/tiago_public_ws/install/launch_pal/lib/python3.10/site-packages:${PYTHONPATH} /usr/bin/cmake --build /root/tiago_public_ws/build/pal_navigation_cfg_bringup -- -j8 -l8
[0.554s] Invoking command in '/root/tiago_public_ws/build/pal_navigation_cfg_bringup': AMENT_PREFIX_PATH=/root/tiago_public_ws/install/pal_navigation_cfg_params:/root/tiago_public_ws/install/launch_pal:${AMENT_PREFIX_PATH} CMAKE_PREFIX_PATH=/root/tiago_public_ws/install/pal_navigation_cfg_params:/opt/ros/humble PYTHONPATH=/root/tiago_public_ws/build/launch_pal:/root/tiago_public_ws/install/launch_pal/lib/python3.10/site-packages:${PYTHONPATH} /usr/bin/cmake --install /root/tiago_public_ws/build/pal_navigation_cfg_bringup
[0.595s] -- Install configuration: ""
[0.597s] -- Execute custom install script
[0.601s] -- Up-to-date symlink: /root/tiago_public_ws/install/pal_navigation_cfg_bringup/share/pal_navigation_cfg_bringup/launch/nav_bringup.launch.py
[0.602s] -- Up-to-date symlink: /root/tiago_public_ws/install/pal_navigation_cfg_bringup/share/ament_index/resource_index/package_run_dependencies/pal_navigation_cfg_bringup
[0.603s] -- Up-to-date symlink: /root/tiago_public_ws/install/pal_navigation_cfg_bringup/share/ament_index/resource_index/parent_prefix_path/pal_navigation_cfg_bringup
[0.603s] -- Up-to-date symlink: /root/tiago_public_ws/install/pal_navigation_cfg_bringup/share/pal_navigation_cfg_bringup/environment/ament_prefix_path.sh
[0.606s] -- Up-to-date symlink: /root/tiago_public_ws/install/pal_navigation_cfg_bringup/share/pal_navigation_cfg_bringup/environment/ament_prefix_path.dsv
[0.608s] -- Up-to-date symlink: /root/tiago_public_ws/install/pal_navigation_cfg_bringup/share/pal_navigation_cfg_bringup/environment/path.sh
[0.609s] -- Up-to-date symlink: /root/tiago_public_ws/install/pal_navigation_cfg_bringup/share/pal_navigation_cfg_bringup/environment/path.dsv
[0.610s] -- Up-to-date symlink: /root/tiago_public_ws/install/pal_navigation_cfg_bringup/share/pal_navigation_cfg_bringup/local_setup.bash
[0.622s] -- Up-to-date symlink: /root/tiago_public_ws/install/pal_navigation_cfg_bringup/share/pal_navigation_cfg_bringup/local_setup.sh
[0.622s] -- Up-to-date symlink: /root/tiago_public_ws/install/pal_navigation_cfg_bringup/share/pal_navigation_cfg_bringup/local_setup.zsh
[0.622s] -- Up-to-date symlink: /root/tiago_public_ws/install/pal_navigation_cfg_bringup/share/pal_navigation_cfg_bringup/local_setup.dsv
[0.622s] -- Symlinking: /root/tiago_public_ws/install/pal_navigation_cfg_bringup/share/pal_navigation_cfg_bringup/package.dsv
[0.653s] -- Up-to-date symlink: /root/tiago_public_ws/install/pal_navigation_cfg_bringup/share/ament_index/resource_index/packages/pal_navigation_cfg_bringup
[0.660s] -- Up-to-date symlink: /root/tiago_public_ws/install/pal_navigation_cfg_bringup/share/pal_navigation_cfg_bringup/cmake/pal_navigation_cfg_bringupConfig.cmake
[0.674s] -- Up-to-date symlink: /root/tiago_public_ws/install/pal_navigation_cfg_bringup/share/pal_navigation_cfg_bringup/cmake/pal_navigation_cfg_bringupConfig-version.cmake
[0.675s] -- Up-to-date symlink: /root/tiago_public_ws/install/pal_navigation_cfg_bringup/share/pal_navigation_cfg_bringup/package.xml
[0.781s] Invoked command in '/root/tiago_public_ws/build/pal_navigation_cfg_bringup' returned '0': AMENT_PREFIX_PATH=/root/tiago_public_ws/install/pal_navigation_cfg_params:/root/tiago_public_ws/install/launch_pal:${AMENT_PREFIX_PATH} CMAKE_PREFIX_PATH=/root/tiago_public_ws/install/pal_navigation_cfg_params:/opt/ros/humble PYTHONPATH=/root/tiago_public_ws/build/launch_pal:/root/tiago_public_ws/install/launch_pal/lib/python3.10/site-packages:${PYTHONPATH} /usr/bin/cmake --install /root/tiago_public_ws/build/pal_navigation_cfg_bringup
