[0.177s] Invoking command in '/root/tiago_public_ws/build/plansys2_cascade_example': CMAKE_PREFIX_PATH=${CMAKE_PREFIX_PATH}:/root/tiago_public_ws/install/launch_pal:/opt/ros/humble /usr/bin/cmake /root/tiago_public_ws/src/ros2_planning_system_examples/plansys2_cascade_example -DAMENT_CMAKE_SYMLINK_INSTALL=1 -DCMAKE_INSTALL_PREFIX=/root/tiago_public_ws/install/plansys2_cascade_example
[0.214s] -- Found ament_cmake: 1.3.10 (/opt/ros/humble/share/ament_cmake/cmake)
[0.575s] -- Override CMake install command with custom implementation using symlinks instead of copying resources
[0.595s] -- Found rclcpp: 16.0.10 (/opt/ros/humble/share/rclcpp/cmake)
[0.947s] -- Found rosidl_generator_c: 3.1.5 (/opt/ros/humble/share/rosidl_generator_c/cmake)
[0.950s] -- Found rosidl_adapter: 3.1.5 (/opt/ros/humble/share/rosidl_adapter/cmake)
[0.962s] -- Found rosidl_generator_cpp: 3.1.5 (/opt/ros/humble/share/rosidl_generator_cpp/cmake)
[0.991s] -- Using all available rosidl_typesupport_c: rosidl_typesupport_fastrtps_c;rosidl_typesupport_introspection_c
[1.029s] -- Using all available rosidl_typesupport_cpp: rosidl_typesupport_fastrtps_cpp;rosidl_typesupport_introspection_cpp
[1.115s] -- Found rmw_implementation_cmake: 6.1.2 (/opt/ros/humble/share/rmw_implementation_cmake/cmake)
[1.119s] -- Found rmw_fastrtps_cpp: 6.2.7 (/opt/ros/humble/share/rmw_fastrtps_cpp/cmake)
[6.920s] -- Using RMW implementation 'rmw_fastrtps_cpp' as default
[7.047s] -- Found rclcpp_action: 16.0.10 (/opt/ros/humble/share/rclcpp_action/cmake)
[7.142s] -- Found plansys2_msgs: 2.0.9 (/opt/ros/humble/share/plansys2_msgs/cmake)
[7.205s] -- Found plansys2_executor: 2.0.9 (/opt/ros/humble/share/plansys2_executor/cmake)
[8.882s] -- Found ament_lint_auto: 0.12.11 (/opt/ros/humble/share/ament_lint_auto/cmake)
[9.131s] -- Added test 'copyright' to check source files copyright and LICENSE
[9.134s] -- Added test 'cppcheck' to perform static code analysis on C / C++ code
[9.135s] -- Configured cppcheck include dirs: 
[9.135s] -- Configured cppcheck exclude dirs and/or files: 
[9.137s] -- Added test 'cpplint' to check C / C++ code against the Google style
[9.137s] -- Configured cpplint exclude dirs and/or files: 
[9.146s] -- Added test 'flake8' to check Python code syntax and style conventions
[9.151s] -- Added test 'lint_cmake' to check CMake code style
[9.162s] -- Added test 'pep257' to check Python code against some of the docstring style conventions in PEP 257
[9.166s] -- Added test 'uncrustify' to check C / C++ code style
[9.166s] -- Configured uncrustify additional arguments: 
[9.167s] -- Added test 'xmllint' to check XML markup files
[9.178s] -- Configuring done
[9.311s] -- Generating done
[9.315s] -- Build files have been written to: /root/tiago_public_ws/build/plansys2_cascade_example
[9.348s] Invoked command in '/root/tiago_public_ws/build/plansys2_cascade_example' returned '0': CMAKE_PREFIX_PATH=${CMAKE_PREFIX_PATH}:/root/tiago_public_ws/install/launch_pal:/opt/ros/humble /usr/bin/cmake /root/tiago_public_ws/src/ros2_planning_system_examples/plansys2_cascade_example -DAMENT_CMAKE_SYMLINK_INSTALL=1 -DCMAKE_INSTALL_PREFIX=/root/tiago_public_ws/install/plansys2_cascade_example
[9.351s] Invoking command in '/root/tiago_public_ws/build/plansys2_cascade_example': CMAKE_PREFIX_PATH=${CMAKE_PREFIX_PATH}:/root/tiago_public_ws/install/launch_pal:/opt/ros/humble /usr/bin/cmake --build /root/tiago_public_ws/build/plansys2_cascade_example -- -j8 -l8
[9.454s] [ 12%] [32mBuilding CXX object CMakeFiles/move_action_node.dir/src/move_action_node.cpp.o[0m
[9.456s] [ 25%] [32mBuilding CXX object CMakeFiles/charge_action_node.dir/src/charge_action_node.cpp.o[0m
[9.464s] [ 37%] [32mBuilding CXX object CMakeFiles/ask_charge_action_node.dir/src/ask_charge_action_node.cpp.o[0m
[9.477s] [ 50%] [32mBuilding CXX object CMakeFiles/check_obstacles_node.dir/src/check_obstacles_node.cpp.o[0m
[32.008s] [ 62%] [32m[1mLinking CXX executable check_obstacles_node[0m
[34.290s] [ 62%] Built target check_obstacles_node
[42.694s] [ 75%] [32m[1mLinking CXX executable ask_charge_action_node[0m
[43.812s] [ 75%] Built target ask_charge_action_node
[44.310s] [ 87%] [32m[1mLinking CXX executable move_action_node[0m
[45.024s] [100%] [32m[1mLinking CXX executable charge_action_node[0m
[45.130s] [100%] Built target move_action_node
[45.683s] [100%] Built target charge_action_node
