[0.326s] Invoking command in '/root/tiago_public_ws/build/pal_gazebo_worlds': CMAKE_PREFIX_PATH=/opt/ros/humble /usr/bin/cmake /root/tiago_public_ws/src/pal_gazebo_worlds -DCMAKE_INSTALL_PREFIX=/root/tiago_public_ws/install/pal_gazebo_worlds
[0.520s] -- Found ament_cmake_auto: 1.3.10 (/opt/ros/humble/share/ament_cmake_auto/cmake)
[1.655s] -- Override CMake install command with custom implementation using symlinks instead of copying resources
[9.288s] -- Found ament_lint_auto: 0.12.11 (/opt/ros/humble/share/ament_lint_auto/cmake)
[9.629s] -- Added test 'copyright' to check source files copyright and LICENSE
[9.796s] -- Added test 'flake8' to check Python code syntax and style conventions
[9.815s] -- Added test 'lint_cmake' to check CMake code style
[9.821s] -- Added test 'pep257' to check Python code against some of the docstring style conventions in PEP 257
[9.880s] -- Added test 'xmllint' to check XML markup files
[9.896s] -- Configuring done
[9.924s] -- Generating done
[9.936s] -- Build files have been written to: /root/tiago_public_ws/build/pal_gazebo_worlds
[9.972s] Invoked command in '/root/tiago_public_ws/build/pal_gazebo_worlds' returned '0': CMAKE_PREFIX_PATH=/opt/ros/humble /usr/bin/cmake /root/tiago_public_ws/src/pal_gazebo_worlds -DCMAKE_INSTALL_PREFIX=/root/tiago_public_ws/install/pal_gazebo_worlds
[9.973s] Invoking command in '/root/tiago_public_ws/build/pal_gazebo_worlds': CMAKE_PREFIX_PATH=/opt/ros/humble /usr/bin/cmake --build /root/tiago_public_ws/build/pal_gazebo_worlds -- -j8 -l8
[10.133s] Invoked command in '/root/tiago_public_ws/build/pal_gazebo_worlds' returned '0': CMAKE_PREFIX_PATH=/opt/ros/humble /usr/bin/cmake --build /root/tiago_public_ws/build/pal_gazebo_worlds -- -j8 -l8
[10.357s] Invoking command in '/root/tiago_public_ws/build/pal_gazebo_worlds': CMAKE_PREFIX_PATH=/opt/ros/humble /usr/bin/cmake --install /root/tiago_public_ws/build/pal_gazebo_worlds
[10.376s] -- Install configuration: ""
[10.381s] -- Execute custom install script
[10.391s] -- Up-to-date symlink: /root/tiago_public_ws/install/pal_gazebo_worlds/share/pal_gazebo_worlds/config/gazebo_params.yaml
[10.403s] -- Up-to-date symlink: /root/tiago_public_ws/install/pal_gazebo_worlds/share/pal_gazebo_worlds/launch/pal_gazebo.launch.py
[10.409s] -- Up-to-date symlink: /root/tiago_public_ws/install/pal_gazebo_worlds/share/pal_gazebo_worlds/models/arm_chair/arm_chair.sdf
[10.410s] -- Up-to-date symlink: /root/tiago_public_ws/install/pal_gazebo_worlds/share/pal_gazebo_worlds/models/arm_chair/meshes/arm_chair.stl
[10.410s] -- Up-to-date symlink: /root/tiago_public_ws/install/pal_gazebo_worlds/share/pal_gazebo_worlds/models/arm_chair/model.config
[10.411s] -- Up-to-date symlink: /root/tiago_public_ws/install/pal_gazebo_worlds/share/pal_gazebo_worlds/models/aruco_board/aruco_board.sdf
[10.412s] -- Up-to-date symlink: /root/tiago_public_ws/install/pal_gazebo_worlds/share/pal_gazebo_worlds/models/aruco_board/material/scripts/aruco_board.material
[10.415s] -- Up-to-date symlink: /root/tiago_public_ws/install/pal_gazebo_worlds/share/pal_gazebo_worlds/models/aruco_board/material/textures/aruco_board.png
[10.416s] -- Up-to-date symlink: /root/tiago_public_ws/install/pal_gazebo_worlds/share/pal_gazebo_worlds/models/aruco_board/model.config
[10.422s] -- Up-to-date symlink: /root/tiago_public_ws/install/pal_gazebo_worlds/share/pal_gazebo_worlds/models/aruco_cube/aruco_cube.sdf
[10.424s] -- Up-to-date symlink: /root/tiago_public_ws/install/pal_gazebo_worlds/share/pal_gazebo_worlds/models/aruco_cube/meshes/aruco_cube_5cm.dae
[10.425s] -- Up-to-date symlink: /root/tiago_public_ws/install/pal_gazebo_worlds/share/pal_gazebo_worlds/models/aruco_cube/meshes/aruco_cube_6cm.dae
[10.426s] -- Up-to-date symlink: /root/tiago_public_ws/install/pal_gazebo_worlds/share/pal_gazebo_worlds/models/aruco_cube/meshes/aruco_cube_8cm.dae
[10.426s] -- Up-to-date symlink: /root/tiago_public_ws/install/pal_gazebo_worlds/share/pal_gazebo_worlds/models/aruco_cube/meshes/marker582.png
[10.427s] -- Up-to-date symlink: /root/tiago_public_ws/install/pal_gazebo_worlds/share/pal_gazebo_worlds/models/aruco_cube/meshes/marker582_small_margin.png
[10.428s] -- Up-to-date symlink: /root/tiago_public_ws/install/pal_gazebo_worlds/share/pal_gazebo_worlds/models/aruco_cube/model.config
[10.428s] -- Up-to-date symlink: /root/tiago_public_ws/install/pal_gazebo_worlds/share/pal_gazebo_worlds/models/aruco_marker_0/materials/scripts/aruco_marker_0.material
[10.429s] -- Up-to-date symlink: /root/tiago_public_ws/install/pal_gazebo_worlds/share/pal_gazebo_worlds/models/aruco_marker_0/materials/textures/aruco_marker_0.png
[10.429s] -- Up-to-date symlink: /root/tiago_public_ws/install/pal_gazebo_worlds/share/pal_gazebo_worlds/models/aruco_marker_0/model.config
[10.430s] -- Up-to-date symlink: /root/tiago_public_ws/install/pal_gazebo_worlds/share/pal_gazebo_worlds/models/aruco_marker_0/model.sdf
[10.430s] -- Up-to-date symlink: /root/tiago_public_ws/install/pal_gazebo_worlds/share/pal_gazebo_worlds/models/aruco_marker_20/materials/scripts/aruco_marker_20.material
[10.431s] -- Up-to-date symlink: /root/tiago_public_ws/install/pal_gazebo_worlds/share/pal_gazebo_worlds/models/aruco_marker_20/materials/textures/aruco_marker_20.png
[10.432s] -- Up-to-date symlink: /root/tiago_public_ws/install/pal_gazebo_worlds/share/pal_gazebo_worlds/models/aruco_marker_20/model.config
[10.432s] -- Up-to-date symlink: /root/tiago_public_ws/install/pal_gazebo_worlds/share/pal_gazebo_worlds/models/aruco_marker_20/model.sdf
[10.433s] -- Up-to-date symlink: /root/tiago_public_ws/install/pal_gazebo_worlds/share/pal_gazebo_worlds/models/aruco_marker_250_6x6_1/aruco_marker_250_6x6.sdf
[10.434s] -- Up-to-date symlink: /root/tiago_public_ws/install/pal_gazebo_worlds/share/pal_gazebo_worlds/models/aruco_marker_250_6x6_1/material/scripts/aruco_marker_250_6x6.material
[10.435s] -- Up-to-date symlink: /root/tiago_public_ws/install/pal_gazebo_worlds/share/pal_gazebo_worlds/models/aruco_marker_250_6x6_1/material/textures/Aruco_6x6_250_0.png
[10.436s] -- Up-to-date symlink: /root/tiago_public_ws/install/pal_gazebo_worlds/share/pal_gazebo_worlds/models/aruco_marker_250_6x6_1/model.config
[10.439s] -- Up-to-date symlink: /root/tiago_public_ws/install/pal_gazebo_worlds/share/pal_gazebo_worlds/models/aruco_marker_250_6x6_2/aruco_marker_250_6x6.sdf
[10.440s] -- Up-to-date symlink: /root/tiago_public_ws/install/pal_gazebo_worlds/share/pal_gazebo_worlds/models/aruco_marker_250_6x6_2/material/scripts/aruco_marker_250_6x6.material
[10.446s] -- Up-to-date symlink: /root/tiago_public_ws/install/pal_gazebo_worlds/share/pal_gazebo_worlds/models/aruco_marker_250_6x6_2/material/textures/Aruco_6x6_250_1.png
[10.446s] -- Up-to-date symlink: /root/tiago_public_ws/install/pal_gazebo_worlds/share/pal_gazebo_worlds/models/aruco_marker_250_6x6_2/model.config
[10.447s] -- Up-to-date symlink: /root/tiago_public_ws/install/pal_gazebo_worlds/share/pal_gazebo_worlds/models/aruco_marker_250_6x6_3/aruco_marker_250_6x6.sdf
[10.448s] -- Up-to-date symlink: /root/tiago_public_ws/install/pal_gazebo_worlds/share/pal_gazebo_worlds/models/aruco_marker_250_6x6_3/material/scripts/aruco_marker_250_6x6.material
[10.449s] -- Up-to-date symlink: /root/tiago_public_ws/install/pal_gazebo_worlds/share/pal_gazebo_worlds/models/aruco_marker_250_6x6_3/material/textures/Aruco_6x6_250_2.png
[10.449s] -- Up-to-date symlink: /root/tiago_public_ws/install/pal_gazebo_worlds/share/pal_gazebo_worlds/models/aruco_marker_250_6x6_3/model.config
[10.449s] -- Up-to-date symlink: /root/tiago_public_ws/install/pal_gazebo_worlds/share/pal_gazebo_worlds/models/aruco_marker_250_6x6_4/aruco_marker_250_6x6.sdf
[10.449s] -- Up-to-date symlink: /root/tiago_public_ws/install/pal_gazebo_worlds/share/pal_gazebo_worlds/models/aruco_marker_250_6x6_4/material/scripts/aruco_marker_250_6x6.material
[10.450s] -- Up-to-date symlink: /root/tiago_public_ws/install/pal_gazebo_worlds/share/pal_gazebo_worlds/models/aruco_marker_250_6x6_4/material/textures/Aruco_6x6_250_3.png
[10.450s] -- Up-to-date symlink: /root/tiago_public_ws/install/pal_gazebo_worlds/share/pal_gazebo_worlds/models/aruco_marker_250_6x6_4/model.config
[10.450s] -- Up-to-date symlink: /root/tiago_public_ws/install/pal_gazebo_worlds/share/pal_gazebo_worlds/models/aruco_marker_6cm_238/aruco_marker_6cm.sdf
[10.451s] -- Up-to-date symlink: /root/tiago_public_ws/install/pal_gazebo_worlds/share/pal_gazebo_worlds/models/aruco_marker_6cm_238/material/scripts/aruco_marker_original.material
[10.451s] -- Up-to-date symlink: /root/tiago_public_ws/install/pal_gazebo_worlds/share/pal_gazebo_worlds/models/aruco_marker_6cm_238/material/textures/Aruco_6cm_238.png
[10.451s] -- Up-to-date symlink: /root/tiago_public_ws/install/pal_gazebo_worlds/share/pal_gazebo_worlds/models/aruco_marker_6cm_238/model.config
[10.455s] -- Up-to-date symlink: /root/tiago_public_ws/install/pal_gazebo_worlds/share/pal_gazebo_worlds/models/aruco_marker_6cm_26/aruco_marker_6cm.sdf
[10.455s] -- Up-to-date symlink: /root/tiago_public_ws/install/pal_gazebo_worlds/share/pal_gazebo_worlds/models/aruco_marker_6cm_26/material/scripts/aruco_marker_original.material
[10.455s] -- Up-to-date symlink: /root/tiago_public_ws/install/pal_gazebo_worlds/share/pal_gazebo_worlds/models/aruco_marker_6cm_26/material/textures/Aruco_6cm_26.png
[10.456s] -- Up-to-date symlink: /root/tiago_public_ws/install/pal_gazebo_worlds/share/pal_gazebo_worlds/models/aruco_marker_6cm_26/model.config
[10.456s] -- Up-to-date symlink: /root/tiago_public_ws/install/pal_gazebo_worlds/share/pal_gazebo_worlds/models/aruco_marker_6cm_582/aruco_marker_6cm.sdf
[10.456s] -- Up-to-date symlink: /root/tiago_public_ws/install/pal_gazebo_worlds/share/pal_gazebo_worlds/models/aruco_marker_6cm_582/material/scripts/aruco_marker_original.material
[10.456s] -- Up-to-date symlink: /root/tiago_public_ws/install/pal_gazebo_worlds/share/pal_gazebo_worlds/models/aruco_marker_6cm_582/material/textures/Aruco_6cm_582.png
[10.456s] -- Up-to-date symlink: /root/tiago_public_ws/install/pal_gazebo_worlds/share/pal_gazebo_worlds/models/aruco_marker_6cm_582/model.config
[10.456s] -- Up-to-date symlink: /root/tiago_public_ws/install/pal_gazebo_worlds/share/pal_gazebo_worlds/models/aruco_marker_6cm_63/aruco_marker_6cm.sdf
[10.458s] -- Up-to-date symlink: /root/tiago_public_ws/install/pal_gazebo_worlds/share/pal_gazebo_worlds/models/aruco_marker_6cm_63/material/scripts/aruco_marker_original.material
[10.458s] -- Up-to-date symlink: /root/tiago_public_ws/install/pal_gazebo_worlds/share/pal_gazebo_worlds/models/aruco_marker_6cm_63/material/textures/Aruco_6cm_63.png
[10.461s] -- Up-to-date symlink: /root/tiago_public_ws/install/pal_gazebo_worlds/share/pal_gazebo_worlds/models/aruco_marker_6cm_63/model.config
[10.463s] -- Up-to-date symlink: /root/tiago_public_ws/install/pal_gazebo_worlds/share/pal_gazebo_worlds/models/aruco_marker_9cm_238/aruco_marker_9cm.sdf
[10.464s] -- Up-to-date symlink: /root/tiago_public_ws/install/pal_gazebo_worlds/share/pal_gazebo_worlds/models/aruco_marker_9cm_238/material/scripts/aruco_marker_original.material
[10.464s] -- Up-to-date symlink: /root/tiago_public_ws/install/pal_gazebo_worlds/share/pal_gazebo_worlds/models/aruco_marker_9cm_238/material/textures/Aruco_9cm_238.png
[10.465s] -- Up-to-date symlink: /root/tiago_public_ws/install/pal_gazebo_worlds/share/pal_gazebo_worlds/models/aruco_marker_9cm_238/model.config
[10.465s] -- Up-to-date symlink: /root/tiago_public_ws/install/pal_gazebo_worlds/share/pal_gazebo_worlds/models/aruco_marker_9cm_26/aruco_marker_9cm.sdf
[10.466s] -- Up-to-date symlink: /root/tiago_public_ws/install/pal_gazebo_worlds/share/pal_gazebo_worlds/models/aruco_marker_9cm_26/material/scripts/aruco_marker_original.material
[10.467s] -- Up-to-date symlink: /root/tiago_public_ws/install/pal_gazebo_worlds/share/pal_gazebo_worlds/models/aruco_marker_9cm_26/material/textures/Aruco_9cm_26.png
[10.467s] -- Up-to-date symlink: /root/tiago_public_ws/install/pal_gazebo_worlds/share/pal_gazebo_worlds/models/aruco_marker_9cm_26/model.config
[10.468s] -- Up-to-date symlink: /root/tiago_public_ws/install/pal_gazebo_worlds/share/pal_gazebo_worlds/models/aruco_marker_9cm_582/aruco_marker_9cm.sdf
[10.468s] -- Up-to-date symlink: /root/tiago_public_ws/install/pal_gazebo_worlds/share/pal_gazebo_worlds/models/aruco_marker_9cm_582/material/scripts/aruco_marker_original.material
[10.469s] -- Up-to-date symlink: /root/tiago_public_ws/install/pal_gazebo_worlds/share/pal_gazebo_worlds/models/aruco_marker_9cm_582/material/textures/Aruco_9cm_582.png
[10.470s] -- Up-to-date symlink: /root/tiago_public_ws/install/pal_gazebo_worlds/share/pal_gazebo_worlds/models/aruco_marker_9cm_582/model.config
[10.473s] -- Up-to-date symlink: /root/tiago_public_ws/install/pal_gazebo_worlds/share/pal_gazebo_worlds/models/aruco_marker_9cm_63/aruco_marker_9cm.sdf
[10.475s] -- Up-to-date symlink: /root/tiago_public_ws/install/pal_gazebo_worlds/share/pal_gazebo_worlds/models/aruco_marker_9cm_63/material/scripts/aruco_marker_original.material
[10.476s] -- Up-to-date symlink: /root/tiago_public_ws/install/pal_gazebo_worlds/share/pal_gazebo_worlds/models/aruco_marker_9cm_63/material/textures/Aruco_9cm_63.png
[10.477s] -- Up-to-date symlink: /root/tiago_public_ws/install/pal_gazebo_worlds/share/pal_gazebo_worlds/models/aruco_marker_9cm_63/model.config
[10.480s] -- Up-to-date symlink: /root/tiago_public_ws/install/pal_gazebo_worlds/share/pal_gazebo_worlds/models/aruco_marker_original_238/aruco_marker_original.sdf
[10.480s] -- Up-to-date symlink: /root/tiago_public_ws/install/pal_gazebo_worlds/share/pal_gazebo_worlds/models/aruco_marker_original_238/material/scripts/aruco_marker_original.material
[10.481s] -- Up-to-date symlink: /root/tiago_public_ws/install/pal_gazebo_worlds/share/pal_gazebo_worlds/models/aruco_marker_original_238/material/textures/Aruco_original_238.png
[10.481s] -- Up-to-date symlink: /root/tiago_public_ws/install/pal_gazebo_worlds/share/pal_gazebo_worlds/models/aruco_marker_original_238/model.config
[10.483s] -- Up-to-date symlink: /root/tiago_public_ws/install/pal_gazebo_worlds/share/pal_gazebo_worlds/models/aruco_marker_original_26/aruco_marker_original.sdf
[10.484s] -- Up-to-date symlink: /root/tiago_public_ws/install/pal_gazebo_worlds/share/pal_gazebo_worlds/models/aruco_marker_original_26/material/scripts/aruco_marker_original.material
[10.485s] -- Up-to-date symlink: /root/tiago_public_ws/install/pal_gazebo_worlds/share/pal_gazebo_worlds/models/aruco_marker_original_26/material/textures/Aruco_original_26.png
[10.487s] -- Up-to-date symlink: /root/tiago_public_ws/install/pal_gazebo_worlds/share/pal_gazebo_worlds/models/aruco_marker_original_26/model.config
[10.488s] -- Up-to-date symlink: /root/tiago_public_ws/install/pal_gazebo_worlds/share/pal_gazebo_worlds/models/aruco_marker_original_582/aruco_marker_original.sdf
[10.489s] -- Up-to-date symlink: /root/tiago_public_ws/install/pal_gazebo_worlds/share/pal_gazebo_worlds/models/aruco_marker_original_582/material/scripts/aruco_marker_original.material
[10.490s] -- Up-to-date symlink: /root/tiago_public_ws/install/pal_gazebo_worlds/share/pal_gazebo_worlds/models/aruco_marker_original_582/material/textures/Aruco_original_582.png
[10.491s] -- Up-to-date symlink: /root/tiago_public_ws/install/pal_gazebo_worlds/share/pal_gazebo_worlds/models/aruco_marker_original_582/model.config
[10.492s] -- Up-to-date symlink: /root/tiago_public_ws/install/pal_gazebo_worlds/share/pal_gazebo_worlds/models/aruco_marker_original_63/aruco_marker_original.sdf
[10.494s] -- Up-to-date symlink: /root/tiago_public_ws/install/pal_gazebo_worlds/share/pal_gazebo_worlds/models/aruco_marker_original_63/material/scripts/aruco_marker_original.material
[10.495s] -- Up-to-date symlink: /root/tiago_public_ws/install/pal_gazebo_worlds/share/pal_gazebo_worlds/models/aruco_marker_original_63/material/textures/Aruco_original_63.png
[10.498s] -- Up-to-date symlink: /root/tiago_public_ws/install/pal_gazebo_worlds/share/pal_gazebo_worlds/models/aruco_marker_original_63/model.config
[10.499s] -- Up-to-date symlink: /root/tiago_public_ws/install/pal_gazebo_worlds/share/pal_gazebo_worlds/models/bauman/README
[10.500s] -- Up-to-date symlink: /root/tiago_public_ws/install/pal_gazebo_worlds/share/pal_gazebo_worlds/models/bauman/bauman_walls.png
[10.501s] -- Up-to-date symlink: /root/tiago_public_ws/install/pal_gazebo_worlds/share/pal_gazebo_worlds/models/bauman/model.config
[10.502s] -- Up-to-date symlink: /root/tiago_public_ws/install/pal_gazebo_worlds/share/pal_gazebo_worlds/models/bauman/model.sdf
[10.502s] -- Up-to-date symlink: /root/tiago_public_ws/install/pal_gazebo_worlds/share/pal_gazebo_worlds/models/bench/bench.sdf
[10.503s] -- Up-to-date symlink: /root/tiago_public_ws/install/pal_gazebo_worlds/share/pal_gazebo_worlds/models/bench/meshes/bench.stl
[10.504s] -- Up-to-date symlink: /root/tiago_public_ws/install/pal_gazebo_worlds/share/pal_gazebo_worlds/models/bench/model.config
[10.506s] -- Up-to-date symlink: /root/tiago_public_ws/install/pal_gazebo_worlds/share/pal_gazebo_worlds/models/bifrutas_tropical_can/bifrutas_tropical_can.sdf
[10.508s] -- Up-to-date symlink: /root/tiago_public_ws/install/pal_gazebo_worlds/share/pal_gazebo_worlds/models/bifrutas_tropical_can/material/scripts/bifrutas_tropical_can.material
[10.509s] -- Up-to-date symlink: /root/tiago_public_ws/install/pal_gazebo_worlds/share/pal_gazebo_worlds/models/bifrutas_tropical_can/material/textures/bifrutas_tropical_can.jpg
[10.509s] -- Up-to-date symlink: /root/tiago_public_ws/install/pal_gazebo_worlds/share/pal_gazebo_worlds/models/bifrutas_tropical_can/model.config
[10.510s] -- Up-to-date symlink: /root/tiago_public_ws/install/pal_gazebo_worlds/share/pal_gazebo_worlds/models/biscuits_pack/biscuits_pack.sdf
[10.511s] -- Up-to-date symlink: /root/tiago_public_ws/install/pal_gazebo_worlds/share/pal_gazebo_worlds/models/biscuits_pack/material/scripts/pringles.material
[10.516s] -- Up-to-date symlink: /root/tiago_public_ws/install/pal_gazebo_worlds/share/pal_gazebo_worlds/models/biscuits_pack/material/textures/biscuits_pack.jpg
[10.521s] -- Up-to-date symlink: /root/tiago_public_ws/install/pal_gazebo_worlds/share/pal_gazebo_worlds/models/biscuits_pack/model.config
[10.522s] -- Up-to-date symlink: /root/tiago_public_ws/install/pal_gazebo_worlds/share/pal_gazebo_worlds/models/box_with_handles/box_with_handles.sdf
[10.522s] -- Up-to-date symlink: /root/tiago_public_ws/install/pal_gazebo_worlds/share/pal_gazebo_worlds/models/box_with_handles/material/scripts/aruco_marker_original.material
[10.522s] -- Up-to-date symlink: /root/tiago_public_ws/install/pal_gazebo_worlds/share/pal_gazebo_worlds/models/box_with_handles/material/textures/Aruco_original_582.png
[10.523s] -- Up-to-date symlink: /root/tiago_public_ws/install/pal_gazebo_worlds/share/pal_gazebo_worlds/models/box_with_handles/model.config
[10.523s] -- Up-to-date symlink: /root/tiago_public_ws/install/pal_gazebo_worlds/share/pal_gazebo_worlds/models/brick_box_3x1x3/materials/scripts/brick_box.material
[10.523s] -- Up-to-date symlink: /root/tiago_public_ws/install/pal_gazebo_worlds/share/pal_gazebo_worlds/models/brick_box_3x1x3/materials/textures/simple_box.png
[10.523s] -- Up-to-date symlink: /root/tiago_public_ws/install/pal_gazebo_worlds/share/pal_gazebo_worlds/models/brick_box_3x1x3/meshes/simple_box.dae
[10.523s] -- Up-to-date symlink: /root/tiago_public_ws/install/pal_gazebo_worlds/share/pal_gazebo_worlds/models/brick_box_3x1x3/model-1_3.sdf
[10.524s] -- Up-to-date symlink: /root/tiago_public_ws/install/pal_gazebo_worlds/share/pal_gazebo_worlds/models/brick_box_3x1x3/model-1_4.sdf
[10.524s] -- Up-to-date symlink: /root/tiago_public_ws/install/pal_gazebo_worlds/share/pal_gazebo_worlds/models/brick_box_3x1x3/model.config
[10.524s] -- Up-to-date symlink: /root/tiago_public_ws/install/pal_gazebo_worlds/share/pal_gazebo_worlds/models/brick_box_3x1x3/model.sdf
[10.524s] -- Up-to-date symlink: /root/tiago_public_ws/install/pal_gazebo_worlds/share/pal_gazebo_worlds/models/citizen_extras_female_02/images/_01_-_Default1noCulling.JPG
[10.524s] -- Up-to-date symlink: /root/tiago_public_ws/install/pal_gazebo_worlds/share/pal_gazebo_worlds/models/citizen_extras_female_02/images/_02_-_Default1noCulling.JPG
[10.524s] -- Up-to-date symlink: /root/tiago_public_ws/install/pal_gazebo_worlds/share/pal_gazebo_worlds/models/citizen_extras_female_02/images/_03_-_Default1noCulling.JPG
[10.524s] -- Up-to-date symlink: /root/tiago_public_ws/install/pal_gazebo_worlds/share/pal_gazebo_worlds/models/citizen_extras_female_02/meshes/mesh.dae
[10.524s] -- Up-to-date symlink: /root/tiago_public_ws/install/pal_gazebo_worlds/share/pal_gazebo_worlds/models/citizen_extras_female_02/model.config
[10.524s] -- Up-to-date symlink: /root/tiago_public_ws/install/pal_gazebo_worlds/share/pal_gazebo_worlds/models/citizen_extras_female_02/model.sdf
[10.525s] -- Up-to-date symlink: /root/tiago_public_ws/install/pal_gazebo_worlds/share/pal_gazebo_worlds/models/citizen_extras_female_03/images/Material__1noCulling.JPG
[10.525s] -- Up-to-date symlink: /root/tiago_public_ws/install/pal_gazebo_worlds/share/pal_gazebo_worlds/models/citizen_extras_female_03/images/Material__2noCulling.JPG
[10.525s] -- Up-to-date symlink: /root/tiago_public_ws/install/pal_gazebo_worlds/share/pal_gazebo_worlds/models/citizen_extras_female_03/images/_03_-_Default1noCulling.JPG
[10.525s] -- Up-to-date symlink: /root/tiago_public_ws/install/pal_gazebo_worlds/share/pal_gazebo_worlds/models/citizen_extras_female_03/meshes/mesh.dae
[10.525s] -- Up-to-date symlink: /root/tiago_public_ws/install/pal_gazebo_worlds/share/pal_gazebo_worlds/models/citizen_extras_female_03/model.config
[10.526s] -- Up-to-date symlink: /root/tiago_public_ws/install/pal_gazebo_worlds/share/pal_gazebo_worlds/models/citizen_extras_female_03/model.sdf
[10.526s] -- Up-to-date symlink: /root/tiago_public_ws/install/pal_gazebo_worlds/share/pal_gazebo_worlds/models/citizen_extras_male_03/images/Material__1noCulling.JPG
[10.526s] -- Up-to-date symlink: /root/tiago_public_ws/install/pal_gazebo_worlds/share/pal_gazebo_worlds/models/citizen_extras_male_03/images/hair1noCulling.JPG
[10.526s] -- Up-to-date symlink: /root/tiago_public_ws/install/pal_gazebo_worlds/share/pal_gazebo_worlds/models/citizen_extras_male_03/images/hrad1noCulling.JPG
[10.528s] -- Up-to-date symlink: /root/tiago_public_ws/install/pal_gazebo_worlds/share/pal_gazebo_worlds/models/citizen_extras_male_03/meshes/mesh.dae
[10.528s] -- Up-to-date symlink: /root/tiago_public_ws/install/pal_gazebo_worlds/share/pal_gazebo_worlds/models/citizen_extras_male_03/model.config
[10.530s] -- Up-to-date symlink: /root/tiago_public_ws/install/pal_gazebo_worlds/share/pal_gazebo_worlds/models/citizen_extras_male_03/model.sdf
[10.533s] -- Up-to-date symlink: /root/tiago_public_ws/install/pal_gazebo_worlds/share/pal_gazebo_worlds/models/closet/closet.sdf
[10.535s] -- Up-to-date symlink: /root/tiago_public_ws/install/pal_gazebo_worlds/share/pal_gazebo_worlds/models/closet/meshes/closet.stl
[10.537s] -- Up-to-date symlink: /root/tiago_public_ws/install/pal_gazebo_worlds/share/pal_gazebo_worlds/models/closet/model.config
[10.537s] -- Up-to-date symlink: /root/tiago_public_ws/install/pal_gazebo_worlds/share/pal_gazebo_worlds/models/cocacola/cocacola.sdf
[10.537s] -- Up-to-date symlink: /root/tiago_public_ws/install/pal_gazebo_worlds/share/pal_gazebo_worlds/models/cocacola/material/scripts/cocacola.material
[10.537s] -- Up-to-date symlink: /root/tiago_public_ws/install/pal_gazebo_worlds/share/pal_gazebo_worlds/models/cocacola/material/textures/cocacola.jpg
[10.537s] -- Up-to-date symlink: /root/tiago_public_ws/install/pal_gazebo_worlds/share/pal_gazebo_worlds/models/cocacola/model.config
[10.538s] -- Up-to-date symlink: /root/tiago_public_ws/install/pal_gazebo_worlds/share/pal_gazebo_worlds/models/coke_can_slim/coke_can_slim.sdf
[10.538s] -- Up-to-date symlink: /root/tiago_public_ws/install/pal_gazebo_worlds/share/pal_gazebo_worlds/models/coke_can_slim/material/scripts/coke_can_slim.material
[10.538s] -- Up-to-date symlink: /root/tiago_public_ws/install/pal_gazebo_worlds/share/pal_gazebo_worlds/models/coke_can_slim/material/textures/coke_can_slim.jpg
[10.538s] -- Up-to-date symlink: /root/tiago_public_ws/install/pal_gazebo_worlds/share/pal_gazebo_worlds/models/coke_can_slim/model.config
[10.538s] -- Up-to-date symlink: /root/tiago_public_ws/install/pal_gazebo_worlds/share/pal_gazebo_worlds/models/database.config
[10.545s] -- Up-to-date symlink: /root/tiago_public_ws/install/pal_gazebo_worlds/share/pal_gazebo_worlds/models/dining_chair/dining_chair.sdf
[10.557s] -- Up-to-date symlink: /root/tiago_public_ws/install/pal_gazebo_worlds/share/pal_gazebo_worlds/models/dining_chair/meshes/dining_chair.stl
[10.557s] -- Up-to-date symlink: /root/tiago_public_ws/install/pal_gazebo_worlds/share/pal_gazebo_worlds/models/dining_chair/model.config
[10.557s] -- Up-to-date symlink: /root/tiago_public_ws/install/pal_gazebo_worlds/share/pal_gazebo_worlds/models/dock1/dock1.sdf
[10.558s] -- Up-to-date symlink: /root/tiago_public_ws/install/pal_gazebo_worlds/share/pal_gazebo_worlds/models/dock1/meshes/dock1.dae
[10.558s] -- Up-to-date symlink: /root/tiago_public_ws/install/pal_gazebo_worlds/share/pal_gazebo_worlds/models/dock1/model.config
[10.558s] -- Up-to-date symlink: /root/tiago_public_ws/install/pal_gazebo_worlds/share/pal_gazebo_worlds/models/door_obstacle/door_obstacle.sdf
[10.559s] -- Up-to-date symlink: /root/tiago_public_ws/install/pal_gazebo_worlds/share/pal_gazebo_worlds/models/door_obstacle/model.config
[10.559s] -- Up-to-date symlink: /root/tiago_public_ws/install/pal_gazebo_worlds/share/pal_gazebo_worlds/models/floor_lamp/floor_lamp.sdf
[10.560s] -- Up-to-date symlink: /root/tiago_public_ws/install/pal_gazebo_worlds/share/pal_gazebo_worlds/models/floor_lamp/meshes/floor_lamp.stl
[10.560s] -- Up-to-date symlink: /root/tiago_public_ws/install/pal_gazebo_worlds/share/pal_gazebo_worlds/models/floor_lamp/model.config
[10.560s] -- Up-to-date symlink: /root/tiago_public_ws/install/pal_gazebo_worlds/share/pal_gazebo_worlds/models/goetz_sofa/goetz_sofa.sdf
[10.560s] -- Up-to-date symlink: /root/tiago_public_ws/install/pal_gazebo_worlds/share/pal_gazebo_worlds/models/goetz_sofa/materials/textures/texture0.jpg
[10.561s] -- Up-to-date symlink: /root/tiago_public_ws/install/pal_gazebo_worlds/share/pal_gazebo_worlds/models/goetz_sofa/meshes/goetz_sofa.dae
[10.561s] -- Up-to-date symlink: /root/tiago_public_ws/install/pal_gazebo_worlds/share/pal_gazebo_worlds/models/goetz_sofa/model.config
[10.563s] -- Up-to-date symlink: /root/tiago_public_ws/install/pal_gazebo_worlds/share/pal_gazebo_worlds/models/green_ball/materials/scripts/ball.material
[10.563s] -- Up-to-date symlink: /root/tiago_public_ws/install/pal_gazebo_worlds/share/pal_gazebo_worlds/models/green_ball/model.config
[10.563s] -- Up-to-date symlink: /root/tiago_public_ws/install/pal_gazebo_worlds/share/pal_gazebo_worlds/models/green_ball/model.sdf
[10.564s] -- Up-to-date symlink: /root/tiago_public_ws/install/pal_gazebo_worlds/share/pal_gazebo_worlds/models/green_cube/green_cube.sdf
[10.564s] -- Up-to-date symlink: /root/tiago_public_ws/install/pal_gazebo_worlds/share/pal_gazebo_worlds/models/green_cube/model.config
[10.564s] -- Up-to-date symlink: /root/tiago_public_ws/install/pal_gazebo_worlds/share/pal_gazebo_worlds/models/green_rectangle/green_rectangle.sdf
[10.565s] -- Up-to-date symlink: /root/tiago_public_ws/install/pal_gazebo_worlds/share/pal_gazebo_worlds/models/green_rectangle/model.config
[10.565s] -- Up-to-date symlink: /root/tiago_public_ws/install/pal_gazebo_worlds/share/pal_gazebo_worlds/models/ground_plane/model-1_2.sdf
[10.565s] -- Up-to-date symlink: /root/tiago_public_ws/install/pal_gazebo_worlds/share/pal_gazebo_worlds/models/ground_plane/model-1_3.sdf
[10.565s] -- Up-to-date symlink: /root/tiago_public_ws/install/pal_gazebo_worlds/share/pal_gazebo_worlds/models/ground_plane/model-1_4.sdf
[10.566s] -- Up-to-date symlink: /root/tiago_public_ws/install/pal_gazebo_worlds/share/pal_gazebo_worlds/models/ground_plane/model.config
[10.566s] -- Up-to-date symlink: /root/tiago_public_ws/install/pal_gazebo_worlds/share/pal_gazebo_worlds/models/ground_plane/model.sdf
[10.566s] -- Up-to-date symlink: /root/tiago_public_ws/install/pal_gazebo_worlds/share/pal_gazebo_worlds/models/hospital_flat_map/hospital_flat_map.sdf
[10.566s] -- Up-to-date symlink: /root/tiago_public_ws/install/pal_gazebo_worlds/share/pal_gazebo_worlds/models/hospital_flat_map/meshes/hospital_flat_map.stl
[10.566s] -- Up-to-date symlink: /root/tiago_public_ws/install/pal_gazebo_worlds/share/pal_gazebo_worlds/models/hospital_flat_map/model.config
[10.569s] -- Up-to-date symlink: /root/tiago_public_ws/install/pal_gazebo_worlds/share/pal_gazebo_worlds/models/hospital_map/hospital_map.sdf
[10.569s] -- Up-to-date symlink: /root/tiago_public_ws/install/pal_gazebo_worlds/share/pal_gazebo_worlds/models/hospital_map/meshes/g1.stl
[10.569s] -- Up-to-date symlink: /root/tiago_public_ws/install/pal_gazebo_worlds/share/pal_gazebo_worlds/models/hospital_map/meshes/g2.stl
[10.569s] -- Up-to-date symlink: /root/tiago_public_ws/install/pal_gazebo_worlds/share/pal_gazebo_worlds/models/hospital_map/meshes/g3.stl
[10.570s] -- Up-to-date symlink: /root/tiago_public_ws/install/pal_gazebo_worlds/share/pal_gazebo_worlds/models/hospital_map/meshes/g4.stl
[10.570s] -- Up-to-date symlink: /root/tiago_public_ws/install/pal_gazebo_worlds/share/pal_gazebo_worlds/models/hospital_map/meshes/g5.stl
[10.570s] -- Up-to-date symlink: /root/tiago_public_ws/install/pal_gazebo_worlds/share/pal_gazebo_worlds/models/hospital_map/meshes/g6.stl
[10.571s] -- Up-to-date symlink: /root/tiago_public_ws/install/pal_gazebo_worlds/share/pal_gazebo_worlds/models/hospital_map/meshes/g7.stl
[10.571s] -- Up-to-date symlink: /root/tiago_public_ws/install/pal_gazebo_worlds/share/pal_gazebo_worlds/models/hospital_map/meshes/gr1.stl
[10.571s] -- Up-to-date symlink: /root/tiago_public_ws/install/pal_gazebo_worlds/share/pal_gazebo_worlds/models/hospital_map/meshes/gr2.stl
[10.572s] -- Up-to-date symlink: /root/tiago_public_ws/install/pal_gazebo_worlds/share/pal_gazebo_worlds/models/hospital_map/meshes/gr3.stl
[10.572s] -- Up-to-date symlink: /root/tiago_public_ws/install/pal_gazebo_worlds/share/pal_gazebo_worlds/models/hospital_map/meshes/gr4.stl
[10.572s] -- Up-to-date symlink: /root/tiago_public_ws/install/pal_gazebo_worlds/share/pal_gazebo_worlds/models/hospital_map/meshes/gr5.stl
[10.572s] -- Up-to-date symlink: /root/tiago_public_ws/install/pal_gazebo_worlds/share/pal_gazebo_worlds/models/hospital_map/meshes/gr6.stl
[10.572s] -- Up-to-date symlink: /root/tiago_public_ws/install/pal_gazebo_worlds/share/pal_gazebo_worlds/models/hospital_map/meshes/hospital_map.stl
[10.572s] -- Up-to-date symlink: /root/tiago_public_ws/install/pal_gazebo_worlds/share/pal_gazebo_worlds/models/hospital_map/meshes/w1.stl
[10.573s] -- Up-to-date symlink: /root/tiago_public_ws/install/pal_gazebo_worlds/share/pal_gazebo_worlds/models/hospital_map/meshes/w2.stl
[10.573s] -- Up-to-date symlink: /root/tiago_public_ws/install/pal_gazebo_worlds/share/pal_gazebo_worlds/models/hospital_map/meshes/w3.stl
[10.575s] -- Up-to-date symlink: /root/tiago_public_ws/install/pal_gazebo_worlds/share/pal_gazebo_worlds/models/hospital_map/meshes/w4.stl
[10.575s] -- Up-to-date symlink: /root/tiago_public_ws/install/pal_gazebo_worlds/share/pal_gazebo_worlds/models/hospital_map/meshes/w5.stl
[10.575s] -- Up-to-date symlink: /root/tiago_public_ws/install/pal_gazebo_worlds/share/pal_gazebo_worlds/models/hospital_map/meshes/w6.stl
[10.576s] -- Up-to-date symlink: /root/tiago_public_ws/install/pal_gazebo_worlds/share/pal_gazebo_worlds/models/hospital_map/meshes/w7.stl
[10.576s] -- Up-to-date symlink: /root/tiago_public_ws/install/pal_gazebo_worlds/share/pal_gazebo_worlds/models/hospital_map/meshes/wr1.stl
[10.576s] -- Up-to-date symlink: /root/tiago_public_ws/install/pal_gazebo_worlds/share/pal_gazebo_worlds/models/hospital_map/meshes/wr2.stl
[10.577s] -- Up-to-date symlink: /root/tiago_public_ws/install/pal_gazebo_worlds/share/pal_gazebo_worlds/models/hospital_map/meshes/wr3.stl
[10.577s] -- Up-to-date symlink: /root/tiago_public_ws/install/pal_gazebo_worlds/share/pal_gazebo_worlds/models/hospital_map/meshes/wr4.stl
[10.579s] -- Up-to-date symlink: /root/tiago_public_ws/install/pal_gazebo_worlds/share/pal_gazebo_worlds/models/hospital_map/meshes/wr5.stl
[10.579s] -- Up-to-date symlink: /root/tiago_public_ws/install/pal_gazebo_worlds/share/pal_gazebo_worlds/models/hospital_map/meshes/wr6.stl
[10.579s] -- Up-to-date symlink: /root/tiago_public_ws/install/pal_gazebo_worlds/share/pal_gazebo_worlds/models/hospital_map/model.config
[10.581s] -- Up-to-date symlink: /root/tiago_public_ws/install/pal_gazebo_worlds/share/pal_gazebo_worlds/models/ideal_sun/model.config
[10.581s] -- Up-to-date symlink: /root/tiago_public_ws/install/pal_gazebo_worlds/share/pal_gazebo_worlds/models/ideal_sun/model.sdf
[10.581s] -- Up-to-date symlink: /root/tiago_public_ws/install/pal_gazebo_worlds/share/pal_gazebo_worlds/models/ikea_ektorp_chair/meshes/IKE06001.JPG
[10.581s] -- Up-to-date symlink: /root/tiago_public_ws/install/pal_gazebo_worlds/share/pal_gazebo_worlds/models/ikea_ektorp_chair/meshes/mesh.dae
[10.581s] -- Up-to-date symlink: /root/tiago_public_ws/install/pal_gazebo_worlds/share/pal_gazebo_worlds/models/ikea_ektorp_chair/model.config
[10.581s] -- Up-to-date symlink: /root/tiago_public_ws/install/pal_gazebo_worlds/share/pal_gazebo_worlds/models/ikea_ektorp_chair/model.sdf
[10.582s] -- Up-to-date symlink: /root/tiago_public_ws/install/pal_gazebo_worlds/share/pal_gazebo_worlds/models/ikea_folke_chair/meshes/mesh.dae
[10.582s] -- Up-to-date symlink: /root/tiago_public_ws/install/pal_gazebo_worlds/share/pal_gazebo_worlds/models/ikea_folke_chair/meshes/notexture.png
[10.582s] -- Up-to-date symlink: /root/tiago_public_ws/install/pal_gazebo_worlds/share/pal_gazebo_worlds/models/ikea_folke_chair/meshes/texture.png
[10.582s] -- Up-to-date symlink: /root/tiago_public_ws/install/pal_gazebo_worlds/share/pal_gazebo_worlds/models/ikea_folke_chair/model.config
[10.584s] -- Up-to-date symlink: /root/tiago_public_ws/install/pal_gazebo_worlds/share/pal_gazebo_worlds/models/ikea_folke_chair/model.sdf
[10.585s] -- Up-to-date symlink: /root/tiago_public_ws/install/pal_gazebo_worlds/share/pal_gazebo_worlds/models/ikea_harry_chair/meshes/body.png
[10.587s] -- Up-to-date symlink: /root/tiago_public_ws/install/pal_gazebo_worlds/share/pal_gazebo_worlds/models/ikea_harry_chair/meshes/legs.png
[10.587s] -- Up-to-date symlink: /root/tiago_public_ws/install/pal_gazebo_worlds/share/pal_gazebo_worlds/models/ikea_harry_chair/meshes/mesh.dae
[10.587s] -- Up-to-date symlink: /root/tiago_public_ws/install/pal_gazebo_worlds/share/pal_gazebo_worlds/models/ikea_harry_chair/model.config
[10.587s] -- Up-to-date symlink: /root/tiago_public_ws/install/pal_gazebo_worlds/share/pal_gazebo_worlds/models/ikea_harry_chair/model.sdf
[10.588s] -- Up-to-date symlink: /root/tiago_public_ws/install/pal_gazebo_worlds/share/pal_gazebo_worlds/models/ikea_stefan_chair/meshes/mesh.dae
[10.589s] -- Up-to-date symlink: /root/tiago_public_ws/install/pal_gazebo_worlds/share/pal_gazebo_worlds/models/ikea_stefan_chair/model.config
[10.592s] -- Up-to-date symlink: /root/tiago_public_ws/install/pal_gazebo_worlds/share/pal_gazebo_worlds/models/ikea_stefan_chair/model.sdf
[10.593s] -- Up-to-date symlink: /root/tiago_public_ws/install/pal_gazebo_worlds/share/pal_gazebo_worlds/models/ikea_urban_chair/meshes/mesh.dae
[10.597s] -- Up-to-date symlink: /root/tiago_public_ws/install/pal_gazebo_worlds/share/pal_gazebo_worlds/models/ikea_urban_chair/meshes/notexture.png
[10.598s] -- Up-to-date symlink: /root/tiago_public_ws/install/pal_gazebo_worlds/share/pal_gazebo_worlds/models/ikea_urban_chair/model.config
[10.598s] -- Up-to-date symlink: /root/tiago_public_ws/install/pal_gazebo_worlds/share/pal_gazebo_worlds/models/ikea_urban_chair/model.sdf
[10.602s] -- Up-to-date symlink: /root/tiago_public_ws/install/pal_gazebo_worlds/share/pal_gazebo_worlds/models/kitchen_chair/kitchen_chair.sdf
[10.605s] -- Up-to-date symlink: /root/tiago_public_ws/install/pal_gazebo_worlds/share/pal_gazebo_worlds/models/kitchen_chair/meshes/kitchen_chair.stl
[10.606s] -- Up-to-date symlink: /root/tiago_public_ws/install/pal_gazebo_worlds/share/pal_gazebo_worlds/models/kitchen_chair/model.config
[10.606s] -- Up-to-date symlink: /root/tiago_public_ws/install/pal_gazebo_worlds/share/pal_gazebo_worlds/models/kitchen_table/kitchen_table.sdf
[10.606s] -- Up-to-date symlink: /root/tiago_public_ws/install/pal_gazebo_worlds/share/pal_gazebo_worlds/models/kitchen_table/meshes/kitchen_table.stl
[10.606s] -- Up-to-date symlink: /root/tiago_public_ws/install/pal_gazebo_worlds/share/pal_gazebo_worlds/models/kitchen_table/model.config
[10.606s] -- Up-to-date symlink: /root/tiago_public_ws/install/pal_gazebo_worlds/share/pal_gazebo_worlds/models/lamp/lamp.sdf
[10.606s] -- Up-to-date symlink: /root/tiago_public_ws/install/pal_gazebo_worlds/share/pal_gazebo_worlds/models/lamp/meshes/lamp.stl
[10.606s] -- Up-to-date symlink: /root/tiago_public_ws/install/pal_gazebo_worlds/share/pal_gazebo_worlds/models/lamp/model.config
[10.606s] -- Up-to-date symlink: /root/tiago_public_ws/install/pal_gazebo_worlds/share/pal_gazebo_worlds/models/macrolink_small_table/model.config
[10.607s] -- Up-to-date symlink: /root/tiago_public_ws/install/pal_gazebo_worlds/share/pal_gazebo_worlds/models/macrolink_small_table/table.sdf
[10.607s] -- Up-to-date symlink: /root/tiago_public_ws/install/pal_gazebo_worlds/share/pal_gazebo_worlds/models/macrolink_table/model.config
[10.607s] -- Up-to-date symlink: /root/tiago_public_ws/install/pal_gazebo_worlds/share/pal_gazebo_worlds/models/macrolink_table/table.sdf
[10.607s] -- Up-to-date symlink: /root/tiago_public_ws/install/pal_gazebo_worlds/share/pal_gazebo_worlds/models/marker26_8cm/marker26_8cm.sdf
[10.607s] -- Up-to-date symlink: /root/tiago_public_ws/install/pal_gazebo_worlds/share/pal_gazebo_worlds/models/marker26_8cm/material/scripts/marker26_8cm.material
[10.608s] -- Up-to-date symlink: /root/tiago_public_ws/install/pal_gazebo_worlds/share/pal_gazebo_worlds/models/marker26_8cm/material/textures/aruco-26_8cm.png
[10.608s] -- Up-to-date symlink: /root/tiago_public_ws/install/pal_gazebo_worlds/share/pal_gazebo_worlds/models/marker26_8cm/model.config
[10.608s] -- Up-to-date symlink: /root/tiago_public_ws/install/pal_gazebo_worlds/share/pal_gazebo_worlds/models/pal_poster/material/scripts/pal_poster.material
[10.608s] -- Up-to-date symlink: /root/tiago_public_ws/install/pal_gazebo_worlds/share/pal_gazebo_worlds/models/pal_poster/material/textures/pal_poster.jpg
[10.608s] -- Up-to-date symlink: /root/tiago_public_ws/install/pal_gazebo_worlds/share/pal_gazebo_worlds/models/pal_poster/model.config
[10.608s] -- Up-to-date symlink: /root/tiago_public_ws/install/pal_gazebo_worlds/share/pal_gazebo_worlds/models/pal_poster/pal_poster.sdf
[10.610s] -- Up-to-date symlink: /root/tiago_public_ws/install/pal_gazebo_worlds/share/pal_gazebo_worlds/models/pal_textured_object/material/scripts/pal_textured_object.material
[10.620s] -- Up-to-date symlink: /root/tiago_public_ws/install/pal_gazebo_worlds/share/pal_gazebo_worlds/models/pal_textured_object/material/textures/pal_textured_object.png
[10.623s] -- Up-to-date symlink: /root/tiago_public_ws/install/pal_gazebo_worlds/share/pal_gazebo_worlds/models/pal_textured_object/model.config
[10.624s] -- Up-to-date symlink: /root/tiago_public_ws/install/pal_gazebo_worlds/share/pal_gazebo_worlds/models/pal_textured_object/pal_textured_object.sdf
[10.624s] -- Up-to-date symlink: /root/tiago_public_ws/install/pal_gazebo_worlds/share/pal_gazebo_worlds/models/pringles/material/scripts/pringles.material
[10.625s] -- Up-to-date symlink: /root/tiago_public_ws/install/pal_gazebo_worlds/share/pal_gazebo_worlds/models/pringles/material/textures/pringles.jpg
[10.625s] -- Up-to-date symlink: /root/tiago_public_ws/install/pal_gazebo_worlds/share/pal_gazebo_worlds/models/pringles/model.config
[10.625s] -- Up-to-date symlink: /root/tiago_public_ws/install/pal_gazebo_worlds/share/pal_gazebo_worlds/models/pringles/pringles.sdf
[10.625s] -- Up-to-date symlink: /root/tiago_public_ws/install/pal_gazebo_worlds/share/pal_gazebo_worlds/models/pringles2/material/scripts/pringles2.material
[10.625s] -- Up-to-date symlink: /root/tiago_public_ws/install/pal_gazebo_worlds/share/pal_gazebo_worlds/models/pringles2/material/textures/pringles2.jpg
[10.626s] -- Up-to-date symlink: /root/tiago_public_ws/install/pal_gazebo_worlds/share/pal_gazebo_worlds/models/pringles2/model.config
[10.626s] -- Up-to-date symlink: /root/tiago_public_ws/install/pal_gazebo_worlds/share/pal_gazebo_worlds/models/pringles2/pringles2.sdf
[10.626s] -- Up-to-date symlink: /root/tiago_public_ws/install/pal_gazebo_worlds/share/pal_gazebo_worlds/models/reemc_bookshelf/bookshelf.sdf
[10.626s] -- Up-to-date symlink: /root/tiago_public_ws/install/pal_gazebo_worlds/share/pal_gazebo_worlds/models/reemc_bookshelf/model.config
[10.626s] -- Up-to-date symlink: /root/tiago_public_ws/install/pal_gazebo_worlds/share/pal_gazebo_worlds/models/reemc_cabinet/cabinet.sdf
[10.626s] -- Up-to-date symlink: /root/tiago_public_ws/install/pal_gazebo_worlds/share/pal_gazebo_worlds/models/reemc_cabinet/model.config
[10.627s] -- Up-to-date symlink: /root/tiago_public_ws/install/pal_gazebo_worlds/share/pal_gazebo_worlds/models/reemc_table/model.config
[10.627s] -- Up-to-date symlink: /root/tiago_public_ws/install/pal_gazebo_worlds/share/pal_gazebo_worlds/models/reemc_table/table.sdf
[10.627s] -- Up-to-date symlink: /root/tiago_public_ws/install/pal_gazebo_worlds/share/pal_gazebo_worlds/models/reemc_textured_object/meshes/mesh.dae
[10.628s] -- Up-to-date symlink: /root/tiago_public_ws/install/pal_gazebo_worlds/share/pal_gazebo_worlds/models/reemc_textured_object/meshes/texture.jpg
[10.641s] -- Up-to-date symlink: /root/tiago_public_ws/install/pal_gazebo_worlds/share/pal_gazebo_worlds/models/reemc_textured_object/model.config
[10.641s] -- Up-to-date symlink: /root/tiago_public_ws/install/pal_gazebo_worlds/share/pal_gazebo_worlds/models/reemc_textured_object/model.sdf
[10.642s] -- Up-to-date symlink: /root/tiago_public_ws/install/pal_gazebo_worlds/share/pal_gazebo_worlds/models/reemc_textured_object_nograv/model.config
[10.642s] -- Up-to-date symlink: /root/tiago_public_ws/install/pal_gazebo_worlds/share/pal_gazebo_worlds/models/reemc_textured_object_nograv/model.sdf
[10.643s] -- Up-to-date symlink: /root/tiago_public_ws/install/pal_gazebo_worlds/share/pal_gazebo_worlds/models/reemc_walls/model.config
[10.643s] -- Up-to-date symlink: /root/tiago_public_ws/install/pal_gazebo_worlds/share/pal_gazebo_worlds/models/reemc_walls/walls.sdf
[10.643s] -- Up-to-date symlink: /root/tiago_public_ws/install/pal_gazebo_worlds/share/pal_gazebo_worlds/models/reviews_table/meshes/reviews_table.stl
[10.643s] -- Up-to-date symlink: /root/tiago_public_ws/install/pal_gazebo_worlds/share/pal_gazebo_worlds/models/reviews_table/model.config
[10.643s] -- Up-to-date symlink: /root/tiago_public_ws/install/pal_gazebo_worlds/share/pal_gazebo_worlds/models/reviews_table/reviews_table.sdf
[10.643s] -- Up-to-date symlink: /root/tiago_public_ws/install/pal_gazebo_worlds/share/pal_gazebo_worlds/models/robocup_walls_70cm_doors/house_walls.sdf
[10.643s] -- Up-to-date symlink: /root/tiago_public_ws/install/pal_gazebo_worlds/share/pal_gazebo_worlds/models/robocup_walls_70cm_doors/meshes/robocup_house.stl
[10.644s] -- Up-to-date symlink: /root/tiago_public_ws/install/pal_gazebo_worlds/share/pal_gazebo_worlds/models/robocup_walls_70cm_doors/model.config
[10.644s] -- Up-to-date symlink: /root/tiago_public_ws/install/pal_gazebo_worlds/share/pal_gazebo_worlds/models/rockin_camp/README
[10.644s] -- Up-to-date symlink: /root/tiago_public_ws/install/pal_gazebo_worlds/share/pal_gazebo_worlds/models/rockin_camp/model.config
[10.644s] -- Up-to-date symlink: /root/tiago_public_ws/install/pal_gazebo_worlds/share/pal_gazebo_worlds/models/rockin_camp/model.sdf
[10.644s] -- Up-to-date symlink: /root/tiago_public_ws/install/pal_gazebo_worlds/share/pal_gazebo_worlds/models/rockin_camp/rockin_camp.png
[10.644s] -- Up-to-date symlink: /root/tiago_public_ws/install/pal_gazebo_worlds/share/pal_gazebo_worlds/models/sideboard/meshes/sideboard.stl
[10.645s] -- Up-to-date symlink: /root/tiago_public_ws/install/pal_gazebo_worlds/share/pal_gazebo_worlds/models/sideboard/model.config
[10.645s] -- Up-to-date symlink: /root/tiago_public_ws/install/pal_gazebo_worlds/share/pal_gazebo_worlds/models/sideboard/sideboard.sdf
[10.645s] -- Up-to-date symlink: /root/tiago_public_ws/install/pal_gazebo_worlds/share/pal_gazebo_worlds/models/slippery_patch/material/scripts/slippery_patch.material
[10.645s] -- Up-to-date symlink: /root/tiago_public_ws/install/pal_gazebo_worlds/share/pal_gazebo_worlds/models/slippery_patch/material/textures/slippery_patch.jpg
[10.645s] -- Up-to-date symlink: /root/tiago_public_ws/install/pal_gazebo_worlds/share/pal_gazebo_worlds/models/slippery_patch/model.config
[10.645s] -- Up-to-date symlink: /root/tiago_public_ws/install/pal_gazebo_worlds/share/pal_gazebo_worlds/models/slippery_patch/slippery_patch.sdf
[10.645s] -- Up-to-date symlink: /root/tiago_public_ws/install/pal_gazebo_worlds/share/pal_gazebo_worlds/models/small_cylinder/model.config
[10.649s] -- Up-to-date symlink: /root/tiago_public_ws/install/pal_gazebo_worlds/share/pal_gazebo_worlds/models/small_cylinder/small_cylinder.sdf
[10.650s] -- Up-to-date symlink: /root/tiago_public_ws/install/pal_gazebo_worlds/share/pal_gazebo_worlds/models/sofa/meshes/sofa.stl
[10.660s] -- Up-to-date symlink: /root/tiago_public_ws/install/pal_gazebo_worlds/share/pal_gazebo_worlds/models/sofa/model.config
[10.660s] -- Up-to-date symlink: /root/tiago_public_ws/install/pal_gazebo_worlds/share/pal_gazebo_worlds/models/sofa/sofa.sdf
[10.661s] -- Up-to-date symlink: /root/tiago_public_ws/install/pal_gazebo_worlds/share/pal_gazebo_worlds/models/sprite/material/scripts/sprite.material
[10.661s] -- Up-to-date symlink: /root/tiago_public_ws/install/pal_gazebo_worlds/share/pal_gazebo_worlds/models/sprite/material/textures/sprite.jpg
[10.661s] -- Up-to-date symlink: /root/tiago_public_ws/install/pal_gazebo_worlds/share/pal_gazebo_worlds/models/sprite/model.config
[10.661s] -- Up-to-date symlink: /root/tiago_public_ws/install/pal_gazebo_worlds/share/pal_gazebo_worlds/models/sprite/sprite.sdf
[10.661s] -- Up-to-date symlink: /root/tiago_public_ws/install/pal_gazebo_worlds/share/pal_gazebo_worlds/models/sun/model-1_2.sdf
[10.661s] -- Up-to-date symlink: /root/tiago_public_ws/install/pal_gazebo_worlds/share/pal_gazebo_worlds/models/sun/model-1_3.sdf
[10.661s] -- Up-to-date symlink: /root/tiago_public_ws/install/pal_gazebo_worlds/share/pal_gazebo_worlds/models/sun/model-1_4.sdf
[10.662s] -- Up-to-date symlink: /root/tiago_public_ws/install/pal_gazebo_worlds/share/pal_gazebo_worlds/models/sun/model.config
[10.662s] -- Up-to-date symlink: /root/tiago_public_ws/install/pal_gazebo_worlds/share/pal_gazebo_worlds/models/sun/model.sdf
[10.662s] -- Up-to-date symlink: /root/tiago_public_ws/install/pal_gazebo_worlds/share/pal_gazebo_worlds/models/table_0m8/model.config
[10.662s] -- Up-to-date symlink: /root/tiago_public_ws/install/pal_gazebo_worlds/share/pal_gazebo_worlds/models/table_0m8/table.sdf
[10.662s] -- Up-to-date symlink: /root/tiago_public_ws/install/pal_gazebo_worlds/share/pal_gazebo_worlds/models/table_1m/model.config
[10.663s] -- Up-to-date symlink: /root/tiago_public_ws/install/pal_gazebo_worlds/share/pal_gazebo_worlds/models/table_1m/table_1m.sdf
[10.663s] -- Up-to-date symlink: /root/tiago_public_ws/install/pal_gazebo_worlds/share/pal_gazebo_worlds/models/test2/meshes/test2.dae
[10.663s] -- Up-to-date symlink: /root/tiago_public_ws/install/pal_gazebo_worlds/share/pal_gazebo_worlds/models/test2/model.config
[10.663s] -- Up-to-date symlink: /root/tiago_public_ws/install/pal_gazebo_worlds/share/pal_gazebo_worlds/models/test2/test2.sdf
[10.663s] -- Up-to-date symlink: /root/tiago_public_ws/install/pal_gazebo_worlds/share/pal_gazebo_worlds/models/testing_room/README
[10.663s] -- Up-to-date symlink: /root/tiago_public_ws/install/pal_gazebo_worlds/share/pal_gazebo_worlds/models/testing_room/model.config
[10.663s] -- Up-to-date symlink: /root/tiago_public_ws/install/pal_gazebo_worlds/share/pal_gazebo_worlds/models/testing_room/model.sdf
[10.663s] -- Up-to-date symlink: /root/tiago_public_ws/install/pal_gazebo_worlds/share/pal_gazebo_worlds/models/testing_room/testing_room.png
[10.663s] -- Up-to-date symlink: /root/tiago_public_ws/install/pal_gazebo_worlds/share/pal_gazebo_worlds/models/tv/meshes/tv.stl
[10.663s] -- Up-to-date symlink: /root/tiago_public_ws/install/pal_gazebo_worlds/share/pal_gazebo_worlds/models/tv/model.config
[10.664s] -- Up-to-date symlink: /root/tiago_public_ws/install/pal_gazebo_worlds/share/pal_gazebo_worlds/models/tv/tv.sdf
[10.664s] -- Up-to-date symlink: /root/tiago_public_ws/install/pal_gazebo_worlds/share/pal_gazebo_worlds/models/wall_with_reem_photo/material/scripts/ball.material
[10.665s] -- Up-to-date symlink: /root/tiago_public_ws/install/pal_gazebo_worlds/share/pal_gazebo_worlds/models/wall_with_reem_photo/material/scripts/wallWithREEMphoto.material
[10.666s] -- Up-to-date symlink: /root/tiago_public_ws/install/pal_gazebo_worlds/share/pal_gazebo_worlds/models/wall_with_reem_photo/material/textures/REEM_photo0.jpg
[10.666s] -- Up-to-date symlink: /root/tiago_public_ws/install/pal_gazebo_worlds/share/pal_gazebo_worlds/models/wall_with_reem_photo/model.config
[10.667s] -- Up-to-date symlink: /root/tiago_public_ws/install/pal_gazebo_worlds/share/pal_gazebo_worlds/models/wall_with_reem_photo/model.sdf
[10.667s] -- Up-to-date symlink: /root/tiago_public_ws/install/pal_gazebo_worlds/share/pal_gazebo_worlds/models/wardrobe/meshes/wardrobe.stl
[10.667s] -- Up-to-date symlink: /root/tiago_public_ws/install/pal_gazebo_worlds/share/pal_gazebo_worlds/models/wardrobe/model.config
[10.673s] -- Up-to-date symlink: /root/tiago_public_ws/install/pal_gazebo_worlds/share/pal_gazebo_worlds/models/wardrobe/wardrobe.sdf
[10.674s] -- Up-to-date symlink: /root/tiago_public_ws/install/pal_gazebo_worlds/share/pal_gazebo_worlds/models/willowgarage/materials/textures/Carpet_Berber_Pattern_Gray_.png
[10.675s] -- Up-to-date symlink: /root/tiago_public_ws/install/pal_gazebo_worlds/share/pal_gazebo_worlds/models/willowgarage/materials/textures/Stone_Brushed_Khaki_.png
[10.675s] -- Up-to-date symlink: /root/tiago_public_ws/install/pal_gazebo_worlds/share/pal_gazebo_worlds/models/willowgarage/materials/textures/Wood_Bamboo_Medium_.png
[10.675s] -- Up-to-date symlink: /root/tiago_public_ws/install/pal_gazebo_worlds/share/pal_gazebo_worlds/models/willowgarage/materials/textures/Wood_Cherry_Original_.png
[10.675s] -- Up-to-date symlink: /root/tiago_public_ws/install/pal_gazebo_worlds/share/pal_gazebo_worlds/models/willowgarage/materials/textures/__Wood_Bamboo_Medium_1.png
[10.675s] -- Up-to-date symlink: /root/tiago_public_ws/install/pal_gazebo_worlds/share/pal_gazebo_worlds/models/willowgarage/materials/textures/__auto_12.png
[10.676s] -- Up-to-date symlink: /root/tiago_public_ws/install/pal_gazebo_worlds/share/pal_gazebo_worlds/models/willowgarage/materials/textures/__auto_2.png
[10.676s] -- Up-to-date symlink: /root/tiago_public_ws/install/pal_gazebo_worlds/share/pal_gazebo_worlds/models/willowgarage/meshes/willowgarage_collision.dae
[10.677s] -- Up-to-date symlink: /root/tiago_public_ws/install/pal_gazebo_worlds/share/pal_gazebo_worlds/models/willowgarage/meshes/willowgarage_visual.dae
[10.677s] -- Up-to-date symlink: /root/tiago_public_ws/install/pal_gazebo_worlds/share/pal_gazebo_worlds/worlds/aruco.world
[10.677s] -- Up-to-date symlink: /root/tiago_public_ws/install/pal_gazebo_worlds/share/pal_gazebo_worlds/worlds/ball.world
[10.678s] -- Up-to-date symlink: /root/tiago_public_ws/install/pal_gazebo_worlds/share/pal_gazebo_worlds/worlds/cabinet_grasping.world
[10.678s] -- Up-to-date symlink: /root/tiago_public_ws/install/pal_gazebo_worlds/share/pal_gazebo_worlds/worlds/calibration_room.world
[10.678s] -- Up-to-date symlink: /root/tiago_public_ws/install/pal_gazebo_worlds/share/pal_gazebo_worlds/worlds/chairs.world
[10.678s] -- Up-to-date symlink: /root/tiago_public_ws/install/pal_gazebo_worlds/share/pal_gazebo_worlds/worlds/corridor_110cm.world
[10.678s] -- Up-to-date symlink: /root/tiago_public_ws/install/pal_gazebo_worlds/share/pal_gazebo_worlds/worlds/corridor_60cm.world
[10.678s] -- Up-to-date symlink: /root/tiago_public_ws/install/pal_gazebo_worlds/share/pal_gazebo_worlds/worlds/corridor_70cm.world
[10.678s] -- Up-to-date symlink: /root/tiago_public_ws/install/pal_gazebo_worlds/share/pal_gazebo_worlds/worlds/corridor_85cm.world
[10.678s] -- Up-to-date symlink: /root/tiago_public_ws/install/pal_gazebo_worlds/share/pal_gazebo_worlds/worlds/dock_and_aruco.world
[10.679s] -- Up-to-date symlink: /root/tiago_public_ws/install/pal_gazebo_worlds/share/pal_gazebo_worlds/worlds/dock_station.world
[10.679s] -- Up-to-date symlink: /root/tiago_public_ws/install/pal_gazebo_worlds/share/pal_gazebo_worlds/worlds/docker_chair.world
[10.679s] -- Up-to-date symlink: /root/tiago_public_ws/install/pal_gazebo_worlds/share/pal_gazebo_worlds/worlds/door_obstacle.world
[10.679s] -- Up-to-date symlink: /root/tiago_public_ws/install/pal_gazebo_worlds/share/pal_gazebo_worlds/worlds/empty.world
[10.681s] -- Up-to-date symlink: /root/tiago_public_ws/install/pal_gazebo_worlds/share/pal_gazebo_worlds/worlds/empty_room.world
[10.681s] -- Up-to-date symlink: /root/tiago_public_ws/install/pal_gazebo_worlds/share/pal_gazebo_worlds/worlds/factory.world
[10.681s] -- Up-to-date symlink: /root/tiago_public_ws/install/pal_gazebo_worlds/share/pal_gazebo_worlds/worlds/featured.world
[10.682s] -- Up-to-date symlink: /root/tiago_public_ws/install/pal_gazebo_worlds/share/pal_gazebo_worlds/worlds/footstep_obstacle.world
[10.683s] -- Up-to-date symlink: /root/tiago_public_ws/install/pal_gazebo_worlds/share/pal_gazebo_worlds/worlds/hit_table.world
[10.684s] -- Up-to-date symlink: /root/tiago_public_ws/install/pal_gazebo_worlds/share/pal_gazebo_worlds/worlds/home.world
[10.684s] -- Up-to-date symlink: /root/tiago_public_ws/install/pal_gazebo_worlds/share/pal_gazebo_worlds/worlds/hospital.world
[10.684s] -- Up-to-date symlink: /root/tiago_public_ws/install/pal_gazebo_worlds/share/pal_gazebo_worlds/worlds/hospital_flat.world
[10.684s] -- Up-to-date symlink: /root/tiago_public_ws/install/pal_gazebo_worlds/share/pal_gazebo_worlds/worlds/look_to_point.world
[10.687s] -- Up-to-date symlink: /root/tiago_public_ws/install/pal_gazebo_worlds/share/pal_gazebo_worlds/worlds/low_sun_empty.world
[10.696s] -- Up-to-date symlink: /root/tiago_public_ws/install/pal_gazebo_worlds/share/pal_gazebo_worlds/worlds/memmo_simple.world
[10.697s] -- Up-to-date symlink: /root/tiago_public_ws/install/pal_gazebo_worlds/share/pal_gazebo_worlds/worlds/narrow_passage.world
[10.697s] -- Up-to-date symlink: /root/tiago_public_ws/install/pal_gazebo_worlds/share/pal_gazebo_worlds/worlds/objects_on_table.world
[10.697s] -- Up-to-date symlink: /root/tiago_public_ws/install/pal_gazebo_worlds/share/pal_gazebo_worlds/worlds/pal_office.world
[10.697s] -- Up-to-date symlink: /root/tiago_public_ws/install/pal_gazebo_worlds/share/pal_gazebo_worlds/worlds/pal_office_w_aruco.world
[10.697s] -- Up-to-date symlink: /root/tiago_public_ws/install/pal_gazebo_worlds/share/pal_gazebo_worlds/worlds/pal_office_w_docks.world
[10.697s] -- Up-to-date symlink: /root/tiago_public_ws/install/pal_gazebo_worlds/share/pal_gazebo_worlds/worlds/pal_textured_object.world
[10.698s] -- Up-to-date symlink: /root/tiago_public_ws/install/pal_gazebo_worlds/share/pal_gazebo_worlds/worlds/passage_110cm.world
[10.698s] -- Up-to-date symlink: /root/tiago_public_ws/install/pal_gazebo_worlds/share/pal_gazebo_worlds/worlds/passage_60cm.world
[10.701s] -- Up-to-date symlink: /root/tiago_public_ws/install/pal_gazebo_worlds/share/pal_gazebo_worlds/worlds/passage_70cm.world
[10.702s] -- Up-to-date symlink: /root/tiago_public_ws/install/pal_gazebo_worlds/share/pal_gazebo_worlds/worlds/pg_demo.world
[10.702s] -- Up-to-date symlink: /root/tiago_public_ws/install/pal_gazebo_worlds/share/pal_gazebo_worlds/worlds/pick.world
[10.702s] -- Up-to-date symlink: /root/tiago_public_ws/install/pal_gazebo_worlds/share/pal_gazebo_worlds/worlds/pick_place_cabinet.world
[10.705s] -- Up-to-date symlink: /root/tiago_public_ws/install/pal_gazebo_worlds/share/pal_gazebo_worlds/worlds/pick_place_close_demo.world
[10.706s] -- Up-to-date symlink: /root/tiago_public_ws/install/pal_gazebo_worlds/share/pal_gazebo_worlds/worlds/pick_place_demo.world
[10.706s] -- Up-to-date symlink: /root/tiago_public_ws/install/pal_gazebo_worlds/share/pal_gazebo_worlds/worlds/reemc.world
[10.706s] -- Up-to-date symlink: /root/tiago_public_ws/install/pal_gazebo_worlds/share/pal_gazebo_worlds/worlds/reemc_indoor.world
[10.706s] -- Up-to-date symlink: /root/tiago_public_ws/install/pal_gazebo_worlds/share/pal_gazebo_worlds/worlds/simple_office.world
[10.706s] -- Up-to-date symlink: /root/tiago_public_ws/install/pal_gazebo_worlds/share/pal_gazebo_worlds/worlds/simple_office_with_people.world
[10.713s] -- Up-to-date symlink: /root/tiago_public_ws/install/pal_gazebo_worlds/share/pal_gazebo_worlds/worlds/simple_ramp.world
[10.713s] -- Up-to-date symlink: /root/tiago_public_ws/install/pal_gazebo_worlds/share/pal_gazebo_worlds/worlds/small_factory.world
[10.713s] -- Up-to-date symlink: /root/tiago_public_ws/install/pal_gazebo_worlds/share/pal_gazebo_worlds/worlds/small_office.world
[10.713s] -- Up-to-date symlink: /root/tiago_public_ws/install/pal_gazebo_worlds/share/pal_gazebo_worlds/worlds/small_office_door_obstacle.world
[10.713s] -- Up-to-date symlink: /root/tiago_public_ws/install/pal_gazebo_worlds/share/pal_gazebo_worlds/worlds/small_office_inventory.world
[10.714s] -- Up-to-date symlink: /root/tiago_public_ws/install/pal_gazebo_worlds/share/pal_gazebo_worlds/worlds/small_textured_office.world
[10.714s] -- Up-to-date symlink: /root/tiago_public_ws/install/pal_gazebo_worlds/share/pal_gazebo_worlds/worlds/socmcs.world
[10.714s] -- Up-to-date symlink: /root/tiago_public_ws/install/pal_gazebo_worlds/share/pal_gazebo_worlds/worlds/stairs.world
[10.714s] -- Up-to-date symlink: /root/tiago_public_ws/install/pal_gazebo_worlds/share/pal_gazebo_worlds/worlds/stamping_demo.world
[10.715s] -- Up-to-date symlink: /root/tiago_public_ws/install/pal_gazebo_worlds/share/pal_gazebo_worlds/worlds/t_shaped.world
[10.715s] -- Up-to-date symlink: /root/tiago_public_ws/install/pal_gazebo_worlds/share/pal_gazebo_worlds/worlds/tabletop_cube.world
[10.715s] -- Up-to-date symlink: /root/tiago_public_ws/install/pal_gazebo_worlds/share/pal_gazebo_worlds/worlds/tabletop_cylinder.world
[10.715s] -- Up-to-date symlink: /root/tiago_public_ws/install/pal_gazebo_worlds/share/pal_gazebo_worlds/worlds/tutorial_office.world
[10.715s] -- Up-to-date symlink: /root/tiago_public_ws/install/pal_gazebo_worlds/share/pal_gazebo_worlds/worlds/voronoi_graph.world
[10.715s] -- Up-to-date symlink: /root/tiago_public_ws/install/pal_gazebo_worlds/share/pal_gazebo_worlds/worlds/willow_garage.world
[10.716s] -- Up-to-date symlink: /root/tiago_public_ws/install/pal_gazebo_worlds/share/pal_gazebo_worlds/worlds/world_wall_REEM_photo.world
[10.716s] -- Up-to-date symlink: /root/tiago_public_ws/install/pal_gazebo_worlds/share/pal_gazebo_worlds/urdf/chessboard/chessboard.gazebo.xacro
[10.716s] -- Up-to-date symlink: /root/tiago_public_ws/install/pal_gazebo_worlds/share/pal_gazebo_worlds/urdf/chessboard/chessboard.urdf.xacro
[10.716s] -- Up-to-date symlink: /root/tiago_public_ws/install/pal_gazebo_worlds/share/pal_gazebo_worlds/urdf/chessboard/chessboard_example.urdf.xacro
[10.716s] -- Up-to-date symlink: /root/tiago_public_ws/install/pal_gazebo_worlds/share/pal_gazebo_worlds/urdf/simple_box.urdf
[10.719s] -- Up-to-date symlink: /root/tiago_public_ws/install/pal_gazebo_worlds/share/pal_gazebo_worlds/meshes/chessboard/chessboard.dae
[10.720s] -- Up-to-date symlink: /root/tiago_public_ws/install/pal_gazebo_worlds/share/pal_gazebo_worlds/meshes/chessboard/chessboard.png
[10.721s] -- Up-to-date symlink: /root/tiago_public_ws/install/pal_gazebo_worlds/share/ament_index/resource_index/package_run_dependencies/pal_gazebo_worlds
[10.721s] -- Up-to-date symlink: /root/tiago_public_ws/install/pal_gazebo_worlds/share/ament_index/resource_index/parent_prefix_path/pal_gazebo_worlds
[10.723s] -- Up-to-date symlink: /root/tiago_public_ws/install/pal_gazebo_worlds/share/pal_gazebo_worlds/environment/ament_prefix_path.sh
[10.723s] -- Up-to-date symlink: /root/tiago_public_ws/install/pal_gazebo_worlds/share/pal_gazebo_worlds/environment/ament_prefix_path.dsv
[10.723s] -- Up-to-date symlink: /root/tiago_public_ws/install/pal_gazebo_worlds/share/pal_gazebo_worlds/environment/path.sh
[10.725s] -- Up-to-date symlink: /root/tiago_public_ws/install/pal_gazebo_worlds/share/pal_gazebo_worlds/environment/path.dsv
[10.729s] -- Up-to-date symlink: /root/tiago_public_ws/install/pal_gazebo_worlds/share/pal_gazebo_worlds/local_setup.bash
[10.729s] -- Up-to-date symlink: /root/tiago_public_ws/install/pal_gazebo_worlds/share/pal_gazebo_worlds/local_setup.sh
[10.729s] -- Up-to-date symlink: /root/tiago_public_ws/install/pal_gazebo_worlds/share/pal_gazebo_worlds/local_setup.zsh
[10.730s] -- Up-to-date symlink: /root/tiago_public_ws/install/pal_gazebo_worlds/share/pal_gazebo_worlds/local_setup.dsv
[10.730s] -- Symlinking: /root/tiago_public_ws/install/pal_gazebo_worlds/share/pal_gazebo_worlds/package.dsv
[10.758s] -- Up-to-date symlink: /root/tiago_public_ws/install/pal_gazebo_worlds/share/ament_index/resource_index/packages/pal_gazebo_worlds
[10.774s] -- Up-to-date symlink: /root/tiago_public_ws/install/pal_gazebo_worlds/share/pal_gazebo_worlds/cmake/pal_gazebo_worldsConfig.cmake
[10.776s] -- Up-to-date symlink: /root/tiago_public_ws/install/pal_gazebo_worlds/share/pal_gazebo_worlds/cmake/pal_gazebo_worldsConfig-version.cmake
[10.776s] -- Up-to-date symlink: /root/tiago_public_ws/install/pal_gazebo_worlds/share/pal_gazebo_worlds/package.xml
[10.781s] Invoked command in '/root/tiago_public_ws/build/pal_gazebo_worlds' returned '0': CMAKE_PREFIX_PATH=/opt/ros/humble /usr/bin/cmake --install /root/tiago_public_ws/build/pal_gazebo_worlds
