[0.856s] Invoking command in '/root/tiago_public_ws/build/pmb2_description': AMENT_PREFIX_PATH=/root/tiago_public_ws/install/launch_pal:/root/tiago_public_ws/install/urdf_test:/root/tiago_public_ws/install/tiago_simulation:/root/tiago_public_ws/install/tiago_robot:/root/tiago_public_ws/install/tiago_navigation:/root/tiago_public_ws/install/tiago_gazebo:/root/tiago_public_ws/install/tiago_moveit_config:/root/tiago_public_ws/install/tiago_2dnav:/root/tiago_public_ws/install/tiago_laser_sensors:/root/tiago_public_ws/install/tiago_bringup:/root/tiago_public_ws/install/tiago_description:/root/tiago_public_ws/install/tiago_controller_configuration:/root/tiago_public_ws/install/pmb2_robot:/root/tiago_public_ws/install/pmb2_navigation:/root/tiago_public_ws/install/pmb2_2dnav:/root/tiago_public_ws/install/pmb2_laser_sensors:/root/tiago_public_ws/install/pmb2_bringup:/root/tiago_public_ws/install/pmb2_description:/root/tiago_public_ws/install/pmb2_controller_configuration:/root/tiago_public_ws/install/play_motion2:/root/tiago_public_ws/install/play_motion2_msgs:/root/tiago_public_ws/install/pal_hey5:/root/tiago_public_ws/install/pal_hey5_description:/root/tiago_public_ws/install/pal_gripper_simulation:/root/tiago_public_ws/install/pal_gripper:/root/tiago_public_ws/install/pal_gripper_description:/root/tiago_public_ws/install/pal_urdf_utils:/root/tiago_public_ws/install/pal_robotiq_gripper:/root/tiago_public_ws/install/pal_robotiq_description:/root/tiago_public_ws/install/pal_robotiq_controller_configuration:/root/tiago_public_ws/install/pal_navigation_cfg:/root/tiago_public_ws/install/pal_navigation_cfg_bringup:/root/tiago_public_ws/install/pal_navigation_cfg_params:/root/tiago_public_ws/install/pal_hey5_controller_configuration:/root/tiago_public_ws/install/pal_gripper_controller_configuration:/root/tiago_public_ws/install/pal_gazebo_worlds:/opt/ros/humble CMAKE_PREFIX_PATH=/root/tiago_public_ws/install/urdf_test:/root/tiago_public_ws/install/pal_urdf_utils:/root/tiago_public_ws/install/tiago_simulation:/root/tiago_public_ws/install/tiago_robot:/root/tiago_public_ws/install/tiago_navigation:/root/tiago_public_ws/install/tiago_gazebo:/root/tiago_public_ws/install/tiago_moveit_config:/root/tiago_public_ws/install/tiago_2dnav:/root/tiago_public_ws/install/tiago_laser_sensors:/root/tiago_public_ws/install/tiago_bringup:/root/tiago_public_ws/install/tiago_description:/root/tiago_public_ws/install/tiago_controller_configuration:/root/tiago_public_ws/install/pmb2_robot:/root/tiago_public_ws/install/pmb2_navigation:/root/tiago_public_ws/install/pmb2_2dnav:/root/tiago_public_ws/install/pmb2_laser_sensors:/root/tiago_public_ws/install/pmb2_bringup:/root/tiago_public_ws/install/pmb2_description:/root/tiago_public_ws/install/pmb2_controller_configuration:/root/tiago_public_ws/install/play_motion2:/root/tiago_public_ws/install/play_motion2_msgs:/root/tiago_public_ws/install/pal_hey5:/root/tiago_public_ws/install/pal_hey5_description:/root/tiago_public_ws/install/pal_gripper_simulation:/root/tiago_public_ws/install/pal_gripper:/root/tiago_public_ws/install/pal_gripper_description:/root/tiago_public_ws/install/pal_robotiq_gripper:/root/tiago_public_ws/install/pal_robotiq_description:/root/tiago_public_ws/install/pal_robotiq_controller_configuration:/root/tiago_public_ws/install/pal_navigation_cfg:/root/tiago_public_ws/install/pal_navigation_cfg_bringup:/root/tiago_public_ws/install/pal_navigation_cfg_params:/root/tiago_public_ws/install/pal_hey5_controller_configuration:/root/tiago_public_ws/install/pal_gripper_controller_configuration:/root/tiago_public_ws/install/pal_gazebo_worlds:/root/tiago_public_ws/install/launch_pal:/opt/ros/humble PYTHONPATH=/root/tiago_public_ws/build/launch_pal:/root/tiago_public_ws/install/launch_pal/lib/python3.10/site-packages:/root/tiago_public_ws/install/urdf_test/local/lib/python3.10/dist-packages:/root/tiago_public_ws/install/tiago_gazebo/local/lib/python3.10/dist-packages:/root/tiago_public_ws/install/tiago_description/local/lib/python3.10/dist-packages:/root/tiago_public_ws/install/pmb2_description/local/lib/python3.10/dist-packages:/root/tiago_public_ws/install/play_motion2_msgs/local/lib/python3.10/dist-packages:/opt/ros/humble/lib/python3.10/site-packages:/opt/ros/humble/local/lib/python3.10/dist-packages /usr/bin/cmake --build /root/tiago_public_ws/build/pmb2_description -- -j8 -l8
[1.075s] Built target ament_cmake_python_symlink_pmb2_description
[2.114s] running egg_info
[2.115s] writing pmb2_description.egg-info/PKG-INFO
[2.115s] writing dependency_links to pmb2_description.egg-info/dependency_links.txt
[2.117s] writing top-level names to pmb2_description.egg-info/top_level.txt
[2.134s] reading manifest file 'pmb2_description.egg-info/SOURCES.txt'
[2.134s] writing manifest file 'pmb2_description.egg-info/SOURCES.txt'
[2.220s] Built target ament_cmake_python_build_pmb2_description_egg
[2.250s] Invoked command in '/root/tiago_public_ws/build/pmb2_description' returned '0': AMENT_PREFIX_PATH=/root/tiago_public_ws/install/launch_pal:/root/tiago_public_ws/install/urdf_test:/root/tiago_public_ws/install/tiago_simulation:/root/tiago_public_ws/install/tiago_robot:/root/tiago_public_ws/install/tiago_navigation:/root/tiago_public_ws/install/tiago_gazebo:/root/tiago_public_ws/install/tiago_moveit_config:/root/tiago_public_ws/install/tiago_2dnav:/root/tiago_public_ws/install/tiago_laser_sensors:/root/tiago_public_ws/install/tiago_bringup:/root/tiago_public_ws/install/tiago_description:/root/tiago_public_ws/install/tiago_controller_configuration:/root/tiago_public_ws/install/pmb2_robot:/root/tiago_public_ws/install/pmb2_navigation:/root/tiago_public_ws/install/pmb2_2dnav:/root/tiago_public_ws/install/pmb2_laser_sensors:/root/tiago_public_ws/install/pmb2_bringup:/root/tiago_public_ws/install/pmb2_description:/root/tiago_public_ws/install/pmb2_controller_configuration:/root/tiago_public_ws/install/play_motion2:/root/tiago_public_ws/install/play_motion2_msgs:/root/tiago_public_ws/install/pal_hey5:/root/tiago_public_ws/install/pal_hey5_description:/root/tiago_public_ws/install/pal_gripper_simulation:/root/tiago_public_ws/install/pal_gripper:/root/tiago_public_ws/install/pal_gripper_description:/root/tiago_public_ws/install/pal_urdf_utils:/root/tiago_public_ws/install/pal_robotiq_gripper:/root/tiago_public_ws/install/pal_robotiq_description:/root/tiago_public_ws/install/pal_robotiq_controller_configuration:/root/tiago_public_ws/install/pal_navigation_cfg:/root/tiago_public_ws/install/pal_navigation_cfg_bringup:/root/tiago_public_ws/install/pal_navigation_cfg_params:/root/tiago_public_ws/install/pal_hey5_controller_configuration:/root/tiago_public_ws/install/pal_gripper_controller_configuration:/root/tiago_public_ws/install/pal_gazebo_worlds:/opt/ros/humble CMAKE_PREFIX_PATH=/root/tiago_public_ws/install/urdf_test:/root/tiago_public_ws/install/pal_urdf_utils:/root/tiago_public_ws/install/tiago_simulation:/root/tiago_public_ws/install/tiago_robot:/root/tiago_public_ws/install/tiago_navigation:/root/tiago_public_ws/install/tiago_gazebo:/root/tiago_public_ws/install/tiago_moveit_config:/root/tiago_public_ws/install/tiago_2dnav:/root/tiago_public_ws/install/tiago_laser_sensors:/root/tiago_public_ws/install/tiago_bringup:/root/tiago_public_ws/install/tiago_description:/root/tiago_public_ws/install/tiago_controller_configuration:/root/tiago_public_ws/install/pmb2_robot:/root/tiago_public_ws/install/pmb2_navigation:/root/tiago_public_ws/install/pmb2_2dnav:/root/tiago_public_ws/install/pmb2_laser_sensors:/root/tiago_public_ws/install/pmb2_bringup:/root/tiago_public_ws/install/pmb2_description:/root/tiago_public_ws/install/pmb2_controller_configuration:/root/tiago_public_ws/install/play_motion2:/root/tiago_public_ws/install/play_motion2_msgs:/root/tiago_public_ws/install/pal_hey5:/root/tiago_public_ws/install/pal_hey5_description:/root/tiago_public_ws/install/pal_gripper_simulation:/root/tiago_public_ws/install/pal_gripper:/root/tiago_public_ws/install/pal_gripper_description:/root/tiago_public_ws/install/pal_robotiq_gripper:/root/tiago_public_ws/install/pal_robotiq_description:/root/tiago_public_ws/install/pal_robotiq_controller_configuration:/root/tiago_public_ws/install/pal_navigation_cfg:/root/tiago_public_ws/install/pal_navigation_cfg_bringup:/root/tiago_public_ws/install/pal_navigation_cfg_params:/root/tiago_public_ws/install/pal_hey5_controller_configuration:/root/tiago_public_ws/install/pal_gripper_controller_configuration:/root/tiago_public_ws/install/pal_gazebo_worlds:/root/tiago_public_ws/install/launch_pal:/opt/ros/humble PYTHONPATH=/root/tiago_public_ws/build/launch_pal:/root/tiago_public_ws/install/launch_pal/lib/python3.10/site-packages:/root/tiago_public_ws/install/urdf_test/local/lib/python3.10/dist-packages:/root/tiago_public_ws/install/tiago_gazebo/local/lib/python3.10/dist-packages:/root/tiago_public_ws/install/tiago_description/local/lib/python3.10/dist-packages:/root/tiago_public_ws/install/pmb2_description/local/lib/python3.10/dist-packages:/root/tiago_public_ws/install/play_motion2_msgs/local/lib/python3.10/dist-packages:/opt/ros/humble/lib/python3.10/site-packages:/opt/ros/humble/local/lib/python3.10/dist-packages /usr/bin/cmake --build /root/tiago_public_ws/build/pmb2_description -- -j8 -l8
[2.339s] Invoking command in '/root/tiago_public_ws/build/pmb2_description': AMENT_PREFIX_PATH=/root/tiago_public_ws/install/launch_pal:/root/tiago_public_ws/install/urdf_test:/root/tiago_public_ws/install/tiago_simulation:/root/tiago_public_ws/install/tiago_robot:/root/tiago_public_ws/install/tiago_navigation:/root/tiago_public_ws/install/tiago_gazebo:/root/tiago_public_ws/install/tiago_moveit_config:/root/tiago_public_ws/install/tiago_2dnav:/root/tiago_public_ws/install/tiago_laser_sensors:/root/tiago_public_ws/install/tiago_bringup:/root/tiago_public_ws/install/tiago_description:/root/tiago_public_ws/install/tiago_controller_configuration:/root/tiago_public_ws/install/pmb2_robot:/root/tiago_public_ws/install/pmb2_navigation:/root/tiago_public_ws/install/pmb2_2dnav:/root/tiago_public_ws/install/pmb2_laser_sensors:/root/tiago_public_ws/install/pmb2_bringup:/root/tiago_public_ws/install/pmb2_description:/root/tiago_public_ws/install/pmb2_controller_configuration:/root/tiago_public_ws/install/play_motion2:/root/tiago_public_ws/install/play_motion2_msgs:/root/tiago_public_ws/install/pal_hey5:/root/tiago_public_ws/install/pal_hey5_description:/root/tiago_public_ws/install/pal_gripper_simulation:/root/tiago_public_ws/install/pal_gripper:/root/tiago_public_ws/install/pal_gripper_description:/root/tiago_public_ws/install/pal_urdf_utils:/root/tiago_public_ws/install/pal_robotiq_gripper:/root/tiago_public_ws/install/pal_robotiq_description:/root/tiago_public_ws/install/pal_robotiq_controller_configuration:/root/tiago_public_ws/install/pal_navigation_cfg:/root/tiago_public_ws/install/pal_navigation_cfg_bringup:/root/tiago_public_ws/install/pal_navigation_cfg_params:/root/tiago_public_ws/install/pal_hey5_controller_configuration:/root/tiago_public_ws/install/pal_gripper_controller_configuration:/root/tiago_public_ws/install/pal_gazebo_worlds:/opt/ros/humble CMAKE_PREFIX_PATH=/root/tiago_public_ws/install/urdf_test:/root/tiago_public_ws/install/pal_urdf_utils:/root/tiago_public_ws/install/tiago_simulation:/root/tiago_public_ws/install/tiago_robot:/root/tiago_public_ws/install/tiago_navigation:/root/tiago_public_ws/install/tiago_gazebo:/root/tiago_public_ws/install/tiago_moveit_config:/root/tiago_public_ws/install/tiago_2dnav:/root/tiago_public_ws/install/tiago_laser_sensors:/root/tiago_public_ws/install/tiago_bringup:/root/tiago_public_ws/install/tiago_description:/root/tiago_public_ws/install/tiago_controller_configuration:/root/tiago_public_ws/install/pmb2_robot:/root/tiago_public_ws/install/pmb2_navigation:/root/tiago_public_ws/install/pmb2_2dnav:/root/tiago_public_ws/install/pmb2_laser_sensors:/root/tiago_public_ws/install/pmb2_bringup:/root/tiago_public_ws/install/pmb2_description:/root/tiago_public_ws/install/pmb2_controller_configuration:/root/tiago_public_ws/install/play_motion2:/root/tiago_public_ws/install/play_motion2_msgs:/root/tiago_public_ws/install/pal_hey5:/root/tiago_public_ws/install/pal_hey5_description:/root/tiago_public_ws/install/pal_gripper_simulation:/root/tiago_public_ws/install/pal_gripper:/root/tiago_public_ws/install/pal_gripper_description:/root/tiago_public_ws/install/pal_robotiq_gripper:/root/tiago_public_ws/install/pal_robotiq_description:/root/tiago_public_ws/install/pal_robotiq_controller_configuration:/root/tiago_public_ws/install/pal_navigation_cfg:/root/tiago_public_ws/install/pal_navigation_cfg_bringup:/root/tiago_public_ws/install/pal_navigation_cfg_params:/root/tiago_public_ws/install/pal_hey5_controller_configuration:/root/tiago_public_ws/install/pal_gripper_controller_configuration:/root/tiago_public_ws/install/pal_gazebo_worlds:/root/tiago_public_ws/install/launch_pal:/opt/ros/humble PYTHONPATH=/root/tiago_public_ws/build/launch_pal:/root/tiago_public_ws/install/launch_pal/lib/python3.10/site-packages:/root/tiago_public_ws/install/urdf_test/local/lib/python3.10/dist-packages:/root/tiago_public_ws/install/tiago_gazebo/local/lib/python3.10/dist-packages:/root/tiago_public_ws/install/tiago_description/local/lib/python3.10/dist-packages:/root/tiago_public_ws/install/pmb2_description/local/lib/python3.10/dist-packages:/root/tiago_public_ws/install/play_motion2_msgs/local/lib/python3.10/dist-packages:/opt/ros/humble/lib/python3.10/site-packages:/opt/ros/humble/local/lib/python3.10/dist-packages /usr/bin/cmake --install /root/tiago_public_ws/build/pmb2_description
[2.363s] -- Install configuration: ""
[2.363s] -- Execute custom install script
[2.370s] -- Up-to-date symlink: /root/tiago_public_ws/install/pmb2_description/share/pmb2_description/environment/pythonpath.sh
[2.370s] -- Up-to-date symlink: /root/tiago_public_ws/install/pmb2_description/share/pmb2_description/environment/pythonpath.dsv
[2.370s] -- Up-to-date symlink: /root/tiago_public_ws/install/pmb2_description/local/lib/python3.10/dist-packages/pmb2_description-5.3.0-py3.10.egg-info/PKG-INFO
[2.370s] -- Up-to-date symlink: /root/tiago_public_ws/install/pmb2_description/local/lib/python3.10/dist-packages/pmb2_description-5.3.0-py3.10.egg-info/SOURCES.txt
[2.371s] -- Up-to-date symlink: /root/tiago_public_ws/install/pmb2_description/local/lib/python3.10/dist-packages/pmb2_description-5.3.0-py3.10.egg-info/dependency_links.txt
[2.371s] -- Up-to-date symlink: /root/tiago_public_ws/install/pmb2_description/local/lib/python3.10/dist-packages/pmb2_description-5.3.0-py3.10.egg-info/top_level.txt
[2.372s] -- Up-to-date symlink: /root/tiago_public_ws/install/pmb2_description/local/lib/python3.10/dist-packages/pmb2_description/__init__.py
[2.373s] -- Up-to-date symlink: /root/tiago_public_ws/install/pmb2_description/local/lib/python3.10/dist-packages/pmb2_description/launch_arguments.py
[2.373s] -- Up-to-date symlink: /root/tiago_public_ws/install/pmb2_description/share/pmb2_description/rviz/pmb2.rviz
[2.373s] -- Up-to-date symlink: /root/tiago_public_ws/install/pmb2_description/share/pmb2_description/launch/robot_state_publisher.launch.py
[2.374s] -- Up-to-date symlink: /root/tiago_public_ws/install/pmb2_description/share/pmb2_description/launch/show.launch.py
[2.375s] -- Up-to-date symlink: /root/tiago_public_ws/install/pmb2_description/share/pmb2_description/meshes/base/base.stl
[2.377s] -- Up-to-date symlink: /root/tiago_public_ws/install/pmb2_description/share/pmb2_description/meshes/base/base_collision.dae
[2.377s] -- Up-to-date symlink: /root/tiago_public_ws/install/pmb2_description/share/pmb2_description/meshes/base/base_dock_link.stl
[2.379s] -- Up-to-date symlink: /root/tiago_public_ws/install/pmb2_description/share/pmb2_description/meshes/base/base_ring.stl
[2.383s] -- Up-to-date symlink: /root/tiago_public_ws/install/pmb2_description/share/pmb2_description/meshes/base/high_resolution/base.stl
[2.415s] -- Up-to-date symlink: /root/tiago_public_ws/install/pmb2_description/share/pmb2_description/meshes/base/high_resolution/base_collision.stl
[2.415s] -- Up-to-date symlink: /root/tiago_public_ws/install/pmb2_description/share/pmb2_description/meshes/cameras_add_on/cameras_add_on.stl
[2.416s] -- Up-to-date symlink: /root/tiago_public_ws/install/pmb2_description/share/pmb2_description/meshes/cameras_add_on/cameras_add_on_collision.stl
[2.416s] -- Up-to-date symlink: /root/tiago_public_ws/install/pmb2_description/share/pmb2_description/meshes/dock/dock.stl
[2.416s] -- Up-to-date symlink: /root/tiago_public_ws/install/pmb2_description/share/pmb2_description/meshes/dock/dock_collision.stl
[2.416s] -- Up-to-date symlink: /root/tiago_public_ws/install/pmb2_description/share/pmb2_description/meshes/objects/antenna.stl
[2.416s] -- Up-to-date symlink: /root/tiago_public_ws/install/pmb2_description/share/pmb2_description/meshes/objects/cover.stl
[2.416s] -- Up-to-date symlink: /root/tiago_public_ws/install/pmb2_description/share/pmb2_description/meshes/objects/high_resolution/cover.stl
[2.416s] -- Up-to-date symlink: /root/tiago_public_ws/install/pmb2_description/share/pmb2_description/meshes/sensors/bumper.stl
[2.416s] -- Up-to-date symlink: /root/tiago_public_ws/install/pmb2_description/share/pmb2_description/meshes/sensors/bumper_collision.stl
[2.417s] -- Up-to-date symlink: /root/tiago_public_ws/install/pmb2_description/share/pmb2_description/meshes/sensors/elp_camera.stl
[2.417s] -- Up-to-date symlink: /root/tiago_public_ws/install/pmb2_description/share/pmb2_description/meshes/sensors/high_resolution/bumper.stl
[2.417s] -- Up-to-date symlink: /root/tiago_public_ws/install/pmb2_description/share/pmb2_description/meshes/sensors/high_resolution/hokuyo_urg_04lx_ug01.stl
[2.417s] -- Up-to-date symlink: /root/tiago_public_ws/install/pmb2_description/share/pmb2_description/meshes/sensors/high_resolution/sick_tim551.stl
[2.417s] -- Up-to-date symlink: /root/tiago_public_ws/install/pmb2_description/share/pmb2_description/meshes/sensors/high_resolution/srf05.stl
[2.417s] -- Up-to-date symlink: /root/tiago_public_ws/install/pmb2_description/share/pmb2_description/meshes/sensors/high_resolution/xtion_pro_live.stl
[2.417s] -- Up-to-date symlink: /root/tiago_public_ws/install/pmb2_description/share/pmb2_description/meshes/sensors/hokuyo_urg_04lx_ug01.stl
[2.417s] -- Up-to-date symlink: /root/tiago_public_ws/install/pmb2_description/share/pmb2_description/meshes/sensors/sick_tim551.stl
[2.418s] -- Up-to-date symlink: /root/tiago_public_ws/install/pmb2_description/share/pmb2_description/meshes/sensors/srf05.stl
[2.418s] -- Up-to-date symlink: /root/tiago_public_ws/install/pmb2_description/share/pmb2_description/meshes/sensors/structure_sensor.stl
[2.418s] -- Up-to-date symlink: /root/tiago_public_ws/install/pmb2_description/share/pmb2_description/meshes/sensors/xtion_pro_live.dae
[2.418s] -- Up-to-date symlink: /root/tiago_public_ws/install/pmb2_description/share/pmb2_description/meshes/wheels/caster_1.stl
[2.418s] -- Up-to-date symlink: /root/tiago_public_ws/install/pmb2_description/share/pmb2_description/meshes/wheels/caster_2.stl
[2.418s] -- Up-to-date symlink: /root/tiago_public_ws/install/pmb2_description/share/pmb2_description/meshes/wheels/high_resolution/caster_1.stl
[2.418s] -- Up-to-date symlink: /root/tiago_public_ws/install/pmb2_description/share/pmb2_description/meshes/wheels/high_resolution/caster_2.stl
[2.418s] -- Up-to-date symlink: /root/tiago_public_ws/install/pmb2_description/share/pmb2_description/meshes/wheels/high_resolution/wheel.stl
[2.418s] -- Up-to-date symlink: /root/tiago_public_ws/install/pmb2_description/share/pmb2_description/meshes/wheels/wheel.stl
[2.419s] -- Up-to-date symlink: /root/tiago_public_ws/install/pmb2_description/share/pmb2_description/config/pmb2_configuration.yaml
[2.419s] -- Up-to-date symlink: /root/tiago_public_ws/install/pmb2_description/share/pmb2_description/robots/pmb2.urdf.xacro
[2.419s] -- Up-to-date symlink: /root/tiago_public_ws/install/pmb2_description/share/pmb2_description/ros2_control/gazebo_controller_manager_cfg.yaml
[2.419s] -- Up-to-date symlink: /root/tiago_public_ws/install/pmb2_description/share/pmb2_description/ros2_control/ros2_control.urdf.xacro
[2.419s] -- Up-to-date symlink: /root/tiago_public_ws/install/pmb2_description/share/pmb2_description/urdf/base/base.gazebo.xacro
[2.419s] -- Up-to-date symlink: /root/tiago_public_ws/install/pmb2_description/share/pmb2_description/urdf/base/base.urdf.xacro
[2.419s] -- Up-to-date symlink: /root/tiago_public_ws/install/pmb2_description/share/pmb2_description/urdf/base/base_sensors.urdf.xacro
[2.419s] -- Up-to-date symlink: /root/tiago_public_ws/install/pmb2_description/share/pmb2_description/urdf/cameras_add_on/cameras_add_on.urdf.xacro
[2.419s] -- Up-to-date symlink: /root/tiago_public_ws/install/pmb2_description/share/pmb2_description/urdf/dock/dock.urdf.xacro
[2.419s] -- Up-to-date symlink: /root/tiago_public_ws/install/pmb2_description/share/pmb2_description/urdf/objects/antenna.urdf.xacro
[2.419s] -- Up-to-date symlink: /root/tiago_public_ws/install/pmb2_description/share/pmb2_description/urdf/objects/cover.urdf.xacro
[2.420s] -- Up-to-date symlink: /root/tiago_public_ws/install/pmb2_description/share/pmb2_description/urdf/sensors/bumper.gazebo.xacro
[2.420s] -- Up-to-date symlink: /root/tiago_public_ws/install/pmb2_description/share/pmb2_description/urdf/sensors/bumper.urdf.xacro
[2.420s] -- Up-to-date symlink: /root/tiago_public_ws/install/pmb2_description/share/pmb2_description/urdf/sensors/courier.urdf.xacro
[2.420s] -- Up-to-date symlink: /root/tiago_public_ws/install/pmb2_description/share/pmb2_description/urdf/sensors/elp_rgb.gazebo.xacro
[2.420s] -- Up-to-date symlink: /root/tiago_public_ws/install/pmb2_description/share/pmb2_description/urdf/sensors/elp_rgb.urdf.xacro
[2.420s] -- Up-to-date symlink: /root/tiago_public_ws/install/pmb2_description/share/pmb2_description/urdf/sensors/hokuyo_urg_04lx_ug01_laser.gazebo.xacro
[2.420s] -- Up-to-date symlink: /root/tiago_public_ws/install/pmb2_description/share/pmb2_description/urdf/sensors/hokuyo_urg_04lx_ug01_laser.urdf.xacro
[2.420s] -- Up-to-date symlink: /root/tiago_public_ws/install/pmb2_description/share/pmb2_description/urdf/sensors/imu.gazebo.xacro
[2.421s] -- Up-to-date symlink: /root/tiago_public_ws/install/pmb2_description/share/pmb2_description/urdf/sensors/imu.urdf.xacro
[2.421s] -- Up-to-date symlink: /root/tiago_public_ws/install/pmb2_description/share/pmb2_description/urdf/sensors/microphone.urdf.xacro
[2.421s] -- Up-to-date symlink: /root/tiago_public_ws/install/pmb2_description/share/pmb2_description/urdf/sensors/range.gazebo.xacro
[2.421s] -- Up-to-date symlink: /root/tiago_public_ws/install/pmb2_description/share/pmb2_description/urdf/sensors/range.urdf.xacro
[2.421s] -- Up-to-date symlink: /root/tiago_public_ws/install/pmb2_description/share/pmb2_description/urdf/sensors/sensors.ros2_control.xacro
[2.421s] -- Up-to-date symlink: /root/tiago_public_ws/install/pmb2_description/share/pmb2_description/urdf/sensors/sick_tim551_laser.gazebo.xacro
[2.421s] -- Up-to-date symlink: /root/tiago_public_ws/install/pmb2_description/share/pmb2_description/urdf/sensors/sick_tim551_laser.urdf.xacro
[2.421s] -- Up-to-date symlink: /root/tiago_public_ws/install/pmb2_description/share/pmb2_description/urdf/sensors/sick_tim561_laser.gazebo.xacro
[2.421s] -- Up-to-date symlink: /root/tiago_public_ws/install/pmb2_description/share/pmb2_description/urdf/sensors/sick_tim561_laser.urdf.xacro
[2.421s] -- Up-to-date symlink: /root/tiago_public_ws/install/pmb2_description/share/pmb2_description/urdf/sensors/sick_tim571_laser.gazebo.xacro
[2.422s] -- Up-to-date symlink: /root/tiago_public_ws/install/pmb2_description/share/pmb2_description/urdf/sensors/sick_tim571_laser.urdf.xacro
[2.422s] -- Up-to-date symlink: /root/tiago_public_ws/install/pmb2_description/share/pmb2_description/urdf/sensors/structure_sensor.gazebo.xacro
[2.422s] -- Up-to-date symlink: /root/tiago_public_ws/install/pmb2_description/share/pmb2_description/urdf/sensors/structure_sensor.urdf.xacro
[2.422s] -- Up-to-date symlink: /root/tiago_public_ws/install/pmb2_description/share/pmb2_description/urdf/wheels/caster.gazebo.xacro
[2.422s] -- Up-to-date symlink: /root/tiago_public_ws/install/pmb2_description/share/pmb2_description/urdf/wheels/caster.urdf.xacro
[2.422s] -- Up-to-date symlink: /root/tiago_public_ws/install/pmb2_description/share/pmb2_description/urdf/wheels/wheel.gazebo.xacro
[2.422s] -- Up-to-date symlink: /root/tiago_public_ws/install/pmb2_description/share/pmb2_description/urdf/wheels/wheel.ros2_control.xacro
[2.422s] -- Up-to-date symlink: /root/tiago_public_ws/install/pmb2_description/share/pmb2_description/urdf/wheels/wheel.urdf.xacro
[2.422s] -- Up-to-date symlink: /root/tiago_public_ws/install/pmb2_description/share/ament_index/resource_index/package_run_dependencies/pmb2_description
[2.422s] -- Up-to-date symlink: /root/tiago_public_ws/install/pmb2_description/share/ament_index/resource_index/parent_prefix_path/pmb2_description
[2.422s] -- Up-to-date symlink: /root/tiago_public_ws/install/pmb2_description/share/pmb2_description/environment/ament_prefix_path.sh
[2.422s] -- Up-to-date symlink: /root/tiago_public_ws/install/pmb2_description/share/pmb2_description/environment/ament_prefix_path.dsv
[2.423s] -- Up-to-date symlink: /root/tiago_public_ws/install/pmb2_description/share/pmb2_description/environment/path.sh
[2.423s] -- Up-to-date symlink: /root/tiago_public_ws/install/pmb2_description/share/pmb2_description/environment/path.dsv
[2.423s] -- Up-to-date symlink: /root/tiago_public_ws/install/pmb2_description/share/pmb2_description/local_setup.bash
[2.423s] -- Up-to-date symlink: /root/tiago_public_ws/install/pmb2_description/share/pmb2_description/local_setup.sh
[2.423s] -- Up-to-date symlink: /root/tiago_public_ws/install/pmb2_description/share/pmb2_description/local_setup.zsh
[2.423s] -- Up-to-date symlink: /root/tiago_public_ws/install/pmb2_description/share/pmb2_description/local_setup.dsv
[2.423s] -- Symlinking: /root/tiago_public_ws/install/pmb2_description/share/pmb2_description/package.dsv
[2.440s] -- Up-to-date symlink: /root/tiago_public_ws/install/pmb2_description/share/ament_index/resource_index/packages/pmb2_description
[2.440s] -- Up-to-date symlink: /root/tiago_public_ws/install/pmb2_description/share/pmb2_description/cmake/pmb2_descriptionConfig.cmake
[2.440s] -- Up-to-date symlink: /root/tiago_public_ws/install/pmb2_description/share/pmb2_description/cmake/pmb2_descriptionConfig-version.cmake
[2.440s] -- Up-to-date symlink: /root/tiago_public_ws/install/pmb2_description/share/pmb2_description/package.xml
[2.553s] Listing '/root/tiago_public_ws/install/pmb2_description/local/lib/python3.10/dist-packages/pmb2_description'...
[2.569s] Invoked command in '/root/tiago_public_ws/build/pmb2_description' returned '0': AMENT_PREFIX_PATH=/root/tiago_public_ws/install/launch_pal:/root/tiago_public_ws/install/urdf_test:/root/tiago_public_ws/install/tiago_simulation:/root/tiago_public_ws/install/tiago_robot:/root/tiago_public_ws/install/tiago_navigation:/root/tiago_public_ws/install/tiago_gazebo:/root/tiago_public_ws/install/tiago_moveit_config:/root/tiago_public_ws/install/tiago_2dnav:/root/tiago_public_ws/install/tiago_laser_sensors:/root/tiago_public_ws/install/tiago_bringup:/root/tiago_public_ws/install/tiago_description:/root/tiago_public_ws/install/tiago_controller_configuration:/root/tiago_public_ws/install/pmb2_robot:/root/tiago_public_ws/install/pmb2_navigation:/root/tiago_public_ws/install/pmb2_2dnav:/root/tiago_public_ws/install/pmb2_laser_sensors:/root/tiago_public_ws/install/pmb2_bringup:/root/tiago_public_ws/install/pmb2_description:/root/tiago_public_ws/install/pmb2_controller_configuration:/root/tiago_public_ws/install/play_motion2:/root/tiago_public_ws/install/play_motion2_msgs:/root/tiago_public_ws/install/pal_hey5:/root/tiago_public_ws/install/pal_hey5_description:/root/tiago_public_ws/install/pal_gripper_simulation:/root/tiago_public_ws/install/pal_gripper:/root/tiago_public_ws/install/pal_gripper_description:/root/tiago_public_ws/install/pal_urdf_utils:/root/tiago_public_ws/install/pal_robotiq_gripper:/root/tiago_public_ws/install/pal_robotiq_description:/root/tiago_public_ws/install/pal_robotiq_controller_configuration:/root/tiago_public_ws/install/pal_navigation_cfg:/root/tiago_public_ws/install/pal_navigation_cfg_bringup:/root/tiago_public_ws/install/pal_navigation_cfg_params:/root/tiago_public_ws/install/pal_hey5_controller_configuration:/root/tiago_public_ws/install/pal_gripper_controller_configuration:/root/tiago_public_ws/install/pal_gazebo_worlds:/opt/ros/humble CMAKE_PREFIX_PATH=/root/tiago_public_ws/install/urdf_test:/root/tiago_public_ws/install/pal_urdf_utils:/root/tiago_public_ws/install/tiago_simulation:/root/tiago_public_ws/install/tiago_robot:/root/tiago_public_ws/install/tiago_navigation:/root/tiago_public_ws/install/tiago_gazebo:/root/tiago_public_ws/install/tiago_moveit_config:/root/tiago_public_ws/install/tiago_2dnav:/root/tiago_public_ws/install/tiago_laser_sensors:/root/tiago_public_ws/install/tiago_bringup:/root/tiago_public_ws/install/tiago_description:/root/tiago_public_ws/install/tiago_controller_configuration:/root/tiago_public_ws/install/pmb2_robot:/root/tiago_public_ws/install/pmb2_navigation:/root/tiago_public_ws/install/pmb2_2dnav:/root/tiago_public_ws/install/pmb2_laser_sensors:/root/tiago_public_ws/install/pmb2_bringup:/root/tiago_public_ws/install/pmb2_description:/root/tiago_public_ws/install/pmb2_controller_configuration:/root/tiago_public_ws/install/play_motion2:/root/tiago_public_ws/install/play_motion2_msgs:/root/tiago_public_ws/install/pal_hey5:/root/tiago_public_ws/install/pal_hey5_description:/root/tiago_public_ws/install/pal_gripper_simulation:/root/tiago_public_ws/install/pal_gripper:/root/tiago_public_ws/install/pal_gripper_description:/root/tiago_public_ws/install/pal_robotiq_gripper:/root/tiago_public_ws/install/pal_robotiq_description:/root/tiago_public_ws/install/pal_robotiq_controller_configuration:/root/tiago_public_ws/install/pal_navigation_cfg:/root/tiago_public_ws/install/pal_navigation_cfg_bringup:/root/tiago_public_ws/install/pal_navigation_cfg_params:/root/tiago_public_ws/install/pal_hey5_controller_configuration:/root/tiago_public_ws/install/pal_gripper_controller_configuration:/root/tiago_public_ws/install/pal_gazebo_worlds:/root/tiago_public_ws/install/launch_pal:/opt/ros/humble PYTHONPATH=/root/tiago_public_ws/build/launch_pal:/root/tiago_public_ws/install/launch_pal/lib/python3.10/site-packages:/root/tiago_public_ws/install/urdf_test/local/lib/python3.10/dist-packages:/root/tiago_public_ws/install/tiago_gazebo/local/lib/python3.10/dist-packages:/root/tiago_public_ws/install/tiago_description/local/lib/python3.10/dist-packages:/root/tiago_public_ws/install/pmb2_description/local/lib/python3.10/dist-packages:/root/tiago_public_ws/install/play_motion2_msgs/local/lib/python3.10/dist-packages:/opt/ros/humble/lib/python3.10/site-packages:/opt/ros/humble/local/lib/python3.10/dist-packages /usr/bin/cmake --install /root/tiago_public_ws/build/pmb2_description
