[0.435s] Invoking command in '/root/tiago_public_ws/build/play_motion2_msgs': CMAKE_PREFIX_PATH=${CMAKE_PREFIX_PATH}:/root/tiago_public_ws/install/launch_pal:/root/nav2_ws/install/nav2_simple_commander:/opt/ros/humble /usr/bin/cmake --build /root/tiago_public_ws/build/play_motion2_msgs -- -j8 -l8
[0.584s] [ 11%] Built target play_motion2_msgs__rosidl_generator_c
[0.612s] [ 12%] Built target play_motion2_msgs__cpp
[0.612s] [ 12%] Built target ament_cmake_python_symlink_play_motion2_msgs
[0.731s] [ 24%] Built target play_motion2_msgs__rosidl_typesupport_fastrtps_c
[0.736s] [ 39%] Built target play_motion2_msgs__rosidl_typesupport_cpp
[0.736s] [ 46%] Built target play_motion2_msgs__rosidl_typesupport_c
[0.741s] [ 58%] Built target play_motion2_msgs__rosidl_typesupport_introspection_c
[0.741s] [ 69%] Built target play_motion2_msgs__rosidl_typesupport_fastrtps_cpp
[0.756s] [ 81%] Built target play_motion2_msgs__rosidl_typesupport_introspection_cpp
[0.805s] [ 81%] Built target play_motion2_msgs
[0.877s] [ 82%] Built target play_motion2_msgs__py
[0.968s] [ 92%] Built target play_motion2_msgs__rosidl_generator_py
[1.039s] [ 94%] Built target play_motion2_msgs__rosidl_typesupport_c__pyext
[1.039s] [ 97%] Built target play_motion2_msgs__rosidl_typesupport_fastrtps_c__pyext
[1.058s] [100%] Built target play_motion2_msgs__rosidl_typesupport_introspection_c__pyext
[1.493s] running egg_info
[1.493s] writing play_motion2_msgs.egg-info/PKG-INFO
[1.493s] writing dependency_links to play_motion2_msgs.egg-info/dependency_links.txt
[1.494s] writing top-level names to play_motion2_msgs.egg-info/top_level.txt
[1.494s] reading manifest file 'play_motion2_msgs.egg-info/SOURCES.txt'
[1.494s] writing manifest file 'play_motion2_msgs.egg-info/SOURCES.txt'
[1.499s] [100%] Built target ament_cmake_python_build_play_motion2_msgs_egg
[1.537s] Invoked command in '/root/tiago_public_ws/build/play_motion2_msgs' returned '0': CMAKE_PREFIX_PATH=${CMAKE_PREFIX_PATH}:/root/tiago_public_ws/install/launch_pal:/root/nav2_ws/install/nav2_simple_commander:/opt/ros/humble /usr/bin/cmake --build /root/tiago_public_ws/build/play_motion2_msgs -- -j8 -l8
[2.591s] Invoking command in '/root/tiago_public_ws/build/play_motion2_msgs': CMAKE_PREFIX_PATH=${CMAKE_PREFIX_PATH}:/root/tiago_public_ws/install/launch_pal:/root/nav2_ws/install/nav2_simple_commander:/opt/ros/humble /usr/bin/cmake --install /root/tiago_public_ws/build/play_motion2_msgs
[2.692s] -- Install configuration: ""
[2.692s] -- Execute custom install script
[2.692s] -- Up-to-date symlink: /root/tiago_public_ws/install/play_motion2_msgs/share/ament_index/resource_index/rosidl_interfaces/play_motion2_msgs
[2.692s] -- Up-to-date symlink: /root/tiago_public_ws/install/play_motion2_msgs/include/play_motion2_msgs/play_motion2_msgs/action/detail/play_motion2__functions.h
[2.692s] -- Up-to-date symlink: /root/tiago_public_ws/install/play_motion2_msgs/include/play_motion2_msgs/play_motion2_msgs/action/detail/play_motion2__struct.h
[2.693s] -- Up-to-date symlink: /root/tiago_public_ws/install/play_motion2_msgs/include/play_motion2_msgs/play_motion2_msgs/action/detail/play_motion2__type_support.h
[2.693s] -- Up-to-date symlink: /root/tiago_public_ws/install/play_motion2_msgs/include/play_motion2_msgs/play_motion2_msgs/action/play_motion2.h
[2.693s] -- Up-to-date symlink: /root/tiago_public_ws/install/play_motion2_msgs/include/play_motion2_msgs/play_motion2_msgs/msg/detail/motion__functions.h
[2.694s] -- Up-to-date symlink: /root/tiago_public_ws/install/play_motion2_msgs/include/play_motion2_msgs/play_motion2_msgs/msg/detail/motion__struct.h
[2.694s] -- Up-to-date symlink: /root/tiago_public_ws/install/play_motion2_msgs/include/play_motion2_msgs/play_motion2_msgs/msg/detail/motion__type_support.h
[2.694s] -- Up-to-date symlink: /root/tiago_public_ws/install/play_motion2_msgs/include/play_motion2_msgs/play_motion2_msgs/msg/motion.h
[2.699s] -- Up-to-date symlink: /root/tiago_public_ws/install/play_motion2_msgs/include/play_motion2_msgs/play_motion2_msgs/msg/rosidl_generator_c__visibility_control.h
[2.700s] -- Up-to-date symlink: /root/tiago_public_ws/install/play_motion2_msgs/include/play_motion2_msgs/play_motion2_msgs/srv/add_motion.h
[2.700s] -- Up-to-date symlink: /root/tiago_public_ws/install/play_motion2_msgs/include/play_motion2_msgs/play_motion2_msgs/srv/detail/add_motion__functions.h
[2.700s] -- Up-to-date symlink: /root/tiago_public_ws/install/play_motion2_msgs/include/play_motion2_msgs/play_motion2_msgs/srv/detail/add_motion__struct.h
[2.700s] -- Up-to-date symlink: /root/tiago_public_ws/install/play_motion2_msgs/include/play_motion2_msgs/play_motion2_msgs/srv/detail/add_motion__type_support.h
[2.701s] -- Up-to-date symlink: /root/tiago_public_ws/install/play_motion2_msgs/include/play_motion2_msgs/play_motion2_msgs/srv/detail/get_motion_info__functions.h
[2.701s] -- Up-to-date symlink: /root/tiago_public_ws/install/play_motion2_msgs/include/play_motion2_msgs/play_motion2_msgs/srv/detail/get_motion_info__struct.h
[2.701s] -- Up-to-date symlink: /root/tiago_public_ws/install/play_motion2_msgs/include/play_motion2_msgs/play_motion2_msgs/srv/detail/get_motion_info__type_support.h
[2.701s] -- Up-to-date symlink: /root/tiago_public_ws/install/play_motion2_msgs/include/play_motion2_msgs/play_motion2_msgs/srv/detail/is_motion_ready__functions.h
[2.702s] -- Up-to-date symlink: /root/tiago_public_ws/install/play_motion2_msgs/include/play_motion2_msgs/play_motion2_msgs/srv/detail/is_motion_ready__struct.h
[2.702s] -- Up-to-date symlink: /root/tiago_public_ws/install/play_motion2_msgs/include/play_motion2_msgs/play_motion2_msgs/srv/detail/is_motion_ready__type_support.h
[2.703s] -- Up-to-date symlink: /root/tiago_public_ws/install/play_motion2_msgs/include/play_motion2_msgs/play_motion2_msgs/srv/detail/list_motions__functions.h
[2.703s] -- Up-to-date symlink: /root/tiago_public_ws/install/play_motion2_msgs/include/play_motion2_msgs/play_motion2_msgs/srv/detail/list_motions__struct.h
[2.703s] -- Up-to-date symlink: /root/tiago_public_ws/install/play_motion2_msgs/include/play_motion2_msgs/play_motion2_msgs/srv/detail/list_motions__type_support.h
[2.703s] -- Up-to-date symlink: /root/tiago_public_ws/install/play_motion2_msgs/include/play_motion2_msgs/play_motion2_msgs/srv/detail/remove_motion__functions.h
[2.703s] -- Up-to-date symlink: /root/tiago_public_ws/install/play_motion2_msgs/include/play_motion2_msgs/play_motion2_msgs/srv/detail/remove_motion__struct.h
[2.703s] -- Up-to-date symlink: /root/tiago_public_ws/install/play_motion2_msgs/include/play_motion2_msgs/play_motion2_msgs/srv/detail/remove_motion__type_support.h
[2.704s] -- Up-to-date symlink: /root/tiago_public_ws/install/play_motion2_msgs/include/play_motion2_msgs/play_motion2_msgs/srv/get_motion_info.h
[2.704s] -- Up-to-date symlink: /root/tiago_public_ws/install/play_motion2_msgs/include/play_motion2_msgs/play_motion2_msgs/srv/is_motion_ready.h
[2.704s] -- Up-to-date symlink: /root/tiago_public_ws/install/play_motion2_msgs/include/play_motion2_msgs/play_motion2_msgs/srv/list_motions.h
[2.704s] -- Up-to-date symlink: /root/tiago_public_ws/install/play_motion2_msgs/include/play_motion2_msgs/play_motion2_msgs/srv/remove_motion.h
[2.704s] -- Up-to-date symlink: /root/tiago_public_ws/install/play_motion2_msgs/share/play_motion2_msgs/environment/library_path.sh
[2.704s] -- Up-to-date symlink: /root/tiago_public_ws/install/play_motion2_msgs/share/play_motion2_msgs/environment/library_path.dsv
[2.705s] -- Up-to-date symlink: /root/tiago_public_ws/install/play_motion2_msgs/include/play_motion2_msgs/play_motion2_msgs/action/detail/play_motion2__rosidl_typesupport_fastrtps_c.h
[2.705s] -- Up-to-date symlink: /root/tiago_public_ws/install/play_motion2_msgs/include/play_motion2_msgs/play_motion2_msgs/msg/detail/motion__rosidl_typesupport_fastrtps_c.h
[2.706s] -- Up-to-date symlink: /root/tiago_public_ws/install/play_motion2_msgs/include/play_motion2_msgs/play_motion2_msgs/msg/rosidl_typesupport_fastrtps_c__visibility_control.h
[2.706s] -- Up-to-date symlink: /root/tiago_public_ws/install/play_motion2_msgs/include/play_motion2_msgs/play_motion2_msgs/srv/detail/add_motion__rosidl_typesupport_fastrtps_c.h
[2.706s] -- Up-to-date symlink: /root/tiago_public_ws/install/play_motion2_msgs/include/play_motion2_msgs/play_motion2_msgs/srv/detail/get_motion_info__rosidl_typesupport_fastrtps_c.h
[2.707s] -- Up-to-date symlink: /root/tiago_public_ws/install/play_motion2_msgs/include/play_motion2_msgs/play_motion2_msgs/srv/detail/is_motion_ready__rosidl_typesupport_fastrtps_c.h
[2.707s] -- Up-to-date symlink: /root/tiago_public_ws/install/play_motion2_msgs/include/play_motion2_msgs/play_motion2_msgs/srv/detail/list_motions__rosidl_typesupport_fastrtps_c.h
[2.707s] -- Up-to-date symlink: /root/tiago_public_ws/install/play_motion2_msgs/include/play_motion2_msgs/play_motion2_msgs/srv/detail/remove_motion__rosidl_typesupport_fastrtps_c.h
[2.707s] -- Up-to-date symlink: /root/tiago_public_ws/install/play_motion2_msgs/include/play_motion2_msgs/play_motion2_msgs/action/detail/play_motion2__builder.hpp
[2.707s] -- Up-to-date symlink: /root/tiago_public_ws/install/play_motion2_msgs/include/play_motion2_msgs/play_motion2_msgs/action/detail/play_motion2__struct.hpp
[2.708s] -- Up-to-date symlink: /root/tiago_public_ws/install/play_motion2_msgs/include/play_motion2_msgs/play_motion2_msgs/action/detail/play_motion2__traits.hpp
[2.708s] -- Up-to-date symlink: /root/tiago_public_ws/install/play_motion2_msgs/include/play_motion2_msgs/play_motion2_msgs/action/play_motion2.hpp
[2.708s] -- Up-to-date symlink: /root/tiago_public_ws/install/play_motion2_msgs/include/play_motion2_msgs/play_motion2_msgs/msg/detail/motion__builder.hpp
[2.708s] -- Up-to-date symlink: /root/tiago_public_ws/install/play_motion2_msgs/include/play_motion2_msgs/play_motion2_msgs/msg/detail/motion__struct.hpp
[2.708s] -- Up-to-date symlink: /root/tiago_public_ws/install/play_motion2_msgs/include/play_motion2_msgs/play_motion2_msgs/msg/detail/motion__traits.hpp
[2.708s] -- Up-to-date symlink: /root/tiago_public_ws/install/play_motion2_msgs/include/play_motion2_msgs/play_motion2_msgs/msg/motion.hpp
[2.708s] -- Up-to-date symlink: /root/tiago_public_ws/install/play_motion2_msgs/include/play_motion2_msgs/play_motion2_msgs/srv/add_motion.hpp
[2.708s] -- Up-to-date symlink: /root/tiago_public_ws/install/play_motion2_msgs/include/play_motion2_msgs/play_motion2_msgs/srv/detail/add_motion__builder.hpp
[2.708s] -- Up-to-date symlink: /root/tiago_public_ws/install/play_motion2_msgs/include/play_motion2_msgs/play_motion2_msgs/srv/detail/add_motion__struct.hpp
[2.709s] -- Up-to-date symlink: /root/tiago_public_ws/install/play_motion2_msgs/include/play_motion2_msgs/play_motion2_msgs/srv/detail/add_motion__traits.hpp
[2.709s] -- Up-to-date symlink: /root/tiago_public_ws/install/play_motion2_msgs/include/play_motion2_msgs/play_motion2_msgs/srv/detail/get_motion_info__builder.hpp
[2.709s] -- Up-to-date symlink: /root/tiago_public_ws/install/play_motion2_msgs/include/play_motion2_msgs/play_motion2_msgs/srv/detail/get_motion_info__struct.hpp
[2.709s] -- Up-to-date symlink: /root/tiago_public_ws/install/play_motion2_msgs/include/play_motion2_msgs/play_motion2_msgs/srv/detail/get_motion_info__traits.hpp
[2.709s] -- Up-to-date symlink: /root/tiago_public_ws/install/play_motion2_msgs/include/play_motion2_msgs/play_motion2_msgs/srv/detail/is_motion_ready__builder.hpp
[2.709s] -- Up-to-date symlink: /root/tiago_public_ws/install/play_motion2_msgs/include/play_motion2_msgs/play_motion2_msgs/srv/detail/is_motion_ready__struct.hpp
[2.709s] -- Up-to-date symlink: /root/tiago_public_ws/install/play_motion2_msgs/include/play_motion2_msgs/play_motion2_msgs/srv/detail/is_motion_ready__traits.hpp
[2.709s] -- Up-to-date symlink: /root/tiago_public_ws/install/play_motion2_msgs/include/play_motion2_msgs/play_motion2_msgs/srv/detail/list_motions__builder.hpp
[2.709s] -- Up-to-date symlink: /root/tiago_public_ws/install/play_motion2_msgs/include/play_motion2_msgs/play_motion2_msgs/srv/detail/list_motions__struct.hpp
[2.709s] -- Up-to-date symlink: /root/tiago_public_ws/install/play_motion2_msgs/include/play_motion2_msgs/play_motion2_msgs/srv/detail/list_motions__traits.hpp
[2.709s] -- Up-to-date symlink: /root/tiago_public_ws/install/play_motion2_msgs/include/play_motion2_msgs/play_motion2_msgs/srv/detail/remove_motion__builder.hpp
[2.709s] -- Up-to-date symlink: /root/tiago_public_ws/install/play_motion2_msgs/include/play_motion2_msgs/play_motion2_msgs/srv/detail/remove_motion__struct.hpp
[2.709s] -- Up-to-date symlink: /root/tiago_public_ws/install/play_motion2_msgs/include/play_motion2_msgs/play_motion2_msgs/srv/detail/remove_motion__traits.hpp
[2.710s] -- Up-to-date symlink: /root/tiago_public_ws/install/play_motion2_msgs/include/play_motion2_msgs/play_motion2_msgs/srv/get_motion_info.hpp
[2.710s] -- Up-to-date symlink: /root/tiago_public_ws/install/play_motion2_msgs/include/play_motion2_msgs/play_motion2_msgs/srv/is_motion_ready.hpp
[2.710s] -- Up-to-date symlink: /root/tiago_public_ws/install/play_motion2_msgs/include/play_motion2_msgs/play_motion2_msgs/srv/list_motions.hpp
[2.710s] -- Up-to-date symlink: /root/tiago_public_ws/install/play_motion2_msgs/include/play_motion2_msgs/play_motion2_msgs/srv/remove_motion.hpp
[2.710s] -- Up-to-date symlink: /root/tiago_public_ws/install/play_motion2_msgs/include/play_motion2_msgs/play_motion2_msgs/action/detail/play_motion2__rosidl_typesupport_fastrtps_cpp.hpp
[2.710s] -- Up-to-date symlink: /root/tiago_public_ws/install/play_motion2_msgs/include/play_motion2_msgs/play_motion2_msgs/msg/detail/motion__rosidl_typesupport_fastrtps_cpp.hpp
[2.710s] -- Up-to-date symlink: /root/tiago_public_ws/install/play_motion2_msgs/include/play_motion2_msgs/play_motion2_msgs/msg/rosidl_typesupport_fastrtps_cpp__visibility_control.h
[2.710s] -- Up-to-date symlink: /root/tiago_public_ws/install/play_motion2_msgs/include/play_motion2_msgs/play_motion2_msgs/srv/detail/add_motion__rosidl_typesupport_fastrtps_cpp.hpp
[2.710s] -- Up-to-date symlink: /root/tiago_public_ws/install/play_motion2_msgs/include/play_motion2_msgs/play_motion2_msgs/srv/detail/get_motion_info__rosidl_typesupport_fastrtps_cpp.hpp
[2.710s] -- Up-to-date symlink: /root/tiago_public_ws/install/play_motion2_msgs/include/play_motion2_msgs/play_motion2_msgs/srv/detail/is_motion_ready__rosidl_typesupport_fastrtps_cpp.hpp
[2.710s] -- Up-to-date symlink: /root/tiago_public_ws/install/play_motion2_msgs/include/play_motion2_msgs/play_motion2_msgs/srv/detail/list_motions__rosidl_typesupport_fastrtps_cpp.hpp
[2.710s] -- Up-to-date symlink: /root/tiago_public_ws/install/play_motion2_msgs/include/play_motion2_msgs/play_motion2_msgs/srv/detail/remove_motion__rosidl_typesupport_fastrtps_cpp.hpp
[2.711s] -- Up-to-date symlink: /root/tiago_public_ws/install/play_motion2_msgs/include/play_motion2_msgs/play_motion2_msgs/action/detail/play_motion2__rosidl_typesupport_introspection_c.h
[2.711s] -- Up-to-date symlink: /root/tiago_public_ws/install/play_motion2_msgs/include/play_motion2_msgs/play_motion2_msgs/msg/detail/motion__rosidl_typesupport_introspection_c.h
[2.711s] -- Up-to-date symlink: /root/tiago_public_ws/install/play_motion2_msgs/include/play_motion2_msgs/play_motion2_msgs/msg/rosidl_typesupport_introspection_c__visibility_control.h
[2.711s] -- Up-to-date symlink: /root/tiago_public_ws/install/play_motion2_msgs/include/play_motion2_msgs/play_motion2_msgs/srv/detail/add_motion__rosidl_typesupport_introspection_c.h
[2.711s] -- Up-to-date symlink: /root/tiago_public_ws/install/play_motion2_msgs/include/play_motion2_msgs/play_motion2_msgs/srv/detail/get_motion_info__rosidl_typesupport_introspection_c.h
[2.711s] -- Up-to-date symlink: /root/tiago_public_ws/install/play_motion2_msgs/include/play_motion2_msgs/play_motion2_msgs/srv/detail/is_motion_ready__rosidl_typesupport_introspection_c.h
[2.711s] -- Up-to-date symlink: /root/tiago_public_ws/install/play_motion2_msgs/include/play_motion2_msgs/play_motion2_msgs/srv/detail/list_motions__rosidl_typesupport_introspection_c.h
[2.711s] -- Up-to-date symlink: /root/tiago_public_ws/install/play_motion2_msgs/include/play_motion2_msgs/play_motion2_msgs/srv/detail/remove_motion__rosidl_typesupport_introspection_c.h
[2.711s] -- Up-to-date symlink: /root/tiago_public_ws/install/play_motion2_msgs/include/play_motion2_msgs/play_motion2_msgs/action/detail/play_motion2__rosidl_typesupport_introspection_cpp.hpp
[2.711s] -- Up-to-date symlink: /root/tiago_public_ws/install/play_motion2_msgs/include/play_motion2_msgs/play_motion2_msgs/msg/detail/motion__rosidl_typesupport_introspection_cpp.hpp
[2.712s] -- Up-to-date symlink: /root/tiago_public_ws/install/play_motion2_msgs/include/play_motion2_msgs/play_motion2_msgs/srv/detail/add_motion__rosidl_typesupport_introspection_cpp.hpp
[2.712s] -- Up-to-date symlink: /root/tiago_public_ws/install/play_motion2_msgs/include/play_motion2_msgs/play_motion2_msgs/srv/detail/get_motion_info__rosidl_typesupport_introspection_cpp.hpp
[2.712s] -- Up-to-date symlink: /root/tiago_public_ws/install/play_motion2_msgs/include/play_motion2_msgs/play_motion2_msgs/srv/detail/is_motion_ready__rosidl_typesupport_introspection_cpp.hpp
[2.712s] -- Up-to-date symlink: /root/tiago_public_ws/install/play_motion2_msgs/include/play_motion2_msgs/play_motion2_msgs/srv/detail/list_motions__rosidl_typesupport_introspection_cpp.hpp
[2.712s] -- Up-to-date symlink: /root/tiago_public_ws/install/play_motion2_msgs/include/play_motion2_msgs/play_motion2_msgs/srv/detail/remove_motion__rosidl_typesupport_introspection_cpp.hpp
[2.712s] -- Up-to-date symlink: /root/tiago_public_ws/install/play_motion2_msgs/share/play_motion2_msgs/environment/pythonpath.sh
[2.712s] -- Up-to-date symlink: /root/tiago_public_ws/install/play_motion2_msgs/share/play_motion2_msgs/environment/pythonpath.dsv
[2.713s] -- Up-to-date symlink: /root/tiago_public_ws/install/play_motion2_msgs/local/lib/python3.10/dist-packages/play_motion2_msgs-1.3.0-py3.10.egg-info/PKG-INFO
[2.713s] -- Up-to-date symlink: /root/tiago_public_ws/install/play_motion2_msgs/local/lib/python3.10/dist-packages/play_motion2_msgs-1.3.0-py3.10.egg-info/SOURCES.txt
[2.713s] -- Up-to-date symlink: /root/tiago_public_ws/install/play_motion2_msgs/local/lib/python3.10/dist-packages/play_motion2_msgs-1.3.0-py3.10.egg-info/dependency_links.txt
[2.714s] -- Up-to-date symlink: /root/tiago_public_ws/install/play_motion2_msgs/local/lib/python3.10/dist-packages/play_motion2_msgs-1.3.0-py3.10.egg-info/top_level.txt
[2.714s] -- Up-to-date symlink: /root/tiago_public_ws/install/play_motion2_msgs/local/lib/python3.10/dist-packages/play_motion2_msgs/__init__.py
[2.714s] -- Up-to-date symlink: /root/tiago_public_ws/install/play_motion2_msgs/local/lib/python3.10/dist-packages/play_motion2_msgs/_play_motion2_msgs_s.ep.rosidl_typesupport_c.c
[2.714s] -- Up-to-date symlink: /root/tiago_public_ws/install/play_motion2_msgs/local/lib/python3.10/dist-packages/play_motion2_msgs/_play_motion2_msgs_s.ep.rosidl_typesupport_fastrtps_c.c
[2.714s] -- Up-to-date symlink: /root/tiago_public_ws/install/play_motion2_msgs/local/lib/python3.10/dist-packages/play_motion2_msgs/_play_motion2_msgs_s.ep.rosidl_typesupport_introspection_c.c
[2.715s] -- Up-to-date symlink: /root/tiago_public_ws/install/play_motion2_msgs/local/lib/python3.10/dist-packages/play_motion2_msgs/action/__init__.py
[2.715s] -- Up-to-date symlink: /root/tiago_public_ws/install/play_motion2_msgs/local/lib/python3.10/dist-packages/play_motion2_msgs/action/_play_motion2.py
[2.715s] -- Up-to-date symlink: /root/tiago_public_ws/install/play_motion2_msgs/local/lib/python3.10/dist-packages/play_motion2_msgs/action/_play_motion2_s.c
[2.715s] -- Up-to-date symlink: /root/tiago_public_ws/install/play_motion2_msgs/local/lib/python3.10/dist-packages/play_motion2_msgs/libplay_motion2_msgs__rosidl_generator_py.so
[2.716s] -- Up-to-date symlink: /root/tiago_public_ws/install/play_motion2_msgs/local/lib/python3.10/dist-packages/play_motion2_msgs/msg/__init__.py
[2.716s] -- Up-to-date symlink: /root/tiago_public_ws/install/play_motion2_msgs/local/lib/python3.10/dist-packages/play_motion2_msgs/msg/_motion.py
[2.716s] -- Up-to-date symlink: /root/tiago_public_ws/install/play_motion2_msgs/local/lib/python3.10/dist-packages/play_motion2_msgs/msg/_motion_s.c
[2.716s] -- Up-to-date symlink: /root/tiago_public_ws/install/play_motion2_msgs/local/lib/python3.10/dist-packages/play_motion2_msgs/play_motion2_msgs_s__rosidl_typesupport_c.cpython-310-x86_64-linux-gnu.so
[2.717s] -- Up-to-date symlink: /root/tiago_public_ws/install/play_motion2_msgs/local/lib/python3.10/dist-packages/play_motion2_msgs/play_motion2_msgs_s__rosidl_typesupport_fastrtps_c.cpython-310-x86_64-linux-gnu.so
[2.717s] -- Up-to-date symlink: /root/tiago_public_ws/install/play_motion2_msgs/local/lib/python3.10/dist-packages/play_motion2_msgs/play_motion2_msgs_s__rosidl_typesupport_introspection_c.cpython-310-x86_64-linux-gnu.so
[2.717s] -- Up-to-date symlink: /root/tiago_public_ws/install/play_motion2_msgs/local/lib/python3.10/dist-packages/play_motion2_msgs/srv/__init__.py
[2.717s] -- Up-to-date symlink: /root/tiago_public_ws/install/play_motion2_msgs/local/lib/python3.10/dist-packages/play_motion2_msgs/srv/_add_motion.py
[2.718s] -- Up-to-date symlink: /root/tiago_public_ws/install/play_motion2_msgs/local/lib/python3.10/dist-packages/play_motion2_msgs/srv/_add_motion_s.c
[2.718s] -- Up-to-date symlink: /root/tiago_public_ws/install/play_motion2_msgs/local/lib/python3.10/dist-packages/play_motion2_msgs/srv/_get_motion_info.py
[2.718s] -- Up-to-date symlink: /root/tiago_public_ws/install/play_motion2_msgs/local/lib/python3.10/dist-packages/play_motion2_msgs/srv/_get_motion_info_s.c
[2.718s] -- Up-to-date symlink: /root/tiago_public_ws/install/play_motion2_msgs/local/lib/python3.10/dist-packages/play_motion2_msgs/srv/_is_motion_ready.py
[2.719s] -- Up-to-date symlink: /root/tiago_public_ws/install/play_motion2_msgs/local/lib/python3.10/dist-packages/play_motion2_msgs/srv/_is_motion_ready_s.c
[2.719s] -- Up-to-date symlink: /root/tiago_public_ws/install/play_motion2_msgs/local/lib/python3.10/dist-packages/play_motion2_msgs/srv/_list_motions.py
[2.719s] -- Up-to-date symlink: /root/tiago_public_ws/install/play_motion2_msgs/local/lib/python3.10/dist-packages/play_motion2_msgs/srv/_list_motions_s.c
[2.719s] -- Up-to-date symlink: /root/tiago_public_ws/install/play_motion2_msgs/local/lib/python3.10/dist-packages/play_motion2_msgs/srv/_remove_motion.py
[2.719s] -- Up-to-date symlink: /root/tiago_public_ws/install/play_motion2_msgs/local/lib/python3.10/dist-packages/play_motion2_msgs/srv/_remove_motion_s.c
[2.720s] -- Up-to-date symlink: /root/tiago_public_ws/install/play_motion2_msgs/local/lib/python3.10/dist-packages/play_motion2_msgs/play_motion2_msgs_s__rosidl_typesupport_fastrtps_c.cpython-310-x86_64-linux-gnu.so
[2.720s] -- Up-to-date symlink: /root/tiago_public_ws/install/play_motion2_msgs/local/lib/python3.10/dist-packages/play_motion2_msgs/play_motion2_msgs_s__rosidl_typesupport_introspection_c.cpython-310-x86_64-linux-gnu.so
[2.720s] -- Up-to-date symlink: /root/tiago_public_ws/install/play_motion2_msgs/local/lib/python3.10/dist-packages/play_motion2_msgs/play_motion2_msgs_s__rosidl_typesupport_c.cpython-310-x86_64-linux-gnu.so
[2.720s] -- Up-to-date symlink: /root/tiago_public_ws/install/play_motion2_msgs/share/play_motion2_msgs/action/PlayMotion2.idl
[2.721s] -- Up-to-date symlink: /root/tiago_public_ws/install/play_motion2_msgs/share/play_motion2_msgs/msg/Motion.idl
[2.721s] -- Up-to-date symlink: /root/tiago_public_ws/install/play_motion2_msgs/share/play_motion2_msgs/srv/AddMotion.idl
[2.721s] -- Up-to-date symlink: /root/tiago_public_ws/install/play_motion2_msgs/share/play_motion2_msgs/srv/GetMotionInfo.idl
[2.722s] -- Up-to-date symlink: /root/tiago_public_ws/install/play_motion2_msgs/share/play_motion2_msgs/srv/IsMotionReady.idl
[2.722s] -- Up-to-date symlink: /root/tiago_public_ws/install/play_motion2_msgs/share/play_motion2_msgs/srv/ListMotions.idl
[2.722s] -- Up-to-date symlink: /root/tiago_public_ws/install/play_motion2_msgs/share/play_motion2_msgs/srv/RemoveMotion.idl
[2.722s] -- Up-to-date symlink: /root/tiago_public_ws/install/play_motion2_msgs/share/play_motion2_msgs/action/PlayMotion2.action
[2.722s] -- Up-to-date symlink: /root/tiago_public_ws/install/play_motion2_msgs/share/play_motion2_msgs/msg/Motion.msg
[2.723s] -- Up-to-date symlink: /root/tiago_public_ws/install/play_motion2_msgs/share/play_motion2_msgs/srv/AddMotion.srv
[2.723s] -- Up-to-date symlink: /root/tiago_public_ws/install/play_motion2_msgs/share/play_motion2_msgs/srv/AddMotion_Request.msg
[2.723s] -- Up-to-date symlink: /root/tiago_public_ws/install/play_motion2_msgs/share/play_motion2_msgs/srv/AddMotion_Response.msg
[2.723s] -- Up-to-date symlink: /root/tiago_public_ws/install/play_motion2_msgs/share/play_motion2_msgs/srv/GetMotionInfo.srv
[2.724s] -- Up-to-date symlink: /root/tiago_public_ws/install/play_motion2_msgs/share/play_motion2_msgs/srv/GetMotionInfo_Request.msg
[2.724s] -- Up-to-date symlink: /root/tiago_public_ws/install/play_motion2_msgs/share/play_motion2_msgs/srv/GetMotionInfo_Response.msg
[2.724s] -- Up-to-date symlink: /root/tiago_public_ws/install/play_motion2_msgs/share/play_motion2_msgs/srv/IsMotionReady.srv
[2.724s] -- Up-to-date symlink: /root/tiago_public_ws/install/play_motion2_msgs/share/play_motion2_msgs/srv/IsMotionReady_Request.msg
[2.725s] -- Up-to-date symlink: /root/tiago_public_ws/install/play_motion2_msgs/share/play_motion2_msgs/srv/IsMotionReady_Response.msg
[2.725s] -- Up-to-date symlink: /root/tiago_public_ws/install/play_motion2_msgs/share/play_motion2_msgs/srv/ListMotions.srv
[2.725s] -- Up-to-date symlink: /root/tiago_public_ws/install/play_motion2_msgs/share/play_motion2_msgs/srv/ListMotions_Request.msg
[2.725s] -- Up-to-date symlink: /root/tiago_public_ws/install/play_motion2_msgs/share/play_motion2_msgs/srv/ListMotions_Response.msg
[2.725s] -- Up-to-date symlink: /root/tiago_public_ws/install/play_motion2_msgs/share/play_motion2_msgs/srv/RemoveMotion.srv
[2.725s] -- Up-to-date symlink: /root/tiago_public_ws/install/play_motion2_msgs/share/play_motion2_msgs/srv/RemoveMotion_Request.msg
[2.726s] -- Up-to-date symlink: /root/tiago_public_ws/install/play_motion2_msgs/share/play_motion2_msgs/srv/RemoveMotion_Response.msg
[2.727s] -- Up-to-date symlink: /root/tiago_public_ws/install/play_motion2_msgs/share/ament_index/resource_index/package_run_dependencies/play_motion2_msgs
[2.727s] -- Up-to-date symlink: /root/tiago_public_ws/install/play_motion2_msgs/share/ament_index/resource_index/parent_prefix_path/play_motion2_msgs
[2.728s] -- Up-to-date symlink: /root/tiago_public_ws/install/play_motion2_msgs/share/play_motion2_msgs/environment/ament_prefix_path.sh
[2.728s] -- Up-to-date symlink: /root/tiago_public_ws/install/play_motion2_msgs/share/play_motion2_msgs/environment/ament_prefix_path.dsv
[2.729s] -- Up-to-date symlink: /root/tiago_public_ws/install/play_motion2_msgs/share/play_motion2_msgs/environment/path.sh
[2.730s] -- Up-to-date symlink: /root/tiago_public_ws/install/play_motion2_msgs/share/play_motion2_msgs/environment/path.dsv
[2.731s] -- Up-to-date symlink: /root/tiago_public_ws/install/play_motion2_msgs/share/play_motion2_msgs/local_setup.bash
[2.732s] -- Up-to-date symlink: /root/tiago_public_ws/install/play_motion2_msgs/share/play_motion2_msgs/local_setup.sh
[2.735s] -- Up-to-date symlink: /root/tiago_public_ws/install/play_motion2_msgs/share/play_motion2_msgs/local_setup.zsh
[2.735s] -- Up-to-date symlink: /root/tiago_public_ws/install/play_motion2_msgs/share/play_motion2_msgs/local_setup.dsv
[2.736s] -- Symlinking: /root/tiago_public_ws/install/play_motion2_msgs/share/play_motion2_msgs/package.dsv
[2.747s] -- Up-to-date symlink: /root/tiago_public_ws/install/play_motion2_msgs/share/ament_index/resource_index/packages/play_motion2_msgs
[2.748s] -- Up-to-date symlink: /root/tiago_public_ws/install/play_motion2_msgs/share/play_motion2_msgs/cmake/rosidl_cmake-extras.cmake
[2.748s] -- Up-to-date symlink: /root/tiago_public_ws/install/play_motion2_msgs/share/play_motion2_msgs/cmake/ament_cmake_export_dependencies-extras.cmake
[2.748s] -- Up-to-date symlink: /root/tiago_public_ws/install/play_motion2_msgs/share/play_motion2_msgs/cmake/ament_cmake_export_include_directories-extras.cmake
[2.748s] -- Up-to-date symlink: /root/tiago_public_ws/install/play_motion2_msgs/share/play_motion2_msgs/cmake/ament_cmake_export_libraries-extras.cmake
[2.749s] -- Up-to-date symlink: /root/tiago_public_ws/install/play_motion2_msgs/share/play_motion2_msgs/cmake/ament_cmake_export_targets-extras.cmake
[2.749s] -- Up-to-date symlink: /root/tiago_public_ws/install/play_motion2_msgs/share/play_motion2_msgs/cmake/rosidl_cmake_export_typesupport_targets-extras.cmake
[2.750s] -- Up-to-date symlink: /root/tiago_public_ws/install/play_motion2_msgs/share/play_motion2_msgs/cmake/rosidl_cmake_export_typesupport_libraries-extras.cmake
[2.754s] -- Up-to-date symlink: /root/tiago_public_ws/install/play_motion2_msgs/share/play_motion2_msgs/cmake/play_motion2_msgsConfig.cmake
[2.755s] -- Up-to-date symlink: /root/tiago_public_ws/install/play_motion2_msgs/share/play_motion2_msgs/cmake/play_motion2_msgsConfig-version.cmake
[2.756s] -- Up-to-date symlink: /root/tiago_public_ws/install/play_motion2_msgs/share/play_motion2_msgs/package.xml
[2.756s] -- Up-to-date: /root/tiago_public_ws/install/play_motion2_msgs/lib/libplay_motion2_msgs__rosidl_generator_c.so
[2.757s] -- Up-to-date: /root/tiago_public_ws/install/play_motion2_msgs/lib/libplay_motion2_msgs__rosidl_typesupport_fastrtps_c.so
[2.757s] -- Up-to-date: /root/tiago_public_ws/install/play_motion2_msgs/lib/libplay_motion2_msgs__rosidl_typesupport_fastrtps_cpp.so
[2.758s] -- Up-to-date: /root/tiago_public_ws/install/play_motion2_msgs/lib/libplay_motion2_msgs__rosidl_typesupport_introspection_c.so
[2.758s] -- Up-to-date: /root/tiago_public_ws/install/play_motion2_msgs/lib/libplay_motion2_msgs__rosidl_typesupport_c.so
[2.758s] -- Up-to-date: /root/tiago_public_ws/install/play_motion2_msgs/lib/libplay_motion2_msgs__rosidl_typesupport_introspection_cpp.so
[2.758s] -- Up-to-date: /root/tiago_public_ws/install/play_motion2_msgs/lib/libplay_motion2_msgs__rosidl_typesupport_cpp.so
[2.860s] Listing '/root/tiago_public_ws/install/play_motion2_msgs/local/lib/python3.10/dist-packages/play_motion2_msgs'...
[2.861s] Listing '/root/tiago_public_ws/install/play_motion2_msgs/local/lib/python3.10/dist-packages/play_motion2_msgs/action'...
[2.861s] Listing '/root/tiago_public_ws/install/play_motion2_msgs/local/lib/python3.10/dist-packages/play_motion2_msgs/msg'...
[2.861s] Listing '/root/tiago_public_ws/install/play_motion2_msgs/local/lib/python3.10/dist-packages/play_motion2_msgs/srv'...
[2.867s] -- Up-to-date: /root/tiago_public_ws/install/play_motion2_msgs/lib/libplay_motion2_msgs__rosidl_generator_py.so
[2.867s] -- Up-to-date: /root/tiago_public_ws/install/play_motion2_msgs/share/play_motion2_msgs/cmake/export_play_motion2_msgs__rosidl_generator_cExport.cmake
[2.867s] -- Up-to-date: /root/tiago_public_ws/install/play_motion2_msgs/share/play_motion2_msgs/cmake/export_play_motion2_msgs__rosidl_generator_cExport-noconfig.cmake
[2.868s] -- Up-to-date: /root/tiago_public_ws/install/play_motion2_msgs/share/play_motion2_msgs/cmake/export_play_motion2_msgs__rosidl_typesupport_fastrtps_cExport.cmake
[2.870s] -- Up-to-date: /root/tiago_public_ws/install/play_motion2_msgs/share/play_motion2_msgs/cmake/export_play_motion2_msgs__rosidl_typesupport_fastrtps_cExport-noconfig.cmake
[2.870s] -- Up-to-date: /root/tiago_public_ws/install/play_motion2_msgs/share/play_motion2_msgs/cmake/export_play_motion2_msgs__rosidl_generator_cppExport.cmake
[2.870s] -- Up-to-date: /root/tiago_public_ws/install/play_motion2_msgs/share/play_motion2_msgs/cmake/export_play_motion2_msgs__rosidl_typesupport_fastrtps_cppExport.cmake
[2.870s] -- Up-to-date: /root/tiago_public_ws/install/play_motion2_msgs/share/play_motion2_msgs/cmake/export_play_motion2_msgs__rosidl_typesupport_fastrtps_cppExport-noconfig.cmake
[2.871s] -- Up-to-date: /root/tiago_public_ws/install/play_motion2_msgs/share/play_motion2_msgs/cmake/play_motion2_msgs__rosidl_typesupport_introspection_cExport.cmake
[2.871s] -- Up-to-date: /root/tiago_public_ws/install/play_motion2_msgs/share/play_motion2_msgs/cmake/play_motion2_msgs__rosidl_typesupport_introspection_cExport-noconfig.cmake
[2.871s] -- Up-to-date: /root/tiago_public_ws/install/play_motion2_msgs/share/play_motion2_msgs/cmake/play_motion2_msgs__rosidl_typesupport_cExport.cmake
[2.872s] -- Up-to-date: /root/tiago_public_ws/install/play_motion2_msgs/share/play_motion2_msgs/cmake/play_motion2_msgs__rosidl_typesupport_cExport-noconfig.cmake
[2.874s] -- Up-to-date: /root/tiago_public_ws/install/play_motion2_msgs/share/play_motion2_msgs/cmake/play_motion2_msgs__rosidl_typesupport_introspection_cppExport.cmake
[2.874s] -- Up-to-date: /root/tiago_public_ws/install/play_motion2_msgs/share/play_motion2_msgs/cmake/play_motion2_msgs__rosidl_typesupport_introspection_cppExport-noconfig.cmake
[2.874s] -- Up-to-date: /root/tiago_public_ws/install/play_motion2_msgs/share/play_motion2_msgs/cmake/play_motion2_msgs__rosidl_typesupport_cppExport.cmake
[2.875s] -- Up-to-date: /root/tiago_public_ws/install/play_motion2_msgs/share/play_motion2_msgs/cmake/play_motion2_msgs__rosidl_typesupport_cppExport-noconfig.cmake
[2.875s] -- Up-to-date: /root/tiago_public_ws/install/play_motion2_msgs/share/play_motion2_msgs/cmake/export_play_motion2_msgs__rosidl_generator_pyExport.cmake
[2.875s] -- Up-to-date: /root/tiago_public_ws/install/play_motion2_msgs/share/play_motion2_msgs/cmake/export_play_motion2_msgs__rosidl_generator_pyExport-noconfig.cmake
[2.908s] Invoked command in '/root/tiago_public_ws/build/play_motion2_msgs' returned '0': CMAKE_PREFIX_PATH=${CMAKE_PREFIX_PATH}:/root/tiago_public_ws/install/launch_pal:/root/nav2_ws/install/nav2_simple_commander:/opt/ros/humble /usr/bin/cmake --install /root/tiago_public_ws/build/play_motion2_msgs
