[1.064s] Invoking command in '/root/tiago_public_ws/src/launch_pal': PYTHONPATH=/root/tiago_public_ws/build/launch_pal/prefix_override:/usr/lib/python3/dist-packages/colcon_core/task/python/colcon_distutils_commands:/root/tiago_public_ws/install/launch_pal/lib/python3.10/site-packages:${PYTHONPATH} /usr/bin/python3 -W ignore:setup.py install is deprecated setup.py egg_info --egg-base ../../build/launch_pal build --build-base /root/tiago_public_ws/build/launch_pal/build install --record /root/tiago_public_ws/build/launch_pal/install.log --single-version-externally-managed install_data
[1.468s] running egg_info
[1.469s] writing ../../build/launch_pal/launch_pal.egg-info/PKG-INFO
[1.469s] writing dependency_links to ../../build/launch_pal/launch_pal.egg-info/dependency_links.txt
[1.470s] writing entry points to ../../build/launch_pal/launch_pal.egg-info/entry_points.txt
[1.470s] writing requirements to ../../build/launch_pal/launch_pal.egg-info/requires.txt
[1.470s] writing top-level names to ../../build/launch_pal/launch_pal.egg-info/top_level.txt
[1.479s] reading manifest file '../../build/launch_pal/launch_pal.egg-info/SOURCES.txt'
[1.479s] adding license file 'LICENSE'
[1.479s] writing manifest file '../../build/launch_pal/launch_pal.egg-info/SOURCES.txt'
[1.480s] running build
[1.480s] running build_py
[1.480s] running install
[1.480s] running install_lib
[1.481s] running install_data
[1.481s] running install_egg_info
[1.483s] removing '/root/tiago_public_ws/install/launch_pal/lib/python3.10/site-packages/launch_pal-0.1.15-py3.10.egg-info' (and everything under it)
[1.484s] Copying ../../build/launch_pal/launch_pal.egg-info to /root/tiago_public_ws/install/launch_pal/lib/python3.10/site-packages/launch_pal-0.1.15-py3.10.egg-info
[1.485s] running install_scripts
[1.519s] writing list of installed files to '/root/tiago_public_ws/build/launch_pal/install.log'
[1.564s] Invoked command in '/root/tiago_public_ws/src/launch_pal' returned '0': PYTHONPATH=/root/tiago_public_ws/build/launch_pal/prefix_override:/usr/lib/python3/dist-packages/colcon_core/task/python/colcon_distutils_commands:/root/tiago_public_ws/install/launch_pal/lib/python3.10/site-packages:${PYTHONPATH} /usr/bin/python3 -W ignore:setup.py install is deprecated setup.py egg_info --egg-base ../../build/launch_pal build --build-base /root/tiago_public_ws/build/launch_pal/build install --record /root/tiago_public_ws/build/launch_pal/install.log --single-version-externally-managed install_data
