[0.507s] Invoking command in '/root/tiago_public_ws/build/play_motion2': AMENT_PREFIX_PATH=/root/tiago_public_ws/install/play_motion2_msgs:/root/tiago_public_ws/install/launch_pal:${AMENT_PREFIX_PATH} CMAKE_PREFIX_PATH=/root/tiago_public_ws/install/play_motion2_msgs:/opt/ros/humble LD_LIBRARY_PATH=/root/tiago_public_ws/install/play_motion2_msgs/lib:${LD_LIBRARY_PATH} PYTHONPATH=/root/tiago_public_ws/install/play_motion2_msgs/local/lib/python3.10/dist-packages:/root/tiago_public_ws/install/launch_pal/lib/python3.10/site-packages:${PYTHONPATH} /usr/bin/cmake --build /root/tiago_public_ws/build/play_motion2 -- -j8 -l8
[0.635s] [  9%] Built target gtest_main
[0.660s] [ 18%] Built target gtest
[0.695s] [ 36%] Built target play_motion2
[0.717s] [ 45%] Built target play_motion2_node_test
[0.751s] [ 54%] Built target client
[0.809s] [ 63%] Built target rrbot_system
[0.811s] [ 72%] Built target run_motion
[0.849s] [ 81%] Built target play_motion2_node
[0.878s] [ 90%] Built target motion_loader_test
[0.902s] [100%] Built target play_motion2_test
[0.926s] Invoked command in '/root/tiago_public_ws/build/play_motion2' returned '0': AMENT_PREFIX_PATH=/root/tiago_public_ws/install/play_motion2_msgs:/root/tiago_public_ws/install/launch_pal:${AMENT_PREFIX_PATH} CMAKE_PREFIX_PATH=/root/tiago_public_ws/install/play_motion2_msgs:/opt/ros/humble LD_LIBRARY_PATH=/root/tiago_public_ws/install/play_motion2_msgs/lib:${LD_LIBRARY_PATH} PYTHONPATH=/root/tiago_public_ws/install/play_motion2_msgs/local/lib/python3.10/dist-packages:/root/tiago_public_ws/install/launch_pal/lib/python3.10/site-packages:${PYTHONPATH} /usr/bin/cmake --build /root/tiago_public_ws/build/play_motion2 -- -j8 -l8
[1.029s] Invoking command in '/root/tiago_public_ws/build/play_motion2': AMENT_PREFIX_PATH=/root/tiago_public_ws/install/play_motion2_msgs:/root/tiago_public_ws/install/launch_pal:${AMENT_PREFIX_PATH} CMAKE_PREFIX_PATH=/root/tiago_public_ws/install/play_motion2_msgs:/opt/ros/humble LD_LIBRARY_PATH=/root/tiago_public_ws/install/play_motion2_msgs/lib:${LD_LIBRARY_PATH} PYTHONPATH=/root/tiago_public_ws/install/play_motion2_msgs/local/lib/python3.10/dist-packages:/root/tiago_public_ws/install/launch_pal/lib/python3.10/site-packages:${PYTHONPATH} /usr/bin/cmake --install /root/tiago_public_ws/build/play_motion2
[1.041s] -- Install configuration: ""
[1.047s] -- Execute custom install script
[1.049s] -- Up-to-date symlink: /root/tiago_public_ws/install/play_motion2/share/play_motion2/test/rrbot/rrbot_system.xml
[1.049s] -- Up-to-date symlink: /root/tiago_public_ws/install/play_motion2/lib/play_motion2/play_motion2_node_test
[1.053s] -- Up-to-date symlink: /root/tiago_public_ws/install/play_motion2/include/play_motion2/client.hpp
[1.054s] -- Up-to-date symlink: /root/tiago_public_ws/install/play_motion2/include/play_motion2/motion_loader.hpp
[1.062s] -- Up-to-date symlink: /root/tiago_public_ws/install/play_motion2/include/play_motion2/motion_planner.hpp
[1.062s] -- Up-to-date symlink: /root/tiago_public_ws/install/play_motion2/include/play_motion2/play_motion2.hpp
[1.062s] -- Up-to-date symlink: /root/tiago_public_ws/install/play_motion2/include/play_motion2/types.hpp
[1.062s] -- Up-to-date symlink: /root/tiago_public_ws/install/play_motion2/share/play_motion2/environment/library_path.sh
[1.062s] -- Up-to-date symlink: /root/tiago_public_ws/install/play_motion2/share/play_motion2/environment/library_path.dsv
[1.062s] -- Up-to-date symlink: /root/tiago_public_ws/install/play_motion2/lib/libplay_motion2.so
[1.062s] -- Up-to-date symlink: /root/tiago_public_ws/install/play_motion2/lib/libclient.a
[1.062s] -- Up-to-date symlink: /root/tiago_public_ws/install/play_motion2/lib/librrbot_system.so
[1.062s] -- Up-to-date symlink: /root/tiago_public_ws/install/play_motion2/lib/play_motion2/play_motion2_node
[1.062s] -- Up-to-date symlink: /root/tiago_public_ws/install/play_motion2/lib/play_motion2/run_motion
[1.062s] -- Up-to-date symlink: /root/tiago_public_ws/install/play_motion2/share/play_motion2/config/motion_planner_config.yaml
[1.062s] -- Up-to-date symlink: /root/tiago_public_ws/install/play_motion2/share/play_motion2/launch/play_motion2.launch.py
[1.063s] -- Up-to-date symlink: /root/tiago_public_ws/install/play_motion2/share/ament_index/resource_index/package_run_dependencies/play_motion2
[1.064s] -- Up-to-date symlink: /root/tiago_public_ws/install/play_motion2/share/ament_index/resource_index/parent_prefix_path/play_motion2
[1.064s] -- Up-to-date symlink: /root/tiago_public_ws/install/play_motion2/share/play_motion2/environment/ament_prefix_path.sh
[1.064s] -- Up-to-date symlink: /root/tiago_public_ws/install/play_motion2/share/play_motion2/environment/ament_prefix_path.dsv
[1.064s] -- Up-to-date symlink: /root/tiago_public_ws/install/play_motion2/share/play_motion2/environment/path.sh
[1.065s] -- Up-to-date symlink: /root/tiago_public_ws/install/play_motion2/share/play_motion2/environment/path.dsv
[1.066s] -- Up-to-date symlink: /root/tiago_public_ws/install/play_motion2/share/play_motion2/local_setup.bash
[1.067s] -- Up-to-date symlink: /root/tiago_public_ws/install/play_motion2/share/play_motion2/local_setup.sh
[1.067s] -- Up-to-date symlink: /root/tiago_public_ws/install/play_motion2/share/play_motion2/local_setup.zsh
[1.067s] -- Up-to-date symlink: /root/tiago_public_ws/install/play_motion2/share/play_motion2/local_setup.dsv
[1.067s] -- Symlinking: /root/tiago_public_ws/install/play_motion2/share/play_motion2/package.dsv
[1.080s] -- Up-to-date symlink: /root/tiago_public_ws/install/play_motion2/share/ament_index/resource_index/packages/play_motion2
[1.083s] -- Up-to-date symlink: /root/tiago_public_ws/install/play_motion2/share/ament_index/resource_index/hardware_interface__pluginlib__plugin/play_motion2
[1.083s] -- Up-to-date symlink: /root/tiago_public_ws/install/play_motion2/share/play_motion2/cmake/ament_cmake_export_dependencies-extras.cmake
[1.083s] -- Up-to-date symlink: /root/tiago_public_ws/install/play_motion2/share/play_motion2/cmake/ament_cmake_export_include_directories-extras.cmake
[1.084s] -- Up-to-date symlink: /root/tiago_public_ws/install/play_motion2/share/play_motion2/cmake/ament_cmake_export_libraries-extras.cmake
[1.084s] -- Up-to-date symlink: /root/tiago_public_ws/install/play_motion2/share/play_motion2/cmake/play_motion2Config.cmake
[1.085s] -- Up-to-date symlink: /root/tiago_public_ws/install/play_motion2/share/play_motion2/cmake/play_motion2Config-version.cmake
[1.085s] -- Up-to-date symlink: /root/tiago_public_ws/install/play_motion2/share/play_motion2/package.xml
[1.117s] Invoked command in '/root/tiago_public_ws/build/play_motion2' returned '0': AMENT_PREFIX_PATH=/root/tiago_public_ws/install/play_motion2_msgs:/root/tiago_public_ws/install/launch_pal:${AMENT_PREFIX_PATH} CMAKE_PREFIX_PATH=/root/tiago_public_ws/install/play_motion2_msgs:/opt/ros/humble LD_LIBRARY_PATH=/root/tiago_public_ws/install/play_motion2_msgs/lib:${LD_LIBRARY_PATH} PYTHONPATH=/root/tiago_public_ws/install/play_motion2_msgs/local/lib/python3.10/dist-packages:/root/tiago_public_ws/install/launch_pal/lib/python3.10/site-packages:${PYTHONPATH} /usr/bin/cmake --install /root/tiago_public_ws/build/play_motion2
