[0.381s] Invoking command in '/root/tiago_public_ws/build/pal_robotiq_controller_configuration': CMAKE_PREFIX_PATH=/opt/ros/humble /usr/bin/cmake --build /root/tiago_public_ws/build/pal_robotiq_controller_configuration -- -j8 -l8
[0.443s] Invoked command in '/root/tiago_public_ws/build/pal_robotiq_controller_configuration' returned '0': CMAKE_PREFIX_PATH=/opt/ros/humble /usr/bin/cmake --build /root/tiago_public_ws/build/pal_robotiq_controller_configuration -- -j8 -l8
[0.485s] Invoking command in '/root/tiago_public_ws/build/pal_robotiq_controller_configuration': CMAKE_PREFIX_PATH=/opt/ros/humble /usr/bin/cmake --install /root/tiago_public_ws/build/pal_robotiq_controller_configuration
[0.504s] -- Install configuration: ""
[0.504s] -- Execute custom install script
[0.504s] -- Up-to-date symlink: /root/tiago_public_ws/install/pal_robotiq_controller_configuration/share/pal_robotiq_controller_configuration/config/robotiq_gripper_controller.yaml
[0.505s] -- Up-to-date symlink: /root/tiago_public_ws/install/pal_robotiq_controller_configuration/share/pal_robotiq_controller_configuration/launch/robotiq_gripper_controller.launch.py
[0.505s] -- Up-to-date symlink: /root/tiago_public_ws/install/pal_robotiq_controller_configuration/share/ament_index/resource_index/package_run_dependencies/pal_robotiq_controller_configuration
[0.505s] -- Up-to-date symlink: /root/tiago_public_ws/install/pal_robotiq_controller_configuration/share/ament_index/resource_index/parent_prefix_path/pal_robotiq_controller_configuration
[0.505s] -- Up-to-date symlink: /root/tiago_public_ws/install/pal_robotiq_controller_configuration/share/pal_robotiq_controller_configuration/environment/ament_prefix_path.sh
[0.505s] -- Up-to-date symlink: /root/tiago_public_ws/install/pal_robotiq_controller_configuration/share/pal_robotiq_controller_configuration/environment/ament_prefix_path.dsv
[0.506s] -- Up-to-date symlink: /root/tiago_public_ws/install/pal_robotiq_controller_configuration/share/pal_robotiq_controller_configuration/environment/path.sh
[0.506s] -- Up-to-date symlink: /root/tiago_public_ws/install/pal_robotiq_controller_configuration/share/pal_robotiq_controller_configuration/environment/path.dsv
[0.506s] -- Up-to-date symlink: /root/tiago_public_ws/install/pal_robotiq_controller_configuration/share/pal_robotiq_controller_configuration/local_setup.bash
[0.506s] -- Up-to-date symlink: /root/tiago_public_ws/install/pal_robotiq_controller_configuration/share/pal_robotiq_controller_configuration/local_setup.sh
[0.507s] -- Up-to-date symlink: /root/tiago_public_ws/install/pal_robotiq_controller_configuration/share/pal_robotiq_controller_configuration/local_setup.zsh
[0.507s] -- Up-to-date symlink: /root/tiago_public_ws/install/pal_robotiq_controller_configuration/share/pal_robotiq_controller_configuration/local_setup.dsv
[0.507s] -- Symlinking: /root/tiago_public_ws/install/pal_robotiq_controller_configuration/share/pal_robotiq_controller_configuration/package.dsv
[0.538s] -- Up-to-date symlink: /root/tiago_public_ws/install/pal_robotiq_controller_configuration/share/ament_index/resource_index/packages/pal_robotiq_controller_configuration
[0.538s] -- Up-to-date symlink: /root/tiago_public_ws/install/pal_robotiq_controller_configuration/share/pal_robotiq_controller_configuration/cmake/pal_robotiq_controller_configurationConfig.cmake
[0.539s] -- Up-to-date symlink: /root/tiago_public_ws/install/pal_robotiq_controller_configuration/share/pal_robotiq_controller_configuration/cmake/pal_robotiq_controller_configurationConfig-version.cmake
[0.539s] -- Up-to-date symlink: /root/tiago_public_ws/install/pal_robotiq_controller_configuration/share/pal_robotiq_controller_configuration/package.xml
[0.591s] Invoked command in '/root/tiago_public_ws/build/pal_robotiq_controller_configuration' returned '0': CMAKE_PREFIX_PATH=/opt/ros/humble /usr/bin/cmake --install /root/tiago_public_ws/build/pal_robotiq_controller_configuration
