[0.064s] Invoking command in '/root/tiago_public_ws/build/pmb2_laser_sensors': CMAKE_PREFIX_PATH=${CMAKE_PREFIX_PATH}:/root/tiago_public_ws/install/launch_pal:/opt/ros/humble /usr/bin/cmake --build /root/tiago_public_ws/build/pmb2_laser_sensors -- -j8 -l8
[0.145s] Invoked command in '/root/tiago_public_ws/build/pmb2_laser_sensors' returned '0': CMAKE_PREFIX_PATH=${CMAKE_PREFIX_PATH}:/root/tiago_public_ws/install/launch_pal:/opt/ros/humble /usr/bin/cmake --build /root/tiago_public_ws/build/pmb2_laser_sensors -- -j8 -l8
[0.191s] Invoking command in '/root/tiago_public_ws/build/pmb2_laser_sensors': CMAKE_PREFIX_PATH=${CMAKE_PREFIX_PATH}:/root/tiago_public_ws/install/launch_pal:/opt/ros/humble /usr/bin/cmake --install /root/tiago_public_ws/build/pmb2_laser_sensors
[0.219s] -- Install configuration: ""
[0.220s] -- Execute custom install script
[0.220s] -- Up-to-date symlink: /root/tiago_public_ws/install/pmb2_laser_sensors/share/pmb2_laser_sensors/params/laser_pipeline.yaml
[0.221s] -- Up-to-date symlink: /root/tiago_public_ws/install/pmb2_laser_sensors/share/pmb2_laser_sensors/params/laser_pipeline_sim.yaml
[0.222s] -- Up-to-date symlink: /root/tiago_public_ws/install/pmb2_laser_sensors/share/pmb2_laser_sensors/params/laser_pipeline_w_composition.yaml
[0.222s] -- Up-to-date symlink: /root/tiago_public_ws/install/pmb2_laser_sensors/share/ament_index/resource_index/package_run_dependencies/pmb2_laser_sensors
[0.224s] -- Up-to-date symlink: /root/tiago_public_ws/install/pmb2_laser_sensors/share/ament_index/resource_index/parent_prefix_path/pmb2_laser_sensors
[0.226s] -- Up-to-date symlink: /root/tiago_public_ws/install/pmb2_laser_sensors/share/pmb2_laser_sensors/environment/ament_prefix_path.sh
[0.234s] -- Up-to-date symlink: /root/tiago_public_ws/install/pmb2_laser_sensors/share/pmb2_laser_sensors/environment/ament_prefix_path.dsv
[0.235s] -- Up-to-date symlink: /root/tiago_public_ws/install/pmb2_laser_sensors/share/pmb2_laser_sensors/environment/path.sh
[0.235s] -- Up-to-date symlink: /root/tiago_public_ws/install/pmb2_laser_sensors/share/pmb2_laser_sensors/environment/path.dsv
[0.235s] -- Up-to-date symlink: /root/tiago_public_ws/install/pmb2_laser_sensors/share/pmb2_laser_sensors/local_setup.bash
[0.235s] -- Up-to-date symlink: /root/tiago_public_ws/install/pmb2_laser_sensors/share/pmb2_laser_sensors/local_setup.sh
[0.236s] -- Up-to-date symlink: /root/tiago_public_ws/install/pmb2_laser_sensors/share/pmb2_laser_sensors/local_setup.zsh
[0.237s] -- Up-to-date symlink: /root/tiago_public_ws/install/pmb2_laser_sensors/share/pmb2_laser_sensors/local_setup.dsv
[0.239s] -- Symlinking: /root/tiago_public_ws/install/pmb2_laser_sensors/share/pmb2_laser_sensors/package.dsv
[0.251s] -- Up-to-date symlink: /root/tiago_public_ws/install/pmb2_laser_sensors/share/ament_index/resource_index/packages/pmb2_laser_sensors
[0.251s] -- Up-to-date symlink: /root/tiago_public_ws/install/pmb2_laser_sensors/share/pmb2_laser_sensors/cmake/pmb2_laser_sensorsConfig.cmake
[0.251s] -- Up-to-date symlink: /root/tiago_public_ws/install/pmb2_laser_sensors/share/pmb2_laser_sensors/cmake/pmb2_laser_sensorsConfig-version.cmake
[0.252s] -- Up-to-date symlink: /root/tiago_public_ws/install/pmb2_laser_sensors/share/pmb2_laser_sensors/package.xml
[0.331s] Invoked command in '/root/tiago_public_ws/build/pmb2_laser_sensors' returned '0': CMAKE_PREFIX_PATH=${CMAKE_PREFIX_PATH}:/root/tiago_public_ws/install/launch_pal:/opt/ros/humble /usr/bin/cmake --install /root/tiago_public_ws/build/pmb2_laser_sensors
