[0.283s] Invoking command in '/root/tiago_public_ws/build/pmb2_description': AMENT_PREFIX_PATH=/root/tiago_public_ws/install/urdf_test:/root/tiago_public_ws/install/pal_urdf_utils:/root/tiago_public_ws/install/launch_pal:${AMENT_PREFIX_PATH} CMAKE_PREFIX_PATH=/root/tiago_public_ws/install/urdf_test:/root/tiago_public_ws/install/pal_urdf_utils:/opt/ros/humble PYTHONPATH=/root/tiago_public_ws/install/urdf_test/local/lib/python3.10/dist-packages:/root/tiago_public_ws/build/launch_pal:/root/tiago_public_ws/install/launch_pal/lib/python3.10/site-packages:${PYTHONPATH} /usr/bin/cmake --build /root/tiago_public_ws/build/pmb2_description -- -j8 -l8
[0.374s] Built target ament_cmake_python_symlink_pmb2_description
[0.979s] running egg_info
[0.980s] writing pmb2_description.egg-info/PKG-INFO
[0.980s] writing dependency_links to pmb2_description.egg-info/dependency_links.txt
[0.980s] writing top-level names to pmb2_description.egg-info/top_level.txt
[0.981s] reading manifest file 'pmb2_description.egg-info/SOURCES.txt'
[0.981s] writing manifest file 'pmb2_description.egg-info/SOURCES.txt'
[1.039s] Built target ament_cmake_python_build_pmb2_description_egg
[1.060s] Invoked command in '/root/tiago_public_ws/build/pmb2_description' returned '0': AMENT_PREFIX_PATH=/root/tiago_public_ws/install/urdf_test:/root/tiago_public_ws/install/pal_urdf_utils:/root/tiago_public_ws/install/launch_pal:${AMENT_PREFIX_PATH} CMAKE_PREFIX_PATH=/root/tiago_public_ws/install/urdf_test:/root/tiago_public_ws/install/pal_urdf_utils:/opt/ros/humble PYTHONPATH=/root/tiago_public_ws/install/urdf_test/local/lib/python3.10/dist-packages:/root/tiago_public_ws/build/launch_pal:/root/tiago_public_ws/install/launch_pal/lib/python3.10/site-packages:${PYTHONPATH} /usr/bin/cmake --build /root/tiago_public_ws/build/pmb2_description -- -j8 -l8
[1.098s] Invoking command in '/root/tiago_public_ws/build/pmb2_description': AMENT_PREFIX_PATH=/root/tiago_public_ws/install/urdf_test:/root/tiago_public_ws/install/pal_urdf_utils:/root/tiago_public_ws/install/launch_pal:${AMENT_PREFIX_PATH} CMAKE_PREFIX_PATH=/root/tiago_public_ws/install/urdf_test:/root/tiago_public_ws/install/pal_urdf_utils:/opt/ros/humble PYTHONPATH=/root/tiago_public_ws/install/urdf_test/local/lib/python3.10/dist-packages:/root/tiago_public_ws/build/launch_pal:/root/tiago_public_ws/install/launch_pal/lib/python3.10/site-packages:${PYTHONPATH} /usr/bin/cmake --install /root/tiago_public_ws/build/pmb2_description
[1.103s] -- Install configuration: ""
[1.104s] -- Execute custom install script
[1.105s] -- Up-to-date symlink: /root/tiago_public_ws/install/pmb2_description/share/pmb2_description/environment/pythonpath.sh
[1.106s] -- Up-to-date symlink: /root/tiago_public_ws/install/pmb2_description/share/pmb2_description/environment/pythonpath.dsv
[1.106s] -- Up-to-date symlink: /root/tiago_public_ws/install/pmb2_description/local/lib/python3.10/dist-packages/pmb2_description-5.3.0-py3.10.egg-info/PKG-INFO
[1.106s] -- Up-to-date symlink: /root/tiago_public_ws/install/pmb2_description/local/lib/python3.10/dist-packages/pmb2_description-5.3.0-py3.10.egg-info/SOURCES.txt
[1.107s] -- Up-to-date symlink: /root/tiago_public_ws/install/pmb2_description/local/lib/python3.10/dist-packages/pmb2_description-5.3.0-py3.10.egg-info/dependency_links.txt
[1.107s] -- Up-to-date symlink: /root/tiago_public_ws/install/pmb2_description/local/lib/python3.10/dist-packages/pmb2_description-5.3.0-py3.10.egg-info/top_level.txt
[1.108s] -- Up-to-date symlink: /root/tiago_public_ws/install/pmb2_description/local/lib/python3.10/dist-packages/pmb2_description/__init__.py
[1.108s] -- Up-to-date symlink: /root/tiago_public_ws/install/pmb2_description/local/lib/python3.10/dist-packages/pmb2_description/launch_arguments.py
[1.110s] -- Up-to-date symlink: /root/tiago_public_ws/install/pmb2_description/share/pmb2_description/rviz/pmb2.rviz
[1.112s] -- Up-to-date symlink: /root/tiago_public_ws/install/pmb2_description/share/pmb2_description/launch/robot_state_publisher.launch.py
[1.113s] -- Up-to-date symlink: /root/tiago_public_ws/install/pmb2_description/share/pmb2_description/launch/show.launch.py
[1.115s] -- Up-to-date symlink: /root/tiago_public_ws/install/pmb2_description/share/pmb2_description/meshes/base/base.stl
[1.117s] -- Up-to-date symlink: /root/tiago_public_ws/install/pmb2_description/share/pmb2_description/meshes/base/base_collision.dae
[1.117s] -- Up-to-date symlink: /root/tiago_public_ws/install/pmb2_description/share/pmb2_description/meshes/base/base_dock_link.stl
[1.117s] -- Up-to-date symlink: /root/tiago_public_ws/install/pmb2_description/share/pmb2_description/meshes/base/base_ring.stl
[1.118s] -- Up-to-date symlink: /root/tiago_public_ws/install/pmb2_description/share/pmb2_description/meshes/base/high_resolution/base.stl
[1.118s] -- Up-to-date symlink: /root/tiago_public_ws/install/pmb2_description/share/pmb2_description/meshes/base/high_resolution/base_collision.stl
[1.118s] -- Up-to-date symlink: /root/tiago_public_ws/install/pmb2_description/share/pmb2_description/meshes/cameras_add_on/cameras_add_on.stl
[1.119s] -- Up-to-date symlink: /root/tiago_public_ws/install/pmb2_description/share/pmb2_description/meshes/cameras_add_on/cameras_add_on_collision.stl
[1.119s] -- Up-to-date symlink: /root/tiago_public_ws/install/pmb2_description/share/pmb2_description/meshes/dock/dock.stl
[1.119s] -- Up-to-date symlink: /root/tiago_public_ws/install/pmb2_description/share/pmb2_description/meshes/dock/dock_collision.stl
[1.119s] -- Up-to-date symlink: /root/tiago_public_ws/install/pmb2_description/share/pmb2_description/meshes/objects/antenna.stl
[1.119s] -- Up-to-date symlink: /root/tiago_public_ws/install/pmb2_description/share/pmb2_description/meshes/objects/cover.stl
[1.120s] -- Up-to-date symlink: /root/tiago_public_ws/install/pmb2_description/share/pmb2_description/meshes/objects/high_resolution/cover.stl
[1.120s] -- Up-to-date symlink: /root/tiago_public_ws/install/pmb2_description/share/pmb2_description/meshes/sensors/bumper.stl
[1.121s] -- Up-to-date symlink: /root/tiago_public_ws/install/pmb2_description/share/pmb2_description/meshes/sensors/bumper_collision.stl
[1.121s] -- Up-to-date symlink: /root/tiago_public_ws/install/pmb2_description/share/pmb2_description/meshes/sensors/elp_camera.stl
[1.122s] -- Up-to-date symlink: /root/tiago_public_ws/install/pmb2_description/share/pmb2_description/meshes/sensors/high_resolution/bumper.stl
[1.124s] -- Up-to-date symlink: /root/tiago_public_ws/install/pmb2_description/share/pmb2_description/meshes/sensors/high_resolution/hokuyo_urg_04lx_ug01.stl
[1.124s] -- Up-to-date symlink: /root/tiago_public_ws/install/pmb2_description/share/pmb2_description/meshes/sensors/high_resolution/sick_tim551.stl
[1.125s] -- Up-to-date symlink: /root/tiago_public_ws/install/pmb2_description/share/pmb2_description/meshes/sensors/high_resolution/srf05.stl
[1.125s] -- Up-to-date symlink: /root/tiago_public_ws/install/pmb2_description/share/pmb2_description/meshes/sensors/high_resolution/xtion_pro_live.stl
[1.126s] -- Up-to-date symlink: /root/tiago_public_ws/install/pmb2_description/share/pmb2_description/meshes/sensors/hokuyo_urg_04lx_ug01.stl
[1.126s] -- Up-to-date symlink: /root/tiago_public_ws/install/pmb2_description/share/pmb2_description/meshes/sensors/sick_tim551.stl
[1.127s] -- Up-to-date symlink: /root/tiago_public_ws/install/pmb2_description/share/pmb2_description/meshes/sensors/srf05.stl
[1.127s] -- Up-to-date symlink: /root/tiago_public_ws/install/pmb2_description/share/pmb2_description/meshes/sensors/structure_sensor.stl
[1.128s] -- Up-to-date symlink: /root/tiago_public_ws/install/pmb2_description/share/pmb2_description/meshes/sensors/xtion_pro_live.dae
[1.128s] -- Up-to-date symlink: /root/tiago_public_ws/install/pmb2_description/share/pmb2_description/meshes/wheels/caster_1.stl
[1.128s] -- Up-to-date symlink: /root/tiago_public_ws/install/pmb2_description/share/pmb2_description/meshes/wheels/caster_2.stl
[1.129s] -- Up-to-date symlink: /root/tiago_public_ws/install/pmb2_description/share/pmb2_description/meshes/wheels/high_resolution/caster_1.stl
[1.130s] -- Up-to-date symlink: /root/tiago_public_ws/install/pmb2_description/share/pmb2_description/meshes/wheels/high_resolution/caster_2.stl
[1.130s] -- Up-to-date symlink: /root/tiago_public_ws/install/pmb2_description/share/pmb2_description/meshes/wheels/high_resolution/wheel.stl
[1.131s] -- Up-to-date symlink: /root/tiago_public_ws/install/pmb2_description/share/pmb2_description/meshes/wheels/wheel.stl
[1.132s] -- Up-to-date symlink: /root/tiago_public_ws/install/pmb2_description/share/pmb2_description/config/pmb2_configuration.yaml
[1.132s] -- Up-to-date symlink: /root/tiago_public_ws/install/pmb2_description/share/pmb2_description/robots/pmb2.urdf.xacro
[1.135s] -- Up-to-date symlink: /root/tiago_public_ws/install/pmb2_description/share/pmb2_description/ros2_control/gazebo_controller_manager_cfg.yaml
[1.136s] -- Up-to-date symlink: /root/tiago_public_ws/install/pmb2_description/share/pmb2_description/ros2_control/ros2_control.urdf.xacro
[1.137s] -- Up-to-date symlink: /root/tiago_public_ws/install/pmb2_description/share/pmb2_description/urdf/base/base.gazebo.xacro
[1.137s] -- Up-to-date symlink: /root/tiago_public_ws/install/pmb2_description/share/pmb2_description/urdf/base/base.urdf.xacro
[1.137s] -- Up-to-date symlink: /root/tiago_public_ws/install/pmb2_description/share/pmb2_description/urdf/base/base_sensors.urdf.xacro
[1.140s] -- Up-to-date symlink: /root/tiago_public_ws/install/pmb2_description/share/pmb2_description/urdf/cameras_add_on/cameras_add_on.urdf.xacro
[1.141s] -- Up-to-date symlink: /root/tiago_public_ws/install/pmb2_description/share/pmb2_description/urdf/dock/dock.urdf.xacro
[1.141s] -- Up-to-date symlink: /root/tiago_public_ws/install/pmb2_description/share/pmb2_description/urdf/objects/antenna.urdf.xacro
[1.141s] -- Up-to-date symlink: /root/tiago_public_ws/install/pmb2_description/share/pmb2_description/urdf/objects/cover.urdf.xacro
[1.141s] -- Up-to-date symlink: /root/tiago_public_ws/install/pmb2_description/share/pmb2_description/urdf/sensors/bumper.gazebo.xacro
[1.145s] -- Up-to-date symlink: /root/tiago_public_ws/install/pmb2_description/share/pmb2_description/urdf/sensors/bumper.urdf.xacro
[1.145s] -- Up-to-date symlink: /root/tiago_public_ws/install/pmb2_description/share/pmb2_description/urdf/sensors/courier.urdf.xacro
[1.145s] -- Up-to-date symlink: /root/tiago_public_ws/install/pmb2_description/share/pmb2_description/urdf/sensors/elp_rgb.gazebo.xacro
[1.146s] -- Up-to-date symlink: /root/tiago_public_ws/install/pmb2_description/share/pmb2_description/urdf/sensors/elp_rgb.urdf.xacro
[1.146s] -- Up-to-date symlink: /root/tiago_public_ws/install/pmb2_description/share/pmb2_description/urdf/sensors/hokuyo_urg_04lx_ug01_laser.gazebo.xacro
[1.147s] -- Up-to-date symlink: /root/tiago_public_ws/install/pmb2_description/share/pmb2_description/urdf/sensors/hokuyo_urg_04lx_ug01_laser.urdf.xacro
[1.148s] -- Up-to-date symlink: /root/tiago_public_ws/install/pmb2_description/share/pmb2_description/urdf/sensors/imu.gazebo.xacro
[1.149s] -- Up-to-date symlink: /root/tiago_public_ws/install/pmb2_description/share/pmb2_description/urdf/sensors/imu.urdf.xacro
[1.149s] -- Up-to-date symlink: /root/tiago_public_ws/install/pmb2_description/share/pmb2_description/urdf/sensors/microphone.urdf.xacro
[1.149s] -- Up-to-date symlink: /root/tiago_public_ws/install/pmb2_description/share/pmb2_description/urdf/sensors/range.gazebo.xacro
[1.150s] -- Up-to-date symlink: /root/tiago_public_ws/install/pmb2_description/share/pmb2_description/urdf/sensors/range.urdf.xacro
[1.150s] -- Up-to-date symlink: /root/tiago_public_ws/install/pmb2_description/share/pmb2_description/urdf/sensors/sensors.ros2_control.xacro
[1.150s] -- Up-to-date symlink: /root/tiago_public_ws/install/pmb2_description/share/pmb2_description/urdf/sensors/sick_tim551_laser.gazebo.xacro
[1.151s] -- Up-to-date symlink: /root/tiago_public_ws/install/pmb2_description/share/pmb2_description/urdf/sensors/sick_tim551_laser.urdf.xacro
[1.152s] -- Up-to-date symlink: /root/tiago_public_ws/install/pmb2_description/share/pmb2_description/urdf/sensors/sick_tim561_laser.gazebo.xacro
[1.152s] -- Up-to-date symlink: /root/tiago_public_ws/install/pmb2_description/share/pmb2_description/urdf/sensors/sick_tim561_laser.urdf.xacro
[1.152s] -- Up-to-date symlink: /root/tiago_public_ws/install/pmb2_description/share/pmb2_description/urdf/sensors/sick_tim571_laser.gazebo.xacro
[1.152s] -- Up-to-date symlink: /root/tiago_public_ws/install/pmb2_description/share/pmb2_description/urdf/sensors/sick_tim571_laser.urdf.xacro
[1.153s] -- Up-to-date symlink: /root/tiago_public_ws/install/pmb2_description/share/pmb2_description/urdf/sensors/structure_sensor.gazebo.xacro
[1.153s] -- Up-to-date symlink: /root/tiago_public_ws/install/pmb2_description/share/pmb2_description/urdf/sensors/structure_sensor.urdf.xacro
[1.154s] -- Up-to-date symlink: /root/tiago_public_ws/install/pmb2_description/share/pmb2_description/urdf/wheels/caster.gazebo.xacro
[1.158s] -- Up-to-date symlink: /root/tiago_public_ws/install/pmb2_description/share/pmb2_description/urdf/wheels/caster.urdf.xacro
[1.159s] -- Up-to-date symlink: /root/tiago_public_ws/install/pmb2_description/share/pmb2_description/urdf/wheels/wheel.gazebo.xacro
[1.160s] -- Up-to-date symlink: /root/tiago_public_ws/install/pmb2_description/share/pmb2_description/urdf/wheels/wheel.ros2_control.xacro
[1.161s] -- Up-to-date symlink: /root/tiago_public_ws/install/pmb2_description/share/pmb2_description/urdf/wheels/wheel.urdf.xacro
[1.161s] -- Up-to-date symlink: /root/tiago_public_ws/install/pmb2_description/share/ament_index/resource_index/package_run_dependencies/pmb2_description
[1.161s] -- Up-to-date symlink: /root/tiago_public_ws/install/pmb2_description/share/ament_index/resource_index/parent_prefix_path/pmb2_description
[1.162s] -- Up-to-date symlink: /root/tiago_public_ws/install/pmb2_description/share/pmb2_description/environment/ament_prefix_path.sh
[1.162s] -- Up-to-date symlink: /root/tiago_public_ws/install/pmb2_description/share/pmb2_description/environment/ament_prefix_path.dsv
[1.162s] -- Up-to-date symlink: /root/tiago_public_ws/install/pmb2_description/share/pmb2_description/environment/path.sh
[1.162s] -- Up-to-date symlink: /root/tiago_public_ws/install/pmb2_description/share/pmb2_description/environment/path.dsv
[1.163s] -- Up-to-date symlink: /root/tiago_public_ws/install/pmb2_description/share/pmb2_description/local_setup.bash
[1.163s] -- Up-to-date symlink: /root/tiago_public_ws/install/pmb2_description/share/pmb2_description/local_setup.sh
[1.163s] -- Up-to-date symlink: /root/tiago_public_ws/install/pmb2_description/share/pmb2_description/local_setup.zsh
[1.163s] -- Up-to-date symlink: /root/tiago_public_ws/install/pmb2_description/share/pmb2_description/local_setup.dsv
[1.164s] -- Symlinking: /root/tiago_public_ws/install/pmb2_description/share/pmb2_description/package.dsv
[1.173s] -- Up-to-date symlink: /root/tiago_public_ws/install/pmb2_description/share/ament_index/resource_index/packages/pmb2_description
[1.174s] -- Up-to-date symlink: /root/tiago_public_ws/install/pmb2_description/share/pmb2_description/cmake/pmb2_descriptionConfig.cmake
[1.175s] -- Up-to-date symlink: /root/tiago_public_ws/install/pmb2_description/share/pmb2_description/cmake/pmb2_descriptionConfig-version.cmake
[1.175s] -- Up-to-date symlink: /root/tiago_public_ws/install/pmb2_description/share/pmb2_description/package.xml
[1.235s] Listing '/root/tiago_public_ws/install/pmb2_description/local/lib/python3.10/dist-packages/pmb2_description'...
[1.245s] Invoked command in '/root/tiago_public_ws/build/pmb2_description' returned '0': AMENT_PREFIX_PATH=/root/tiago_public_ws/install/urdf_test:/root/tiago_public_ws/install/pal_urdf_utils:/root/tiago_public_ws/install/launch_pal:${AMENT_PREFIX_PATH} CMAKE_PREFIX_PATH=/root/tiago_public_ws/install/urdf_test:/root/tiago_public_ws/install/pal_urdf_utils:/opt/ros/humble PYTHONPATH=/root/tiago_public_ws/install/urdf_test/local/lib/python3.10/dist-packages:/root/tiago_public_ws/build/launch_pal:/root/tiago_public_ws/install/launch_pal/lib/python3.10/site-packages:${PYTHONPATH} /usr/bin/cmake --install /root/tiago_public_ws/build/pmb2_description
