[0.160s] Invoking command in '/root/tiago_public_ws/build/plansys2_bt_example': CMAKE_PREFIX_PATH=${CMAKE_PREFIX_PATH}:/root/tiago_public_ws/install/launch_pal:/opt/ros/humble /usr/bin/cmake /root/tiago_public_ws/src/ros2_planning_system_examples/plansys2_bt_example -DAMENT_CMAKE_SYMLINK_INSTALL=1 -DCMAKE_INSTALL_PREFIX=/root/tiago_public_ws/install/plansys2_bt_example
[0.210s] -- Found ament_cmake: 1.3.10 (/opt/ros/humble/share/ament_cmake/cmake)
[0.783s] -- Override CMake install command with custom implementation using symlinks instead of copying resources
[0.797s] -- Found rclcpp: 16.0.10 (/opt/ros/humble/share/rclcpp/cmake)
[1.252s] -- Found rosidl_generator_c: 3.1.5 (/opt/ros/humble/share/rosidl_generator_c/cmake)
[1.257s] -- Found rosidl_adapter: 3.1.5 (/opt/ros/humble/share/rosidl_adapter/cmake)
[1.279s] -- Found rosidl_generator_cpp: 3.1.5 (/opt/ros/humble/share/rosidl_generator_cpp/cmake)
[1.312s] -- Using all available rosidl_typesupport_c: rosidl_typesupport_fastrtps_c;rosidl_typesupport_introspection_c
[1.354s] -- Using all available rosidl_typesupport_cpp: rosidl_typesupport_fastrtps_cpp;rosidl_typesupport_introspection_cpp
[1.459s] -- Found rmw_implementation_cmake: 6.1.2 (/opt/ros/humble/share/rmw_implementation_cmake/cmake)
[1.478s] -- Found rmw_fastrtps_cpp: 6.2.7 (/opt/ros/humble/share/rmw_fastrtps_cpp/cmake)
[13.538s] -- Using RMW implementation 'rmw_fastrtps_cpp' as default
[13.686s] -- Found rclcpp_action: 16.0.10 (/opt/ros/humble/share/rclcpp_action/cmake)
[13.773s] -- Found geometry_msgs: 4.2.4 (/opt/ros/humble/share/geometry_msgs/cmake)
[13.806s] -- Found tf2_geometry_msgs: 0.25.8 (/opt/ros/humble/share/tf2_geometry_msgs/cmake)
[13.811s] -- Found eigen3_cmake_module: 0.1.1 (/opt/ros/humble/share/eigen3_cmake_module/cmake)
[13.815s] -- Ensuring Eigen3 include directory is part of orocos-kdl CMake target
[13.951s] -- Found nav2_msgs: 1.1.16 (/opt/ros/humble/share/nav2_msgs/cmake)
[14.059s] -- Found plansys2_msgs: 2.0.9 (/opt/ros/humble/share/plansys2_msgs/cmake)
[14.098s] -- Found plansys2_domain_expert: 2.0.9 (/opt/ros/humble/share/plansys2_domain_expert/cmake)
[16.174s] -- Found plansys2_executor: 2.0.9 (/opt/ros/humble/share/plansys2_executor/cmake)
[16.338s] -- Found plansys2_bt_actions: 2.0.9 (/opt/ros/humble/share/plansys2_bt_actions/cmake)
[20.590s] -- Found ament_lint_auto: 0.12.11 (/opt/ros/humble/share/ament_lint_auto/cmake)
[20.837s] -- Added test 'copyright' to check source files copyright and LICENSE
[20.841s] -- Added test 'cppcheck' to perform static code analysis on C / C++ code
[20.843s] -- Configured cppcheck include dirs: /root/tiago_public_ws/src/ros2_planning_system_examples/plansys2_bt_example/include
[20.843s] -- Configured cppcheck exclude dirs and/or files: 
[20.846s] -- Added test 'cpplint' to check C / C++ code against the Google style
[20.846s] -- Configured cpplint exclude dirs and/or files: 
[20.848s] -- Added test 'flake8' to check Python code syntax and style conventions
[20.850s] -- Added test 'lint_cmake' to check CMake code style
[20.857s] -- Added test 'pep257' to check Python code against some of the docstring style conventions in PEP 257
[20.869s] -- Added test 'uncrustify' to check C / C++ code style
[20.870s] -- Configured uncrustify additional arguments: 
[20.870s] -- Added test 'xmllint' to check XML markup files
[20.875s] -- Configuring done
[21.173s] -- Generating done
[21.177s] -- Build files have been written to: /root/tiago_public_ws/build/plansys2_bt_example
[21.217s] Invoked command in '/root/tiago_public_ws/build/plansys2_bt_example' returned '0': CMAKE_PREFIX_PATH=${CMAKE_PREFIX_PATH}:/root/tiago_public_ws/install/launch_pal:/opt/ros/humble /usr/bin/cmake /root/tiago_public_ws/src/ros2_planning_system_examples/plansys2_bt_example -DAMENT_CMAKE_SYMLINK_INSTALL=1 -DCMAKE_INSTALL_PREFIX=/root/tiago_public_ws/install/plansys2_bt_example
[21.219s] Invoking command in '/root/tiago_public_ws/build/plansys2_bt_example': CMAKE_PREFIX_PATH=${CMAKE_PREFIX_PATH}:/root/tiago_public_ws/install/launch_pal:/opt/ros/humble /usr/bin/cmake --build /root/tiago_public_ws/build/plansys2_bt_example -- -j8 -l8
[21.321s] [  6%] [32mBuilding CXX object CMakeFiles/plansys2_move_bt_node.dir/src/behavior_tree_nodes/Move.cpp.o[0m
[21.342s] [ 12%] [32mBuilding CXX object CMakeFiles/plansys2_approach_object_bt_node.dir/src/behavior_tree_nodes/ApproachObject.cpp.o[0m
[21.346s] [ 18%] [32mBuilding CXX object CMakeFiles/plansys2_recharge_bt_node.dir/src/behavior_tree_nodes/Recharge.cpp.o[0m
[21.358s] [ 25%] [32mBuilding CXX object CMakeFiles/plansys2_open_gripper_bt_node.dir/src/behavior_tree_nodes/OpenGripper.cpp.o[0m
[21.363s] [ 31%] [32mBuilding CXX object CMakeFiles/assemble_controller_node.dir/src/assemble_controller_node.cpp.o[0m
[21.364s] [ 37%] [32mBuilding CXX object CMakeFiles/nav2_sim_node.dir/src/nav2_sim_node.cpp.o[0m
[21.372s] [ 43%] [32mBuilding CXX object CMakeFiles/plansys2_close_gripper_bt_node.dir/src/behavior_tree_nodes/CloseGripper.cpp.o[0m
[21.372s] [ 50%] [32mBuilding CXX object CMakeFiles/assemble_action_node.dir/src/assemble_action_node.cpp.o[0m
[22.271s] In file included from [01m[K/root/tiago_public_ws/src/ros2_planning_system_examples/plansys2_bt_example/src/behavior_tree_nodes/Move.cpp:23[m[K:
[22.272s] [01m[K/opt/ros/humble/include/tf2_geometry_msgs/tf2_geometry_msgs/tf2_geometry_msgs.h:35:2:[m[K [01;35m[Kwarning: [m[K#warning This header is obsolete, please include tf2_geometry_msgs/tf2_geometry_msgs.hpp instead [[01;35m[K]8;;https://gcc.gnu.org/onlinedocs/gcc/Warning-Options.html#index-Wcpp-Wcpp]8;;[m[K]
[22.272s]    35 | #[01;35m[Kwarning[m[K This header is obsolete, please include tf2_geometry_msgs/tf2_geometry_msgs.hpp instead
[22.272s]       |  [01;35m[K^~~~~~~[m[K
[22.450s] In file included from [01m[K/root/tiago_public_ws/src/ros2_planning_system_examples/plansys2_bt_example/src/nav2_sim_node.cpp:20[m[K:
[22.450s] [01m[K/opt/ros/humble/include/tf2_geometry_msgs/tf2_geometry_msgs/tf2_geometry_msgs.h:35:2:[m[K [01;35m[Kwarning: [m[K#warning This header is obsolete, please include tf2_geometry_msgs/tf2_geometry_msgs.hpp instead [[01;35m[K]8;;https://gcc.gnu.org/onlinedocs/gcc/Warning-Options.html#index-Wcpp-Wcpp]8;;[m[K]
[22.450s]    35 | #[01;35m[Kwarning[m[K This header is obsolete, please include tf2_geometry_msgs/tf2_geometry_msgs.hpp instead
[22.450s]       |  [01;35m[K^~~~~~~[m[K
[26.706s] [ 56%] [32m[1mLinking CXX shared library libplansys2_close_gripper_bt_node.so[0m
[27.055s] [ 62%] [32m[1mLinking CXX shared library libplansys2_approach_object_bt_node.so[0m
[27.105s] [ 68%] [32m[1mLinking CXX shared library libplansys2_recharge_bt_node.so[0m
[27.271s] [ 75%] [32m[1mLinking CXX shared library libplansys2_open_gripper_bt_node.so[0m
[27.708s] [ 75%] Built target plansys2_close_gripper_bt_node
[27.942s] [ 75%] Built target plansys2_approach_object_bt_node
[28.009s] [ 75%] Built target plansys2_recharge_bt_node
[28.042s] [ 75%] Built target plansys2_open_gripper_bt_node
[36.113s] [ 81%] [32m[1mLinking CXX executable nav2_sim_node[0m
[37.019s] [ 81%] Built target nav2_sim_node
[39.863s] [ 87%] [32m[1mLinking CXX executable assemble_action_node[0m
[40.487s] [ 87%] Built target assemble_action_node
[40.610s] [ 93%] [32m[1mLinking CXX shared library libplansys2_move_bt_node.so[0m
[41.487s] [ 93%] Built target plansys2_move_bt_node
[41.513s] [100%] [32m[1mLinking CXX executable assemble_controller_node[0m
[42.066s] [100%] Built target assemble_controller_node
[42.081s] Invoked command in '/root/tiago_public_ws/build/plansys2_bt_example' returned '0': CMAKE_PREFIX_PATH=${CMAKE_PREFIX_PATH}:/root/tiago_public_ws/install/launch_pal:/opt/ros/humble /usr/bin/cmake --build /root/tiago_public_ws/build/plansys2_bt_example -- -j8 -l8
[42.150s] Invoking command in '/root/tiago_public_ws/build/plansys2_bt_example': CMAKE_PREFIX_PATH=${CMAKE_PREFIX_PATH}:/root/tiago_public_ws/install/launch_pal:/opt/ros/humble /usr/bin/cmake --install /root/tiago_public_ws/build/plansys2_bt_example
[42.157s] -- Install configuration: ""
[42.158s] -- Execute custom install script
[42.159s] -- Symlinking: /root/tiago_public_ws/install/plansys2_bt_example/share/plansys2_bt_example/launch/commands
[42.174s] -- Symlinking: /root/tiago_public_ws/install/plansys2_bt_example/share/plansys2_bt_example/launch/plansys2_bt_example_launch.py
[42.184s] -- Symlinking: /root/tiago_public_ws/install/plansys2_bt_example/share/plansys2_bt_example/pddl/bt_example.pddl
[42.198s] -- Symlinking: /root/tiago_public_ws/install/plansys2_bt_example/share/plansys2_bt_example/behavior_trees_xml/move.xml
[42.210s] -- Symlinking: /root/tiago_public_ws/install/plansys2_bt_example/share/plansys2_bt_example/behavior_trees_xml/recharge.xml
[42.220s] -- Symlinking: /root/tiago_public_ws/install/plansys2_bt_example/share/plansys2_bt_example/behavior_trees_xml/transport.xml
[42.229s] -- Symlinking: /root/tiago_public_ws/install/plansys2_bt_example/share/plansys2_bt_example/config/params.yaml
[42.246s] -- Symlinking: /root/tiago_public_ws/install/plansys2_bt_example/lib/plansys2_bt_example/assemble_action_node
[42.256s] -- Symlinking: /root/tiago_public_ws/install/plansys2_bt_example/lib/plansys2_bt_example/assemble_controller_node
[42.265s] -- Symlinking: /root/tiago_public_ws/install/plansys2_bt_example/lib/plansys2_bt_example/nav2_sim_node
[42.276s] -- Symlinking: /root/tiago_public_ws/install/plansys2_bt_example/lib/libplansys2_recharge_bt_node.so
[42.289s] -- Symlinking: /root/tiago_public_ws/install/plansys2_bt_example/lib/libplansys2_close_gripper_bt_node.so
[42.299s] -- Symlinking: /root/tiago_public_ws/install/plansys2_bt_example/lib/libplansys2_open_gripper_bt_node.so
[42.310s] -- Symlinking: /root/tiago_public_ws/install/plansys2_bt_example/lib/libplansys2_move_bt_node.so
[42.324s] -- Symlinking: /root/tiago_public_ws/install/plansys2_bt_example/lib/libplansys2_approach_object_bt_node.so
[42.336s] -- Symlinking: /root/tiago_public_ws/install/plansys2_bt_example/share/ament_index/resource_index/package_run_dependencies/plansys2_bt_example
[42.349s] -- Symlinking: /root/tiago_public_ws/install/plansys2_bt_example/share/ament_index/resource_index/parent_prefix_path/plansys2_bt_example
[42.358s] -- Symlinking: /root/tiago_public_ws/install/plansys2_bt_example/share/plansys2_bt_example/environment/ament_prefix_path.sh
[42.371s] -- Symlinking: /root/tiago_public_ws/install/plansys2_bt_example/share/plansys2_bt_example/environment/ament_prefix_path.dsv
[42.382s] -- Symlinking: /root/tiago_public_ws/install/plansys2_bt_example/share/plansys2_bt_example/environment/path.sh
[42.398s] -- Symlinking: /root/tiago_public_ws/install/plansys2_bt_example/share/plansys2_bt_example/environment/path.dsv
[42.409s] -- Symlinking: /root/tiago_public_ws/install/plansys2_bt_example/share/plansys2_bt_example/local_setup.bash
[42.417s] -- Symlinking: /root/tiago_public_ws/install/plansys2_bt_example/share/plansys2_bt_example/local_setup.sh
[42.426s] -- Symlinking: /root/tiago_public_ws/install/plansys2_bt_example/share/plansys2_bt_example/local_setup.zsh
[42.440s] -- Symlinking: /root/tiago_public_ws/install/plansys2_bt_example/share/plansys2_bt_example/local_setup.dsv
[42.453s] -- Symlinking: /root/tiago_public_ws/install/plansys2_bt_example/share/plansys2_bt_example/package.dsv
[42.463s] -- Symlinking: /root/tiago_public_ws/install/plansys2_bt_example/share/ament_index/resource_index/packages/plansys2_bt_example
[42.474s] -- Symlinking: /root/tiago_public_ws/install/plansys2_bt_example/share/plansys2_bt_example/cmake/ament_cmake_export_dependencies-extras.cmake
[42.485s] -- Symlinking: /root/tiago_public_ws/install/plansys2_bt_example/share/plansys2_bt_example/cmake/plansys2_bt_exampleConfig.cmake
[42.493s] -- Symlinking: /root/tiago_public_ws/install/plansys2_bt_example/share/plansys2_bt_example/cmake/plansys2_bt_exampleConfig-version.cmake
[42.500s] -- Symlinking: /root/tiago_public_ws/install/plansys2_bt_example/share/plansys2_bt_example/package.xml
[42.516s] Invoked command in '/root/tiago_public_ws/build/plansys2_bt_example' returned '0': CMAKE_PREFIX_PATH=${CMAKE_PREFIX_PATH}:/root/tiago_public_ws/install/launch_pal:/opt/ros/humble /usr/bin/cmake --install /root/tiago_public_ws/build/plansys2_bt_example
