[1.678s] Invoking command in '/root/tiago_public_ws/build/tiago_gazebo': AMENT_PREFIX_PATH=/root/tiago_public_ws/install/tiago_moveit_config:/root/tiago_public_ws/install/tiago_bringup:/root/tiago_public_ws/install/tiago_2dnav:/root/tiago_public_ws/install/tiago_description:/root/tiago_public_ws/install/tiago_controller_configuration:/root/tiago_public_ws/install/pmb2_description:/root/tiago_public_ws/install/pmb2_controller_configuration:/root/tiago_public_ws/install/play_motion2:/root/tiago_public_ws/install/pal_hey5_description:/root/tiago_public_ws/install/pal_gripper_description:/root/tiago_public_ws/install/urdf_test:/root/tiago_public_ws/install/tiago_laser_sensors:/root/tiago_public_ws/install/play_motion2_msgs:/root/tiago_public_ws/install/pal_urdf_utils:/root/tiago_public_ws/install/pal_robotiq_description:/root/tiago_public_ws/install/pal_robotiq_controller_configuration:/root/tiago_public_ws/install/pal_hey5_controller_configuration:/root/tiago_public_ws/install/pal_gripper_controller_configuration:/root/tiago_public_ws/install/pal_gazebo_worlds:/root/tiago_public_ws/install/launch_pal:${AMENT_PREFIX_PATH} CMAKE_PREFIX_PATH=/root/tiago_public_ws/install/tiago_moveit_config:/root/tiago_public_ws/install/tiago_bringup:/root/tiago_public_ws/install/tiago_2dnav:/root/tiago_public_ws/install/tiago_description:/root/tiago_public_ws/install/tiago_controller_configuration:/root/tiago_public_ws/install/pmb2_description:/root/tiago_public_ws/install/pmb2_controller_configuration:/root/tiago_public_ws/install/play_motion2:/root/tiago_public_ws/install/pal_hey5_description:/root/tiago_public_ws/install/pal_gripper_description:/root/tiago_public_ws/install/urdf_test:/root/tiago_public_ws/install/tiago_laser_sensors:/root/tiago_public_ws/install/play_motion2_msgs:/root/tiago_public_ws/install/pal_urdf_utils:/root/tiago_public_ws/install/pal_robotiq_description:/root/tiago_public_ws/install/pal_robotiq_controller_configuration:/root/tiago_public_ws/install/pal_hey5_controller_configuration:/root/tiago_public_ws/install/pal_gripper_controller_configuration:/root/tiago_public_ws/install/pal_gazebo_worlds:/opt/ros/humble LD_LIBRARY_PATH=/root/tiago_public_ws/install/play_motion2/lib:/root/tiago_public_ws/install/play_motion2_msgs/lib:${LD_LIBRARY_PATH} PYTHONPATH=/root/tiago_public_ws/install/tiago_description/local/lib/python3.10/dist-packages:/root/tiago_public_ws/install/pmb2_description/local/lib/python3.10/dist-packages:/root/tiago_public_ws/install/urdf_test/local/lib/python3.10/dist-packages:/root/tiago_public_ws/install/play_motion2_msgs/local/lib/python3.10/dist-packages:/root/tiago_public_ws/install/launch_pal/lib/python3.10/site-packages:${PYTHONPATH} /usr/bin/cmake --build /root/tiago_public_ws/build/tiago_gazebo -- -j8 -l8
[1.752s] [  2%] Built target tiago_gazebo__cpp
[1.789s] [  8%] Built target gtest
[1.826s] [ 16%] Built target tiago_gazebo__rosidl_typesupport_introspection_cpp
[1.856s] [ 24%] Built target tiago_gazebo__rosidl_typesupport_fastrtps_cpp
[1.886s] [ 32%] Built target tiago_gazebo__rosidl_typesupport_cpp
[1.920s] [ 37%] Built target gtest_main
[1.958s] [ 37%] Built target ament_cmake_python_symlink_tiago_gazebo
[1.994s] [ 43%] Built target tuck_arm_test
[2.513s] running egg_info
[2.521s] writing tiago_gazebo.egg-info/PKG-INFO
[2.521s] writing dependency_links to tiago_gazebo.egg-info/dependency_links.txt
[2.521s] writing top-level names to tiago_gazebo.egg-info/top_level.txt
[2.523s] reading manifest file 'tiago_gazebo.egg-info/SOURCES.txt'
[2.524s] writing manifest file 'tiago_gazebo.egg-info/SOURCES.txt'
[2.590s] [ 43%] Built target ament_cmake_python_build_tiago_gazebo_egg
[2.624s] [ 51%] Built target tiago_gazebo__rosidl_generator_c
[2.657s] [ 59%] Built target tiago_gazebo__rosidl_typesupport_fastrtps_c
[2.700s] [ 67%] Built target tiago_gazebo__rosidl_typesupport_c
[2.740s] [ 75%] Built target tiago_gazebo__rosidl_typesupport_introspection_c
[2.770s] [ 75%] Built target tiago_gazebo
[2.793s] [ 78%] Built target tiago_gazebo__py
[2.825s] [ 83%] Built target tiago_gazebo__rosidl_generator_py
[2.858s] [ 89%] Built target tiago_gazebo__rosidl_typesupport_fastrtps_c__pyext
[2.888s] [ 94%] Built target tiago_gazebo__rosidl_typesupport_c__pyext
[2.918s] [100%] Built target tiago_gazebo__rosidl_typesupport_introspection_c__pyext
[2.934s] Invoked command in '/root/tiago_public_ws/build/tiago_gazebo' returned '0': AMENT_PREFIX_PATH=/root/tiago_public_ws/install/tiago_moveit_config:/root/tiago_public_ws/install/tiago_bringup:/root/tiago_public_ws/install/tiago_2dnav:/root/tiago_public_ws/install/tiago_description:/root/tiago_public_ws/install/tiago_controller_configuration:/root/tiago_public_ws/install/pmb2_description:/root/tiago_public_ws/install/pmb2_controller_configuration:/root/tiago_public_ws/install/play_motion2:/root/tiago_public_ws/install/pal_hey5_description:/root/tiago_public_ws/install/pal_gripper_description:/root/tiago_public_ws/install/urdf_test:/root/tiago_public_ws/install/tiago_laser_sensors:/root/tiago_public_ws/install/play_motion2_msgs:/root/tiago_public_ws/install/pal_urdf_utils:/root/tiago_public_ws/install/pal_robotiq_description:/root/tiago_public_ws/install/pal_robotiq_controller_configuration:/root/tiago_public_ws/install/pal_hey5_controller_configuration:/root/tiago_public_ws/install/pal_gripper_controller_configuration:/root/tiago_public_ws/install/pal_gazebo_worlds:/root/tiago_public_ws/install/launch_pal:${AMENT_PREFIX_PATH} CMAKE_PREFIX_PATH=/root/tiago_public_ws/install/tiago_moveit_config:/root/tiago_public_ws/install/tiago_bringup:/root/tiago_public_ws/install/tiago_2dnav:/root/tiago_public_ws/install/tiago_description:/root/tiago_public_ws/install/tiago_controller_configuration:/root/tiago_public_ws/install/pmb2_description:/root/tiago_public_ws/install/pmb2_controller_configuration:/root/tiago_public_ws/install/play_motion2:/root/tiago_public_ws/install/pal_hey5_description:/root/tiago_public_ws/install/pal_gripper_description:/root/tiago_public_ws/install/urdf_test:/root/tiago_public_ws/install/tiago_laser_sensors:/root/tiago_public_ws/install/play_motion2_msgs:/root/tiago_public_ws/install/pal_urdf_utils:/root/tiago_public_ws/install/pal_robotiq_description:/root/tiago_public_ws/install/pal_robotiq_controller_configuration:/root/tiago_public_ws/install/pal_hey5_controller_configuration:/root/tiago_public_ws/install/pal_gripper_controller_configuration:/root/tiago_public_ws/install/pal_gazebo_worlds:/opt/ros/humble LD_LIBRARY_PATH=/root/tiago_public_ws/install/play_motion2/lib:/root/tiago_public_ws/install/play_motion2_msgs/lib:${LD_LIBRARY_PATH} PYTHONPATH=/root/tiago_public_ws/install/tiago_description/local/lib/python3.10/dist-packages:/root/tiago_public_ws/install/pmb2_description/local/lib/python3.10/dist-packages:/root/tiago_public_ws/install/urdf_test/local/lib/python3.10/dist-packages:/root/tiago_public_ws/install/play_motion2_msgs/local/lib/python3.10/dist-packages:/root/tiago_public_ws/install/launch_pal/lib/python3.10/site-packages:${PYTHONPATH} /usr/bin/cmake --build /root/tiago_public_ws/build/tiago_gazebo -- -j8 -l8
[3.021s] Invoking command in '/root/tiago_public_ws/build/tiago_gazebo': AMENT_PREFIX_PATH=/root/tiago_public_ws/install/tiago_moveit_config:/root/tiago_public_ws/install/tiago_bringup:/root/tiago_public_ws/install/tiago_2dnav:/root/tiago_public_ws/install/tiago_description:/root/tiago_public_ws/install/tiago_controller_configuration:/root/tiago_public_ws/install/pmb2_description:/root/tiago_public_ws/install/pmb2_controller_configuration:/root/tiago_public_ws/install/play_motion2:/root/tiago_public_ws/install/pal_hey5_description:/root/tiago_public_ws/install/pal_gripper_description:/root/tiago_public_ws/install/urdf_test:/root/tiago_public_ws/install/tiago_laser_sensors:/root/tiago_public_ws/install/play_motion2_msgs:/root/tiago_public_ws/install/pal_urdf_utils:/root/tiago_public_ws/install/pal_robotiq_description:/root/tiago_public_ws/install/pal_robotiq_controller_configuration:/root/tiago_public_ws/install/pal_hey5_controller_configuration:/root/tiago_public_ws/install/pal_gripper_controller_configuration:/root/tiago_public_ws/install/pal_gazebo_worlds:/root/tiago_public_ws/install/launch_pal:${AMENT_PREFIX_PATH} CMAKE_PREFIX_PATH=/root/tiago_public_ws/install/tiago_moveit_config:/root/tiago_public_ws/install/tiago_bringup:/root/tiago_public_ws/install/tiago_2dnav:/root/tiago_public_ws/install/tiago_description:/root/tiago_public_ws/install/tiago_controller_configuration:/root/tiago_public_ws/install/pmb2_description:/root/tiago_public_ws/install/pmb2_controller_configuration:/root/tiago_public_ws/install/play_motion2:/root/tiago_public_ws/install/pal_hey5_description:/root/tiago_public_ws/install/pal_gripper_description:/root/tiago_public_ws/install/urdf_test:/root/tiago_public_ws/install/tiago_laser_sensors:/root/tiago_public_ws/install/play_motion2_msgs:/root/tiago_public_ws/install/pal_urdf_utils:/root/tiago_public_ws/install/pal_robotiq_description:/root/tiago_public_ws/install/pal_robotiq_controller_configuration:/root/tiago_public_ws/install/pal_hey5_controller_configuration:/root/tiago_public_ws/install/pal_gripper_controller_configuration:/root/tiago_public_ws/install/pal_gazebo_worlds:/opt/ros/humble LD_LIBRARY_PATH=/root/tiago_public_ws/install/play_motion2/lib:/root/tiago_public_ws/install/play_motion2_msgs/lib:${LD_LIBRARY_PATH} PYTHONPATH=/root/tiago_public_ws/install/tiago_description/local/lib/python3.10/dist-packages:/root/tiago_public_ws/install/pmb2_description/local/lib/python3.10/dist-packages:/root/tiago_public_ws/install/urdf_test/local/lib/python3.10/dist-packages:/root/tiago_public_ws/install/play_motion2_msgs/local/lib/python3.10/dist-packages:/root/tiago_public_ws/install/launch_pal/lib/python3.10/site-packages:${PYTHONPATH} /usr/bin/cmake --install /root/tiago_public_ws/build/tiago_gazebo
[3.032s] -- Install configuration: ""
[3.032s] -- Execute custom install script
[3.032s] -- Up-to-date symlink: /root/tiago_public_ws/install/tiago_gazebo/share/ament_index/resource_index/rosidl_interfaces/tiago_gazebo
[3.033s] -- Up-to-date symlink: /root/tiago_public_ws/install/tiago_gazebo/include/tiago_gazebo/tiago_gazebo/msg/detail/order__functions.h
[3.033s] -- Up-to-date symlink: /root/tiago_public_ws/install/tiago_gazebo/include/tiago_gazebo/tiago_gazebo/msg/detail/order__struct.h
[3.033s] -- Up-to-date symlink: /root/tiago_public_ws/install/tiago_gazebo/include/tiago_gazebo/tiago_gazebo/msg/detail/order__type_support.h
[3.034s] -- Up-to-date symlink: /root/tiago_public_ws/install/tiago_gazebo/include/tiago_gazebo/tiago_gazebo/msg/order.h
[3.034s] -- Up-to-date symlink: /root/tiago_public_ws/install/tiago_gazebo/include/tiago_gazebo/tiago_gazebo/msg/rosidl_generator_c__visibility_control.h
[3.034s] -- Up-to-date symlink: /root/tiago_public_ws/install/tiago_gazebo/share/tiago_gazebo/environment/library_path.sh
[3.034s] -- Up-to-date symlink: /root/tiago_public_ws/install/tiago_gazebo/share/tiago_gazebo/environment/library_path.dsv
[3.035s] -- Up-to-date symlink: /root/tiago_public_ws/install/tiago_gazebo/include/tiago_gazebo/tiago_gazebo/msg/detail/order__rosidl_typesupport_fastrtps_c.h
[3.035s] -- Up-to-date symlink: /root/tiago_public_ws/install/tiago_gazebo/include/tiago_gazebo/tiago_gazebo/msg/rosidl_typesupport_fastrtps_c__visibility_control.h
[3.035s] -- Up-to-date symlink: /root/tiago_public_ws/install/tiago_gazebo/include/tiago_gazebo/tiago_gazebo/msg/detail/order__rosidl_typesupport_introspection_c.h
[3.035s] -- Up-to-date symlink: /root/tiago_public_ws/install/tiago_gazebo/include/tiago_gazebo/tiago_gazebo/msg/rosidl_typesupport_introspection_c__visibility_control.h
[3.036s] -- Up-to-date symlink: /root/tiago_public_ws/install/tiago_gazebo/include/tiago_gazebo/tiago_gazebo/msg/detail/order__builder.hpp
[3.036s] -- Up-to-date symlink: /root/tiago_public_ws/install/tiago_gazebo/include/tiago_gazebo/tiago_gazebo/msg/detail/order__struct.hpp
[3.036s] -- Up-to-date symlink: /root/tiago_public_ws/install/tiago_gazebo/include/tiago_gazebo/tiago_gazebo/msg/detail/order__traits.hpp
[3.036s] -- Up-to-date symlink: /root/tiago_public_ws/install/tiago_gazebo/include/tiago_gazebo/tiago_gazebo/msg/order.hpp
[3.036s] -- Up-to-date symlink: /root/tiago_public_ws/install/tiago_gazebo/include/tiago_gazebo/tiago_gazebo/msg/detail/order__rosidl_typesupport_fastrtps_cpp.hpp
[3.036s] -- Up-to-date symlink: /root/tiago_public_ws/install/tiago_gazebo/include/tiago_gazebo/tiago_gazebo/msg/rosidl_typesupport_fastrtps_cpp__visibility_control.h
[3.037s] -- Up-to-date symlink: /root/tiago_public_ws/install/tiago_gazebo/include/tiago_gazebo/tiago_gazebo/msg/detail/order__rosidl_typesupport_introspection_cpp.hpp
[3.037s] -- Up-to-date symlink: /root/tiago_public_ws/install/tiago_gazebo/share/tiago_gazebo/environment/pythonpath.sh
[3.037s] -- Up-to-date symlink: /root/tiago_public_ws/install/tiago_gazebo/share/tiago_gazebo/environment/pythonpath.dsv
[3.042s] -- Up-to-date symlink: /root/tiago_public_ws/install/tiago_gazebo/local/lib/python3.10/dist-packages/tiago_gazebo-4.2.0-py3.10.egg-info/PKG-INFO
[3.042s] -- Up-to-date symlink: /root/tiago_public_ws/install/tiago_gazebo/local/lib/python3.10/dist-packages/tiago_gazebo-4.2.0-py3.10.egg-info/SOURCES.txt
[3.042s] -- Up-to-date symlink: /root/tiago_public_ws/install/tiago_gazebo/local/lib/python3.10/dist-packages/tiago_gazebo-4.2.0-py3.10.egg-info/dependency_links.txt
[3.042s] -- Up-to-date symlink: /root/tiago_public_ws/install/tiago_gazebo/local/lib/python3.10/dist-packages/tiago_gazebo-4.2.0-py3.10.egg-info/top_level.txt
[3.042s] -- Up-to-date symlink: /root/tiago_public_ws/install/tiago_gazebo/local/lib/python3.10/dist-packages/tiago_gazebo/__init__.py
[3.043s] -- Up-to-date symlink: /root/tiago_public_ws/install/tiago_gazebo/local/lib/python3.10/dist-packages/tiago_gazebo/_tiago_gazebo_s.ep.rosidl_typesupport_c.c
[3.043s] -- Up-to-date symlink: /root/tiago_public_ws/install/tiago_gazebo/local/lib/python3.10/dist-packages/tiago_gazebo/_tiago_gazebo_s.ep.rosidl_typesupport_fastrtps_c.c
[3.043s] -- Up-to-date symlink: /root/tiago_public_ws/install/tiago_gazebo/local/lib/python3.10/dist-packages/tiago_gazebo/_tiago_gazebo_s.ep.rosidl_typesupport_introspection_c.c
[3.044s] -- Up-to-date symlink: /root/tiago_public_ws/install/tiago_gazebo/local/lib/python3.10/dist-packages/tiago_gazebo/libtiago_gazebo__rosidl_generator_py.so
[3.044s] -- Up-to-date symlink: /root/tiago_public_ws/install/tiago_gazebo/local/lib/python3.10/dist-packages/tiago_gazebo/msg/__init__.py
[3.045s] -- Up-to-date symlink: /root/tiago_public_ws/install/tiago_gazebo/local/lib/python3.10/dist-packages/tiago_gazebo/msg/_order.py
[3.045s] -- Up-to-date symlink: /root/tiago_public_ws/install/tiago_gazebo/local/lib/python3.10/dist-packages/tiago_gazebo/msg/_order_s.c
[3.046s] -- Up-to-date symlink: /root/tiago_public_ws/install/tiago_gazebo/local/lib/python3.10/dist-packages/tiago_gazebo/tiago_gazebo_s__rosidl_typesupport_c.cpython-310-x86_64-linux-gnu.so
[3.047s] -- Up-to-date symlink: /root/tiago_public_ws/install/tiago_gazebo/local/lib/python3.10/dist-packages/tiago_gazebo/tiago_gazebo_s__rosidl_typesupport_fastrtps_c.cpython-310-x86_64-linux-gnu.so
[3.047s] -- Up-to-date symlink: /root/tiago_public_ws/install/tiago_gazebo/local/lib/python3.10/dist-packages/tiago_gazebo/tiago_gazebo_s__rosidl_typesupport_introspection_c.cpython-310-x86_64-linux-gnu.so
[3.048s] -- Up-to-date symlink: /root/tiago_public_ws/install/tiago_gazebo/local/lib/python3.10/dist-packages/tiago_gazebo/tiago_gazebo_s__rosidl_typesupport_fastrtps_c.cpython-310-x86_64-linux-gnu.so
[3.048s] -- Up-to-date symlink: /root/tiago_public_ws/install/tiago_gazebo/local/lib/python3.10/dist-packages/tiago_gazebo/tiago_gazebo_s__rosidl_typesupport_introspection_c.cpython-310-x86_64-linux-gnu.so
[3.048s] -- Up-to-date symlink: /root/tiago_public_ws/install/tiago_gazebo/local/lib/python3.10/dist-packages/tiago_gazebo/tiago_gazebo_s__rosidl_typesupport_c.cpython-310-x86_64-linux-gnu.so
[3.048s] -- Up-to-date symlink: /root/tiago_public_ws/install/tiago_gazebo/share/tiago_gazebo/msg/Order.idl
[3.048s] -- Up-to-date symlink: /root/tiago_public_ws/install/tiago_gazebo/share/tiago_gazebo/msg/Order.msg
[3.048s] -- Up-to-date symlink: /root/tiago_public_ws/install/tiago_gazebo/lib/tiago_gazebo/tuck_arm.py
[3.048s] -- Up-to-date symlink: /root/tiago_public_ws/install/tiago_gazebo/lib/tiago_gazebo/talker.py
[3.049s] -- Up-to-date symlink: /root/tiago_public_ws/install/tiago_gazebo/lib/tiago_gazebo/listener.py
[3.049s] -- Up-to-date symlink: /root/tiago_public_ws/install/tiago_gazebo/share/tiago_gazebo/test/tuck_arm_test
[3.051s] -- Up-to-date symlink: /root/tiago_public_ws/install/tiago_gazebo/share/tiago_gazebo/launch/.tiago_gazebo.launch.py.swo
[3.051s] -- Up-to-date symlink: /root/tiago_public_ws/install/tiago_gazebo/share/tiago_gazebo/launch/robot_spawn.launch.py
[3.051s] -- Up-to-date symlink: /root/tiago_public_ws/install/tiago_gazebo/share/tiago_gazebo/launch/tiago_cafe.launch.py
[3.051s] -- Up-to-date symlink: /root/tiago_public_ws/install/tiago_gazebo/share/tiago_gazebo/launch/tiago_cafe.launch.py:Zone.Identifier
[3.051s] -- Up-to-date symlink: /root/tiago_public_ws/install/tiago_gazebo/share/tiago_gazebo/launch/tiago_gazebo.launch.py
[3.051s] -- Up-to-date symlink: /root/tiago_public_ws/install/tiago_gazebo/share/ament_index/resource_index/package_run_dependencies/tiago_gazebo
[3.052s] -- Up-to-date symlink: /root/tiago_public_ws/install/tiago_gazebo/share/ament_index/resource_index/parent_prefix_path/tiago_gazebo
[3.052s] -- Up-to-date symlink: /root/tiago_public_ws/install/tiago_gazebo/share/tiago_gazebo/environment/ament_prefix_path.sh
[3.052s] -- Up-to-date symlink: /root/tiago_public_ws/install/tiago_gazebo/share/tiago_gazebo/environment/ament_prefix_path.dsv
[3.052s] -- Up-to-date symlink: /root/tiago_public_ws/install/tiago_gazebo/share/tiago_gazebo/environment/path.sh
[3.052s] -- Up-to-date symlink: /root/tiago_public_ws/install/tiago_gazebo/share/tiago_gazebo/environment/path.dsv
[3.052s] -- Up-to-date symlink: /root/tiago_public_ws/install/tiago_gazebo/share/tiago_gazebo/local_setup.bash
[3.052s] -- Up-to-date symlink: /root/tiago_public_ws/install/tiago_gazebo/share/tiago_gazebo/local_setup.sh
[3.052s] -- Up-to-date symlink: /root/tiago_public_ws/install/tiago_gazebo/share/tiago_gazebo/local_setup.zsh
[3.052s] -- Up-to-date symlink: /root/tiago_public_ws/install/tiago_gazebo/share/tiago_gazebo/local_setup.dsv
[3.052s] -- Symlinking: /root/tiago_public_ws/install/tiago_gazebo/share/tiago_gazebo/package.dsv
[3.065s] -- Up-to-date symlink: /root/tiago_public_ws/install/tiago_gazebo/share/ament_index/resource_index/packages/tiago_gazebo
[3.065s] -- Up-to-date symlink: /root/tiago_public_ws/install/tiago_gazebo/share/tiago_gazebo/cmake/rosidl_cmake-extras.cmake
[3.066s] -- Up-to-date symlink: /root/tiago_public_ws/install/tiago_gazebo/share/tiago_gazebo/cmake/ament_cmake_export_include_directories-extras.cmake
[3.066s] -- Up-to-date symlink: /root/tiago_public_ws/install/tiago_gazebo/share/tiago_gazebo/cmake/ament_cmake_export_libraries-extras.cmake
[3.066s] -- Up-to-date symlink: /root/tiago_public_ws/install/tiago_gazebo/share/tiago_gazebo/cmake/ament_cmake_export_targets-extras.cmake
[3.066s] -- Up-to-date symlink: /root/tiago_public_ws/install/tiago_gazebo/share/tiago_gazebo/cmake/rosidl_cmake_export_typesupport_targets-extras.cmake
[3.067s] -- Up-to-date symlink: /root/tiago_public_ws/install/tiago_gazebo/share/tiago_gazebo/cmake/ament_cmake_export_dependencies-extras.cmake
[3.067s] -- Up-to-date symlink: /root/tiago_public_ws/install/tiago_gazebo/share/tiago_gazebo/cmake/rosidl_cmake_export_typesupport_libraries-extras.cmake
[3.067s] -- Up-to-date symlink: /root/tiago_public_ws/install/tiago_gazebo/share/tiago_gazebo/cmake/tiago_gazeboConfig.cmake
[3.067s] -- Up-to-date symlink: /root/tiago_public_ws/install/tiago_gazebo/share/tiago_gazebo/cmake/tiago_gazeboConfig-version.cmake
[3.068s] -- Up-to-date symlink: /root/tiago_public_ws/install/tiago_gazebo/share/tiago_gazebo/package.xml
[3.068s] -- Up-to-date: /root/tiago_public_ws/install/tiago_gazebo/lib/libtiago_gazebo__rosidl_generator_c.so
[3.068s] -- Up-to-date: /root/tiago_public_ws/install/tiago_gazebo/lib/libtiago_gazebo__rosidl_typesupport_fastrtps_c.so
[3.069s] -- Up-to-date: /root/tiago_public_ws/install/tiago_gazebo/lib/libtiago_gazebo__rosidl_typesupport_introspection_c.so
[3.069s] -- Up-to-date: /root/tiago_public_ws/install/tiago_gazebo/lib/libtiago_gazebo__rosidl_typesupport_c.so
[3.069s] -- Up-to-date: /root/tiago_public_ws/install/tiago_gazebo/lib/libtiago_gazebo__rosidl_typesupport_fastrtps_cpp.so
[3.070s] -- Up-to-date: /root/tiago_public_ws/install/tiago_gazebo/lib/libtiago_gazebo__rosidl_typesupport_introspection_cpp.so
[3.070s] -- Up-to-date: /root/tiago_public_ws/install/tiago_gazebo/lib/libtiago_gazebo__rosidl_typesupport_cpp.so
[3.136s] Listing '/root/tiago_public_ws/install/tiago_gazebo/local/lib/python3.10/dist-packages/tiago_gazebo'...
[3.136s] Listing '/root/tiago_public_ws/install/tiago_gazebo/local/lib/python3.10/dist-packages/tiago_gazebo/msg'...
[3.143s] -- Up-to-date: /root/tiago_public_ws/install/tiago_gazebo/lib/libtiago_gazebo__rosidl_generator_py.so
[3.143s] -- Up-to-date: /root/tiago_public_ws/install/tiago_gazebo/share/tiago_gazebo/cmake/export_tiago_gazebo__rosidl_generator_cExport.cmake
[3.144s] -- Up-to-date: /root/tiago_public_ws/install/tiago_gazebo/share/tiago_gazebo/cmake/export_tiago_gazebo__rosidl_generator_cExport-noconfig.cmake
[3.144s] -- Up-to-date: /root/tiago_public_ws/install/tiago_gazebo/share/tiago_gazebo/cmake/export_tiago_gazebo__rosidl_typesupport_fastrtps_cExport.cmake
[3.144s] -- Up-to-date: /root/tiago_public_ws/install/tiago_gazebo/share/tiago_gazebo/cmake/export_tiago_gazebo__rosidl_typesupport_fastrtps_cExport-noconfig.cmake
[3.144s] -- Up-to-date: /root/tiago_public_ws/install/tiago_gazebo/share/tiago_gazebo/cmake/tiago_gazebo__rosidl_typesupport_introspection_cExport.cmake
[3.144s] -- Up-to-date: /root/tiago_public_ws/install/tiago_gazebo/share/tiago_gazebo/cmake/tiago_gazebo__rosidl_typesupport_introspection_cExport-noconfig.cmake
[3.145s] -- Up-to-date: /root/tiago_public_ws/install/tiago_gazebo/share/tiago_gazebo/cmake/tiago_gazebo__rosidl_typesupport_cExport.cmake
[3.145s] -- Up-to-date: /root/tiago_public_ws/install/tiago_gazebo/share/tiago_gazebo/cmake/tiago_gazebo__rosidl_typesupport_cExport-noconfig.cmake
[3.145s] -- Up-to-date: /root/tiago_public_ws/install/tiago_gazebo/share/tiago_gazebo/cmake/export_tiago_gazebo__rosidl_generator_cppExport.cmake
[3.146s] -- Up-to-date: /root/tiago_public_ws/install/tiago_gazebo/share/tiago_gazebo/cmake/export_tiago_gazebo__rosidl_typesupport_fastrtps_cppExport.cmake
[3.147s] -- Up-to-date: /root/tiago_public_ws/install/tiago_gazebo/share/tiago_gazebo/cmake/export_tiago_gazebo__rosidl_typesupport_fastrtps_cppExport-noconfig.cmake
[3.147s] -- Up-to-date: /root/tiago_public_ws/install/tiago_gazebo/share/tiago_gazebo/cmake/tiago_gazebo__rosidl_typesupport_introspection_cppExport.cmake
[3.148s] -- Up-to-date: /root/tiago_public_ws/install/tiago_gazebo/share/tiago_gazebo/cmake/tiago_gazebo__rosidl_typesupport_introspection_cppExport-noconfig.cmake
[3.148s] -- Up-to-date: /root/tiago_public_ws/install/tiago_gazebo/share/tiago_gazebo/cmake/tiago_gazebo__rosidl_typesupport_cppExport.cmake
[3.149s] -- Up-to-date: /root/tiago_public_ws/install/tiago_gazebo/share/tiago_gazebo/cmake/tiago_gazebo__rosidl_typesupport_cppExport-noconfig.cmake
[3.153s] -- Up-to-date: /root/tiago_public_ws/install/tiago_gazebo/share/tiago_gazebo/cmake/export_tiago_gazebo__rosidl_generator_pyExport.cmake
[3.156s] -- Up-to-date: /root/tiago_public_ws/install/tiago_gazebo/share/tiago_gazebo/cmake/export_tiago_gazebo__rosidl_generator_pyExport-noconfig.cmake
[3.157s] Invoked command in '/root/tiago_public_ws/build/tiago_gazebo' returned '0': AMENT_PREFIX_PATH=/root/tiago_public_ws/install/tiago_moveit_config:/root/tiago_public_ws/install/tiago_bringup:/root/tiago_public_ws/install/tiago_2dnav:/root/tiago_public_ws/install/tiago_description:/root/tiago_public_ws/install/tiago_controller_configuration:/root/tiago_public_ws/install/pmb2_description:/root/tiago_public_ws/install/pmb2_controller_configuration:/root/tiago_public_ws/install/play_motion2:/root/tiago_public_ws/install/pal_hey5_description:/root/tiago_public_ws/install/pal_gripper_description:/root/tiago_public_ws/install/urdf_test:/root/tiago_public_ws/install/tiago_laser_sensors:/root/tiago_public_ws/install/play_motion2_msgs:/root/tiago_public_ws/install/pal_urdf_utils:/root/tiago_public_ws/install/pal_robotiq_description:/root/tiago_public_ws/install/pal_robotiq_controller_configuration:/root/tiago_public_ws/install/pal_hey5_controller_configuration:/root/tiago_public_ws/install/pal_gripper_controller_configuration:/root/tiago_public_ws/install/pal_gazebo_worlds:/root/tiago_public_ws/install/launch_pal:${AMENT_PREFIX_PATH} CMAKE_PREFIX_PATH=/root/tiago_public_ws/install/tiago_moveit_config:/root/tiago_public_ws/install/tiago_bringup:/root/tiago_public_ws/install/tiago_2dnav:/root/tiago_public_ws/install/tiago_description:/root/tiago_public_ws/install/tiago_controller_configuration:/root/tiago_public_ws/install/pmb2_description:/root/tiago_public_ws/install/pmb2_controller_configuration:/root/tiago_public_ws/install/play_motion2:/root/tiago_public_ws/install/pal_hey5_description:/root/tiago_public_ws/install/pal_gripper_description:/root/tiago_public_ws/install/urdf_test:/root/tiago_public_ws/install/tiago_laser_sensors:/root/tiago_public_ws/install/play_motion2_msgs:/root/tiago_public_ws/install/pal_urdf_utils:/root/tiago_public_ws/install/pal_robotiq_description:/root/tiago_public_ws/install/pal_robotiq_controller_configuration:/root/tiago_public_ws/install/pal_hey5_controller_configuration:/root/tiago_public_ws/install/pal_gripper_controller_configuration:/root/tiago_public_ws/install/pal_gazebo_worlds:/opt/ros/humble LD_LIBRARY_PATH=/root/tiago_public_ws/install/play_motion2/lib:/root/tiago_public_ws/install/play_motion2_msgs/lib:${LD_LIBRARY_PATH} PYTHONPATH=/root/tiago_public_ws/install/tiago_description/local/lib/python3.10/dist-packages:/root/tiago_public_ws/install/pmb2_description/local/lib/python3.10/dist-packages:/root/tiago_public_ws/install/urdf_test/local/lib/python3.10/dist-packages:/root/tiago_public_ws/install/play_motion2_msgs/local/lib/python3.10/dist-packages:/root/tiago_public_ws/install/launch_pal/lib/python3.10/site-packages:${PYTHONPATH} /usr/bin/cmake --install /root/tiago_public_ws/build/tiago_gazebo
