[0.276s] Invoking command in '/root/tiago_public_ws/build/pal_hey5_controller_configuration': CMAKE_PREFIX_PATH=/opt/ros/humble /usr/bin/cmake /root/tiago_public_ws/src/pal_hey5/pal_hey5_controller_configuration -DAMENT_CMAKE_SYMLINK_INSTALL=1 -DCMAKE_INSTALL_PREFIX=/root/tiago_public_ws/install/pal_hey5_controller_configuration
[0.290s] -- Found ament_cmake_auto: 1.3.10 (/opt/ros/humble/share/ament_cmake_auto/cmake)
[0.465s] -- Override CMake install command with custom implementation using symlinks instead of copying resources
[0.500s] -- Found ament_lint_auto: 0.12.11 (/opt/ros/humble/share/ament_lint_auto/cmake)
[0.631s] -- Added test 'copyright' to check source files copyright and LICENSE
[0.633s] -- Added test 'flake8' to check Python code syntax and style conventions
[0.634s] -- Added test 'lint_cmake' to check CMake code style
[0.634s] -- Added test 'pep257' to check Python code against some of the docstring style conventions in PEP 257
[0.636s] -- Added test 'xmllint' to check XML markup files
[0.644s] -- Configuring done
[0.651s] -- Generating done
[0.654s] -- Build files have been written to: /root/tiago_public_ws/build/pal_hey5_controller_configuration
[0.663s] Invoked command in '/root/tiago_public_ws/build/pal_hey5_controller_configuration' returned '0': CMAKE_PREFIX_PATH=/opt/ros/humble /usr/bin/cmake /root/tiago_public_ws/src/pal_hey5/pal_hey5_controller_configuration -DAMENT_CMAKE_SYMLINK_INSTALL=1 -DCMAKE_INSTALL_PREFIX=/root/tiago_public_ws/install/pal_hey5_controller_configuration
[0.666s] Invoking command in '/root/tiago_public_ws/build/pal_hey5_controller_configuration': CMAKE_PREFIX_PATH=/opt/ros/humble /usr/bin/cmake --build /root/tiago_public_ws/build/pal_hey5_controller_configuration -- -j8 -l8
[0.721s] Invoked command in '/root/tiago_public_ws/build/pal_hey5_controller_configuration' returned '0': CMAKE_PREFIX_PATH=/opt/ros/humble /usr/bin/cmake --build /root/tiago_public_ws/build/pal_hey5_controller_configuration -- -j8 -l8
[0.756s] Invoking command in '/root/tiago_public_ws/build/pal_hey5_controller_configuration': CMAKE_PREFIX_PATH=/opt/ros/humble /usr/bin/cmake --install /root/tiago_public_ws/build/pal_hey5_controller_configuration
[0.766s] -- Install configuration: ""
[0.766s] -- Execute custom install script
[0.766s] -- Up-to-date symlink: /root/tiago_public_ws/install/pal_hey5_controller_configuration/share/pal_hey5_controller_configuration/config/pal_hey5_controller.yaml
[0.766s] -- Up-to-date symlink: /root/tiago_public_ws/install/pal_hey5_controller_configuration/share/pal_hey5_controller_configuration/launch/pal_hey5_controller.launch.py
[0.766s] -- Up-to-date symlink: /root/tiago_public_ws/install/pal_hey5_controller_configuration/share/ament_index/resource_index/package_run_dependencies/pal_hey5_controller_configuration
[0.766s] -- Up-to-date symlink: /root/tiago_public_ws/install/pal_hey5_controller_configuration/share/ament_index/resource_index/parent_prefix_path/pal_hey5_controller_configuration
[0.766s] -- Up-to-date symlink: /root/tiago_public_ws/install/pal_hey5_controller_configuration/share/pal_hey5_controller_configuration/environment/ament_prefix_path.sh
[0.766s] -- Up-to-date symlink: /root/tiago_public_ws/install/pal_hey5_controller_configuration/share/pal_hey5_controller_configuration/environment/ament_prefix_path.dsv
[0.766s] -- Up-to-date symlink: /root/tiago_public_ws/install/pal_hey5_controller_configuration/share/pal_hey5_controller_configuration/environment/path.sh
[0.766s] -- Up-to-date symlink: /root/tiago_public_ws/install/pal_hey5_controller_configuration/share/pal_hey5_controller_configuration/environment/path.dsv
[0.766s] -- Up-to-date symlink: /root/tiago_public_ws/install/pal_hey5_controller_configuration/share/pal_hey5_controller_configuration/local_setup.bash
[0.767s] -- Up-to-date symlink: /root/tiago_public_ws/install/pal_hey5_controller_configuration/share/pal_hey5_controller_configuration/local_setup.sh
[0.767s] -- Up-to-date symlink: /root/tiago_public_ws/install/pal_hey5_controller_configuration/share/pal_hey5_controller_configuration/local_setup.zsh
[0.767s] -- Up-to-date symlink: /root/tiago_public_ws/install/pal_hey5_controller_configuration/share/pal_hey5_controller_configuration/local_setup.dsv
[0.767s] -- Symlinking: /root/tiago_public_ws/install/pal_hey5_controller_configuration/share/pal_hey5_controller_configuration/package.dsv
[0.790s] -- Up-to-date symlink: /root/tiago_public_ws/install/pal_hey5_controller_configuration/share/ament_index/resource_index/packages/pal_hey5_controller_configuration
[0.792s] -- Up-to-date symlink: /root/tiago_public_ws/install/pal_hey5_controller_configuration/share/pal_hey5_controller_configuration/cmake/pal_hey5_controller_configurationConfig.cmake
[0.792s] -- Up-to-date symlink: /root/tiago_public_ws/install/pal_hey5_controller_configuration/share/pal_hey5_controller_configuration/cmake/pal_hey5_controller_configurationConfig-version.cmake
[0.792s] -- Up-to-date symlink: /root/tiago_public_ws/install/pal_hey5_controller_configuration/share/pal_hey5_controller_configuration/package.xml
[0.812s] Invoked command in '/root/tiago_public_ws/build/pal_hey5_controller_configuration' returned '0': CMAKE_PREFIX_PATH=/opt/ros/humble /usr/bin/cmake --install /root/tiago_public_ws/build/pal_hey5_controller_configuration
