[0.902s] Invoking command in '/root/tiago_public_ws/build/tiago_moveit_config': AMENT_PREFIX_PATH=/root/tiago_public_ws/install/tiago_description:/root/tiago_public_ws/install/pmb2_description:/root/tiago_public_ws/install/pal_hey5_description:/root/tiago_public_ws/install/pal_gripper_description:/root/tiago_public_ws/install/urdf_test:/root/tiago_public_ws/install/pal_urdf_utils:/root/tiago_public_ws/install/pal_robotiq_description:/root/tiago_public_ws/install/launch_pal:${AMENT_PREFIX_PATH} CMAKE_PREFIX_PATH=/root/tiago_public_ws/install/tiago_description:/root/tiago_public_ws/install/pmb2_description:/root/tiago_public_ws/install/pal_hey5_description:/root/tiago_public_ws/install/pal_gripper_description:/root/tiago_public_ws/install/urdf_test:/root/tiago_public_ws/install/pal_urdf_utils:/root/tiago_public_ws/install/pal_robotiq_description:/opt/ros/humble PYTHONPATH=/root/tiago_public_ws/install/tiago_description/local/lib/python3.10/dist-packages:/root/tiago_public_ws/install/pmb2_description/local/lib/python3.10/dist-packages:/root/tiago_public_ws/install/urdf_test/local/lib/python3.10/dist-packages:/root/tiago_public_ws/install/launch_pal/lib/python3.10/site-packages:${PYTHONPATH} /usr/bin/cmake --build /root/tiago_public_ws/build/tiago_moveit_config -- -j8 -l8
[1.008s] Invoked command in '/root/tiago_public_ws/build/tiago_moveit_config' returned '0': AMENT_PREFIX_PATH=/root/tiago_public_ws/install/tiago_description:/root/tiago_public_ws/install/pmb2_description:/root/tiago_public_ws/install/pal_hey5_description:/root/tiago_public_ws/install/pal_gripper_description:/root/tiago_public_ws/install/urdf_test:/root/tiago_public_ws/install/pal_urdf_utils:/root/tiago_public_ws/install/pal_robotiq_description:/root/tiago_public_ws/install/launch_pal:${AMENT_PREFIX_PATH} CMAKE_PREFIX_PATH=/root/tiago_public_ws/install/tiago_description:/root/tiago_public_ws/install/pmb2_description:/root/tiago_public_ws/install/pal_hey5_description:/root/tiago_public_ws/install/pal_gripper_description:/root/tiago_public_ws/install/urdf_test:/root/tiago_public_ws/install/pal_urdf_utils:/root/tiago_public_ws/install/pal_robotiq_description:/opt/ros/humble PYTHONPATH=/root/tiago_public_ws/install/tiago_description/local/lib/python3.10/dist-packages:/root/tiago_public_ws/install/pmb2_description/local/lib/python3.10/dist-packages:/root/tiago_public_ws/install/urdf_test/local/lib/python3.10/dist-packages:/root/tiago_public_ws/install/launch_pal/lib/python3.10/site-packages:${PYTHONPATH} /usr/bin/cmake --build /root/tiago_public_ws/build/tiago_moveit_config -- -j8 -l8
[1.087s] Invoking command in '/root/tiago_public_ws/build/tiago_moveit_config': AMENT_PREFIX_PATH=/root/tiago_public_ws/install/tiago_description:/root/tiago_public_ws/install/pmb2_description:/root/tiago_public_ws/install/pal_hey5_description:/root/tiago_public_ws/install/pal_gripper_description:/root/tiago_public_ws/install/urdf_test:/root/tiago_public_ws/install/pal_urdf_utils:/root/tiago_public_ws/install/pal_robotiq_description:/root/tiago_public_ws/install/launch_pal:${AMENT_PREFIX_PATH} CMAKE_PREFIX_PATH=/root/tiago_public_ws/install/tiago_description:/root/tiago_public_ws/install/pmb2_description:/root/tiago_public_ws/install/pal_hey5_description:/root/tiago_public_ws/install/pal_gripper_description:/root/tiago_public_ws/install/urdf_test:/root/tiago_public_ws/install/pal_urdf_utils:/root/tiago_public_ws/install/pal_robotiq_description:/opt/ros/humble PYTHONPATH=/root/tiago_public_ws/install/tiago_description/local/lib/python3.10/dist-packages:/root/tiago_public_ws/install/pmb2_description/local/lib/python3.10/dist-packages:/root/tiago_public_ws/install/urdf_test/local/lib/python3.10/dist-packages:/root/tiago_public_ws/install/launch_pal/lib/python3.10/site-packages:${PYTHONPATH} /usr/bin/cmake --install /root/tiago_public_ws/build/tiago_moveit_config
[1.108s] -- Install configuration: ""
[1.117s] -- Execute custom install script
[1.117s] -- Up-to-date symlink: /root/tiago_public_ws/install/tiago_moveit_config/share/ament_index/resource_index/package_run_dependencies/tiago_moveit_config
[1.117s] -- Up-to-date symlink: /root/tiago_public_ws/install/tiago_moveit_config/share/ament_index/resource_index/parent_prefix_path/tiago_moveit_config
[1.117s] -- Up-to-date symlink: /root/tiago_public_ws/install/tiago_moveit_config/share/tiago_moveit_config/environment/ament_prefix_path.sh
[1.117s] -- Up-to-date symlink: /root/tiago_public_ws/install/tiago_moveit_config/share/tiago_moveit_config/environment/ament_prefix_path.dsv
[1.117s] -- Up-to-date symlink: /root/tiago_public_ws/install/tiago_moveit_config/share/tiago_moveit_config/environment/path.sh
[1.117s] -- Up-to-date symlink: /root/tiago_public_ws/install/tiago_moveit_config/share/tiago_moveit_config/environment/path.dsv
[1.117s] -- Up-to-date symlink: /root/tiago_public_ws/install/tiago_moveit_config/share/tiago_moveit_config/local_setup.bash
[1.118s] -- Up-to-date symlink: /root/tiago_public_ws/install/tiago_moveit_config/share/tiago_moveit_config/local_setup.sh
[1.129s] -- Up-to-date symlink: /root/tiago_public_ws/install/tiago_moveit_config/share/tiago_moveit_config/local_setup.zsh
[1.129s] -- Up-to-date symlink: /root/tiago_public_ws/install/tiago_moveit_config/share/tiago_moveit_config/local_setup.dsv
[1.132s] -- Symlinking: /root/tiago_public_ws/install/tiago_moveit_config/share/tiago_moveit_config/package.dsv
[1.157s] -- Up-to-date symlink: /root/tiago_public_ws/install/tiago_moveit_config/share/ament_index/resource_index/packages/tiago_moveit_config
[1.158s] -- Up-to-date symlink: /root/tiago_public_ws/install/tiago_moveit_config/share/tiago_moveit_config/cmake/tiago_moveit_configConfig.cmake
[1.160s] -- Up-to-date symlink: /root/tiago_public_ws/install/tiago_moveit_config/share/tiago_moveit_config/cmake/tiago_moveit_configConfig-version.cmake
[1.160s] -- Up-to-date symlink: /root/tiago_public_ws/install/tiago_moveit_config/share/tiago_moveit_config/package.xml
[1.161s] -- Up-to-date symlink: /root/tiago_public_ws/install/tiago_moveit_config/share/tiago_moveit_config/launch/move_group.launch.py
[1.161s] -- Up-to-date symlink: /root/tiago_public_ws/install/tiago_moveit_config/share/tiago_moveit_config/launch/moveit_rviz.launch.py
[1.166s] -- Up-to-date symlink: /root/tiago_public_ws/install/tiago_moveit_config/share/tiago_moveit_config/config/controllers/controllers.yaml.em
[1.166s] -- Up-to-date symlink: /root/tiago_public_ws/install/tiago_moveit_config/share/tiago_moveit_config/config/controllers/controllers_custom.yaml
[1.168s] -- Up-to-date symlink: /root/tiago_public_ws/install/tiago_moveit_config/share/tiago_moveit_config/config/controllers/controllers_no-arm.yaml
[1.168s] -- Up-to-date symlink: /root/tiago_public_ws/install/tiago_moveit_config/share/tiago_moveit_config/config/controllers/controllers_no-ee.yaml
[1.168s] -- Up-to-date symlink: /root/tiago_public_ws/install/tiago_moveit_config/share/tiago_moveit_config/config/controllers/controllers_pal-gripper.yaml
[1.170s] -- Up-to-date symlink: /root/tiago_public_ws/install/tiago_moveit_config/share/tiago_moveit_config/config/controllers/controllers_pal-hey5.yaml
[1.172s] -- Up-to-date symlink: /root/tiago_public_ws/install/tiago_moveit_config/share/tiago_moveit_config/config/controllers/controllers_robotiq-2f-140.yaml
[1.172s] -- Up-to-date symlink: /root/tiago_public_ws/install/tiago_moveit_config/share/tiago_moveit_config/config/controllers/controllers_robotiq-2f-85.yaml
[1.173s] -- Up-to-date symlink: /root/tiago_public_ws/install/tiago_moveit_config/share/tiago_moveit_config/config/controllers/controllers_robotiq-epick.yaml
[1.176s] -- Up-to-date symlink: /root/tiago_public_ws/install/tiago_moveit_config/share/tiago_moveit_config/config/joint_limits.yaml
[1.176s] -- Up-to-date symlink: /root/tiago_public_ws/install/tiago_moveit_config/share/tiago_moveit_config/config/kinematics_kdl.yaml
[1.176s] -- Up-to-date symlink: /root/tiago_public_ws/install/tiago_moveit_config/share/tiago_moveit_config/config/kinematics_trac_ik.yaml
[1.181s] -- Up-to-date symlink: /root/tiago_public_ws/install/tiago_moveit_config/share/tiago_moveit_config/config/ompl_planning.yaml
[1.182s] -- Up-to-date symlink: /root/tiago_public_ws/install/tiago_moveit_config/share/tiago_moveit_config/config/pilz_cartesian_limits.yaml
[1.182s] -- Up-to-date symlink: /root/tiago_public_ws/install/tiago_moveit_config/share/tiago_moveit_config/config/rviz/moveit.rviz
[1.182s] -- Up-to-date symlink: /root/tiago_public_ws/install/tiago_moveit_config/share/tiago_moveit_config/config/sensors_3d.yaml
[1.182s] -- Up-to-date symlink: /root/tiago_public_ws/install/tiago_moveit_config/share/tiago_moveit_config/config/srdf/disable_collisions/custom.srdf.xacro
[1.182s] -- Up-to-date symlink: /root/tiago_public_ws/install/tiago_moveit_config/share/tiago_moveit_config/config/srdf/disable_collisions/custom_schunk-ft.srdf.xacro
[1.182s] -- Up-to-date symlink: /root/tiago_public_ws/install/tiago_moveit_config/share/tiago_moveit_config/config/srdf/disable_collisions/no-ee.srdf.xacro
[1.182s] -- Up-to-date symlink: /root/tiago_public_ws/install/tiago_moveit_config/share/tiago_moveit_config/config/srdf/disable_collisions/no-ee_schunk-ft.srdf.xacro
[1.182s] -- Up-to-date symlink: /root/tiago_public_ws/install/tiago_moveit_config/share/tiago_moveit_config/config/srdf/disable_collisions/pal-gripper.srdf.xacro
[1.182s] -- Up-to-date symlink: /root/tiago_public_ws/install/tiago_moveit_config/share/tiago_moveit_config/config/srdf/disable_collisions/pal-gripper_schunk-ft.srdf.xacro
[1.183s] -- Up-to-date symlink: /root/tiago_public_ws/install/tiago_moveit_config/share/tiago_moveit_config/config/srdf/disable_collisions/pal-hey5.srdf.xacro
[1.183s] -- Up-to-date symlink: /root/tiago_public_ws/install/tiago_moveit_config/share/tiago_moveit_config/config/srdf/disable_collisions/pal-hey5_schunk-ft.srdf.xacro
[1.183s] -- Up-to-date symlink: /root/tiago_public_ws/install/tiago_moveit_config/share/tiago_moveit_config/config/srdf/disable_collisions/robotiq-2f-140.srdf.xacro
[1.183s] -- Up-to-date symlink: /root/tiago_public_ws/install/tiago_moveit_config/share/tiago_moveit_config/config/srdf/disable_collisions/robotiq-2f-140_schunk-ft.srdf.xacro
[1.183s] -- Up-to-date symlink: /root/tiago_public_ws/install/tiago_moveit_config/share/tiago_moveit_config/config/srdf/disable_collisions/robotiq-2f-85.srdf.xacro
[1.183s] -- Up-to-date symlink: /root/tiago_public_ws/install/tiago_moveit_config/share/tiago_moveit_config/config/srdf/disable_collisions/robotiq-2f-85_schunk-ft.srdf.xacro
[1.184s] -- Up-to-date symlink: /root/tiago_public_ws/install/tiago_moveit_config/share/tiago_moveit_config/config/srdf/disable_collisions/tiago_custom.srdf.xacro
[1.184s] -- Up-to-date symlink: /root/tiago_public_ws/install/tiago_moveit_config/share/tiago_moveit_config/config/srdf/disable_collisions/tiago_custom_schunk-ft.srdf.xacro
[1.185s] -- Up-to-date symlink: /root/tiago_public_ws/install/tiago_moveit_config/share/tiago_moveit_config/config/srdf/disable_collisions/tiago_no-arm.srdf.xacro
[1.185s] -- Up-to-date symlink: /root/tiago_public_ws/install/tiago_moveit_config/share/tiago_moveit_config/config/srdf/disable_collisions/tiago_no-ee.srdf.xacro
[1.185s] -- Up-to-date symlink: /root/tiago_public_ws/install/tiago_moveit_config/share/tiago_moveit_config/config/srdf/disable_collisions/tiago_no-ee_schunk-ft.srdf.xacro
[1.200s] -- Up-to-date symlink: /root/tiago_public_ws/install/tiago_moveit_config/share/tiago_moveit_config/config/srdf/disable_collisions/tiago_omni_custom.srdf.xacro
[1.200s] -- Up-to-date symlink: /root/tiago_public_ws/install/tiago_moveit_config/share/tiago_moveit_config/config/srdf/disable_collisions/tiago_omni_custom_schunk-ft.srdf.xacro
[1.201s] -- Up-to-date symlink: /root/tiago_public_ws/install/tiago_moveit_config/share/tiago_moveit_config/config/srdf/disable_collisions/tiago_omni_no-arm.srdf.xacro
[1.201s] -- Up-to-date symlink: /root/tiago_public_ws/install/tiago_moveit_config/share/tiago_moveit_config/config/srdf/disable_collisions/tiago_omni_no-ee.srdf.xacro
[1.201s] -- Up-to-date symlink: /root/tiago_public_ws/install/tiago_moveit_config/share/tiago_moveit_config/config/srdf/disable_collisions/tiago_omni_no-ee_schunk-ft.srdf.xacro
[1.201s] -- Up-to-date symlink: /root/tiago_public_ws/install/tiago_moveit_config/share/tiago_moveit_config/config/srdf/disable_collisions/tiago_omni_pal-gripper.srdf.xacro
[1.204s] -- Up-to-date symlink: /root/tiago_public_ws/install/tiago_moveit_config/share/tiago_moveit_config/config/srdf/disable_collisions/tiago_omni_pal-gripper_schunk-ft.srdf.xacro
[1.206s] -- Up-to-date symlink: /root/tiago_public_ws/install/tiago_moveit_config/share/tiago_moveit_config/config/srdf/disable_collisions/tiago_omni_pal-hey5.srdf.xacro
[1.207s] -- Up-to-date symlink: /root/tiago_public_ws/install/tiago_moveit_config/share/tiago_moveit_config/config/srdf/disable_collisions/tiago_omni_pal-hey5_schunk-ft.srdf.xacro
[1.241s] -- Up-to-date symlink: /root/tiago_public_ws/install/tiago_moveit_config/share/tiago_moveit_config/config/srdf/disable_collisions/tiago_omni_robotiq-2f-140.srdf.xacro
[1.242s] -- Up-to-date symlink: /root/tiago_public_ws/install/tiago_moveit_config/share/tiago_moveit_config/config/srdf/disable_collisions/tiago_omni_robotiq-2f-140_schunk-ft.srdf.xacro
[1.242s] -- Up-to-date symlink: /root/tiago_public_ws/install/tiago_moveit_config/share/tiago_moveit_config/config/srdf/disable_collisions/tiago_omni_robotiq-2f-85.srdf.xacro
[1.242s] -- Up-to-date symlink: /root/tiago_public_ws/install/tiago_moveit_config/share/tiago_moveit_config/config/srdf/disable_collisions/tiago_omni_robotiq-2f-85_schunk-ft.srdf.xacro
[1.242s] -- Up-to-date symlink: /root/tiago_public_ws/install/tiago_moveit_config/share/tiago_moveit_config/config/srdf/disable_collisions/tiago_pal-gripper.srdf.xacro
[1.242s] -- Up-to-date symlink: /root/tiago_public_ws/install/tiago_moveit_config/share/tiago_moveit_config/config/srdf/disable_collisions/tiago_pal-gripper_schunk-ft.srdf.xacro
[1.242s] -- Up-to-date symlink: /root/tiago_public_ws/install/tiago_moveit_config/share/tiago_moveit_config/config/srdf/disable_collisions/tiago_pal-hey5.srdf.xacro
[1.243s] -- Up-to-date symlink: /root/tiago_public_ws/install/tiago_moveit_config/share/tiago_moveit_config/config/srdf/disable_collisions/tiago_pal-hey5_schunk-ft.srdf.xacro
[1.243s] -- Up-to-date symlink: /root/tiago_public_ws/install/tiago_moveit_config/share/tiago_moveit_config/config/srdf/disable_collisions/tiago_robotiq-2f-140.srdf.xacro
[1.243s] -- Up-to-date symlink: /root/tiago_public_ws/install/tiago_moveit_config/share/tiago_moveit_config/config/srdf/disable_collisions/tiago_robotiq-2f-140_schunk-ft.srdf.xacro
[1.243s] -- Up-to-date symlink: /root/tiago_public_ws/install/tiago_moveit_config/share/tiago_moveit_config/config/srdf/disable_collisions/tiago_robotiq-2f-85.srdf.xacro
[1.243s] -- Up-to-date symlink: /root/tiago_public_ws/install/tiago_moveit_config/share/tiago_moveit_config/config/srdf/disable_collisions/tiago_robotiq-2f-85_schunk-ft.srdf.xacro
[1.243s] -- Up-to-date symlink: /root/tiago_public_ws/install/tiago_moveit_config/share/tiago_moveit_config/config/srdf/end_effectors/custom.srdf.xacro
[1.243s] -- Up-to-date symlink: /root/tiago_public_ws/install/tiago_moveit_config/share/tiago_moveit_config/config/srdf/end_effectors/no-end-effector.srdf.xacro
[1.243s] -- Up-to-date symlink: /root/tiago_public_ws/install/tiago_moveit_config/share/tiago_moveit_config/config/srdf/end_effectors/pal-gripper.srdf.xacro
[1.243s] -- Up-to-date symlink: /root/tiago_public_ws/install/tiago_moveit_config/share/tiago_moveit_config/config/srdf/end_effectors/pal-hey5.srdf.xacro
[1.244s] -- Up-to-date symlink: /root/tiago_public_ws/install/tiago_moveit_config/share/tiago_moveit_config/config/srdf/end_effectors/robotiq-2f-140.srdf.xacro
[1.244s] -- Up-to-date symlink: /root/tiago_public_ws/install/tiago_moveit_config/share/tiago_moveit_config/config/srdf/end_effectors/robotiq-2f-85.srdf.xacro
[1.244s] -- Up-to-date symlink: /root/tiago_public_ws/install/tiago_moveit_config/share/tiago_moveit_config/config/srdf/end_effectors/shared/robotiq-2f.srdf.xacro
[1.248s] -- Up-to-date symlink: /root/tiago_public_ws/install/tiago_moveit_config/share/tiago_moveit_config/config/srdf/scripts/update.sh
[1.250s] -- Up-to-date symlink: /root/tiago_public_ws/install/tiago_moveit_config/share/tiago_moveit_config/config/srdf/tiago.srdf.xacro
[1.251s] Invoked command in '/root/tiago_public_ws/build/tiago_moveit_config' returned '0': AMENT_PREFIX_PATH=/root/tiago_public_ws/install/tiago_description:/root/tiago_public_ws/install/pmb2_description:/root/tiago_public_ws/install/pal_hey5_description:/root/tiago_public_ws/install/pal_gripper_description:/root/tiago_public_ws/install/urdf_test:/root/tiago_public_ws/install/pal_urdf_utils:/root/tiago_public_ws/install/pal_robotiq_description:/root/tiago_public_ws/install/launch_pal:${AMENT_PREFIX_PATH} CMAKE_PREFIX_PATH=/root/tiago_public_ws/install/tiago_description:/root/tiago_public_ws/install/pmb2_description:/root/tiago_public_ws/install/pal_hey5_description:/root/tiago_public_ws/install/pal_gripper_description:/root/tiago_public_ws/install/urdf_test:/root/tiago_public_ws/install/pal_urdf_utils:/root/tiago_public_ws/install/pal_robotiq_description:/opt/ros/humble PYTHONPATH=/root/tiago_public_ws/install/tiago_description/local/lib/python3.10/dist-packages:/root/tiago_public_ws/install/pmb2_description/local/lib/python3.10/dist-packages:/root/tiago_public_ws/install/urdf_test/local/lib/python3.10/dist-packages:/root/tiago_public_ws/install/launch_pal/lib/python3.10/site-packages:${PYTHONPATH} /usr/bin/cmake --install /root/tiago_public_ws/build/tiago_moveit_config
