[0.474s] Invoking command in '/root/tiago_public_ws/build/plansys2_cascade_example': CMAKE_PREFIX_PATH=/opt/ros/humble /usr/bin/cmake /root/tiago_public_ws/src/ros2_planning_system_examples/plansys2_cascade_example -DCMAKE_INSTALL_PREFIX=/root/tiago_public_ws/install/plansys2_cascade_example
[0.525s] -- Found ament_cmake: 1.3.10 (/opt/ros/humble/share/ament_cmake/cmake)
[1.422s] -- Override CMake install command with custom implementation using symlinks instead of copying resources
[1.539s] -- Found rclcpp: 16.0.10 (/opt/ros/humble/share/rclcpp/cmake)
[2.321s] -- Found rosidl_generator_c: 3.1.5 (/opt/ros/humble/share/rosidl_generator_c/cmake)
[2.335s] -- Found rosidl_adapter: 3.1.5 (/opt/ros/humble/share/rosidl_adapter/cmake)
[2.356s] -- Found rosidl_generator_cpp: 3.1.5 (/opt/ros/humble/share/rosidl_generator_cpp/cmake)
[2.474s] -- Using all available rosidl_typesupport_c: rosidl_typesupport_fastrtps_c;rosidl_typesupport_introspection_c
[2.603s] -- Using all available rosidl_typesupport_cpp: rosidl_typesupport_fastrtps_cpp;rosidl_typesupport_introspection_cpp
[2.762s] -- Found rmw_implementation_cmake: 6.1.2 (/opt/ros/humble/share/rmw_implementation_cmake/cmake)
[2.767s] -- Found rmw_fastrtps_cpp: 6.2.7 (/opt/ros/humble/share/rmw_fastrtps_cpp/cmake)
[22.697s] -- Using RMW implementation 'rmw_fastrtps_cpp' as default
[22.872s] -- Found rclcpp_action: 16.0.10 (/opt/ros/humble/share/rclcpp_action/cmake)
[22.981s] -- Found plansys2_msgs: 2.0.9 (/opt/ros/humble/share/plansys2_msgs/cmake)
[23.086s] -- Found plansys2_executor: 2.0.9 (/opt/ros/humble/share/plansys2_executor/cmake)
[28.821s] -- Found ament_lint_auto: 0.12.11 (/opt/ros/humble/share/ament_lint_auto/cmake)
[29.305s] -- Added test 'copyright' to check source files copyright and LICENSE
[29.311s] -- Added test 'cppcheck' to perform static code analysis on C / C++ code
[29.311s] -- Configured cppcheck include dirs: 
[29.312s] -- Configured cppcheck exclude dirs and/or files: 
[29.312s] -- Added test 'cpplint' to check C / C++ code against the Google style
[29.312s] -- Configured cpplint exclude dirs and/or files: 
[29.313s] -- Added test 'flake8' to check Python code syntax and style conventions
[29.314s] -- Added test 'lint_cmake' to check CMake code style
[29.319s] -- Added test 'pep257' to check Python code against some of the docstring style conventions in PEP 257
[29.319s] -- Added test 'uncrustify' to check C / C++ code style
[29.319s] -- Configured uncrustify additional arguments: 
[29.319s] -- Added test 'xmllint' to check XML markup files
[29.344s] -- Configuring done
[29.884s] -- Generating done
[29.899s] -- Build files have been written to: /root/tiago_public_ws/build/plansys2_cascade_example
[30.001s] Invoked command in '/root/tiago_public_ws/build/plansys2_cascade_example' returned '0': CMAKE_PREFIX_PATH=/opt/ros/humble /usr/bin/cmake /root/tiago_public_ws/src/ros2_planning_system_examples/plansys2_cascade_example -DCMAKE_INSTALL_PREFIX=/root/tiago_public_ws/install/plansys2_cascade_example
[30.002s] Invoking command in '/root/tiago_public_ws/build/plansys2_cascade_example': CMAKE_PREFIX_PATH=/opt/ros/humble /usr/bin/cmake --build /root/tiago_public_ws/build/plansys2_cascade_example -- -j8 -l8
[30.252s] [35m[1mConsolidate compiler generated dependencies of target move_action_node[0m
[30.402s] [ 25%] Built target move_action_node
[30.448s] [35m[1mConsolidate compiler generated dependencies of target check_obstacles_node[0m
[30.535s] [ 50%] Built target check_obstacles_node
[30.620s] [35m[1mConsolidate compiler generated dependencies of target ask_charge_action_node[0m
[30.693s] [ 75%] Built target ask_charge_action_node
[30.828s] [35m[1mConsolidate compiler generated dependencies of target charge_action_node[0m
[30.991s] [100%] Built target charge_action_node
[31.168s] Invoked command in '/root/tiago_public_ws/build/plansys2_cascade_example' returned '0': CMAKE_PREFIX_PATH=/opt/ros/humble /usr/bin/cmake --build /root/tiago_public_ws/build/plansys2_cascade_example -- -j8 -l8
[31.593s] Invoking command in '/root/tiago_public_ws/build/plansys2_cascade_example': CMAKE_PREFIX_PATH=/opt/ros/humble /usr/bin/cmake --install /root/tiago_public_ws/build/plansys2_cascade_example
[31.621s] -- Install configuration: ""
[31.621s] -- Execute custom install script
[31.627s] -- Up-to-date symlink: /root/tiago_public_ws/install/plansys2_cascade_example/share/plansys2_cascade_example/launch/commands
[31.631s] -- Up-to-date symlink: /root/tiago_public_ws/install/plansys2_cascade_example/share/plansys2_cascade_example/launch/plansys2_cascade_example_launch.py
[31.638s] -- Up-to-date symlink: /root/tiago_public_ws/install/plansys2_cascade_example/share/plansys2_cascade_example/pddl/cascade_example.pddl
[31.649s] -- Up-to-date symlink: /root/tiago_public_ws/install/plansys2_cascade_example/lib/plansys2_cascade_example/move_action_node
[31.649s] -- Up-to-date symlink: /root/tiago_public_ws/install/plansys2_cascade_example/lib/plansys2_cascade_example/charge_action_node
[31.663s] -- Up-to-date symlink: /root/tiago_public_ws/install/plansys2_cascade_example/lib/plansys2_cascade_example/ask_charge_action_node
[31.675s] -- Up-to-date symlink: /root/tiago_public_ws/install/plansys2_cascade_example/lib/plansys2_cascade_example/check_obstacles_node
[31.676s] -- Up-to-date symlink: /root/tiago_public_ws/install/plansys2_cascade_example/share/ament_index/resource_index/package_run_dependencies/plansys2_cascade_example
[31.677s] -- Up-to-date symlink: /root/tiago_public_ws/install/plansys2_cascade_example/share/ament_index/resource_index/parent_prefix_path/plansys2_cascade_example
[31.677s] -- Up-to-date symlink: /root/tiago_public_ws/install/plansys2_cascade_example/share/plansys2_cascade_example/environment/ament_prefix_path.sh
[31.678s] -- Up-to-date symlink: /root/tiago_public_ws/install/plansys2_cascade_example/share/plansys2_cascade_example/environment/ament_prefix_path.dsv
[31.678s] -- Up-to-date symlink: /root/tiago_public_ws/install/plansys2_cascade_example/share/plansys2_cascade_example/environment/path.sh
[31.678s] -- Up-to-date symlink: /root/tiago_public_ws/install/plansys2_cascade_example/share/plansys2_cascade_example/environment/path.dsv
[31.679s] -- Up-to-date symlink: /root/tiago_public_ws/install/plansys2_cascade_example/share/plansys2_cascade_example/local_setup.bash
[31.680s] -- Up-to-date symlink: /root/tiago_public_ws/install/plansys2_cascade_example/share/plansys2_cascade_example/local_setup.sh
[31.680s] -- Up-to-date symlink: /root/tiago_public_ws/install/plansys2_cascade_example/share/plansys2_cascade_example/local_setup.zsh
[31.681s] -- Up-to-date symlink: /root/tiago_public_ws/install/plansys2_cascade_example/share/plansys2_cascade_example/local_setup.dsv
[31.684s] -- Symlinking: /root/tiago_public_ws/install/plansys2_cascade_example/share/plansys2_cascade_example/package.dsv
[31.769s] -- Up-to-date symlink: /root/tiago_public_ws/install/plansys2_cascade_example/share/ament_index/resource_index/packages/plansys2_cascade_example
[31.770s] -- Up-to-date symlink: /root/tiago_public_ws/install/plansys2_cascade_example/share/plansys2_cascade_example/cmake/ament_cmake_export_dependencies-extras.cmake
[31.771s] -- Up-to-date symlink: /root/tiago_public_ws/install/plansys2_cascade_example/share/plansys2_cascade_example/cmake/plansys2_cascade_exampleConfig.cmake
[31.773s] -- Up-to-date symlink: /root/tiago_public_ws/install/plansys2_cascade_example/share/plansys2_cascade_example/cmake/plansys2_cascade_exampleConfig-version.cmake
[31.775s] -- Up-to-date symlink: /root/tiago_public_ws/install/plansys2_cascade_example/share/plansys2_cascade_example/package.xml
[31.797s] Invoked command in '/root/tiago_public_ws/build/plansys2_cascade_example' returned '0': CMAKE_PREFIX_PATH=/opt/ros/humble /usr/bin/cmake --install /root/tiago_public_ws/build/plansys2_cascade_example
