[0.077s] Invoking command in '/root/tiago_public_ws/build/plansys2_patrol_navigation_example': CMAKE_PREFIX_PATH=${CMAKE_PREFIX_PATH}:/root/tiago_public_ws/install/launch_pal:/opt/ros/humble /usr/bin/cmake --build /root/tiago_public_ws/build/plansys2_patrol_navigation_example -- -j8 -l8
[0.283s] [ 33%] Built target move_action_node
[0.292s] [ 66%] Built target patrol_action_node
[0.302s] [100%] Built target patrolling_controller_node
[0.327s] Invoked command in '/root/tiago_public_ws/build/plansys2_patrol_navigation_example' returned '0': CMAKE_PREFIX_PATH=${CMAKE_PREFIX_PATH}:/root/tiago_public_ws/install/launch_pal:/opt/ros/humble /usr/bin/cmake --build /root/tiago_public_ws/build/plansys2_patrol_navigation_example -- -j8 -l8
[0.388s] Invoking command in '/root/tiago_public_ws/build/plansys2_patrol_navigation_example': CMAKE_PREFIX_PATH=${CMAKE_PREFIX_PATH}:/root/tiago_public_ws/install/launch_pal:/opt/ros/humble /usr/bin/cmake --install /root/tiago_public_ws/build/plansys2_patrol_navigation_example
[0.401s] -- Install configuration: ""
[0.402s] -- Execute custom install script
[0.403s] -- Up-to-date symlink: /root/tiago_public_ws/install/plansys2_patrol_navigation_example/share/plansys2_patrol_navigation_example/launch/patrol_example_fakesim_launch.py
[0.404s] -- Up-to-date symlink: /root/tiago_public_ws/install/plansys2_patrol_navigation_example/share/plansys2_patrol_navigation_example/launch/patrol_example_launch.py
[0.406s] -- Up-to-date symlink: /root/tiago_public_ws/install/plansys2_patrol_navigation_example/share/plansys2_patrol_navigation_example/pddl/patrol.pddl
[0.407s] -- Up-to-date symlink: /root/tiago_public_ws/install/plansys2_patrol_navigation_example/share/plansys2_patrol_navigation_example/params/nav2_params.yaml
[0.409s] -- Up-to-date symlink: /root/tiago_public_ws/install/plansys2_patrol_navigation_example/lib/plansys2_patrol_navigation_example/move_action_node
[0.409s] -- Up-to-date symlink: /root/tiago_public_ws/install/plansys2_patrol_navigation_example/lib/plansys2_patrol_navigation_example/patrol_action_node
[0.411s] -- Up-to-date symlink: /root/tiago_public_ws/install/plansys2_patrol_navigation_example/lib/plansys2_patrol_navigation_example/patrolling_controller_node
[0.418s] -- Up-to-date symlink: /root/tiago_public_ws/install/plansys2_patrol_navigation_example/share/ament_index/resource_index/package_run_dependencies/plansys2_patrol_navigation_example
[0.418s] -- Up-to-date symlink: /root/tiago_public_ws/install/plansys2_patrol_navigation_example/share/ament_index/resource_index/parent_prefix_path/plansys2_patrol_navigation_example
[0.418s] -- Up-to-date symlink: /root/tiago_public_ws/install/plansys2_patrol_navigation_example/share/plansys2_patrol_navigation_example/environment/ament_prefix_path.sh
[0.418s] -- Up-to-date symlink: /root/tiago_public_ws/install/plansys2_patrol_navigation_example/share/plansys2_patrol_navigation_example/environment/ament_prefix_path.dsv
[0.418s] -- Up-to-date symlink: /root/tiago_public_ws/install/plansys2_patrol_navigation_example/share/plansys2_patrol_navigation_example/environment/path.sh
[0.419s] -- Up-to-date symlink: /root/tiago_public_ws/install/plansys2_patrol_navigation_example/share/plansys2_patrol_navigation_example/environment/path.dsv
[0.419s] -- Up-to-date symlink: /root/tiago_public_ws/install/plansys2_patrol_navigation_example/share/plansys2_patrol_navigation_example/local_setup.bash
[0.419s] -- Up-to-date symlink: /root/tiago_public_ws/install/plansys2_patrol_navigation_example/share/plansys2_patrol_navigation_example/local_setup.sh
[0.420s] -- Up-to-date symlink: /root/tiago_public_ws/install/plansys2_patrol_navigation_example/share/plansys2_patrol_navigation_example/local_setup.zsh
[0.420s] -- Up-to-date symlink: /root/tiago_public_ws/install/plansys2_patrol_navigation_example/share/plansys2_patrol_navigation_example/local_setup.dsv
[0.420s] -- Symlinking: /root/tiago_public_ws/install/plansys2_patrol_navigation_example/share/plansys2_patrol_navigation_example/package.dsv
[0.435s] -- Up-to-date symlink: /root/tiago_public_ws/install/plansys2_patrol_navigation_example/share/ament_index/resource_index/packages/plansys2_patrol_navigation_example
[0.435s] -- Up-to-date symlink: /root/tiago_public_ws/install/plansys2_patrol_navigation_example/share/plansys2_patrol_navigation_example/cmake/ament_cmake_export_dependencies-extras.cmake
[0.438s] -- Up-to-date symlink: /root/tiago_public_ws/install/plansys2_patrol_navigation_example/share/plansys2_patrol_navigation_example/cmake/plansys2_patrol_navigation_exampleConfig.cmake
[0.438s] -- Up-to-date symlink: /root/tiago_public_ws/install/plansys2_patrol_navigation_example/share/plansys2_patrol_navigation_example/cmake/plansys2_patrol_navigation_exampleConfig-version.cmake
[0.438s] -- Up-to-date symlink: /root/tiago_public_ws/install/plansys2_patrol_navigation_example/share/plansys2_patrol_navigation_example/package.xml
[0.547s] Invoked command in '/root/tiago_public_ws/build/plansys2_patrol_navigation_example' returned '0': CMAKE_PREFIX_PATH=${CMAKE_PREFIX_PATH}:/root/tiago_public_ws/install/launch_pal:/opt/ros/humble /usr/bin/cmake --install /root/tiago_public_ws/build/plansys2_patrol_navigation_example
