[3.660s] Invoking command in '/root/tiago_public_ws/src/launch_pal': PYTHONPATH=/root/tiago_public_ws/build/launch_pal/prefix_override:/usr/lib/python3/dist-packages/colcon_core/task/python/colcon_distutils_commands:/root/tiago_public_ws/install/launch_pal/lib/python3.10/site-packages:${PYTHONPATH} /usr/bin/python3 -W ignore:setup.py install is deprecated setup.py egg_info --egg-base ../../build/launch_pal build --build-base /root/tiago_public_ws/build/launch_pal/build install --record /root/tiago_public_ws/build/launch_pal/install.log --single-version-externally-managed install_data
[5.010s] running egg_info
[5.014s] writing ../../build/launch_pal/launch_pal.egg-info/PKG-INFO
[5.026s] writing dependency_links to ../../build/launch_pal/launch_pal.egg-info/dependency_links.txt
[5.026s] writing entry points to ../../build/launch_pal/launch_pal.egg-info/entry_points.txt
[5.026s] writing requirements to ../../build/launch_pal/launch_pal.egg-info/requires.txt
[5.027s] writing top-level names to ../../build/launch_pal/launch_pal.egg-info/top_level.txt
[5.032s] reading manifest file '../../build/launch_pal/launch_pal.egg-info/SOURCES.txt'
[5.048s] adding license file 'LICENSE'
[5.049s] writing manifest file '../../build/launch_pal/launch_pal.egg-info/SOURCES.txt'
[5.049s] running build
[5.049s] running build_py
[5.049s] running install
[5.049s] running install_lib
[5.093s] running install_data
[5.093s] running install_egg_info
[5.126s] removing '/root/tiago_public_ws/install/launch_pal/lib/python3.10/site-packages/launch_pal-0.1.15-py3.10.egg-info' (and everything under it)
[5.127s] Copying ../../build/launch_pal/launch_pal.egg-info to /root/tiago_public_ws/install/launch_pal/lib/python3.10/site-packages/launch_pal-0.1.15-py3.10.egg-info
[5.129s] running install_scripts
[5.294s] writing list of installed files to '/root/tiago_public_ws/build/launch_pal/install.log'
[5.479s] Invoked command in '/root/tiago_public_ws/src/launch_pal' returned '0': PYTHONPATH=/root/tiago_public_ws/build/launch_pal/prefix_override:/usr/lib/python3/dist-packages/colcon_core/task/python/colcon_distutils_commands:/root/tiago_public_ws/install/launch_pal/lib/python3.10/site-packages:${PYTHONPATH} /usr/bin/python3 -W ignore:setup.py install is deprecated setup.py egg_info --egg-base ../../build/launch_pal build --build-base /root/tiago_public_ws/build/launch_pal/build install --record /root/tiago_public_ws/build/launch_pal/install.log --single-version-externally-managed install_data
