[1.904s] Invoking command in '/root/tiago_public_ws/build/launch_pal': PYTHONPATH=/root/tiago_public_ws/build/launch_pal/prefix_override:/usr/lib/python3/dist-packages/colcon_core/task/python/colcon_distutils_commands:/root/tiago_public_ws/install/launch_pal/lib/python3.10/site-packages:${PYTHONPATH} /usr/bin/python3 -W ignore:setup.py install is deprecated setup.py develop --editable --build-directory /root/tiago_public_ws/build/launch_pal/build --no-deps symlink_data --force
[2.907s] running develop
[2.909s] /usr/lib/python3/dist-packages/setuptools/command/easy_install.py:158: EasyInstallDeprecationWarning: easy_install command is deprecated. Use build and pip and other standards-based tools.
[2.909s]   warnings.warn(
[3.508s] running egg_info
[3.508s] writing launch_pal.egg-info/PKG-INFO
[3.514s] writing dependency_links to launch_pal.egg-info/dependency_links.txt
[3.514s] writing entry points to launch_pal.egg-info/entry_points.txt
[3.514s] writing requirements to launch_pal.egg-info/requires.txt
[3.514s] writing top-level names to launch_pal.egg-info/top_level.txt
[3.516s] reading manifest file 'launch_pal.egg-info/SOURCES.txt'
[3.526s] writing manifest file 'launch_pal.egg-info/SOURCES.txt'
[3.535s] running build_ext
[3.535s] Creating /root/tiago_public_ws/install/launch_pal/lib/python3.10/site-packages/launch-pal.egg-link (link to .)
[3.537s] 
[3.538s] Installed /root/tiago_public_ws/build/launch_pal
[3.538s] running symlink_data
[3.540s] symbolically linking /root/tiago_public_ws/build/launch_pal/resource/launch_pal -> /root/tiago_public_ws/install/launch_pal/share/ament_index/resource_index/packages
[3.542s] symbolically linking /root/tiago_public_ws/build/launch_pal/package.xml -> /root/tiago_public_ws/install/launch_pal/share/launch_pal
[3.575s] symbolically linking /root/tiago_public_ws/build/launch_pal/config/robot_configuration.yaml -> /root/tiago_public_ws/install/launch_pal/share/launch_pal/config
[3.702s] Invoked command in '/root/tiago_public_ws/build/launch_pal' returned '0': PYTHONPATH=/root/tiago_public_ws/build/launch_pal/prefix_override:/usr/lib/python3/dist-packages/colcon_core/task/python/colcon_distutils_commands:/root/tiago_public_ws/install/launch_pal/lib/python3.10/site-packages:${PYTHONPATH} /usr/bin/python3 -W ignore:setup.py install is deprecated setup.py develop --editable --build-directory /root/tiago_public_ws/build/launch_pal/build --no-deps symlink_data --force
