[0.170s] Invoking command in '/root/tiago_public_ws/build/plansys2_simple_example': CMAKE_PREFIX_PATH=/opt/ros/humble /usr/bin/cmake --build /root/tiago_public_ws/build/plansys2_simple_example -- -j8 -l8
[0.403s] [ 33%] Built target move_action_node
[0.403s] [ 66%] Built target ask_charge_action_node
[0.475s] [100%] Built target charge_action_node
[0.500s] Invoked command in '/root/tiago_public_ws/build/plansys2_simple_example' returned '0': CMAKE_PREFIX_PATH=/opt/ros/humble /usr/bin/cmake --build /root/tiago_public_ws/build/plansys2_simple_example -- -j8 -l8
[0.595s] Invoking command in '/root/tiago_public_ws/build/plansys2_simple_example': CMAKE_PREFIX_PATH=/opt/ros/humble /usr/bin/cmake --install /root/tiago_public_ws/build/plansys2_simple_example
[0.623s] -- Install configuration: ""
[0.623s] -- Execute custom install script
[0.624s] -- Up-to-date symlink: /root/tiago_public_ws/install/plansys2_simple_example/share/plansys2_simple_example/launch/commands
[0.624s] -- Up-to-date symlink: /root/tiago_public_ws/install/plansys2_simple_example/share/plansys2_simple_example/launch/plansys2_simple_example_launch.py
[0.624s] -- Up-to-date symlink: /root/tiago_public_ws/install/plansys2_simple_example/share/plansys2_simple_example/pddl/simple_example.pddl
[0.625s] -- Up-to-date symlink: /root/tiago_public_ws/install/plansys2_simple_example/lib/plansys2_simple_example/move_action_node
[0.625s] -- Up-to-date symlink: /root/tiago_public_ws/install/plansys2_simple_example/lib/plansys2_simple_example/charge_action_node
[0.625s] -- Up-to-date symlink: /root/tiago_public_ws/install/plansys2_simple_example/lib/plansys2_simple_example/ask_charge_action_node
[0.625s] -- Up-to-date symlink: /root/tiago_public_ws/install/plansys2_simple_example/share/ament_index/resource_index/package_run_dependencies/plansys2_simple_example
[0.626s] -- Up-to-date symlink: /root/tiago_public_ws/install/plansys2_simple_example/share/ament_index/resource_index/parent_prefix_path/plansys2_simple_example
[0.626s] -- Up-to-date symlink: /root/tiago_public_ws/install/plansys2_simple_example/share/plansys2_simple_example/environment/ament_prefix_path.sh
[0.626s] -- Up-to-date symlink: /root/tiago_public_ws/install/plansys2_simple_example/share/plansys2_simple_example/environment/ament_prefix_path.dsv
[0.626s] -- Up-to-date symlink: /root/tiago_public_ws/install/plansys2_simple_example/share/plansys2_simple_example/environment/path.sh
[0.628s] -- Up-to-date symlink: /root/tiago_public_ws/install/plansys2_simple_example/share/plansys2_simple_example/environment/path.dsv
[0.628s] -- Up-to-date symlink: /root/tiago_public_ws/install/plansys2_simple_example/share/plansys2_simple_example/local_setup.bash
[0.628s] -- Up-to-date symlink: /root/tiago_public_ws/install/plansys2_simple_example/share/plansys2_simple_example/local_setup.sh
[0.628s] -- Up-to-date symlink: /root/tiago_public_ws/install/plansys2_simple_example/share/plansys2_simple_example/local_setup.zsh
[0.628s] -- Up-to-date symlink: /root/tiago_public_ws/install/plansys2_simple_example/share/plansys2_simple_example/local_setup.dsv
[0.628s] -- Symlinking: /root/tiago_public_ws/install/plansys2_simple_example/share/plansys2_simple_example/package.dsv
[0.649s] -- Up-to-date symlink: /root/tiago_public_ws/install/plansys2_simple_example/share/ament_index/resource_index/packages/plansys2_simple_example
[0.650s] -- Up-to-date symlink: /root/tiago_public_ws/install/plansys2_simple_example/share/plansys2_simple_example/cmake/ament_cmake_export_dependencies-extras.cmake
[0.651s] -- Up-to-date symlink: /root/tiago_public_ws/install/plansys2_simple_example/share/plansys2_simple_example/cmake/plansys2_simple_exampleConfig.cmake
[0.651s] -- Up-to-date symlink: /root/tiago_public_ws/install/plansys2_simple_example/share/plansys2_simple_example/cmake/plansys2_simple_exampleConfig-version.cmake
[0.652s] -- Up-to-date symlink: /root/tiago_public_ws/install/plansys2_simple_example/share/plansys2_simple_example/package.xml
[0.709s] Invoked command in '/root/tiago_public_ws/build/plansys2_simple_example' returned '0': CMAKE_PREFIX_PATH=/opt/ros/humble /usr/bin/cmake --install /root/tiago_public_ws/build/plansys2_simple_example
