[0.594s] Invoking command in '/root/tiago_public_ws/build/pmb2_bringup': AMENT_PREFIX_PATH=/root/tiago_public_ws/install/pmb2_description:/root/tiago_public_ws/install/pmb2_controller_configuration:/root/tiago_public_ws/install/urdf_test:/root/tiago_public_ws/install/pal_urdf_utils:/root/tiago_public_ws/install/launch_pal:${AMENT_PREFIX_PATH} CMAKE_PREFIX_PATH=/root/tiago_public_ws/install/pmb2_description:/root/tiago_public_ws/install/pmb2_controller_configuration:/root/tiago_public_ws/install/urdf_test:/root/tiago_public_ws/install/pal_urdf_utils:/opt/ros/humble PYTHONPATH=/root/tiago_public_ws/install/pmb2_description/local/lib/python3.10/dist-packages:/root/tiago_public_ws/install/urdf_test/local/lib/python3.10/dist-packages:/root/tiago_public_ws/build/launch_pal:/root/tiago_public_ws/install/launch_pal/lib/python3.10/site-packages:${PYTHONPATH} /usr/bin/cmake --build /root/tiago_public_ws/build/pmb2_bringup -- -j8 -l8
[0.686s] Invoked command in '/root/tiago_public_ws/build/pmb2_bringup' returned '0': AMENT_PREFIX_PATH=/root/tiago_public_ws/install/pmb2_description:/root/tiago_public_ws/install/pmb2_controller_configuration:/root/tiago_public_ws/install/urdf_test:/root/tiago_public_ws/install/pal_urdf_utils:/root/tiago_public_ws/install/launch_pal:${AMENT_PREFIX_PATH} CMAKE_PREFIX_PATH=/root/tiago_public_ws/install/pmb2_description:/root/tiago_public_ws/install/pmb2_controller_configuration:/root/tiago_public_ws/install/urdf_test:/root/tiago_public_ws/install/pal_urdf_utils:/opt/ros/humble PYTHONPATH=/root/tiago_public_ws/install/pmb2_description/local/lib/python3.10/dist-packages:/root/tiago_public_ws/install/urdf_test/local/lib/python3.10/dist-packages:/root/tiago_public_ws/build/launch_pal:/root/tiago_public_ws/install/launch_pal/lib/python3.10/site-packages:${PYTHONPATH} /usr/bin/cmake --build /root/tiago_public_ws/build/pmb2_bringup -- -j8 -l8
[0.752s] Invoking command in '/root/tiago_public_ws/build/pmb2_bringup': AMENT_PREFIX_PATH=/root/tiago_public_ws/install/pmb2_description:/root/tiago_public_ws/install/pmb2_controller_configuration:/root/tiago_public_ws/install/urdf_test:/root/tiago_public_ws/install/pal_urdf_utils:/root/tiago_public_ws/install/launch_pal:${AMENT_PREFIX_PATH} CMAKE_PREFIX_PATH=/root/tiago_public_ws/install/pmb2_description:/root/tiago_public_ws/install/pmb2_controller_configuration:/root/tiago_public_ws/install/urdf_test:/root/tiago_public_ws/install/pal_urdf_utils:/opt/ros/humble PYTHONPATH=/root/tiago_public_ws/install/pmb2_description/local/lib/python3.10/dist-packages:/root/tiago_public_ws/install/urdf_test/local/lib/python3.10/dist-packages:/root/tiago_public_ws/build/launch_pal:/root/tiago_public_ws/install/launch_pal/lib/python3.10/site-packages:${PYTHONPATH} /usr/bin/cmake --install /root/tiago_public_ws/build/pmb2_bringup
[0.774s] -- Install configuration: ""
[0.775s] -- Execute custom install script
[0.778s] -- Up-to-date symlink: /root/tiago_public_ws/install/pmb2_bringup/share/pmb2_bringup/config/joy_teleop/joy_config.yaml
[0.779s] -- Up-to-date symlink: /root/tiago_public_ws/install/pmb2_bringup/share/pmb2_bringup/config/joy_teleop/joy_teleop.yaml
[0.779s] -- Up-to-date symlink: /root/tiago_public_ws/install/pmb2_bringup/share/pmb2_bringup/config/twist_mux/joystick.yaml
[0.779s] -- Up-to-date symlink: /root/tiago_public_ws/install/pmb2_bringup/share/pmb2_bringup/config/twist_mux/twist_mux_locks.yaml
[0.780s] -- Up-to-date symlink: /root/tiago_public_ws/install/pmb2_bringup/share/pmb2_bringup/config/twist_mux/twist_mux_topics.yaml
[0.781s] -- Up-to-date symlink: /root/tiago_public_ws/install/pmb2_bringup/share/pmb2_bringup/launch/joystick_teleop.launch.py
[0.781s] -- Up-to-date symlink: /root/tiago_public_ws/install/pmb2_bringup/share/pmb2_bringup/launch/pmb2_bringup.launch.py
[0.781s] -- Up-to-date symlink: /root/tiago_public_ws/install/pmb2_bringup/share/pmb2_bringup/launch/twist_mux.launch.py
[0.782s] -- Up-to-date symlink: /root/tiago_public_ws/install/pmb2_bringup/share/ament_index/resource_index/package_run_dependencies/pmb2_bringup
[0.783s] -- Up-to-date symlink: /root/tiago_public_ws/install/pmb2_bringup/share/ament_index/resource_index/parent_prefix_path/pmb2_bringup
[0.783s] -- Up-to-date symlink: /root/tiago_public_ws/install/pmb2_bringup/share/pmb2_bringup/environment/ament_prefix_path.sh
[0.785s] -- Up-to-date symlink: /root/tiago_public_ws/install/pmb2_bringup/share/pmb2_bringup/environment/ament_prefix_path.dsv
[0.785s] -- Up-to-date symlink: /root/tiago_public_ws/install/pmb2_bringup/share/pmb2_bringup/environment/path.sh
[0.785s] -- Up-to-date symlink: /root/tiago_public_ws/install/pmb2_bringup/share/pmb2_bringup/environment/path.dsv
[0.785s] -- Up-to-date symlink: /root/tiago_public_ws/install/pmb2_bringup/share/pmb2_bringup/local_setup.bash
[0.785s] -- Up-to-date symlink: /root/tiago_public_ws/install/pmb2_bringup/share/pmb2_bringup/local_setup.sh
[0.786s] -- Up-to-date symlink: /root/tiago_public_ws/install/pmb2_bringup/share/pmb2_bringup/local_setup.zsh
[0.786s] -- Up-to-date symlink: /root/tiago_public_ws/install/pmb2_bringup/share/pmb2_bringup/local_setup.dsv
[0.786s] -- Symlinking: /root/tiago_public_ws/install/pmb2_bringup/share/pmb2_bringup/package.dsv
[0.799s] -- Up-to-date symlink: /root/tiago_public_ws/install/pmb2_bringup/share/ament_index/resource_index/packages/pmb2_bringup
[0.801s] -- Up-to-date symlink: /root/tiago_public_ws/install/pmb2_bringup/share/pmb2_bringup/cmake/pmb2_bringupConfig.cmake
[0.801s] -- Up-to-date symlink: /root/tiago_public_ws/install/pmb2_bringup/share/pmb2_bringup/cmake/pmb2_bringupConfig-version.cmake
[0.802s] -- Up-to-date symlink: /root/tiago_public_ws/install/pmb2_bringup/share/pmb2_bringup/package.xml
[0.834s] Invoked command in '/root/tiago_public_ws/build/pmb2_bringup' returned '0': AMENT_PREFIX_PATH=/root/tiago_public_ws/install/pmb2_description:/root/tiago_public_ws/install/pmb2_controller_configuration:/root/tiago_public_ws/install/urdf_test:/root/tiago_public_ws/install/pal_urdf_utils:/root/tiago_public_ws/install/launch_pal:${AMENT_PREFIX_PATH} CMAKE_PREFIX_PATH=/root/tiago_public_ws/install/pmb2_description:/root/tiago_public_ws/install/pmb2_controller_configuration:/root/tiago_public_ws/install/urdf_test:/root/tiago_public_ws/install/pal_urdf_utils:/opt/ros/humble PYTHONPATH=/root/tiago_public_ws/install/pmb2_description/local/lib/python3.10/dist-packages:/root/tiago_public_ws/install/urdf_test/local/lib/python3.10/dist-packages:/root/tiago_public_ws/build/launch_pal:/root/tiago_public_ws/install/launch_pal/lib/python3.10/site-packages:${PYTHONPATH} /usr/bin/cmake --install /root/tiago_public_ws/build/pmb2_bringup
