[0.120s] Invoking command in '/root/tiago_public_ws/build/plansys2_bt_example': CMAKE_PREFIX_PATH=/opt/ros/humble /usr/bin/cmake --build /root/tiago_public_ws/build/plansys2_bt_example -- -j8 -l8
[0.282s] [ 12%] Built target plansys2_recharge_bt_node
[0.395s] [ 25%] Built target nav2_sim_node
[0.490s] [ 37%] Built target assemble_controller_node
[0.599s] [ 50%] Built target assemble_action_node
[0.676s] [ 62%] Built target plansys2_approach_object_bt_node
[0.783s] [ 75%] Built target plansys2_move_bt_node
[0.856s] [ 87%] Built target plansys2_open_gripper_bt_node
[0.925s] [100%] Built target plansys2_close_gripper_bt_node
[0.966s] Invoked command in '/root/tiago_public_ws/build/plansys2_bt_example' returned '0': CMAKE_PREFIX_PATH=/opt/ros/humble /usr/bin/cmake --build /root/tiago_public_ws/build/plansys2_bt_example -- -j8 -l8
[1.121s] Invoking command in '/root/tiago_public_ws/build/plansys2_bt_example': CMAKE_PREFIX_PATH=/opt/ros/humble /usr/bin/cmake --install /root/tiago_public_ws/build/plansys2_bt_example
[1.146s] -- Install configuration: ""
[1.148s] -- Execute custom install script
[1.151s] -- Up-to-date symlink: /root/tiago_public_ws/install/plansys2_bt_example/share/plansys2_bt_example/launch/commands
[1.154s] -- Up-to-date symlink: /root/tiago_public_ws/install/plansys2_bt_example/share/plansys2_bt_example/launch/plansys2_bt_example_launch.py
[1.156s] -- Up-to-date symlink: /root/tiago_public_ws/install/plansys2_bt_example/share/plansys2_bt_example/pddl/bt_example.pddl
[1.156s] -- Up-to-date symlink: /root/tiago_public_ws/install/plansys2_bt_example/share/plansys2_bt_example/behavior_trees_xml/move.xml
[1.156s] -- Up-to-date symlink: /root/tiago_public_ws/install/plansys2_bt_example/share/plansys2_bt_example/behavior_trees_xml/recharge.xml
[1.157s] -- Up-to-date symlink: /root/tiago_public_ws/install/plansys2_bt_example/share/plansys2_bt_example/behavior_trees_xml/transport.xml
[1.157s] -- Up-to-date symlink: /root/tiago_public_ws/install/plansys2_bt_example/share/plansys2_bt_example/config/params.yaml
[1.157s] -- Up-to-date symlink: /root/tiago_public_ws/install/plansys2_bt_example/lib/plansys2_bt_example/assemble_action_node
[1.166s] -- Up-to-date symlink: /root/tiago_public_ws/install/plansys2_bt_example/lib/plansys2_bt_example/assemble_controller_node
[1.166s] -- Up-to-date symlink: /root/tiago_public_ws/install/plansys2_bt_example/lib/plansys2_bt_example/nav2_sim_node
[1.167s] -- Up-to-date symlink: /root/tiago_public_ws/install/plansys2_bt_example/lib/libplansys2_recharge_bt_node.so
[1.167s] -- Up-to-date symlink: /root/tiago_public_ws/install/plansys2_bt_example/lib/libplansys2_close_gripper_bt_node.so
[1.168s] -- Up-to-date symlink: /root/tiago_public_ws/install/plansys2_bt_example/lib/libplansys2_open_gripper_bt_node.so
[1.168s] -- Up-to-date symlink: /root/tiago_public_ws/install/plansys2_bt_example/lib/libplansys2_move_bt_node.so
[1.168s] -- Up-to-date symlink: /root/tiago_public_ws/install/plansys2_bt_example/lib/libplansys2_approach_object_bt_node.so
[1.168s] -- Up-to-date symlink: /root/tiago_public_ws/install/plansys2_bt_example/share/ament_index/resource_index/package_run_dependencies/plansys2_bt_example
[1.168s] -- Up-to-date symlink: /root/tiago_public_ws/install/plansys2_bt_example/share/ament_index/resource_index/parent_prefix_path/plansys2_bt_example
[1.169s] -- Up-to-date symlink: /root/tiago_public_ws/install/plansys2_bt_example/share/plansys2_bt_example/environment/ament_prefix_path.sh
[1.169s] -- Up-to-date symlink: /root/tiago_public_ws/install/plansys2_bt_example/share/plansys2_bt_example/environment/ament_prefix_path.dsv
[1.169s] -- Up-to-date symlink: /root/tiago_public_ws/install/plansys2_bt_example/share/plansys2_bt_example/environment/path.sh
[1.171s] -- Up-to-date symlink: /root/tiago_public_ws/install/plansys2_bt_example/share/plansys2_bt_example/environment/path.dsv
[1.172s] -- Up-to-date symlink: /root/tiago_public_ws/install/plansys2_bt_example/share/plansys2_bt_example/local_setup.bash
[1.172s] -- Up-to-date symlink: /root/tiago_public_ws/install/plansys2_bt_example/share/plansys2_bt_example/local_setup.sh
[1.173s] -- Up-to-date symlink: /root/tiago_public_ws/install/plansys2_bt_example/share/plansys2_bt_example/local_setup.zsh
[1.173s] -- Up-to-date symlink: /root/tiago_public_ws/install/plansys2_bt_example/share/plansys2_bt_example/local_setup.dsv
[1.173s] -- Symlinking: /root/tiago_public_ws/install/plansys2_bt_example/share/plansys2_bt_example/package.dsv
[1.178s] -- Up-to-date symlink: /root/tiago_public_ws/install/plansys2_bt_example/share/ament_index/resource_index/packages/plansys2_bt_example
[1.179s] -- Up-to-date symlink: /root/tiago_public_ws/install/plansys2_bt_example/share/plansys2_bt_example/cmake/ament_cmake_export_dependencies-extras.cmake
[1.180s] -- Up-to-date symlink: /root/tiago_public_ws/install/plansys2_bt_example/share/plansys2_bt_example/cmake/plansys2_bt_exampleConfig.cmake
[1.180s] -- Up-to-date symlink: /root/tiago_public_ws/install/plansys2_bt_example/share/plansys2_bt_example/cmake/plansys2_bt_exampleConfig-version.cmake
[1.180s] -- Up-to-date symlink: /root/tiago_public_ws/install/plansys2_bt_example/share/plansys2_bt_example/package.xml
[1.282s] Invoked command in '/root/tiago_public_ws/build/plansys2_bt_example' returned '0': CMAKE_PREFIX_PATH=/opt/ros/humble /usr/bin/cmake --install /root/tiago_public_ws/build/plansys2_bt_example
