[1.138s] Invoking command in '/root/tiago_public_ws/build/pal_gripper_simulation': AMENT_PREFIX_PATH=/root/tiago_public_ws/install/pal_gripper_description:/root/tiago_public_ws/install/urdf_test:/root/tiago_public_ws/install/pal_urdf_utils:/root/tiago_public_ws/install/pal_gripper_controller_configuration:/root/tiago_public_ws/install/pal_gazebo_worlds:${AMENT_PREFIX_PATH} CMAKE_PREFIX_PATH=/root/tiago_public_ws/install/pal_gripper_description:/root/tiago_public_ws/install/urdf_test:/root/tiago_public_ws/install/pal_urdf_utils:/root/tiago_public_ws/install/pal_gripper_controller_configuration:/root/tiago_public_ws/install/pal_gazebo_worlds:/opt/ros/humble PYTHONPATH=/root/tiago_public_ws/install/urdf_test/local/lib/python3.10/dist-packages:${PYTHONPATH} /usr/bin/cmake /root/tiago_public_ws/src/pal_gripper/pal_gripper_simulation -DCMAKE_INSTALL_PREFIX=/root/tiago_public_ws/install/pal_gripper_simulation
[1.198s] -- Found ament_cmake_auto: 1.3.10 (/opt/ros/humble/share/ament_cmake_auto/cmake)
[1.809s] -- Override CMake install command with custom implementation using symlinks instead of copying resources
[2.186s] -- Found ament_lint_auto: 0.12.11 (/opt/ros/humble/share/ament_lint_auto/cmake)
[2.244s] -- Added test 'copyright' to check source files copyright and LICENSE
[2.246s] -- Added test 'flake8' to check Python code syntax and style conventions
[2.248s] -- Added test 'lint_cmake' to check CMake code style
[2.249s] -- Added test 'pep257' to check Python code against some of the docstring style conventions in PEP 257
[2.252s] -- Added test 'xmllint' to check XML markup files
[2.269s] -- Configuring done
[2.295s] -- Generating done
[2.298s] -- Build files have been written to: /root/tiago_public_ws/build/pal_gripper_simulation
[2.356s] Invoked command in '/root/tiago_public_ws/build/pal_gripper_simulation' returned '0': AMENT_PREFIX_PATH=/root/tiago_public_ws/install/pal_gripper_description:/root/tiago_public_ws/install/urdf_test:/root/tiago_public_ws/install/pal_urdf_utils:/root/tiago_public_ws/install/pal_gripper_controller_configuration:/root/tiago_public_ws/install/pal_gazebo_worlds:${AMENT_PREFIX_PATH} CMAKE_PREFIX_PATH=/root/tiago_public_ws/install/pal_gripper_description:/root/tiago_public_ws/install/urdf_test:/root/tiago_public_ws/install/pal_urdf_utils:/root/tiago_public_ws/install/pal_gripper_controller_configuration:/root/tiago_public_ws/install/pal_gazebo_worlds:/opt/ros/humble PYTHONPATH=/root/tiago_public_ws/install/urdf_test/local/lib/python3.10/dist-packages:${PYTHONPATH} /usr/bin/cmake /root/tiago_public_ws/src/pal_gripper/pal_gripper_simulation -DCMAKE_INSTALL_PREFIX=/root/tiago_public_ws/install/pal_gripper_simulation
[2.407s] Invoking command in '/root/tiago_public_ws/build/pal_gripper_simulation': AMENT_PREFIX_PATH=/root/tiago_public_ws/install/pal_gripper_description:/root/tiago_public_ws/install/urdf_test:/root/tiago_public_ws/install/pal_urdf_utils:/root/tiago_public_ws/install/pal_gripper_controller_configuration:/root/tiago_public_ws/install/pal_gazebo_worlds:${AMENT_PREFIX_PATH} CMAKE_PREFIX_PATH=/root/tiago_public_ws/install/pal_gripper_description:/root/tiago_public_ws/install/urdf_test:/root/tiago_public_ws/install/pal_urdf_utils:/root/tiago_public_ws/install/pal_gripper_controller_configuration:/root/tiago_public_ws/install/pal_gazebo_worlds:/opt/ros/humble PYTHONPATH=/root/tiago_public_ws/install/urdf_test/local/lib/python3.10/dist-packages:${PYTHONPATH} /usr/bin/cmake --build /root/tiago_public_ws/build/pal_gripper_simulation -- -j8 -l8
[3.233s] Invoked command in '/root/tiago_public_ws/build/pal_gripper_simulation' returned '0': AMENT_PREFIX_PATH=/root/tiago_public_ws/install/pal_gripper_description:/root/tiago_public_ws/install/urdf_test:/root/tiago_public_ws/install/pal_urdf_utils:/root/tiago_public_ws/install/pal_gripper_controller_configuration:/root/tiago_public_ws/install/pal_gazebo_worlds:${AMENT_PREFIX_PATH} CMAKE_PREFIX_PATH=/root/tiago_public_ws/install/pal_gripper_description:/root/tiago_public_ws/install/urdf_test:/root/tiago_public_ws/install/pal_urdf_utils:/root/tiago_public_ws/install/pal_gripper_controller_configuration:/root/tiago_public_ws/install/pal_gazebo_worlds:/opt/ros/humble PYTHONPATH=/root/tiago_public_ws/install/urdf_test/local/lib/python3.10/dist-packages:${PYTHONPATH} /usr/bin/cmake --build /root/tiago_public_ws/build/pal_gripper_simulation -- -j8 -l8
[3.473s] Invoking command in '/root/tiago_public_ws/build/pal_gripper_simulation': AMENT_PREFIX_PATH=/root/tiago_public_ws/install/pal_gripper_description:/root/tiago_public_ws/install/urdf_test:/root/tiago_public_ws/install/pal_urdf_utils:/root/tiago_public_ws/install/pal_gripper_controller_configuration:/root/tiago_public_ws/install/pal_gazebo_worlds:${AMENT_PREFIX_PATH} CMAKE_PREFIX_PATH=/root/tiago_public_ws/install/pal_gripper_description:/root/tiago_public_ws/install/urdf_test:/root/tiago_public_ws/install/pal_urdf_utils:/root/tiago_public_ws/install/pal_gripper_controller_configuration:/root/tiago_public_ws/install/pal_gazebo_worlds:/opt/ros/humble PYTHONPATH=/root/tiago_public_ws/install/urdf_test/local/lib/python3.10/dist-packages:${PYTHONPATH} /usr/bin/cmake --install /root/tiago_public_ws/build/pal_gripper_simulation
[4.211s] -- Install configuration: ""
[4.211s] -- Execute custom install script
[4.211s] -- Up-to-date symlink: /root/tiago_public_ws/install/pal_gripper_simulation/share/pal_gripper_simulation/launch/gazebo.launch.py
[4.211s] -- Up-to-date symlink: /root/tiago_public_ws/install/pal_gripper_simulation/share/pal_gripper_simulation/launch/gripper_spawn.launch.py
[4.212s] -- Up-to-date symlink: /root/tiago_public_ws/install/pal_gripper_simulation/share/pal_gripper_simulation/launch/robot_state_publisher.launch.py
[4.212s] -- Up-to-date symlink: /root/tiago_public_ws/install/pal_gripper_simulation/share/ament_index/resource_index/package_run_dependencies/pal_gripper_simulation
[4.212s] -- Up-to-date symlink: /root/tiago_public_ws/install/pal_gripper_simulation/share/ament_index/resource_index/parent_prefix_path/pal_gripper_simulation
[4.212s] -- Up-to-date symlink: /root/tiago_public_ws/install/pal_gripper_simulation/share/pal_gripper_simulation/environment/ament_prefix_path.sh
[4.212s] -- Up-to-date symlink: /root/tiago_public_ws/install/pal_gripper_simulation/share/pal_gripper_simulation/environment/ament_prefix_path.dsv
[4.213s] -- Up-to-date symlink: /root/tiago_public_ws/install/pal_gripper_simulation/share/pal_gripper_simulation/environment/path.sh
[4.213s] -- Up-to-date symlink: /root/tiago_public_ws/install/pal_gripper_simulation/share/pal_gripper_simulation/environment/path.dsv
[4.213s] -- Up-to-date symlink: /root/tiago_public_ws/install/pal_gripper_simulation/share/pal_gripper_simulation/local_setup.bash
[4.213s] -- Up-to-date symlink: /root/tiago_public_ws/install/pal_gripper_simulation/share/pal_gripper_simulation/local_setup.sh
[4.213s] -- Up-to-date symlink: /root/tiago_public_ws/install/pal_gripper_simulation/share/pal_gripper_simulation/local_setup.zsh
[4.214s] -- Up-to-date symlink: /root/tiago_public_ws/install/pal_gripper_simulation/share/pal_gripper_simulation/local_setup.dsv
[4.214s] -- Symlinking: /root/tiago_public_ws/install/pal_gripper_simulation/share/pal_gripper_simulation/package.dsv
[4.214s] -- Up-to-date symlink: /root/tiago_public_ws/install/pal_gripper_simulation/share/ament_index/resource_index/packages/pal_gripper_simulation
[4.214s] -- Up-to-date symlink: /root/tiago_public_ws/install/pal_gripper_simulation/share/pal_gripper_simulation/cmake/pal_gripper_simulationConfig.cmake
[4.214s] -- Up-to-date symlink: /root/tiago_public_ws/install/pal_gripper_simulation/share/pal_gripper_simulation/cmake/pal_gripper_simulationConfig-version.cmake
[4.214s] -- Up-to-date symlink: /root/tiago_public_ws/install/pal_gripper_simulation/share/pal_gripper_simulation/package.xml
[4.229s] Invoked command in '/root/tiago_public_ws/build/pal_gripper_simulation' returned '0': AMENT_PREFIX_PATH=/root/tiago_public_ws/install/pal_gripper_description:/root/tiago_public_ws/install/urdf_test:/root/tiago_public_ws/install/pal_urdf_utils:/root/tiago_public_ws/install/pal_gripper_controller_configuration:/root/tiago_public_ws/install/pal_gazebo_worlds:${AMENT_PREFIX_PATH} CMAKE_PREFIX_PATH=/root/tiago_public_ws/install/pal_gripper_description:/root/tiago_public_ws/install/urdf_test:/root/tiago_public_ws/install/pal_urdf_utils:/root/tiago_public_ws/install/pal_gripper_controller_configuration:/root/tiago_public_ws/install/pal_gazebo_worlds:/opt/ros/humble PYTHONPATH=/root/tiago_public_ws/install/urdf_test/local/lib/python3.10/dist-packages:${PYTHONPATH} /usr/bin/cmake --install /root/tiago_public_ws/build/pal_gripper_simulation
