[0.146s] Invoking command in '/root/tiago_public_ws/build/pmb2_laser_sensors': CMAKE_PREFIX_PATH=${CMAKE_PREFIX_PATH}:/root/tiago_public_ws/install/launch_pal:/opt/ros/humble /usr/bin/cmake --build /root/tiago_public_ws/build/pmb2_laser_sensors -- -j8 -l8
[0.365s] Invoked command in '/root/tiago_public_ws/build/pmb2_laser_sensors' returned '0': CMAKE_PREFIX_PATH=${CMAKE_PREFIX_PATH}:/root/tiago_public_ws/install/launch_pal:/opt/ros/humble /usr/bin/cmake --build /root/tiago_public_ws/build/pmb2_laser_sensors -- -j8 -l8
[0.529s] Invoking command in '/root/tiago_public_ws/build/pmb2_laser_sensors': CMAKE_PREFIX_PATH=${CMAKE_PREFIX_PATH}:/root/tiago_public_ws/install/launch_pal:/opt/ros/humble /usr/bin/cmake --install /root/tiago_public_ws/build/pmb2_laser_sensors
[0.568s] -- Install configuration: ""
[0.569s] -- Execute custom install script
[0.569s] -- Up-to-date symlink: /root/tiago_public_ws/install/pmb2_laser_sensors/share/pmb2_laser_sensors/params/laser_pipeline.yaml
[0.569s] -- Up-to-date symlink: /root/tiago_public_ws/install/pmb2_laser_sensors/share/pmb2_laser_sensors/params/laser_pipeline_sim.yaml
[0.569s] -- Up-to-date symlink: /root/tiago_public_ws/install/pmb2_laser_sensors/share/pmb2_laser_sensors/params/laser_pipeline_w_composition.yaml
[0.569s] -- Up-to-date symlink: /root/tiago_public_ws/install/pmb2_laser_sensors/share/ament_index/resource_index/package_run_dependencies/pmb2_laser_sensors
[0.570s] -- Up-to-date symlink: /root/tiago_public_ws/install/pmb2_laser_sensors/share/ament_index/resource_index/parent_prefix_path/pmb2_laser_sensors
[0.570s] -- Up-to-date symlink: /root/tiago_public_ws/install/pmb2_laser_sensors/share/pmb2_laser_sensors/environment/ament_prefix_path.sh
[0.570s] -- Up-to-date symlink: /root/tiago_public_ws/install/pmb2_laser_sensors/share/pmb2_laser_sensors/environment/ament_prefix_path.dsv
[0.570s] -- Up-to-date symlink: /root/tiago_public_ws/install/pmb2_laser_sensors/share/pmb2_laser_sensors/environment/path.sh
[0.570s] -- Up-to-date symlink: /root/tiago_public_ws/install/pmb2_laser_sensors/share/pmb2_laser_sensors/environment/path.dsv
[0.570s] -- Up-to-date symlink: /root/tiago_public_ws/install/pmb2_laser_sensors/share/pmb2_laser_sensors/local_setup.bash
[0.571s] -- Up-to-date symlink: /root/tiago_public_ws/install/pmb2_laser_sensors/share/pmb2_laser_sensors/local_setup.sh
[0.571s] -- Up-to-date symlink: /root/tiago_public_ws/install/pmb2_laser_sensors/share/pmb2_laser_sensors/local_setup.zsh
[0.571s] -- Up-to-date symlink: /root/tiago_public_ws/install/pmb2_laser_sensors/share/pmb2_laser_sensors/local_setup.dsv
[0.571s] -- Symlinking: /root/tiago_public_ws/install/pmb2_laser_sensors/share/pmb2_laser_sensors/package.dsv
[0.608s] -- Up-to-date symlink: /root/tiago_public_ws/install/pmb2_laser_sensors/share/ament_index/resource_index/packages/pmb2_laser_sensors
[0.608s] -- Up-to-date symlink: /root/tiago_public_ws/install/pmb2_laser_sensors/share/pmb2_laser_sensors/cmake/pmb2_laser_sensorsConfig.cmake
[0.608s] -- Up-to-date symlink: /root/tiago_public_ws/install/pmb2_laser_sensors/share/pmb2_laser_sensors/cmake/pmb2_laser_sensorsConfig-version.cmake
[0.609s] -- Up-to-date symlink: /root/tiago_public_ws/install/pmb2_laser_sensors/share/pmb2_laser_sensors/package.xml
[0.624s] Invoked command in '/root/tiago_public_ws/build/pmb2_laser_sensors' returned '0': CMAKE_PREFIX_PATH=${CMAKE_PREFIX_PATH}:/root/tiago_public_ws/install/launch_pal:/opt/ros/humble /usr/bin/cmake --install /root/tiago_public_ws/build/pmb2_laser_sensors
