[0.244s] Invoking command in '/root/tiago_public_ws/build/pal_hey5_controller_configuration': CMAKE_PREFIX_PATH=${CMAKE_PREFIX_PATH}:/root/tiago_public_ws/install/launch_pal:/opt/ros/humble /usr/bin/cmake --build /root/tiago_public_ws/build/pal_hey5_controller_configuration -- -j8 -l8
[0.304s] Invoked command in '/root/tiago_public_ws/build/pal_hey5_controller_configuration' returned '0': CMAKE_PREFIX_PATH=${CMAKE_PREFIX_PATH}:/root/tiago_public_ws/install/launch_pal:/opt/ros/humble /usr/bin/cmake --build /root/tiago_public_ws/build/pal_hey5_controller_configuration -- -j8 -l8
[0.336s] Invoking command in '/root/tiago_public_ws/build/pal_hey5_controller_configuration': CMAKE_PREFIX_PATH=${CMAKE_PREFIX_PATH}:/root/tiago_public_ws/install/launch_pal:/opt/ros/humble /usr/bin/cmake --install /root/tiago_public_ws/build/pal_hey5_controller_configuration
[0.344s] -- Install configuration: ""
[0.346s] -- Execute custom install script
[0.350s] -- Up-to-date symlink: /root/tiago_public_ws/install/pal_hey5_controller_configuration/share/pal_hey5_controller_configuration/config/pal_hey5_controller.yaml
[0.353s] -- Up-to-date symlink: /root/tiago_public_ws/install/pal_hey5_controller_configuration/share/pal_hey5_controller_configuration/launch/pal_hey5_controller.launch.py
[0.353s] -- Up-to-date symlink: /root/tiago_public_ws/install/pal_hey5_controller_configuration/share/ament_index/resource_index/package_run_dependencies/pal_hey5_controller_configuration
[0.354s] -- Up-to-date symlink: /root/tiago_public_ws/install/pal_hey5_controller_configuration/share/ament_index/resource_index/parent_prefix_path/pal_hey5_controller_configuration
[0.354s] -- Up-to-date symlink: /root/tiago_public_ws/install/pal_hey5_controller_configuration/share/pal_hey5_controller_configuration/environment/ament_prefix_path.sh
[0.354s] -- Up-to-date symlink: /root/tiago_public_ws/install/pal_hey5_controller_configuration/share/pal_hey5_controller_configuration/environment/ament_prefix_path.dsv
[0.356s] -- Up-to-date symlink: /root/tiago_public_ws/install/pal_hey5_controller_configuration/share/pal_hey5_controller_configuration/environment/path.sh
[0.356s] -- Up-to-date symlink: /root/tiago_public_ws/install/pal_hey5_controller_configuration/share/pal_hey5_controller_configuration/environment/path.dsv
[0.356s] -- Up-to-date symlink: /root/tiago_public_ws/install/pal_hey5_controller_configuration/share/pal_hey5_controller_configuration/local_setup.bash
[0.357s] -- Up-to-date symlink: /root/tiago_public_ws/install/pal_hey5_controller_configuration/share/pal_hey5_controller_configuration/local_setup.sh
[0.358s] -- Up-to-date symlink: /root/tiago_public_ws/install/pal_hey5_controller_configuration/share/pal_hey5_controller_configuration/local_setup.zsh
[0.358s] -- Up-to-date symlink: /root/tiago_public_ws/install/pal_hey5_controller_configuration/share/pal_hey5_controller_configuration/local_setup.dsv
[0.358s] -- Symlinking: /root/tiago_public_ws/install/pal_hey5_controller_configuration/share/pal_hey5_controller_configuration/package.dsv
[0.368s] -- Up-to-date symlink: /root/tiago_public_ws/install/pal_hey5_controller_configuration/share/ament_index/resource_index/packages/pal_hey5_controller_configuration
[0.370s] -- Up-to-date symlink: /root/tiago_public_ws/install/pal_hey5_controller_configuration/share/pal_hey5_controller_configuration/cmake/pal_hey5_controller_configurationConfig.cmake
[0.371s] -- Up-to-date symlink: /root/tiago_public_ws/install/pal_hey5_controller_configuration/share/pal_hey5_controller_configuration/cmake/pal_hey5_controller_configurationConfig-version.cmake
[0.373s] -- Up-to-date symlink: /root/tiago_public_ws/install/pal_hey5_controller_configuration/share/pal_hey5_controller_configuration/package.xml
[0.377s] Invoked command in '/root/tiago_public_ws/build/pal_hey5_controller_configuration' returned '0': CMAKE_PREFIX_PATH=${CMAKE_PREFIX_PATH}:/root/tiago_public_ws/install/launch_pal:/opt/ros/humble /usr/bin/cmake --install /root/tiago_public_ws/build/pal_hey5_controller_configuration
