[0.666s] Invoking command in '/root/tiago_public_ws/build/pal_gripper_simulation': AMENT_PREFIX_PATH=/root/tiago_public_ws/install/pal_gripper_description:/root/tiago_public_ws/install/urdf_test:/root/tiago_public_ws/install/pal_urdf_utils:/root/tiago_public_ws/install/pal_gripper_controller_configuration:/root/tiago_public_ws/install/pal_gazebo_worlds:${AMENT_PREFIX_PATH} CMAKE_PREFIX_PATH=/root/tiago_public_ws/install/pal_gripper_description:/root/tiago_public_ws/install/urdf_test:/root/tiago_public_ws/install/pal_urdf_utils:/root/tiago_public_ws/install/pal_gripper_controller_configuration:/root/tiago_public_ws/install/pal_gazebo_worlds:/opt/ros/humble PYTHONPATH=/root/tiago_public_ws/install/urdf_test/local/lib/python3.10/dist-packages:${PYTHONPATH} /usr/bin/cmake --build /root/tiago_public_ws/build/pal_gripper_simulation -- -j8 -l8
[0.808s] Invoked command in '/root/tiago_public_ws/build/pal_gripper_simulation' returned '0': AMENT_PREFIX_PATH=/root/tiago_public_ws/install/pal_gripper_description:/root/tiago_public_ws/install/urdf_test:/root/tiago_public_ws/install/pal_urdf_utils:/root/tiago_public_ws/install/pal_gripper_controller_configuration:/root/tiago_public_ws/install/pal_gazebo_worlds:${AMENT_PREFIX_PATH} CMAKE_PREFIX_PATH=/root/tiago_public_ws/install/pal_gripper_description:/root/tiago_public_ws/install/urdf_test:/root/tiago_public_ws/install/pal_urdf_utils:/root/tiago_public_ws/install/pal_gripper_controller_configuration:/root/tiago_public_ws/install/pal_gazebo_worlds:/opt/ros/humble PYTHONPATH=/root/tiago_public_ws/install/urdf_test/local/lib/python3.10/dist-packages:${PYTHONPATH} /usr/bin/cmake --build /root/tiago_public_ws/build/pal_gripper_simulation -- -j8 -l8
[1.062s] Invoking command in '/root/tiago_public_ws/build/pal_gripper_simulation': AMENT_PREFIX_PATH=/root/tiago_public_ws/install/pal_gripper_description:/root/tiago_public_ws/install/urdf_test:/root/tiago_public_ws/install/pal_urdf_utils:/root/tiago_public_ws/install/pal_gripper_controller_configuration:/root/tiago_public_ws/install/pal_gazebo_worlds:${AMENT_PREFIX_PATH} CMAKE_PREFIX_PATH=/root/tiago_public_ws/install/pal_gripper_description:/root/tiago_public_ws/install/urdf_test:/root/tiago_public_ws/install/pal_urdf_utils:/root/tiago_public_ws/install/pal_gripper_controller_configuration:/root/tiago_public_ws/install/pal_gazebo_worlds:/opt/ros/humble PYTHONPATH=/root/tiago_public_ws/install/urdf_test/local/lib/python3.10/dist-packages:${PYTHONPATH} /usr/bin/cmake --install /root/tiago_public_ws/build/pal_gripper_simulation
[1.183s] -- Install configuration: ""
[1.183s] -- Execute custom install script
[1.183s] -- Up-to-date symlink: /root/tiago_public_ws/install/pal_gripper_simulation/share/pal_gripper_simulation/launch/gazebo.launch.py
[1.183s] -- Up-to-date symlink: /root/tiago_public_ws/install/pal_gripper_simulation/share/pal_gripper_simulation/launch/gripper_spawn.launch.py
[1.183s] -- Up-to-date symlink: /root/tiago_public_ws/install/pal_gripper_simulation/share/pal_gripper_simulation/launch/robot_state_publisher.launch.py
[1.183s] -- Up-to-date symlink: /root/tiago_public_ws/install/pal_gripper_simulation/share/ament_index/resource_index/package_run_dependencies/pal_gripper_simulation
[1.184s] -- Up-to-date symlink: /root/tiago_public_ws/install/pal_gripper_simulation/share/ament_index/resource_index/parent_prefix_path/pal_gripper_simulation
[1.184s] -- Up-to-date symlink: /root/tiago_public_ws/install/pal_gripper_simulation/share/pal_gripper_simulation/environment/ament_prefix_path.sh
[1.184s] -- Up-to-date symlink: /root/tiago_public_ws/install/pal_gripper_simulation/share/pal_gripper_simulation/environment/ament_prefix_path.dsv
[1.184s] -- Up-to-date symlink: /root/tiago_public_ws/install/pal_gripper_simulation/share/pal_gripper_simulation/environment/path.sh
[1.184s] -- Up-to-date symlink: /root/tiago_public_ws/install/pal_gripper_simulation/share/pal_gripper_simulation/environment/path.dsv
[1.184s] -- Up-to-date symlink: /root/tiago_public_ws/install/pal_gripper_simulation/share/pal_gripper_simulation/local_setup.bash
[1.184s] -- Up-to-date symlink: /root/tiago_public_ws/install/pal_gripper_simulation/share/pal_gripper_simulation/local_setup.sh
[1.185s] -- Up-to-date symlink: /root/tiago_public_ws/install/pal_gripper_simulation/share/pal_gripper_simulation/local_setup.zsh
[1.185s] -- Up-to-date symlink: /root/tiago_public_ws/install/pal_gripper_simulation/share/pal_gripper_simulation/local_setup.dsv
[1.185s] -- Symlinking: /root/tiago_public_ws/install/pal_gripper_simulation/share/pal_gripper_simulation/package.dsv
[1.186s] -- Up-to-date symlink: /root/tiago_public_ws/install/pal_gripper_simulation/share/ament_index/resource_index/packages/pal_gripper_simulation
[1.186s] -- Up-to-date symlink: /root/tiago_public_ws/install/pal_gripper_simulation/share/pal_gripper_simulation/cmake/pal_gripper_simulationConfig.cmake
[1.186s] -- Up-to-date symlink: /root/tiago_public_ws/install/pal_gripper_simulation/share/pal_gripper_simulation/cmake/pal_gripper_simulationConfig-version.cmake
[1.186s] -- Up-to-date symlink: /root/tiago_public_ws/install/pal_gripper_simulation/share/pal_gripper_simulation/package.xml
[1.290s] Invoked command in '/root/tiago_public_ws/build/pal_gripper_simulation' returned '0': AMENT_PREFIX_PATH=/root/tiago_public_ws/install/pal_gripper_description:/root/tiago_public_ws/install/urdf_test:/root/tiago_public_ws/install/pal_urdf_utils:/root/tiago_public_ws/install/pal_gripper_controller_configuration:/root/tiago_public_ws/install/pal_gazebo_worlds:${AMENT_PREFIX_PATH} CMAKE_PREFIX_PATH=/root/tiago_public_ws/install/pal_gripper_description:/root/tiago_public_ws/install/urdf_test:/root/tiago_public_ws/install/pal_urdf_utils:/root/tiago_public_ws/install/pal_gripper_controller_configuration:/root/tiago_public_ws/install/pal_gazebo_worlds:/opt/ros/humble PYTHONPATH=/root/tiago_public_ws/install/urdf_test/local/lib/python3.10/dist-packages:${PYTHONPATH} /usr/bin/cmake --install /root/tiago_public_ws/build/pal_gripper_simulation
