[0.097s] Invoking command in '/root/tiago_public_ws/build/plansys2_multidomain_example': CMAKE_PREFIX_PATH=${CMAKE_PREFIX_PATH}:/root/tiago_public_ws/install/launch_pal:/opt/ros/humble /usr/bin/cmake --build /root/tiago_public_ws/build/plansys2_multidomain_example -- -j8 -l8
[0.372s] [ 20%] Built target charge_action_node
[0.395s] [ 40%] Built target move_action_node
[0.410s] [ 60%] Built target place_object_action_node
[0.410s] [ 80%] Built target pick_object_action_node
[0.423s] [100%] Built target ask_charge_action_node
[0.462s] Invoked command in '/root/tiago_public_ws/build/plansys2_multidomain_example' returned '0': CMAKE_PREFIX_PATH=${CMAKE_PREFIX_PATH}:/root/tiago_public_ws/install/launch_pal:/opt/ros/humble /usr/bin/cmake --build /root/tiago_public_ws/build/plansys2_multidomain_example -- -j8 -l8
[0.565s] Invoking command in '/root/tiago_public_ws/build/plansys2_multidomain_example': CMAKE_PREFIX_PATH=${CMAKE_PREFIX_PATH}:/root/tiago_public_ws/install/launch_pal:/opt/ros/humble /usr/bin/cmake --install /root/tiago_public_ws/build/plansys2_multidomain_example
[0.573s] -- Install configuration: ""
[0.578s] -- Execute custom install script
[0.581s] -- Up-to-date symlink: /root/tiago_public_ws/install/plansys2_multidomain_example/share/plansys2_multidomain_example/launch/commands
[0.582s] -- Up-to-date symlink: /root/tiago_public_ws/install/plansys2_multidomain_example/share/plansys2_multidomain_example/launch/plansys2_multidomain_example_launch.py
[0.590s] -- Up-to-date symlink: /root/tiago_public_ws/install/plansys2_multidomain_example/share/plansys2_multidomain_example/pddl_1/domain_1.pddl
[0.590s] -- Up-to-date symlink: /root/tiago_public_ws/install/plansys2_multidomain_example/share/plansys2_multidomain_example/pddl_2/domain_2.pddl
[0.594s] -- Up-to-date symlink: /root/tiago_public_ws/install/plansys2_multidomain_example/lib/plansys2_multidomain_example/move_action_node
[0.595s] -- Up-to-date symlink: /root/tiago_public_ws/install/plansys2_multidomain_example/lib/plansys2_multidomain_example/charge_action_node
[0.602s] -- Up-to-date symlink: /root/tiago_public_ws/install/plansys2_multidomain_example/lib/plansys2_multidomain_example/ask_charge_action_node
[0.603s] -- Up-to-date symlink: /root/tiago_public_ws/install/plansys2_multidomain_example/lib/plansys2_multidomain_example/pick_object_action_node
[0.604s] -- Up-to-date symlink: /root/tiago_public_ws/install/plansys2_multidomain_example/lib/plansys2_multidomain_example/place_object_action_node
[0.604s] -- Up-to-date symlink: /root/tiago_public_ws/install/plansys2_multidomain_example/share/ament_index/resource_index/package_run_dependencies/plansys2_multidomain_example
[0.613s] -- Up-to-date symlink: /root/tiago_public_ws/install/plansys2_multidomain_example/share/ament_index/resource_index/parent_prefix_path/plansys2_multidomain_example
[0.614s] -- Up-to-date symlink: /root/tiago_public_ws/install/plansys2_multidomain_example/share/plansys2_multidomain_example/environment/ament_prefix_path.sh
[0.614s] -- Up-to-date symlink: /root/tiago_public_ws/install/plansys2_multidomain_example/share/plansys2_multidomain_example/environment/ament_prefix_path.dsv
[0.615s] -- Up-to-date symlink: /root/tiago_public_ws/install/plansys2_multidomain_example/share/plansys2_multidomain_example/environment/path.sh
[0.615s] -- Up-to-date symlink: /root/tiago_public_ws/install/plansys2_multidomain_example/share/plansys2_multidomain_example/environment/path.dsv
[0.617s] -- Up-to-date symlink: /root/tiago_public_ws/install/plansys2_multidomain_example/share/plansys2_multidomain_example/local_setup.bash
[0.617s] -- Up-to-date symlink: /root/tiago_public_ws/install/plansys2_multidomain_example/share/plansys2_multidomain_example/local_setup.sh
[0.619s] -- Up-to-date symlink: /root/tiago_public_ws/install/plansys2_multidomain_example/share/plansys2_multidomain_example/local_setup.zsh
[0.619s] -- Up-to-date symlink: /root/tiago_public_ws/install/plansys2_multidomain_example/share/plansys2_multidomain_example/local_setup.dsv
[0.619s] -- Symlinking: /root/tiago_public_ws/install/plansys2_multidomain_example/share/plansys2_multidomain_example/package.dsv
[0.627s] -- Up-to-date symlink: /root/tiago_public_ws/install/plansys2_multidomain_example/share/ament_index/resource_index/packages/plansys2_multidomain_example
[0.628s] -- Up-to-date symlink: /root/tiago_public_ws/install/plansys2_multidomain_example/share/plansys2_multidomain_example/cmake/ament_cmake_export_dependencies-extras.cmake
[0.629s] -- Up-to-date symlink: /root/tiago_public_ws/install/plansys2_multidomain_example/share/plansys2_multidomain_example/cmake/plansys2_multidomain_exampleConfig.cmake
[0.629s] -- Up-to-date symlink: /root/tiago_public_ws/install/plansys2_multidomain_example/share/plansys2_multidomain_example/cmake/plansys2_multidomain_exampleConfig-version.cmake
[0.630s] -- Up-to-date symlink: /root/tiago_public_ws/install/plansys2_multidomain_example/share/plansys2_multidomain_example/package.xml
[0.734s] Invoked command in '/root/tiago_public_ws/build/plansys2_multidomain_example' returned '0': CMAKE_PREFIX_PATH=${CMAKE_PREFIX_PATH}:/root/tiago_public_ws/install/launch_pal:/opt/ros/humble /usr/bin/cmake --install /root/tiago_public_ws/build/plansys2_multidomain_example
