[0.139s] Invoking command in '/root/tiago_public_ws/build/pal_gazebo_worlds': CMAKE_PREFIX_PATH=/opt/ros/humble /usr/bin/cmake --build /root/tiago_public_ws/build/pal_gazebo_worlds -- -j8 -l8
[0.321s] Invoked command in '/root/tiago_public_ws/build/pal_gazebo_worlds' returned '0': CMAKE_PREFIX_PATH=/opt/ros/humble /usr/bin/cmake --build /root/tiago_public_ws/build/pal_gazebo_worlds -- -j8 -l8
[0.451s] Invoking command in '/root/tiago_public_ws/build/pal_gazebo_worlds': CMAKE_PREFIX_PATH=/opt/ros/humble /usr/bin/cmake --install /root/tiago_public_ws/build/pal_gazebo_worlds
[0.492s] -- Install configuration: ""
[0.492s] -- Execute custom install script
[0.492s] -- Up-to-date symlink: /root/tiago_public_ws/install/pal_gazebo_worlds/share/pal_gazebo_worlds/config/gazebo_params.yaml
[0.492s] -- Up-to-date symlink: /root/tiago_public_ws/install/pal_gazebo_worlds/share/pal_gazebo_worlds/launch/pal_gazebo.launch.py
[0.553s] -- Up-to-date symlink: /root/tiago_public_ws/install/pal_gazebo_worlds/share/pal_gazebo_worlds/models/arm_chair/arm_chair.sdf
[0.555s] -- Up-to-date symlink: /root/tiago_public_ws/install/pal_gazebo_worlds/share/pal_gazebo_worlds/models/arm_chair/meshes/arm_chair.stl
[0.556s] -- Up-to-date symlink: /root/tiago_public_ws/install/pal_gazebo_worlds/share/pal_gazebo_worlds/models/arm_chair/model.config
[0.573s] -- Up-to-date symlink: /root/tiago_public_ws/install/pal_gazebo_worlds/share/pal_gazebo_worlds/models/aruco_board/aruco_board.sdf
[0.574s] -- Up-to-date symlink: /root/tiago_public_ws/install/pal_gazebo_worlds/share/pal_gazebo_worlds/models/aruco_board/material/scripts/aruco_board.material
[0.574s] -- Up-to-date symlink: /root/tiago_public_ws/install/pal_gazebo_worlds/share/pal_gazebo_worlds/models/aruco_board/material/textures/aruco_board.png
[0.575s] -- Up-to-date symlink: /root/tiago_public_ws/install/pal_gazebo_worlds/share/pal_gazebo_worlds/models/aruco_board/model.config
[0.575s] -- Up-to-date symlink: /root/tiago_public_ws/install/pal_gazebo_worlds/share/pal_gazebo_worlds/models/aruco_cube/aruco_cube.sdf
[0.576s] -- Up-to-date symlink: /root/tiago_public_ws/install/pal_gazebo_worlds/share/pal_gazebo_worlds/models/aruco_cube/meshes/aruco_cube_5cm.dae
[0.576s] -- Up-to-date symlink: /root/tiago_public_ws/install/pal_gazebo_worlds/share/pal_gazebo_worlds/models/aruco_cube/meshes/aruco_cube_6cm.dae
[0.577s] -- Up-to-date symlink: /root/tiago_public_ws/install/pal_gazebo_worlds/share/pal_gazebo_worlds/models/aruco_cube/meshes/aruco_cube_8cm.dae
[0.580s] -- Up-to-date symlink: /root/tiago_public_ws/install/pal_gazebo_worlds/share/pal_gazebo_worlds/models/aruco_cube/meshes/marker582.png
[0.581s] -- Up-to-date symlink: /root/tiago_public_ws/install/pal_gazebo_worlds/share/pal_gazebo_worlds/models/aruco_cube/meshes/marker582_small_margin.png
[0.583s] -- Up-to-date symlink: /root/tiago_public_ws/install/pal_gazebo_worlds/share/pal_gazebo_worlds/models/aruco_cube/model.config
[0.584s] -- Up-to-date symlink: /root/tiago_public_ws/install/pal_gazebo_worlds/share/pal_gazebo_worlds/models/aruco_marker_0/materials/scripts/aruco_marker_0.material
[0.584s] -- Up-to-date symlink: /root/tiago_public_ws/install/pal_gazebo_worlds/share/pal_gazebo_worlds/models/aruco_marker_0/materials/textures/aruco_marker_0.png
[0.584s] -- Up-to-date symlink: /root/tiago_public_ws/install/pal_gazebo_worlds/share/pal_gazebo_worlds/models/aruco_marker_0/model.config
[0.584s] -- Up-to-date symlink: /root/tiago_public_ws/install/pal_gazebo_worlds/share/pal_gazebo_worlds/models/aruco_marker_0/model.sdf
[0.584s] -- Up-to-date symlink: /root/tiago_public_ws/install/pal_gazebo_worlds/share/pal_gazebo_worlds/models/aruco_marker_20/materials/scripts/aruco_marker_20.material
[0.584s] -- Up-to-date symlink: /root/tiago_public_ws/install/pal_gazebo_worlds/share/pal_gazebo_worlds/models/aruco_marker_20/materials/textures/aruco_marker_20.png
[0.584s] -- Up-to-date symlink: /root/tiago_public_ws/install/pal_gazebo_worlds/share/pal_gazebo_worlds/models/aruco_marker_20/model.config
[0.587s] -- Up-to-date symlink: /root/tiago_public_ws/install/pal_gazebo_worlds/share/pal_gazebo_worlds/models/aruco_marker_20/model.sdf
[0.587s] -- Up-to-date symlink: /root/tiago_public_ws/install/pal_gazebo_worlds/share/pal_gazebo_worlds/models/aruco_marker_250_6x6_1/aruco_marker_250_6x6.sdf
[0.587s] -- Up-to-date symlink: /root/tiago_public_ws/install/pal_gazebo_worlds/share/pal_gazebo_worlds/models/aruco_marker_250_6x6_1/material/scripts/aruco_marker_250_6x6.material
[0.587s] -- Up-to-date symlink: /root/tiago_public_ws/install/pal_gazebo_worlds/share/pal_gazebo_worlds/models/aruco_marker_250_6x6_1/material/textures/Aruco_6x6_250_0.png
[0.587s] -- Up-to-date symlink: /root/tiago_public_ws/install/pal_gazebo_worlds/share/pal_gazebo_worlds/models/aruco_marker_250_6x6_1/model.config
[0.591s] -- Up-to-date symlink: /root/tiago_public_ws/install/pal_gazebo_worlds/share/pal_gazebo_worlds/models/aruco_marker_250_6x6_2/aruco_marker_250_6x6.sdf
[0.591s] -- Up-to-date symlink: /root/tiago_public_ws/install/pal_gazebo_worlds/share/pal_gazebo_worlds/models/aruco_marker_250_6x6_2/material/scripts/aruco_marker_250_6x6.material
[0.591s] -- Up-to-date symlink: /root/tiago_public_ws/install/pal_gazebo_worlds/share/pal_gazebo_worlds/models/aruco_marker_250_6x6_2/material/textures/Aruco_6x6_250_1.png
[0.591s] -- Up-to-date symlink: /root/tiago_public_ws/install/pal_gazebo_worlds/share/pal_gazebo_worlds/models/aruco_marker_250_6x6_2/model.config
[0.592s] -- Up-to-date symlink: /root/tiago_public_ws/install/pal_gazebo_worlds/share/pal_gazebo_worlds/models/aruco_marker_250_6x6_3/aruco_marker_250_6x6.sdf
[0.593s] -- Up-to-date symlink: /root/tiago_public_ws/install/pal_gazebo_worlds/share/pal_gazebo_worlds/models/aruco_marker_250_6x6_3/material/scripts/aruco_marker_250_6x6.material
[0.593s] -- Up-to-date symlink: /root/tiago_public_ws/install/pal_gazebo_worlds/share/pal_gazebo_worlds/models/aruco_marker_250_6x6_3/material/textures/Aruco_6x6_250_2.png
[0.593s] -- Up-to-date symlink: /root/tiago_public_ws/install/pal_gazebo_worlds/share/pal_gazebo_worlds/models/aruco_marker_250_6x6_3/model.config
[0.594s] -- Up-to-date symlink: /root/tiago_public_ws/install/pal_gazebo_worlds/share/pal_gazebo_worlds/models/aruco_marker_250_6x6_4/aruco_marker_250_6x6.sdf
[0.594s] -- Up-to-date symlink: /root/tiago_public_ws/install/pal_gazebo_worlds/share/pal_gazebo_worlds/models/aruco_marker_250_6x6_4/material/scripts/aruco_marker_250_6x6.material
[0.595s] -- Up-to-date symlink: /root/tiago_public_ws/install/pal_gazebo_worlds/share/pal_gazebo_worlds/models/aruco_marker_250_6x6_4/material/textures/Aruco_6x6_250_3.png
[0.595s] -- Up-to-date symlink: /root/tiago_public_ws/install/pal_gazebo_worlds/share/pal_gazebo_worlds/models/aruco_marker_250_6x6_4/model.config
[0.596s] -- Up-to-date symlink: /root/tiago_public_ws/install/pal_gazebo_worlds/share/pal_gazebo_worlds/models/aruco_marker_6cm_238/aruco_marker_6cm.sdf
[0.597s] -- Up-to-date symlink: /root/tiago_public_ws/install/pal_gazebo_worlds/share/pal_gazebo_worlds/models/aruco_marker_6cm_238/material/scripts/aruco_marker_original.material
[0.598s] -- Up-to-date symlink: /root/tiago_public_ws/install/pal_gazebo_worlds/share/pal_gazebo_worlds/models/aruco_marker_6cm_238/material/textures/Aruco_6cm_238.png
[0.598s] -- Up-to-date symlink: /root/tiago_public_ws/install/pal_gazebo_worlds/share/pal_gazebo_worlds/models/aruco_marker_6cm_238/model.config
[0.607s] -- Up-to-date symlink: /root/tiago_public_ws/install/pal_gazebo_worlds/share/pal_gazebo_worlds/models/aruco_marker_6cm_26/aruco_marker_6cm.sdf
[0.608s] -- Up-to-date symlink: /root/tiago_public_ws/install/pal_gazebo_worlds/share/pal_gazebo_worlds/models/aruco_marker_6cm_26/material/scripts/aruco_marker_original.material
[0.608s] -- Up-to-date symlink: /root/tiago_public_ws/install/pal_gazebo_worlds/share/pal_gazebo_worlds/models/aruco_marker_6cm_26/material/textures/Aruco_6cm_26.png
[0.608s] -- Up-to-date symlink: /root/tiago_public_ws/install/pal_gazebo_worlds/share/pal_gazebo_worlds/models/aruco_marker_6cm_26/model.config
[0.608s] -- Up-to-date symlink: /root/tiago_public_ws/install/pal_gazebo_worlds/share/pal_gazebo_worlds/models/aruco_marker_6cm_582/aruco_marker_6cm.sdf
[0.609s] -- Up-to-date symlink: /root/tiago_public_ws/install/pal_gazebo_worlds/share/pal_gazebo_worlds/models/aruco_marker_6cm_582/material/scripts/aruco_marker_original.material
[0.609s] -- Up-to-date symlink: /root/tiago_public_ws/install/pal_gazebo_worlds/share/pal_gazebo_worlds/models/aruco_marker_6cm_582/material/textures/Aruco_6cm_582.png
[0.609s] -- Up-to-date symlink: /root/tiago_public_ws/install/pal_gazebo_worlds/share/pal_gazebo_worlds/models/aruco_marker_6cm_582/model.config
[0.609s] -- Up-to-date symlink: /root/tiago_public_ws/install/pal_gazebo_worlds/share/pal_gazebo_worlds/models/aruco_marker_6cm_63/aruco_marker_6cm.sdf
[0.610s] -- Up-to-date symlink: /root/tiago_public_ws/install/pal_gazebo_worlds/share/pal_gazebo_worlds/models/aruco_marker_6cm_63/material/scripts/aruco_marker_original.material
[0.613s] -- Up-to-date symlink: /root/tiago_public_ws/install/pal_gazebo_worlds/share/pal_gazebo_worlds/models/aruco_marker_6cm_63/material/textures/Aruco_6cm_63.png
[0.613s] -- Up-to-date symlink: /root/tiago_public_ws/install/pal_gazebo_worlds/share/pal_gazebo_worlds/models/aruco_marker_6cm_63/model.config
[0.623s] -- Up-to-date symlink: /root/tiago_public_ws/install/pal_gazebo_worlds/share/pal_gazebo_worlds/models/aruco_marker_9cm_238/aruco_marker_9cm.sdf
[0.626s] -- Up-to-date symlink: /root/tiago_public_ws/install/pal_gazebo_worlds/share/pal_gazebo_worlds/models/aruco_marker_9cm_238/material/scripts/aruco_marker_original.material
[0.631s] -- Up-to-date symlink: /root/tiago_public_ws/install/pal_gazebo_worlds/share/pal_gazebo_worlds/models/aruco_marker_9cm_238/material/textures/Aruco_9cm_238.png
[0.632s] -- Up-to-date symlink: /root/tiago_public_ws/install/pal_gazebo_worlds/share/pal_gazebo_worlds/models/aruco_marker_9cm_238/model.config
[0.632s] -- Up-to-date symlink: /root/tiago_public_ws/install/pal_gazebo_worlds/share/pal_gazebo_worlds/models/aruco_marker_9cm_26/aruco_marker_9cm.sdf
[0.633s] -- Up-to-date symlink: /root/tiago_public_ws/install/pal_gazebo_worlds/share/pal_gazebo_worlds/models/aruco_marker_9cm_26/material/scripts/aruco_marker_original.material
[0.634s] -- Up-to-date symlink: /root/tiago_public_ws/install/pal_gazebo_worlds/share/pal_gazebo_worlds/models/aruco_marker_9cm_26/material/textures/Aruco_9cm_26.png
[0.634s] -- Up-to-date symlink: /root/tiago_public_ws/install/pal_gazebo_worlds/share/pal_gazebo_worlds/models/aruco_marker_9cm_26/model.config
[0.637s] -- Up-to-date symlink: /root/tiago_public_ws/install/pal_gazebo_worlds/share/pal_gazebo_worlds/models/aruco_marker_9cm_582/aruco_marker_9cm.sdf
[0.637s] -- Up-to-date symlink: /root/tiago_public_ws/install/pal_gazebo_worlds/share/pal_gazebo_worlds/models/aruco_marker_9cm_582/material/scripts/aruco_marker_original.material
[0.639s] -- Up-to-date symlink: /root/tiago_public_ws/install/pal_gazebo_worlds/share/pal_gazebo_worlds/models/aruco_marker_9cm_582/material/textures/Aruco_9cm_582.png
[0.639s] -- Up-to-date symlink: /root/tiago_public_ws/install/pal_gazebo_worlds/share/pal_gazebo_worlds/models/aruco_marker_9cm_582/model.config
[0.639s] -- Up-to-date symlink: /root/tiago_public_ws/install/pal_gazebo_worlds/share/pal_gazebo_worlds/models/aruco_marker_9cm_63/aruco_marker_9cm.sdf
[0.640s] -- Up-to-date symlink: /root/tiago_public_ws/install/pal_gazebo_worlds/share/pal_gazebo_worlds/models/aruco_marker_9cm_63/material/scripts/aruco_marker_original.material
[0.640s] -- Up-to-date symlink: /root/tiago_public_ws/install/pal_gazebo_worlds/share/pal_gazebo_worlds/models/aruco_marker_9cm_63/material/textures/Aruco_9cm_63.png
[0.640s] -- Up-to-date symlink: /root/tiago_public_ws/install/pal_gazebo_worlds/share/pal_gazebo_worlds/models/aruco_marker_9cm_63/model.config
[0.643s] -- Up-to-date symlink: /root/tiago_public_ws/install/pal_gazebo_worlds/share/pal_gazebo_worlds/models/aruco_marker_original_238/aruco_marker_original.sdf
[0.644s] -- Up-to-date symlink: /root/tiago_public_ws/install/pal_gazebo_worlds/share/pal_gazebo_worlds/models/aruco_marker_original_238/material/scripts/aruco_marker_original.material
[0.645s] -- Up-to-date symlink: /root/tiago_public_ws/install/pal_gazebo_worlds/share/pal_gazebo_worlds/models/aruco_marker_original_238/material/textures/Aruco_original_238.png
[0.645s] -- Up-to-date symlink: /root/tiago_public_ws/install/pal_gazebo_worlds/share/pal_gazebo_worlds/models/aruco_marker_original_238/model.config
[0.646s] -- Up-to-date symlink: /root/tiago_public_ws/install/pal_gazebo_worlds/share/pal_gazebo_worlds/models/aruco_marker_original_26/aruco_marker_original.sdf
[0.652s] -- Up-to-date symlink: /root/tiago_public_ws/install/pal_gazebo_worlds/share/pal_gazebo_worlds/models/aruco_marker_original_26/material/scripts/aruco_marker_original.material
[0.652s] -- Up-to-date symlink: /root/tiago_public_ws/install/pal_gazebo_worlds/share/pal_gazebo_worlds/models/aruco_marker_original_26/material/textures/Aruco_original_26.png
[0.652s] -- Up-to-date symlink: /root/tiago_public_ws/install/pal_gazebo_worlds/share/pal_gazebo_worlds/models/aruco_marker_original_26/model.config
[0.655s] -- Up-to-date symlink: /root/tiago_public_ws/install/pal_gazebo_worlds/share/pal_gazebo_worlds/models/aruco_marker_original_582/aruco_marker_original.sdf
[0.656s] -- Up-to-date symlink: /root/tiago_public_ws/install/pal_gazebo_worlds/share/pal_gazebo_worlds/models/aruco_marker_original_582/material/scripts/aruco_marker_original.material
[0.657s] -- Up-to-date symlink: /root/tiago_public_ws/install/pal_gazebo_worlds/share/pal_gazebo_worlds/models/aruco_marker_original_582/material/textures/Aruco_original_582.png
[0.657s] -- Up-to-date symlink: /root/tiago_public_ws/install/pal_gazebo_worlds/share/pal_gazebo_worlds/models/aruco_marker_original_582/model.config
[0.659s] -- Up-to-date symlink: /root/tiago_public_ws/install/pal_gazebo_worlds/share/pal_gazebo_worlds/models/aruco_marker_original_63/aruco_marker_original.sdf
[0.659s] -- Up-to-date symlink: /root/tiago_public_ws/install/pal_gazebo_worlds/share/pal_gazebo_worlds/models/aruco_marker_original_63/material/scripts/aruco_marker_original.material
[0.661s] -- Up-to-date symlink: /root/tiago_public_ws/install/pal_gazebo_worlds/share/pal_gazebo_worlds/models/aruco_marker_original_63/material/textures/Aruco_original_63.png
[0.661s] -- Up-to-date symlink: /root/tiago_public_ws/install/pal_gazebo_worlds/share/pal_gazebo_worlds/models/aruco_marker_original_63/model.config
[0.662s] -- Up-to-date symlink: /root/tiago_public_ws/install/pal_gazebo_worlds/share/pal_gazebo_worlds/models/bauman/README
[0.662s] -- Up-to-date symlink: /root/tiago_public_ws/install/pal_gazebo_worlds/share/pal_gazebo_worlds/models/bauman/bauman_walls.png
[0.662s] -- Up-to-date symlink: /root/tiago_public_ws/install/pal_gazebo_worlds/share/pal_gazebo_worlds/models/bauman/model.config
[0.663s] -- Up-to-date symlink: /root/tiago_public_ws/install/pal_gazebo_worlds/share/pal_gazebo_worlds/models/bauman/model.sdf
[0.665s] -- Up-to-date symlink: /root/tiago_public_ws/install/pal_gazebo_worlds/share/pal_gazebo_worlds/models/bench/bench.sdf
[0.667s] -- Up-to-date symlink: /root/tiago_public_ws/install/pal_gazebo_worlds/share/pal_gazebo_worlds/models/bench/meshes/bench.stl
[0.669s] -- Up-to-date symlink: /root/tiago_public_ws/install/pal_gazebo_worlds/share/pal_gazebo_worlds/models/bench/model.config
[0.673s] -- Up-to-date symlink: /root/tiago_public_ws/install/pal_gazebo_worlds/share/pal_gazebo_worlds/models/bifrutas_tropical_can/bifrutas_tropical_can.sdf
[0.673s] -- Up-to-date symlink: /root/tiago_public_ws/install/pal_gazebo_worlds/share/pal_gazebo_worlds/models/bifrutas_tropical_can/material/scripts/bifrutas_tropical_can.material
[0.678s] -- Up-to-date symlink: /root/tiago_public_ws/install/pal_gazebo_worlds/share/pal_gazebo_worlds/models/bifrutas_tropical_can/material/textures/bifrutas_tropical_can.jpg
[0.678s] -- Up-to-date symlink: /root/tiago_public_ws/install/pal_gazebo_worlds/share/pal_gazebo_worlds/models/bifrutas_tropical_can/model.config
[0.679s] -- Up-to-date symlink: /root/tiago_public_ws/install/pal_gazebo_worlds/share/pal_gazebo_worlds/models/biscuits_pack/biscuits_pack.sdf
[0.681s] -- Up-to-date symlink: /root/tiago_public_ws/install/pal_gazebo_worlds/share/pal_gazebo_worlds/models/biscuits_pack/material/scripts/pringles.material
[0.681s] -- Up-to-date symlink: /root/tiago_public_ws/install/pal_gazebo_worlds/share/pal_gazebo_worlds/models/biscuits_pack/material/textures/biscuits_pack.jpg
[0.682s] -- Up-to-date symlink: /root/tiago_public_ws/install/pal_gazebo_worlds/share/pal_gazebo_worlds/models/biscuits_pack/model.config
[0.684s] -- Up-to-date symlink: /root/tiago_public_ws/install/pal_gazebo_worlds/share/pal_gazebo_worlds/models/box_with_handles/box_with_handles.sdf
[0.686s] -- Up-to-date symlink: /root/tiago_public_ws/install/pal_gazebo_worlds/share/pal_gazebo_worlds/models/box_with_handles/material/scripts/aruco_marker_original.material
[0.687s] -- Up-to-date symlink: /root/tiago_public_ws/install/pal_gazebo_worlds/share/pal_gazebo_worlds/models/box_with_handles/material/textures/Aruco_original_582.png
[0.687s] -- Up-to-date symlink: /root/tiago_public_ws/install/pal_gazebo_worlds/share/pal_gazebo_worlds/models/box_with_handles/model.config
[0.692s] -- Up-to-date symlink: /root/tiago_public_ws/install/pal_gazebo_worlds/share/pal_gazebo_worlds/models/brick_box_3x1x3/materials/scripts/brick_box.material
[0.693s] -- Up-to-date symlink: /root/tiago_public_ws/install/pal_gazebo_worlds/share/pal_gazebo_worlds/models/brick_box_3x1x3/materials/textures/simple_box.png
[0.693s] -- Up-to-date symlink: /root/tiago_public_ws/install/pal_gazebo_worlds/share/pal_gazebo_worlds/models/brick_box_3x1x3/meshes/simple_box.dae
[0.693s] -- Up-to-date symlink: /root/tiago_public_ws/install/pal_gazebo_worlds/share/pal_gazebo_worlds/models/brick_box_3x1x3/model-1_3.sdf
[0.695s] -- Up-to-date symlink: /root/tiago_public_ws/install/pal_gazebo_worlds/share/pal_gazebo_worlds/models/brick_box_3x1x3/model-1_4.sdf
[0.696s] -- Up-to-date symlink: /root/tiago_public_ws/install/pal_gazebo_worlds/share/pal_gazebo_worlds/models/brick_box_3x1x3/model.config
[0.698s] -- Up-to-date symlink: /root/tiago_public_ws/install/pal_gazebo_worlds/share/pal_gazebo_worlds/models/brick_box_3x1x3/model.sdf
[0.699s] -- Up-to-date symlink: /root/tiago_public_ws/install/pal_gazebo_worlds/share/pal_gazebo_worlds/models/citizen_extras_female_02/images/_01_-_Default1noCulling.JPG
[0.701s] -- Up-to-date symlink: /root/tiago_public_ws/install/pal_gazebo_worlds/share/pal_gazebo_worlds/models/citizen_extras_female_02/images/_02_-_Default1noCulling.JPG
[0.703s] -- Up-to-date symlink: /root/tiago_public_ws/install/pal_gazebo_worlds/share/pal_gazebo_worlds/models/citizen_extras_female_02/images/_03_-_Default1noCulling.JPG
[0.708s] -- Up-to-date symlink: /root/tiago_public_ws/install/pal_gazebo_worlds/share/pal_gazebo_worlds/models/citizen_extras_female_02/meshes/mesh.dae
[0.708s] -- Up-to-date symlink: /root/tiago_public_ws/install/pal_gazebo_worlds/share/pal_gazebo_worlds/models/citizen_extras_female_02/model.config
[0.710s] -- Up-to-date symlink: /root/tiago_public_ws/install/pal_gazebo_worlds/share/pal_gazebo_worlds/models/citizen_extras_female_02/model.sdf
[0.711s] -- Up-to-date symlink: /root/tiago_public_ws/install/pal_gazebo_worlds/share/pal_gazebo_worlds/models/citizen_extras_female_03/images/Material__1noCulling.JPG
[0.712s] -- Up-to-date symlink: /root/tiago_public_ws/install/pal_gazebo_worlds/share/pal_gazebo_worlds/models/citizen_extras_female_03/images/Material__2noCulling.JPG
[0.713s] -- Up-to-date symlink: /root/tiago_public_ws/install/pal_gazebo_worlds/share/pal_gazebo_worlds/models/citizen_extras_female_03/images/_03_-_Default1noCulling.JPG
[0.715s] -- Up-to-date symlink: /root/tiago_public_ws/install/pal_gazebo_worlds/share/pal_gazebo_worlds/models/citizen_extras_female_03/meshes/mesh.dae
[0.715s] -- Up-to-date symlink: /root/tiago_public_ws/install/pal_gazebo_worlds/share/pal_gazebo_worlds/models/citizen_extras_female_03/model.config
[0.720s] -- Up-to-date symlink: /root/tiago_public_ws/install/pal_gazebo_worlds/share/pal_gazebo_worlds/models/citizen_extras_female_03/model.sdf
[0.720s] -- Up-to-date symlink: /root/tiago_public_ws/install/pal_gazebo_worlds/share/pal_gazebo_worlds/models/citizen_extras_male_03/images/Material__1noCulling.JPG
[0.720s] -- Up-to-date symlink: /root/tiago_public_ws/install/pal_gazebo_worlds/share/pal_gazebo_worlds/models/citizen_extras_male_03/images/hair1noCulling.JPG
[0.721s] -- Up-to-date symlink: /root/tiago_public_ws/install/pal_gazebo_worlds/share/pal_gazebo_worlds/models/citizen_extras_male_03/images/hrad1noCulling.JPG
[0.724s] -- Up-to-date symlink: /root/tiago_public_ws/install/pal_gazebo_worlds/share/pal_gazebo_worlds/models/citizen_extras_male_03/meshes/mesh.dae
[0.726s] -- Up-to-date symlink: /root/tiago_public_ws/install/pal_gazebo_worlds/share/pal_gazebo_worlds/models/citizen_extras_male_03/model.config
[0.732s] -- Up-to-date symlink: /root/tiago_public_ws/install/pal_gazebo_worlds/share/pal_gazebo_worlds/models/citizen_extras_male_03/model.sdf
[0.734s] -- Up-to-date symlink: /root/tiago_public_ws/install/pal_gazebo_worlds/share/pal_gazebo_worlds/models/closet/closet.sdf
[0.736s] -- Up-to-date symlink: /root/tiago_public_ws/install/pal_gazebo_worlds/share/pal_gazebo_worlds/models/closet/meshes/closet.stl
[0.736s] -- Up-to-date symlink: /root/tiago_public_ws/install/pal_gazebo_worlds/share/pal_gazebo_worlds/models/closet/model.config
[0.739s] -- Up-to-date symlink: /root/tiago_public_ws/install/pal_gazebo_worlds/share/pal_gazebo_worlds/models/cocacola/cocacola.sdf
[0.739s] -- Up-to-date symlink: /root/tiago_public_ws/install/pal_gazebo_worlds/share/pal_gazebo_worlds/models/cocacola/material/scripts/cocacola.material
[0.739s] -- Up-to-date symlink: /root/tiago_public_ws/install/pal_gazebo_worlds/share/pal_gazebo_worlds/models/cocacola/material/textures/cocacola.jpg
[0.740s] -- Up-to-date symlink: /root/tiago_public_ws/install/pal_gazebo_worlds/share/pal_gazebo_worlds/models/cocacola/model.config
[0.741s] -- Up-to-date symlink: /root/tiago_public_ws/install/pal_gazebo_worlds/share/pal_gazebo_worlds/models/coke_can_slim/coke_can_slim.sdf
[0.741s] -- Up-to-date symlink: /root/tiago_public_ws/install/pal_gazebo_worlds/share/pal_gazebo_worlds/models/coke_can_slim/material/scripts/coke_can_slim.material
[0.743s] -- Up-to-date symlink: /root/tiago_public_ws/install/pal_gazebo_worlds/share/pal_gazebo_worlds/models/coke_can_slim/material/textures/coke_can_slim.jpg
[0.743s] -- Up-to-date symlink: /root/tiago_public_ws/install/pal_gazebo_worlds/share/pal_gazebo_worlds/models/coke_can_slim/model.config
[0.750s] -- Up-to-date symlink: /root/tiago_public_ws/install/pal_gazebo_worlds/share/pal_gazebo_worlds/models/database.config
[0.750s] -- Up-to-date symlink: /root/tiago_public_ws/install/pal_gazebo_worlds/share/pal_gazebo_worlds/models/dining_chair/dining_chair.sdf
[0.754s] -- Up-to-date symlink: /root/tiago_public_ws/install/pal_gazebo_worlds/share/pal_gazebo_worlds/models/dining_chair/meshes/dining_chair.stl
[0.754s] -- Up-to-date symlink: /root/tiago_public_ws/install/pal_gazebo_worlds/share/pal_gazebo_worlds/models/dining_chair/model.config
[0.755s] -- Up-to-date symlink: /root/tiago_public_ws/install/pal_gazebo_worlds/share/pal_gazebo_worlds/models/dock1/dock1.sdf
[0.755s] -- Up-to-date symlink: /root/tiago_public_ws/install/pal_gazebo_worlds/share/pal_gazebo_worlds/models/dock1/meshes/dock1.dae
[0.756s] -- Up-to-date symlink: /root/tiago_public_ws/install/pal_gazebo_worlds/share/pal_gazebo_worlds/models/dock1/model.config
[0.764s] -- Up-to-date symlink: /root/tiago_public_ws/install/pal_gazebo_worlds/share/pal_gazebo_worlds/models/door_obstacle/door_obstacle.sdf
[0.767s] -- Up-to-date symlink: /root/tiago_public_ws/install/pal_gazebo_worlds/share/pal_gazebo_worlds/models/door_obstacle/model.config
[0.767s] -- Up-to-date symlink: /root/tiago_public_ws/install/pal_gazebo_worlds/share/pal_gazebo_worlds/models/floor_lamp/floor_lamp.sdf
[0.767s] -- Up-to-date symlink: /root/tiago_public_ws/install/pal_gazebo_worlds/share/pal_gazebo_worlds/models/floor_lamp/meshes/floor_lamp.stl
[0.772s] -- Up-to-date symlink: /root/tiago_public_ws/install/pal_gazebo_worlds/share/pal_gazebo_worlds/models/floor_lamp/model.config
[0.772s] -- Up-to-date symlink: /root/tiago_public_ws/install/pal_gazebo_worlds/share/pal_gazebo_worlds/models/goetz_sofa/goetz_sofa.sdf
[0.772s] -- Up-to-date symlink: /root/tiago_public_ws/install/pal_gazebo_worlds/share/pal_gazebo_worlds/models/goetz_sofa/materials/textures/texture0.jpg
[0.772s] -- Up-to-date symlink: /root/tiago_public_ws/install/pal_gazebo_worlds/share/pal_gazebo_worlds/models/goetz_sofa/meshes/goetz_sofa.dae
[0.772s] -- Up-to-date symlink: /root/tiago_public_ws/install/pal_gazebo_worlds/share/pal_gazebo_worlds/models/goetz_sofa/model.config
[0.772s] -- Up-to-date symlink: /root/tiago_public_ws/install/pal_gazebo_worlds/share/pal_gazebo_worlds/models/green_ball/materials/scripts/ball.material
[0.773s] -- Up-to-date symlink: /root/tiago_public_ws/install/pal_gazebo_worlds/share/pal_gazebo_worlds/models/green_ball/model.config
[0.774s] -- Up-to-date symlink: /root/tiago_public_ws/install/pal_gazebo_worlds/share/pal_gazebo_worlds/models/green_ball/model.sdf
[0.781s] -- Up-to-date symlink: /root/tiago_public_ws/install/pal_gazebo_worlds/share/pal_gazebo_worlds/models/green_cube/green_cube.sdf
[0.781s] -- Up-to-date symlink: /root/tiago_public_ws/install/pal_gazebo_worlds/share/pal_gazebo_worlds/models/green_cube/model.config
[0.781s] -- Up-to-date symlink: /root/tiago_public_ws/install/pal_gazebo_worlds/share/pal_gazebo_worlds/models/green_rectangle/green_rectangle.sdf
[0.783s] -- Up-to-date symlink: /root/tiago_public_ws/install/pal_gazebo_worlds/share/pal_gazebo_worlds/models/green_rectangle/model.config
[0.784s] -- Up-to-date symlink: /root/tiago_public_ws/install/pal_gazebo_worlds/share/pal_gazebo_worlds/models/ground_plane/model-1_2.sdf
[0.785s] -- Up-to-date symlink: /root/tiago_public_ws/install/pal_gazebo_worlds/share/pal_gazebo_worlds/models/ground_plane/model-1_3.sdf
[0.785s] -- Up-to-date symlink: /root/tiago_public_ws/install/pal_gazebo_worlds/share/pal_gazebo_worlds/models/ground_plane/model-1_4.sdf
[0.786s] -- Up-to-date symlink: /root/tiago_public_ws/install/pal_gazebo_worlds/share/pal_gazebo_worlds/models/ground_plane/model.config
[0.788s] -- Up-to-date symlink: /root/tiago_public_ws/install/pal_gazebo_worlds/share/pal_gazebo_worlds/models/ground_plane/model.sdf
[0.791s] -- Up-to-date symlink: /root/tiago_public_ws/install/pal_gazebo_worlds/share/pal_gazebo_worlds/models/hospital_flat_map/hospital_flat_map.sdf
[0.796s] -- Up-to-date symlink: /root/tiago_public_ws/install/pal_gazebo_worlds/share/pal_gazebo_worlds/models/hospital_flat_map/meshes/hospital_flat_map.stl
[0.796s] -- Up-to-date symlink: /root/tiago_public_ws/install/pal_gazebo_worlds/share/pal_gazebo_worlds/models/hospital_flat_map/model.config
[0.797s] -- Up-to-date symlink: /root/tiago_public_ws/install/pal_gazebo_worlds/share/pal_gazebo_worlds/models/hospital_map/hospital_map.sdf
[0.797s] -- Up-to-date symlink: /root/tiago_public_ws/install/pal_gazebo_worlds/share/pal_gazebo_worlds/models/hospital_map/meshes/g1.stl
[0.799s] -- Up-to-date symlink: /root/tiago_public_ws/install/pal_gazebo_worlds/share/pal_gazebo_worlds/models/hospital_map/meshes/g2.stl
[0.802s] -- Up-to-date symlink: /root/tiago_public_ws/install/pal_gazebo_worlds/share/pal_gazebo_worlds/models/hospital_map/meshes/g3.stl
[0.802s] -- Up-to-date symlink: /root/tiago_public_ws/install/pal_gazebo_worlds/share/pal_gazebo_worlds/models/hospital_map/meshes/g4.stl
[0.803s] -- Up-to-date symlink: /root/tiago_public_ws/install/pal_gazebo_worlds/share/pal_gazebo_worlds/models/hospital_map/meshes/g5.stl
[0.809s] -- Up-to-date symlink: /root/tiago_public_ws/install/pal_gazebo_worlds/share/pal_gazebo_worlds/models/hospital_map/meshes/g6.stl
[0.810s] -- Up-to-date symlink: /root/tiago_public_ws/install/pal_gazebo_worlds/share/pal_gazebo_worlds/models/hospital_map/meshes/g7.stl
[0.810s] -- Up-to-date symlink: /root/tiago_public_ws/install/pal_gazebo_worlds/share/pal_gazebo_worlds/models/hospital_map/meshes/gr1.stl
[0.810s] -- Up-to-date symlink: /root/tiago_public_ws/install/pal_gazebo_worlds/share/pal_gazebo_worlds/models/hospital_map/meshes/gr2.stl
[0.811s] -- Up-to-date symlink: /root/tiago_public_ws/install/pal_gazebo_worlds/share/pal_gazebo_worlds/models/hospital_map/meshes/gr3.stl
[0.814s] -- Up-to-date symlink: /root/tiago_public_ws/install/pal_gazebo_worlds/share/pal_gazebo_worlds/models/hospital_map/meshes/gr4.stl
[0.815s] -- Up-to-date symlink: /root/tiago_public_ws/install/pal_gazebo_worlds/share/pal_gazebo_worlds/models/hospital_map/meshes/gr5.stl
[0.823s] -- Up-to-date symlink: /root/tiago_public_ws/install/pal_gazebo_worlds/share/pal_gazebo_worlds/models/hospital_map/meshes/gr6.stl
[0.823s] -- Up-to-date symlink: /root/tiago_public_ws/install/pal_gazebo_worlds/share/pal_gazebo_worlds/models/hospital_map/meshes/hospital_map.stl
[0.824s] -- Up-to-date symlink: /root/tiago_public_ws/install/pal_gazebo_worlds/share/pal_gazebo_worlds/models/hospital_map/meshes/w1.stl
[0.824s] -- Up-to-date symlink: /root/tiago_public_ws/install/pal_gazebo_worlds/share/pal_gazebo_worlds/models/hospital_map/meshes/w2.stl
[0.825s] -- Up-to-date symlink: /root/tiago_public_ws/install/pal_gazebo_worlds/share/pal_gazebo_worlds/models/hospital_map/meshes/w3.stl
[0.826s] -- Up-to-date symlink: /root/tiago_public_ws/install/pal_gazebo_worlds/share/pal_gazebo_worlds/models/hospital_map/meshes/w4.stl
[0.839s] -- Up-to-date symlink: /root/tiago_public_ws/install/pal_gazebo_worlds/share/pal_gazebo_worlds/models/hospital_map/meshes/w5.stl
[0.841s] -- Up-to-date symlink: /root/tiago_public_ws/install/pal_gazebo_worlds/share/pal_gazebo_worlds/models/hospital_map/meshes/w6.stl
[0.842s] -- Up-to-date symlink: /root/tiago_public_ws/install/pal_gazebo_worlds/share/pal_gazebo_worlds/models/hospital_map/meshes/w7.stl
[0.843s] -- Up-to-date symlink: /root/tiago_public_ws/install/pal_gazebo_worlds/share/pal_gazebo_worlds/models/hospital_map/meshes/wr1.stl
[0.845s] -- Up-to-date symlink: /root/tiago_public_ws/install/pal_gazebo_worlds/share/pal_gazebo_worlds/models/hospital_map/meshes/wr2.stl
[0.847s] -- Up-to-date symlink: /root/tiago_public_ws/install/pal_gazebo_worlds/share/pal_gazebo_worlds/models/hospital_map/meshes/wr3.stl
[0.851s] -- Up-to-date symlink: /root/tiago_public_ws/install/pal_gazebo_worlds/share/pal_gazebo_worlds/models/hospital_map/meshes/wr4.stl
[0.857s] -- Up-to-date symlink: /root/tiago_public_ws/install/pal_gazebo_worlds/share/pal_gazebo_worlds/models/hospital_map/meshes/wr5.stl
[0.858s] -- Up-to-date symlink: /root/tiago_public_ws/install/pal_gazebo_worlds/share/pal_gazebo_worlds/models/hospital_map/meshes/wr6.stl
[0.858s] -- Up-to-date symlink: /root/tiago_public_ws/install/pal_gazebo_worlds/share/pal_gazebo_worlds/models/hospital_map/model.config
[0.858s] -- Up-to-date symlink: /root/tiago_public_ws/install/pal_gazebo_worlds/share/pal_gazebo_worlds/models/ideal_sun/model.config
[0.859s] -- Up-to-date symlink: /root/tiago_public_ws/install/pal_gazebo_worlds/share/pal_gazebo_worlds/models/ideal_sun/model.sdf
[0.860s] -- Up-to-date symlink: /root/tiago_public_ws/install/pal_gazebo_worlds/share/pal_gazebo_worlds/models/ikea_ektorp_chair/meshes/IKE06001.JPG
[0.861s] -- Up-to-date symlink: /root/tiago_public_ws/install/pal_gazebo_worlds/share/pal_gazebo_worlds/models/ikea_ektorp_chair/meshes/mesh.dae
[0.871s] -- Up-to-date symlink: /root/tiago_public_ws/install/pal_gazebo_worlds/share/pal_gazebo_worlds/models/ikea_ektorp_chair/model.config
[0.872s] -- Up-to-date symlink: /root/tiago_public_ws/install/pal_gazebo_worlds/share/pal_gazebo_worlds/models/ikea_ektorp_chair/model.sdf
[0.872s] -- Up-to-date symlink: /root/tiago_public_ws/install/pal_gazebo_worlds/share/pal_gazebo_worlds/models/ikea_folke_chair/meshes/mesh.dae
[0.872s] -- Up-to-date symlink: /root/tiago_public_ws/install/pal_gazebo_worlds/share/pal_gazebo_worlds/models/ikea_folke_chair/meshes/notexture.png
[0.872s] -- Up-to-date symlink: /root/tiago_public_ws/install/pal_gazebo_worlds/share/pal_gazebo_worlds/models/ikea_folke_chair/meshes/texture.png
[0.872s] -- Up-to-date symlink: /root/tiago_public_ws/install/pal_gazebo_worlds/share/pal_gazebo_worlds/models/ikea_folke_chair/model.config
[0.872s] -- Up-to-date symlink: /root/tiago_public_ws/install/pal_gazebo_worlds/share/pal_gazebo_worlds/models/ikea_folke_chair/model.sdf
[0.872s] -- Up-to-date symlink: /root/tiago_public_ws/install/pal_gazebo_worlds/share/pal_gazebo_worlds/models/ikea_harry_chair/meshes/body.png
[0.873s] -- Up-to-date symlink: /root/tiago_public_ws/install/pal_gazebo_worlds/share/pal_gazebo_worlds/models/ikea_harry_chair/meshes/legs.png
[0.874s] -- Up-to-date symlink: /root/tiago_public_ws/install/pal_gazebo_worlds/share/pal_gazebo_worlds/models/ikea_harry_chair/meshes/mesh.dae
[0.874s] -- Up-to-date symlink: /root/tiago_public_ws/install/pal_gazebo_worlds/share/pal_gazebo_worlds/models/ikea_harry_chair/model.config
[0.882s] -- Up-to-date symlink: /root/tiago_public_ws/install/pal_gazebo_worlds/share/pal_gazebo_worlds/models/ikea_harry_chair/model.sdf
[0.882s] -- Up-to-date symlink: /root/tiago_public_ws/install/pal_gazebo_worlds/share/pal_gazebo_worlds/models/ikea_stefan_chair/meshes/mesh.dae
[0.882s] -- Up-to-date symlink: /root/tiago_public_ws/install/pal_gazebo_worlds/share/pal_gazebo_worlds/models/ikea_stefan_chair/model.config
[0.882s] -- Up-to-date symlink: /root/tiago_public_ws/install/pal_gazebo_worlds/share/pal_gazebo_worlds/models/ikea_stefan_chair/model.sdf
[0.883s] -- Up-to-date symlink: /root/tiago_public_ws/install/pal_gazebo_worlds/share/pal_gazebo_worlds/models/ikea_urban_chair/meshes/mesh.dae
[0.883s] -- Up-to-date symlink: /root/tiago_public_ws/install/pal_gazebo_worlds/share/pal_gazebo_worlds/models/ikea_urban_chair/meshes/notexture.png
[0.884s] -- Up-to-date symlink: /root/tiago_public_ws/install/pal_gazebo_worlds/share/pal_gazebo_worlds/models/ikea_urban_chair/model.config
[0.884s] -- Up-to-date symlink: /root/tiago_public_ws/install/pal_gazebo_worlds/share/pal_gazebo_worlds/models/ikea_urban_chair/model.sdf
[0.885s] -- Up-to-date symlink: /root/tiago_public_ws/install/pal_gazebo_worlds/share/pal_gazebo_worlds/models/kitchen_chair/kitchen_chair.sdf
[0.885s] -- Up-to-date symlink: /root/tiago_public_ws/install/pal_gazebo_worlds/share/pal_gazebo_worlds/models/kitchen_chair/meshes/kitchen_chair.stl
[0.885s] -- Up-to-date symlink: /root/tiago_public_ws/install/pal_gazebo_worlds/share/pal_gazebo_worlds/models/kitchen_chair/model.config
[0.885s] -- Up-to-date symlink: /root/tiago_public_ws/install/pal_gazebo_worlds/share/pal_gazebo_worlds/models/kitchen_table/kitchen_table.sdf
[0.885s] -- Up-to-date symlink: /root/tiago_public_ws/install/pal_gazebo_worlds/share/pal_gazebo_worlds/models/kitchen_table/meshes/kitchen_table.stl
[0.885s] -- Up-to-date symlink: /root/tiago_public_ws/install/pal_gazebo_worlds/share/pal_gazebo_worlds/models/kitchen_table/model.config
[0.886s] -- Up-to-date symlink: /root/tiago_public_ws/install/pal_gazebo_worlds/share/pal_gazebo_worlds/models/lamp/lamp.sdf
[0.887s] -- Up-to-date symlink: /root/tiago_public_ws/install/pal_gazebo_worlds/share/pal_gazebo_worlds/models/lamp/meshes/lamp.stl
[0.887s] -- Up-to-date symlink: /root/tiago_public_ws/install/pal_gazebo_worlds/share/pal_gazebo_worlds/models/lamp/model.config
[0.889s] -- Up-to-date symlink: /root/tiago_public_ws/install/pal_gazebo_worlds/share/pal_gazebo_worlds/models/macrolink_small_table/model.config
[0.889s] -- Up-to-date symlink: /root/tiago_public_ws/install/pal_gazebo_worlds/share/pal_gazebo_worlds/models/macrolink_small_table/table.sdf
[0.889s] -- Up-to-date symlink: /root/tiago_public_ws/install/pal_gazebo_worlds/share/pal_gazebo_worlds/models/macrolink_table/model.config
[0.889s] -- Up-to-date symlink: /root/tiago_public_ws/install/pal_gazebo_worlds/share/pal_gazebo_worlds/models/macrolink_table/table.sdf
[0.890s] -- Up-to-date symlink: /root/tiago_public_ws/install/pal_gazebo_worlds/share/pal_gazebo_worlds/models/marker26_8cm/marker26_8cm.sdf
[0.890s] -- Up-to-date symlink: /root/tiago_public_ws/install/pal_gazebo_worlds/share/pal_gazebo_worlds/models/marker26_8cm/material/scripts/marker26_8cm.material
[0.891s] -- Up-to-date symlink: /root/tiago_public_ws/install/pal_gazebo_worlds/share/pal_gazebo_worlds/models/marker26_8cm/material/textures/aruco-26_8cm.png
[0.892s] -- Up-to-date symlink: /root/tiago_public_ws/install/pal_gazebo_worlds/share/pal_gazebo_worlds/models/marker26_8cm/model.config
[0.892s] -- Up-to-date symlink: /root/tiago_public_ws/install/pal_gazebo_worlds/share/pal_gazebo_worlds/models/pal_poster/material/scripts/pal_poster.material
[0.893s] -- Up-to-date symlink: /root/tiago_public_ws/install/pal_gazebo_worlds/share/pal_gazebo_worlds/models/pal_poster/material/textures/pal_poster.jpg
[0.893s] -- Up-to-date symlink: /root/tiago_public_ws/install/pal_gazebo_worlds/share/pal_gazebo_worlds/models/pal_poster/model.config
[0.893s] -- Up-to-date symlink: /root/tiago_public_ws/install/pal_gazebo_worlds/share/pal_gazebo_worlds/models/pal_poster/pal_poster.sdf
[0.900s] -- Up-to-date symlink: /root/tiago_public_ws/install/pal_gazebo_worlds/share/pal_gazebo_worlds/models/pal_textured_object/material/scripts/pal_textured_object.material
[0.907s] -- Up-to-date symlink: /root/tiago_public_ws/install/pal_gazebo_worlds/share/pal_gazebo_worlds/models/pal_textured_object/material/textures/pal_textured_object.png
[0.908s] -- Up-to-date symlink: /root/tiago_public_ws/install/pal_gazebo_worlds/share/pal_gazebo_worlds/models/pal_textured_object/model.config
[0.908s] -- Up-to-date symlink: /root/tiago_public_ws/install/pal_gazebo_worlds/share/pal_gazebo_worlds/models/pal_textured_object/pal_textured_object.sdf
[0.908s] -- Up-to-date symlink: /root/tiago_public_ws/install/pal_gazebo_worlds/share/pal_gazebo_worlds/models/pringles/material/scripts/pringles.material
[0.909s] -- Up-to-date symlink: /root/tiago_public_ws/install/pal_gazebo_worlds/share/pal_gazebo_worlds/models/pringles/material/textures/pringles.jpg
[0.909s] -- Up-to-date symlink: /root/tiago_public_ws/install/pal_gazebo_worlds/share/pal_gazebo_worlds/models/pringles/model.config
[0.909s] -- Up-to-date symlink: /root/tiago_public_ws/install/pal_gazebo_worlds/share/pal_gazebo_worlds/models/pringles/pringles.sdf
[0.909s] -- Up-to-date symlink: /root/tiago_public_ws/install/pal_gazebo_worlds/share/pal_gazebo_worlds/models/pringles2/material/scripts/pringles2.material
[0.909s] -- Up-to-date symlink: /root/tiago_public_ws/install/pal_gazebo_worlds/share/pal_gazebo_worlds/models/pringles2/material/textures/pringles2.jpg
[0.911s] -- Up-to-date symlink: /root/tiago_public_ws/install/pal_gazebo_worlds/share/pal_gazebo_worlds/models/pringles2/model.config
[0.912s] -- Up-to-date symlink: /root/tiago_public_ws/install/pal_gazebo_worlds/share/pal_gazebo_worlds/models/pringles2/pringles2.sdf
[0.918s] -- Up-to-date symlink: /root/tiago_public_ws/install/pal_gazebo_worlds/share/pal_gazebo_worlds/models/reemc_bookshelf/bookshelf.sdf
[0.919s] -- Up-to-date symlink: /root/tiago_public_ws/install/pal_gazebo_worlds/share/pal_gazebo_worlds/models/reemc_bookshelf/model.config
[0.927s] -- Up-to-date symlink: /root/tiago_public_ws/install/pal_gazebo_worlds/share/pal_gazebo_worlds/models/reemc_cabinet/cabinet.sdf
[0.927s] -- Up-to-date symlink: /root/tiago_public_ws/install/pal_gazebo_worlds/share/pal_gazebo_worlds/models/reemc_cabinet/model.config
[0.928s] -- Up-to-date symlink: /root/tiago_public_ws/install/pal_gazebo_worlds/share/pal_gazebo_worlds/models/reemc_table/model.config
[0.929s] -- Up-to-date symlink: /root/tiago_public_ws/install/pal_gazebo_worlds/share/pal_gazebo_worlds/models/reemc_table/table.sdf
[0.929s] -- Up-to-date symlink: /root/tiago_public_ws/install/pal_gazebo_worlds/share/pal_gazebo_worlds/models/reemc_textured_object/meshes/mesh.dae
[0.929s] -- Up-to-date symlink: /root/tiago_public_ws/install/pal_gazebo_worlds/share/pal_gazebo_worlds/models/reemc_textured_object/meshes/texture.jpg
[0.929s] -- Up-to-date symlink: /root/tiago_public_ws/install/pal_gazebo_worlds/share/pal_gazebo_worlds/models/reemc_textured_object/model.config
[0.958s] -- Up-to-date symlink: /root/tiago_public_ws/install/pal_gazebo_worlds/share/pal_gazebo_worlds/models/reemc_textured_object/model.sdf
[0.961s] -- Up-to-date symlink: /root/tiago_public_ws/install/pal_gazebo_worlds/share/pal_gazebo_worlds/models/reemc_textured_object_nograv/model.config
[0.967s] -- Up-to-date symlink: /root/tiago_public_ws/install/pal_gazebo_worlds/share/pal_gazebo_worlds/models/reemc_textured_object_nograv/model.sdf
[0.969s] -- Up-to-date symlink: /root/tiago_public_ws/install/pal_gazebo_worlds/share/pal_gazebo_worlds/models/reemc_walls/model.config
[0.970s] -- Up-to-date symlink: /root/tiago_public_ws/install/pal_gazebo_worlds/share/pal_gazebo_worlds/models/reemc_walls/walls.sdf
[0.971s] -- Up-to-date symlink: /root/tiago_public_ws/install/pal_gazebo_worlds/share/pal_gazebo_worlds/models/reviews_table/meshes/reviews_table.stl
[0.972s] -- Up-to-date symlink: /root/tiago_public_ws/install/pal_gazebo_worlds/share/pal_gazebo_worlds/models/reviews_table/model.config
[0.976s] -- Up-to-date symlink: /root/tiago_public_ws/install/pal_gazebo_worlds/share/pal_gazebo_worlds/models/reviews_table/reviews_table.sdf
[0.981s] -- Up-to-date symlink: /root/tiago_public_ws/install/pal_gazebo_worlds/share/pal_gazebo_worlds/models/robocup_walls_70cm_doors/house_walls.sdf
[0.981s] -- Up-to-date symlink: /root/tiago_public_ws/install/pal_gazebo_worlds/share/pal_gazebo_worlds/models/robocup_walls_70cm_doors/meshes/robocup_house.stl
[0.981s] -- Up-to-date symlink: /root/tiago_public_ws/install/pal_gazebo_worlds/share/pal_gazebo_worlds/models/robocup_walls_70cm_doors/model.config
[0.981s] -- Up-to-date symlink: /root/tiago_public_ws/install/pal_gazebo_worlds/share/pal_gazebo_worlds/models/rockin_camp/README
[0.982s] -- Up-to-date symlink: /root/tiago_public_ws/install/pal_gazebo_worlds/share/pal_gazebo_worlds/models/rockin_camp/model.config
[0.983s] -- Up-to-date symlink: /root/tiago_public_ws/install/pal_gazebo_worlds/share/pal_gazebo_worlds/models/rockin_camp/model.sdf
[0.983s] -- Up-to-date symlink: /root/tiago_public_ws/install/pal_gazebo_worlds/share/pal_gazebo_worlds/models/rockin_camp/rockin_camp.png
[0.983s] -- Up-to-date symlink: /root/tiago_public_ws/install/pal_gazebo_worlds/share/pal_gazebo_worlds/models/sideboard/meshes/sideboard.stl
[0.983s] -- Up-to-date symlink: /root/tiago_public_ws/install/pal_gazebo_worlds/share/pal_gazebo_worlds/models/sideboard/model.config
[0.983s] -- Up-to-date symlink: /root/tiago_public_ws/install/pal_gazebo_worlds/share/pal_gazebo_worlds/models/sideboard/sideboard.sdf
[0.984s] -- Up-to-date symlink: /root/tiago_public_ws/install/pal_gazebo_worlds/share/pal_gazebo_worlds/models/slippery_patch/material/scripts/slippery_patch.material
[0.986s] -- Up-to-date symlink: /root/tiago_public_ws/install/pal_gazebo_worlds/share/pal_gazebo_worlds/models/slippery_patch/material/textures/slippery_patch.jpg
[0.989s] -- Up-to-date symlink: /root/tiago_public_ws/install/pal_gazebo_worlds/share/pal_gazebo_worlds/models/slippery_patch/model.config
[1.019s] -- Up-to-date symlink: /root/tiago_public_ws/install/pal_gazebo_worlds/share/pal_gazebo_worlds/models/slippery_patch/slippery_patch.sdf
[1.020s] -- Up-to-date symlink: /root/tiago_public_ws/install/pal_gazebo_worlds/share/pal_gazebo_worlds/models/small_cylinder/model.config
[1.020s] -- Up-to-date symlink: /root/tiago_public_ws/install/pal_gazebo_worlds/share/pal_gazebo_worlds/models/small_cylinder/small_cylinder.sdf
[1.020s] -- Up-to-date symlink: /root/tiago_public_ws/install/pal_gazebo_worlds/share/pal_gazebo_worlds/models/sofa/meshes/sofa.stl
[1.020s] -- Up-to-date symlink: /root/tiago_public_ws/install/pal_gazebo_worlds/share/pal_gazebo_worlds/models/sofa/model.config
[1.020s] -- Up-to-date symlink: /root/tiago_public_ws/install/pal_gazebo_worlds/share/pal_gazebo_worlds/models/sofa/sofa.sdf
[1.020s] -- Up-to-date symlink: /root/tiago_public_ws/install/pal_gazebo_worlds/share/pal_gazebo_worlds/models/sprite/material/scripts/sprite.material
[1.021s] -- Up-to-date symlink: /root/tiago_public_ws/install/pal_gazebo_worlds/share/pal_gazebo_worlds/models/sprite/material/textures/sprite.jpg
[1.021s] -- Up-to-date symlink: /root/tiago_public_ws/install/pal_gazebo_worlds/share/pal_gazebo_worlds/models/sprite/model.config
[1.021s] -- Up-to-date symlink: /root/tiago_public_ws/install/pal_gazebo_worlds/share/pal_gazebo_worlds/models/sprite/sprite.sdf
[1.021s] -- Up-to-date symlink: /root/tiago_public_ws/install/pal_gazebo_worlds/share/pal_gazebo_worlds/models/sun/model-1_2.sdf
[1.021s] -- Up-to-date symlink: /root/tiago_public_ws/install/pal_gazebo_worlds/share/pal_gazebo_worlds/models/sun/model-1_3.sdf
[1.021s] -- Up-to-date symlink: /root/tiago_public_ws/install/pal_gazebo_worlds/share/pal_gazebo_worlds/models/sun/model-1_4.sdf
[1.021s] -- Up-to-date symlink: /root/tiago_public_ws/install/pal_gazebo_worlds/share/pal_gazebo_worlds/models/sun/model.config
[1.021s] -- Up-to-date symlink: /root/tiago_public_ws/install/pal_gazebo_worlds/share/pal_gazebo_worlds/models/sun/model.sdf
[1.021s] -- Up-to-date symlink: /root/tiago_public_ws/install/pal_gazebo_worlds/share/pal_gazebo_worlds/models/table_0m8/model.config
[1.021s] -- Up-to-date symlink: /root/tiago_public_ws/install/pal_gazebo_worlds/share/pal_gazebo_worlds/models/table_0m8/table.sdf
[1.022s] -- Up-to-date symlink: /root/tiago_public_ws/install/pal_gazebo_worlds/share/pal_gazebo_worlds/models/table_1m/model.config
[1.022s] -- Up-to-date symlink: /root/tiago_public_ws/install/pal_gazebo_worlds/share/pal_gazebo_worlds/models/table_1m/table_1m.sdf
[1.022s] -- Up-to-date symlink: /root/tiago_public_ws/install/pal_gazebo_worlds/share/pal_gazebo_worlds/models/test2/meshes/test2.dae
[1.022s] -- Up-to-date symlink: /root/tiago_public_ws/install/pal_gazebo_worlds/share/pal_gazebo_worlds/models/test2/model.config
[1.022s] -- Up-to-date symlink: /root/tiago_public_ws/install/pal_gazebo_worlds/share/pal_gazebo_worlds/models/test2/test2.sdf
[1.022s] -- Up-to-date symlink: /root/tiago_public_ws/install/pal_gazebo_worlds/share/pal_gazebo_worlds/models/testing_room/README
[1.022s] -- Up-to-date symlink: /root/tiago_public_ws/install/pal_gazebo_worlds/share/pal_gazebo_worlds/models/testing_room/model.config
[1.022s] -- Up-to-date symlink: /root/tiago_public_ws/install/pal_gazebo_worlds/share/pal_gazebo_worlds/models/testing_room/model.sdf
[1.023s] -- Up-to-date symlink: /root/tiago_public_ws/install/pal_gazebo_worlds/share/pal_gazebo_worlds/models/testing_room/testing_room.png
[1.023s] -- Up-to-date symlink: /root/tiago_public_ws/install/pal_gazebo_worlds/share/pal_gazebo_worlds/models/tv/meshes/tv.stl
[1.023s] -- Up-to-date symlink: /root/tiago_public_ws/install/pal_gazebo_worlds/share/pal_gazebo_worlds/models/tv/model.config
[1.023s] -- Up-to-date symlink: /root/tiago_public_ws/install/pal_gazebo_worlds/share/pal_gazebo_worlds/models/tv/tv.sdf
[1.023s] -- Up-to-date symlink: /root/tiago_public_ws/install/pal_gazebo_worlds/share/pal_gazebo_worlds/models/wall_with_reem_photo/material/scripts/ball.material
[1.023s] -- Up-to-date symlink: /root/tiago_public_ws/install/pal_gazebo_worlds/share/pal_gazebo_worlds/models/wall_with_reem_photo/material/scripts/wallWithREEMphoto.material
[1.024s] -- Up-to-date symlink: /root/tiago_public_ws/install/pal_gazebo_worlds/share/pal_gazebo_worlds/models/wall_with_reem_photo/material/textures/REEM_photo0.jpg
[1.024s] -- Up-to-date symlink: /root/tiago_public_ws/install/pal_gazebo_worlds/share/pal_gazebo_worlds/models/wall_with_reem_photo/model.config
[1.024s] -- Up-to-date symlink: /root/tiago_public_ws/install/pal_gazebo_worlds/share/pal_gazebo_worlds/models/wall_with_reem_photo/model.sdf
[1.033s] -- Up-to-date symlink: /root/tiago_public_ws/install/pal_gazebo_worlds/share/pal_gazebo_worlds/models/wardrobe/meshes/wardrobe.stl
[1.034s] -- Up-to-date symlink: /root/tiago_public_ws/install/pal_gazebo_worlds/share/pal_gazebo_worlds/models/wardrobe/model.config
[1.034s] -- Up-to-date symlink: /root/tiago_public_ws/install/pal_gazebo_worlds/share/pal_gazebo_worlds/models/wardrobe/wardrobe.sdf
[1.053s] -- Up-to-date symlink: /root/tiago_public_ws/install/pal_gazebo_worlds/share/pal_gazebo_worlds/models/willowgarage/materials/textures/Carpet_Berber_Pattern_Gray_.png
[1.054s] -- Up-to-date symlink: /root/tiago_public_ws/install/pal_gazebo_worlds/share/pal_gazebo_worlds/models/willowgarage/materials/textures/Stone_Brushed_Khaki_.png
[1.054s] -- Up-to-date symlink: /root/tiago_public_ws/install/pal_gazebo_worlds/share/pal_gazebo_worlds/models/willowgarage/materials/textures/Wood_Bamboo_Medium_.png
[1.054s] -- Up-to-date symlink: /root/tiago_public_ws/install/pal_gazebo_worlds/share/pal_gazebo_worlds/models/willowgarage/materials/textures/Wood_Cherry_Original_.png
[1.054s] -- Up-to-date symlink: /root/tiago_public_ws/install/pal_gazebo_worlds/share/pal_gazebo_worlds/models/willowgarage/materials/textures/__Wood_Bamboo_Medium_1.png
[1.055s] -- Up-to-date symlink: /root/tiago_public_ws/install/pal_gazebo_worlds/share/pal_gazebo_worlds/models/willowgarage/materials/textures/__auto_12.png
[1.055s] -- Up-to-date symlink: /root/tiago_public_ws/install/pal_gazebo_worlds/share/pal_gazebo_worlds/models/willowgarage/materials/textures/__auto_2.png
[1.055s] -- Up-to-date symlink: /root/tiago_public_ws/install/pal_gazebo_worlds/share/pal_gazebo_worlds/models/willowgarage/meshes/willowgarage_collision.dae
[1.056s] -- Up-to-date symlink: /root/tiago_public_ws/install/pal_gazebo_worlds/share/pal_gazebo_worlds/models/willowgarage/meshes/willowgarage_visual.dae
[1.056s] -- Up-to-date symlink: /root/tiago_public_ws/install/pal_gazebo_worlds/share/pal_gazebo_worlds/worlds/aruco.world
[1.056s] -- Up-to-date symlink: /root/tiago_public_ws/install/pal_gazebo_worlds/share/pal_gazebo_worlds/worlds/ball.world
[1.056s] -- Up-to-date symlink: /root/tiago_public_ws/install/pal_gazebo_worlds/share/pal_gazebo_worlds/worlds/cabinet_grasping.world
[1.056s] -- Up-to-date symlink: /root/tiago_public_ws/install/pal_gazebo_worlds/share/pal_gazebo_worlds/worlds/calibration_room.world
[1.056s] -- Up-to-date symlink: /root/tiago_public_ws/install/pal_gazebo_worlds/share/pal_gazebo_worlds/worlds/chairs.world
[1.056s] -- Up-to-date symlink: /root/tiago_public_ws/install/pal_gazebo_worlds/share/pal_gazebo_worlds/worlds/corridor_110cm.world
[1.056s] -- Up-to-date symlink: /root/tiago_public_ws/install/pal_gazebo_worlds/share/pal_gazebo_worlds/worlds/corridor_60cm.world
[1.057s] -- Up-to-date symlink: /root/tiago_public_ws/install/pal_gazebo_worlds/share/pal_gazebo_worlds/worlds/corridor_70cm.world
[1.057s] -- Up-to-date symlink: /root/tiago_public_ws/install/pal_gazebo_worlds/share/pal_gazebo_worlds/worlds/corridor_85cm.world
[1.057s] -- Up-to-date symlink: /root/tiago_public_ws/install/pal_gazebo_worlds/share/pal_gazebo_worlds/worlds/dock_and_aruco.world
[1.057s] -- Up-to-date symlink: /root/tiago_public_ws/install/pal_gazebo_worlds/share/pal_gazebo_worlds/worlds/dock_station.world
[1.057s] -- Up-to-date symlink: /root/tiago_public_ws/install/pal_gazebo_worlds/share/pal_gazebo_worlds/worlds/docker_chair.world
[1.057s] -- Up-to-date symlink: /root/tiago_public_ws/install/pal_gazebo_worlds/share/pal_gazebo_worlds/worlds/door_obstacle.world
[1.057s] -- Up-to-date symlink: /root/tiago_public_ws/install/pal_gazebo_worlds/share/pal_gazebo_worlds/worlds/empty.world
[1.058s] -- Up-to-date symlink: /root/tiago_public_ws/install/pal_gazebo_worlds/share/pal_gazebo_worlds/worlds/empty_room.world
[1.059s] -- Up-to-date symlink: /root/tiago_public_ws/install/pal_gazebo_worlds/share/pal_gazebo_worlds/worlds/factory.world
[1.059s] -- Up-to-date symlink: /root/tiago_public_ws/install/pal_gazebo_worlds/share/pal_gazebo_worlds/worlds/featured.world
[1.059s] -- Up-to-date symlink: /root/tiago_public_ws/install/pal_gazebo_worlds/share/pal_gazebo_worlds/worlds/footstep_obstacle.world
[1.061s] -- Up-to-date symlink: /root/tiago_public_ws/install/pal_gazebo_worlds/share/pal_gazebo_worlds/worlds/hit_table.world
[1.061s] -- Up-to-date symlink: /root/tiago_public_ws/install/pal_gazebo_worlds/share/pal_gazebo_worlds/worlds/home.world
[1.062s] -- Up-to-date symlink: /root/tiago_public_ws/install/pal_gazebo_worlds/share/pal_gazebo_worlds/worlds/hospital.world
[1.062s] -- Up-to-date symlink: /root/tiago_public_ws/install/pal_gazebo_worlds/share/pal_gazebo_worlds/worlds/hospital_flat.world
[1.062s] -- Up-to-date symlink: /root/tiago_public_ws/install/pal_gazebo_worlds/share/pal_gazebo_worlds/worlds/look_to_point.world
[1.063s] -- Up-to-date symlink: /root/tiago_public_ws/install/pal_gazebo_worlds/share/pal_gazebo_worlds/worlds/low_sun_empty.world
[1.063s] -- Up-to-date symlink: /root/tiago_public_ws/install/pal_gazebo_worlds/share/pal_gazebo_worlds/worlds/memmo_simple.world
[1.063s] -- Up-to-date symlink: /root/tiago_public_ws/install/pal_gazebo_worlds/share/pal_gazebo_worlds/worlds/narrow_passage.world
[1.066s] -- Up-to-date symlink: /root/tiago_public_ws/install/pal_gazebo_worlds/share/pal_gazebo_worlds/worlds/objects_on_table.world
[1.086s] -- Up-to-date symlink: /root/tiago_public_ws/install/pal_gazebo_worlds/share/pal_gazebo_worlds/worlds/pal_office.world
[1.086s] -- Up-to-date symlink: /root/tiago_public_ws/install/pal_gazebo_worlds/share/pal_gazebo_worlds/worlds/pal_office_w_aruco.world
[1.088s] -- Up-to-date symlink: /root/tiago_public_ws/install/pal_gazebo_worlds/share/pal_gazebo_worlds/worlds/pal_office_w_docks.world
[1.089s] -- Up-to-date symlink: /root/tiago_public_ws/install/pal_gazebo_worlds/share/pal_gazebo_worlds/worlds/pal_textured_object.world
[1.089s] -- Up-to-date symlink: /root/tiago_public_ws/install/pal_gazebo_worlds/share/pal_gazebo_worlds/worlds/passage_110cm.world
[1.089s] -- Up-to-date symlink: /root/tiago_public_ws/install/pal_gazebo_worlds/share/pal_gazebo_worlds/worlds/passage_60cm.world
[1.091s] -- Up-to-date symlink: /root/tiago_public_ws/install/pal_gazebo_worlds/share/pal_gazebo_worlds/worlds/passage_70cm.world
[1.128s] -- Up-to-date symlink: /root/tiago_public_ws/install/pal_gazebo_worlds/share/pal_gazebo_worlds/worlds/pg_demo.world
[1.130s] -- Up-to-date symlink: /root/tiago_public_ws/install/pal_gazebo_worlds/share/pal_gazebo_worlds/worlds/pick.world
[1.130s] -- Up-to-date symlink: /root/tiago_public_ws/install/pal_gazebo_worlds/share/pal_gazebo_worlds/worlds/pick_place_cabinet.world
[1.133s] -- Up-to-date symlink: /root/tiago_public_ws/install/pal_gazebo_worlds/share/pal_gazebo_worlds/worlds/pick_place_close_demo.world
[1.134s] -- Up-to-date symlink: /root/tiago_public_ws/install/pal_gazebo_worlds/share/pal_gazebo_worlds/worlds/pick_place_demo.world
[1.135s] -- Up-to-date symlink: /root/tiago_public_ws/install/pal_gazebo_worlds/share/pal_gazebo_worlds/worlds/reemc.world
[1.135s] -- Up-to-date symlink: /root/tiago_public_ws/install/pal_gazebo_worlds/share/pal_gazebo_worlds/worlds/reemc_indoor.world
[1.138s] -- Up-to-date symlink: /root/tiago_public_ws/install/pal_gazebo_worlds/share/pal_gazebo_worlds/worlds/simple_office.world
[1.138s] -- Up-to-date symlink: /root/tiago_public_ws/install/pal_gazebo_worlds/share/pal_gazebo_worlds/worlds/simple_office_with_people.world
[1.139s] -- Up-to-date symlink: /root/tiago_public_ws/install/pal_gazebo_worlds/share/pal_gazebo_worlds/worlds/simple_ramp.world
[1.140s] -- Up-to-date symlink: /root/tiago_public_ws/install/pal_gazebo_worlds/share/pal_gazebo_worlds/worlds/small_factory.world
[1.140s] -- Up-to-date symlink: /root/tiago_public_ws/install/pal_gazebo_worlds/share/pal_gazebo_worlds/worlds/small_office.world
[1.140s] -- Up-to-date symlink: /root/tiago_public_ws/install/pal_gazebo_worlds/share/pal_gazebo_worlds/worlds/small_office_door_obstacle.world
[1.140s] -- Up-to-date symlink: /root/tiago_public_ws/install/pal_gazebo_worlds/share/pal_gazebo_worlds/worlds/small_office_inventory.world
[1.140s] -- Up-to-date symlink: /root/tiago_public_ws/install/pal_gazebo_worlds/share/pal_gazebo_worlds/worlds/small_textured_office.world
[1.140s] -- Up-to-date symlink: /root/tiago_public_ws/install/pal_gazebo_worlds/share/pal_gazebo_worlds/worlds/socmcs.world
[1.140s] -- Up-to-date symlink: /root/tiago_public_ws/install/pal_gazebo_worlds/share/pal_gazebo_worlds/worlds/stairs.world
[1.140s] -- Up-to-date symlink: /root/tiago_public_ws/install/pal_gazebo_worlds/share/pal_gazebo_worlds/worlds/stamping_demo.world
[1.140s] -- Up-to-date symlink: /root/tiago_public_ws/install/pal_gazebo_worlds/share/pal_gazebo_worlds/worlds/t_shaped.world
[1.142s] -- Up-to-date symlink: /root/tiago_public_ws/install/pal_gazebo_worlds/share/pal_gazebo_worlds/worlds/tabletop_cube.world
[1.143s] -- Up-to-date symlink: /root/tiago_public_ws/install/pal_gazebo_worlds/share/pal_gazebo_worlds/worlds/tabletop_cylinder.world
[1.151s] -- Up-to-date symlink: /root/tiago_public_ws/install/pal_gazebo_worlds/share/pal_gazebo_worlds/worlds/tutorial_office.world
[1.151s] -- Up-to-date symlink: /root/tiago_public_ws/install/pal_gazebo_worlds/share/pal_gazebo_worlds/worlds/voronoi_graph.world
[1.151s] -- Up-to-date symlink: /root/tiago_public_ws/install/pal_gazebo_worlds/share/pal_gazebo_worlds/worlds/willow_garage.world
[1.152s] -- Up-to-date symlink: /root/tiago_public_ws/install/pal_gazebo_worlds/share/pal_gazebo_worlds/worlds/world_wall_REEM_photo.world
[1.152s] -- Up-to-date symlink: /root/tiago_public_ws/install/pal_gazebo_worlds/share/pal_gazebo_worlds/urdf/chessboard/chessboard.gazebo.xacro
[1.152s] -- Up-to-date symlink: /root/tiago_public_ws/install/pal_gazebo_worlds/share/pal_gazebo_worlds/urdf/chessboard/chessboard.urdf.xacro
[1.153s] -- Up-to-date symlink: /root/tiago_public_ws/install/pal_gazebo_worlds/share/pal_gazebo_worlds/urdf/chessboard/chessboard_example.urdf.xacro
[1.153s] -- Up-to-date symlink: /root/tiago_public_ws/install/pal_gazebo_worlds/share/pal_gazebo_worlds/urdf/simple_box.urdf
[1.153s] -- Up-to-date symlink: /root/tiago_public_ws/install/pal_gazebo_worlds/share/pal_gazebo_worlds/meshes/chessboard/chessboard.dae
[1.154s] -- Up-to-date symlink: /root/tiago_public_ws/install/pal_gazebo_worlds/share/pal_gazebo_worlds/meshes/chessboard/chessboard.png
[1.155s] -- Up-to-date symlink: /root/tiago_public_ws/install/pal_gazebo_worlds/share/ament_index/resource_index/package_run_dependencies/pal_gazebo_worlds
[1.155s] -- Up-to-date symlink: /root/tiago_public_ws/install/pal_gazebo_worlds/share/ament_index/resource_index/parent_prefix_path/pal_gazebo_worlds
[1.155s] -- Up-to-date symlink: /root/tiago_public_ws/install/pal_gazebo_worlds/share/pal_gazebo_worlds/environment/ament_prefix_path.sh
[1.156s] -- Up-to-date symlink: /root/tiago_public_ws/install/pal_gazebo_worlds/share/pal_gazebo_worlds/environment/ament_prefix_path.dsv
[1.156s] -- Up-to-date symlink: /root/tiago_public_ws/install/pal_gazebo_worlds/share/pal_gazebo_worlds/environment/path.sh
[1.156s] -- Up-to-date symlink: /root/tiago_public_ws/install/pal_gazebo_worlds/share/pal_gazebo_worlds/environment/path.dsv
[1.161s] -- Up-to-date symlink: /root/tiago_public_ws/install/pal_gazebo_worlds/share/pal_gazebo_worlds/local_setup.bash
[1.161s] -- Up-to-date symlink: /root/tiago_public_ws/install/pal_gazebo_worlds/share/pal_gazebo_worlds/local_setup.sh
[1.162s] -- Up-to-date symlink: /root/tiago_public_ws/install/pal_gazebo_worlds/share/pal_gazebo_worlds/local_setup.zsh
[1.164s] -- Up-to-date symlink: /root/tiago_public_ws/install/pal_gazebo_worlds/share/pal_gazebo_worlds/local_setup.dsv
[1.167s] -- Symlinking: /root/tiago_public_ws/install/pal_gazebo_worlds/share/pal_gazebo_worlds/package.dsv
[1.193s] -- Up-to-date symlink: /root/tiago_public_ws/install/pal_gazebo_worlds/share/ament_index/resource_index/packages/pal_gazebo_worlds
[1.197s] -- Up-to-date symlink: /root/tiago_public_ws/install/pal_gazebo_worlds/share/pal_gazebo_worlds/cmake/pal_gazebo_worldsConfig.cmake
[1.197s] -- Up-to-date symlink: /root/tiago_public_ws/install/pal_gazebo_worlds/share/pal_gazebo_worlds/cmake/pal_gazebo_worldsConfig-version.cmake
[1.197s] -- Up-to-date symlink: /root/tiago_public_ws/install/pal_gazebo_worlds/share/pal_gazebo_worlds/package.xml
[1.205s] Invoked command in '/root/tiago_public_ws/build/pal_gazebo_worlds' returned '0': CMAKE_PREFIX_PATH=/opt/ros/humble /usr/bin/cmake --install /root/tiago_public_ws/build/pal_gazebo_worlds
