[1.054s] Invoking command in '/root/tiago_public_ws/build/tiago_controller_configuration': AMENT_PREFIX_PATH=/root/tiago_public_ws/install/pmb2_controller_configuration:/root/tiago_public_ws/install/pal_robotiq_controller_configuration:/root/tiago_public_ws/install/pal_hey5_controller_configuration:/root/tiago_public_ws/install/pal_gripper_controller_configuration:/root/tiago_public_ws/install/launch_pal:${AMENT_PREFIX_PATH} CMAKE_PREFIX_PATH=/root/tiago_public_ws/install/pmb2_controller_configuration:/root/tiago_public_ws/install/pal_robotiq_controller_configuration:/root/tiago_public_ws/install/pal_hey5_controller_configuration:/root/tiago_public_ws/install/pal_gripper_controller_configuration:/opt/ros/humble PYTHONPATH=/root/tiago_public_ws/install/launch_pal/lib/python3.10/site-packages:${PYTHONPATH} /usr/bin/cmake --build /root/tiago_public_ws/build/tiago_controller_configuration -- -j8 -l8
[1.231s] Invoked command in '/root/tiago_public_ws/build/tiago_controller_configuration' returned '0': AMENT_PREFIX_PATH=/root/tiago_public_ws/install/pmb2_controller_configuration:/root/tiago_public_ws/install/pal_robotiq_controller_configuration:/root/tiago_public_ws/install/pal_hey5_controller_configuration:/root/tiago_public_ws/install/pal_gripper_controller_configuration:/root/tiago_public_ws/install/launch_pal:${AMENT_PREFIX_PATH} CMAKE_PREFIX_PATH=/root/tiago_public_ws/install/pmb2_controller_configuration:/root/tiago_public_ws/install/pal_robotiq_controller_configuration:/root/tiago_public_ws/install/pal_hey5_controller_configuration:/root/tiago_public_ws/install/pal_gripper_controller_configuration:/opt/ros/humble PYTHONPATH=/root/tiago_public_ws/install/launch_pal/lib/python3.10/site-packages:${PYTHONPATH} /usr/bin/cmake --build /root/tiago_public_ws/build/tiago_controller_configuration -- -j8 -l8
[1.368s] Invoking command in '/root/tiago_public_ws/build/tiago_controller_configuration': AMENT_PREFIX_PATH=/root/tiago_public_ws/install/pmb2_controller_configuration:/root/tiago_public_ws/install/pal_robotiq_controller_configuration:/root/tiago_public_ws/install/pal_hey5_controller_configuration:/root/tiago_public_ws/install/pal_gripper_controller_configuration:/root/tiago_public_ws/install/launch_pal:${AMENT_PREFIX_PATH} CMAKE_PREFIX_PATH=/root/tiago_public_ws/install/pmb2_controller_configuration:/root/tiago_public_ws/install/pal_robotiq_controller_configuration:/root/tiago_public_ws/install/pal_hey5_controller_configuration:/root/tiago_public_ws/install/pal_gripper_controller_configuration:/opt/ros/humble PYTHONPATH=/root/tiago_public_ws/install/launch_pal/lib/python3.10/site-packages:${PYTHONPATH} /usr/bin/cmake --install /root/tiago_public_ws/build/tiago_controller_configuration
[1.405s] -- Install configuration: ""
[1.424s] -- Execute custom install script
[1.424s] -- Up-to-date symlink: /root/tiago_public_ws/install/tiago_controller_configuration/share/tiago_controller_configuration/config/arm_controller.yaml
[1.424s] -- Up-to-date symlink: /root/tiago_public_ws/install/tiago_controller_configuration/share/tiago_controller_configuration/config/ft_sensor_controller.yaml
[1.425s] -- Up-to-date symlink: /root/tiago_public_ws/install/tiago_controller_configuration/share/tiago_controller_configuration/config/gravity_compensation_controller_ilm.yaml
[1.425s] -- Up-to-date symlink: /root/tiago_public_ws/install/tiago_controller_configuration/share/tiago_controller_configuration/config/gravity_compensation_controller_parker.yaml
[1.425s] -- Up-to-date symlink: /root/tiago_public_ws/install/tiago_controller_configuration/share/tiago_controller_configuration/config/head_controller.yaml
[1.426s] -- Up-to-date symlink: /root/tiago_public_ws/install/tiago_controller_configuration/share/tiago_controller_configuration/config/imu_sensor_broadcaster.yaml
[1.426s] -- Up-to-date symlink: /root/tiago_public_ws/install/tiago_controller_configuration/share/tiago_controller_configuration/config/joint_state_broadcaster.yaml
[1.426s] -- Up-to-date symlink: /root/tiago_public_ws/install/tiago_controller_configuration/share/tiago_controller_configuration/config/torso_controller.yaml
[1.434s] -- Up-to-date symlink: /root/tiago_public_ws/install/tiago_controller_configuration/share/tiago_controller_configuration/launch/default_controllers.launch.py
[1.434s] -- Up-to-date symlink: /root/tiago_public_ws/install/tiago_controller_configuration/share/tiago_controller_configuration/launch/gravity_compensation_controller.launch.py
[1.435s] -- Up-to-date symlink: /root/tiago_public_ws/install/tiago_controller_configuration/share/ament_index/resource_index/package_run_dependencies/tiago_controller_configuration
[1.435s] -- Up-to-date symlink: /root/tiago_public_ws/install/tiago_controller_configuration/share/ament_index/resource_index/parent_prefix_path/tiago_controller_configuration
[1.439s] -- Up-to-date symlink: /root/tiago_public_ws/install/tiago_controller_configuration/share/tiago_controller_configuration/environment/ament_prefix_path.sh
[1.439s] -- Up-to-date symlink: /root/tiago_public_ws/install/tiago_controller_configuration/share/tiago_controller_configuration/environment/ament_prefix_path.dsv
[1.441s] -- Up-to-date symlink: /root/tiago_public_ws/install/tiago_controller_configuration/share/tiago_controller_configuration/environment/path.sh
[1.442s] -- Up-to-date symlink: /root/tiago_public_ws/install/tiago_controller_configuration/share/tiago_controller_configuration/environment/path.dsv
[1.442s] -- Up-to-date symlink: /root/tiago_public_ws/install/tiago_controller_configuration/share/tiago_controller_configuration/local_setup.bash
[1.442s] -- Up-to-date symlink: /root/tiago_public_ws/install/tiago_controller_configuration/share/tiago_controller_configuration/local_setup.sh
[1.446s] -- Up-to-date symlink: /root/tiago_public_ws/install/tiago_controller_configuration/share/tiago_controller_configuration/local_setup.zsh
[1.448s] -- Up-to-date symlink: /root/tiago_public_ws/install/tiago_controller_configuration/share/tiago_controller_configuration/local_setup.dsv
[1.448s] -- Symlinking: /root/tiago_public_ws/install/tiago_controller_configuration/share/tiago_controller_configuration/package.dsv
[1.547s] -- Up-to-date symlink: /root/tiago_public_ws/install/tiago_controller_configuration/share/ament_index/resource_index/packages/tiago_controller_configuration
[1.562s] -- Up-to-date symlink: /root/tiago_public_ws/install/tiago_controller_configuration/share/tiago_controller_configuration/cmake/tiago_controller_configurationConfig.cmake
[1.562s] -- Up-to-date symlink: /root/tiago_public_ws/install/tiago_controller_configuration/share/tiago_controller_configuration/cmake/tiago_controller_configurationConfig-version.cmake
[1.565s] -- Up-to-date symlink: /root/tiago_public_ws/install/tiago_controller_configuration/share/tiago_controller_configuration/package.xml
[1.672s] Invoked command in '/root/tiago_public_ws/build/tiago_controller_configuration' returned '0': AMENT_PREFIX_PATH=/root/tiago_public_ws/install/pmb2_controller_configuration:/root/tiago_public_ws/install/pal_robotiq_controller_configuration:/root/tiago_public_ws/install/pal_hey5_controller_configuration:/root/tiago_public_ws/install/pal_gripper_controller_configuration:/root/tiago_public_ws/install/launch_pal:${AMENT_PREFIX_PATH} CMAKE_PREFIX_PATH=/root/tiago_public_ws/install/pmb2_controller_configuration:/root/tiago_public_ws/install/pal_robotiq_controller_configuration:/root/tiago_public_ws/install/pal_hey5_controller_configuration:/root/tiago_public_ws/install/pal_gripper_controller_configuration:/opt/ros/humble PYTHONPATH=/root/tiago_public_ws/install/launch_pal/lib/python3.10/site-packages:${PYTHONPATH} /usr/bin/cmake --install /root/tiago_public_ws/build/tiago_controller_configuration
