[35m[1mConsolidate compiler generated dependencies of target move_action_node[0m
[35m[1mConsolidate compiler generated dependencies of target charge_action_node[0m
[35m[1mConsolidate compiler generated dependencies of target ask_charge_action_node[0m
[35m[1mConsolidate compiler generated dependencies of target pick_object_action_node[0m
[35m[1mConsolidate compiler generated dependencies of target place_object_action_node[0m
[ 20%] Built target charge_action_node
[ 40%] Built target ask_charge_action_node
[ 60%] Built target move_action_node
[ 80%] Built target place_object_action_node
[100%] Built target pick_object_action_node
-- Install configuration: ""
-- Execute custom install script
-- Symlinking: /root/tiago_public_ws/install/plansys2_multidomain_example/share/plansys2_multidomain_example/launch/commands
-- Symlinking: /root/tiago_public_ws/install/plansys2_multidomain_example/share/plansys2_multidomain_example/launch/plansys2_multidomain_example_launch.py
-- Symlinking: /root/tiago_public_ws/install/plansys2_multidomain_example/share/plansys2_multidomain_example/pddl_1/domain_1.pddl
-- Symlinking: /root/tiago_public_ws/install/plansys2_multidomain_example/share/plansys2_multidomain_example/pddl_2/domain_2.pddl
-- Symlinking: /root/tiago_public_ws/install/plansys2_multidomain_example/lib/plansys2_multidomain_example/move_action_node
-- Symlinking: /root/tiago_public_ws/install/plansys2_multidomain_example/lib/plansys2_multidomain_example/charge_action_node
-- Symlinking: /root/tiago_public_ws/install/plansys2_multidomain_example/lib/plansys2_multidomain_example/ask_charge_action_node
-- Symlinking: /root/tiago_public_ws/install/plansys2_multidomain_example/lib/plansys2_multidomain_example/pick_object_action_node
-- Symlinking: /root/tiago_public_ws/install/plansys2_multidomain_example/lib/plansys2_multidomain_example/place_object_action_node
-- Symlinking: /root/tiago_public_ws/install/plansys2_multidomain_example/share/ament_index/resource_index/package_run_dependencies/plansys2_multidomain_example
-- Symlinking: /root/tiago_public_ws/install/plansys2_multidomain_example/share/ament_index/resource_index/parent_prefix_path/plansys2_multidomain_example
-- Symlinking: /root/tiago_public_ws/install/plansys2_multidomain_example/share/plansys2_multidomain_example/environment/ament_prefix_path.sh
-- Symlinking: /root/tiago_public_ws/install/plansys2_multidomain_example/share/plansys2_multidomain_example/environment/ament_prefix_path.dsv
-- Symlinking: /root/tiago_public_ws/install/plansys2_multidomain_example/share/plansys2_multidomain_example/environment/path.sh
-- Symlinking: /root/tiago_public_ws/install/plansys2_multidomain_example/share/plansys2_multidomain_example/environment/path.dsv
-- Symlinking: /root/tiago_public_ws/install/plansys2_multidomain_example/share/plansys2_multidomain_example/local_setup.bash
-- Symlinking: /root/tiago_public_ws/install/plansys2_multidomain_example/share/plansys2_multidomain_example/local_setup.sh
-- Symlinking: /root/tiago_public_ws/install/plansys2_multidomain_example/share/plansys2_multidomain_example/local_setup.zsh
-- Symlinking: /root/tiago_public_ws/install/plansys2_multidomain_example/share/plansys2_multidomain_example/local_setup.dsv
-- Symlinking: /root/tiago_public_ws/install/plansys2_multidomain_example/share/plansys2_multidomain_example/package.dsv
-- Symlinking: /root/tiago_public_ws/install/plansys2_multidomain_example/share/ament_index/resource_index/packages/plansys2_multidomain_example
-- Symlinking: /root/tiago_public_ws/install/plansys2_multidomain_example/share/plansys2_multidomain_example/cmake/ament_cmake_export_dependencies-extras.cmake
-- Symlinking: /root/tiago_public_ws/install/plansys2_multidomain_example/share/plansys2_multidomain_example/cmake/plansys2_multidomain_exampleConfig.cmake
-- Symlinking: /root/tiago_public_ws/install/plansys2_multidomain_example/share/plansys2_multidomain_example/cmake/plansys2_multidomain_exampleConfig-version.cmake
-- Symlinking: /root/tiago_public_ws/install/plansys2_multidomain_example/share/plansys2_multidomain_example/package.xml
