[0.132s] Invoking command in '/root/tiago_public_ws/build/plansys2_multidomain_example': CMAKE_PREFIX_PATH=${CMAKE_PREFIX_PATH}:/root/tiago_public_ws/install/launch_pal:/opt/ros/humble /usr/bin/cmake --build /root/tiago_public_ws/build/plansys2_multidomain_example -- -j8 -l8
[0.356s] [ 20%] Built target move_action_node
[0.440s] [ 40%] Built target place_object_action_node
[0.528s] [ 60%] Built target pick_object_action_node
[0.640s] [ 80%] Built target ask_charge_action_node
[0.715s] [100%] Built target charge_action_node
[0.757s] Invoked command in '/root/tiago_public_ws/build/plansys2_multidomain_example' returned '0': CMAKE_PREFIX_PATH=${CMAKE_PREFIX_PATH}:/root/tiago_public_ws/install/launch_pal:/opt/ros/humble /usr/bin/cmake --build /root/tiago_public_ws/build/plansys2_multidomain_example -- -j8 -l8
[0.950s] Invoking command in '/root/tiago_public_ws/build/plansys2_multidomain_example': CMAKE_PREFIX_PATH=${CMAKE_PREFIX_PATH}:/root/tiago_public_ws/install/launch_pal:/opt/ros/humble /usr/bin/cmake --install /root/tiago_public_ws/build/plansys2_multidomain_example
[0.966s] -- Install configuration: ""
[0.972s] -- Execute custom install script
[0.978s] -- Up-to-date symlink: /root/tiago_public_ws/install/plansys2_multidomain_example/share/plansys2_multidomain_example/launch/commands
[0.979s] -- Up-to-date symlink: /root/tiago_public_ws/install/plansys2_multidomain_example/share/plansys2_multidomain_example/launch/plansys2_multidomain_example_launch.py
[0.979s] -- Up-to-date symlink: /root/tiago_public_ws/install/plansys2_multidomain_example/share/plansys2_multidomain_example/pddl_1/domain_1.pddl
[0.981s] -- Up-to-date symlink: /root/tiago_public_ws/install/plansys2_multidomain_example/share/plansys2_multidomain_example/pddl_2/domain_2.pddl
[0.982s] -- Up-to-date symlink: /root/tiago_public_ws/install/plansys2_multidomain_example/lib/plansys2_multidomain_example/move_action_node
[0.982s] -- Up-to-date symlink: /root/tiago_public_ws/install/plansys2_multidomain_example/lib/plansys2_multidomain_example/charge_action_node
[0.989s] -- Up-to-date symlink: /root/tiago_public_ws/install/plansys2_multidomain_example/lib/plansys2_multidomain_example/ask_charge_action_node
[0.989s] -- Up-to-date symlink: /root/tiago_public_ws/install/plansys2_multidomain_example/lib/plansys2_multidomain_example/pick_object_action_node
[0.991s] -- Up-to-date symlink: /root/tiago_public_ws/install/plansys2_multidomain_example/lib/plansys2_multidomain_example/place_object_action_node
[0.991s] -- Up-to-date symlink: /root/tiago_public_ws/install/plansys2_multidomain_example/share/ament_index/resource_index/package_run_dependencies/plansys2_multidomain_example
[0.992s] -- Up-to-date symlink: /root/tiago_public_ws/install/plansys2_multidomain_example/share/ament_index/resource_index/parent_prefix_path/plansys2_multidomain_example
[0.996s] -- Up-to-date symlink: /root/tiago_public_ws/install/plansys2_multidomain_example/share/plansys2_multidomain_example/environment/ament_prefix_path.sh
[0.997s] -- Up-to-date symlink: /root/tiago_public_ws/install/plansys2_multidomain_example/share/plansys2_multidomain_example/environment/ament_prefix_path.dsv
[0.999s] -- Up-to-date symlink: /root/tiago_public_ws/install/plansys2_multidomain_example/share/plansys2_multidomain_example/environment/path.sh
[0.999s] -- Up-to-date symlink: /root/tiago_public_ws/install/plansys2_multidomain_example/share/plansys2_multidomain_example/environment/path.dsv
[1.000s] -- Up-to-date symlink: /root/tiago_public_ws/install/plansys2_multidomain_example/share/plansys2_multidomain_example/local_setup.bash
[1.004s] -- Up-to-date symlink: /root/tiago_public_ws/install/plansys2_multidomain_example/share/plansys2_multidomain_example/local_setup.sh
[1.006s] -- Up-to-date symlink: /root/tiago_public_ws/install/plansys2_multidomain_example/share/plansys2_multidomain_example/local_setup.zsh
[1.008s] -- Up-to-date symlink: /root/tiago_public_ws/install/plansys2_multidomain_example/share/plansys2_multidomain_example/local_setup.dsv
[1.008s] -- Symlinking: /root/tiago_public_ws/install/plansys2_multidomain_example/share/plansys2_multidomain_example/package.dsv
[1.046s] -- Up-to-date symlink: /root/tiago_public_ws/install/plansys2_multidomain_example/share/ament_index/resource_index/packages/plansys2_multidomain_example
[1.047s] -- Up-to-date symlink: /root/tiago_public_ws/install/plansys2_multidomain_example/share/plansys2_multidomain_example/cmake/ament_cmake_export_dependencies-extras.cmake
[1.047s] -- Up-to-date symlink: /root/tiago_public_ws/install/plansys2_multidomain_example/share/plansys2_multidomain_example/cmake/plansys2_multidomain_exampleConfig.cmake
[1.048s] -- Up-to-date symlink: /root/tiago_public_ws/install/plansys2_multidomain_example/share/plansys2_multidomain_example/cmake/plansys2_multidomain_exampleConfig-version.cmake
[1.050s] -- Up-to-date symlink: /root/tiago_public_ws/install/plansys2_multidomain_example/share/plansys2_multidomain_example/package.xml
[1.136s] Invoked command in '/root/tiago_public_ws/build/plansys2_multidomain_example' returned '0': CMAKE_PREFIX_PATH=${CMAKE_PREFIX_PATH}:/root/tiago_public_ws/install/launch_pal:/opt/ros/humble /usr/bin/cmake --install /root/tiago_public_ws/build/plansys2_multidomain_example
