[0.360s] Invoking command in '/root/tiago_public_ws/build/pal_hey5_controller_configuration': CMAKE_PREFIX_PATH=/opt/ros/humble /usr/bin/cmake --build /root/tiago_public_ws/build/pal_hey5_controller_configuration -- -j8 -l8
[0.442s] Invoked command in '/root/tiago_public_ws/build/pal_hey5_controller_configuration' returned '0': CMAKE_PREFIX_PATH=/opt/ros/humble /usr/bin/cmake --build /root/tiago_public_ws/build/pal_hey5_controller_configuration -- -j8 -l8
[0.485s] Invoking command in '/root/tiago_public_ws/build/pal_hey5_controller_configuration': CMAKE_PREFIX_PATH=/opt/ros/humble /usr/bin/cmake --install /root/tiago_public_ws/build/pal_hey5_controller_configuration
[0.511s] -- Install configuration: ""
[0.511s] -- Execute custom install script
[0.518s] -- Up-to-date symlink: /root/tiago_public_ws/install/pal_hey5_controller_configuration/share/pal_hey5_controller_configuration/config/pal_hey5_controller.yaml
[0.518s] -- Up-to-date symlink: /root/tiago_public_ws/install/pal_hey5_controller_configuration/share/pal_hey5_controller_configuration/launch/pal_hey5_controller.launch.py
[0.518s] -- Up-to-date symlink: /root/tiago_public_ws/install/pal_hey5_controller_configuration/share/ament_index/resource_index/package_run_dependencies/pal_hey5_controller_configuration
[0.518s] -- Up-to-date symlink: /root/tiago_public_ws/install/pal_hey5_controller_configuration/share/ament_index/resource_index/parent_prefix_path/pal_hey5_controller_configuration
[0.519s] -- Up-to-date symlink: /root/tiago_public_ws/install/pal_hey5_controller_configuration/share/pal_hey5_controller_configuration/environment/ament_prefix_path.sh
[0.519s] -- Up-to-date symlink: /root/tiago_public_ws/install/pal_hey5_controller_configuration/share/pal_hey5_controller_configuration/environment/ament_prefix_path.dsv
[0.519s] -- Up-to-date symlink: /root/tiago_public_ws/install/pal_hey5_controller_configuration/share/pal_hey5_controller_configuration/environment/path.sh
[0.520s] -- Up-to-date symlink: /root/tiago_public_ws/install/pal_hey5_controller_configuration/share/pal_hey5_controller_configuration/environment/path.dsv
[0.522s] -- Up-to-date symlink: /root/tiago_public_ws/install/pal_hey5_controller_configuration/share/pal_hey5_controller_configuration/local_setup.bash
[0.523s] -- Up-to-date symlink: /root/tiago_public_ws/install/pal_hey5_controller_configuration/share/pal_hey5_controller_configuration/local_setup.sh
[0.523s] -- Up-to-date symlink: /root/tiago_public_ws/install/pal_hey5_controller_configuration/share/pal_hey5_controller_configuration/local_setup.zsh
[0.523s] -- Up-to-date symlink: /root/tiago_public_ws/install/pal_hey5_controller_configuration/share/pal_hey5_controller_configuration/local_setup.dsv
[0.524s] -- Symlinking: /root/tiago_public_ws/install/pal_hey5_controller_configuration/share/pal_hey5_controller_configuration/package.dsv
[0.550s] -- Up-to-date symlink: /root/tiago_public_ws/install/pal_hey5_controller_configuration/share/ament_index/resource_index/packages/pal_hey5_controller_configuration
[0.550s] -- Up-to-date symlink: /root/tiago_public_ws/install/pal_hey5_controller_configuration/share/pal_hey5_controller_configuration/cmake/pal_hey5_controller_configurationConfig.cmake
[0.551s] -- Up-to-date symlink: /root/tiago_public_ws/install/pal_hey5_controller_configuration/share/pal_hey5_controller_configuration/cmake/pal_hey5_controller_configurationConfig-version.cmake
[0.552s] -- Up-to-date symlink: /root/tiago_public_ws/install/pal_hey5_controller_configuration/share/pal_hey5_controller_configuration/package.xml
[0.639s] Invoked command in '/root/tiago_public_ws/build/pal_hey5_controller_configuration' returned '0': CMAKE_PREFIX_PATH=/opt/ros/humble /usr/bin/cmake --install /root/tiago_public_ws/build/pal_hey5_controller_configuration
