[0.354s] Invoking command in '/root/tiago_public_ws/build/play_motion2_msgs': CMAKE_PREFIX_PATH=${CMAKE_PREFIX_PATH}:/root/tiago_public_ws/install/launch_pal:/opt/ros/humble /usr/bin/cmake --build /root/tiago_public_ws/build/play_motion2_msgs -- -j8 -l8
[0.433s] [  1%] Built target play_motion2_msgs__cpp
[0.458s] [ 12%] Built target play_motion2_msgs__rosidl_generator_c
[0.501s] [ 12%] Built target ament_cmake_python_symlink_play_motion2_msgs
[0.524s] [ 24%] Built target play_motion2_msgs__rosidl_typesupport_introspection_cpp
[0.528s] [ 35%] Built target play_motion2_msgs__rosidl_typesupport_c
[0.566s] [ 46%] Built target play_motion2_msgs__rosidl_typesupport_introspection_c
[0.610s] [ 58%] Built target play_motion2_msgs__rosidl_typesupport_fastrtps_c
[0.659s] [ 69%] Built target play_motion2_msgs__rosidl_typesupport_fastrtps_cpp
[0.719s] [ 81%] Built target play_motion2_msgs__rosidl_typesupport_cpp
[0.754s] [ 81%] Built target play_motion2_msgs
[0.803s] [ 82%] Built target play_motion2_msgs__py
[0.859s] [ 92%] Built target play_motion2_msgs__rosidl_generator_py
[0.891s] [ 94%] Built target play_motion2_msgs__rosidl_typesupport_fastrtps_c__pyext
[0.940s] [ 97%] Built target play_motion2_msgs__rosidl_typesupport_c__pyext
[1.019s] [100%] Built target play_motion2_msgs__rosidl_typesupport_introspection_c__pyext
[1.177s] running egg_info
[1.177s] writing play_motion2_msgs.egg-info/PKG-INFO
[1.177s] writing dependency_links to play_motion2_msgs.egg-info/dependency_links.txt
[1.178s] writing top-level names to play_motion2_msgs.egg-info/top_level.txt
[1.178s] reading manifest file 'play_motion2_msgs.egg-info/SOURCES.txt'
[1.178s] writing manifest file 'play_motion2_msgs.egg-info/SOURCES.txt'
[1.178s] [100%] Built target ament_cmake_python_build_play_motion2_msgs_egg
[1.253s] Invoked command in '/root/tiago_public_ws/build/play_motion2_msgs' returned '0': CMAKE_PREFIX_PATH=${CMAKE_PREFIX_PATH}:/root/tiago_public_ws/install/launch_pal:/opt/ros/humble /usr/bin/cmake --build /root/tiago_public_ws/build/play_motion2_msgs -- -j8 -l8
[1.660s] Invoking command in '/root/tiago_public_ws/build/play_motion2_msgs': CMAKE_PREFIX_PATH=${CMAKE_PREFIX_PATH}:/root/tiago_public_ws/install/launch_pal:/opt/ros/humble /usr/bin/cmake --install /root/tiago_public_ws/build/play_motion2_msgs
[1.685s] -- Install configuration: ""
[1.685s] -- Execute custom install script
[1.686s] -- Up-to-date symlink: /root/tiago_public_ws/install/play_motion2_msgs/share/ament_index/resource_index/rosidl_interfaces/play_motion2_msgs
[1.686s] -- Up-to-date symlink: /root/tiago_public_ws/install/play_motion2_msgs/include/play_motion2_msgs/play_motion2_msgs/action/detail/play_motion2__functions.h
[1.686s] -- Up-to-date symlink: /root/tiago_public_ws/install/play_motion2_msgs/include/play_motion2_msgs/play_motion2_msgs/action/detail/play_motion2__struct.h
[1.686s] -- Up-to-date symlink: /root/tiago_public_ws/install/play_motion2_msgs/include/play_motion2_msgs/play_motion2_msgs/action/detail/play_motion2__type_support.h
[1.686s] -- Up-to-date symlink: /root/tiago_public_ws/install/play_motion2_msgs/include/play_motion2_msgs/play_motion2_msgs/action/play_motion2.h
[1.687s] -- Up-to-date symlink: /root/tiago_public_ws/install/play_motion2_msgs/include/play_motion2_msgs/play_motion2_msgs/msg/detail/motion__functions.h
[1.688s] -- Up-to-date symlink: /root/tiago_public_ws/install/play_motion2_msgs/include/play_motion2_msgs/play_motion2_msgs/msg/detail/motion__struct.h
[1.689s] -- Up-to-date symlink: /root/tiago_public_ws/install/play_motion2_msgs/include/play_motion2_msgs/play_motion2_msgs/msg/detail/motion__type_support.h
[1.689s] -- Up-to-date symlink: /root/tiago_public_ws/install/play_motion2_msgs/include/play_motion2_msgs/play_motion2_msgs/msg/motion.h
[1.690s] -- Up-to-date symlink: /root/tiago_public_ws/install/play_motion2_msgs/include/play_motion2_msgs/play_motion2_msgs/msg/rosidl_generator_c__visibility_control.h
[1.691s] -- Up-to-date symlink: /root/tiago_public_ws/install/play_motion2_msgs/include/play_motion2_msgs/play_motion2_msgs/srv/add_motion.h
[1.691s] -- Up-to-date symlink: /root/tiago_public_ws/install/play_motion2_msgs/include/play_motion2_msgs/play_motion2_msgs/srv/detail/add_motion__functions.h
[1.692s] -- Up-to-date symlink: /root/tiago_public_ws/install/play_motion2_msgs/include/play_motion2_msgs/play_motion2_msgs/srv/detail/add_motion__struct.h
[1.692s] -- Up-to-date symlink: /root/tiago_public_ws/install/play_motion2_msgs/include/play_motion2_msgs/play_motion2_msgs/srv/detail/add_motion__type_support.h
[1.693s] -- Up-to-date symlink: /root/tiago_public_ws/install/play_motion2_msgs/include/play_motion2_msgs/play_motion2_msgs/srv/detail/get_motion_info__functions.h
[1.693s] -- Up-to-date symlink: /root/tiago_public_ws/install/play_motion2_msgs/include/play_motion2_msgs/play_motion2_msgs/srv/detail/get_motion_info__struct.h
[1.694s] -- Up-to-date symlink: /root/tiago_public_ws/install/play_motion2_msgs/include/play_motion2_msgs/play_motion2_msgs/srv/detail/get_motion_info__type_support.h
[1.694s] -- Up-to-date symlink: /root/tiago_public_ws/install/play_motion2_msgs/include/play_motion2_msgs/play_motion2_msgs/srv/detail/is_motion_ready__functions.h
[1.695s] -- Up-to-date symlink: /root/tiago_public_ws/install/play_motion2_msgs/include/play_motion2_msgs/play_motion2_msgs/srv/detail/is_motion_ready__struct.h
[1.695s] -- Up-to-date symlink: /root/tiago_public_ws/install/play_motion2_msgs/include/play_motion2_msgs/play_motion2_msgs/srv/detail/is_motion_ready__type_support.h
[1.696s] -- Up-to-date symlink: /root/tiago_public_ws/install/play_motion2_msgs/include/play_motion2_msgs/play_motion2_msgs/srv/detail/list_motions__functions.h
[1.696s] -- Up-to-date symlink: /root/tiago_public_ws/install/play_motion2_msgs/include/play_motion2_msgs/play_motion2_msgs/srv/detail/list_motions__struct.h
[1.697s] -- Up-to-date symlink: /root/tiago_public_ws/install/play_motion2_msgs/include/play_motion2_msgs/play_motion2_msgs/srv/detail/list_motions__type_support.h
[1.698s] -- Up-to-date symlink: /root/tiago_public_ws/install/play_motion2_msgs/include/play_motion2_msgs/play_motion2_msgs/srv/detail/remove_motion__functions.h
[1.698s] -- Up-to-date symlink: /root/tiago_public_ws/install/play_motion2_msgs/include/play_motion2_msgs/play_motion2_msgs/srv/detail/remove_motion__struct.h
[1.699s] -- Up-to-date symlink: /root/tiago_public_ws/install/play_motion2_msgs/include/play_motion2_msgs/play_motion2_msgs/srv/detail/remove_motion__type_support.h
[1.699s] -- Up-to-date symlink: /root/tiago_public_ws/install/play_motion2_msgs/include/play_motion2_msgs/play_motion2_msgs/srv/get_motion_info.h
[1.699s] -- Up-to-date symlink: /root/tiago_public_ws/install/play_motion2_msgs/include/play_motion2_msgs/play_motion2_msgs/srv/is_motion_ready.h
[1.699s] -- Up-to-date symlink: /root/tiago_public_ws/install/play_motion2_msgs/include/play_motion2_msgs/play_motion2_msgs/srv/list_motions.h
[1.699s] -- Up-to-date symlink: /root/tiago_public_ws/install/play_motion2_msgs/include/play_motion2_msgs/play_motion2_msgs/srv/remove_motion.h
[1.699s] -- Up-to-date symlink: /root/tiago_public_ws/install/play_motion2_msgs/share/play_motion2_msgs/environment/library_path.sh
[1.699s] -- Up-to-date symlink: /root/tiago_public_ws/install/play_motion2_msgs/share/play_motion2_msgs/environment/library_path.dsv
[1.701s] -- Up-to-date symlink: /root/tiago_public_ws/install/play_motion2_msgs/include/play_motion2_msgs/play_motion2_msgs/action/detail/play_motion2__rosidl_typesupport_fastrtps_c.h
[1.701s] -- Up-to-date symlink: /root/tiago_public_ws/install/play_motion2_msgs/include/play_motion2_msgs/play_motion2_msgs/msg/detail/motion__rosidl_typesupport_fastrtps_c.h
[1.702s] -- Up-to-date symlink: /root/tiago_public_ws/install/play_motion2_msgs/include/play_motion2_msgs/play_motion2_msgs/msg/rosidl_typesupport_fastrtps_c__visibility_control.h
[1.702s] -- Up-to-date symlink: /root/tiago_public_ws/install/play_motion2_msgs/include/play_motion2_msgs/play_motion2_msgs/srv/detail/add_motion__rosidl_typesupport_fastrtps_c.h
[1.703s] -- Up-to-date symlink: /root/tiago_public_ws/install/play_motion2_msgs/include/play_motion2_msgs/play_motion2_msgs/srv/detail/get_motion_info__rosidl_typesupport_fastrtps_c.h
[1.703s] -- Up-to-date symlink: /root/tiago_public_ws/install/play_motion2_msgs/include/play_motion2_msgs/play_motion2_msgs/srv/detail/is_motion_ready__rosidl_typesupport_fastrtps_c.h
[1.709s] -- Up-to-date symlink: /root/tiago_public_ws/install/play_motion2_msgs/include/play_motion2_msgs/play_motion2_msgs/srv/detail/list_motions__rosidl_typesupport_fastrtps_c.h
[1.717s] -- Up-to-date symlink: /root/tiago_public_ws/install/play_motion2_msgs/include/play_motion2_msgs/play_motion2_msgs/srv/detail/remove_motion__rosidl_typesupport_fastrtps_c.h
[1.718s] -- Up-to-date symlink: /root/tiago_public_ws/install/play_motion2_msgs/include/play_motion2_msgs/play_motion2_msgs/action/detail/play_motion2__builder.hpp
[1.718s] -- Up-to-date symlink: /root/tiago_public_ws/install/play_motion2_msgs/include/play_motion2_msgs/play_motion2_msgs/action/detail/play_motion2__struct.hpp
[1.718s] -- Up-to-date symlink: /root/tiago_public_ws/install/play_motion2_msgs/include/play_motion2_msgs/play_motion2_msgs/action/detail/play_motion2__traits.hpp
[1.718s] -- Up-to-date symlink: /root/tiago_public_ws/install/play_motion2_msgs/include/play_motion2_msgs/play_motion2_msgs/action/play_motion2.hpp
[1.718s] -- Up-to-date symlink: /root/tiago_public_ws/install/play_motion2_msgs/include/play_motion2_msgs/play_motion2_msgs/msg/detail/motion__builder.hpp
[1.718s] -- Up-to-date symlink: /root/tiago_public_ws/install/play_motion2_msgs/include/play_motion2_msgs/play_motion2_msgs/msg/detail/motion__struct.hpp
[1.718s] -- Up-to-date symlink: /root/tiago_public_ws/install/play_motion2_msgs/include/play_motion2_msgs/play_motion2_msgs/msg/detail/motion__traits.hpp
[1.719s] -- Up-to-date symlink: /root/tiago_public_ws/install/play_motion2_msgs/include/play_motion2_msgs/play_motion2_msgs/msg/motion.hpp
[1.719s] -- Up-to-date symlink: /root/tiago_public_ws/install/play_motion2_msgs/include/play_motion2_msgs/play_motion2_msgs/srv/add_motion.hpp
[1.719s] -- Up-to-date symlink: /root/tiago_public_ws/install/play_motion2_msgs/include/play_motion2_msgs/play_motion2_msgs/srv/detail/add_motion__builder.hpp
[1.720s] -- Up-to-date symlink: /root/tiago_public_ws/install/play_motion2_msgs/include/play_motion2_msgs/play_motion2_msgs/srv/detail/add_motion__struct.hpp
[1.720s] -- Up-to-date symlink: /root/tiago_public_ws/install/play_motion2_msgs/include/play_motion2_msgs/play_motion2_msgs/srv/detail/add_motion__traits.hpp
[1.721s] -- Up-to-date symlink: /root/tiago_public_ws/install/play_motion2_msgs/include/play_motion2_msgs/play_motion2_msgs/srv/detail/get_motion_info__builder.hpp
[1.721s] -- Up-to-date symlink: /root/tiago_public_ws/install/play_motion2_msgs/include/play_motion2_msgs/play_motion2_msgs/srv/detail/get_motion_info__struct.hpp
[1.721s] -- Up-to-date symlink: /root/tiago_public_ws/install/play_motion2_msgs/include/play_motion2_msgs/play_motion2_msgs/srv/detail/get_motion_info__traits.hpp
[1.721s] -- Up-to-date symlink: /root/tiago_public_ws/install/play_motion2_msgs/include/play_motion2_msgs/play_motion2_msgs/srv/detail/is_motion_ready__builder.hpp
[1.721s] -- Up-to-date symlink: /root/tiago_public_ws/install/play_motion2_msgs/include/play_motion2_msgs/play_motion2_msgs/srv/detail/is_motion_ready__struct.hpp
[1.721s] -- Up-to-date symlink: /root/tiago_public_ws/install/play_motion2_msgs/include/play_motion2_msgs/play_motion2_msgs/srv/detail/is_motion_ready__traits.hpp
[1.721s] -- Up-to-date symlink: /root/tiago_public_ws/install/play_motion2_msgs/include/play_motion2_msgs/play_motion2_msgs/srv/detail/list_motions__builder.hpp
[1.722s] -- Up-to-date symlink: /root/tiago_public_ws/install/play_motion2_msgs/include/play_motion2_msgs/play_motion2_msgs/srv/detail/list_motions__struct.hpp
[1.722s] -- Up-to-date symlink: /root/tiago_public_ws/install/play_motion2_msgs/include/play_motion2_msgs/play_motion2_msgs/srv/detail/list_motions__traits.hpp
[1.728s] -- Up-to-date symlink: /root/tiago_public_ws/install/play_motion2_msgs/include/play_motion2_msgs/play_motion2_msgs/srv/detail/remove_motion__builder.hpp
[1.728s] -- Up-to-date symlink: /root/tiago_public_ws/install/play_motion2_msgs/include/play_motion2_msgs/play_motion2_msgs/srv/detail/remove_motion__struct.hpp
[1.729s] -- Up-to-date symlink: /root/tiago_public_ws/install/play_motion2_msgs/include/play_motion2_msgs/play_motion2_msgs/srv/detail/remove_motion__traits.hpp
[1.729s] -- Up-to-date symlink: /root/tiago_public_ws/install/play_motion2_msgs/include/play_motion2_msgs/play_motion2_msgs/srv/get_motion_info.hpp
[1.730s] -- Up-to-date symlink: /root/tiago_public_ws/install/play_motion2_msgs/include/play_motion2_msgs/play_motion2_msgs/srv/is_motion_ready.hpp
[1.730s] -- Up-to-date symlink: /root/tiago_public_ws/install/play_motion2_msgs/include/play_motion2_msgs/play_motion2_msgs/srv/list_motions.hpp
[1.730s] -- Up-to-date symlink: /root/tiago_public_ws/install/play_motion2_msgs/include/play_motion2_msgs/play_motion2_msgs/srv/remove_motion.hpp
[1.731s] -- Up-to-date symlink: /root/tiago_public_ws/install/play_motion2_msgs/include/play_motion2_msgs/play_motion2_msgs/action/detail/play_motion2__rosidl_typesupport_fastrtps_cpp.hpp
[1.731s] -- Up-to-date symlink: /root/tiago_public_ws/install/play_motion2_msgs/include/play_motion2_msgs/play_motion2_msgs/msg/detail/motion__rosidl_typesupport_fastrtps_cpp.hpp
[1.731s] -- Up-to-date symlink: /root/tiago_public_ws/install/play_motion2_msgs/include/play_motion2_msgs/play_motion2_msgs/msg/rosidl_typesupport_fastrtps_cpp__visibility_control.h
[1.733s] -- Up-to-date symlink: /root/tiago_public_ws/install/play_motion2_msgs/include/play_motion2_msgs/play_motion2_msgs/srv/detail/add_motion__rosidl_typesupport_fastrtps_cpp.hpp
[1.734s] -- Up-to-date symlink: /root/tiago_public_ws/install/play_motion2_msgs/include/play_motion2_msgs/play_motion2_msgs/srv/detail/get_motion_info__rosidl_typesupport_fastrtps_cpp.hpp
[1.734s] -- Up-to-date symlink: /root/tiago_public_ws/install/play_motion2_msgs/include/play_motion2_msgs/play_motion2_msgs/srv/detail/is_motion_ready__rosidl_typesupport_fastrtps_cpp.hpp
[1.734s] -- Up-to-date symlink: /root/tiago_public_ws/install/play_motion2_msgs/include/play_motion2_msgs/play_motion2_msgs/srv/detail/list_motions__rosidl_typesupport_fastrtps_cpp.hpp
[1.734s] -- Up-to-date symlink: /root/tiago_public_ws/install/play_motion2_msgs/include/play_motion2_msgs/play_motion2_msgs/srv/detail/remove_motion__rosidl_typesupport_fastrtps_cpp.hpp
[1.734s] -- Up-to-date symlink: /root/tiago_public_ws/install/play_motion2_msgs/include/play_motion2_msgs/play_motion2_msgs/action/detail/play_motion2__rosidl_typesupport_introspection_c.h
[1.734s] -- Up-to-date symlink: /root/tiago_public_ws/install/play_motion2_msgs/include/play_motion2_msgs/play_motion2_msgs/msg/detail/motion__rosidl_typesupport_introspection_c.h
[1.734s] -- Up-to-date symlink: /root/tiago_public_ws/install/play_motion2_msgs/include/play_motion2_msgs/play_motion2_msgs/msg/rosidl_typesupport_introspection_c__visibility_control.h
[1.735s] -- Up-to-date symlink: /root/tiago_public_ws/install/play_motion2_msgs/include/play_motion2_msgs/play_motion2_msgs/srv/detail/add_motion__rosidl_typesupport_introspection_c.h
[1.735s] -- Up-to-date symlink: /root/tiago_public_ws/install/play_motion2_msgs/include/play_motion2_msgs/play_motion2_msgs/srv/detail/get_motion_info__rosidl_typesupport_introspection_c.h
[1.735s] -- Up-to-date symlink: /root/tiago_public_ws/install/play_motion2_msgs/include/play_motion2_msgs/play_motion2_msgs/srv/detail/is_motion_ready__rosidl_typesupport_introspection_c.h
[1.735s] -- Up-to-date symlink: /root/tiago_public_ws/install/play_motion2_msgs/include/play_motion2_msgs/play_motion2_msgs/srv/detail/list_motions__rosidl_typesupport_introspection_c.h
[1.735s] -- Up-to-date symlink: /root/tiago_public_ws/install/play_motion2_msgs/include/play_motion2_msgs/play_motion2_msgs/srv/detail/remove_motion__rosidl_typesupport_introspection_c.h
[1.736s] -- Up-to-date symlink: /root/tiago_public_ws/install/play_motion2_msgs/include/play_motion2_msgs/play_motion2_msgs/action/detail/play_motion2__rosidl_typesupport_introspection_cpp.hpp
[1.736s] -- Up-to-date symlink: /root/tiago_public_ws/install/play_motion2_msgs/include/play_motion2_msgs/play_motion2_msgs/msg/detail/motion__rosidl_typesupport_introspection_cpp.hpp
[1.738s] -- Up-to-date symlink: /root/tiago_public_ws/install/play_motion2_msgs/include/play_motion2_msgs/play_motion2_msgs/srv/detail/add_motion__rosidl_typesupport_introspection_cpp.hpp
[1.738s] -- Up-to-date symlink: /root/tiago_public_ws/install/play_motion2_msgs/include/play_motion2_msgs/play_motion2_msgs/srv/detail/get_motion_info__rosidl_typesupport_introspection_cpp.hpp
[1.739s] -- Up-to-date symlink: /root/tiago_public_ws/install/play_motion2_msgs/include/play_motion2_msgs/play_motion2_msgs/srv/detail/is_motion_ready__rosidl_typesupport_introspection_cpp.hpp
[1.739s] -- Up-to-date symlink: /root/tiago_public_ws/install/play_motion2_msgs/include/play_motion2_msgs/play_motion2_msgs/srv/detail/list_motions__rosidl_typesupport_introspection_cpp.hpp
[1.739s] -- Up-to-date symlink: /root/tiago_public_ws/install/play_motion2_msgs/include/play_motion2_msgs/play_motion2_msgs/srv/detail/remove_motion__rosidl_typesupport_introspection_cpp.hpp
[1.740s] -- Up-to-date symlink: /root/tiago_public_ws/install/play_motion2_msgs/share/play_motion2_msgs/environment/pythonpath.sh
[1.741s] -- Up-to-date symlink: /root/tiago_public_ws/install/play_motion2_msgs/share/play_motion2_msgs/environment/pythonpath.dsv
[1.741s] -- Up-to-date symlink: /root/tiago_public_ws/install/play_motion2_msgs/local/lib/python3.10/dist-packages/play_motion2_msgs-1.3.0-py3.10.egg-info/PKG-INFO
[1.741s] -- Up-to-date symlink: /root/tiago_public_ws/install/play_motion2_msgs/local/lib/python3.10/dist-packages/play_motion2_msgs-1.3.0-py3.10.egg-info/SOURCES.txt
[1.744s] -- Up-to-date symlink: /root/tiago_public_ws/install/play_motion2_msgs/local/lib/python3.10/dist-packages/play_motion2_msgs-1.3.0-py3.10.egg-info/dependency_links.txt
[1.745s] -- Up-to-date symlink: /root/tiago_public_ws/install/play_motion2_msgs/local/lib/python3.10/dist-packages/play_motion2_msgs-1.3.0-py3.10.egg-info/top_level.txt
[1.745s] -- Up-to-date symlink: /root/tiago_public_ws/install/play_motion2_msgs/local/lib/python3.10/dist-packages/play_motion2_msgs/__init__.py
[1.745s] -- Up-to-date symlink: /root/tiago_public_ws/install/play_motion2_msgs/local/lib/python3.10/dist-packages/play_motion2_msgs/_play_motion2_msgs_s.ep.rosidl_typesupport_c.c
[1.746s] -- Up-to-date symlink: /root/tiago_public_ws/install/play_motion2_msgs/local/lib/python3.10/dist-packages/play_motion2_msgs/_play_motion2_msgs_s.ep.rosidl_typesupport_fastrtps_c.c
[1.746s] -- Up-to-date symlink: /root/tiago_public_ws/install/play_motion2_msgs/local/lib/python3.10/dist-packages/play_motion2_msgs/_play_motion2_msgs_s.ep.rosidl_typesupport_introspection_c.c
[1.746s] -- Up-to-date symlink: /root/tiago_public_ws/install/play_motion2_msgs/local/lib/python3.10/dist-packages/play_motion2_msgs/action/__init__.py
[1.746s] -- Up-to-date symlink: /root/tiago_public_ws/install/play_motion2_msgs/local/lib/python3.10/dist-packages/play_motion2_msgs/action/_play_motion2.py
[1.752s] -- Up-to-date symlink: /root/tiago_public_ws/install/play_motion2_msgs/local/lib/python3.10/dist-packages/play_motion2_msgs/action/_play_motion2_s.c
[1.753s] -- Up-to-date symlink: /root/tiago_public_ws/install/play_motion2_msgs/local/lib/python3.10/dist-packages/play_motion2_msgs/libplay_motion2_msgs__rosidl_generator_py.so
[1.753s] -- Up-to-date symlink: /root/tiago_public_ws/install/play_motion2_msgs/local/lib/python3.10/dist-packages/play_motion2_msgs/msg/__init__.py
[1.753s] -- Up-to-date symlink: /root/tiago_public_ws/install/play_motion2_msgs/local/lib/python3.10/dist-packages/play_motion2_msgs/msg/_motion.py
[1.753s] -- Up-to-date symlink: /root/tiago_public_ws/install/play_motion2_msgs/local/lib/python3.10/dist-packages/play_motion2_msgs/msg/_motion_s.c
[1.753s] -- Up-to-date symlink: /root/tiago_public_ws/install/play_motion2_msgs/local/lib/python3.10/dist-packages/play_motion2_msgs/play_motion2_msgs_s__rosidl_typesupport_c.cpython-310-x86_64-linux-gnu.so
[1.753s] -- Up-to-date symlink: /root/tiago_public_ws/install/play_motion2_msgs/local/lib/python3.10/dist-packages/play_motion2_msgs/play_motion2_msgs_s__rosidl_typesupport_fastrtps_c.cpython-310-x86_64-linux-gnu.so
[1.753s] -- Up-to-date symlink: /root/tiago_public_ws/install/play_motion2_msgs/local/lib/python3.10/dist-packages/play_motion2_msgs/play_motion2_msgs_s__rosidl_typesupport_introspection_c.cpython-310-x86_64-linux-gnu.so
[1.753s] -- Up-to-date symlink: /root/tiago_public_ws/install/play_motion2_msgs/local/lib/python3.10/dist-packages/play_motion2_msgs/srv/__init__.py
[1.753s] -- Up-to-date symlink: /root/tiago_public_ws/install/play_motion2_msgs/local/lib/python3.10/dist-packages/play_motion2_msgs/srv/_add_motion.py
[1.754s] -- Up-to-date symlink: /root/tiago_public_ws/install/play_motion2_msgs/local/lib/python3.10/dist-packages/play_motion2_msgs/srv/_add_motion_s.c
[1.754s] -- Up-to-date symlink: /root/tiago_public_ws/install/play_motion2_msgs/local/lib/python3.10/dist-packages/play_motion2_msgs/srv/_get_motion_info.py
[1.754s] -- Up-to-date symlink: /root/tiago_public_ws/install/play_motion2_msgs/local/lib/python3.10/dist-packages/play_motion2_msgs/srv/_get_motion_info_s.c
[1.754s] -- Up-to-date symlink: /root/tiago_public_ws/install/play_motion2_msgs/local/lib/python3.10/dist-packages/play_motion2_msgs/srv/_is_motion_ready.py
[1.754s] -- Up-to-date symlink: /root/tiago_public_ws/install/play_motion2_msgs/local/lib/python3.10/dist-packages/play_motion2_msgs/srv/_is_motion_ready_s.c
[1.754s] -- Up-to-date symlink: /root/tiago_public_ws/install/play_motion2_msgs/local/lib/python3.10/dist-packages/play_motion2_msgs/srv/_list_motions.py
[1.754s] -- Up-to-date symlink: /root/tiago_public_ws/install/play_motion2_msgs/local/lib/python3.10/dist-packages/play_motion2_msgs/srv/_list_motions_s.c
[1.754s] -- Up-to-date symlink: /root/tiago_public_ws/install/play_motion2_msgs/local/lib/python3.10/dist-packages/play_motion2_msgs/srv/_remove_motion.py
[1.755s] -- Up-to-date symlink: /root/tiago_public_ws/install/play_motion2_msgs/local/lib/python3.10/dist-packages/play_motion2_msgs/srv/_remove_motion_s.c
[1.755s] -- Up-to-date symlink: /root/tiago_public_ws/install/play_motion2_msgs/local/lib/python3.10/dist-packages/play_motion2_msgs/play_motion2_msgs_s__rosidl_typesupport_fastrtps_c.cpython-310-x86_64-linux-gnu.so
[1.755s] -- Up-to-date symlink: /root/tiago_public_ws/install/play_motion2_msgs/local/lib/python3.10/dist-packages/play_motion2_msgs/play_motion2_msgs_s__rosidl_typesupport_introspection_c.cpython-310-x86_64-linux-gnu.so
[1.755s] -- Up-to-date symlink: /root/tiago_public_ws/install/play_motion2_msgs/local/lib/python3.10/dist-packages/play_motion2_msgs/play_motion2_msgs_s__rosidl_typesupport_c.cpython-310-x86_64-linux-gnu.so
[1.755s] -- Up-to-date symlink: /root/tiago_public_ws/install/play_motion2_msgs/share/play_motion2_msgs/action/PlayMotion2.idl
[1.755s] -- Up-to-date symlink: /root/tiago_public_ws/install/play_motion2_msgs/share/play_motion2_msgs/msg/Motion.idl
[1.755s] -- Up-to-date symlink: /root/tiago_public_ws/install/play_motion2_msgs/share/play_motion2_msgs/srv/AddMotion.idl
[1.755s] -- Up-to-date symlink: /root/tiago_public_ws/install/play_motion2_msgs/share/play_motion2_msgs/srv/GetMotionInfo.idl
[1.755s] -- Up-to-date symlink: /root/tiago_public_ws/install/play_motion2_msgs/share/play_motion2_msgs/srv/IsMotionReady.idl
[1.756s] -- Up-to-date symlink: /root/tiago_public_ws/install/play_motion2_msgs/share/play_motion2_msgs/srv/ListMotions.idl
[1.756s] -- Up-to-date symlink: /root/tiago_public_ws/install/play_motion2_msgs/share/play_motion2_msgs/srv/RemoveMotion.idl
[1.756s] -- Up-to-date symlink: /root/tiago_public_ws/install/play_motion2_msgs/share/play_motion2_msgs/action/PlayMotion2.action
[1.759s] -- Up-to-date symlink: /root/tiago_public_ws/install/play_motion2_msgs/share/play_motion2_msgs/msg/Motion.msg
[1.760s] -- Up-to-date symlink: /root/tiago_public_ws/install/play_motion2_msgs/share/play_motion2_msgs/srv/AddMotion.srv
[1.770s] -- Up-to-date symlink: /root/tiago_public_ws/install/play_motion2_msgs/share/play_motion2_msgs/srv/AddMotion_Request.msg
[1.770s] -- Up-to-date symlink: /root/tiago_public_ws/install/play_motion2_msgs/share/play_motion2_msgs/srv/AddMotion_Response.msg
[1.771s] -- Up-to-date symlink: /root/tiago_public_ws/install/play_motion2_msgs/share/play_motion2_msgs/srv/GetMotionInfo.srv
[1.771s] -- Up-to-date symlink: /root/tiago_public_ws/install/play_motion2_msgs/share/play_motion2_msgs/srv/GetMotionInfo_Request.msg
[1.771s] -- Up-to-date symlink: /root/tiago_public_ws/install/play_motion2_msgs/share/play_motion2_msgs/srv/GetMotionInfo_Response.msg
[1.771s] -- Up-to-date symlink: /root/tiago_public_ws/install/play_motion2_msgs/share/play_motion2_msgs/srv/IsMotionReady.srv
[1.771s] -- Up-to-date symlink: /root/tiago_public_ws/install/play_motion2_msgs/share/play_motion2_msgs/srv/IsMotionReady_Request.msg
[1.771s] -- Up-to-date symlink: /root/tiago_public_ws/install/play_motion2_msgs/share/play_motion2_msgs/srv/IsMotionReady_Response.msg
[1.771s] -- Up-to-date symlink: /root/tiago_public_ws/install/play_motion2_msgs/share/play_motion2_msgs/srv/ListMotions.srv
[1.772s] -- Up-to-date symlink: /root/tiago_public_ws/install/play_motion2_msgs/share/play_motion2_msgs/srv/ListMotions_Request.msg
[1.772s] -- Up-to-date symlink: /root/tiago_public_ws/install/play_motion2_msgs/share/play_motion2_msgs/srv/ListMotions_Response.msg
[1.772s] -- Up-to-date symlink: /root/tiago_public_ws/install/play_motion2_msgs/share/play_motion2_msgs/srv/RemoveMotion.srv
[1.772s] -- Up-to-date symlink: /root/tiago_public_ws/install/play_motion2_msgs/share/play_motion2_msgs/srv/RemoveMotion_Request.msg
[1.772s] -- Up-to-date symlink: /root/tiago_public_ws/install/play_motion2_msgs/share/play_motion2_msgs/srv/RemoveMotion_Response.msg
[1.772s] -- Up-to-date symlink: /root/tiago_public_ws/install/play_motion2_msgs/share/ament_index/resource_index/package_run_dependencies/play_motion2_msgs
[1.772s] -- Up-to-date symlink: /root/tiago_public_ws/install/play_motion2_msgs/share/ament_index/resource_index/parent_prefix_path/play_motion2_msgs
[1.773s] -- Up-to-date symlink: /root/tiago_public_ws/install/play_motion2_msgs/share/play_motion2_msgs/environment/ament_prefix_path.sh
[1.773s] -- Up-to-date symlink: /root/tiago_public_ws/install/play_motion2_msgs/share/play_motion2_msgs/environment/ament_prefix_path.dsv
[1.773s] -- Up-to-date symlink: /root/tiago_public_ws/install/play_motion2_msgs/share/play_motion2_msgs/environment/path.sh
[1.773s] -- Up-to-date symlink: /root/tiago_public_ws/install/play_motion2_msgs/share/play_motion2_msgs/environment/path.dsv
[1.773s] -- Up-to-date symlink: /root/tiago_public_ws/install/play_motion2_msgs/share/play_motion2_msgs/local_setup.bash
[1.773s] -- Up-to-date symlink: /root/tiago_public_ws/install/play_motion2_msgs/share/play_motion2_msgs/local_setup.sh
[1.773s] -- Up-to-date symlink: /root/tiago_public_ws/install/play_motion2_msgs/share/play_motion2_msgs/local_setup.zsh
[1.773s] -- Up-to-date symlink: /root/tiago_public_ws/install/play_motion2_msgs/share/play_motion2_msgs/local_setup.dsv
[1.774s] -- Symlinking: /root/tiago_public_ws/install/play_motion2_msgs/share/play_motion2_msgs/package.dsv
[1.776s] -- Up-to-date symlink: /root/tiago_public_ws/install/play_motion2_msgs/share/ament_index/resource_index/packages/play_motion2_msgs
[1.777s] -- Up-to-date symlink: /root/tiago_public_ws/install/play_motion2_msgs/share/play_motion2_msgs/cmake/rosidl_cmake-extras.cmake
[1.777s] -- Up-to-date symlink: /root/tiago_public_ws/install/play_motion2_msgs/share/play_motion2_msgs/cmake/ament_cmake_export_dependencies-extras.cmake
[1.778s] -- Up-to-date symlink: /root/tiago_public_ws/install/play_motion2_msgs/share/play_motion2_msgs/cmake/ament_cmake_export_include_directories-extras.cmake
[1.778s] -- Up-to-date symlink: /root/tiago_public_ws/install/play_motion2_msgs/share/play_motion2_msgs/cmake/ament_cmake_export_libraries-extras.cmake
[1.778s] -- Up-to-date symlink: /root/tiago_public_ws/install/play_motion2_msgs/share/play_motion2_msgs/cmake/ament_cmake_export_targets-extras.cmake
[1.779s] -- Up-to-date symlink: /root/tiago_public_ws/install/play_motion2_msgs/share/play_motion2_msgs/cmake/rosidl_cmake_export_typesupport_targets-extras.cmake
[1.779s] -- Up-to-date symlink: /root/tiago_public_ws/install/play_motion2_msgs/share/play_motion2_msgs/cmake/rosidl_cmake_export_typesupport_libraries-extras.cmake
[1.779s] -- Up-to-date symlink: /root/tiago_public_ws/install/play_motion2_msgs/share/play_motion2_msgs/cmake/play_motion2_msgsConfig.cmake
[1.780s] -- Up-to-date symlink: /root/tiago_public_ws/install/play_motion2_msgs/share/play_motion2_msgs/cmake/play_motion2_msgsConfig-version.cmake
[1.780s] -- Up-to-date symlink: /root/tiago_public_ws/install/play_motion2_msgs/share/play_motion2_msgs/package.xml
[1.780s] -- Up-to-date: /root/tiago_public_ws/install/play_motion2_msgs/lib/libplay_motion2_msgs__rosidl_generator_c.so
[1.781s] -- Up-to-date: /root/tiago_public_ws/install/play_motion2_msgs/lib/libplay_motion2_msgs__rosidl_typesupport_fastrtps_c.so
[1.781s] -- Up-to-date: /root/tiago_public_ws/install/play_motion2_msgs/lib/libplay_motion2_msgs__rosidl_typesupport_fastrtps_cpp.so
[1.781s] -- Up-to-date: /root/tiago_public_ws/install/play_motion2_msgs/lib/libplay_motion2_msgs__rosidl_typesupport_introspection_c.so
[1.787s] -- Up-to-date: /root/tiago_public_ws/install/play_motion2_msgs/lib/libplay_motion2_msgs__rosidl_typesupport_c.so
[1.794s] -- Up-to-date: /root/tiago_public_ws/install/play_motion2_msgs/lib/libplay_motion2_msgs__rosidl_typesupport_introspection_cpp.so
[1.796s] -- Up-to-date: /root/tiago_public_ws/install/play_motion2_msgs/lib/libplay_motion2_msgs__rosidl_typesupport_cpp.so
[1.868s] Listing '/root/tiago_public_ws/install/play_motion2_msgs/local/lib/python3.10/dist-packages/play_motion2_msgs'...
[1.869s] Listing '/root/tiago_public_ws/install/play_motion2_msgs/local/lib/python3.10/dist-packages/play_motion2_msgs/action'...
[1.869s] Listing '/root/tiago_public_ws/install/play_motion2_msgs/local/lib/python3.10/dist-packages/play_motion2_msgs/msg'...
[1.869s] Listing '/root/tiago_public_ws/install/play_motion2_msgs/local/lib/python3.10/dist-packages/play_motion2_msgs/srv'...
[1.870s] -- Up-to-date: /root/tiago_public_ws/install/play_motion2_msgs/lib/libplay_motion2_msgs__rosidl_generator_py.so
[1.870s] -- Up-to-date: /root/tiago_public_ws/install/play_motion2_msgs/share/play_motion2_msgs/cmake/export_play_motion2_msgs__rosidl_generator_cExport.cmake
[1.870s] -- Up-to-date: /root/tiago_public_ws/install/play_motion2_msgs/share/play_motion2_msgs/cmake/export_play_motion2_msgs__rosidl_generator_cExport-noconfig.cmake
[1.870s] -- Up-to-date: /root/tiago_public_ws/install/play_motion2_msgs/share/play_motion2_msgs/cmake/export_play_motion2_msgs__rosidl_typesupport_fastrtps_cExport.cmake
[1.870s] -- Up-to-date: /root/tiago_public_ws/install/play_motion2_msgs/share/play_motion2_msgs/cmake/export_play_motion2_msgs__rosidl_typesupport_fastrtps_cExport-noconfig.cmake
[1.871s] -- Up-to-date: /root/tiago_public_ws/install/play_motion2_msgs/share/play_motion2_msgs/cmake/export_play_motion2_msgs__rosidl_generator_cppExport.cmake
[1.871s] -- Up-to-date: /root/tiago_public_ws/install/play_motion2_msgs/share/play_motion2_msgs/cmake/export_play_motion2_msgs__rosidl_typesupport_fastrtps_cppExport.cmake
[1.871s] -- Up-to-date: /root/tiago_public_ws/install/play_motion2_msgs/share/play_motion2_msgs/cmake/export_play_motion2_msgs__rosidl_typesupport_fastrtps_cppExport-noconfig.cmake
[1.871s] -- Up-to-date: /root/tiago_public_ws/install/play_motion2_msgs/share/play_motion2_msgs/cmake/play_motion2_msgs__rosidl_typesupport_introspection_cExport.cmake
[1.872s] -- Up-to-date: /root/tiago_public_ws/install/play_motion2_msgs/share/play_motion2_msgs/cmake/play_motion2_msgs__rosidl_typesupport_introspection_cExport-noconfig.cmake
[1.872s] -- Up-to-date: /root/tiago_public_ws/install/play_motion2_msgs/share/play_motion2_msgs/cmake/play_motion2_msgs__rosidl_typesupport_cExport.cmake
[1.872s] -- Up-to-date: /root/tiago_public_ws/install/play_motion2_msgs/share/play_motion2_msgs/cmake/play_motion2_msgs__rosidl_typesupport_cExport-noconfig.cmake
[1.872s] -- Up-to-date: /root/tiago_public_ws/install/play_motion2_msgs/share/play_motion2_msgs/cmake/play_motion2_msgs__rosidl_typesupport_introspection_cppExport.cmake
[1.874s] -- Up-to-date: /root/tiago_public_ws/install/play_motion2_msgs/share/play_motion2_msgs/cmake/play_motion2_msgs__rosidl_typesupport_introspection_cppExport-noconfig.cmake
[1.874s] -- Up-to-date: /root/tiago_public_ws/install/play_motion2_msgs/share/play_motion2_msgs/cmake/play_motion2_msgs__rosidl_typesupport_cppExport.cmake
[1.874s] -- Up-to-date: /root/tiago_public_ws/install/play_motion2_msgs/share/play_motion2_msgs/cmake/play_motion2_msgs__rosidl_typesupport_cppExport-noconfig.cmake
[1.874s] -- Up-to-date: /root/tiago_public_ws/install/play_motion2_msgs/share/play_motion2_msgs/cmake/export_play_motion2_msgs__rosidl_generator_pyExport.cmake
[1.875s] -- Up-to-date: /root/tiago_public_ws/install/play_motion2_msgs/share/play_motion2_msgs/cmake/export_play_motion2_msgs__rosidl_generator_pyExport-noconfig.cmake
[1.906s] Invoked command in '/root/tiago_public_ws/build/play_motion2_msgs' returned '0': CMAKE_PREFIX_PATH=${CMAKE_PREFIX_PATH}:/root/tiago_public_ws/install/launch_pal:/opt/ros/humble /usr/bin/cmake --install /root/tiago_public_ws/build/play_motion2_msgs
