[0.601s] Invoking command in '/root/tiago_public_ws/build/pal_gripper': AMENT_PREFIX_PATH=/root/tiago_public_ws/install/pal_gripper_description:/root/tiago_public_ws/install/urdf_test:/root/tiago_public_ws/install/pal_urdf_utils:/root/tiago_public_ws/install/pal_gripper_controller_configuration:${AMENT_PREFIX_PATH} CMAKE_PREFIX_PATH=/root/tiago_public_ws/install/pal_gripper_description:/root/tiago_public_ws/install/urdf_test:/root/tiago_public_ws/install/pal_urdf_utils:/root/tiago_public_ws/install/pal_gripper_controller_configuration:/opt/ros/humble PYTHONPATH=/root/tiago_public_ws/install/urdf_test/local/lib/python3.10/dist-packages:${PYTHONPATH} /usr/bin/cmake --build /root/tiago_public_ws/build/pal_gripper -- -j8 -l8
[0.728s] Invoked command in '/root/tiago_public_ws/build/pal_gripper' returned '0': AMENT_PREFIX_PATH=/root/tiago_public_ws/install/pal_gripper_description:/root/tiago_public_ws/install/urdf_test:/root/tiago_public_ws/install/pal_urdf_utils:/root/tiago_public_ws/install/pal_gripper_controller_configuration:${AMENT_PREFIX_PATH} CMAKE_PREFIX_PATH=/root/tiago_public_ws/install/pal_gripper_description:/root/tiago_public_ws/install/urdf_test:/root/tiago_public_ws/install/pal_urdf_utils:/root/tiago_public_ws/install/pal_gripper_controller_configuration:/opt/ros/humble PYTHONPATH=/root/tiago_public_ws/install/urdf_test/local/lib/python3.10/dist-packages:${PYTHONPATH} /usr/bin/cmake --build /root/tiago_public_ws/build/pal_gripper -- -j8 -l8
[0.920s] Invoking command in '/root/tiago_public_ws/build/pal_gripper': AMENT_PREFIX_PATH=/root/tiago_public_ws/install/pal_gripper_description:/root/tiago_public_ws/install/urdf_test:/root/tiago_public_ws/install/pal_urdf_utils:/root/tiago_public_ws/install/pal_gripper_controller_configuration:${AMENT_PREFIX_PATH} CMAKE_PREFIX_PATH=/root/tiago_public_ws/install/pal_gripper_description:/root/tiago_public_ws/install/urdf_test:/root/tiago_public_ws/install/pal_urdf_utils:/root/tiago_public_ws/install/pal_gripper_controller_configuration:/opt/ros/humble PYTHONPATH=/root/tiago_public_ws/install/urdf_test/local/lib/python3.10/dist-packages:${PYTHONPATH} /usr/bin/cmake --install /root/tiago_public_ws/build/pal_gripper
[1.007s] -- Install configuration: ""
[1.008s] -- Execute custom install script
[1.009s] -- Up-to-date symlink: /root/tiago_public_ws/install/pal_gripper/share/ament_index/resource_index/package_run_dependencies/pal_gripper
[1.010s] -- Up-to-date symlink: /root/tiago_public_ws/install/pal_gripper/share/ament_index/resource_index/parent_prefix_path/pal_gripper
[1.010s] -- Up-to-date symlink: /root/tiago_public_ws/install/pal_gripper/share/pal_gripper/environment/ament_prefix_path.sh
[1.010s] -- Up-to-date symlink: /root/tiago_public_ws/install/pal_gripper/share/pal_gripper/environment/ament_prefix_path.dsv
[1.010s] -- Up-to-date symlink: /root/tiago_public_ws/install/pal_gripper/share/pal_gripper/environment/path.sh
[1.010s] -- Up-to-date symlink: /root/tiago_public_ws/install/pal_gripper/share/pal_gripper/environment/path.dsv
[1.010s] -- Up-to-date symlink: /root/tiago_public_ws/install/pal_gripper/share/pal_gripper/local_setup.bash
[1.011s] -- Up-to-date symlink: /root/tiago_public_ws/install/pal_gripper/share/pal_gripper/local_setup.sh
[1.011s] -- Up-to-date symlink: /root/tiago_public_ws/install/pal_gripper/share/pal_gripper/local_setup.zsh
[1.011s] -- Up-to-date symlink: /root/tiago_public_ws/install/pal_gripper/share/pal_gripper/local_setup.dsv
[1.011s] -- Symlinking: /root/tiago_public_ws/install/pal_gripper/share/pal_gripper/package.dsv
[1.011s] -- Up-to-date symlink: /root/tiago_public_ws/install/pal_gripper/share/ament_index/resource_index/packages/pal_gripper
[1.011s] -- Up-to-date symlink: /root/tiago_public_ws/install/pal_gripper/share/pal_gripper/cmake/pal_gripperConfig.cmake
[1.011s] -- Up-to-date symlink: /root/tiago_public_ws/install/pal_gripper/share/pal_gripper/cmake/pal_gripperConfig-version.cmake
[1.011s] -- Up-to-date symlink: /root/tiago_public_ws/install/pal_gripper/share/pal_gripper/package.xml
[1.042s] Invoked command in '/root/tiago_public_ws/build/pal_gripper' returned '0': AMENT_PREFIX_PATH=/root/tiago_public_ws/install/pal_gripper_description:/root/tiago_public_ws/install/urdf_test:/root/tiago_public_ws/install/pal_urdf_utils:/root/tiago_public_ws/install/pal_gripper_controller_configuration:${AMENT_PREFIX_PATH} CMAKE_PREFIX_PATH=/root/tiago_public_ws/install/pal_gripper_description:/root/tiago_public_ws/install/urdf_test:/root/tiago_public_ws/install/pal_urdf_utils:/root/tiago_public_ws/install/pal_gripper_controller_configuration:/opt/ros/humble PYTHONPATH=/root/tiago_public_ws/install/urdf_test/local/lib/python3.10/dist-packages:${PYTHONPATH} /usr/bin/cmake --install /root/tiago_public_ws/build/pal_gripper
