[0.365s] Invoking command in '/root/tiago_public_ws/build/play_motion2_msgs': CMAKE_PREFIX_PATH=${CMAKE_PREFIX_PATH}:/root/tiago_public_ws/install/launch_pal:/opt/ros/humble /usr/bin/cmake --build /root/tiago_public_ws/build/play_motion2_msgs -- -j8 -l8
[0.456s] [  0%] Built target ament_cmake_python_symlink_play_motion2_msgs
[0.460s] [  1%] Built target play_motion2_msgs__cpp
[0.471s] [ 12%] Built target play_motion2_msgs__rosidl_generator_c
[0.512s] [ 24%] Built target play_motion2_msgs__rosidl_typesupport_cpp
[0.530s] [ 35%] Built target play_motion2_msgs__rosidl_typesupport_introspection_cpp
[0.531s] [ 46%] Built target play_motion2_msgs__rosidl_typesupport_fastrtps_cpp
[0.531s] [ 58%] Built target play_motion2_msgs__rosidl_typesupport_c
[0.540s] [ 69%] Built target play_motion2_msgs__rosidl_typesupport_fastrtps_c
[0.549s] [ 81%] Built target play_motion2_msgs__rosidl_typesupport_introspection_c
[0.580s] [ 81%] Built target play_motion2_msgs
[0.603s] [ 82%] Built target play_motion2_msgs__py
[0.722s] [ 92%] Built target play_motion2_msgs__rosidl_generator_py
[0.787s] [ 94%] Built target play_motion2_msgs__rosidl_typesupport_introspection_c__pyext
[0.787s] [ 97%] Built target play_motion2_msgs__rosidl_typesupport_fastrtps_c__pyext
[0.823s] [100%] Built target play_motion2_msgs__rosidl_typesupport_c__pyext
[1.085s] running egg_info
[1.085s] writing play_motion2_msgs.egg-info/PKG-INFO
[1.085s] writing dependency_links to play_motion2_msgs.egg-info/dependency_links.txt
[1.085s] writing top-level names to play_motion2_msgs.egg-info/top_level.txt
[1.096s] reading manifest file 'play_motion2_msgs.egg-info/SOURCES.txt'
[1.109s] writing manifest file 'play_motion2_msgs.egg-info/SOURCES.txt'
[1.177s] [100%] Built target ament_cmake_python_build_play_motion2_msgs_egg
[1.198s] Invoked command in '/root/tiago_public_ws/build/play_motion2_msgs' returned '0': CMAKE_PREFIX_PATH=${CMAKE_PREFIX_PATH}:/root/tiago_public_ws/install/launch_pal:/opt/ros/humble /usr/bin/cmake --build /root/tiago_public_ws/build/play_motion2_msgs -- -j8 -l8
[1.729s] Invoking command in '/root/tiago_public_ws/build/play_motion2_msgs': CMAKE_PREFIX_PATH=${CMAKE_PREFIX_PATH}:/root/tiago_public_ws/install/launch_pal:/opt/ros/humble /usr/bin/cmake --install /root/tiago_public_ws/build/play_motion2_msgs
[1.745s] -- Install configuration: ""
[1.746s] -- Execute custom install script
[1.754s] -- Up-to-date symlink: /root/tiago_public_ws/install/play_motion2_msgs/share/ament_index/resource_index/rosidl_interfaces/play_motion2_msgs
[1.773s] -- Up-to-date symlink: /root/tiago_public_ws/install/play_motion2_msgs/include/play_motion2_msgs/play_motion2_msgs/action/detail/play_motion2__functions.h
[1.773s] -- Up-to-date symlink: /root/tiago_public_ws/install/play_motion2_msgs/include/play_motion2_msgs/play_motion2_msgs/action/detail/play_motion2__struct.h
[1.773s] -- Up-to-date symlink: /root/tiago_public_ws/install/play_motion2_msgs/include/play_motion2_msgs/play_motion2_msgs/action/detail/play_motion2__type_support.h
[1.791s] -- Up-to-date symlink: /root/tiago_public_ws/install/play_motion2_msgs/include/play_motion2_msgs/play_motion2_msgs/action/play_motion2.h
[1.800s] -- Up-to-date symlink: /root/tiago_public_ws/install/play_motion2_msgs/include/play_motion2_msgs/play_motion2_msgs/msg/detail/motion__functions.h
[1.800s] -- Up-to-date symlink: /root/tiago_public_ws/install/play_motion2_msgs/include/play_motion2_msgs/play_motion2_msgs/msg/detail/motion__struct.h
[1.800s] -- Up-to-date symlink: /root/tiago_public_ws/install/play_motion2_msgs/include/play_motion2_msgs/play_motion2_msgs/msg/detail/motion__type_support.h
[1.800s] -- Up-to-date symlink: /root/tiago_public_ws/install/play_motion2_msgs/include/play_motion2_msgs/play_motion2_msgs/msg/motion.h
[1.802s] -- Up-to-date symlink: /root/tiago_public_ws/install/play_motion2_msgs/include/play_motion2_msgs/play_motion2_msgs/msg/rosidl_generator_c__visibility_control.h
[1.803s] -- Up-to-date symlink: /root/tiago_public_ws/install/play_motion2_msgs/include/play_motion2_msgs/play_motion2_msgs/srv/add_motion.h
[1.805s] -- Up-to-date symlink: /root/tiago_public_ws/install/play_motion2_msgs/include/play_motion2_msgs/play_motion2_msgs/srv/detail/add_motion__functions.h
[1.805s] -- Up-to-date symlink: /root/tiago_public_ws/install/play_motion2_msgs/include/play_motion2_msgs/play_motion2_msgs/srv/detail/add_motion__struct.h
[1.805s] -- Up-to-date symlink: /root/tiago_public_ws/install/play_motion2_msgs/include/play_motion2_msgs/play_motion2_msgs/srv/detail/add_motion__type_support.h
[1.806s] -- Up-to-date symlink: /root/tiago_public_ws/install/play_motion2_msgs/include/play_motion2_msgs/play_motion2_msgs/srv/detail/get_motion_info__functions.h
[1.807s] -- Up-to-date symlink: /root/tiago_public_ws/install/play_motion2_msgs/include/play_motion2_msgs/play_motion2_msgs/srv/detail/get_motion_info__struct.h
[1.807s] -- Up-to-date symlink: /root/tiago_public_ws/install/play_motion2_msgs/include/play_motion2_msgs/play_motion2_msgs/srv/detail/get_motion_info__type_support.h
[1.811s] -- Up-to-date symlink: /root/tiago_public_ws/install/play_motion2_msgs/include/play_motion2_msgs/play_motion2_msgs/srv/detail/is_motion_ready__functions.h
[1.817s] -- Up-to-date symlink: /root/tiago_public_ws/install/play_motion2_msgs/include/play_motion2_msgs/play_motion2_msgs/srv/detail/is_motion_ready__struct.h
[1.818s] -- Up-to-date symlink: /root/tiago_public_ws/install/play_motion2_msgs/include/play_motion2_msgs/play_motion2_msgs/srv/detail/is_motion_ready__type_support.h
[1.818s] -- Up-to-date symlink: /root/tiago_public_ws/install/play_motion2_msgs/include/play_motion2_msgs/play_motion2_msgs/srv/detail/list_motions__functions.h
[1.818s] -- Up-to-date symlink: /root/tiago_public_ws/install/play_motion2_msgs/include/play_motion2_msgs/play_motion2_msgs/srv/detail/list_motions__struct.h
[1.823s] -- Up-to-date symlink: /root/tiago_public_ws/install/play_motion2_msgs/include/play_motion2_msgs/play_motion2_msgs/srv/detail/list_motions__type_support.h
[1.823s] -- Up-to-date symlink: /root/tiago_public_ws/install/play_motion2_msgs/include/play_motion2_msgs/play_motion2_msgs/srv/detail/remove_motion__functions.h
[1.824s] -- Up-to-date symlink: /root/tiago_public_ws/install/play_motion2_msgs/include/play_motion2_msgs/play_motion2_msgs/srv/detail/remove_motion__struct.h
[1.824s] -- Up-to-date symlink: /root/tiago_public_ws/install/play_motion2_msgs/include/play_motion2_msgs/play_motion2_msgs/srv/detail/remove_motion__type_support.h
[1.824s] -- Up-to-date symlink: /root/tiago_public_ws/install/play_motion2_msgs/include/play_motion2_msgs/play_motion2_msgs/srv/get_motion_info.h
[1.824s] -- Up-to-date symlink: /root/tiago_public_ws/install/play_motion2_msgs/include/play_motion2_msgs/play_motion2_msgs/srv/is_motion_ready.h
[1.824s] -- Up-to-date symlink: /root/tiago_public_ws/install/play_motion2_msgs/include/play_motion2_msgs/play_motion2_msgs/srv/list_motions.h
[1.824s] -- Up-to-date symlink: /root/tiago_public_ws/install/play_motion2_msgs/include/play_motion2_msgs/play_motion2_msgs/srv/remove_motion.h
[1.824s] -- Up-to-date symlink: /root/tiago_public_ws/install/play_motion2_msgs/share/play_motion2_msgs/environment/library_path.sh
[1.825s] -- Up-to-date symlink: /root/tiago_public_ws/install/play_motion2_msgs/share/play_motion2_msgs/environment/library_path.dsv
[1.836s] -- Up-to-date symlink: /root/tiago_public_ws/install/play_motion2_msgs/include/play_motion2_msgs/play_motion2_msgs/action/detail/play_motion2__rosidl_typesupport_fastrtps_c.h
[1.836s] -- Up-to-date symlink: /root/tiago_public_ws/install/play_motion2_msgs/include/play_motion2_msgs/play_motion2_msgs/msg/detail/motion__rosidl_typesupport_fastrtps_c.h
[1.836s] -- Up-to-date symlink: /root/tiago_public_ws/install/play_motion2_msgs/include/play_motion2_msgs/play_motion2_msgs/msg/rosidl_typesupport_fastrtps_c__visibility_control.h
[1.846s] -- Up-to-date symlink: /root/tiago_public_ws/install/play_motion2_msgs/include/play_motion2_msgs/play_motion2_msgs/srv/detail/add_motion__rosidl_typesupport_fastrtps_c.h
[1.846s] -- Up-to-date symlink: /root/tiago_public_ws/install/play_motion2_msgs/include/play_motion2_msgs/play_motion2_msgs/srv/detail/get_motion_info__rosidl_typesupport_fastrtps_c.h
[1.850s] -- Up-to-date symlink: /root/tiago_public_ws/install/play_motion2_msgs/include/play_motion2_msgs/play_motion2_msgs/srv/detail/is_motion_ready__rosidl_typesupport_fastrtps_c.h
[1.850s] -- Up-to-date symlink: /root/tiago_public_ws/install/play_motion2_msgs/include/play_motion2_msgs/play_motion2_msgs/srv/detail/list_motions__rosidl_typesupport_fastrtps_c.h
[1.850s] -- Up-to-date symlink: /root/tiago_public_ws/install/play_motion2_msgs/include/play_motion2_msgs/play_motion2_msgs/srv/detail/remove_motion__rosidl_typesupport_fastrtps_c.h
[1.851s] -- Up-to-date symlink: /root/tiago_public_ws/install/play_motion2_msgs/include/play_motion2_msgs/play_motion2_msgs/action/detail/play_motion2__builder.hpp
[1.851s] -- Up-to-date symlink: /root/tiago_public_ws/install/play_motion2_msgs/include/play_motion2_msgs/play_motion2_msgs/action/detail/play_motion2__struct.hpp
[1.851s] -- Up-to-date symlink: /root/tiago_public_ws/install/play_motion2_msgs/include/play_motion2_msgs/play_motion2_msgs/action/detail/play_motion2__traits.hpp
[1.852s] -- Up-to-date symlink: /root/tiago_public_ws/install/play_motion2_msgs/include/play_motion2_msgs/play_motion2_msgs/action/play_motion2.hpp
[1.852s] -- Up-to-date symlink: /root/tiago_public_ws/install/play_motion2_msgs/include/play_motion2_msgs/play_motion2_msgs/msg/detail/motion__builder.hpp
[1.852s] -- Up-to-date symlink: /root/tiago_public_ws/install/play_motion2_msgs/include/play_motion2_msgs/play_motion2_msgs/msg/detail/motion__struct.hpp
[1.852s] -- Up-to-date symlink: /root/tiago_public_ws/install/play_motion2_msgs/include/play_motion2_msgs/play_motion2_msgs/msg/detail/motion__traits.hpp
[1.853s] -- Up-to-date symlink: /root/tiago_public_ws/install/play_motion2_msgs/include/play_motion2_msgs/play_motion2_msgs/msg/motion.hpp
[1.853s] -- Up-to-date symlink: /root/tiago_public_ws/install/play_motion2_msgs/include/play_motion2_msgs/play_motion2_msgs/srv/add_motion.hpp
[1.853s] -- Up-to-date symlink: /root/tiago_public_ws/install/play_motion2_msgs/include/play_motion2_msgs/play_motion2_msgs/srv/detail/add_motion__builder.hpp
[1.854s] -- Up-to-date symlink: /root/tiago_public_ws/install/play_motion2_msgs/include/play_motion2_msgs/play_motion2_msgs/srv/detail/add_motion__struct.hpp
[1.854s] -- Up-to-date symlink: /root/tiago_public_ws/install/play_motion2_msgs/include/play_motion2_msgs/play_motion2_msgs/srv/detail/add_motion__traits.hpp
[1.855s] -- Up-to-date symlink: /root/tiago_public_ws/install/play_motion2_msgs/include/play_motion2_msgs/play_motion2_msgs/srv/detail/get_motion_info__builder.hpp
[1.871s] -- Up-to-date symlink: /root/tiago_public_ws/install/play_motion2_msgs/include/play_motion2_msgs/play_motion2_msgs/srv/detail/get_motion_info__struct.hpp
[1.872s] -- Up-to-date symlink: /root/tiago_public_ws/install/play_motion2_msgs/include/play_motion2_msgs/play_motion2_msgs/srv/detail/get_motion_info__traits.hpp
[1.872s] -- Up-to-date symlink: /root/tiago_public_ws/install/play_motion2_msgs/include/play_motion2_msgs/play_motion2_msgs/srv/detail/is_motion_ready__builder.hpp
[1.875s] -- Up-to-date symlink: /root/tiago_public_ws/install/play_motion2_msgs/include/play_motion2_msgs/play_motion2_msgs/srv/detail/is_motion_ready__struct.hpp
[1.876s] -- Up-to-date symlink: /root/tiago_public_ws/install/play_motion2_msgs/include/play_motion2_msgs/play_motion2_msgs/srv/detail/is_motion_ready__traits.hpp
[1.877s] -- Up-to-date symlink: /root/tiago_public_ws/install/play_motion2_msgs/include/play_motion2_msgs/play_motion2_msgs/srv/detail/list_motions__builder.hpp
[1.877s] -- Up-to-date symlink: /root/tiago_public_ws/install/play_motion2_msgs/include/play_motion2_msgs/play_motion2_msgs/srv/detail/list_motions__struct.hpp
[1.877s] -- Up-to-date symlink: /root/tiago_public_ws/install/play_motion2_msgs/include/play_motion2_msgs/play_motion2_msgs/srv/detail/list_motions__traits.hpp
[1.883s] -- Up-to-date symlink: /root/tiago_public_ws/install/play_motion2_msgs/include/play_motion2_msgs/play_motion2_msgs/srv/detail/remove_motion__builder.hpp
[1.886s] -- Up-to-date symlink: /root/tiago_public_ws/install/play_motion2_msgs/include/play_motion2_msgs/play_motion2_msgs/srv/detail/remove_motion__struct.hpp
[1.888s] -- Up-to-date symlink: /root/tiago_public_ws/install/play_motion2_msgs/include/play_motion2_msgs/play_motion2_msgs/srv/detail/remove_motion__traits.hpp
[1.891s] -- Up-to-date symlink: /root/tiago_public_ws/install/play_motion2_msgs/include/play_motion2_msgs/play_motion2_msgs/srv/get_motion_info.hpp
[1.892s] -- Up-to-date symlink: /root/tiago_public_ws/install/play_motion2_msgs/include/play_motion2_msgs/play_motion2_msgs/srv/is_motion_ready.hpp
[1.892s] -- Up-to-date symlink: /root/tiago_public_ws/install/play_motion2_msgs/include/play_motion2_msgs/play_motion2_msgs/srv/list_motions.hpp
[1.893s] -- Up-to-date symlink: /root/tiago_public_ws/install/play_motion2_msgs/include/play_motion2_msgs/play_motion2_msgs/srv/remove_motion.hpp
[1.895s] -- Up-to-date symlink: /root/tiago_public_ws/install/play_motion2_msgs/include/play_motion2_msgs/play_motion2_msgs/action/detail/play_motion2__rosidl_typesupport_fastrtps_cpp.hpp
[1.899s] -- Up-to-date symlink: /root/tiago_public_ws/install/play_motion2_msgs/include/play_motion2_msgs/play_motion2_msgs/msg/detail/motion__rosidl_typesupport_fastrtps_cpp.hpp
[1.900s] -- Up-to-date symlink: /root/tiago_public_ws/install/play_motion2_msgs/include/play_motion2_msgs/play_motion2_msgs/msg/rosidl_typesupport_fastrtps_cpp__visibility_control.h
[1.903s] -- Up-to-date symlink: /root/tiago_public_ws/install/play_motion2_msgs/include/play_motion2_msgs/play_motion2_msgs/srv/detail/add_motion__rosidl_typesupport_fastrtps_cpp.hpp
[1.912s] -- Up-to-date symlink: /root/tiago_public_ws/install/play_motion2_msgs/include/play_motion2_msgs/play_motion2_msgs/srv/detail/get_motion_info__rosidl_typesupport_fastrtps_cpp.hpp
[1.914s] -- Up-to-date symlink: /root/tiago_public_ws/install/play_motion2_msgs/include/play_motion2_msgs/play_motion2_msgs/srv/detail/is_motion_ready__rosidl_typesupport_fastrtps_cpp.hpp
[1.915s] -- Up-to-date symlink: /root/tiago_public_ws/install/play_motion2_msgs/include/play_motion2_msgs/play_motion2_msgs/srv/detail/list_motions__rosidl_typesupport_fastrtps_cpp.hpp
[1.915s] -- Up-to-date symlink: /root/tiago_public_ws/install/play_motion2_msgs/include/play_motion2_msgs/play_motion2_msgs/srv/detail/remove_motion__rosidl_typesupport_fastrtps_cpp.hpp
[1.915s] -- Up-to-date symlink: /root/tiago_public_ws/install/play_motion2_msgs/include/play_motion2_msgs/play_motion2_msgs/action/detail/play_motion2__rosidl_typesupport_introspection_c.h
[1.915s] -- Up-to-date symlink: /root/tiago_public_ws/install/play_motion2_msgs/include/play_motion2_msgs/play_motion2_msgs/msg/detail/motion__rosidl_typesupport_introspection_c.h
[1.915s] -- Up-to-date symlink: /root/tiago_public_ws/install/play_motion2_msgs/include/play_motion2_msgs/play_motion2_msgs/msg/rosidl_typesupport_introspection_c__visibility_control.h
[1.915s] -- Up-to-date symlink: /root/tiago_public_ws/install/play_motion2_msgs/include/play_motion2_msgs/play_motion2_msgs/srv/detail/add_motion__rosidl_typesupport_introspection_c.h
[1.916s] -- Up-to-date symlink: /root/tiago_public_ws/install/play_motion2_msgs/include/play_motion2_msgs/play_motion2_msgs/srv/detail/get_motion_info__rosidl_typesupport_introspection_c.h
[1.916s] -- Up-to-date symlink: /root/tiago_public_ws/install/play_motion2_msgs/include/play_motion2_msgs/play_motion2_msgs/srv/detail/is_motion_ready__rosidl_typesupport_introspection_c.h
[1.916s] -- Up-to-date symlink: /root/tiago_public_ws/install/play_motion2_msgs/include/play_motion2_msgs/play_motion2_msgs/srv/detail/list_motions__rosidl_typesupport_introspection_c.h
[1.916s] -- Up-to-date symlink: /root/tiago_public_ws/install/play_motion2_msgs/include/play_motion2_msgs/play_motion2_msgs/srv/detail/remove_motion__rosidl_typesupport_introspection_c.h
[1.920s] -- Up-to-date symlink: /root/tiago_public_ws/install/play_motion2_msgs/include/play_motion2_msgs/play_motion2_msgs/action/detail/play_motion2__rosidl_typesupport_introspection_cpp.hpp
[1.920s] -- Up-to-date symlink: /root/tiago_public_ws/install/play_motion2_msgs/include/play_motion2_msgs/play_motion2_msgs/msg/detail/motion__rosidl_typesupport_introspection_cpp.hpp
[1.920s] -- Up-to-date symlink: /root/tiago_public_ws/install/play_motion2_msgs/include/play_motion2_msgs/play_motion2_msgs/srv/detail/add_motion__rosidl_typesupport_introspection_cpp.hpp
[1.926s] -- Up-to-date symlink: /root/tiago_public_ws/install/play_motion2_msgs/include/play_motion2_msgs/play_motion2_msgs/srv/detail/get_motion_info__rosidl_typesupport_introspection_cpp.hpp
[1.927s] -- Up-to-date symlink: /root/tiago_public_ws/install/play_motion2_msgs/include/play_motion2_msgs/play_motion2_msgs/srv/detail/is_motion_ready__rosidl_typesupport_introspection_cpp.hpp
[1.935s] -- Up-to-date symlink: /root/tiago_public_ws/install/play_motion2_msgs/include/play_motion2_msgs/play_motion2_msgs/srv/detail/list_motions__rosidl_typesupport_introspection_cpp.hpp
[1.935s] -- Up-to-date symlink: /root/tiago_public_ws/install/play_motion2_msgs/include/play_motion2_msgs/play_motion2_msgs/srv/detail/remove_motion__rosidl_typesupport_introspection_cpp.hpp
[1.936s] -- Up-to-date symlink: /root/tiago_public_ws/install/play_motion2_msgs/share/play_motion2_msgs/environment/pythonpath.sh
[1.936s] -- Up-to-date symlink: /root/tiago_public_ws/install/play_motion2_msgs/share/play_motion2_msgs/environment/pythonpath.dsv
[1.936s] -- Up-to-date symlink: /root/tiago_public_ws/install/play_motion2_msgs/local/lib/python3.10/dist-packages/play_motion2_msgs-1.3.0-py3.10.egg-info/PKG-INFO
[1.937s] -- Up-to-date symlink: /root/tiago_public_ws/install/play_motion2_msgs/local/lib/python3.10/dist-packages/play_motion2_msgs-1.3.0-py3.10.egg-info/SOURCES.txt
[1.938s] -- Up-to-date symlink: /root/tiago_public_ws/install/play_motion2_msgs/local/lib/python3.10/dist-packages/play_motion2_msgs-1.3.0-py3.10.egg-info/dependency_links.txt
[1.938s] -- Up-to-date symlink: /root/tiago_public_ws/install/play_motion2_msgs/local/lib/python3.10/dist-packages/play_motion2_msgs-1.3.0-py3.10.egg-info/top_level.txt
[1.940s] -- Up-to-date symlink: /root/tiago_public_ws/install/play_motion2_msgs/local/lib/python3.10/dist-packages/play_motion2_msgs/__init__.py
[1.940s] -- Up-to-date symlink: /root/tiago_public_ws/install/play_motion2_msgs/local/lib/python3.10/dist-packages/play_motion2_msgs/_play_motion2_msgs_s.ep.rosidl_typesupport_c.c
[1.940s] -- Up-to-date symlink: /root/tiago_public_ws/install/play_motion2_msgs/local/lib/python3.10/dist-packages/play_motion2_msgs/_play_motion2_msgs_s.ep.rosidl_typesupport_fastrtps_c.c
[1.940s] -- Up-to-date symlink: /root/tiago_public_ws/install/play_motion2_msgs/local/lib/python3.10/dist-packages/play_motion2_msgs/_play_motion2_msgs_s.ep.rosidl_typesupport_introspection_c.c
[1.943s] -- Up-to-date symlink: /root/tiago_public_ws/install/play_motion2_msgs/local/lib/python3.10/dist-packages/play_motion2_msgs/action/__init__.py
[1.943s] -- Up-to-date symlink: /root/tiago_public_ws/install/play_motion2_msgs/local/lib/python3.10/dist-packages/play_motion2_msgs/action/_play_motion2.py
[1.943s] -- Up-to-date symlink: /root/tiago_public_ws/install/play_motion2_msgs/local/lib/python3.10/dist-packages/play_motion2_msgs/action/_play_motion2_s.c
[1.943s] -- Up-to-date symlink: /root/tiago_public_ws/install/play_motion2_msgs/local/lib/python3.10/dist-packages/play_motion2_msgs/libplay_motion2_msgs__rosidl_generator_py.so
[1.943s] -- Up-to-date symlink: /root/tiago_public_ws/install/play_motion2_msgs/local/lib/python3.10/dist-packages/play_motion2_msgs/msg/__init__.py
[1.944s] -- Up-to-date symlink: /root/tiago_public_ws/install/play_motion2_msgs/local/lib/python3.10/dist-packages/play_motion2_msgs/msg/_motion.py
[1.944s] -- Up-to-date symlink: /root/tiago_public_ws/install/play_motion2_msgs/local/lib/python3.10/dist-packages/play_motion2_msgs/msg/_motion_s.c
[1.946s] -- Up-to-date symlink: /root/tiago_public_ws/install/play_motion2_msgs/local/lib/python3.10/dist-packages/play_motion2_msgs/play_motion2_msgs_s__rosidl_typesupport_c.cpython-310-x86_64-linux-gnu.so
[1.946s] -- Up-to-date symlink: /root/tiago_public_ws/install/play_motion2_msgs/local/lib/python3.10/dist-packages/play_motion2_msgs/play_motion2_msgs_s__rosidl_typesupport_fastrtps_c.cpython-310-x86_64-linux-gnu.so
[1.946s] -- Up-to-date symlink: /root/tiago_public_ws/install/play_motion2_msgs/local/lib/python3.10/dist-packages/play_motion2_msgs/play_motion2_msgs_s__rosidl_typesupport_introspection_c.cpython-310-x86_64-linux-gnu.so
[1.948s] -- Up-to-date symlink: /root/tiago_public_ws/install/play_motion2_msgs/local/lib/python3.10/dist-packages/play_motion2_msgs/srv/__init__.py
[1.948s] -- Up-to-date symlink: /root/tiago_public_ws/install/play_motion2_msgs/local/lib/python3.10/dist-packages/play_motion2_msgs/srv/_add_motion.py
[1.948s] -- Up-to-date symlink: /root/tiago_public_ws/install/play_motion2_msgs/local/lib/python3.10/dist-packages/play_motion2_msgs/srv/_add_motion_s.c
[1.949s] -- Up-to-date symlink: /root/tiago_public_ws/install/play_motion2_msgs/local/lib/python3.10/dist-packages/play_motion2_msgs/srv/_get_motion_info.py
[1.949s] -- Up-to-date symlink: /root/tiago_public_ws/install/play_motion2_msgs/local/lib/python3.10/dist-packages/play_motion2_msgs/srv/_get_motion_info_s.c
[1.949s] -- Up-to-date symlink: /root/tiago_public_ws/install/play_motion2_msgs/local/lib/python3.10/dist-packages/play_motion2_msgs/srv/_is_motion_ready.py
[1.949s] -- Up-to-date symlink: /root/tiago_public_ws/install/play_motion2_msgs/local/lib/python3.10/dist-packages/play_motion2_msgs/srv/_is_motion_ready_s.c
[1.949s] -- Up-to-date symlink: /root/tiago_public_ws/install/play_motion2_msgs/local/lib/python3.10/dist-packages/play_motion2_msgs/srv/_list_motions.py
[1.949s] -- Up-to-date symlink: /root/tiago_public_ws/install/play_motion2_msgs/local/lib/python3.10/dist-packages/play_motion2_msgs/srv/_list_motions_s.c
[1.954s] -- Up-to-date symlink: /root/tiago_public_ws/install/play_motion2_msgs/local/lib/python3.10/dist-packages/play_motion2_msgs/srv/_remove_motion.py
[1.956s] -- Up-to-date symlink: /root/tiago_public_ws/install/play_motion2_msgs/local/lib/python3.10/dist-packages/play_motion2_msgs/srv/_remove_motion_s.c
[1.957s] -- Up-to-date symlink: /root/tiago_public_ws/install/play_motion2_msgs/local/lib/python3.10/dist-packages/play_motion2_msgs/play_motion2_msgs_s__rosidl_typesupport_fastrtps_c.cpython-310-x86_64-linux-gnu.so
[1.958s] -- Up-to-date symlink: /root/tiago_public_ws/install/play_motion2_msgs/local/lib/python3.10/dist-packages/play_motion2_msgs/play_motion2_msgs_s__rosidl_typesupport_introspection_c.cpython-310-x86_64-linux-gnu.so
[1.960s] -- Up-to-date symlink: /root/tiago_public_ws/install/play_motion2_msgs/local/lib/python3.10/dist-packages/play_motion2_msgs/play_motion2_msgs_s__rosidl_typesupport_c.cpython-310-x86_64-linux-gnu.so
[1.960s] -- Up-to-date symlink: /root/tiago_public_ws/install/play_motion2_msgs/share/play_motion2_msgs/action/PlayMotion2.idl
[1.966s] -- Up-to-date symlink: /root/tiago_public_ws/install/play_motion2_msgs/share/play_motion2_msgs/msg/Motion.idl
[1.966s] -- Up-to-date symlink: /root/tiago_public_ws/install/play_motion2_msgs/share/play_motion2_msgs/srv/AddMotion.idl
[1.966s] -- Up-to-date symlink: /root/tiago_public_ws/install/play_motion2_msgs/share/play_motion2_msgs/srv/GetMotionInfo.idl
[1.967s] -- Up-to-date symlink: /root/tiago_public_ws/install/play_motion2_msgs/share/play_motion2_msgs/srv/IsMotionReady.idl
[1.970s] -- Up-to-date symlink: /root/tiago_public_ws/install/play_motion2_msgs/share/play_motion2_msgs/srv/ListMotions.idl
[1.973s] -- Up-to-date symlink: /root/tiago_public_ws/install/play_motion2_msgs/share/play_motion2_msgs/srv/RemoveMotion.idl
[1.978s] -- Up-to-date symlink: /root/tiago_public_ws/install/play_motion2_msgs/share/play_motion2_msgs/action/PlayMotion2.action
[1.978s] -- Up-to-date symlink: /root/tiago_public_ws/install/play_motion2_msgs/share/play_motion2_msgs/msg/Motion.msg
[1.981s] -- Up-to-date symlink: /root/tiago_public_ws/install/play_motion2_msgs/share/play_motion2_msgs/srv/AddMotion.srv
[1.981s] -- Up-to-date symlink: /root/tiago_public_ws/install/play_motion2_msgs/share/play_motion2_msgs/srv/AddMotion_Request.msg
[1.982s] -- Up-to-date symlink: /root/tiago_public_ws/install/play_motion2_msgs/share/play_motion2_msgs/srv/AddMotion_Response.msg
[1.982s] -- Up-to-date symlink: /root/tiago_public_ws/install/play_motion2_msgs/share/play_motion2_msgs/srv/GetMotionInfo.srv
[1.985s] -- Up-to-date symlink: /root/tiago_public_ws/install/play_motion2_msgs/share/play_motion2_msgs/srv/GetMotionInfo_Request.msg
[1.985s] -- Up-to-date symlink: /root/tiago_public_ws/install/play_motion2_msgs/share/play_motion2_msgs/srv/GetMotionInfo_Response.msg
[1.993s] -- Up-to-date symlink: /root/tiago_public_ws/install/play_motion2_msgs/share/play_motion2_msgs/srv/IsMotionReady.srv
[1.993s] -- Up-to-date symlink: /root/tiago_public_ws/install/play_motion2_msgs/share/play_motion2_msgs/srv/IsMotionReady_Request.msg
[1.993s] -- Up-to-date symlink: /root/tiago_public_ws/install/play_motion2_msgs/share/play_motion2_msgs/srv/IsMotionReady_Response.msg
[1.993s] -- Up-to-date symlink: /root/tiago_public_ws/install/play_motion2_msgs/share/play_motion2_msgs/srv/ListMotions.srv
[1.994s] -- Up-to-date symlink: /root/tiago_public_ws/install/play_motion2_msgs/share/play_motion2_msgs/srv/ListMotions_Request.msg
[1.994s] -- Up-to-date symlink: /root/tiago_public_ws/install/play_motion2_msgs/share/play_motion2_msgs/srv/ListMotions_Response.msg
[1.995s] -- Up-to-date symlink: /root/tiago_public_ws/install/play_motion2_msgs/share/play_motion2_msgs/srv/RemoveMotion.srv
[1.996s] -- Up-to-date symlink: /root/tiago_public_ws/install/play_motion2_msgs/share/play_motion2_msgs/srv/RemoveMotion_Request.msg
[1.996s] -- Up-to-date symlink: /root/tiago_public_ws/install/play_motion2_msgs/share/play_motion2_msgs/srv/RemoveMotion_Response.msg
[1.996s] -- Up-to-date symlink: /root/tiago_public_ws/install/play_motion2_msgs/share/ament_index/resource_index/package_run_dependencies/play_motion2_msgs
[1.997s] -- Up-to-date symlink: /root/tiago_public_ws/install/play_motion2_msgs/share/ament_index/resource_index/parent_prefix_path/play_motion2_msgs
[1.998s] -- Up-to-date symlink: /root/tiago_public_ws/install/play_motion2_msgs/share/play_motion2_msgs/environment/ament_prefix_path.sh
[1.998s] -- Up-to-date symlink: /root/tiago_public_ws/install/play_motion2_msgs/share/play_motion2_msgs/environment/ament_prefix_path.dsv
[1.998s] -- Up-to-date symlink: /root/tiago_public_ws/install/play_motion2_msgs/share/play_motion2_msgs/environment/path.sh
[1.998s] -- Up-to-date symlink: /root/tiago_public_ws/install/play_motion2_msgs/share/play_motion2_msgs/environment/path.dsv
[1.999s] -- Up-to-date symlink: /root/tiago_public_ws/install/play_motion2_msgs/share/play_motion2_msgs/local_setup.bash
[2.001s] -- Up-to-date symlink: /root/tiago_public_ws/install/play_motion2_msgs/share/play_motion2_msgs/local_setup.sh
[2.004s] -- Up-to-date symlink: /root/tiago_public_ws/install/play_motion2_msgs/share/play_motion2_msgs/local_setup.zsh
[2.005s] -- Up-to-date symlink: /root/tiago_public_ws/install/play_motion2_msgs/share/play_motion2_msgs/local_setup.dsv
[2.005s] -- Symlinking: /root/tiago_public_ws/install/play_motion2_msgs/share/play_motion2_msgs/package.dsv
[2.014s] -- Up-to-date symlink: /root/tiago_public_ws/install/play_motion2_msgs/share/ament_index/resource_index/packages/play_motion2_msgs
[2.014s] -- Up-to-date symlink: /root/tiago_public_ws/install/play_motion2_msgs/share/play_motion2_msgs/cmake/rosidl_cmake-extras.cmake
[2.014s] -- Up-to-date symlink: /root/tiago_public_ws/install/play_motion2_msgs/share/play_motion2_msgs/cmake/ament_cmake_export_dependencies-extras.cmake
[2.018s] -- Up-to-date symlink: /root/tiago_public_ws/install/play_motion2_msgs/share/play_motion2_msgs/cmake/ament_cmake_export_include_directories-extras.cmake
[2.018s] -- Up-to-date symlink: /root/tiago_public_ws/install/play_motion2_msgs/share/play_motion2_msgs/cmake/ament_cmake_export_libraries-extras.cmake
[2.019s] -- Up-to-date symlink: /root/tiago_public_ws/install/play_motion2_msgs/share/play_motion2_msgs/cmake/ament_cmake_export_targets-extras.cmake
[2.019s] -- Up-to-date symlink: /root/tiago_public_ws/install/play_motion2_msgs/share/play_motion2_msgs/cmake/rosidl_cmake_export_typesupport_targets-extras.cmake
[2.020s] -- Up-to-date symlink: /root/tiago_public_ws/install/play_motion2_msgs/share/play_motion2_msgs/cmake/rosidl_cmake_export_typesupport_libraries-extras.cmake
[2.020s] -- Up-to-date symlink: /root/tiago_public_ws/install/play_motion2_msgs/share/play_motion2_msgs/cmake/play_motion2_msgsConfig.cmake
[2.021s] -- Up-to-date symlink: /root/tiago_public_ws/install/play_motion2_msgs/share/play_motion2_msgs/cmake/play_motion2_msgsConfig-version.cmake
[2.021s] -- Up-to-date symlink: /root/tiago_public_ws/install/play_motion2_msgs/share/play_motion2_msgs/package.xml
[2.021s] -- Up-to-date: /root/tiago_public_ws/install/play_motion2_msgs/lib/libplay_motion2_msgs__rosidl_generator_c.so
[2.021s] -- Up-to-date: /root/tiago_public_ws/install/play_motion2_msgs/lib/libplay_motion2_msgs__rosidl_typesupport_fastrtps_c.so
[2.021s] -- Up-to-date: /root/tiago_public_ws/install/play_motion2_msgs/lib/libplay_motion2_msgs__rosidl_typesupport_fastrtps_cpp.so
[2.021s] -- Up-to-date: /root/tiago_public_ws/install/play_motion2_msgs/lib/libplay_motion2_msgs__rosidl_typesupport_introspection_c.so
[2.022s] -- Up-to-date: /root/tiago_public_ws/install/play_motion2_msgs/lib/libplay_motion2_msgs__rosidl_typesupport_c.so
[2.022s] -- Up-to-date: /root/tiago_public_ws/install/play_motion2_msgs/lib/libplay_motion2_msgs__rosidl_typesupport_introspection_cpp.so
[2.023s] -- Up-to-date: /root/tiago_public_ws/install/play_motion2_msgs/lib/libplay_motion2_msgs__rosidl_typesupport_cpp.so
[2.077s] Listing '/root/tiago_public_ws/install/play_motion2_msgs/local/lib/python3.10/dist-packages/play_motion2_msgs'...
[2.077s] Listing '/root/tiago_public_ws/install/play_motion2_msgs/local/lib/python3.10/dist-packages/play_motion2_msgs/action'...
[2.077s] Listing '/root/tiago_public_ws/install/play_motion2_msgs/local/lib/python3.10/dist-packages/play_motion2_msgs/msg'...
[2.077s] Listing '/root/tiago_public_ws/install/play_motion2_msgs/local/lib/python3.10/dist-packages/play_motion2_msgs/srv'...
[2.078s] -- Up-to-date: /root/tiago_public_ws/install/play_motion2_msgs/lib/libplay_motion2_msgs__rosidl_generator_py.so
[2.079s] -- Up-to-date: /root/tiago_public_ws/install/play_motion2_msgs/share/play_motion2_msgs/cmake/export_play_motion2_msgs__rosidl_generator_cExport.cmake
[2.079s] -- Up-to-date: /root/tiago_public_ws/install/play_motion2_msgs/share/play_motion2_msgs/cmake/export_play_motion2_msgs__rosidl_generator_cExport-noconfig.cmake
[2.081s] -- Up-to-date: /root/tiago_public_ws/install/play_motion2_msgs/share/play_motion2_msgs/cmake/export_play_motion2_msgs__rosidl_typesupport_fastrtps_cExport.cmake
[2.081s] -- Up-to-date: /root/tiago_public_ws/install/play_motion2_msgs/share/play_motion2_msgs/cmake/export_play_motion2_msgs__rosidl_typesupport_fastrtps_cExport-noconfig.cmake
[2.093s] -- Up-to-date: /root/tiago_public_ws/install/play_motion2_msgs/share/play_motion2_msgs/cmake/export_play_motion2_msgs__rosidl_generator_cppExport.cmake
[2.093s] -- Up-to-date: /root/tiago_public_ws/install/play_motion2_msgs/share/play_motion2_msgs/cmake/export_play_motion2_msgs__rosidl_typesupport_fastrtps_cppExport.cmake
[2.093s] -- Up-to-date: /root/tiago_public_ws/install/play_motion2_msgs/share/play_motion2_msgs/cmake/export_play_motion2_msgs__rosidl_typesupport_fastrtps_cppExport-noconfig.cmake
[2.093s] -- Up-to-date: /root/tiago_public_ws/install/play_motion2_msgs/share/play_motion2_msgs/cmake/play_motion2_msgs__rosidl_typesupport_introspection_cExport.cmake
[2.093s] -- Up-to-date: /root/tiago_public_ws/install/play_motion2_msgs/share/play_motion2_msgs/cmake/play_motion2_msgs__rosidl_typesupport_introspection_cExport-noconfig.cmake
[2.094s] -- Up-to-date: /root/tiago_public_ws/install/play_motion2_msgs/share/play_motion2_msgs/cmake/play_motion2_msgs__rosidl_typesupport_cExport.cmake
[2.094s] -- Up-to-date: /root/tiago_public_ws/install/play_motion2_msgs/share/play_motion2_msgs/cmake/play_motion2_msgs__rosidl_typesupport_cExport-noconfig.cmake
[2.095s] -- Up-to-date: /root/tiago_public_ws/install/play_motion2_msgs/share/play_motion2_msgs/cmake/play_motion2_msgs__rosidl_typesupport_introspection_cppExport.cmake
[2.095s] -- Up-to-date: /root/tiago_public_ws/install/play_motion2_msgs/share/play_motion2_msgs/cmake/play_motion2_msgs__rosidl_typesupport_introspection_cppExport-noconfig.cmake
[2.095s] -- Up-to-date: /root/tiago_public_ws/install/play_motion2_msgs/share/play_motion2_msgs/cmake/play_motion2_msgs__rosidl_typesupport_cppExport.cmake
[2.095s] -- Up-to-date: /root/tiago_public_ws/install/play_motion2_msgs/share/play_motion2_msgs/cmake/play_motion2_msgs__rosidl_typesupport_cppExport-noconfig.cmake
[2.095s] -- Up-to-date: /root/tiago_public_ws/install/play_motion2_msgs/share/play_motion2_msgs/cmake/export_play_motion2_msgs__rosidl_generator_pyExport.cmake
[2.095s] -- Up-to-date: /root/tiago_public_ws/install/play_motion2_msgs/share/play_motion2_msgs/cmake/export_play_motion2_msgs__rosidl_generator_pyExport-noconfig.cmake
[2.127s] Invoked command in '/root/tiago_public_ws/build/play_motion2_msgs' returned '0': CMAKE_PREFIX_PATH=${CMAKE_PREFIX_PATH}:/root/tiago_public_ws/install/launch_pal:/opt/ros/humble /usr/bin/cmake --install /root/tiago_public_ws/build/play_motion2_msgs
