[1.504s] Invoking command in '/root/tiago_public_ws/build/pal_hey5_controller_configuration': CMAKE_PREFIX_PATH=${CMAKE_PREFIX_PATH}:/root/tiago_public_ws/install/launch_pal:/opt/ros/humble /usr/bin/cmake --build /root/tiago_public_ws/build/pal_hey5_controller_configuration -- -j8 -l8
[1.834s] Invoked command in '/root/tiago_public_ws/build/pal_hey5_controller_configuration' returned '0': CMAKE_PREFIX_PATH=${CMAKE_PREFIX_PATH}:/root/tiago_public_ws/install/launch_pal:/opt/ros/humble /usr/bin/cmake --build /root/tiago_public_ws/build/pal_hey5_controller_configuration -- -j8 -l8
[2.040s] Invoking command in '/root/tiago_public_ws/build/pal_hey5_controller_configuration': CMAKE_PREFIX_PATH=${CMAKE_PREFIX_PATH}:/root/tiago_public_ws/install/launch_pal:/opt/ros/humble /usr/bin/cmake --install /root/tiago_public_ws/build/pal_hey5_controller_configuration
[2.092s] -- Install configuration: ""
[2.092s] -- Execute custom install script
[2.092s] -- Up-to-date symlink: /root/tiago_public_ws/install/pal_hey5_controller_configuration/share/pal_hey5_controller_configuration/config/pal_hey5_controller.yaml
[2.092s] -- Up-to-date symlink: /root/tiago_public_ws/install/pal_hey5_controller_configuration/share/pal_hey5_controller_configuration/launch/pal_hey5_controller.launch.py
[2.093s] -- Up-to-date symlink: /root/tiago_public_ws/install/pal_hey5_controller_configuration/share/ament_index/resource_index/package_run_dependencies/pal_hey5_controller_configuration
[2.093s] -- Up-to-date symlink: /root/tiago_public_ws/install/pal_hey5_controller_configuration/share/ament_index/resource_index/parent_prefix_path/pal_hey5_controller_configuration
[2.185s] -- Up-to-date symlink: /root/tiago_public_ws/install/pal_hey5_controller_configuration/share/pal_hey5_controller_configuration/environment/ament_prefix_path.sh
[2.185s] -- Up-to-date symlink: /root/tiago_public_ws/install/pal_hey5_controller_configuration/share/pal_hey5_controller_configuration/environment/ament_prefix_path.dsv
[2.185s] -- Up-to-date symlink: /root/tiago_public_ws/install/pal_hey5_controller_configuration/share/pal_hey5_controller_configuration/environment/path.sh
[2.185s] -- Up-to-date symlink: /root/tiago_public_ws/install/pal_hey5_controller_configuration/share/pal_hey5_controller_configuration/environment/path.dsv
[2.186s] -- Up-to-date symlink: /root/tiago_public_ws/install/pal_hey5_controller_configuration/share/pal_hey5_controller_configuration/local_setup.bash
[2.186s] -- Up-to-date symlink: /root/tiago_public_ws/install/pal_hey5_controller_configuration/share/pal_hey5_controller_configuration/local_setup.sh
[2.186s] -- Up-to-date symlink: /root/tiago_public_ws/install/pal_hey5_controller_configuration/share/pal_hey5_controller_configuration/local_setup.zsh
[2.190s] -- Up-to-date symlink: /root/tiago_public_ws/install/pal_hey5_controller_configuration/share/pal_hey5_controller_configuration/local_setup.dsv
[2.190s] -- Symlinking: /root/tiago_public_ws/install/pal_hey5_controller_configuration/share/pal_hey5_controller_configuration/package.dsv
[2.202s] -- Up-to-date symlink: /root/tiago_public_ws/install/pal_hey5_controller_configuration/share/ament_index/resource_index/packages/pal_hey5_controller_configuration
[2.202s] -- Up-to-date symlink: /root/tiago_public_ws/install/pal_hey5_controller_configuration/share/pal_hey5_controller_configuration/cmake/pal_hey5_controller_configurationConfig.cmake
[2.202s] -- Up-to-date symlink: /root/tiago_public_ws/install/pal_hey5_controller_configuration/share/pal_hey5_controller_configuration/cmake/pal_hey5_controller_configurationConfig-version.cmake
[2.205s] -- Up-to-date symlink: /root/tiago_public_ws/install/pal_hey5_controller_configuration/share/pal_hey5_controller_configuration/package.xml
[2.387s] Invoked command in '/root/tiago_public_ws/build/pal_hey5_controller_configuration' returned '0': CMAKE_PREFIX_PATH=${CMAKE_PREFIX_PATH}:/root/tiago_public_ws/install/launch_pal:/opt/ros/humble /usr/bin/cmake --install /root/tiago_public_ws/build/pal_hey5_controller_configuration
