[0.290s] Invoking command in '/root/tiago_public_ws/build/pmb2_navigation': AMENT_PREFIX_PATH=/root/tiago_public_ws/install/pmb2_2dnav:/root/tiago_public_ws/install/pmb2_laser_sensors:/root/tiago_public_ws/install/launch_pal:${AMENT_PREFIX_PATH} CMAKE_PREFIX_PATH=/root/tiago_public_ws/install/pmb2_2dnav:/root/tiago_public_ws/install/pmb2_laser_sensors:/opt/ros/humble PYTHONPATH=/root/tiago_public_ws/build/launch_pal:/root/tiago_public_ws/install/launch_pal/lib/python3.10/site-packages:${PYTHONPATH} /usr/bin/cmake /root/tiago_public_ws/src/pmb2_navigation/pmb2_navigation -DAMENT_CMAKE_SYMLINK_INSTALL=1 -DCMAKE_INSTALL_PREFIX=/root/tiago_public_ws/install/pmb2_navigation
[0.653s] -- The C compiler identification is GNU 11.4.0
[1.308s] -- The CXX compiler identification is GNU 11.4.0
[1.734s] -- Detecting C compiler ABI info
[2.143s] -- Detecting C compiler ABI info - done
[2.149s] -- Check for working C compiler: /usr/bin/cc - skipped
[2.154s] -- Detecting C compile features
[2.163s] -- Detecting C compile features - done
[2.167s] -- Detecting CXX compiler ABI info
[2.588s] -- Detecting CXX compiler ABI info - done
[2.599s] -- Check for working CXX compiler: /usr/bin/c++ - skipped
[2.600s] -- Detecting CXX compile features
[2.600s] -- Detecting CXX compile features - done
[2.605s] -- Found ament_cmake_auto: 1.3.10 (/opt/ros/humble/share/ament_cmake_auto/cmake)
[2.928s] -- Found Python3: /usr/bin/python3 (found version "3.10.12") found components: Interpreter 
[3.023s] -- Override CMake install command with custom implementation using symlinks instead of copying resources
[3.140s] -- Configuring done
[3.143s] -- Generating done
[3.144s] -- Build files have been written to: /root/tiago_public_ws/build/pmb2_navigation
[3.148s] Invoked command in '/root/tiago_public_ws/build/pmb2_navigation' returned '0': AMENT_PREFIX_PATH=/root/tiago_public_ws/install/pmb2_2dnav:/root/tiago_public_ws/install/pmb2_laser_sensors:/root/tiago_public_ws/install/launch_pal:${AMENT_PREFIX_PATH} CMAKE_PREFIX_PATH=/root/tiago_public_ws/install/pmb2_2dnav:/root/tiago_public_ws/install/pmb2_laser_sensors:/opt/ros/humble PYTHONPATH=/root/tiago_public_ws/build/launch_pal:/root/tiago_public_ws/install/launch_pal/lib/python3.10/site-packages:${PYTHONPATH} /usr/bin/cmake /root/tiago_public_ws/src/pmb2_navigation/pmb2_navigation -DAMENT_CMAKE_SYMLINK_INSTALL=1 -DCMAKE_INSTALL_PREFIX=/root/tiago_public_ws/install/pmb2_navigation
[3.150s] Invoking command in '/root/tiago_public_ws/build/pmb2_navigation': AMENT_PREFIX_PATH=/root/tiago_public_ws/install/pmb2_2dnav:/root/tiago_public_ws/install/pmb2_laser_sensors:/root/tiago_public_ws/install/launch_pal:${AMENT_PREFIX_PATH} CMAKE_PREFIX_PATH=/root/tiago_public_ws/install/pmb2_2dnav:/root/tiago_public_ws/install/pmb2_laser_sensors:/opt/ros/humble PYTHONPATH=/root/tiago_public_ws/build/launch_pal:/root/tiago_public_ws/install/launch_pal/lib/python3.10/site-packages:${PYTHONPATH} /usr/bin/cmake --build /root/tiago_public_ws/build/pmb2_navigation -- -j8 -l8
[3.203s] Invoked command in '/root/tiago_public_ws/build/pmb2_navigation' returned '0': AMENT_PREFIX_PATH=/root/tiago_public_ws/install/pmb2_2dnav:/root/tiago_public_ws/install/pmb2_laser_sensors:/root/tiago_public_ws/install/launch_pal:${AMENT_PREFIX_PATH} CMAKE_PREFIX_PATH=/root/tiago_public_ws/install/pmb2_2dnav:/root/tiago_public_ws/install/pmb2_laser_sensors:/opt/ros/humble PYTHONPATH=/root/tiago_public_ws/build/launch_pal:/root/tiago_public_ws/install/launch_pal/lib/python3.10/site-packages:${PYTHONPATH} /usr/bin/cmake --build /root/tiago_public_ws/build/pmb2_navigation -- -j8 -l8
[3.226s] Invoking command in '/root/tiago_public_ws/build/pmb2_navigation': AMENT_PREFIX_PATH=/root/tiago_public_ws/install/pmb2_2dnav:/root/tiago_public_ws/install/pmb2_laser_sensors:/root/tiago_public_ws/install/launch_pal:${AMENT_PREFIX_PATH} CMAKE_PREFIX_PATH=/root/tiago_public_ws/install/pmb2_2dnav:/root/tiago_public_ws/install/pmb2_laser_sensors:/opt/ros/humble PYTHONPATH=/root/tiago_public_ws/build/launch_pal:/root/tiago_public_ws/install/launch_pal/lib/python3.10/site-packages:${PYTHONPATH} /usr/bin/cmake --install /root/tiago_public_ws/build/pmb2_navigation
[3.273s] -- Install configuration: ""
[3.274s] -- Execute custom install script
[3.275s] -- Symlinking: /root/tiago_public_ws/install/pmb2_navigation/share/ament_index/resource_index/package_run_dependencies/pmb2_navigation
[3.275s] -- Symlinking: /root/tiago_public_ws/install/pmb2_navigation/share/ament_index/resource_index/parent_prefix_path/pmb2_navigation
[3.276s] -- Symlinking: /root/tiago_public_ws/install/pmb2_navigation/share/pmb2_navigation/environment/ament_prefix_path.sh
[3.276s] -- Symlinking: /root/tiago_public_ws/install/pmb2_navigation/share/pmb2_navigation/environment/ament_prefix_path.dsv
[3.276s] -- Symlinking: /root/tiago_public_ws/install/pmb2_navigation/share/pmb2_navigation/environment/path.sh
[3.277s] -- Symlinking: /root/tiago_public_ws/install/pmb2_navigation/share/pmb2_navigation/environment/path.dsv
[3.286s] -- Symlinking: /root/tiago_public_ws/install/pmb2_navigation/share/pmb2_navigation/local_setup.bash
[3.296s] -- Symlinking: /root/tiago_public_ws/install/pmb2_navigation/share/pmb2_navigation/local_setup.sh
[3.304s] -- Symlinking: /root/tiago_public_ws/install/pmb2_navigation/share/pmb2_navigation/local_setup.zsh
[3.312s] -- Symlinking: /root/tiago_public_ws/install/pmb2_navigation/share/pmb2_navigation/local_setup.dsv
[3.321s] -- Symlinking: /root/tiago_public_ws/install/pmb2_navigation/share/pmb2_navigation/package.dsv
[3.329s] -- Symlinking: /root/tiago_public_ws/install/pmb2_navigation/share/ament_index/resource_index/packages/pmb2_navigation
[3.338s] -- Symlinking: /root/tiago_public_ws/install/pmb2_navigation/share/pmb2_navigation/cmake/pmb2_navigationConfig.cmake
[3.345s] -- Symlinking: /root/tiago_public_ws/install/pmb2_navigation/share/pmb2_navigation/cmake/pmb2_navigationConfig-version.cmake
[3.356s] -- Symlinking: /root/tiago_public_ws/install/pmb2_navigation/share/pmb2_navigation/package.xml
[3.374s] Invoked command in '/root/tiago_public_ws/build/pmb2_navigation' returned '0': AMENT_PREFIX_PATH=/root/tiago_public_ws/install/pmb2_2dnav:/root/tiago_public_ws/install/pmb2_laser_sensors:/root/tiago_public_ws/install/launch_pal:${AMENT_PREFIX_PATH} CMAKE_PREFIX_PATH=/root/tiago_public_ws/install/pmb2_2dnav:/root/tiago_public_ws/install/pmb2_laser_sensors:/opt/ros/humble PYTHONPATH=/root/tiago_public_ws/build/launch_pal:/root/tiago_public_ws/install/launch_pal/lib/python3.10/site-packages:${PYTHONPATH} /usr/bin/cmake --install /root/tiago_public_ws/build/pmb2_navigation
