[0.587s] Invoking command in '/root/tiago_public_ws/build/pmb2_robot': AMENT_PREFIX_PATH=/root/tiago_public_ws/install/pmb2_bringup:/root/tiago_public_ws/install/pmb2_description:/root/tiago_public_ws/install/pmb2_controller_configuration:/root/tiago_public_ws/install/urdf_test:/root/tiago_public_ws/install/pal_urdf_utils:/root/tiago_public_ws/install/launch_pal:${AMENT_PREFIX_PATH} CMAKE_PREFIX_PATH=/root/tiago_public_ws/install/pmb2_bringup:/root/tiago_public_ws/install/pmb2_description:/root/tiago_public_ws/install/pmb2_controller_configuration:/root/tiago_public_ws/install/urdf_test:/root/tiago_public_ws/install/pal_urdf_utils:/opt/ros/humble PYTHONPATH=/root/tiago_public_ws/install/pmb2_description/local/lib/python3.10/dist-packages:/root/tiago_public_ws/install/urdf_test/local/lib/python3.10/dist-packages:/root/tiago_public_ws/build/launch_pal:/root/tiago_public_ws/install/launch_pal/lib/python3.10/site-packages:${PYTHONPATH} /usr/bin/cmake --build /root/tiago_public_ws/build/pmb2_robot -- -j8 -l8
[0.764s] Invoked command in '/root/tiago_public_ws/build/pmb2_robot' returned '0': AMENT_PREFIX_PATH=/root/tiago_public_ws/install/pmb2_bringup:/root/tiago_public_ws/install/pmb2_description:/root/tiago_public_ws/install/pmb2_controller_configuration:/root/tiago_public_ws/install/urdf_test:/root/tiago_public_ws/install/pal_urdf_utils:/root/tiago_public_ws/install/launch_pal:${AMENT_PREFIX_PATH} CMAKE_PREFIX_PATH=/root/tiago_public_ws/install/pmb2_bringup:/root/tiago_public_ws/install/pmb2_description:/root/tiago_public_ws/install/pmb2_controller_configuration:/root/tiago_public_ws/install/urdf_test:/root/tiago_public_ws/install/pal_urdf_utils:/opt/ros/humble PYTHONPATH=/root/tiago_public_ws/install/pmb2_description/local/lib/python3.10/dist-packages:/root/tiago_public_ws/install/urdf_test/local/lib/python3.10/dist-packages:/root/tiago_public_ws/build/launch_pal:/root/tiago_public_ws/install/launch_pal/lib/python3.10/site-packages:${PYTHONPATH} /usr/bin/cmake --build /root/tiago_public_ws/build/pmb2_robot -- -j8 -l8
[0.997s] Invoking command in '/root/tiago_public_ws/build/pmb2_robot': AMENT_PREFIX_PATH=/root/tiago_public_ws/install/pmb2_bringup:/root/tiago_public_ws/install/pmb2_description:/root/tiago_public_ws/install/pmb2_controller_configuration:/root/tiago_public_ws/install/urdf_test:/root/tiago_public_ws/install/pal_urdf_utils:/root/tiago_public_ws/install/launch_pal:${AMENT_PREFIX_PATH} CMAKE_PREFIX_PATH=/root/tiago_public_ws/install/pmb2_bringup:/root/tiago_public_ws/install/pmb2_description:/root/tiago_public_ws/install/pmb2_controller_configuration:/root/tiago_public_ws/install/urdf_test:/root/tiago_public_ws/install/pal_urdf_utils:/opt/ros/humble PYTHONPATH=/root/tiago_public_ws/install/pmb2_description/local/lib/python3.10/dist-packages:/root/tiago_public_ws/install/urdf_test/local/lib/python3.10/dist-packages:/root/tiago_public_ws/build/launch_pal:/root/tiago_public_ws/install/launch_pal/lib/python3.10/site-packages:${PYTHONPATH} /usr/bin/cmake --install /root/tiago_public_ws/build/pmb2_robot
[1.027s] -- Install configuration: ""
[1.029s] -- Execute custom install script
[1.030s] -- Up-to-date symlink: /root/tiago_public_ws/install/pmb2_robot/share/ament_index/resource_index/package_run_dependencies/pmb2_robot
[1.032s] -- Up-to-date symlink: /root/tiago_public_ws/install/pmb2_robot/share/ament_index/resource_index/parent_prefix_path/pmb2_robot
[1.033s] -- Up-to-date symlink: /root/tiago_public_ws/install/pmb2_robot/share/pmb2_robot/environment/ament_prefix_path.sh
[1.033s] -- Up-to-date symlink: /root/tiago_public_ws/install/pmb2_robot/share/pmb2_robot/environment/ament_prefix_path.dsv
[1.034s] -- Up-to-date symlink: /root/tiago_public_ws/install/pmb2_robot/share/pmb2_robot/environment/path.sh
[1.034s] -- Up-to-date symlink: /root/tiago_public_ws/install/pmb2_robot/share/pmb2_robot/environment/path.dsv
[1.035s] -- Up-to-date symlink: /root/tiago_public_ws/install/pmb2_robot/share/pmb2_robot/local_setup.bash
[1.036s] -- Up-to-date symlink: /root/tiago_public_ws/install/pmb2_robot/share/pmb2_robot/local_setup.sh
[1.037s] -- Up-to-date symlink: /root/tiago_public_ws/install/pmb2_robot/share/pmb2_robot/local_setup.zsh
[1.037s] -- Up-to-date symlink: /root/tiago_public_ws/install/pmb2_robot/share/pmb2_robot/local_setup.dsv
[1.037s] -- Symlinking: /root/tiago_public_ws/install/pmb2_robot/share/pmb2_robot/package.dsv
[1.064s] -- Up-to-date symlink: /root/tiago_public_ws/install/pmb2_robot/share/ament_index/resource_index/packages/pmb2_robot
[1.065s] -- Up-to-date symlink: /root/tiago_public_ws/install/pmb2_robot/share/pmb2_robot/cmake/pmb2_robotConfig.cmake
[1.065s] -- Up-to-date symlink: /root/tiago_public_ws/install/pmb2_robot/share/pmb2_robot/cmake/pmb2_robotConfig-version.cmake
[1.066s] -- Up-to-date symlink: /root/tiago_public_ws/install/pmb2_robot/share/pmb2_robot/package.xml
[1.077s] Invoked command in '/root/tiago_public_ws/build/pmb2_robot' returned '0': AMENT_PREFIX_PATH=/root/tiago_public_ws/install/pmb2_bringup:/root/tiago_public_ws/install/pmb2_description:/root/tiago_public_ws/install/pmb2_controller_configuration:/root/tiago_public_ws/install/urdf_test:/root/tiago_public_ws/install/pal_urdf_utils:/root/tiago_public_ws/install/launch_pal:${AMENT_PREFIX_PATH} CMAKE_PREFIX_PATH=/root/tiago_public_ws/install/pmb2_bringup:/root/tiago_public_ws/install/pmb2_description:/root/tiago_public_ws/install/pmb2_controller_configuration:/root/tiago_public_ws/install/urdf_test:/root/tiago_public_ws/install/pal_urdf_utils:/opt/ros/humble PYTHONPATH=/root/tiago_public_ws/install/pmb2_description/local/lib/python3.10/dist-packages:/root/tiago_public_ws/install/urdf_test/local/lib/python3.10/dist-packages:/root/tiago_public_ws/build/launch_pal:/root/tiago_public_ws/install/launch_pal/lib/python3.10/site-packages:${PYTHONPATH} /usr/bin/cmake --install /root/tiago_public_ws/build/pmb2_robot
