[0.152s] Invoking command in '/root/tiago_public_ws/build/pmb2_controller_configuration': AMENT_PREFIX_PATH=/root/tiago_public_ws/install/launch_pal:${AMENT_PREFIX_PATH} CMAKE_PREFIX_PATH=/opt/ros/humble PYTHONPATH=/root/tiago_public_ws/build/launch_pal:/root/tiago_public_ws/install/launch_pal/lib/python3.10/site-packages:${PYTHONPATH} /usr/bin/cmake --build /root/tiago_public_ws/build/pmb2_controller_configuration -- -j8 -l8
[0.195s] Invoked command in '/root/tiago_public_ws/build/pmb2_controller_configuration' returned '0': AMENT_PREFIX_PATH=/root/tiago_public_ws/install/launch_pal:${AMENT_PREFIX_PATH} CMAKE_PREFIX_PATH=/opt/ros/humble PYTHONPATH=/root/tiago_public_ws/build/launch_pal:/root/tiago_public_ws/install/launch_pal/lib/python3.10/site-packages:${PYTHONPATH} /usr/bin/cmake --build /root/tiago_public_ws/build/pmb2_controller_configuration -- -j8 -l8
[0.239s] Invoking command in '/root/tiago_public_ws/build/pmb2_controller_configuration': AMENT_PREFIX_PATH=/root/tiago_public_ws/install/launch_pal:${AMENT_PREFIX_PATH} CMAKE_PREFIX_PATH=/opt/ros/humble PYTHONPATH=/root/tiago_public_ws/build/launch_pal:/root/tiago_public_ws/install/launch_pal/lib/python3.10/site-packages:${PYTHONPATH} /usr/bin/cmake --install /root/tiago_public_ws/build/pmb2_controller_configuration
[0.248s] -- Install configuration: ""
[0.250s] -- Execute custom install script
[0.252s] -- Up-to-date symlink: /root/tiago_public_ws/install/pmb2_controller_configuration/share/pmb2_controller_configuration/config/imu_sensor_broadcaster.yaml
[0.253s] -- Up-to-date symlink: /root/tiago_public_ws/install/pmb2_controller_configuration/share/pmb2_controller_configuration/config/joint_state_broadcaster.yaml
[0.253s] -- Up-to-date symlink: /root/tiago_public_ws/install/pmb2_controller_configuration/share/pmb2_controller_configuration/config/mobile_base_controller.yaml
[0.254s] -- Up-to-date symlink: /root/tiago_public_ws/install/pmb2_controller_configuration/share/pmb2_controller_configuration/config/mobile_base_controller_public_sim.yaml
[0.254s] -- Up-to-date symlink: /root/tiago_public_ws/install/pmb2_controller_configuration/share/pmb2_controller_configuration/launch/default_controllers.launch.py
[0.255s] -- Up-to-date symlink: /root/tiago_public_ws/install/pmb2_controller_configuration/share/pmb2_controller_configuration/launch/mobile_base_controller.launch.py
[0.255s] -- Up-to-date symlink: /root/tiago_public_ws/install/pmb2_controller_configuration/share/ament_index/resource_index/package_run_dependencies/pmb2_controller_configuration
[0.257s] -- Up-to-date symlink: /root/tiago_public_ws/install/pmb2_controller_configuration/share/ament_index/resource_index/parent_prefix_path/pmb2_controller_configuration
[0.258s] -- Up-to-date symlink: /root/tiago_public_ws/install/pmb2_controller_configuration/share/pmb2_controller_configuration/environment/ament_prefix_path.sh
[0.259s] -- Up-to-date symlink: /root/tiago_public_ws/install/pmb2_controller_configuration/share/pmb2_controller_configuration/environment/ament_prefix_path.dsv
[0.260s] -- Up-to-date symlink: /root/tiago_public_ws/install/pmb2_controller_configuration/share/pmb2_controller_configuration/environment/path.sh
[0.260s] -- Up-to-date symlink: /root/tiago_public_ws/install/pmb2_controller_configuration/share/pmb2_controller_configuration/environment/path.dsv
[0.261s] -- Up-to-date symlink: /root/tiago_public_ws/install/pmb2_controller_configuration/share/pmb2_controller_configuration/local_setup.bash
[0.261s] -- Up-to-date symlink: /root/tiago_public_ws/install/pmb2_controller_configuration/share/pmb2_controller_configuration/local_setup.sh
[0.262s] -- Up-to-date symlink: /root/tiago_public_ws/install/pmb2_controller_configuration/share/pmb2_controller_configuration/local_setup.zsh
[0.262s] -- Up-to-date symlink: /root/tiago_public_ws/install/pmb2_controller_configuration/share/pmb2_controller_configuration/local_setup.dsv
[0.263s] -- Symlinking: /root/tiago_public_ws/install/pmb2_controller_configuration/share/pmb2_controller_configuration/package.dsv
[0.281s] -- Up-to-date symlink: /root/tiago_public_ws/install/pmb2_controller_configuration/share/ament_index/resource_index/packages/pmb2_controller_configuration
[0.282s] -- Up-to-date symlink: /root/tiago_public_ws/install/pmb2_controller_configuration/share/pmb2_controller_configuration/cmake/pmb2_controller_configurationConfig.cmake
[0.283s] -- Up-to-date symlink: /root/tiago_public_ws/install/pmb2_controller_configuration/share/pmb2_controller_configuration/cmake/pmb2_controller_configurationConfig-version.cmake
[0.284s] -- Up-to-date symlink: /root/tiago_public_ws/install/pmb2_controller_configuration/share/pmb2_controller_configuration/package.xml
[0.291s] Invoked command in '/root/tiago_public_ws/build/pmb2_controller_configuration' returned '0': AMENT_PREFIX_PATH=/root/tiago_public_ws/install/launch_pal:${AMENT_PREFIX_PATH} CMAKE_PREFIX_PATH=/opt/ros/humble PYTHONPATH=/root/tiago_public_ws/build/launch_pal:/root/tiago_public_ws/install/launch_pal/lib/python3.10/site-packages:${PYTHONPATH} /usr/bin/cmake --install /root/tiago_public_ws/build/pmb2_controller_configuration
