[6.300s] Invoking command in '/root/tiago_public_ws/src/launch_pal': PYTHONPATH=/root/tiago_public_ws/build/launch_pal/prefix_override:/usr/lib/python3/dist-packages/colcon_core/task/python/colcon_distutils_commands:/root/tiago_public_ws/install/launch_pal/lib/python3.10/site-packages:${PYTHONPATH} /usr/bin/python3 -W ignore:setup.py install is deprecated setup.py egg_info --egg-base ../../build/launch_pal build --build-base /root/tiago_public_ws/build/launch_pal/build install --record /root/tiago_public_ws/build/launch_pal/install.log --single-version-externally-managed install_data
[8.169s] running egg_info
[8.169s] writing ../../build/launch_pal/launch_pal.egg-info/PKG-INFO
[8.206s] writing dependency_links to ../../build/launch_pal/launch_pal.egg-info/dependency_links.txt
[8.206s] writing entry points to ../../build/launch_pal/launch_pal.egg-info/entry_points.txt
[8.206s] writing requirements to ../../build/launch_pal/launch_pal.egg-info/requires.txt
[8.206s] writing top-level names to ../../build/launch_pal/launch_pal.egg-info/top_level.txt
[8.229s] reading manifest file '../../build/launch_pal/launch_pal.egg-info/SOURCES.txt'
[8.236s] adding license file 'LICENSE'
[8.247s] writing manifest file '../../build/launch_pal/launch_pal.egg-info/SOURCES.txt'
[8.247s] running build
[8.247s] running build_py
[8.257s] running install
[8.257s] running install_lib
[8.273s] running install_data
[8.273s] running install_egg_info
[8.285s] removing '/root/tiago_public_ws/install/launch_pal/lib/python3.10/site-packages/launch_pal-0.1.15-py3.10.egg-info' (and everything under it)
[8.285s] Copying ../../build/launch_pal/launch_pal.egg-info to /root/tiago_public_ws/install/launch_pal/lib/python3.10/site-packages/launch_pal-0.1.15-py3.10.egg-info
[8.286s] running install_scripts
[8.440s] writing list of installed files to '/root/tiago_public_ws/build/launch_pal/install.log'
[8.918s] Invoked command in '/root/tiago_public_ws/src/launch_pal' returned '0': PYTHONPATH=/root/tiago_public_ws/build/launch_pal/prefix_override:/usr/lib/python3/dist-packages/colcon_core/task/python/colcon_distutils_commands:/root/tiago_public_ws/install/launch_pal/lib/python3.10/site-packages:${PYTHONPATH} /usr/bin/python3 -W ignore:setup.py install is deprecated setup.py egg_info --egg-base ../../build/launch_pal build --build-base /root/tiago_public_ws/build/launch_pal/build install --record /root/tiago_public_ws/build/launch_pal/install.log --single-version-externally-managed install_data
