[2.930s] Invoking command in '/root/tiago_public_ws/build/tiago_gazebo': AMENT_PREFIX_PATH=/root/tiago_public_ws/install/launch_pal:/root/tiago_public_ws/install/urdf_test:/root/tiago_public_ws/install/tiago_simulation:/root/tiago_public_ws/install/tiago_robot:/root/tiago_public_ws/install/tiago_navigation:/root/tiago_public_ws/install/tiago_gazebo:/root/tiago_public_ws/install/tiago_moveit_config:/root/tiago_public_ws/install/tiago_2dnav:/root/tiago_public_ws/install/tiago_laser_sensors:/root/tiago_public_ws/install/tiago_bringup:/root/tiago_public_ws/install/tiago_description:/root/tiago_public_ws/install/tiago_controller_configuration:/root/tiago_public_ws/install/pmb2_robot:/root/tiago_public_ws/install/pmb2_navigation:/root/tiago_public_ws/install/pmb2_2dnav:/root/tiago_public_ws/install/pmb2_laser_sensors:/root/tiago_public_ws/install/pmb2_bringup:/root/tiago_public_ws/install/pmb2_description:/root/tiago_public_ws/install/pmb2_controller_configuration:/root/tiago_public_ws/install/play_motion2:/root/tiago_public_ws/install/play_motion2_msgs:/root/tiago_public_ws/install/plansys2_simple_example:/root/tiago_public_ws/install/plansys2_patrol_navigation_example:/root/tiago_public_ws/install/plansys2_multidomain_example:/root/tiago_public_ws/install/plansys2_cascade_example:/root/tiago_public_ws/install/plansys2_bt_example:/root/tiago_public_ws/install/pal_hey5:/root/tiago_public_ws/install/pal_hey5_description:/root/tiago_public_ws/install/pal_gripper_simulation:/root/tiago_public_ws/install/pal_gripper:/root/tiago_public_ws/install/pal_gripper_description:/root/tiago_public_ws/install/pal_urdf_utils:/root/tiago_public_ws/install/pal_robotiq_gripper:/root/tiago_public_ws/install/pal_robotiq_description:/root/tiago_public_ws/install/pal_robotiq_controller_configuration:/root/tiago_public_ws/install/pal_navigation_cfg:/root/tiago_public_ws/install/pal_navigation_cfg_bringup:/root/tiago_public_ws/install/pal_navigation_cfg_params:/root/tiago_public_ws/install/pal_hey5_controller_configuration:/root/tiago_public_ws/install/pal_gripper_controller_configuration:/root/tiago_public_ws/install/pal_gazebo_worlds:/opt/ros/humble CMAKE_PREFIX_PATH=/root/tiago_public_ws/install/tiago_moveit_config:/root/tiago_public_ws/install/tiago_bringup:/root/tiago_public_ws/install/tiago_2dnav:/root/tiago_public_ws/install/tiago_description:/root/tiago_public_ws/install/tiago_controller_configuration:/root/tiago_public_ws/install/pmb2_description:/root/tiago_public_ws/install/pmb2_controller_configuration:/root/tiago_public_ws/install/play_motion2:/root/tiago_public_ws/install/pal_hey5_description:/root/tiago_public_ws/install/pal_gripper_description:/root/tiago_public_ws/install/urdf_test:/root/tiago_public_ws/install/tiago_laser_sensors:/root/tiago_public_ws/install/play_motion2_msgs:/root/tiago_public_ws/install/pal_urdf_utils:/root/tiago_public_ws/install/pal_robotiq_description:/root/tiago_public_ws/install/pal_robotiq_controller_configuration:/root/tiago_public_ws/install/pal_hey5_controller_configuration:/root/tiago_public_ws/install/pal_gripper_controller_configuration:/root/tiago_public_ws/install/pal_gazebo_worlds:/root/tiago_public_ws/install/tiago_simulation:/root/tiago_public_ws/install/tiago_robot:/root/tiago_public_ws/install/tiago_navigation:/root/tiago_public_ws/install/tiago_gazebo:/root/tiago_public_ws/install/pmb2_robot:/root/tiago_public_ws/install/pmb2_navigation:/root/tiago_public_ws/install/pmb2_2dnav:/root/tiago_public_ws/install/pmb2_laser_sensors:/root/tiago_public_ws/install/pmb2_bringup:/root/tiago_public_ws/install/plansys2_simple_example:/root/tiago_public_ws/install/plansys2_patrol_navigation_example:/root/tiago_public_ws/install/plansys2_multidomain_example:/root/tiago_public_ws/install/plansys2_cascade_example:/root/tiago_public_ws/install/plansys2_bt_example:/root/tiago_public_ws/install/pal_hey5:/root/tiago_public_ws/install/pal_gripper_simulation:/root/tiago_public_ws/install/pal_gripper:/root/tiago_public_ws/install/pal_robotiq_gripper:/root/tiago_public_ws/install/pal_navigation_cfg:/root/tiago_public_ws/install/pal_navigation_cfg_bringup:/root/tiago_public_ws/install/pal_navigation_cfg_params:/root/tiago_public_ws/install/launch_pal:/opt/ros/humble LD_LIBRARY_PATH=/root/tiago_public_ws/install/play_motion2/lib:/root/tiago_public_ws/install/play_motion2_msgs/lib:/root/tiago_public_ws/install/tiago_gazebo/lib:/root/tiago_public_ws/install/plansys2_bt_example/lib:/usr/lib/x86_64-linux-gnu/gazebo-11/plugins:/opt/ros/humble/opt/rviz_ogre_vendor/lib:/opt/ros/humble/lib/x86_64-linux-gnu:/opt/ros/humble/lib PYTHONPATH=/root/tiago_public_ws/build/launch_pal:/root/tiago_public_ws/install/launch_pal/lib/python3.10/site-packages:/root/tiago_public_ws/install/urdf_test/local/lib/python3.10/dist-packages:/root/tiago_public_ws/install/tiago_gazebo/local/lib/python3.10/dist-packages:/root/tiago_public_ws/install/tiago_description/local/lib/python3.10/dist-packages:/root/tiago_public_ws/install/pmb2_description/local/lib/python3.10/dist-packages:/root/tiago_public_ws/install/play_motion2_msgs/local/lib/python3.10/dist-packages:/opt/ros/humble/lib/python3.10/site-packages:/opt/ros/humble/local/lib/python3.10/dist-packages /usr/bin/cmake --build /root/tiago_public_ws/build/tiago_gazebo -- -j8 -l8
[3.807s] [  2%] Built target tiago_gazebo__cpp
[4.004s] [  8%] Built target gtest
[4.061s] [ 16%] Built target tiago_gazebo__rosidl_typesupport_introspection_cpp
[4.114s] [ 24%] Built target tiago_gazebo__rosidl_typesupport_fastrtps_cpp
[4.365s] [ 32%] Built target tiago_gazebo__rosidl_typesupport_cpp
[4.674s] [ 37%] Built target gtest_main
[4.957s] [ 37%] Built target ament_cmake_python_symlink_tiago_gazebo
[5.188s] [ 43%] Built target tuck_arm_test
[7.923s] running egg_info
[7.944s] writing tiago_gazebo.egg-info/PKG-INFO
[7.952s] writing dependency_links to tiago_gazebo.egg-info/dependency_links.txt
[7.957s] writing top-level names to tiago_gazebo.egg-info/top_level.txt
[7.998s] reading manifest file 'tiago_gazebo.egg-info/SOURCES.txt'
[8.012s] writing manifest file 'tiago_gazebo.egg-info/SOURCES.txt'
[8.251s] [ 43%] Built target ament_cmake_python_build_tiago_gazebo_egg
[8.460s] [ 51%] Built target tiago_gazebo__rosidl_generator_c
[8.710s] [ 59%] Built target tiago_gazebo__rosidl_typesupport_fastrtps_c
[8.935s] [ 67%] Built target tiago_gazebo__rosidl_typesupport_c
[9.048s] [ 75%] Built target tiago_gazebo__rosidl_typesupport_introspection_c
[9.161s] [ 75%] Built target tiago_gazebo
[9.327s] [ 78%] Built target tiago_gazebo__py
[9.533s] [ 83%] Built target tiago_gazebo__rosidl_generator_py
[9.682s] [ 89%] Built target tiago_gazebo__rosidl_typesupport_fastrtps_c__pyext
[9.936s] [ 94%] Built target tiago_gazebo__rosidl_typesupport_c__pyext
[10.128s] [100%] Built target tiago_gazebo__rosidl_typesupport_introspection_c__pyext
[10.174s] Invoked command in '/root/tiago_public_ws/build/tiago_gazebo' returned '0': AMENT_PREFIX_PATH=/root/tiago_public_ws/install/launch_pal:/root/tiago_public_ws/install/urdf_test:/root/tiago_public_ws/install/tiago_simulation:/root/tiago_public_ws/install/tiago_robot:/root/tiago_public_ws/install/tiago_navigation:/root/tiago_public_ws/install/tiago_gazebo:/root/tiago_public_ws/install/tiago_moveit_config:/root/tiago_public_ws/install/tiago_2dnav:/root/tiago_public_ws/install/tiago_laser_sensors:/root/tiago_public_ws/install/tiago_bringup:/root/tiago_public_ws/install/tiago_description:/root/tiago_public_ws/install/tiago_controller_configuration:/root/tiago_public_ws/install/pmb2_robot:/root/tiago_public_ws/install/pmb2_navigation:/root/tiago_public_ws/install/pmb2_2dnav:/root/tiago_public_ws/install/pmb2_laser_sensors:/root/tiago_public_ws/install/pmb2_bringup:/root/tiago_public_ws/install/pmb2_description:/root/tiago_public_ws/install/pmb2_controller_configuration:/root/tiago_public_ws/install/play_motion2:/root/tiago_public_ws/install/play_motion2_msgs:/root/tiago_public_ws/install/plansys2_simple_example:/root/tiago_public_ws/install/plansys2_patrol_navigation_example:/root/tiago_public_ws/install/plansys2_multidomain_example:/root/tiago_public_ws/install/plansys2_cascade_example:/root/tiago_public_ws/install/plansys2_bt_example:/root/tiago_public_ws/install/pal_hey5:/root/tiago_public_ws/install/pal_hey5_description:/root/tiago_public_ws/install/pal_gripper_simulation:/root/tiago_public_ws/install/pal_gripper:/root/tiago_public_ws/install/pal_gripper_description:/root/tiago_public_ws/install/pal_urdf_utils:/root/tiago_public_ws/install/pal_robotiq_gripper:/root/tiago_public_ws/install/pal_robotiq_description:/root/tiago_public_ws/install/pal_robotiq_controller_configuration:/root/tiago_public_ws/install/pal_navigation_cfg:/root/tiago_public_ws/install/pal_navigation_cfg_bringup:/root/tiago_public_ws/install/pal_navigation_cfg_params:/root/tiago_public_ws/install/pal_hey5_controller_configuration:/root/tiago_public_ws/install/pal_gripper_controller_configuration:/root/tiago_public_ws/install/pal_gazebo_worlds:/opt/ros/humble CMAKE_PREFIX_PATH=/root/tiago_public_ws/install/tiago_moveit_config:/root/tiago_public_ws/install/tiago_bringup:/root/tiago_public_ws/install/tiago_2dnav:/root/tiago_public_ws/install/tiago_description:/root/tiago_public_ws/install/tiago_controller_configuration:/root/tiago_public_ws/install/pmb2_description:/root/tiago_public_ws/install/pmb2_controller_configuration:/root/tiago_public_ws/install/play_motion2:/root/tiago_public_ws/install/pal_hey5_description:/root/tiago_public_ws/install/pal_gripper_description:/root/tiago_public_ws/install/urdf_test:/root/tiago_public_ws/install/tiago_laser_sensors:/root/tiago_public_ws/install/play_motion2_msgs:/root/tiago_public_ws/install/pal_urdf_utils:/root/tiago_public_ws/install/pal_robotiq_description:/root/tiago_public_ws/install/pal_robotiq_controller_configuration:/root/tiago_public_ws/install/pal_hey5_controller_configuration:/root/tiago_public_ws/install/pal_gripper_controller_configuration:/root/tiago_public_ws/install/pal_gazebo_worlds:/root/tiago_public_ws/install/tiago_simulation:/root/tiago_public_ws/install/tiago_robot:/root/tiago_public_ws/install/tiago_navigation:/root/tiago_public_ws/install/tiago_gazebo:/root/tiago_public_ws/install/pmb2_robot:/root/tiago_public_ws/install/pmb2_navigation:/root/tiago_public_ws/install/pmb2_2dnav:/root/tiago_public_ws/install/pmb2_laser_sensors:/root/tiago_public_ws/install/pmb2_bringup:/root/tiago_public_ws/install/plansys2_simple_example:/root/tiago_public_ws/install/plansys2_patrol_navigation_example:/root/tiago_public_ws/install/plansys2_multidomain_example:/root/tiago_public_ws/install/plansys2_cascade_example:/root/tiago_public_ws/install/plansys2_bt_example:/root/tiago_public_ws/install/pal_hey5:/root/tiago_public_ws/install/pal_gripper_simulation:/root/tiago_public_ws/install/pal_gripper:/root/tiago_public_ws/install/pal_robotiq_gripper:/root/tiago_public_ws/install/pal_navigation_cfg:/root/tiago_public_ws/install/pal_navigation_cfg_bringup:/root/tiago_public_ws/install/pal_navigation_cfg_params:/root/tiago_public_ws/install/launch_pal:/opt/ros/humble LD_LIBRARY_PATH=/root/tiago_public_ws/install/play_motion2/lib:/root/tiago_public_ws/install/play_motion2_msgs/lib:/root/tiago_public_ws/install/tiago_gazebo/lib:/root/tiago_public_ws/install/plansys2_bt_example/lib:/usr/lib/x86_64-linux-gnu/gazebo-11/plugins:/opt/ros/humble/opt/rviz_ogre_vendor/lib:/opt/ros/humble/lib/x86_64-linux-gnu:/opt/ros/humble/lib PYTHONPATH=/root/tiago_public_ws/build/launch_pal:/root/tiago_public_ws/install/launch_pal/lib/python3.10/site-packages:/root/tiago_public_ws/install/urdf_test/local/lib/python3.10/dist-packages:/root/tiago_public_ws/install/tiago_gazebo/local/lib/python3.10/dist-packages:/root/tiago_public_ws/install/tiago_description/local/lib/python3.10/dist-packages:/root/tiago_public_ws/install/pmb2_description/local/lib/python3.10/dist-packages:/root/tiago_public_ws/install/play_motion2_msgs/local/lib/python3.10/dist-packages:/opt/ros/humble/lib/python3.10/site-packages:/opt/ros/humble/local/lib/python3.10/dist-packages /usr/bin/cmake --build /root/tiago_public_ws/build/tiago_gazebo -- -j8 -l8
[11.086s] Invoking command in '/root/tiago_public_ws/build/tiago_gazebo': AMENT_PREFIX_PATH=/root/tiago_public_ws/install/launch_pal:/root/tiago_public_ws/install/urdf_test:/root/tiago_public_ws/install/tiago_simulation:/root/tiago_public_ws/install/tiago_robot:/root/tiago_public_ws/install/tiago_navigation:/root/tiago_public_ws/install/tiago_gazebo:/root/tiago_public_ws/install/tiago_moveit_config:/root/tiago_public_ws/install/tiago_2dnav:/root/tiago_public_ws/install/tiago_laser_sensors:/root/tiago_public_ws/install/tiago_bringup:/root/tiago_public_ws/install/tiago_description:/root/tiago_public_ws/install/tiago_controller_configuration:/root/tiago_public_ws/install/pmb2_robot:/root/tiago_public_ws/install/pmb2_navigation:/root/tiago_public_ws/install/pmb2_2dnav:/root/tiago_public_ws/install/pmb2_laser_sensors:/root/tiago_public_ws/install/pmb2_bringup:/root/tiago_public_ws/install/pmb2_description:/root/tiago_public_ws/install/pmb2_controller_configuration:/root/tiago_public_ws/install/play_motion2:/root/tiago_public_ws/install/play_motion2_msgs:/root/tiago_public_ws/install/plansys2_simple_example:/root/tiago_public_ws/install/plansys2_patrol_navigation_example:/root/tiago_public_ws/install/plansys2_multidomain_example:/root/tiago_public_ws/install/plansys2_cascade_example:/root/tiago_public_ws/install/plansys2_bt_example:/root/tiago_public_ws/install/pal_hey5:/root/tiago_public_ws/install/pal_hey5_description:/root/tiago_public_ws/install/pal_gripper_simulation:/root/tiago_public_ws/install/pal_gripper:/root/tiago_public_ws/install/pal_gripper_description:/root/tiago_public_ws/install/pal_urdf_utils:/root/tiago_public_ws/install/pal_robotiq_gripper:/root/tiago_public_ws/install/pal_robotiq_description:/root/tiago_public_ws/install/pal_robotiq_controller_configuration:/root/tiago_public_ws/install/pal_navigation_cfg:/root/tiago_public_ws/install/pal_navigation_cfg_bringup:/root/tiago_public_ws/install/pal_navigation_cfg_params:/root/tiago_public_ws/install/pal_hey5_controller_configuration:/root/tiago_public_ws/install/pal_gripper_controller_configuration:/root/tiago_public_ws/install/pal_gazebo_worlds:/opt/ros/humble CMAKE_PREFIX_PATH=/root/tiago_public_ws/install/tiago_moveit_config:/root/tiago_public_ws/install/tiago_bringup:/root/tiago_public_ws/install/tiago_2dnav:/root/tiago_public_ws/install/tiago_description:/root/tiago_public_ws/install/tiago_controller_configuration:/root/tiago_public_ws/install/pmb2_description:/root/tiago_public_ws/install/pmb2_controller_configuration:/root/tiago_public_ws/install/play_motion2:/root/tiago_public_ws/install/pal_hey5_description:/root/tiago_public_ws/install/pal_gripper_description:/root/tiago_public_ws/install/urdf_test:/root/tiago_public_ws/install/tiago_laser_sensors:/root/tiago_public_ws/install/play_motion2_msgs:/root/tiago_public_ws/install/pal_urdf_utils:/root/tiago_public_ws/install/pal_robotiq_description:/root/tiago_public_ws/install/pal_robotiq_controller_configuration:/root/tiago_public_ws/install/pal_hey5_controller_configuration:/root/tiago_public_ws/install/pal_gripper_controller_configuration:/root/tiago_public_ws/install/pal_gazebo_worlds:/root/tiago_public_ws/install/tiago_simulation:/root/tiago_public_ws/install/tiago_robot:/root/tiago_public_ws/install/tiago_navigation:/root/tiago_public_ws/install/tiago_gazebo:/root/tiago_public_ws/install/pmb2_robot:/root/tiago_public_ws/install/pmb2_navigation:/root/tiago_public_ws/install/pmb2_2dnav:/root/tiago_public_ws/install/pmb2_laser_sensors:/root/tiago_public_ws/install/pmb2_bringup:/root/tiago_public_ws/install/plansys2_simple_example:/root/tiago_public_ws/install/plansys2_patrol_navigation_example:/root/tiago_public_ws/install/plansys2_multidomain_example:/root/tiago_public_ws/install/plansys2_cascade_example:/root/tiago_public_ws/install/plansys2_bt_example:/root/tiago_public_ws/install/pal_hey5:/root/tiago_public_ws/install/pal_gripper_simulation:/root/tiago_public_ws/install/pal_gripper:/root/tiago_public_ws/install/pal_robotiq_gripper:/root/tiago_public_ws/install/pal_navigation_cfg:/root/tiago_public_ws/install/pal_navigation_cfg_bringup:/root/tiago_public_ws/install/pal_navigation_cfg_params:/root/tiago_public_ws/install/launch_pal:/opt/ros/humble LD_LIBRARY_PATH=/root/tiago_public_ws/install/play_motion2/lib:/root/tiago_public_ws/install/play_motion2_msgs/lib:/root/tiago_public_ws/install/tiago_gazebo/lib:/root/tiago_public_ws/install/plansys2_bt_example/lib:/usr/lib/x86_64-linux-gnu/gazebo-11/plugins:/opt/ros/humble/opt/rviz_ogre_vendor/lib:/opt/ros/humble/lib/x86_64-linux-gnu:/opt/ros/humble/lib PYTHONPATH=/root/tiago_public_ws/build/launch_pal:/root/tiago_public_ws/install/launch_pal/lib/python3.10/site-packages:/root/tiago_public_ws/install/urdf_test/local/lib/python3.10/dist-packages:/root/tiago_public_ws/install/tiago_gazebo/local/lib/python3.10/dist-packages:/root/tiago_public_ws/install/tiago_description/local/lib/python3.10/dist-packages:/root/tiago_public_ws/install/pmb2_description/local/lib/python3.10/dist-packages:/root/tiago_public_ws/install/play_motion2_msgs/local/lib/python3.10/dist-packages:/opt/ros/humble/lib/python3.10/site-packages:/opt/ros/humble/local/lib/python3.10/dist-packages /usr/bin/cmake --install /root/tiago_public_ws/build/tiago_gazebo
[11.124s] -- Install configuration: ""
[11.128s] -- Execute custom install script
[11.128s] -- Up-to-date symlink: /root/tiago_public_ws/install/tiago_gazebo/share/ament_index/resource_index/rosidl_interfaces/tiago_gazebo
[11.129s] -- Up-to-date symlink: /root/tiago_public_ws/install/tiago_gazebo/include/tiago_gazebo/tiago_gazebo/msg/detail/order__functions.h
[11.130s] -- Up-to-date symlink: /root/tiago_public_ws/install/tiago_gazebo/include/tiago_gazebo/tiago_gazebo/msg/detail/order__struct.h
[11.130s] -- Up-to-date symlink: /root/tiago_public_ws/install/tiago_gazebo/include/tiago_gazebo/tiago_gazebo/msg/detail/order__type_support.h
[11.130s] -- Up-to-date symlink: /root/tiago_public_ws/install/tiago_gazebo/include/tiago_gazebo/tiago_gazebo/msg/order.h
[11.130s] -- Up-to-date symlink: /root/tiago_public_ws/install/tiago_gazebo/include/tiago_gazebo/tiago_gazebo/msg/rosidl_generator_c__visibility_control.h
[11.156s] -- Up-to-date symlink: /root/tiago_public_ws/install/tiago_gazebo/share/tiago_gazebo/environment/library_path.sh
[11.160s] -- Up-to-date symlink: /root/tiago_public_ws/install/tiago_gazebo/share/tiago_gazebo/environment/library_path.dsv
[11.164s] -- Up-to-date symlink: /root/tiago_public_ws/install/tiago_gazebo/include/tiago_gazebo/tiago_gazebo/msg/detail/order__rosidl_typesupport_fastrtps_c.h
[11.165s] -- Up-to-date symlink: /root/tiago_public_ws/install/tiago_gazebo/include/tiago_gazebo/tiago_gazebo/msg/rosidl_typesupport_fastrtps_c__visibility_control.h
[11.168s] -- Up-to-date symlink: /root/tiago_public_ws/install/tiago_gazebo/include/tiago_gazebo/tiago_gazebo/msg/detail/order__rosidl_typesupport_introspection_c.h
[11.168s] -- Up-to-date symlink: /root/tiago_public_ws/install/tiago_gazebo/include/tiago_gazebo/tiago_gazebo/msg/rosidl_typesupport_introspection_c__visibility_control.h
[11.172s] -- Up-to-date symlink: /root/tiago_public_ws/install/tiago_gazebo/include/tiago_gazebo/tiago_gazebo/msg/detail/order__builder.hpp
[11.173s] -- Up-to-date symlink: /root/tiago_public_ws/install/tiago_gazebo/include/tiago_gazebo/tiago_gazebo/msg/detail/order__struct.hpp
[11.175s] -- Up-to-date symlink: /root/tiago_public_ws/install/tiago_gazebo/include/tiago_gazebo/tiago_gazebo/msg/detail/order__traits.hpp
[11.179s] -- Up-to-date symlink: /root/tiago_public_ws/install/tiago_gazebo/include/tiago_gazebo/tiago_gazebo/msg/order.hpp
[11.184s] -- Up-to-date symlink: /root/tiago_public_ws/install/tiago_gazebo/include/tiago_gazebo/tiago_gazebo/msg/detail/order__rosidl_typesupport_fastrtps_cpp.hpp
[11.187s] -- Up-to-date symlink: /root/tiago_public_ws/install/tiago_gazebo/include/tiago_gazebo/tiago_gazebo/msg/rosidl_typesupport_fastrtps_cpp__visibility_control.h
[11.197s] -- Up-to-date symlink: /root/tiago_public_ws/install/tiago_gazebo/include/tiago_gazebo/tiago_gazebo/msg/detail/order__rosidl_typesupport_introspection_cpp.hpp
[11.197s] -- Up-to-date symlink: /root/tiago_public_ws/install/tiago_gazebo/share/tiago_gazebo/environment/pythonpath.sh
[11.198s] -- Up-to-date symlink: /root/tiago_public_ws/install/tiago_gazebo/share/tiago_gazebo/environment/pythonpath.dsv
[11.207s] -- Up-to-date symlink: /root/tiago_public_ws/install/tiago_gazebo/local/lib/python3.10/dist-packages/tiago_gazebo-4.2.0-py3.10.egg-info/PKG-INFO
[11.209s] -- Up-to-date symlink: /root/tiago_public_ws/install/tiago_gazebo/local/lib/python3.10/dist-packages/tiago_gazebo-4.2.0-py3.10.egg-info/SOURCES.txt
[11.211s] -- Up-to-date symlink: /root/tiago_public_ws/install/tiago_gazebo/local/lib/python3.10/dist-packages/tiago_gazebo-4.2.0-py3.10.egg-info/dependency_links.txt
[11.212s] -- Up-to-date symlink: /root/tiago_public_ws/install/tiago_gazebo/local/lib/python3.10/dist-packages/tiago_gazebo-4.2.0-py3.10.egg-info/top_level.txt
[11.215s] -- Up-to-date symlink: /root/tiago_public_ws/install/tiago_gazebo/local/lib/python3.10/dist-packages/tiago_gazebo/__init__.py
[11.219s] -- Up-to-date symlink: /root/tiago_public_ws/install/tiago_gazebo/local/lib/python3.10/dist-packages/tiago_gazebo/_tiago_gazebo_s.ep.rosidl_typesupport_c.c
[11.219s] -- Up-to-date symlink: /root/tiago_public_ws/install/tiago_gazebo/local/lib/python3.10/dist-packages/tiago_gazebo/_tiago_gazebo_s.ep.rosidl_typesupport_fastrtps_c.c
[11.220s] -- Up-to-date symlink: /root/tiago_public_ws/install/tiago_gazebo/local/lib/python3.10/dist-packages/tiago_gazebo/_tiago_gazebo_s.ep.rosidl_typesupport_introspection_c.c
[11.221s] -- Up-to-date symlink: /root/tiago_public_ws/install/tiago_gazebo/local/lib/python3.10/dist-packages/tiago_gazebo/libtiago_gazebo__rosidl_generator_py.so
[11.224s] -- Up-to-date symlink: /root/tiago_public_ws/install/tiago_gazebo/local/lib/python3.10/dist-packages/tiago_gazebo/msg/__init__.py
[11.237s] -- Up-to-date symlink: /root/tiago_public_ws/install/tiago_gazebo/local/lib/python3.10/dist-packages/tiago_gazebo/msg/_order.py
[11.239s] -- Up-to-date symlink: /root/tiago_public_ws/install/tiago_gazebo/local/lib/python3.10/dist-packages/tiago_gazebo/msg/_order_s.c
[11.240s] -- Up-to-date symlink: /root/tiago_public_ws/install/tiago_gazebo/local/lib/python3.10/dist-packages/tiago_gazebo/tiago_gazebo_s__rosidl_typesupport_c.cpython-310-x86_64-linux-gnu.so
[11.245s] -- Up-to-date symlink: /root/tiago_public_ws/install/tiago_gazebo/local/lib/python3.10/dist-packages/tiago_gazebo/tiago_gazebo_s__rosidl_typesupport_fastrtps_c.cpython-310-x86_64-linux-gnu.so
[11.246s] -- Up-to-date symlink: /root/tiago_public_ws/install/tiago_gazebo/local/lib/python3.10/dist-packages/tiago_gazebo/tiago_gazebo_s__rosidl_typesupport_introspection_c.cpython-310-x86_64-linux-gnu.so
[11.248s] -- Up-to-date symlink: /root/tiago_public_ws/install/tiago_gazebo/local/lib/python3.10/dist-packages/tiago_gazebo/tiago_gazebo_s__rosidl_typesupport_fastrtps_c.cpython-310-x86_64-linux-gnu.so
[11.250s] -- Up-to-date symlink: /root/tiago_public_ws/install/tiago_gazebo/local/lib/python3.10/dist-packages/tiago_gazebo/tiago_gazebo_s__rosidl_typesupport_introspection_c.cpython-310-x86_64-linux-gnu.so
[11.253s] -- Up-to-date symlink: /root/tiago_public_ws/install/tiago_gazebo/local/lib/python3.10/dist-packages/tiago_gazebo/tiago_gazebo_s__rosidl_typesupport_c.cpython-310-x86_64-linux-gnu.so
[11.256s] -- Up-to-date symlink: /root/tiago_public_ws/install/tiago_gazebo/share/tiago_gazebo/msg/Order.idl
[11.265s] -- Up-to-date symlink: /root/tiago_public_ws/install/tiago_gazebo/share/tiago_gazebo/msg/Order.msg
[11.268s] -- Up-to-date symlink: /root/tiago_public_ws/install/tiago_gazebo/lib/tiago_gazebo/tuck_arm.py
[11.269s] -- Up-to-date symlink: /root/tiago_public_ws/install/tiago_gazebo/lib/tiago_gazebo/talker.py
[11.269s] -- Up-to-date symlink: /root/tiago_public_ws/install/tiago_gazebo/lib/tiago_gazebo/listener.py
[11.271s] -- Up-to-date symlink: /root/tiago_public_ws/install/tiago_gazebo/lib/tiago_gazebo/generat_markers.py
[11.277s] -- Up-to-date symlink: /root/tiago_public_ws/install/tiago_gazebo/lib/tiago_gazebo/head_control.py
[11.279s] -- Up-to-date symlink: /root/tiago_public_ws/install/tiago_gazebo/lib/tiago_gazebo/prepare_pickup.py
[11.280s] -- Up-to-date symlink: /root/tiago_public_ws/install/tiago_gazebo/lib/tiago_gazebo/our_vision.py
[11.281s] -- Up-to-date symlink: /root/tiago_public_ws/install/tiago_gazebo/lib/tiago_gazebo/vision.py
[11.283s] -- Up-to-date symlink: /root/tiago_public_ws/install/tiago_gazebo/share/tiago_gazebo/test/tuck_arm_test
[11.304s] -- Up-to-date symlink: /root/tiago_public_ws/install/tiago_gazebo/share/tiago_gazebo/launch/.tiago_gazebo.launch.py.swo
[11.306s] -- Up-to-date symlink: /root/tiago_public_ws/install/tiago_gazebo/share/tiago_gazebo/launch/robot_spawn.launch.py
[11.306s] -- Up-to-date symlink: /root/tiago_public_ws/install/tiago_gazebo/share/tiago_gazebo/launch/tiago_cafe.launch.py
[11.307s] -- Up-to-date symlink: /root/tiago_public_ws/install/tiago_gazebo/share/tiago_gazebo/launch/tiago_cafe.launch.py:Zone.Identifier
[11.307s] -- Up-to-date symlink: /root/tiago_public_ws/install/tiago_gazebo/share/tiago_gazebo/launch/tiago_gazebo.launch.py
[11.308s] -- Up-to-date symlink: /root/tiago_public_ws/install/tiago_gazebo/share/ament_index/resource_index/package_run_dependencies/tiago_gazebo
[11.308s] -- Up-to-date symlink: /root/tiago_public_ws/install/tiago_gazebo/share/ament_index/resource_index/parent_prefix_path/tiago_gazebo
[11.311s] -- Up-to-date symlink: /root/tiago_public_ws/install/tiago_gazebo/share/tiago_gazebo/environment/ament_prefix_path.sh
[11.315s] -- Up-to-date symlink: /root/tiago_public_ws/install/tiago_gazebo/share/tiago_gazebo/environment/ament_prefix_path.dsv
[11.318s] -- Up-to-date symlink: /root/tiago_public_ws/install/tiago_gazebo/share/tiago_gazebo/environment/path.sh
[11.320s] -- Up-to-date symlink: /root/tiago_public_ws/install/tiago_gazebo/share/tiago_gazebo/environment/path.dsv
[11.321s] -- Up-to-date symlink: /root/tiago_public_ws/install/tiago_gazebo/share/tiago_gazebo/local_setup.bash
[11.322s] -- Up-to-date symlink: /root/tiago_public_ws/install/tiago_gazebo/share/tiago_gazebo/local_setup.sh
[11.324s] -- Up-to-date symlink: /root/tiago_public_ws/install/tiago_gazebo/share/tiago_gazebo/local_setup.zsh
[11.326s] -- Up-to-date symlink: /root/tiago_public_ws/install/tiago_gazebo/share/tiago_gazebo/local_setup.dsv
[11.326s] -- Symlinking: /root/tiago_public_ws/install/tiago_gazebo/share/tiago_gazebo/package.dsv
[11.420s] -- Up-to-date symlink: /root/tiago_public_ws/install/tiago_gazebo/share/ament_index/resource_index/packages/tiago_gazebo
[11.420s] -- Up-to-date symlink: /root/tiago_public_ws/install/tiago_gazebo/share/tiago_gazebo/cmake/rosidl_cmake-extras.cmake
[11.420s] -- Up-to-date symlink: /root/tiago_public_ws/install/tiago_gazebo/share/tiago_gazebo/cmake/ament_cmake_export_include_directories-extras.cmake
[11.420s] -- Up-to-date symlink: /root/tiago_public_ws/install/tiago_gazebo/share/tiago_gazebo/cmake/ament_cmake_export_libraries-extras.cmake
[11.420s] -- Up-to-date symlink: /root/tiago_public_ws/install/tiago_gazebo/share/tiago_gazebo/cmake/ament_cmake_export_targets-extras.cmake
[11.420s] -- Up-to-date symlink: /root/tiago_public_ws/install/tiago_gazebo/share/tiago_gazebo/cmake/rosidl_cmake_export_typesupport_targets-extras.cmake
[11.420s] -- Up-to-date symlink: /root/tiago_public_ws/install/tiago_gazebo/share/tiago_gazebo/cmake/ament_cmake_export_dependencies-extras.cmake
[11.420s] -- Up-to-date symlink: /root/tiago_public_ws/install/tiago_gazebo/share/tiago_gazebo/cmake/rosidl_cmake_export_typesupport_libraries-extras.cmake
[11.421s] -- Up-to-date symlink: /root/tiago_public_ws/install/tiago_gazebo/share/tiago_gazebo/cmake/tiago_gazeboConfig.cmake
[11.421s] -- Up-to-date symlink: /root/tiago_public_ws/install/tiago_gazebo/share/tiago_gazebo/cmake/tiago_gazeboConfig-version.cmake
[11.421s] -- Up-to-date symlink: /root/tiago_public_ws/install/tiago_gazebo/share/tiago_gazebo/package.xml
[11.425s] -- Up-to-date: /root/tiago_public_ws/install/tiago_gazebo/lib/libtiago_gazebo__rosidl_generator_c.so
[11.427s] -- Up-to-date: /root/tiago_public_ws/install/tiago_gazebo/lib/libtiago_gazebo__rosidl_typesupport_fastrtps_c.so
[11.430s] -- Up-to-date: /root/tiago_public_ws/install/tiago_gazebo/lib/libtiago_gazebo__rosidl_typesupport_introspection_c.so
[11.431s] -- Up-to-date: /root/tiago_public_ws/install/tiago_gazebo/lib/libtiago_gazebo__rosidl_typesupport_c.so
[11.433s] -- Up-to-date: /root/tiago_public_ws/install/tiago_gazebo/lib/libtiago_gazebo__rosidl_typesupport_fastrtps_cpp.so
[11.441s] -- Up-to-date: /root/tiago_public_ws/install/tiago_gazebo/lib/libtiago_gazebo__rosidl_typesupport_introspection_cpp.so
[11.446s] -- Up-to-date: /root/tiago_public_ws/install/tiago_gazebo/lib/libtiago_gazebo__rosidl_typesupport_cpp.so
[11.819s] Listing '/root/tiago_public_ws/install/tiago_gazebo/local/lib/python3.10/dist-packages/tiago_gazebo'...
[11.820s] Listing '/root/tiago_public_ws/install/tiago_gazebo/local/lib/python3.10/dist-packages/tiago_gazebo/msg'...
[11.870s] -- Up-to-date: /root/tiago_public_ws/install/tiago_gazebo/lib/libtiago_gazebo__rosidl_generator_py.so
[11.870s] -- Up-to-date: /root/tiago_public_ws/install/tiago_gazebo/share/tiago_gazebo/cmake/export_tiago_gazebo__rosidl_generator_cExport.cmake
[11.870s] -- Up-to-date: /root/tiago_public_ws/install/tiago_gazebo/share/tiago_gazebo/cmake/export_tiago_gazebo__rosidl_generator_cExport-noconfig.cmake
[11.870s] -- Up-to-date: /root/tiago_public_ws/install/tiago_gazebo/share/tiago_gazebo/cmake/export_tiago_gazebo__rosidl_typesupport_fastrtps_cExport.cmake
[11.871s] -- Up-to-date: /root/tiago_public_ws/install/tiago_gazebo/share/tiago_gazebo/cmake/export_tiago_gazebo__rosidl_typesupport_fastrtps_cExport-noconfig.cmake
[11.871s] -- Up-to-date: /root/tiago_public_ws/install/tiago_gazebo/share/tiago_gazebo/cmake/tiago_gazebo__rosidl_typesupport_introspection_cExport.cmake
[11.871s] -- Up-to-date: /root/tiago_public_ws/install/tiago_gazebo/share/tiago_gazebo/cmake/tiago_gazebo__rosidl_typesupport_introspection_cExport-noconfig.cmake
[11.871s] -- Up-to-date: /root/tiago_public_ws/install/tiago_gazebo/share/tiago_gazebo/cmake/tiago_gazebo__rosidl_typesupport_cExport.cmake
[11.871s] -- Up-to-date: /root/tiago_public_ws/install/tiago_gazebo/share/tiago_gazebo/cmake/tiago_gazebo__rosidl_typesupport_cExport-noconfig.cmake
[11.871s] -- Up-to-date: /root/tiago_public_ws/install/tiago_gazebo/share/tiago_gazebo/cmake/export_tiago_gazebo__rosidl_generator_cppExport.cmake
[11.871s] -- Up-to-date: /root/tiago_public_ws/install/tiago_gazebo/share/tiago_gazebo/cmake/export_tiago_gazebo__rosidl_typesupport_fastrtps_cppExport.cmake
[11.871s] -- Up-to-date: /root/tiago_public_ws/install/tiago_gazebo/share/tiago_gazebo/cmake/export_tiago_gazebo__rosidl_typesupport_fastrtps_cppExport-noconfig.cmake
[11.871s] -- Up-to-date: /root/tiago_public_ws/install/tiago_gazebo/share/tiago_gazebo/cmake/tiago_gazebo__rosidl_typesupport_introspection_cppExport.cmake
[11.871s] -- Up-to-date: /root/tiago_public_ws/install/tiago_gazebo/share/tiago_gazebo/cmake/tiago_gazebo__rosidl_typesupport_introspection_cppExport-noconfig.cmake
[11.871s] -- Up-to-date: /root/tiago_public_ws/install/tiago_gazebo/share/tiago_gazebo/cmake/tiago_gazebo__rosidl_typesupport_cppExport.cmake
[11.871s] -- Up-to-date: /root/tiago_public_ws/install/tiago_gazebo/share/tiago_gazebo/cmake/tiago_gazebo__rosidl_typesupport_cppExport-noconfig.cmake
[11.871s] -- Up-to-date: /root/tiago_public_ws/install/tiago_gazebo/share/tiago_gazebo/cmake/export_tiago_gazebo__rosidl_generator_pyExport.cmake
[11.872s] -- Up-to-date: /root/tiago_public_ws/install/tiago_gazebo/share/tiago_gazebo/cmake/export_tiago_gazebo__rosidl_generator_pyExport-noconfig.cmake
[11.880s] Invoked command in '/root/tiago_public_ws/build/tiago_gazebo' returned '0': AMENT_PREFIX_PATH=/root/tiago_public_ws/install/launch_pal:/root/tiago_public_ws/install/urdf_test:/root/tiago_public_ws/install/tiago_simulation:/root/tiago_public_ws/install/tiago_robot:/root/tiago_public_ws/install/tiago_navigation:/root/tiago_public_ws/install/tiago_gazebo:/root/tiago_public_ws/install/tiago_moveit_config:/root/tiago_public_ws/install/tiago_2dnav:/root/tiago_public_ws/install/tiago_laser_sensors:/root/tiago_public_ws/install/tiago_bringup:/root/tiago_public_ws/install/tiago_description:/root/tiago_public_ws/install/tiago_controller_configuration:/root/tiago_public_ws/install/pmb2_robot:/root/tiago_public_ws/install/pmb2_navigation:/root/tiago_public_ws/install/pmb2_2dnav:/root/tiago_public_ws/install/pmb2_laser_sensors:/root/tiago_public_ws/install/pmb2_bringup:/root/tiago_public_ws/install/pmb2_description:/root/tiago_public_ws/install/pmb2_controller_configuration:/root/tiago_public_ws/install/play_motion2:/root/tiago_public_ws/install/play_motion2_msgs:/root/tiago_public_ws/install/plansys2_simple_example:/root/tiago_public_ws/install/plansys2_patrol_navigation_example:/root/tiago_public_ws/install/plansys2_multidomain_example:/root/tiago_public_ws/install/plansys2_cascade_example:/root/tiago_public_ws/install/plansys2_bt_example:/root/tiago_public_ws/install/pal_hey5:/root/tiago_public_ws/install/pal_hey5_description:/root/tiago_public_ws/install/pal_gripper_simulation:/root/tiago_public_ws/install/pal_gripper:/root/tiago_public_ws/install/pal_gripper_description:/root/tiago_public_ws/install/pal_urdf_utils:/root/tiago_public_ws/install/pal_robotiq_gripper:/root/tiago_public_ws/install/pal_robotiq_description:/root/tiago_public_ws/install/pal_robotiq_controller_configuration:/root/tiago_public_ws/install/pal_navigation_cfg:/root/tiago_public_ws/install/pal_navigation_cfg_bringup:/root/tiago_public_ws/install/pal_navigation_cfg_params:/root/tiago_public_ws/install/pal_hey5_controller_configuration:/root/tiago_public_ws/install/pal_gripper_controller_configuration:/root/tiago_public_ws/install/pal_gazebo_worlds:/opt/ros/humble CMAKE_PREFIX_PATH=/root/tiago_public_ws/install/tiago_moveit_config:/root/tiago_public_ws/install/tiago_bringup:/root/tiago_public_ws/install/tiago_2dnav:/root/tiago_public_ws/install/tiago_description:/root/tiago_public_ws/install/tiago_controller_configuration:/root/tiago_public_ws/install/pmb2_description:/root/tiago_public_ws/install/pmb2_controller_configuration:/root/tiago_public_ws/install/play_motion2:/root/tiago_public_ws/install/pal_hey5_description:/root/tiago_public_ws/install/pal_gripper_description:/root/tiago_public_ws/install/urdf_test:/root/tiago_public_ws/install/tiago_laser_sensors:/root/tiago_public_ws/install/play_motion2_msgs:/root/tiago_public_ws/install/pal_urdf_utils:/root/tiago_public_ws/install/pal_robotiq_description:/root/tiago_public_ws/install/pal_robotiq_controller_configuration:/root/tiago_public_ws/install/pal_hey5_controller_configuration:/root/tiago_public_ws/install/pal_gripper_controller_configuration:/root/tiago_public_ws/install/pal_gazebo_worlds:/root/tiago_public_ws/install/tiago_simulation:/root/tiago_public_ws/install/tiago_robot:/root/tiago_public_ws/install/tiago_navigation:/root/tiago_public_ws/install/tiago_gazebo:/root/tiago_public_ws/install/pmb2_robot:/root/tiago_public_ws/install/pmb2_navigation:/root/tiago_public_ws/install/pmb2_2dnav:/root/tiago_public_ws/install/pmb2_laser_sensors:/root/tiago_public_ws/install/pmb2_bringup:/root/tiago_public_ws/install/plansys2_simple_example:/root/tiago_public_ws/install/plansys2_patrol_navigation_example:/root/tiago_public_ws/install/plansys2_multidomain_example:/root/tiago_public_ws/install/plansys2_cascade_example:/root/tiago_public_ws/install/plansys2_bt_example:/root/tiago_public_ws/install/pal_hey5:/root/tiago_public_ws/install/pal_gripper_simulation:/root/tiago_public_ws/install/pal_gripper:/root/tiago_public_ws/install/pal_robotiq_gripper:/root/tiago_public_ws/install/pal_navigation_cfg:/root/tiago_public_ws/install/pal_navigation_cfg_bringup:/root/tiago_public_ws/install/pal_navigation_cfg_params:/root/tiago_public_ws/install/launch_pal:/opt/ros/humble LD_LIBRARY_PATH=/root/tiago_public_ws/install/play_motion2/lib:/root/tiago_public_ws/install/play_motion2_msgs/lib:/root/tiago_public_ws/install/tiago_gazebo/lib:/root/tiago_public_ws/install/plansys2_bt_example/lib:/usr/lib/x86_64-linux-gnu/gazebo-11/plugins:/opt/ros/humble/opt/rviz_ogre_vendor/lib:/opt/ros/humble/lib/x86_64-linux-gnu:/opt/ros/humble/lib PYTHONPATH=/root/tiago_public_ws/build/launch_pal:/root/tiago_public_ws/install/launch_pal/lib/python3.10/site-packages:/root/tiago_public_ws/install/urdf_test/local/lib/python3.10/dist-packages:/root/tiago_public_ws/install/tiago_gazebo/local/lib/python3.10/dist-packages:/root/tiago_public_ws/install/tiago_description/local/lib/python3.10/dist-packages:/root/tiago_public_ws/install/pmb2_description/local/lib/python3.10/dist-packages:/root/tiago_public_ws/install/play_motion2_msgs/local/lib/python3.10/dist-packages:/opt/ros/humble/lib/python3.10/site-packages:/opt/ros/humble/local/lib/python3.10/dist-packages /usr/bin/cmake --install /root/tiago_public_ws/build/tiago_gazebo
