[0.195s] Invoking command in '/root/tiago_public_ws/build/plansys2_multidomain_example': CMAKE_PREFIX_PATH=${CMAKE_PREFIX_PATH}:/root/tiago_public_ws/install/launch_pal:/root/nav2_ws/install/nav2_simple_commander:/opt/ros/humble /usr/bin/cmake --build /root/tiago_public_ws/build/plansys2_multidomain_example -- -j8 -l8
[0.415s] [ 20%] Built target move_action_node
[0.416s] [ 40%] Built target charge_action_node
[0.471s] [ 60%] Built target place_object_action_node
[0.501s] [ 80%] Built target ask_charge_action_node
[0.502s] [100%] Built target pick_object_action_node
[0.559s] Invoked command in '/root/tiago_public_ws/build/plansys2_multidomain_example' returned '0': CMAKE_PREFIX_PATH=${CMAKE_PREFIX_PATH}:/root/tiago_public_ws/install/launch_pal:/root/nav2_ws/install/nav2_simple_commander:/opt/ros/humble /usr/bin/cmake --build /root/tiago_public_ws/build/plansys2_multidomain_example -- -j8 -l8
[0.815s] Invoking command in '/root/tiago_public_ws/build/plansys2_multidomain_example': CMAKE_PREFIX_PATH=${CMAKE_PREFIX_PATH}:/root/tiago_public_ws/install/launch_pal:/root/nav2_ws/install/nav2_simple_commander:/opt/ros/humble /usr/bin/cmake --install /root/tiago_public_ws/build/plansys2_multidomain_example
[0.886s] -- Install configuration: ""
[0.887s] -- Execute custom install script
[0.887s] -- Up-to-date symlink: /root/tiago_public_ws/install/plansys2_multidomain_example/share/plansys2_multidomain_example/launch/commands
[0.887s] -- Up-to-date symlink: /root/tiago_public_ws/install/plansys2_multidomain_example/share/plansys2_multidomain_example/launch/plansys2_multidomain_example_launch.py
[0.887s] -- Up-to-date symlink: /root/tiago_public_ws/install/plansys2_multidomain_example/share/plansys2_multidomain_example/pddl_1/domain_1.pddl
[0.887s] -- Up-to-date symlink: /root/tiago_public_ws/install/plansys2_multidomain_example/share/plansys2_multidomain_example/pddl_2/domain_2.pddl
[0.887s] -- Up-to-date symlink: /root/tiago_public_ws/install/plansys2_multidomain_example/lib/plansys2_multidomain_example/move_action_node
[0.887s] -- Up-to-date symlink: /root/tiago_public_ws/install/plansys2_multidomain_example/lib/plansys2_multidomain_example/charge_action_node
[0.887s] -- Up-to-date symlink: /root/tiago_public_ws/install/plansys2_multidomain_example/lib/plansys2_multidomain_example/ask_charge_action_node
[0.887s] -- Up-to-date symlink: /root/tiago_public_ws/install/plansys2_multidomain_example/lib/plansys2_multidomain_example/pick_object_action_node
[0.888s] -- Up-to-date symlink: /root/tiago_public_ws/install/plansys2_multidomain_example/lib/plansys2_multidomain_example/place_object_action_node
[0.888s] -- Up-to-date symlink: /root/tiago_public_ws/install/plansys2_multidomain_example/share/ament_index/resource_index/package_run_dependencies/plansys2_multidomain_example
[0.888s] -- Up-to-date symlink: /root/tiago_public_ws/install/plansys2_multidomain_example/share/ament_index/resource_index/parent_prefix_path/plansys2_multidomain_example
[0.888s] -- Up-to-date symlink: /root/tiago_public_ws/install/plansys2_multidomain_example/share/plansys2_multidomain_example/environment/ament_prefix_path.sh
[0.892s] -- Up-to-date symlink: /root/tiago_public_ws/install/plansys2_multidomain_example/share/plansys2_multidomain_example/environment/ament_prefix_path.dsv
[0.892s] -- Up-to-date symlink: /root/tiago_public_ws/install/plansys2_multidomain_example/share/plansys2_multidomain_example/environment/path.sh
[0.893s] -- Up-to-date symlink: /root/tiago_public_ws/install/plansys2_multidomain_example/share/plansys2_multidomain_example/environment/path.dsv
[0.893s] -- Up-to-date symlink: /root/tiago_public_ws/install/plansys2_multidomain_example/share/plansys2_multidomain_example/local_setup.bash
[0.893s] -- Up-to-date symlink: /root/tiago_public_ws/install/plansys2_multidomain_example/share/plansys2_multidomain_example/local_setup.sh
[0.900s] -- Up-to-date symlink: /root/tiago_public_ws/install/plansys2_multidomain_example/share/plansys2_multidomain_example/local_setup.zsh
[0.900s] -- Up-to-date symlink: /root/tiago_public_ws/install/plansys2_multidomain_example/share/plansys2_multidomain_example/local_setup.dsv
[0.900s] -- Symlinking: /root/tiago_public_ws/install/plansys2_multidomain_example/share/plansys2_multidomain_example/package.dsv
[0.900s] -- Up-to-date symlink: /root/tiago_public_ws/install/plansys2_multidomain_example/share/ament_index/resource_index/packages/plansys2_multidomain_example
[0.900s] -- Up-to-date symlink: /root/tiago_public_ws/install/plansys2_multidomain_example/share/plansys2_multidomain_example/cmake/ament_cmake_export_dependencies-extras.cmake
[0.901s] -- Up-to-date symlink: /root/tiago_public_ws/install/plansys2_multidomain_example/share/plansys2_multidomain_example/cmake/plansys2_multidomain_exampleConfig.cmake
[0.901s] -- Up-to-date symlink: /root/tiago_public_ws/install/plansys2_multidomain_example/share/plansys2_multidomain_example/cmake/plansys2_multidomain_exampleConfig-version.cmake
[0.901s] -- Up-to-date symlink: /root/tiago_public_ws/install/plansys2_multidomain_example/share/plansys2_multidomain_example/package.xml
[0.904s] Invoked command in '/root/tiago_public_ws/build/plansys2_multidomain_example' returned '0': CMAKE_PREFIX_PATH=${CMAKE_PREFIX_PATH}:/root/tiago_public_ws/install/launch_pal:/root/nav2_ws/install/nav2_simple_commander:/opt/ros/humble /usr/bin/cmake --install /root/tiago_public_ws/build/plansys2_multidomain_example
