[0.216s] Invoking command in '/root/tiago_public_ws/build/tiago_laser_sensors': CMAKE_PREFIX_PATH=/opt/ros/humble /usr/bin/cmake --build /root/tiago_public_ws/build/tiago_laser_sensors -- -j8 -l8
[0.486s] Invoked command in '/root/tiago_public_ws/build/tiago_laser_sensors' returned '0': CMAKE_PREFIX_PATH=/opt/ros/humble /usr/bin/cmake --build /root/tiago_public_ws/build/tiago_laser_sensors -- -j8 -l8
[0.629s] Invoking command in '/root/tiago_public_ws/build/tiago_laser_sensors': CMAKE_PREFIX_PATH=/opt/ros/humble /usr/bin/cmake --install /root/tiago_public_ws/build/tiago_laser_sensors
[0.705s] -- Install configuration: ""
[0.705s] -- Execute custom install script
[0.705s] -- Up-to-date symlink: /root/tiago_public_ws/install/tiago_laser_sensors/share/tiago_laser_sensors/params/omni_base_laser_pipeline.yaml
[0.705s] -- Up-to-date symlink: /root/tiago_public_ws/install/tiago_laser_sensors/share/tiago_laser_sensors/params/omni_base_laser_pipeline_sim.yaml
[0.705s] -- Up-to-date symlink: /root/tiago_public_ws/install/tiago_laser_sensors/share/tiago_laser_sensors/params/omni_base_laser_pipeline_w_composition.yaml
[0.706s] -- Up-to-date symlink: /root/tiago_public_ws/install/tiago_laser_sensors/share/tiago_laser_sensors/params/pmb2_laser_pipeline.yaml
[0.708s] -- Up-to-date symlink: /root/tiago_public_ws/install/tiago_laser_sensors/share/tiago_laser_sensors/params/pmb2_laser_pipeline_sim.yaml
[0.709s] -- Up-to-date symlink: /root/tiago_public_ws/install/tiago_laser_sensors/share/tiago_laser_sensors/params/pmb2_laser_pipeline_w_composition.yaml
[0.709s] -- Up-to-date symlink: /root/tiago_public_ws/install/tiago_laser_sensors/share/ament_index/resource_index/package_run_dependencies/tiago_laser_sensors
[0.732s] -- Up-to-date symlink: /root/tiago_public_ws/install/tiago_laser_sensors/share/ament_index/resource_index/parent_prefix_path/tiago_laser_sensors
[0.732s] -- Up-to-date symlink: /root/tiago_public_ws/install/tiago_laser_sensors/share/tiago_laser_sensors/environment/ament_prefix_path.sh
[0.733s] -- Up-to-date symlink: /root/tiago_public_ws/install/tiago_laser_sensors/share/tiago_laser_sensors/environment/ament_prefix_path.dsv
[0.733s] -- Up-to-date symlink: /root/tiago_public_ws/install/tiago_laser_sensors/share/tiago_laser_sensors/environment/path.sh
[0.733s] -- Up-to-date symlink: /root/tiago_public_ws/install/tiago_laser_sensors/share/tiago_laser_sensors/environment/path.dsv
[0.737s] -- Up-to-date symlink: /root/tiago_public_ws/install/tiago_laser_sensors/share/tiago_laser_sensors/local_setup.bash
[0.737s] -- Up-to-date symlink: /root/tiago_public_ws/install/tiago_laser_sensors/share/tiago_laser_sensors/local_setup.sh
[0.738s] -- Up-to-date symlink: /root/tiago_public_ws/install/tiago_laser_sensors/share/tiago_laser_sensors/local_setup.zsh
[0.738s] -- Up-to-date symlink: /root/tiago_public_ws/install/tiago_laser_sensors/share/tiago_laser_sensors/local_setup.dsv
[0.741s] -- Symlinking: /root/tiago_public_ws/install/tiago_laser_sensors/share/tiago_laser_sensors/package.dsv
[0.798s] -- Up-to-date symlink: /root/tiago_public_ws/install/tiago_laser_sensors/share/ament_index/resource_index/packages/tiago_laser_sensors
[0.799s] -- Up-to-date symlink: /root/tiago_public_ws/install/tiago_laser_sensors/share/tiago_laser_sensors/cmake/tiago_laser_sensorsConfig.cmake
[0.801s] -- Up-to-date symlink: /root/tiago_public_ws/install/tiago_laser_sensors/share/tiago_laser_sensors/cmake/tiago_laser_sensorsConfig-version.cmake
[0.801s] -- Up-to-date symlink: /root/tiago_public_ws/install/tiago_laser_sensors/share/tiago_laser_sensors/package.xml
[0.865s] Invoked command in '/root/tiago_public_ws/build/tiago_laser_sensors' returned '0': CMAKE_PREFIX_PATH=/opt/ros/humble /usr/bin/cmake --install /root/tiago_public_ws/build/tiago_laser_sensors
