[0.231s] Invoking command in '/root/tiago_public_ws/build/play_motion2': AMENT_PREFIX_PATH=/root/tiago_public_ws/install/play_motion2_msgs:/root/tiago_public_ws/install/launch_pal:${AMENT_PREFIX_PATH} CMAKE_PREFIX_PATH=/root/tiago_public_ws/install/play_motion2_msgs:/opt/ros/humble LD_LIBRARY_PATH=/root/tiago_public_ws/install/play_motion2_msgs/lib:${LD_LIBRARY_PATH} PYTHONPATH=/root/tiago_public_ws/install/play_motion2_msgs/local/lib/python3.10/dist-packages:/root/tiago_public_ws/build/launch_pal:/root/tiago_public_ws/install/launch_pal/lib/python3.10/site-packages:${PYTHONPATH} /usr/bin/cmake /root/tiago_public_ws/src/play_motion2/play_motion2 -DAMENT_CMAKE_SYMLINK_INSTALL=1 -DCMAKE_INSTALL_PREFIX=/root/tiago_public_ws/install/play_motion2
[0.367s] -- The C compiler identification is GNU 11.4.0
[0.784s] -- The CXX compiler identification is GNU 11.4.0
[1.165s] -- Detecting C compiler ABI info
[1.286s] -- Detecting C compiler ABI info - done
[1.294s] -- Check for working C compiler: /usr/bin/cc - skipped
[1.295s] -- Detecting C compile features
[1.295s] -- Detecting C compile features - done
[1.297s] -- Detecting CXX compiler ABI info
[1.453s] -- Detecting CXX compiler ABI info - done
[1.463s] -- Check for working CXX compiler: /usr/bin/c++ - skipped
[1.463s] -- Detecting CXX compile features
[1.463s] -- Detecting CXX compile features - done
[1.467s] -- Found ament_cmake_auto: 1.3.10 (/opt/ros/humble/share/ament_cmake_auto/cmake)
[1.634s] -- Found Python3: /usr/bin/python3 (found version "3.10.12") found components: Interpreter 
[1.701s] -- Override CMake install command with custom implementation using symlinks instead of copying resources
[1.956s] -- Found rosidl_generator_c: 3.1.5 (/opt/ros/humble/share/rosidl_generator_c/cmake)
[1.961s] -- Found rosidl_adapter: 3.1.5 (/opt/ros/humble/share/rosidl_adapter/cmake)
[1.975s] -- Found rosidl_generator_cpp: 3.1.5 (/opt/ros/humble/share/rosidl_generator_cpp/cmake)
[1.985s] -- Using all available rosidl_typesupport_c: rosidl_typesupport_fastrtps_c;rosidl_typesupport_introspection_c
[2.002s] -- Using all available rosidl_typesupport_cpp: rosidl_typesupport_fastrtps_cpp;rosidl_typesupport_introspection_cpp
[2.590s] -- Found Boost: /usr/lib/x86_64-linux-gnu/cmake/Boost-1.74.0/BoostConfig.cmake (found version "1.74.0") found components: date_time filesystem program_options system thread 
[2.747s] -- Found Boost: /usr/lib/x86_64-linux-gnu/cmake/Boost-1.74.0/BoostConfig.cmake (found version "1.74.0") found components: chrono date_time filesystem iostreams program_options regex serialization system thread 
[2.771s] -- Found parameter_traits: 0.3.8 (/opt/ros/humble/share/parameter_traits/cmake)
[2.815s] -- Found rmw_implementation_cmake: 6.1.2 (/opt/ros/humble/share/rmw_implementation_cmake/cmake)
[2.817s] -- Found rmw_fastrtps_cpp: 6.2.7 (/opt/ros/humble/share/rmw_fastrtps_cpp/cmake)
[4.253s] -- Found OpenSSL: /usr/lib/x86_64-linux-gnu/libcrypto.so (found version "3.0.2")  
[6.011s] -- Found FastRTPS: /opt/ros/humble/include  
[9.389s] -- Using RMW implementation 'rmw_fastrtps_cpp' as default
[9.396s] -- Found Threads: TRUE  
[9.445s] -- Found rclcpp_lifecycle: 16.0.10 (/opt/ros/humble/share/rclcpp_lifecycle/cmake)
[9.463s] -- Found Boost: /usr/lib/x86_64-linux-gnu/cmake/Boost-1.74.0/BoostConfig.cmake (found version "1.74.0") found components: filesystem 
[11.442s] -- library: /usr/lib/x86_64-linux-gnu/libcurl.so
[11.569s] -- Found Eigen3: TRUE (found version "3.4.0") 
[11.569s] -- Ensuring Eigen3 include directory is part of orocos-kdl CMake target
[14.904s] -- Found Boost: /usr/lib/x86_64-linux-gnu/cmake/Boost-1.74.0/BoostConfig.cmake (found version "1.74.0") found components: system filesystem date_time program_options thread chrono 
[14.938s] -- Found Boost: /usr/lib/x86_64-linux-gnu/cmake/Boost-1.74.0/BoostConfig.cmake (found version "1.74.0") found components: thread system filesystem regex date_time program_options 
[14.965s] -- Found Boost: /usr/lib/x86_64-linux-gnu/cmake/Boost-1.74.0/BoostConfig.cmake (found version "1.74.0") found components: system filesystem date_time program_options thread 
[16.373s] -- Found python_cmake_module: 0.10.0 (/opt/ros/humble/share/python_cmake_module/cmake)
[16.494s] -- Found PythonInterp: /usr/bin/python3 (found suitable version "3.10.12", minimum required is "3.6") 
[16.731s] -- Found PythonLibs: /usr/lib/x86_64-linux-gnu/libpython3.10.so (found suitable version "3.10.12", minimum required is "3.5") 
[16.731s] -- Using PYTHON_EXECUTABLE: /usr/bin/python3
[16.731s] -- Using PYTHON_INCLUDE_DIRS: /usr/include/python3.10
[16.731s] -- Using PYTHON_LIBRARIES: /usr/lib/x86_64-linux-gnu/libpython3.10.so
[16.754s] -- Found PythonExtra: .so  
[17.860s] -- Found gtest sources under '/opt/ros/humble/src/gtest_vendor': C++ tests using 'Google Test' will be built
[17.966s] -- Added test 'copyright' to check source files copyright and LICENSE
[17.967s] -- Added test 'cppcheck' to perform static code analysis on C / C++ code
[17.969s] -- Configured cppcheck include dirs: /root/tiago_public_ws/src/play_motion2/play_motion2/include
[17.969s] -- Configured cppcheck exclude dirs and/or files: 
[17.970s] -- Added test 'cpplint' to check C / C++ code against the Google style
[17.971s] -- Configured cpplint exclude dirs and/or files: 
[17.971s] -- Added test 'flake8' to check Python code syntax and style conventions
[17.972s] -- Added test 'lint_cmake' to check CMake code style
[17.972s] -- Added test 'pep257' to check Python code against some of the docstring style conventions in PEP 257
[17.974s] -- Added test 'uncrustify' to check C / C++ code style
[17.974s] -- Configured uncrustify additional arguments: 
[17.974s] -- Added test 'xmllint' to check XML markup files
[17.977s] -- Configuring done
[18.180s] -- Generating done
[18.182s] -- Build files have been written to: /root/tiago_public_ws/build/play_motion2
[18.198s] Invoked command in '/root/tiago_public_ws/build/play_motion2' returned '0': AMENT_PREFIX_PATH=/root/tiago_public_ws/install/play_motion2_msgs:/root/tiago_public_ws/install/launch_pal:${AMENT_PREFIX_PATH} CMAKE_PREFIX_PATH=/root/tiago_public_ws/install/play_motion2_msgs:/opt/ros/humble LD_LIBRARY_PATH=/root/tiago_public_ws/install/play_motion2_msgs/lib:${LD_LIBRARY_PATH} PYTHONPATH=/root/tiago_public_ws/install/play_motion2_msgs/local/lib/python3.10/dist-packages:/root/tiago_public_ws/build/launch_pal:/root/tiago_public_ws/install/launch_pal/lib/python3.10/site-packages:${PYTHONPATH} /usr/bin/cmake /root/tiago_public_ws/src/play_motion2/play_motion2 -DAMENT_CMAKE_SYMLINK_INSTALL=1 -DCMAKE_INSTALL_PREFIX=/root/tiago_public_ws/install/play_motion2
[18.201s] Invoking command in '/root/tiago_public_ws/build/play_motion2': AMENT_PREFIX_PATH=/root/tiago_public_ws/install/play_motion2_msgs:/root/tiago_public_ws/install/launch_pal:${AMENT_PREFIX_PATH} CMAKE_PREFIX_PATH=/root/tiago_public_ws/install/play_motion2_msgs:/opt/ros/humble LD_LIBRARY_PATH=/root/tiago_public_ws/install/play_motion2_msgs/lib:${LD_LIBRARY_PATH} PYTHONPATH=/root/tiago_public_ws/install/play_motion2_msgs/local/lib/python3.10/dist-packages:/root/tiago_public_ws/build/launch_pal:/root/tiago_public_ws/install/launch_pal/lib/python3.10/site-packages:${PYTHONPATH} /usr/bin/cmake --build /root/tiago_public_ws/build/play_motion2 -- -j8 -l8
[18.242s] [  4%] [32mBuilding CXX object gtest/CMakeFiles/gtest_main.dir/src/gtest_main.cc.o[0m
[18.243s] [  9%] [32mBuilding CXX object CMakeFiles/play_motion2.dir/src/play_motion2/motion_loader.cpp.o[0m
[18.243s] [ 13%] [32mBuilding CXX object CMakeFiles/play_motion2.dir/src/play_motion2/play_motion2.cpp.o[0m
[18.243s] [ 18%] [32mBuilding CXX object CMakeFiles/play_motion2.dir/src/play_motion2/motion_planner.cpp.o[0m
[18.244s] [ 22%] [32mBuilding CXX object gtest/CMakeFiles/gtest.dir/src/gtest-all.cc.o[0m
[19.261s] [ 27%] [32m[1mLinking CXX static library libgtest_main.a[0m
[19.291s] [ 27%] Built target gtest_main
[21.380s] [ 31%] [32m[1mLinking CXX static library libgtest.a[0m
[21.424s] [ 31%] Built target gtest
[21.437s] [ 36%] [32mBuilding CXX object CMakeFiles/play_motion2_node_test.dir/test/play_motion2_node_test.cpp.o[0m
[29.254s] [ 40%] [32m[1mLinking CXX executable play_motion2_node_test[0m
[29.839s] [ 40%] Built target play_motion2_node_test
[37.973s] [ 45%] [32m[1mLinking CXX shared library libplay_motion2.so[0m
[39.911s] [ 45%] Built target play_motion2
[39.925s] [ 50%] [32mBuilding CXX object CMakeFiles/client.dir/src/play_motion2/client.cpp.o[0m
[45.920s] [ 54%] [32m[1mLinking CXX static library libclient.a[0m
[46.008s] [ 54%] Built target client
[46.026s] [ 68%] [32mBuilding CXX object CMakeFiles/play_motion2_node.dir/src/play_motion2_main.cpp.o[0m
[46.027s] [ 68%] [32mBuilding CXX object CMakeFiles/rrbot_system.dir/test/rrbot/rrbot_system.cpp.o[0m
[46.027s] [ 68%] [32mBuilding CXX object CMakeFiles/run_motion.dir/src/run_motion.cpp.o[0m
[47.604s] [ 72%] [32m[1mLinking CXX shared library librrbot_system.so[0m
[48.095s] [ 72%] Built target rrbot_system
[48.110s] [ 77%] [32mBuilding CXX object CMakeFiles/motion_loader_test.dir/test/motion_loader_test.cpp.o[0m
[48.113s] [ 81%] [32mBuilding CXX object CMakeFiles/play_motion2_test.dir/test/play_motion2_test.cpp.o[0m
[48.688s] [ 86%] [32m[1mLinking CXX executable run_motion[0m
[49.777s] [ 86%] Built target run_motion
[52.272s] [ 90%] [32m[1mLinking CXX executable motion_loader_test[0m
[53.976s] [ 90%] Built target motion_loader_test
[54.830s] [ 95%] [32m[1mLinking CXX executable play_motion2_node[0m
[55.803s] [ 95%] Built target play_motion2_node
[57.439s] [100%] [32m[1mLinking CXX executable play_motion2_test[0m
[58.547s] [100%] Built target play_motion2_test
[58.555s] Invoked command in '/root/tiago_public_ws/build/play_motion2' returned '0': AMENT_PREFIX_PATH=/root/tiago_public_ws/install/play_motion2_msgs:/root/tiago_public_ws/install/launch_pal:${AMENT_PREFIX_PATH} CMAKE_PREFIX_PATH=/root/tiago_public_ws/install/play_motion2_msgs:/opt/ros/humble LD_LIBRARY_PATH=/root/tiago_public_ws/install/play_motion2_msgs/lib:${LD_LIBRARY_PATH} PYTHONPATH=/root/tiago_public_ws/install/play_motion2_msgs/local/lib/python3.10/dist-packages:/root/tiago_public_ws/build/launch_pal:/root/tiago_public_ws/install/launch_pal/lib/python3.10/site-packages:${PYTHONPATH} /usr/bin/cmake --build /root/tiago_public_ws/build/play_motion2 -- -j8 -l8
[58.588s] Invoking command in '/root/tiago_public_ws/build/play_motion2': AMENT_PREFIX_PATH=/root/tiago_public_ws/install/play_motion2_msgs:/root/tiago_public_ws/install/launch_pal:${AMENT_PREFIX_PATH} CMAKE_PREFIX_PATH=/root/tiago_public_ws/install/play_motion2_msgs:/opt/ros/humble LD_LIBRARY_PATH=/root/tiago_public_ws/install/play_motion2_msgs/lib:${LD_LIBRARY_PATH} PYTHONPATH=/root/tiago_public_ws/install/play_motion2_msgs/local/lib/python3.10/dist-packages:/root/tiago_public_ws/build/launch_pal:/root/tiago_public_ws/install/launch_pal/lib/python3.10/site-packages:${PYTHONPATH} /usr/bin/cmake --install /root/tiago_public_ws/build/play_motion2
[58.592s] -- Install configuration: ""
[58.592s] -- Execute custom install script
[58.593s] -- Symlinking: /root/tiago_public_ws/install/play_motion2/share/play_motion2/test/rrbot/rrbot_system.xml
[58.598s] -- Symlinking: /root/tiago_public_ws/install/play_motion2/lib/play_motion2/play_motion2_node_test
[58.602s] -- Symlinking: /root/tiago_public_ws/install/play_motion2/include/play_motion2/client.hpp
[58.607s] -- Symlinking: /root/tiago_public_ws/install/play_motion2/include/play_motion2/motion_loader.hpp
[58.611s] -- Symlinking: /root/tiago_public_ws/install/play_motion2/include/play_motion2/motion_planner.hpp
[58.617s] -- Symlinking: /root/tiago_public_ws/install/play_motion2/include/play_motion2/play_motion2.hpp
[58.621s] -- Symlinking: /root/tiago_public_ws/install/play_motion2/include/play_motion2/types.hpp
[58.626s] -- Symlinking: /root/tiago_public_ws/install/play_motion2/share/play_motion2/environment/library_path.sh
[58.630s] -- Symlinking: /root/tiago_public_ws/install/play_motion2/share/play_motion2/environment/library_path.dsv
[58.635s] -- Symlinking: /root/tiago_public_ws/install/play_motion2/lib/libplay_motion2.so
[58.639s] -- Symlinking: /root/tiago_public_ws/install/play_motion2/lib/libclient.a
[58.645s] -- Symlinking: /root/tiago_public_ws/install/play_motion2/lib/librrbot_system.so
[58.649s] -- Symlinking: /root/tiago_public_ws/install/play_motion2/lib/play_motion2/play_motion2_node
[58.654s] -- Symlinking: /root/tiago_public_ws/install/play_motion2/lib/play_motion2/run_motion
[58.658s] -- Symlinking: /root/tiago_public_ws/install/play_motion2/share/play_motion2/config/motion_planner_config.yaml
[58.664s] -- Symlinking: /root/tiago_public_ws/install/play_motion2/share/play_motion2/launch/play_motion2.launch.py
[58.668s] -- Symlinking: /root/tiago_public_ws/install/play_motion2/share/ament_index/resource_index/package_run_dependencies/play_motion2
[58.674s] -- Symlinking: /root/tiago_public_ws/install/play_motion2/share/ament_index/resource_index/parent_prefix_path/play_motion2
[58.678s] -- Symlinking: /root/tiago_public_ws/install/play_motion2/share/play_motion2/environment/ament_prefix_path.sh
[58.682s] -- Symlinking: /root/tiago_public_ws/install/play_motion2/share/play_motion2/environment/ament_prefix_path.dsv
[58.686s] -- Symlinking: /root/tiago_public_ws/install/play_motion2/share/play_motion2/environment/path.sh
[58.691s] -- Symlinking: /root/tiago_public_ws/install/play_motion2/share/play_motion2/environment/path.dsv
[58.695s] -- Symlinking: /root/tiago_public_ws/install/play_motion2/share/play_motion2/local_setup.bash
[58.700s] -- Symlinking: /root/tiago_public_ws/install/play_motion2/share/play_motion2/local_setup.sh
[58.705s] -- Symlinking: /root/tiago_public_ws/install/play_motion2/share/play_motion2/local_setup.zsh
[58.710s] -- Symlinking: /root/tiago_public_ws/install/play_motion2/share/play_motion2/local_setup.dsv
[58.714s] -- Symlinking: /root/tiago_public_ws/install/play_motion2/share/play_motion2/package.dsv
[58.719s] -- Symlinking: /root/tiago_public_ws/install/play_motion2/share/ament_index/resource_index/packages/play_motion2
[58.724s] -- Symlinking: /root/tiago_public_ws/install/play_motion2/share/ament_index/resource_index/hardware_interface__pluginlib__plugin/play_motion2
[58.729s] -- Symlinking: /root/tiago_public_ws/install/play_motion2/share/play_motion2/cmake/ament_cmake_export_dependencies-extras.cmake
[58.733s] -- Symlinking: /root/tiago_public_ws/install/play_motion2/share/play_motion2/cmake/ament_cmake_export_include_directories-extras.cmake
[58.738s] -- Symlinking: /root/tiago_public_ws/install/play_motion2/share/play_motion2/cmake/ament_cmake_export_libraries-extras.cmake
[58.742s] -- Symlinking: /root/tiago_public_ws/install/play_motion2/share/play_motion2/cmake/play_motion2Config.cmake
[58.747s] -- Symlinking: /root/tiago_public_ws/install/play_motion2/share/play_motion2/cmake/play_motion2Config-version.cmake
[58.751s] -- Symlinking: /root/tiago_public_ws/install/play_motion2/share/play_motion2/package.xml
[58.759s] Invoked command in '/root/tiago_public_ws/build/play_motion2' returned '0': AMENT_PREFIX_PATH=/root/tiago_public_ws/install/play_motion2_msgs:/root/tiago_public_ws/install/launch_pal:${AMENT_PREFIX_PATH} CMAKE_PREFIX_PATH=/root/tiago_public_ws/install/play_motion2_msgs:/opt/ros/humble LD_LIBRARY_PATH=/root/tiago_public_ws/install/play_motion2_msgs/lib:${LD_LIBRARY_PATH} PYTHONPATH=/root/tiago_public_ws/install/play_motion2_msgs/local/lib/python3.10/dist-packages:/root/tiago_public_ws/build/launch_pal:/root/tiago_public_ws/install/launch_pal/lib/python3.10/site-packages:${PYTHONPATH} /usr/bin/cmake --install /root/tiago_public_ws/build/play_motion2
