[1.819s] Invoking command in '/root/tiago_public_ws/build/tiago_controller_configuration': AMENT_PREFIX_PATH=/root/tiago_public_ws/install/pmb2_controller_configuration:/root/tiago_public_ws/install/pal_robotiq_controller_configuration:/root/tiago_public_ws/install/pal_hey5_controller_configuration:/root/tiago_public_ws/install/pal_gripper_controller_configuration:/root/tiago_public_ws/install/launch_pal:${AMENT_PREFIX_PATH} CMAKE_PREFIX_PATH=/root/tiago_public_ws/install/pmb2_controller_configuration:/root/tiago_public_ws/install/pal_robotiq_controller_configuration:/root/tiago_public_ws/install/pal_hey5_controller_configuration:/root/tiago_public_ws/install/pal_gripper_controller_configuration:/opt/ros/humble PYTHONPATH=/root/tiago_public_ws/install/launch_pal/lib/python3.10/site-packages:${PYTHONPATH} /usr/bin/cmake /root/tiago_public_ws/src/tiago_robot/tiago_controller_configuration -DCMAKE_INSTALL_PREFIX=/root/tiago_public_ws/install/tiago_controller_configuration
[1.894s] -- Found ament_cmake_auto: 1.3.10 (/opt/ros/humble/share/ament_cmake_auto/cmake)
[2.652s] -- Override CMake install command with custom implementation using symlinks instead of copying resources
[3.031s] -- Found ament_lint_auto: 0.12.11 (/opt/ros/humble/share/ament_lint_auto/cmake)
[3.104s] -- Added test 'copyright' to check source files copyright and LICENSE
[3.113s] -- Added test 'flake8' to check Python code syntax and style conventions
[3.116s] -- Added test 'lint_cmake' to check CMake code style
[3.118s] -- Added test 'pep257' to check Python code against some of the docstring style conventions in PEP 257
[3.121s] -- Added test 'xmllint' to check XML markup files
[3.128s] -- Configuring done
[3.165s] -- Generating done
[3.169s] -- Build files have been written to: /root/tiago_public_ws/build/tiago_controller_configuration
[3.252s] Invoked command in '/root/tiago_public_ws/build/tiago_controller_configuration' returned '0': AMENT_PREFIX_PATH=/root/tiago_public_ws/install/pmb2_controller_configuration:/root/tiago_public_ws/install/pal_robotiq_controller_configuration:/root/tiago_public_ws/install/pal_hey5_controller_configuration:/root/tiago_public_ws/install/pal_gripper_controller_configuration:/root/tiago_public_ws/install/launch_pal:${AMENT_PREFIX_PATH} CMAKE_PREFIX_PATH=/root/tiago_public_ws/install/pmb2_controller_configuration:/root/tiago_public_ws/install/pal_robotiq_controller_configuration:/root/tiago_public_ws/install/pal_hey5_controller_configuration:/root/tiago_public_ws/install/pal_gripper_controller_configuration:/opt/ros/humble PYTHONPATH=/root/tiago_public_ws/install/launch_pal/lib/python3.10/site-packages:${PYTHONPATH} /usr/bin/cmake /root/tiago_public_ws/src/tiago_robot/tiago_controller_configuration -DCMAKE_INSTALL_PREFIX=/root/tiago_public_ws/install/tiago_controller_configuration
[3.254s] Invoking command in '/root/tiago_public_ws/build/tiago_controller_configuration': AMENT_PREFIX_PATH=/root/tiago_public_ws/install/pmb2_controller_configuration:/root/tiago_public_ws/install/pal_robotiq_controller_configuration:/root/tiago_public_ws/install/pal_hey5_controller_configuration:/root/tiago_public_ws/install/pal_gripper_controller_configuration:/root/tiago_public_ws/install/launch_pal:${AMENT_PREFIX_PATH} CMAKE_PREFIX_PATH=/root/tiago_public_ws/install/pmb2_controller_configuration:/root/tiago_public_ws/install/pal_robotiq_controller_configuration:/root/tiago_public_ws/install/pal_hey5_controller_configuration:/root/tiago_public_ws/install/pal_gripper_controller_configuration:/opt/ros/humble PYTHONPATH=/root/tiago_public_ws/install/launch_pal/lib/python3.10/site-packages:${PYTHONPATH} /usr/bin/cmake --build /root/tiago_public_ws/build/tiago_controller_configuration -- -j8 -l8
[3.691s] Invoked command in '/root/tiago_public_ws/build/tiago_controller_configuration' returned '0': AMENT_PREFIX_PATH=/root/tiago_public_ws/install/pmb2_controller_configuration:/root/tiago_public_ws/install/pal_robotiq_controller_configuration:/root/tiago_public_ws/install/pal_hey5_controller_configuration:/root/tiago_public_ws/install/pal_gripper_controller_configuration:/root/tiago_public_ws/install/launch_pal:${AMENT_PREFIX_PATH} CMAKE_PREFIX_PATH=/root/tiago_public_ws/install/pmb2_controller_configuration:/root/tiago_public_ws/install/pal_robotiq_controller_configuration:/root/tiago_public_ws/install/pal_hey5_controller_configuration:/root/tiago_public_ws/install/pal_gripper_controller_configuration:/opt/ros/humble PYTHONPATH=/root/tiago_public_ws/install/launch_pal/lib/python3.10/site-packages:${PYTHONPATH} /usr/bin/cmake --build /root/tiago_public_ws/build/tiago_controller_configuration -- -j8 -l8
[3.772s] Invoking command in '/root/tiago_public_ws/build/tiago_controller_configuration': AMENT_PREFIX_PATH=/root/tiago_public_ws/install/pmb2_controller_configuration:/root/tiago_public_ws/install/pal_robotiq_controller_configuration:/root/tiago_public_ws/install/pal_hey5_controller_configuration:/root/tiago_public_ws/install/pal_gripper_controller_configuration:/root/tiago_public_ws/install/launch_pal:${AMENT_PREFIX_PATH} CMAKE_PREFIX_PATH=/root/tiago_public_ws/install/pmb2_controller_configuration:/root/tiago_public_ws/install/pal_robotiq_controller_configuration:/root/tiago_public_ws/install/pal_hey5_controller_configuration:/root/tiago_public_ws/install/pal_gripper_controller_configuration:/opt/ros/humble PYTHONPATH=/root/tiago_public_ws/install/launch_pal/lib/python3.10/site-packages:${PYTHONPATH} /usr/bin/cmake --install /root/tiago_public_ws/build/tiago_controller_configuration
[5.564s] -- Install configuration: ""
[5.565s] -- Execute custom install script
[5.565s] -- Up-to-date symlink: /root/tiago_public_ws/install/tiago_controller_configuration/share/tiago_controller_configuration/config/arm_controller.yaml
[5.565s] -- Up-to-date symlink: /root/tiago_public_ws/install/tiago_controller_configuration/share/tiago_controller_configuration/config/ft_sensor_controller.yaml
[5.565s] -- Up-to-date symlink: /root/tiago_public_ws/install/tiago_controller_configuration/share/tiago_controller_configuration/config/gravity_compensation_controller_ilm.yaml
[5.565s] -- Up-to-date symlink: /root/tiago_public_ws/install/tiago_controller_configuration/share/tiago_controller_configuration/config/gravity_compensation_controller_parker.yaml
[5.565s] -- Up-to-date symlink: /root/tiago_public_ws/install/tiago_controller_configuration/share/tiago_controller_configuration/config/head_controller.yaml
[5.566s] -- Up-to-date symlink: /root/tiago_public_ws/install/tiago_controller_configuration/share/tiago_controller_configuration/config/imu_sensor_broadcaster.yaml
[5.566s] -- Up-to-date symlink: /root/tiago_public_ws/install/tiago_controller_configuration/share/tiago_controller_configuration/config/joint_state_broadcaster.yaml
[5.566s] -- Up-to-date symlink: /root/tiago_public_ws/install/tiago_controller_configuration/share/tiago_controller_configuration/config/torso_controller.yaml
[5.566s] -- Up-to-date symlink: /root/tiago_public_ws/install/tiago_controller_configuration/share/tiago_controller_configuration/launch/default_controllers.launch.py
[5.566s] -- Up-to-date symlink: /root/tiago_public_ws/install/tiago_controller_configuration/share/tiago_controller_configuration/launch/gravity_compensation_controller.launch.py
[5.566s] -- Up-to-date symlink: /root/tiago_public_ws/install/tiago_controller_configuration/share/ament_index/resource_index/package_run_dependencies/tiago_controller_configuration
[5.566s] -- Up-to-date symlink: /root/tiago_public_ws/install/tiago_controller_configuration/share/ament_index/resource_index/parent_prefix_path/tiago_controller_configuration
[5.567s] -- Up-to-date symlink: /root/tiago_public_ws/install/tiago_controller_configuration/share/tiago_controller_configuration/environment/ament_prefix_path.sh
[5.567s] -- Up-to-date symlink: /root/tiago_public_ws/install/tiago_controller_configuration/share/tiago_controller_configuration/environment/ament_prefix_path.dsv
[5.567s] -- Up-to-date symlink: /root/tiago_public_ws/install/tiago_controller_configuration/share/tiago_controller_configuration/environment/path.sh
[5.567s] -- Up-to-date symlink: /root/tiago_public_ws/install/tiago_controller_configuration/share/tiago_controller_configuration/environment/path.dsv
[5.567s] -- Up-to-date symlink: /root/tiago_public_ws/install/tiago_controller_configuration/share/tiago_controller_configuration/local_setup.bash
[5.567s] -- Up-to-date symlink: /root/tiago_public_ws/install/tiago_controller_configuration/share/tiago_controller_configuration/local_setup.sh
[5.567s] -- Up-to-date symlink: /root/tiago_public_ws/install/tiago_controller_configuration/share/tiago_controller_configuration/local_setup.zsh
[5.578s] -- Up-to-date symlink: /root/tiago_public_ws/install/tiago_controller_configuration/share/tiago_controller_configuration/local_setup.dsv
[5.578s] -- Symlinking: /root/tiago_public_ws/install/tiago_controller_configuration/share/tiago_controller_configuration/package.dsv
[5.579s] -- Up-to-date symlink: /root/tiago_public_ws/install/tiago_controller_configuration/share/ament_index/resource_index/packages/tiago_controller_configuration
[5.579s] -- Up-to-date symlink: /root/tiago_public_ws/install/tiago_controller_configuration/share/tiago_controller_configuration/cmake/tiago_controller_configurationConfig.cmake
[5.579s] -- Up-to-date symlink: /root/tiago_public_ws/install/tiago_controller_configuration/share/tiago_controller_configuration/cmake/tiago_controller_configurationConfig-version.cmake
[5.579s] -- Up-to-date symlink: /root/tiago_public_ws/install/tiago_controller_configuration/share/tiago_controller_configuration/package.xml
[5.593s] Invoked command in '/root/tiago_public_ws/build/tiago_controller_configuration' returned '0': AMENT_PREFIX_PATH=/root/tiago_public_ws/install/pmb2_controller_configuration:/root/tiago_public_ws/install/pal_robotiq_controller_configuration:/root/tiago_public_ws/install/pal_hey5_controller_configuration:/root/tiago_public_ws/install/pal_gripper_controller_configuration:/root/tiago_public_ws/install/launch_pal:${AMENT_PREFIX_PATH} CMAKE_PREFIX_PATH=/root/tiago_public_ws/install/pmb2_controller_configuration:/root/tiago_public_ws/install/pal_robotiq_controller_configuration:/root/tiago_public_ws/install/pal_hey5_controller_configuration:/root/tiago_public_ws/install/pal_gripper_controller_configuration:/opt/ros/humble PYTHONPATH=/root/tiago_public_ws/install/launch_pal/lib/python3.10/site-packages:${PYTHONPATH} /usr/bin/cmake --install /root/tiago_public_ws/build/tiago_controller_configuration
