[0.612s] Invoking command in '/root/tiago_public_ws/build/tiago_bringup': AMENT_PREFIX_PATH=/root/tiago_public_ws/install/tiago_description:/root/tiago_public_ws/install/tiago_controller_configuration:/root/tiago_public_ws/install/pmb2_description:/root/tiago_public_ws/install/pmb2_controller_configuration:/root/tiago_public_ws/install/play_motion2:/root/tiago_public_ws/install/pal_hey5_description:/root/tiago_public_ws/install/pal_gripper_description:/root/tiago_public_ws/install/urdf_test:/root/tiago_public_ws/install/play_motion2_msgs:/root/tiago_public_ws/install/pal_urdf_utils:/root/tiago_public_ws/install/pal_robotiq_description:/root/tiago_public_ws/install/pal_robotiq_controller_configuration:/root/tiago_public_ws/install/pal_hey5_controller_configuration:/root/tiago_public_ws/install/pal_gripper_controller_configuration:/root/tiago_public_ws/install/launch_pal:${AMENT_PREFIX_PATH} CMAKE_PREFIX_PATH=/root/tiago_public_ws/install/tiago_description:/root/tiago_public_ws/install/tiago_controller_configuration:/root/tiago_public_ws/install/pmb2_description:/root/tiago_public_ws/install/pmb2_controller_configuration:/root/tiago_public_ws/install/play_motion2:/root/tiago_public_ws/install/pal_hey5_description:/root/tiago_public_ws/install/pal_gripper_description:/root/tiago_public_ws/install/urdf_test:/root/tiago_public_ws/install/play_motion2_msgs:/root/tiago_public_ws/install/pal_urdf_utils:/root/tiago_public_ws/install/pal_robotiq_description:/root/tiago_public_ws/install/pal_robotiq_controller_configuration:/root/tiago_public_ws/install/pal_hey5_controller_configuration:/root/tiago_public_ws/install/pal_gripper_controller_configuration:/opt/ros/humble LD_LIBRARY_PATH=/root/tiago_public_ws/install/play_motion2/lib:/root/tiago_public_ws/install/play_motion2_msgs/lib:${LD_LIBRARY_PATH} PYTHONPATH=/root/tiago_public_ws/install/tiago_description/local/lib/python3.10/dist-packages:/root/tiago_public_ws/install/pmb2_description/local/lib/python3.10/dist-packages:/root/tiago_public_ws/install/urdf_test/local/lib/python3.10/dist-packages:/root/tiago_public_ws/install/play_motion2_msgs/local/lib/python3.10/dist-packages:/root/tiago_public_ws/build/launch_pal:/root/tiago_public_ws/install/launch_pal/lib/python3.10/site-packages:${PYTHONPATH} /usr/bin/cmake /root/tiago_public_ws/src/tiago_robot/tiago_bringup -DAMENT_CMAKE_SYMLINK_INSTALL=1 -DCMAKE_INSTALL_PREFIX=/root/tiago_public_ws/install/tiago_bringup
[0.696s] -- The C compiler identification is GNU 11.4.0
[1.068s] -- The CXX compiler identification is GNU 11.4.0
[1.454s] -- Detecting C compiler ABI info
[1.590s] -- Detecting C compiler ABI info - done
[1.595s] -- Check for working C compiler: /usr/bin/cc - skipped
[1.595s] -- Detecting C compile features
[1.596s] -- Detecting C compile features - done
[1.599s] -- Detecting CXX compiler ABI info
[1.731s] -- Detecting CXX compiler ABI info - done
[1.736s] -- Check for working CXX compiler: /usr/bin/c++ - skipped
[1.736s] -- Detecting CXX compile features
[1.736s] -- Detecting CXX compile features - done
[1.738s] -- Found ament_cmake_auto: 1.3.10 (/opt/ros/humble/share/ament_cmake_auto/cmake)
[1.853s] -- Found Python3: /usr/bin/python3 (found version "3.10.12") found components: Interpreter 
[1.912s] -- Override CMake install command with custom implementation using symlinks instead of copying resources
[1.981s] -- Found ament_lint_auto: 0.12.11 (/opt/ros/humble/share/ament_lint_auto/cmake)
[1.999s] -- Added test 'copyright' to check source files copyright and LICENSE
[2.001s] -- Added test 'flake8' to check Python code syntax and style conventions
[2.001s] -- Added test 'lint_cmake' to check CMake code style
[2.002s] -- Added test 'pep257' to check Python code against some of the docstring style conventions in PEP 257
[2.003s] -- Added test 'xmllint' to check XML markup files
[2.004s] -- Configuring done
[2.006s] -- Generating done
[2.007s] -- Build files have been written to: /root/tiago_public_ws/build/tiago_bringup
[2.011s] Invoked command in '/root/tiago_public_ws/build/tiago_bringup' returned '0': AMENT_PREFIX_PATH=/root/tiago_public_ws/install/tiago_description:/root/tiago_public_ws/install/tiago_controller_configuration:/root/tiago_public_ws/install/pmb2_description:/root/tiago_public_ws/install/pmb2_controller_configuration:/root/tiago_public_ws/install/play_motion2:/root/tiago_public_ws/install/pal_hey5_description:/root/tiago_public_ws/install/pal_gripper_description:/root/tiago_public_ws/install/urdf_test:/root/tiago_public_ws/install/play_motion2_msgs:/root/tiago_public_ws/install/pal_urdf_utils:/root/tiago_public_ws/install/pal_robotiq_description:/root/tiago_public_ws/install/pal_robotiq_controller_configuration:/root/tiago_public_ws/install/pal_hey5_controller_configuration:/root/tiago_public_ws/install/pal_gripper_controller_configuration:/root/tiago_public_ws/install/launch_pal:${AMENT_PREFIX_PATH} CMAKE_PREFIX_PATH=/root/tiago_public_ws/install/tiago_description:/root/tiago_public_ws/install/tiago_controller_configuration:/root/tiago_public_ws/install/pmb2_description:/root/tiago_public_ws/install/pmb2_controller_configuration:/root/tiago_public_ws/install/play_motion2:/root/tiago_public_ws/install/pal_hey5_description:/root/tiago_public_ws/install/pal_gripper_description:/root/tiago_public_ws/install/urdf_test:/root/tiago_public_ws/install/play_motion2_msgs:/root/tiago_public_ws/install/pal_urdf_utils:/root/tiago_public_ws/install/pal_robotiq_description:/root/tiago_public_ws/install/pal_robotiq_controller_configuration:/root/tiago_public_ws/install/pal_hey5_controller_configuration:/root/tiago_public_ws/install/pal_gripper_controller_configuration:/opt/ros/humble LD_LIBRARY_PATH=/root/tiago_public_ws/install/play_motion2/lib:/root/tiago_public_ws/install/play_motion2_msgs/lib:${LD_LIBRARY_PATH} PYTHONPATH=/root/tiago_public_ws/install/tiago_description/local/lib/python3.10/dist-packages:/root/tiago_public_ws/install/pmb2_description/local/lib/python3.10/dist-packages:/root/tiago_public_ws/install/urdf_test/local/lib/python3.10/dist-packages:/root/tiago_public_ws/install/play_motion2_msgs/local/lib/python3.10/dist-packages:/root/tiago_public_ws/build/launch_pal:/root/tiago_public_ws/install/launch_pal/lib/python3.10/site-packages:${PYTHONPATH} /usr/bin/cmake /root/tiago_public_ws/src/tiago_robot/tiago_bringup -DAMENT_CMAKE_SYMLINK_INSTALL=1 -DCMAKE_INSTALL_PREFIX=/root/tiago_public_ws/install/tiago_bringup
[2.013s] Invoking command in '/root/tiago_public_ws/build/tiago_bringup': AMENT_PREFIX_PATH=/root/tiago_public_ws/install/tiago_description:/root/tiago_public_ws/install/tiago_controller_configuration:/root/tiago_public_ws/install/pmb2_description:/root/tiago_public_ws/install/pmb2_controller_configuration:/root/tiago_public_ws/install/play_motion2:/root/tiago_public_ws/install/pal_hey5_description:/root/tiago_public_ws/install/pal_gripper_description:/root/tiago_public_ws/install/urdf_test:/root/tiago_public_ws/install/play_motion2_msgs:/root/tiago_public_ws/install/pal_urdf_utils:/root/tiago_public_ws/install/pal_robotiq_description:/root/tiago_public_ws/install/pal_robotiq_controller_configuration:/root/tiago_public_ws/install/pal_hey5_controller_configuration:/root/tiago_public_ws/install/pal_gripper_controller_configuration:/root/tiago_public_ws/install/launch_pal:${AMENT_PREFIX_PATH} CMAKE_PREFIX_PATH=/root/tiago_public_ws/install/tiago_description:/root/tiago_public_ws/install/tiago_controller_configuration:/root/tiago_public_ws/install/pmb2_description:/root/tiago_public_ws/install/pmb2_controller_configuration:/root/tiago_public_ws/install/play_motion2:/root/tiago_public_ws/install/pal_hey5_description:/root/tiago_public_ws/install/pal_gripper_description:/root/tiago_public_ws/install/urdf_test:/root/tiago_public_ws/install/play_motion2_msgs:/root/tiago_public_ws/install/pal_urdf_utils:/root/tiago_public_ws/install/pal_robotiq_description:/root/tiago_public_ws/install/pal_robotiq_controller_configuration:/root/tiago_public_ws/install/pal_hey5_controller_configuration:/root/tiago_public_ws/install/pal_gripper_controller_configuration:/opt/ros/humble LD_LIBRARY_PATH=/root/tiago_public_ws/install/play_motion2/lib:/root/tiago_public_ws/install/play_motion2_msgs/lib:${LD_LIBRARY_PATH} PYTHONPATH=/root/tiago_public_ws/install/tiago_description/local/lib/python3.10/dist-packages:/root/tiago_public_ws/install/pmb2_description/local/lib/python3.10/dist-packages:/root/tiago_public_ws/install/urdf_test/local/lib/python3.10/dist-packages:/root/tiago_public_ws/install/play_motion2_msgs/local/lib/python3.10/dist-packages:/root/tiago_public_ws/build/launch_pal:/root/tiago_public_ws/install/launch_pal/lib/python3.10/site-packages:${PYTHONPATH} /usr/bin/cmake --build /root/tiago_public_ws/build/tiago_bringup -- -j8 -l8
[2.035s] Invoked command in '/root/tiago_public_ws/build/tiago_bringup' returned '0': AMENT_PREFIX_PATH=/root/tiago_public_ws/install/tiago_description:/root/tiago_public_ws/install/tiago_controller_configuration:/root/tiago_public_ws/install/pmb2_description:/root/tiago_public_ws/install/pmb2_controller_configuration:/root/tiago_public_ws/install/play_motion2:/root/tiago_public_ws/install/pal_hey5_description:/root/tiago_public_ws/install/pal_gripper_description:/root/tiago_public_ws/install/urdf_test:/root/tiago_public_ws/install/play_motion2_msgs:/root/tiago_public_ws/install/pal_urdf_utils:/root/tiago_public_ws/install/pal_robotiq_description:/root/tiago_public_ws/install/pal_robotiq_controller_configuration:/root/tiago_public_ws/install/pal_hey5_controller_configuration:/root/tiago_public_ws/install/pal_gripper_controller_configuration:/root/tiago_public_ws/install/launch_pal:${AMENT_PREFIX_PATH} CMAKE_PREFIX_PATH=/root/tiago_public_ws/install/tiago_description:/root/tiago_public_ws/install/tiago_controller_configuration:/root/tiago_public_ws/install/pmb2_description:/root/tiago_public_ws/install/pmb2_controller_configuration:/root/tiago_public_ws/install/play_motion2:/root/tiago_public_ws/install/pal_hey5_description:/root/tiago_public_ws/install/pal_gripper_description:/root/tiago_public_ws/install/urdf_test:/root/tiago_public_ws/install/play_motion2_msgs:/root/tiago_public_ws/install/pal_urdf_utils:/root/tiago_public_ws/install/pal_robotiq_description:/root/tiago_public_ws/install/pal_robotiq_controller_configuration:/root/tiago_public_ws/install/pal_hey5_controller_configuration:/root/tiago_public_ws/install/pal_gripper_controller_configuration:/opt/ros/humble LD_LIBRARY_PATH=/root/tiago_public_ws/install/play_motion2/lib:/root/tiago_public_ws/install/play_motion2_msgs/lib:${LD_LIBRARY_PATH} PYTHONPATH=/root/tiago_public_ws/install/tiago_description/local/lib/python3.10/dist-packages:/root/tiago_public_ws/install/pmb2_description/local/lib/python3.10/dist-packages:/root/tiago_public_ws/install/urdf_test/local/lib/python3.10/dist-packages:/root/tiago_public_ws/install/play_motion2_msgs/local/lib/python3.10/dist-packages:/root/tiago_public_ws/build/launch_pal:/root/tiago_public_ws/install/launch_pal/lib/python3.10/site-packages:${PYTHONPATH} /usr/bin/cmake --build /root/tiago_public_ws/build/tiago_bringup -- -j8 -l8
[2.049s] Invoking command in '/root/tiago_public_ws/build/tiago_bringup': AMENT_PREFIX_PATH=/root/tiago_public_ws/install/tiago_description:/root/tiago_public_ws/install/tiago_controller_configuration:/root/tiago_public_ws/install/pmb2_description:/root/tiago_public_ws/install/pmb2_controller_configuration:/root/tiago_public_ws/install/play_motion2:/root/tiago_public_ws/install/pal_hey5_description:/root/tiago_public_ws/install/pal_gripper_description:/root/tiago_public_ws/install/urdf_test:/root/tiago_public_ws/install/play_motion2_msgs:/root/tiago_public_ws/install/pal_urdf_utils:/root/tiago_public_ws/install/pal_robotiq_description:/root/tiago_public_ws/install/pal_robotiq_controller_configuration:/root/tiago_public_ws/install/pal_hey5_controller_configuration:/root/tiago_public_ws/install/pal_gripper_controller_configuration:/root/tiago_public_ws/install/launch_pal:${AMENT_PREFIX_PATH} CMAKE_PREFIX_PATH=/root/tiago_public_ws/install/tiago_description:/root/tiago_public_ws/install/tiago_controller_configuration:/root/tiago_public_ws/install/pmb2_description:/root/tiago_public_ws/install/pmb2_controller_configuration:/root/tiago_public_ws/install/play_motion2:/root/tiago_public_ws/install/pal_hey5_description:/root/tiago_public_ws/install/pal_gripper_description:/root/tiago_public_ws/install/urdf_test:/root/tiago_public_ws/install/play_motion2_msgs:/root/tiago_public_ws/install/pal_urdf_utils:/root/tiago_public_ws/install/pal_robotiq_description:/root/tiago_public_ws/install/pal_robotiq_controller_configuration:/root/tiago_public_ws/install/pal_hey5_controller_configuration:/root/tiago_public_ws/install/pal_gripper_controller_configuration:/opt/ros/humble LD_LIBRARY_PATH=/root/tiago_public_ws/install/play_motion2/lib:/root/tiago_public_ws/install/play_motion2_msgs/lib:${LD_LIBRARY_PATH} PYTHONPATH=/root/tiago_public_ws/install/tiago_description/local/lib/python3.10/dist-packages:/root/tiago_public_ws/install/pmb2_description/local/lib/python3.10/dist-packages:/root/tiago_public_ws/install/urdf_test/local/lib/python3.10/dist-packages:/root/tiago_public_ws/install/play_motion2_msgs/local/lib/python3.10/dist-packages:/root/tiago_public_ws/build/launch_pal:/root/tiago_public_ws/install/launch_pal/lib/python3.10/site-packages:${PYTHONPATH} /usr/bin/cmake --install /root/tiago_public_ws/build/tiago_bringup
[2.053s] -- Install configuration: ""
[2.053s] -- Execute custom install script
[2.054s] -- Symlinking: /root/tiago_public_ws/install/tiago_bringup/lib/tiago_bringup/regen_em_file.py
[2.059s] -- Symlinking: /root/tiago_public_ws/install/tiago_bringup/share/tiago_bringup/config/joy_teleop/joy_config.yaml
[2.065s] -- Symlinking: /root/tiago_public_ws/install/tiago_bringup/share/tiago_bringup/config/joy_teleop/joy_teleop_omni_base.yaml
[2.070s] -- Symlinking: /root/tiago_public_ws/install/tiago_bringup/share/tiago_bringup/config/joy_teleop/joy_teleop_pmb2.yaml
[2.074s] -- Symlinking: /root/tiago_public_ws/install/tiago_bringup/share/tiago_bringup/config/motion_planner/motion_planner.yaml.em
[2.079s] -- Symlinking: /root/tiago_public_ws/install/tiago_bringup/share/tiago_bringup/config/motion_planner/motion_planner_custom.yaml
[2.083s] -- Symlinking: /root/tiago_public_ws/install/tiago_bringup/share/tiago_bringup/config/motion_planner/motion_planner_no-arm.yaml
[2.088s] -- Symlinking: /root/tiago_public_ws/install/tiago_bringup/share/tiago_bringup/config/motion_planner/motion_planner_no-ee.yaml
[2.092s] -- Symlinking: /root/tiago_public_ws/install/tiago_bringup/share/tiago_bringup/config/motion_planner/motion_planner_pal-gripper.yaml
[2.097s] -- Symlinking: /root/tiago_public_ws/install/tiago_bringup/share/tiago_bringup/config/motion_planner/motion_planner_pal-hey5.yaml
[2.102s] -- Symlinking: /root/tiago_public_ws/install/tiago_bringup/share/tiago_bringup/config/motion_planner/motion_planner_robotiq-2f-140.yaml
[2.106s] -- Symlinking: /root/tiago_public_ws/install/tiago_bringup/share/tiago_bringup/config/motion_planner/motion_planner_robotiq-2f-85.yaml
[2.112s] -- Symlinking: /root/tiago_public_ws/install/tiago_bringup/share/tiago_bringup/config/motion_planner/motion_planner_robotiq-epick.yaml
[2.116s] -- Symlinking: /root/tiago_public_ws/install/tiago_bringup/share/tiago_bringup/config/motions/tiago_motions.yaml.em
[2.121s] -- Symlinking: /root/tiago_public_ws/install/tiago_bringup/share/tiago_bringup/config/motions/tiago_motions_custom.yaml
[2.126s] -- Symlinking: /root/tiago_public_ws/install/tiago_bringup/share/tiago_bringup/config/motions/tiago_motions_general.yaml
[2.131s] -- Symlinking: /root/tiago_public_ws/install/tiago_bringup/share/tiago_bringup/config/motions/tiago_motions_no-arm.yaml
[2.136s] -- Symlinking: /root/tiago_public_ws/install/tiago_bringup/share/tiago_bringup/config/motions/tiago_motions_no-ee.yaml
[2.140s] -- Symlinking: /root/tiago_public_ws/install/tiago_bringup/share/tiago_bringup/config/motions/tiago_motions_pal-gripper.yaml
[2.145s] -- Symlinking: /root/tiago_public_ws/install/tiago_bringup/share/tiago_bringup/config/motions/tiago_motions_pal-hey5.yaml
[2.150s] -- Symlinking: /root/tiago_public_ws/install/tiago_bringup/share/tiago_bringup/config/motions/tiago_motions_robotiq-2f-140.yaml
[2.155s] -- Symlinking: /root/tiago_public_ws/install/tiago_bringup/share/tiago_bringup/config/motions/tiago_motions_robotiq-2f-85.yaml
[2.159s] -- Symlinking: /root/tiago_public_ws/install/tiago_bringup/share/tiago_bringup/config/motions/tiago_motions_robotiq-epick.yaml
[2.164s] -- Symlinking: /root/tiago_public_ws/install/tiago_bringup/share/tiago_bringup/config/twist_mux/joystick_omni_base.yaml
[2.168s] -- Symlinking: /root/tiago_public_ws/install/tiago_bringup/share/tiago_bringup/config/twist_mux/joystick_pmb2.yaml
[2.172s] -- Symlinking: /root/tiago_public_ws/install/tiago_bringup/share/tiago_bringup/config/twist_mux/twist_mux_locks.yaml
[2.177s] -- Symlinking: /root/tiago_public_ws/install/tiago_bringup/share/tiago_bringup/config/twist_mux/twist_mux_topics.yaml
[2.181s] -- Symlinking: /root/tiago_public_ws/install/tiago_bringup/share/tiago_bringup/launch/joystick_teleop.launch.py
[2.186s] -- Symlinking: /root/tiago_public_ws/install/tiago_bringup/share/tiago_bringup/launch/tiago_bringup.launch.py
[2.190s] -- Symlinking: /root/tiago_public_ws/install/tiago_bringup/share/tiago_bringup/launch/tiago_play_motion2.launch.py
[2.194s] -- Symlinking: /root/tiago_public_ws/install/tiago_bringup/share/tiago_bringup/launch/twist_mux.launch.py
[2.199s] -- Symlinking: /root/tiago_public_ws/install/tiago_bringup/share/ament_index/resource_index/package_run_dependencies/tiago_bringup
[2.205s] -- Symlinking: /root/tiago_public_ws/install/tiago_bringup/share/ament_index/resource_index/parent_prefix_path/tiago_bringup
[2.211s] -- Symlinking: /root/tiago_public_ws/install/tiago_bringup/share/tiago_bringup/environment/ament_prefix_path.sh
[2.216s] -- Symlinking: /root/tiago_public_ws/install/tiago_bringup/share/tiago_bringup/environment/ament_prefix_path.dsv
[2.221s] -- Symlinking: /root/tiago_public_ws/install/tiago_bringup/share/tiago_bringup/environment/path.sh
[2.225s] -- Symlinking: /root/tiago_public_ws/install/tiago_bringup/share/tiago_bringup/environment/path.dsv
[2.230s] -- Symlinking: /root/tiago_public_ws/install/tiago_bringup/share/tiago_bringup/local_setup.bash
[2.234s] -- Symlinking: /root/tiago_public_ws/install/tiago_bringup/share/tiago_bringup/local_setup.sh
[2.239s] -- Symlinking: /root/tiago_public_ws/install/tiago_bringup/share/tiago_bringup/local_setup.zsh
[2.243s] -- Symlinking: /root/tiago_public_ws/install/tiago_bringup/share/tiago_bringup/local_setup.dsv
[2.248s] -- Symlinking: /root/tiago_public_ws/install/tiago_bringup/share/tiago_bringup/package.dsv
[2.254s] -- Symlinking: /root/tiago_public_ws/install/tiago_bringup/share/ament_index/resource_index/packages/tiago_bringup
[2.259s] -- Symlinking: /root/tiago_public_ws/install/tiago_bringup/share/tiago_bringup/cmake/tiago_bringupConfig.cmake
[2.264s] -- Symlinking: /root/tiago_public_ws/install/tiago_bringup/share/tiago_bringup/cmake/tiago_bringupConfig-version.cmake
[2.269s] -- Symlinking: /root/tiago_public_ws/install/tiago_bringup/share/tiago_bringup/package.xml
[2.276s] Invoked command in '/root/tiago_public_ws/build/tiago_bringup' returned '0': AMENT_PREFIX_PATH=/root/tiago_public_ws/install/tiago_description:/root/tiago_public_ws/install/tiago_controller_configuration:/root/tiago_public_ws/install/pmb2_description:/root/tiago_public_ws/install/pmb2_controller_configuration:/root/tiago_public_ws/install/play_motion2:/root/tiago_public_ws/install/pal_hey5_description:/root/tiago_public_ws/install/pal_gripper_description:/root/tiago_public_ws/install/urdf_test:/root/tiago_public_ws/install/play_motion2_msgs:/root/tiago_public_ws/install/pal_urdf_utils:/root/tiago_public_ws/install/pal_robotiq_description:/root/tiago_public_ws/install/pal_robotiq_controller_configuration:/root/tiago_public_ws/install/pal_hey5_controller_configuration:/root/tiago_public_ws/install/pal_gripper_controller_configuration:/root/tiago_public_ws/install/launch_pal:${AMENT_PREFIX_PATH} CMAKE_PREFIX_PATH=/root/tiago_public_ws/install/tiago_description:/root/tiago_public_ws/install/tiago_controller_configuration:/root/tiago_public_ws/install/pmb2_description:/root/tiago_public_ws/install/pmb2_controller_configuration:/root/tiago_public_ws/install/play_motion2:/root/tiago_public_ws/install/pal_hey5_description:/root/tiago_public_ws/install/pal_gripper_description:/root/tiago_public_ws/install/urdf_test:/root/tiago_public_ws/install/play_motion2_msgs:/root/tiago_public_ws/install/pal_urdf_utils:/root/tiago_public_ws/install/pal_robotiq_description:/root/tiago_public_ws/install/pal_robotiq_controller_configuration:/root/tiago_public_ws/install/pal_hey5_controller_configuration:/root/tiago_public_ws/install/pal_gripper_controller_configuration:/opt/ros/humble LD_LIBRARY_PATH=/root/tiago_public_ws/install/play_motion2/lib:/root/tiago_public_ws/install/play_motion2_msgs/lib:${LD_LIBRARY_PATH} PYTHONPATH=/root/tiago_public_ws/install/tiago_description/local/lib/python3.10/dist-packages:/root/tiago_public_ws/install/pmb2_description/local/lib/python3.10/dist-packages:/root/tiago_public_ws/install/urdf_test/local/lib/python3.10/dist-packages:/root/tiago_public_ws/install/play_motion2_msgs/local/lib/python3.10/dist-packages:/root/tiago_public_ws/build/launch_pal:/root/tiago_public_ws/install/launch_pal/lib/python3.10/site-packages:${PYTHONPATH} /usr/bin/cmake --install /root/tiago_public_ws/build/tiago_bringup
