[0.908s] Invoking command in '/root/tiago_public_ws/build/play_motion2_msgs': CMAKE_PREFIX_PATH=/opt/ros/humble /usr/bin/cmake --build /root/tiago_public_ws/build/play_motion2_msgs -- -j8 -l8
[1.209s] [  1%] Built target play_motion2_msgs__cpp
[1.310s] [  1%] Built target ament_cmake_python_symlink_play_motion2_msgs
[1.531s] [ 12%] Built target play_motion2_msgs__rosidl_typesupport_introspection_cpp
[2.464s] running egg_info
[2.474s] writing play_motion2_msgs.egg-info/PKG-INFO
[2.475s] writing dependency_links to play_motion2_msgs.egg-info/dependency_links.txt
[2.476s] writing top-level names to play_motion2_msgs.egg-info/top_level.txt
[2.494s] reading manifest file 'play_motion2_msgs.egg-info/SOURCES.txt'
[2.503s] writing manifest file 'play_motion2_msgs.egg-info/SOURCES.txt'
[2.612s] [ 12%] Built target ament_cmake_python_build_play_motion2_msgs_egg
[2.780s] [ 24%] Built target play_motion2_msgs__rosidl_typesupport_fastrtps_cpp
[2.922s] [ 35%] Built target play_motion2_msgs__rosidl_typesupport_cpp
[3.089s] [ 46%] Built target play_motion2_msgs__rosidl_generator_c
[3.217s] [ 58%] Built target play_motion2_msgs__rosidl_typesupport_fastrtps_c
[3.349s] [ 69%] Built target play_motion2_msgs__rosidl_typesupport_c
[3.466s] [ 81%] Built target play_motion2_msgs__rosidl_typesupport_introspection_c
[3.596s] [ 81%] Built target play_motion2_msgs
[3.732s] [ 82%] Built target play_motion2_msgs__py
[3.901s] [ 92%] Built target play_motion2_msgs__rosidl_generator_py
[4.062s] [ 94%] Built target play_motion2_msgs__rosidl_typesupport_fastrtps_c__pyext
[4.193s] [ 97%] Built target play_motion2_msgs__rosidl_typesupport_c__pyext
[4.256s] [100%] Built target play_motion2_msgs__rosidl_typesupport_introspection_c__pyext
[4.421s] Invoked command in '/root/tiago_public_ws/build/play_motion2_msgs' returned '0': CMAKE_PREFIX_PATH=/opt/ros/humble /usr/bin/cmake --build /root/tiago_public_ws/build/play_motion2_msgs -- -j8 -l8
[5.339s] Invoking command in '/root/tiago_public_ws/build/play_motion2_msgs': CMAKE_PREFIX_PATH=/opt/ros/humble /usr/bin/cmake --install /root/tiago_public_ws/build/play_motion2_msgs
[5.389s] -- Install configuration: ""
[5.389s] -- Execute custom install script
[5.389s] -- Up-to-date symlink: /root/tiago_public_ws/install/play_motion2_msgs/share/ament_index/resource_index/rosidl_interfaces/play_motion2_msgs
[5.389s] -- Up-to-date symlink: /root/tiago_public_ws/install/play_motion2_msgs/include/play_motion2_msgs/play_motion2_msgs/action/detail/play_motion2__functions.h
[5.389s] -- Up-to-date symlink: /root/tiago_public_ws/install/play_motion2_msgs/include/play_motion2_msgs/play_motion2_msgs/action/detail/play_motion2__struct.h
[5.389s] -- Up-to-date symlink: /root/tiago_public_ws/install/play_motion2_msgs/include/play_motion2_msgs/play_motion2_msgs/action/detail/play_motion2__type_support.h
[5.389s] -- Up-to-date symlink: /root/tiago_public_ws/install/play_motion2_msgs/include/play_motion2_msgs/play_motion2_msgs/action/play_motion2.h
[5.390s] -- Up-to-date symlink: /root/tiago_public_ws/install/play_motion2_msgs/include/play_motion2_msgs/play_motion2_msgs/msg/detail/motion__functions.h
[5.390s] -- Up-to-date symlink: /root/tiago_public_ws/install/play_motion2_msgs/include/play_motion2_msgs/play_motion2_msgs/msg/detail/motion__struct.h
[5.390s] -- Up-to-date symlink: /root/tiago_public_ws/install/play_motion2_msgs/include/play_motion2_msgs/play_motion2_msgs/msg/detail/motion__type_support.h
[5.390s] -- Up-to-date symlink: /root/tiago_public_ws/install/play_motion2_msgs/include/play_motion2_msgs/play_motion2_msgs/msg/motion.h
[5.391s] -- Up-to-date symlink: /root/tiago_public_ws/install/play_motion2_msgs/include/play_motion2_msgs/play_motion2_msgs/msg/rosidl_generator_c__visibility_control.h
[5.392s] -- Up-to-date symlink: /root/tiago_public_ws/install/play_motion2_msgs/include/play_motion2_msgs/play_motion2_msgs/srv/add_motion.h
[5.392s] -- Up-to-date symlink: /root/tiago_public_ws/install/play_motion2_msgs/include/play_motion2_msgs/play_motion2_msgs/srv/detail/add_motion__functions.h
[5.392s] -- Up-to-date symlink: /root/tiago_public_ws/install/play_motion2_msgs/include/play_motion2_msgs/play_motion2_msgs/srv/detail/add_motion__struct.h
[5.393s] -- Up-to-date symlink: /root/tiago_public_ws/install/play_motion2_msgs/include/play_motion2_msgs/play_motion2_msgs/srv/detail/add_motion__type_support.h
[5.393s] -- Up-to-date symlink: /root/tiago_public_ws/install/play_motion2_msgs/include/play_motion2_msgs/play_motion2_msgs/srv/detail/get_motion_info__functions.h
[5.393s] -- Up-to-date symlink: /root/tiago_public_ws/install/play_motion2_msgs/include/play_motion2_msgs/play_motion2_msgs/srv/detail/get_motion_info__struct.h
[5.394s] -- Up-to-date symlink: /root/tiago_public_ws/install/play_motion2_msgs/include/play_motion2_msgs/play_motion2_msgs/srv/detail/get_motion_info__type_support.h
[5.394s] -- Up-to-date symlink: /root/tiago_public_ws/install/play_motion2_msgs/include/play_motion2_msgs/play_motion2_msgs/srv/detail/is_motion_ready__functions.h
[5.394s] -- Up-to-date symlink: /root/tiago_public_ws/install/play_motion2_msgs/include/play_motion2_msgs/play_motion2_msgs/srv/detail/is_motion_ready__struct.h
[5.394s] -- Up-to-date symlink: /root/tiago_public_ws/install/play_motion2_msgs/include/play_motion2_msgs/play_motion2_msgs/srv/detail/is_motion_ready__type_support.h
[5.394s] -- Up-to-date symlink: /root/tiago_public_ws/install/play_motion2_msgs/include/play_motion2_msgs/play_motion2_msgs/srv/detail/list_motions__functions.h
[5.395s] -- Up-to-date symlink: /root/tiago_public_ws/install/play_motion2_msgs/include/play_motion2_msgs/play_motion2_msgs/srv/detail/list_motions__struct.h
[5.395s] -- Up-to-date symlink: /root/tiago_public_ws/install/play_motion2_msgs/include/play_motion2_msgs/play_motion2_msgs/srv/detail/list_motions__type_support.h
[5.395s] -- Up-to-date symlink: /root/tiago_public_ws/install/play_motion2_msgs/include/play_motion2_msgs/play_motion2_msgs/srv/detail/remove_motion__functions.h
[5.395s] -- Up-to-date symlink: /root/tiago_public_ws/install/play_motion2_msgs/include/play_motion2_msgs/play_motion2_msgs/srv/detail/remove_motion__struct.h
[5.395s] -- Up-to-date symlink: /root/tiago_public_ws/install/play_motion2_msgs/include/play_motion2_msgs/play_motion2_msgs/srv/detail/remove_motion__type_support.h
[5.395s] -- Up-to-date symlink: /root/tiago_public_ws/install/play_motion2_msgs/include/play_motion2_msgs/play_motion2_msgs/srv/get_motion_info.h
[5.395s] -- Up-to-date symlink: /root/tiago_public_ws/install/play_motion2_msgs/include/play_motion2_msgs/play_motion2_msgs/srv/is_motion_ready.h
[5.395s] -- Up-to-date symlink: /root/tiago_public_ws/install/play_motion2_msgs/include/play_motion2_msgs/play_motion2_msgs/srv/list_motions.h
[5.395s] -- Up-to-date symlink: /root/tiago_public_ws/install/play_motion2_msgs/include/play_motion2_msgs/play_motion2_msgs/srv/remove_motion.h
[5.397s] -- Up-to-date symlink: /root/tiago_public_ws/install/play_motion2_msgs/share/play_motion2_msgs/environment/library_path.sh
[5.400s] -- Up-to-date symlink: /root/tiago_public_ws/install/play_motion2_msgs/share/play_motion2_msgs/environment/library_path.dsv
[5.400s] -- Up-to-date symlink: /root/tiago_public_ws/install/play_motion2_msgs/include/play_motion2_msgs/play_motion2_msgs/action/detail/play_motion2__rosidl_typesupport_fastrtps_c.h
[5.401s] -- Up-to-date symlink: /root/tiago_public_ws/install/play_motion2_msgs/include/play_motion2_msgs/play_motion2_msgs/msg/detail/motion__rosidl_typesupport_fastrtps_c.h
[5.411s] -- Up-to-date symlink: /root/tiago_public_ws/install/play_motion2_msgs/include/play_motion2_msgs/play_motion2_msgs/msg/rosidl_typesupport_fastrtps_c__visibility_control.h
[5.419s] -- Up-to-date symlink: /root/tiago_public_ws/install/play_motion2_msgs/include/play_motion2_msgs/play_motion2_msgs/srv/detail/add_motion__rosidl_typesupport_fastrtps_c.h
[5.420s] -- Up-to-date symlink: /root/tiago_public_ws/install/play_motion2_msgs/include/play_motion2_msgs/play_motion2_msgs/srv/detail/get_motion_info__rosidl_typesupport_fastrtps_c.h
[5.433s] -- Up-to-date symlink: /root/tiago_public_ws/install/play_motion2_msgs/include/play_motion2_msgs/play_motion2_msgs/srv/detail/is_motion_ready__rosidl_typesupport_fastrtps_c.h
[5.440s] -- Up-to-date symlink: /root/tiago_public_ws/install/play_motion2_msgs/include/play_motion2_msgs/play_motion2_msgs/srv/detail/list_motions__rosidl_typesupport_fastrtps_c.h
[5.440s] -- Up-to-date symlink: /root/tiago_public_ws/install/play_motion2_msgs/include/play_motion2_msgs/play_motion2_msgs/srv/detail/remove_motion__rosidl_typesupport_fastrtps_c.h
[5.442s] -- Up-to-date symlink: /root/tiago_public_ws/install/play_motion2_msgs/include/play_motion2_msgs/play_motion2_msgs/action/detail/play_motion2__builder.hpp
[5.445s] -- Up-to-date symlink: /root/tiago_public_ws/install/play_motion2_msgs/include/play_motion2_msgs/play_motion2_msgs/action/detail/play_motion2__struct.hpp
[5.445s] -- Up-to-date symlink: /root/tiago_public_ws/install/play_motion2_msgs/include/play_motion2_msgs/play_motion2_msgs/action/detail/play_motion2__traits.hpp
[5.445s] -- Up-to-date symlink: /root/tiago_public_ws/install/play_motion2_msgs/include/play_motion2_msgs/play_motion2_msgs/action/play_motion2.hpp
[5.445s] -- Up-to-date symlink: /root/tiago_public_ws/install/play_motion2_msgs/include/play_motion2_msgs/play_motion2_msgs/msg/detail/motion__builder.hpp
[5.445s] -- Up-to-date symlink: /root/tiago_public_ws/install/play_motion2_msgs/include/play_motion2_msgs/play_motion2_msgs/msg/detail/motion__struct.hpp
[5.445s] -- Up-to-date symlink: /root/tiago_public_ws/install/play_motion2_msgs/include/play_motion2_msgs/play_motion2_msgs/msg/detail/motion__traits.hpp
[5.446s] -- Up-to-date symlink: /root/tiago_public_ws/install/play_motion2_msgs/include/play_motion2_msgs/play_motion2_msgs/msg/motion.hpp
[5.446s] -- Up-to-date symlink: /root/tiago_public_ws/install/play_motion2_msgs/include/play_motion2_msgs/play_motion2_msgs/srv/add_motion.hpp
[5.446s] -- Up-to-date symlink: /root/tiago_public_ws/install/play_motion2_msgs/include/play_motion2_msgs/play_motion2_msgs/srv/detail/add_motion__builder.hpp
[5.446s] -- Up-to-date symlink: /root/tiago_public_ws/install/play_motion2_msgs/include/play_motion2_msgs/play_motion2_msgs/srv/detail/add_motion__struct.hpp
[5.450s] -- Up-to-date symlink: /root/tiago_public_ws/install/play_motion2_msgs/include/play_motion2_msgs/play_motion2_msgs/srv/detail/add_motion__traits.hpp
[5.450s] -- Up-to-date symlink: /root/tiago_public_ws/install/play_motion2_msgs/include/play_motion2_msgs/play_motion2_msgs/srv/detail/get_motion_info__builder.hpp
[5.450s] -- Up-to-date symlink: /root/tiago_public_ws/install/play_motion2_msgs/include/play_motion2_msgs/play_motion2_msgs/srv/detail/get_motion_info__struct.hpp
[5.461s] -- Up-to-date symlink: /root/tiago_public_ws/install/play_motion2_msgs/include/play_motion2_msgs/play_motion2_msgs/srv/detail/get_motion_info__traits.hpp
[5.461s] -- Up-to-date symlink: /root/tiago_public_ws/install/play_motion2_msgs/include/play_motion2_msgs/play_motion2_msgs/srv/detail/is_motion_ready__builder.hpp
[5.461s] -- Up-to-date symlink: /root/tiago_public_ws/install/play_motion2_msgs/include/play_motion2_msgs/play_motion2_msgs/srv/detail/is_motion_ready__struct.hpp
[5.461s] -- Up-to-date symlink: /root/tiago_public_ws/install/play_motion2_msgs/include/play_motion2_msgs/play_motion2_msgs/srv/detail/is_motion_ready__traits.hpp
[5.461s] -- Up-to-date symlink: /root/tiago_public_ws/install/play_motion2_msgs/include/play_motion2_msgs/play_motion2_msgs/srv/detail/list_motions__builder.hpp
[5.461s] -- Up-to-date symlink: /root/tiago_public_ws/install/play_motion2_msgs/include/play_motion2_msgs/play_motion2_msgs/srv/detail/list_motions__struct.hpp
[5.461s] -- Up-to-date symlink: /root/tiago_public_ws/install/play_motion2_msgs/include/play_motion2_msgs/play_motion2_msgs/srv/detail/list_motions__traits.hpp
[5.462s] -- Up-to-date symlink: /root/tiago_public_ws/install/play_motion2_msgs/include/play_motion2_msgs/play_motion2_msgs/srv/detail/remove_motion__builder.hpp
[5.462s] -- Up-to-date symlink: /root/tiago_public_ws/install/play_motion2_msgs/include/play_motion2_msgs/play_motion2_msgs/srv/detail/remove_motion__struct.hpp
[5.462s] -- Up-to-date symlink: /root/tiago_public_ws/install/play_motion2_msgs/include/play_motion2_msgs/play_motion2_msgs/srv/detail/remove_motion__traits.hpp
[5.462s] -- Up-to-date symlink: /root/tiago_public_ws/install/play_motion2_msgs/include/play_motion2_msgs/play_motion2_msgs/srv/get_motion_info.hpp
[5.462s] -- Up-to-date symlink: /root/tiago_public_ws/install/play_motion2_msgs/include/play_motion2_msgs/play_motion2_msgs/srv/is_motion_ready.hpp
[5.462s] -- Up-to-date symlink: /root/tiago_public_ws/install/play_motion2_msgs/include/play_motion2_msgs/play_motion2_msgs/srv/list_motions.hpp
[5.462s] -- Up-to-date symlink: /root/tiago_public_ws/install/play_motion2_msgs/include/play_motion2_msgs/play_motion2_msgs/srv/remove_motion.hpp
[5.463s] -- Up-to-date symlink: /root/tiago_public_ws/install/play_motion2_msgs/include/play_motion2_msgs/play_motion2_msgs/action/detail/play_motion2__rosidl_typesupport_fastrtps_cpp.hpp
[5.463s] -- Up-to-date symlink: /root/tiago_public_ws/install/play_motion2_msgs/include/play_motion2_msgs/play_motion2_msgs/msg/detail/motion__rosidl_typesupport_fastrtps_cpp.hpp
[5.463s] -- Up-to-date symlink: /root/tiago_public_ws/install/play_motion2_msgs/include/play_motion2_msgs/play_motion2_msgs/msg/rosidl_typesupport_fastrtps_cpp__visibility_control.h
[5.463s] -- Up-to-date symlink: /root/tiago_public_ws/install/play_motion2_msgs/include/play_motion2_msgs/play_motion2_msgs/srv/detail/add_motion__rosidl_typesupport_fastrtps_cpp.hpp
[5.463s] -- Up-to-date symlink: /root/tiago_public_ws/install/play_motion2_msgs/include/play_motion2_msgs/play_motion2_msgs/srv/detail/get_motion_info__rosidl_typesupport_fastrtps_cpp.hpp
[5.463s] -- Up-to-date symlink: /root/tiago_public_ws/install/play_motion2_msgs/include/play_motion2_msgs/play_motion2_msgs/srv/detail/is_motion_ready__rosidl_typesupport_fastrtps_cpp.hpp
[5.464s] -- Up-to-date symlink: /root/tiago_public_ws/install/play_motion2_msgs/include/play_motion2_msgs/play_motion2_msgs/srv/detail/list_motions__rosidl_typesupport_fastrtps_cpp.hpp
[5.464s] -- Up-to-date symlink: /root/tiago_public_ws/install/play_motion2_msgs/include/play_motion2_msgs/play_motion2_msgs/srv/detail/remove_motion__rosidl_typesupport_fastrtps_cpp.hpp
[5.464s] -- Up-to-date symlink: /root/tiago_public_ws/install/play_motion2_msgs/include/play_motion2_msgs/play_motion2_msgs/action/detail/play_motion2__rosidl_typesupport_introspection_c.h
[5.464s] -- Up-to-date symlink: /root/tiago_public_ws/install/play_motion2_msgs/include/play_motion2_msgs/play_motion2_msgs/msg/detail/motion__rosidl_typesupport_introspection_c.h
[5.464s] -- Up-to-date symlink: /root/tiago_public_ws/install/play_motion2_msgs/include/play_motion2_msgs/play_motion2_msgs/msg/rosidl_typesupport_introspection_c__visibility_control.h
[5.464s] -- Up-to-date symlink: /root/tiago_public_ws/install/play_motion2_msgs/include/play_motion2_msgs/play_motion2_msgs/srv/detail/add_motion__rosidl_typesupport_introspection_c.h
[5.464s] -- Up-to-date symlink: /root/tiago_public_ws/install/play_motion2_msgs/include/play_motion2_msgs/play_motion2_msgs/srv/detail/get_motion_info__rosidl_typesupport_introspection_c.h
[5.465s] -- Up-to-date symlink: /root/tiago_public_ws/install/play_motion2_msgs/include/play_motion2_msgs/play_motion2_msgs/srv/detail/is_motion_ready__rosidl_typesupport_introspection_c.h
[5.465s] -- Up-to-date symlink: /root/tiago_public_ws/install/play_motion2_msgs/include/play_motion2_msgs/play_motion2_msgs/srv/detail/list_motions__rosidl_typesupport_introspection_c.h
[5.465s] -- Up-to-date symlink: /root/tiago_public_ws/install/play_motion2_msgs/include/play_motion2_msgs/play_motion2_msgs/srv/detail/remove_motion__rosidl_typesupport_introspection_c.h
[5.465s] -- Up-to-date symlink: /root/tiago_public_ws/install/play_motion2_msgs/include/play_motion2_msgs/play_motion2_msgs/action/detail/play_motion2__rosidl_typesupport_introspection_cpp.hpp
[5.465s] -- Up-to-date symlink: /root/tiago_public_ws/install/play_motion2_msgs/include/play_motion2_msgs/play_motion2_msgs/msg/detail/motion__rosidl_typesupport_introspection_cpp.hpp
[5.466s] -- Up-to-date symlink: /root/tiago_public_ws/install/play_motion2_msgs/include/play_motion2_msgs/play_motion2_msgs/srv/detail/add_motion__rosidl_typesupport_introspection_cpp.hpp
[5.466s] -- Up-to-date symlink: /root/tiago_public_ws/install/play_motion2_msgs/include/play_motion2_msgs/play_motion2_msgs/srv/detail/get_motion_info__rosidl_typesupport_introspection_cpp.hpp
[5.466s] -- Up-to-date symlink: /root/tiago_public_ws/install/play_motion2_msgs/include/play_motion2_msgs/play_motion2_msgs/srv/detail/is_motion_ready__rosidl_typesupport_introspection_cpp.hpp
[5.466s] -- Up-to-date symlink: /root/tiago_public_ws/install/play_motion2_msgs/include/play_motion2_msgs/play_motion2_msgs/srv/detail/list_motions__rosidl_typesupport_introspection_cpp.hpp
[5.466s] -- Up-to-date symlink: /root/tiago_public_ws/install/play_motion2_msgs/include/play_motion2_msgs/play_motion2_msgs/srv/detail/remove_motion__rosidl_typesupport_introspection_cpp.hpp
[5.476s] -- Up-to-date symlink: /root/tiago_public_ws/install/play_motion2_msgs/share/play_motion2_msgs/environment/pythonpath.sh
[5.476s] -- Up-to-date symlink: /root/tiago_public_ws/install/play_motion2_msgs/share/play_motion2_msgs/environment/pythonpath.dsv
[5.479s] -- Up-to-date symlink: /root/tiago_public_ws/install/play_motion2_msgs/local/lib/python3.10/dist-packages/play_motion2_msgs-1.3.0-py3.10.egg-info/PKG-INFO
[5.479s] -- Up-to-date symlink: /root/tiago_public_ws/install/play_motion2_msgs/local/lib/python3.10/dist-packages/play_motion2_msgs-1.3.0-py3.10.egg-info/SOURCES.txt
[5.486s] -- Up-to-date symlink: /root/tiago_public_ws/install/play_motion2_msgs/local/lib/python3.10/dist-packages/play_motion2_msgs-1.3.0-py3.10.egg-info/dependency_links.txt
[5.486s] -- Up-to-date symlink: /root/tiago_public_ws/install/play_motion2_msgs/local/lib/python3.10/dist-packages/play_motion2_msgs-1.3.0-py3.10.egg-info/top_level.txt
[5.488s] -- Up-to-date symlink: /root/tiago_public_ws/install/play_motion2_msgs/local/lib/python3.10/dist-packages/play_motion2_msgs/__init__.py
[5.491s] -- Up-to-date symlink: /root/tiago_public_ws/install/play_motion2_msgs/local/lib/python3.10/dist-packages/play_motion2_msgs/_play_motion2_msgs_s.ep.rosidl_typesupport_c.c
[5.491s] -- Up-to-date symlink: /root/tiago_public_ws/install/play_motion2_msgs/local/lib/python3.10/dist-packages/play_motion2_msgs/_play_motion2_msgs_s.ep.rosidl_typesupport_fastrtps_c.c
[5.492s] -- Up-to-date symlink: /root/tiago_public_ws/install/play_motion2_msgs/local/lib/python3.10/dist-packages/play_motion2_msgs/_play_motion2_msgs_s.ep.rosidl_typesupport_introspection_c.c
[5.509s] -- Up-to-date symlink: /root/tiago_public_ws/install/play_motion2_msgs/local/lib/python3.10/dist-packages/play_motion2_msgs/action/__init__.py
[5.509s] -- Up-to-date symlink: /root/tiago_public_ws/install/play_motion2_msgs/local/lib/python3.10/dist-packages/play_motion2_msgs/action/_play_motion2.py
[5.509s] -- Up-to-date symlink: /root/tiago_public_ws/install/play_motion2_msgs/local/lib/python3.10/dist-packages/play_motion2_msgs/action/_play_motion2_s.c
[5.509s] -- Up-to-date symlink: /root/tiago_public_ws/install/play_motion2_msgs/local/lib/python3.10/dist-packages/play_motion2_msgs/libplay_motion2_msgs__rosidl_generator_py.so
[5.510s] -- Up-to-date symlink: /root/tiago_public_ws/install/play_motion2_msgs/local/lib/python3.10/dist-packages/play_motion2_msgs/msg/__init__.py
[5.510s] -- Up-to-date symlink: /root/tiago_public_ws/install/play_motion2_msgs/local/lib/python3.10/dist-packages/play_motion2_msgs/msg/_motion.py
[5.510s] -- Up-to-date symlink: /root/tiago_public_ws/install/play_motion2_msgs/local/lib/python3.10/dist-packages/play_motion2_msgs/msg/_motion_s.c
[5.510s] -- Up-to-date symlink: /root/tiago_public_ws/install/play_motion2_msgs/local/lib/python3.10/dist-packages/play_motion2_msgs/play_motion2_msgs_s__rosidl_typesupport_c.cpython-310-x86_64-linux-gnu.so
[5.510s] -- Up-to-date symlink: /root/tiago_public_ws/install/play_motion2_msgs/local/lib/python3.10/dist-packages/play_motion2_msgs/play_motion2_msgs_s__rosidl_typesupport_fastrtps_c.cpython-310-x86_64-linux-gnu.so
[5.510s] -- Up-to-date symlink: /root/tiago_public_ws/install/play_motion2_msgs/local/lib/python3.10/dist-packages/play_motion2_msgs/play_motion2_msgs_s__rosidl_typesupport_introspection_c.cpython-310-x86_64-linux-gnu.so
[5.510s] -- Up-to-date symlink: /root/tiago_public_ws/install/play_motion2_msgs/local/lib/python3.10/dist-packages/play_motion2_msgs/srv/__init__.py
[5.510s] -- Up-to-date symlink: /root/tiago_public_ws/install/play_motion2_msgs/local/lib/python3.10/dist-packages/play_motion2_msgs/srv/_add_motion.py
[5.511s] -- Up-to-date symlink: /root/tiago_public_ws/install/play_motion2_msgs/local/lib/python3.10/dist-packages/play_motion2_msgs/srv/_add_motion_s.c
[5.512s] -- Up-to-date symlink: /root/tiago_public_ws/install/play_motion2_msgs/local/lib/python3.10/dist-packages/play_motion2_msgs/srv/_get_motion_info.py
[5.515s] -- Up-to-date symlink: /root/tiago_public_ws/install/play_motion2_msgs/local/lib/python3.10/dist-packages/play_motion2_msgs/srv/_get_motion_info_s.c
[5.517s] -- Up-to-date symlink: /root/tiago_public_ws/install/play_motion2_msgs/local/lib/python3.10/dist-packages/play_motion2_msgs/srv/_is_motion_ready.py
[5.518s] -- Up-to-date symlink: /root/tiago_public_ws/install/play_motion2_msgs/local/lib/python3.10/dist-packages/play_motion2_msgs/srv/_is_motion_ready_s.c
[5.518s] -- Up-to-date symlink: /root/tiago_public_ws/install/play_motion2_msgs/local/lib/python3.10/dist-packages/play_motion2_msgs/srv/_list_motions.py
[5.518s] -- Up-to-date symlink: /root/tiago_public_ws/install/play_motion2_msgs/local/lib/python3.10/dist-packages/play_motion2_msgs/srv/_list_motions_s.c
[5.519s] -- Up-to-date symlink: /root/tiago_public_ws/install/play_motion2_msgs/local/lib/python3.10/dist-packages/play_motion2_msgs/srv/_remove_motion.py
[5.519s] -- Up-to-date symlink: /root/tiago_public_ws/install/play_motion2_msgs/local/lib/python3.10/dist-packages/play_motion2_msgs/srv/_remove_motion_s.c
[5.522s] -- Up-to-date symlink: /root/tiago_public_ws/install/play_motion2_msgs/local/lib/python3.10/dist-packages/play_motion2_msgs/play_motion2_msgs_s__rosidl_typesupport_fastrtps_c.cpython-310-x86_64-linux-gnu.so
[5.523s] -- Up-to-date symlink: /root/tiago_public_ws/install/play_motion2_msgs/local/lib/python3.10/dist-packages/play_motion2_msgs/play_motion2_msgs_s__rosidl_typesupport_introspection_c.cpython-310-x86_64-linux-gnu.so
[5.526s] -- Up-to-date symlink: /root/tiago_public_ws/install/play_motion2_msgs/local/lib/python3.10/dist-packages/play_motion2_msgs/play_motion2_msgs_s__rosidl_typesupport_c.cpython-310-x86_64-linux-gnu.so
[5.526s] -- Up-to-date symlink: /root/tiago_public_ws/install/play_motion2_msgs/share/play_motion2_msgs/action/PlayMotion2.idl
[5.534s] -- Up-to-date symlink: /root/tiago_public_ws/install/play_motion2_msgs/share/play_motion2_msgs/msg/Motion.idl
[5.541s] -- Up-to-date symlink: /root/tiago_public_ws/install/play_motion2_msgs/share/play_motion2_msgs/srv/AddMotion.idl
[5.541s] -- Up-to-date symlink: /root/tiago_public_ws/install/play_motion2_msgs/share/play_motion2_msgs/srv/GetMotionInfo.idl
[5.542s] -- Up-to-date symlink: /root/tiago_public_ws/install/play_motion2_msgs/share/play_motion2_msgs/srv/IsMotionReady.idl
[5.542s] -- Up-to-date symlink: /root/tiago_public_ws/install/play_motion2_msgs/share/play_motion2_msgs/srv/ListMotions.idl
[5.542s] -- Up-to-date symlink: /root/tiago_public_ws/install/play_motion2_msgs/share/play_motion2_msgs/srv/RemoveMotion.idl
[5.542s] -- Up-to-date symlink: /root/tiago_public_ws/install/play_motion2_msgs/share/play_motion2_msgs/action/PlayMotion2.action
[5.543s] -- Up-to-date symlink: /root/tiago_public_ws/install/play_motion2_msgs/share/play_motion2_msgs/msg/Motion.msg
[5.543s] -- Up-to-date symlink: /root/tiago_public_ws/install/play_motion2_msgs/share/play_motion2_msgs/srv/AddMotion.srv
[5.543s] -- Up-to-date symlink: /root/tiago_public_ws/install/play_motion2_msgs/share/play_motion2_msgs/srv/AddMotion_Request.msg
[5.543s] -- Up-to-date symlink: /root/tiago_public_ws/install/play_motion2_msgs/share/play_motion2_msgs/srv/AddMotion_Response.msg
[5.543s] -- Up-to-date symlink: /root/tiago_public_ws/install/play_motion2_msgs/share/play_motion2_msgs/srv/GetMotionInfo.srv
[5.546s] -- Up-to-date symlink: /root/tiago_public_ws/install/play_motion2_msgs/share/play_motion2_msgs/srv/GetMotionInfo_Request.msg
[5.549s] -- Up-to-date symlink: /root/tiago_public_ws/install/play_motion2_msgs/share/play_motion2_msgs/srv/GetMotionInfo_Response.msg
[5.549s] -- Up-to-date symlink: /root/tiago_public_ws/install/play_motion2_msgs/share/play_motion2_msgs/srv/IsMotionReady.srv
[5.549s] -- Up-to-date symlink: /root/tiago_public_ws/install/play_motion2_msgs/share/play_motion2_msgs/srv/IsMotionReady_Request.msg
[5.552s] -- Up-to-date symlink: /root/tiago_public_ws/install/play_motion2_msgs/share/play_motion2_msgs/srv/IsMotionReady_Response.msg
[5.555s] -- Up-to-date symlink: /root/tiago_public_ws/install/play_motion2_msgs/share/play_motion2_msgs/srv/ListMotions.srv
[5.558s] -- Up-to-date symlink: /root/tiago_public_ws/install/play_motion2_msgs/share/play_motion2_msgs/srv/ListMotions_Request.msg
[5.561s] -- Up-to-date symlink: /root/tiago_public_ws/install/play_motion2_msgs/share/play_motion2_msgs/srv/ListMotions_Response.msg
[5.561s] -- Up-to-date symlink: /root/tiago_public_ws/install/play_motion2_msgs/share/play_motion2_msgs/srv/RemoveMotion.srv
[5.562s] -- Up-to-date symlink: /root/tiago_public_ws/install/play_motion2_msgs/share/play_motion2_msgs/srv/RemoveMotion_Request.msg
[5.562s] -- Up-to-date symlink: /root/tiago_public_ws/install/play_motion2_msgs/share/play_motion2_msgs/srv/RemoveMotion_Response.msg
[5.566s] -- Up-to-date symlink: /root/tiago_public_ws/install/play_motion2_msgs/share/ament_index/resource_index/package_run_dependencies/play_motion2_msgs
[5.566s] -- Up-to-date symlink: /root/tiago_public_ws/install/play_motion2_msgs/share/ament_index/resource_index/parent_prefix_path/play_motion2_msgs
[5.566s] -- Up-to-date symlink: /root/tiago_public_ws/install/play_motion2_msgs/share/play_motion2_msgs/environment/ament_prefix_path.sh
[5.566s] -- Up-to-date symlink: /root/tiago_public_ws/install/play_motion2_msgs/share/play_motion2_msgs/environment/ament_prefix_path.dsv
[5.570s] -- Up-to-date symlink: /root/tiago_public_ws/install/play_motion2_msgs/share/play_motion2_msgs/environment/path.sh
[5.570s] -- Up-to-date symlink: /root/tiago_public_ws/install/play_motion2_msgs/share/play_motion2_msgs/environment/path.dsv
[5.571s] -- Up-to-date symlink: /root/tiago_public_ws/install/play_motion2_msgs/share/play_motion2_msgs/local_setup.bash
[5.571s] -- Up-to-date symlink: /root/tiago_public_ws/install/play_motion2_msgs/share/play_motion2_msgs/local_setup.sh
[5.571s] -- Up-to-date symlink: /root/tiago_public_ws/install/play_motion2_msgs/share/play_motion2_msgs/local_setup.zsh
[5.573s] -- Up-to-date symlink: /root/tiago_public_ws/install/play_motion2_msgs/share/play_motion2_msgs/local_setup.dsv
[5.573s] -- Symlinking: /root/tiago_public_ws/install/play_motion2_msgs/share/play_motion2_msgs/package.dsv
[5.590s] -- Up-to-date symlink: /root/tiago_public_ws/install/play_motion2_msgs/share/ament_index/resource_index/packages/play_motion2_msgs
[5.600s] -- Up-to-date symlink: /root/tiago_public_ws/install/play_motion2_msgs/share/play_motion2_msgs/cmake/rosidl_cmake-extras.cmake
[5.602s] -- Up-to-date symlink: /root/tiago_public_ws/install/play_motion2_msgs/share/play_motion2_msgs/cmake/ament_cmake_export_dependencies-extras.cmake
[5.604s] -- Up-to-date symlink: /root/tiago_public_ws/install/play_motion2_msgs/share/play_motion2_msgs/cmake/ament_cmake_export_include_directories-extras.cmake
[5.604s] -- Up-to-date symlink: /root/tiago_public_ws/install/play_motion2_msgs/share/play_motion2_msgs/cmake/ament_cmake_export_libraries-extras.cmake
[5.610s] -- Up-to-date symlink: /root/tiago_public_ws/install/play_motion2_msgs/share/play_motion2_msgs/cmake/ament_cmake_export_targets-extras.cmake
[5.610s] -- Up-to-date symlink: /root/tiago_public_ws/install/play_motion2_msgs/share/play_motion2_msgs/cmake/rosidl_cmake_export_typesupport_targets-extras.cmake
[5.611s] -- Up-to-date symlink: /root/tiago_public_ws/install/play_motion2_msgs/share/play_motion2_msgs/cmake/rosidl_cmake_export_typesupport_libraries-extras.cmake
[5.614s] -- Up-to-date symlink: /root/tiago_public_ws/install/play_motion2_msgs/share/play_motion2_msgs/cmake/play_motion2_msgsConfig.cmake
[5.615s] -- Up-to-date symlink: /root/tiago_public_ws/install/play_motion2_msgs/share/play_motion2_msgs/cmake/play_motion2_msgsConfig-version.cmake
[5.618s] -- Up-to-date symlink: /root/tiago_public_ws/install/play_motion2_msgs/share/play_motion2_msgs/package.xml
[5.619s] -- Up-to-date: /root/tiago_public_ws/install/play_motion2_msgs/lib/libplay_motion2_msgs__rosidl_generator_c.so
[5.622s] -- Up-to-date: /root/tiago_public_ws/install/play_motion2_msgs/lib/libplay_motion2_msgs__rosidl_typesupport_fastrtps_c.so
[5.638s] -- Up-to-date: /root/tiago_public_ws/install/play_motion2_msgs/lib/libplay_motion2_msgs__rosidl_typesupport_fastrtps_cpp.so
[5.639s] -- Up-to-date: /root/tiago_public_ws/install/play_motion2_msgs/lib/libplay_motion2_msgs__rosidl_typesupport_introspection_c.so
[5.639s] -- Up-to-date: /root/tiago_public_ws/install/play_motion2_msgs/lib/libplay_motion2_msgs__rosidl_typesupport_c.so
[5.639s] -- Up-to-date: /root/tiago_public_ws/install/play_motion2_msgs/lib/libplay_motion2_msgs__rosidl_typesupport_introspection_cpp.so
[5.639s] -- Up-to-date: /root/tiago_public_ws/install/play_motion2_msgs/lib/libplay_motion2_msgs__rosidl_typesupport_cpp.so
[5.716s] Listing '/root/tiago_public_ws/install/play_motion2_msgs/local/lib/python3.10/dist-packages/play_motion2_msgs'...
[5.716s] Listing '/root/tiago_public_ws/install/play_motion2_msgs/local/lib/python3.10/dist-packages/play_motion2_msgs/action'...
[5.716s] Listing '/root/tiago_public_ws/install/play_motion2_msgs/local/lib/python3.10/dist-packages/play_motion2_msgs/msg'...
[5.716s] Listing '/root/tiago_public_ws/install/play_motion2_msgs/local/lib/python3.10/dist-packages/play_motion2_msgs/srv'...
[5.730s] -- Up-to-date: /root/tiago_public_ws/install/play_motion2_msgs/lib/libplay_motion2_msgs__rosidl_generator_py.so
[5.733s] -- Up-to-date: /root/tiago_public_ws/install/play_motion2_msgs/share/play_motion2_msgs/cmake/export_play_motion2_msgs__rosidl_generator_cExport.cmake
[5.733s] -- Up-to-date: /root/tiago_public_ws/install/play_motion2_msgs/share/play_motion2_msgs/cmake/export_play_motion2_msgs__rosidl_generator_cExport-noconfig.cmake
[5.738s] -- Up-to-date: /root/tiago_public_ws/install/play_motion2_msgs/share/play_motion2_msgs/cmake/export_play_motion2_msgs__rosidl_typesupport_fastrtps_cExport.cmake
[5.738s] -- Up-to-date: /root/tiago_public_ws/install/play_motion2_msgs/share/play_motion2_msgs/cmake/export_play_motion2_msgs__rosidl_typesupport_fastrtps_cExport-noconfig.cmake
[5.739s] -- Up-to-date: /root/tiago_public_ws/install/play_motion2_msgs/share/play_motion2_msgs/cmake/export_play_motion2_msgs__rosidl_generator_cppExport.cmake
[5.741s] -- Up-to-date: /root/tiago_public_ws/install/play_motion2_msgs/share/play_motion2_msgs/cmake/export_play_motion2_msgs__rosidl_typesupport_fastrtps_cppExport.cmake
[5.741s] -- Up-to-date: /root/tiago_public_ws/install/play_motion2_msgs/share/play_motion2_msgs/cmake/export_play_motion2_msgs__rosidl_typesupport_fastrtps_cppExport-noconfig.cmake
[5.743s] -- Up-to-date: /root/tiago_public_ws/install/play_motion2_msgs/share/play_motion2_msgs/cmake/play_motion2_msgs__rosidl_typesupport_introspection_cExport.cmake
[5.743s] -- Up-to-date: /root/tiago_public_ws/install/play_motion2_msgs/share/play_motion2_msgs/cmake/play_motion2_msgs__rosidl_typesupport_introspection_cExport-noconfig.cmake
[5.743s] -- Up-to-date: /root/tiago_public_ws/install/play_motion2_msgs/share/play_motion2_msgs/cmake/play_motion2_msgs__rosidl_typesupport_cExport.cmake
[5.743s] -- Up-to-date: /root/tiago_public_ws/install/play_motion2_msgs/share/play_motion2_msgs/cmake/play_motion2_msgs__rosidl_typesupport_cExport-noconfig.cmake
[5.745s] -- Up-to-date: /root/tiago_public_ws/install/play_motion2_msgs/share/play_motion2_msgs/cmake/play_motion2_msgs__rosidl_typesupport_introspection_cppExport.cmake
[5.745s] -- Up-to-date: /root/tiago_public_ws/install/play_motion2_msgs/share/play_motion2_msgs/cmake/play_motion2_msgs__rosidl_typesupport_introspection_cppExport-noconfig.cmake
[5.746s] -- Up-to-date: /root/tiago_public_ws/install/play_motion2_msgs/share/play_motion2_msgs/cmake/play_motion2_msgs__rosidl_typesupport_cppExport.cmake
[5.746s] -- Up-to-date: /root/tiago_public_ws/install/play_motion2_msgs/share/play_motion2_msgs/cmake/play_motion2_msgs__rosidl_typesupport_cppExport-noconfig.cmake
[5.748s] -- Up-to-date: /root/tiago_public_ws/install/play_motion2_msgs/share/play_motion2_msgs/cmake/export_play_motion2_msgs__rosidl_generator_pyExport.cmake
[5.749s] -- Up-to-date: /root/tiago_public_ws/install/play_motion2_msgs/share/play_motion2_msgs/cmake/export_play_motion2_msgs__rosidl_generator_pyExport-noconfig.cmake
[5.794s] Invoked command in '/root/tiago_public_ws/build/play_motion2_msgs' returned '0': CMAKE_PREFIX_PATH=/opt/ros/humble /usr/bin/cmake --install /root/tiago_public_ws/build/play_motion2_msgs
