[0.039s] Invoking command in '/root/tiago_public_ws/build/pal_gazebo_worlds': CMAKE_PREFIX_PATH=/opt/ros/humble /usr/bin/cmake /root/tiago_public_ws/src/pal_gazebo_worlds -DAMENT_CMAKE_SYMLINK_INSTALL=1 -DCMAKE_INSTALL_PREFIX=/root/tiago_public_ws/install/pal_gazebo_worlds
[0.176s] -- The C compiler identification is GNU 11.4.0
[0.448s] -- The CXX compiler identification is GNU 11.4.0
[0.771s] -- Detecting C compiler ABI info
[0.928s] -- Detecting C compiler ABI info - done
[0.936s] -- Check for working C compiler: /usr/bin/cc - skipped
[0.936s] -- Detecting C compile features
[0.936s] -- Detecting C compile features - done
[0.940s] -- Detecting CXX compiler ABI info
[1.093s] -- Detecting CXX compiler ABI info - done
[1.102s] -- Check for working CXX compiler: /usr/bin/c++ - skipped
[1.103s] -- Detecting CXX compile features
[1.103s] -- Detecting CXX compile features - done
[1.105s] -- Found ament_cmake_auto: 1.3.10 (/opt/ros/humble/share/ament_cmake_auto/cmake)
[1.323s] -- Found Python3: /usr/bin/python3 (found version "3.10.12") found components: Interpreter 
[1.413s] -- Override CMake install command with custom implementation using symlinks instead of copying resources
[2.856s] -- Found ament_lint_auto: 0.12.11 (/opt/ros/humble/share/ament_lint_auto/cmake)
[2.968s] -- Added test 'copyright' to check source files copyright and LICENSE
[3.032s] -- Added test 'flake8' to check Python code syntax and style conventions
[3.040s] -- Added test 'lint_cmake' to check CMake code style
[3.045s] -- Added test 'pep257' to check Python code against some of the docstring style conventions in PEP 257
[3.074s] -- Added test 'xmllint' to check XML markup files
[3.077s] -- Configuring done
[3.081s] -- Generating done
[3.083s] -- Build files have been written to: /root/tiago_public_ws/build/pal_gazebo_worlds
[3.094s] Invoked command in '/root/tiago_public_ws/build/pal_gazebo_worlds' returned '0': CMAKE_PREFIX_PATH=/opt/ros/humble /usr/bin/cmake /root/tiago_public_ws/src/pal_gazebo_worlds -DAMENT_CMAKE_SYMLINK_INSTALL=1 -DCMAKE_INSTALL_PREFIX=/root/tiago_public_ws/install/pal_gazebo_worlds
[3.095s] Invoking command in '/root/tiago_public_ws/build/pal_gazebo_worlds': CMAKE_PREFIX_PATH=/opt/ros/humble /usr/bin/cmake --build /root/tiago_public_ws/build/pal_gazebo_worlds -- -j8 -l8
[4.754s] Invoked command in '/root/tiago_public_ws/build/pal_gazebo_worlds' returned '0': CMAKE_PREFIX_PATH=/opt/ros/humble /usr/bin/cmake --build /root/tiago_public_ws/build/pal_gazebo_worlds -- -j8 -l8
[4.836s] Invoking command in '/root/tiago_public_ws/build/pal_gazebo_worlds': CMAKE_PREFIX_PATH=/opt/ros/humble /usr/bin/cmake --install /root/tiago_public_ws/build/pal_gazebo_worlds
[4.855s] -- Install configuration: ""
[4.855s] -- Execute custom install script
[4.864s] -- Symlinking: /root/tiago_public_ws/install/pal_gazebo_worlds/share/pal_gazebo_worlds/config/gazebo_params.yaml
[4.874s] -- Symlinking: /root/tiago_public_ws/install/pal_gazebo_worlds/share/pal_gazebo_worlds/launch/pal_gazebo.launch.py
[4.928s] -- Symlinking: /root/tiago_public_ws/install/pal_gazebo_worlds/share/pal_gazebo_worlds/models/arm_chair/arm_chair.sdf
[4.930s] -- Symlinking: /root/tiago_public_ws/install/pal_gazebo_worlds/share/pal_gazebo_worlds/models/arm_chair/meshes/arm_chair.stl
[4.946s] -- Symlinking: /root/tiago_public_ws/install/pal_gazebo_worlds/share/pal_gazebo_worlds/models/arm_chair/model.config
[4.959s] -- Symlinking: /root/tiago_public_ws/install/pal_gazebo_worlds/share/pal_gazebo_worlds/models/aruco_board/aruco_board.sdf
[4.969s] -- Symlinking: /root/tiago_public_ws/install/pal_gazebo_worlds/share/pal_gazebo_worlds/models/aruco_board/material/scripts/aruco_board.material
[4.980s] -- Symlinking: /root/tiago_public_ws/install/pal_gazebo_worlds/share/pal_gazebo_worlds/models/aruco_board/material/textures/aruco_board.png
[4.991s] -- Symlinking: /root/tiago_public_ws/install/pal_gazebo_worlds/share/pal_gazebo_worlds/models/aruco_board/model.config
[4.999s] -- Symlinking: /root/tiago_public_ws/install/pal_gazebo_worlds/share/pal_gazebo_worlds/models/aruco_cube/aruco_cube.sdf
[5.014s] -- Symlinking: /root/tiago_public_ws/install/pal_gazebo_worlds/share/pal_gazebo_worlds/models/aruco_cube/meshes/aruco_cube_5cm.dae
[5.025s] -- Symlinking: /root/tiago_public_ws/install/pal_gazebo_worlds/share/pal_gazebo_worlds/models/aruco_cube/meshes/aruco_cube_6cm.dae
[5.054s] -- Symlinking: /root/tiago_public_ws/install/pal_gazebo_worlds/share/pal_gazebo_worlds/models/aruco_cube/meshes/aruco_cube_8cm.dae
[5.081s] -- Symlinking: /root/tiago_public_ws/install/pal_gazebo_worlds/share/pal_gazebo_worlds/models/aruco_cube/meshes/marker582.png
[5.089s] -- Symlinking: /root/tiago_public_ws/install/pal_gazebo_worlds/share/pal_gazebo_worlds/models/aruco_cube/meshes/marker582_small_margin.png
[5.102s] -- Symlinking: /root/tiago_public_ws/install/pal_gazebo_worlds/share/pal_gazebo_worlds/models/aruco_cube/model.config
[5.136s] -- Symlinking: /root/tiago_public_ws/install/pal_gazebo_worlds/share/pal_gazebo_worlds/models/aruco_marker_0/materials/scripts/aruco_marker_0.material
[5.151s] -- Symlinking: /root/tiago_public_ws/install/pal_gazebo_worlds/share/pal_gazebo_worlds/models/aruco_marker_0/materials/textures/aruco_marker_0.png
[5.168s] -- Symlinking: /root/tiago_public_ws/install/pal_gazebo_worlds/share/pal_gazebo_worlds/models/aruco_marker_0/model.config
[5.190s] -- Symlinking: /root/tiago_public_ws/install/pal_gazebo_worlds/share/pal_gazebo_worlds/models/aruco_marker_0/model.sdf
[5.201s] -- Symlinking: /root/tiago_public_ws/install/pal_gazebo_worlds/share/pal_gazebo_worlds/models/aruco_marker_20/materials/scripts/aruco_marker_20.material
[5.215s] -- Symlinking: /root/tiago_public_ws/install/pal_gazebo_worlds/share/pal_gazebo_worlds/models/aruco_marker_20/materials/textures/aruco_marker_20.png
[5.232s] -- Symlinking: /root/tiago_public_ws/install/pal_gazebo_worlds/share/pal_gazebo_worlds/models/aruco_marker_20/model.config
[5.248s] -- Symlinking: /root/tiago_public_ws/install/pal_gazebo_worlds/share/pal_gazebo_worlds/models/aruco_marker_20/model.sdf
[5.262s] -- Symlinking: /root/tiago_public_ws/install/pal_gazebo_worlds/share/pal_gazebo_worlds/models/aruco_marker_250_6x6_1/aruco_marker_250_6x6.sdf
[5.307s] -- Symlinking: /root/tiago_public_ws/install/pal_gazebo_worlds/share/pal_gazebo_worlds/models/aruco_marker_250_6x6_1/material/scripts/aruco_marker_250_6x6.material
[5.323s] -- Symlinking: /root/tiago_public_ws/install/pal_gazebo_worlds/share/pal_gazebo_worlds/models/aruco_marker_250_6x6_1/material/textures/Aruco_6x6_250_0.png
[5.341s] -- Symlinking: /root/tiago_public_ws/install/pal_gazebo_worlds/share/pal_gazebo_worlds/models/aruco_marker_250_6x6_1/model.config
[5.359s] -- Symlinking: /root/tiago_public_ws/install/pal_gazebo_worlds/share/pal_gazebo_worlds/models/aruco_marker_250_6x6_2/aruco_marker_250_6x6.sdf
[5.386s] -- Symlinking: /root/tiago_public_ws/install/pal_gazebo_worlds/share/pal_gazebo_worlds/models/aruco_marker_250_6x6_2/material/scripts/aruco_marker_250_6x6.material
[5.415s] -- Symlinking: /root/tiago_public_ws/install/pal_gazebo_worlds/share/pal_gazebo_worlds/models/aruco_marker_250_6x6_2/material/textures/Aruco_6x6_250_1.png
[5.432s] -- Symlinking: /root/tiago_public_ws/install/pal_gazebo_worlds/share/pal_gazebo_worlds/models/aruco_marker_250_6x6_2/model.config
[5.455s] -- Symlinking: /root/tiago_public_ws/install/pal_gazebo_worlds/share/pal_gazebo_worlds/models/aruco_marker_250_6x6_3/aruco_marker_250_6x6.sdf
[5.480s] -- Symlinking: /root/tiago_public_ws/install/pal_gazebo_worlds/share/pal_gazebo_worlds/models/aruco_marker_250_6x6_3/material/scripts/aruco_marker_250_6x6.material
[5.518s] -- Symlinking: /root/tiago_public_ws/install/pal_gazebo_worlds/share/pal_gazebo_worlds/models/aruco_marker_250_6x6_3/material/textures/Aruco_6x6_250_2.png
[5.557s] -- Symlinking: /root/tiago_public_ws/install/pal_gazebo_worlds/share/pal_gazebo_worlds/models/aruco_marker_250_6x6_3/model.config
[5.611s] -- Symlinking: /root/tiago_public_ws/install/pal_gazebo_worlds/share/pal_gazebo_worlds/models/aruco_marker_250_6x6_4/aruco_marker_250_6x6.sdf
[5.645s] -- Symlinking: /root/tiago_public_ws/install/pal_gazebo_worlds/share/pal_gazebo_worlds/models/aruco_marker_250_6x6_4/material/scripts/aruco_marker_250_6x6.material
[5.701s] -- Symlinking: /root/tiago_public_ws/install/pal_gazebo_worlds/share/pal_gazebo_worlds/models/aruco_marker_250_6x6_4/material/textures/Aruco_6x6_250_3.png
[5.710s] -- Symlinking: /root/tiago_public_ws/install/pal_gazebo_worlds/share/pal_gazebo_worlds/models/aruco_marker_250_6x6_4/model.config
[5.758s] -- Symlinking: /root/tiago_public_ws/install/pal_gazebo_worlds/share/pal_gazebo_worlds/models/aruco_marker_6cm_238/aruco_marker_6cm.sdf
[5.776s] -- Symlinking: /root/tiago_public_ws/install/pal_gazebo_worlds/share/pal_gazebo_worlds/models/aruco_marker_6cm_238/material/scripts/aruco_marker_original.material
[5.804s] -- Symlinking: /root/tiago_public_ws/install/pal_gazebo_worlds/share/pal_gazebo_worlds/models/aruco_marker_6cm_238/material/textures/Aruco_6cm_238.png
[5.829s] -- Symlinking: /root/tiago_public_ws/install/pal_gazebo_worlds/share/pal_gazebo_worlds/models/aruco_marker_6cm_238/model.config
[5.898s] -- Symlinking: /root/tiago_public_ws/install/pal_gazebo_worlds/share/pal_gazebo_worlds/models/aruco_marker_6cm_26/aruco_marker_6cm.sdf
[5.931s] -- Symlinking: /root/tiago_public_ws/install/pal_gazebo_worlds/share/pal_gazebo_worlds/models/aruco_marker_6cm_26/material/scripts/aruco_marker_original.material
[5.954s] -- Symlinking: /root/tiago_public_ws/install/pal_gazebo_worlds/share/pal_gazebo_worlds/models/aruco_marker_6cm_26/material/textures/Aruco_6cm_26.png
[5.971s] -- Symlinking: /root/tiago_public_ws/install/pal_gazebo_worlds/share/pal_gazebo_worlds/models/aruco_marker_6cm_26/model.config
[5.990s] -- Symlinking: /root/tiago_public_ws/install/pal_gazebo_worlds/share/pal_gazebo_worlds/models/aruco_marker_6cm_582/aruco_marker_6cm.sdf
[6.023s] -- Symlinking: /root/tiago_public_ws/install/pal_gazebo_worlds/share/pal_gazebo_worlds/models/aruco_marker_6cm_582/material/scripts/aruco_marker_original.material
[6.051s] -- Symlinking: /root/tiago_public_ws/install/pal_gazebo_worlds/share/pal_gazebo_worlds/models/aruco_marker_6cm_582/material/textures/Aruco_6cm_582.png
[6.073s] -- Symlinking: /root/tiago_public_ws/install/pal_gazebo_worlds/share/pal_gazebo_worlds/models/aruco_marker_6cm_582/model.config
[6.096s] -- Symlinking: /root/tiago_public_ws/install/pal_gazebo_worlds/share/pal_gazebo_worlds/models/aruco_marker_6cm_63/aruco_marker_6cm.sdf
[6.107s] -- Symlinking: /root/tiago_public_ws/install/pal_gazebo_worlds/share/pal_gazebo_worlds/models/aruco_marker_6cm_63/material/scripts/aruco_marker_original.material
[6.142s] -- Symlinking: /root/tiago_public_ws/install/pal_gazebo_worlds/share/pal_gazebo_worlds/models/aruco_marker_6cm_63/material/textures/Aruco_6cm_63.png
[6.156s] -- Symlinking: /root/tiago_public_ws/install/pal_gazebo_worlds/share/pal_gazebo_worlds/models/aruco_marker_6cm_63/model.config
[6.175s] -- Symlinking: /root/tiago_public_ws/install/pal_gazebo_worlds/share/pal_gazebo_worlds/models/aruco_marker_9cm_238/aruco_marker_9cm.sdf
[6.204s] -- Symlinking: /root/tiago_public_ws/install/pal_gazebo_worlds/share/pal_gazebo_worlds/models/aruco_marker_9cm_238/material/scripts/aruco_marker_original.material
[6.237s] -- Symlinking: /root/tiago_public_ws/install/pal_gazebo_worlds/share/pal_gazebo_worlds/models/aruco_marker_9cm_238/material/textures/Aruco_9cm_238.png
[6.264s] -- Symlinking: /root/tiago_public_ws/install/pal_gazebo_worlds/share/pal_gazebo_worlds/models/aruco_marker_9cm_238/model.config
[6.283s] -- Symlinking: /root/tiago_public_ws/install/pal_gazebo_worlds/share/pal_gazebo_worlds/models/aruco_marker_9cm_26/aruco_marker_9cm.sdf
[6.338s] -- Symlinking: /root/tiago_public_ws/install/pal_gazebo_worlds/share/pal_gazebo_worlds/models/aruco_marker_9cm_26/material/scripts/aruco_marker_original.material
[6.372s] -- Symlinking: /root/tiago_public_ws/install/pal_gazebo_worlds/share/pal_gazebo_worlds/models/aruco_marker_9cm_26/material/textures/Aruco_9cm_26.png
[6.413s] -- Symlinking: /root/tiago_public_ws/install/pal_gazebo_worlds/share/pal_gazebo_worlds/models/aruco_marker_9cm_26/model.config
[6.447s] -- Symlinking: /root/tiago_public_ws/install/pal_gazebo_worlds/share/pal_gazebo_worlds/models/aruco_marker_9cm_582/aruco_marker_9cm.sdf
[6.478s] -- Symlinking: /root/tiago_public_ws/install/pal_gazebo_worlds/share/pal_gazebo_worlds/models/aruco_marker_9cm_582/material/scripts/aruco_marker_original.material
[6.489s] -- Symlinking: /root/tiago_public_ws/install/pal_gazebo_worlds/share/pal_gazebo_worlds/models/aruco_marker_9cm_582/material/textures/Aruco_9cm_582.png
[6.528s] -- Symlinking: /root/tiago_public_ws/install/pal_gazebo_worlds/share/pal_gazebo_worlds/models/aruco_marker_9cm_582/model.config
[6.538s] -- Symlinking: /root/tiago_public_ws/install/pal_gazebo_worlds/share/pal_gazebo_worlds/models/aruco_marker_9cm_63/aruco_marker_9cm.sdf
[6.551s] -- Symlinking: /root/tiago_public_ws/install/pal_gazebo_worlds/share/pal_gazebo_worlds/models/aruco_marker_9cm_63/material/scripts/aruco_marker_original.material
[6.566s] -- Symlinking: /root/tiago_public_ws/install/pal_gazebo_worlds/share/pal_gazebo_worlds/models/aruco_marker_9cm_63/material/textures/Aruco_9cm_63.png
[6.604s] -- Symlinking: /root/tiago_public_ws/install/pal_gazebo_worlds/share/pal_gazebo_worlds/models/aruco_marker_9cm_63/model.config
[6.662s] -- Symlinking: /root/tiago_public_ws/install/pal_gazebo_worlds/share/pal_gazebo_worlds/models/aruco_marker_original_238/aruco_marker_original.sdf
[6.681s] -- Symlinking: /root/tiago_public_ws/install/pal_gazebo_worlds/share/pal_gazebo_worlds/models/aruco_marker_original_238/material/scripts/aruco_marker_original.material
[6.700s] -- Symlinking: /root/tiago_public_ws/install/pal_gazebo_worlds/share/pal_gazebo_worlds/models/aruco_marker_original_238/material/textures/Aruco_original_238.png
[6.721s] -- Symlinking: /root/tiago_public_ws/install/pal_gazebo_worlds/share/pal_gazebo_worlds/models/aruco_marker_original_238/model.config
[6.749s] -- Symlinking: /root/tiago_public_ws/install/pal_gazebo_worlds/share/pal_gazebo_worlds/models/aruco_marker_original_26/aruco_marker_original.sdf
[6.777s] -- Symlinking: /root/tiago_public_ws/install/pal_gazebo_worlds/share/pal_gazebo_worlds/models/aruco_marker_original_26/material/scripts/aruco_marker_original.material
[6.835s] -- Symlinking: /root/tiago_public_ws/install/pal_gazebo_worlds/share/pal_gazebo_worlds/models/aruco_marker_original_26/material/textures/Aruco_original_26.png
[6.851s] -- Symlinking: /root/tiago_public_ws/install/pal_gazebo_worlds/share/pal_gazebo_worlds/models/aruco_marker_original_26/model.config
[6.896s] -- Symlinking: /root/tiago_public_ws/install/pal_gazebo_worlds/share/pal_gazebo_worlds/models/aruco_marker_original_582/aruco_marker_original.sdf
[6.916s] -- Symlinking: /root/tiago_public_ws/install/pal_gazebo_worlds/share/pal_gazebo_worlds/models/aruco_marker_original_582/material/scripts/aruco_marker_original.material
[6.945s] -- Symlinking: /root/tiago_public_ws/install/pal_gazebo_worlds/share/pal_gazebo_worlds/models/aruco_marker_original_582/material/textures/Aruco_original_582.png
[6.993s] -- Symlinking: /root/tiago_public_ws/install/pal_gazebo_worlds/share/pal_gazebo_worlds/models/aruco_marker_original_582/model.config
[7.022s] -- Symlinking: /root/tiago_public_ws/install/pal_gazebo_worlds/share/pal_gazebo_worlds/models/aruco_marker_original_63/aruco_marker_original.sdf
[7.059s] -- Symlinking: /root/tiago_public_ws/install/pal_gazebo_worlds/share/pal_gazebo_worlds/models/aruco_marker_original_63/material/scripts/aruco_marker_original.material
[7.092s] -- Symlinking: /root/tiago_public_ws/install/pal_gazebo_worlds/share/pal_gazebo_worlds/models/aruco_marker_original_63/material/textures/Aruco_original_63.png
[7.122s] -- Symlinking: /root/tiago_public_ws/install/pal_gazebo_worlds/share/pal_gazebo_worlds/models/aruco_marker_original_63/model.config
[7.146s] -- Symlinking: /root/tiago_public_ws/install/pal_gazebo_worlds/share/pal_gazebo_worlds/models/bauman/README
[7.178s] -- Symlinking: /root/tiago_public_ws/install/pal_gazebo_worlds/share/pal_gazebo_worlds/models/bauman/bauman_walls.png
[7.190s] -- Symlinking: /root/tiago_public_ws/install/pal_gazebo_worlds/share/pal_gazebo_worlds/models/bauman/model.config
[7.212s] -- Symlinking: /root/tiago_public_ws/install/pal_gazebo_worlds/share/pal_gazebo_worlds/models/bauman/model.sdf
[7.227s] -- Symlinking: /root/tiago_public_ws/install/pal_gazebo_worlds/share/pal_gazebo_worlds/models/bench/bench.sdf
[7.251s] -- Symlinking: /root/tiago_public_ws/install/pal_gazebo_worlds/share/pal_gazebo_worlds/models/bench/meshes/bench.stl
[7.293s] -- Symlinking: /root/tiago_public_ws/install/pal_gazebo_worlds/share/pal_gazebo_worlds/models/bench/model.config
[7.322s] -- Symlinking: /root/tiago_public_ws/install/pal_gazebo_worlds/share/pal_gazebo_worlds/models/bifrutas_tropical_can/bifrutas_tropical_can.sdf
[7.352s] -- Symlinking: /root/tiago_public_ws/install/pal_gazebo_worlds/share/pal_gazebo_worlds/models/bifrutas_tropical_can/material/scripts/bifrutas_tropical_can.material
[7.371s] -- Symlinking: /root/tiago_public_ws/install/pal_gazebo_worlds/share/pal_gazebo_worlds/models/bifrutas_tropical_can/material/textures/bifrutas_tropical_can.jpg
[7.403s] -- Symlinking: /root/tiago_public_ws/install/pal_gazebo_worlds/share/pal_gazebo_worlds/models/bifrutas_tropical_can/model.config
[7.441s] -- Symlinking: /root/tiago_public_ws/install/pal_gazebo_worlds/share/pal_gazebo_worlds/models/biscuits_pack/biscuits_pack.sdf
[7.479s] -- Symlinking: /root/tiago_public_ws/install/pal_gazebo_worlds/share/pal_gazebo_worlds/models/biscuits_pack/material/scripts/pringles.material
[7.490s] -- Symlinking: /root/tiago_public_ws/install/pal_gazebo_worlds/share/pal_gazebo_worlds/models/biscuits_pack/material/textures/biscuits_pack.jpg
[7.523s] -- Symlinking: /root/tiago_public_ws/install/pal_gazebo_worlds/share/pal_gazebo_worlds/models/biscuits_pack/model.config
[7.567s] -- Symlinking: /root/tiago_public_ws/install/pal_gazebo_worlds/share/pal_gazebo_worlds/models/box_with_handles/box_with_handles.sdf
[7.582s] -- Symlinking: /root/tiago_public_ws/install/pal_gazebo_worlds/share/pal_gazebo_worlds/models/box_with_handles/material/scripts/aruco_marker_original.material
[7.620s] -- Symlinking: /root/tiago_public_ws/install/pal_gazebo_worlds/share/pal_gazebo_worlds/models/box_with_handles/material/textures/Aruco_original_582.png
[7.659s] -- Symlinking: /root/tiago_public_ws/install/pal_gazebo_worlds/share/pal_gazebo_worlds/models/box_with_handles/model.config
[7.683s] -- Symlinking: /root/tiago_public_ws/install/pal_gazebo_worlds/share/pal_gazebo_worlds/models/brick_box_3x1x3/materials/scripts/brick_box.material
[7.694s] -- Symlinking: /root/tiago_public_ws/install/pal_gazebo_worlds/share/pal_gazebo_worlds/models/brick_box_3x1x3/materials/textures/simple_box.png
[7.713s] -- Symlinking: /root/tiago_public_ws/install/pal_gazebo_worlds/share/pal_gazebo_worlds/models/brick_box_3x1x3/meshes/simple_box.dae
[7.722s] -- Symlinking: /root/tiago_public_ws/install/pal_gazebo_worlds/share/pal_gazebo_worlds/models/brick_box_3x1x3/model-1_3.sdf
[7.732s] -- Symlinking: /root/tiago_public_ws/install/pal_gazebo_worlds/share/pal_gazebo_worlds/models/brick_box_3x1x3/model-1_4.sdf
[7.745s] -- Symlinking: /root/tiago_public_ws/install/pal_gazebo_worlds/share/pal_gazebo_worlds/models/brick_box_3x1x3/model.config
[7.759s] -- Symlinking: /root/tiago_public_ws/install/pal_gazebo_worlds/share/pal_gazebo_worlds/models/brick_box_3x1x3/model.sdf
[7.783s] -- Symlinking: /root/tiago_public_ws/install/pal_gazebo_worlds/share/pal_gazebo_worlds/models/citizen_extras_female_02/images/_01_-_Default1noCulling.JPG
[7.804s] -- Symlinking: /root/tiago_public_ws/install/pal_gazebo_worlds/share/pal_gazebo_worlds/models/citizen_extras_female_02/images/_02_-_Default1noCulling.JPG
[7.832s] -- Symlinking: /root/tiago_public_ws/install/pal_gazebo_worlds/share/pal_gazebo_worlds/models/citizen_extras_female_02/images/_03_-_Default1noCulling.JPG
[7.850s] -- Symlinking: /root/tiago_public_ws/install/pal_gazebo_worlds/share/pal_gazebo_worlds/models/citizen_extras_female_02/meshes/mesh.dae
[7.883s] -- Symlinking: /root/tiago_public_ws/install/pal_gazebo_worlds/share/pal_gazebo_worlds/models/citizen_extras_female_02/model.config
[7.894s] -- Symlinking: /root/tiago_public_ws/install/pal_gazebo_worlds/share/pal_gazebo_worlds/models/citizen_extras_female_02/model.sdf
[7.920s] -- Symlinking: /root/tiago_public_ws/install/pal_gazebo_worlds/share/pal_gazebo_worlds/models/citizen_extras_female_03/images/Material__1noCulling.JPG
[7.937s] -- Symlinking: /root/tiago_public_ws/install/pal_gazebo_worlds/share/pal_gazebo_worlds/models/citizen_extras_female_03/images/Material__2noCulling.JPG
[7.975s] -- Symlinking: /root/tiago_public_ws/install/pal_gazebo_worlds/share/pal_gazebo_worlds/models/citizen_extras_female_03/images/_03_-_Default1noCulling.JPG
[8.007s] -- Symlinking: /root/tiago_public_ws/install/pal_gazebo_worlds/share/pal_gazebo_worlds/models/citizen_extras_female_03/meshes/mesh.dae
[8.026s] -- Symlinking: /root/tiago_public_ws/install/pal_gazebo_worlds/share/pal_gazebo_worlds/models/citizen_extras_female_03/model.config
[8.044s] -- Symlinking: /root/tiago_public_ws/install/pal_gazebo_worlds/share/pal_gazebo_worlds/models/citizen_extras_female_03/model.sdf
[8.085s] -- Symlinking: /root/tiago_public_ws/install/pal_gazebo_worlds/share/pal_gazebo_worlds/models/citizen_extras_male_03/images/Material__1noCulling.JPG
[8.101s] -- Symlinking: /root/tiago_public_ws/install/pal_gazebo_worlds/share/pal_gazebo_worlds/models/citizen_extras_male_03/images/hair1noCulling.JPG
[8.133s] -- Symlinking: /root/tiago_public_ws/install/pal_gazebo_worlds/share/pal_gazebo_worlds/models/citizen_extras_male_03/images/hrad1noCulling.JPG
[8.145s] -- Symlinking: /root/tiago_public_ws/install/pal_gazebo_worlds/share/pal_gazebo_worlds/models/citizen_extras_male_03/meshes/mesh.dae
[8.157s] -- Symlinking: /root/tiago_public_ws/install/pal_gazebo_worlds/share/pal_gazebo_worlds/models/citizen_extras_male_03/model.config
[8.183s] -- Symlinking: /root/tiago_public_ws/install/pal_gazebo_worlds/share/pal_gazebo_worlds/models/citizen_extras_male_03/model.sdf
[8.204s] -- Symlinking: /root/tiago_public_ws/install/pal_gazebo_worlds/share/pal_gazebo_worlds/models/closet/closet.sdf
[8.230s] -- Symlinking: /root/tiago_public_ws/install/pal_gazebo_worlds/share/pal_gazebo_worlds/models/closet/meshes/closet.stl
[8.250s] -- Symlinking: /root/tiago_public_ws/install/pal_gazebo_worlds/share/pal_gazebo_worlds/models/closet/model.config
[8.293s] -- Symlinking: /root/tiago_public_ws/install/pal_gazebo_worlds/share/pal_gazebo_worlds/models/cocacola/cocacola.sdf
[8.334s] -- Symlinking: /root/tiago_public_ws/install/pal_gazebo_worlds/share/pal_gazebo_worlds/models/cocacola/material/scripts/cocacola.material
[8.363s] -- Symlinking: /root/tiago_public_ws/install/pal_gazebo_worlds/share/pal_gazebo_worlds/models/cocacola/material/textures/cocacola.jpg
[8.383s] -- Symlinking: /root/tiago_public_ws/install/pal_gazebo_worlds/share/pal_gazebo_worlds/models/cocacola/model.config
[8.407s] -- Symlinking: /root/tiago_public_ws/install/pal_gazebo_worlds/share/pal_gazebo_worlds/models/coke_can_slim/coke_can_slim.sdf
[8.418s] -- Symlinking: /root/tiago_public_ws/install/pal_gazebo_worlds/share/pal_gazebo_worlds/models/coke_can_slim/material/scripts/coke_can_slim.material
[8.430s] -- Symlinking: /root/tiago_public_ws/install/pal_gazebo_worlds/share/pal_gazebo_worlds/models/coke_can_slim/material/textures/coke_can_slim.jpg
[8.452s] -- Symlinking: /root/tiago_public_ws/install/pal_gazebo_worlds/share/pal_gazebo_worlds/models/coke_can_slim/model.config
[8.473s] -- Symlinking: /root/tiago_public_ws/install/pal_gazebo_worlds/share/pal_gazebo_worlds/models/database.config
[8.485s] -- Symlinking: /root/tiago_public_ws/install/pal_gazebo_worlds/share/pal_gazebo_worlds/models/dining_chair/dining_chair.sdf
[8.510s] -- Symlinking: /root/tiago_public_ws/install/pal_gazebo_worlds/share/pal_gazebo_worlds/models/dining_chair/meshes/dining_chair.stl
[8.533s] -- Symlinking: /root/tiago_public_ws/install/pal_gazebo_worlds/share/pal_gazebo_worlds/models/dining_chair/model.config
[8.576s] -- Symlinking: /root/tiago_public_ws/install/pal_gazebo_worlds/share/pal_gazebo_worlds/models/dock1/dock1.sdf
[8.584s] -- Symlinking: /root/tiago_public_ws/install/pal_gazebo_worlds/share/pal_gazebo_worlds/models/dock1/meshes/dock1.dae
[8.597s] -- Symlinking: /root/tiago_public_ws/install/pal_gazebo_worlds/share/pal_gazebo_worlds/models/dock1/model.config
[8.606s] -- Symlinking: /root/tiago_public_ws/install/pal_gazebo_worlds/share/pal_gazebo_worlds/models/door_obstacle/door_obstacle.sdf
[8.615s] -- Symlinking: /root/tiago_public_ws/install/pal_gazebo_worlds/share/pal_gazebo_worlds/models/door_obstacle/model.config
[8.626s] -- Symlinking: /root/tiago_public_ws/install/pal_gazebo_worlds/share/pal_gazebo_worlds/models/floor_lamp/floor_lamp.sdf
[8.653s] -- Symlinking: /root/tiago_public_ws/install/pal_gazebo_worlds/share/pal_gazebo_worlds/models/floor_lamp/meshes/floor_lamp.stl
[8.676s] -- Symlinking: /root/tiago_public_ws/install/pal_gazebo_worlds/share/pal_gazebo_worlds/models/floor_lamp/model.config
[8.693s] -- Symlinking: /root/tiago_public_ws/install/pal_gazebo_worlds/share/pal_gazebo_worlds/models/goetz_sofa/goetz_sofa.sdf
[8.711s] -- Symlinking: /root/tiago_public_ws/install/pal_gazebo_worlds/share/pal_gazebo_worlds/models/goetz_sofa/materials/textures/texture0.jpg
[8.720s] -- Symlinking: /root/tiago_public_ws/install/pal_gazebo_worlds/share/pal_gazebo_worlds/models/goetz_sofa/meshes/goetz_sofa.dae
[8.736s] -- Symlinking: /root/tiago_public_ws/install/pal_gazebo_worlds/share/pal_gazebo_worlds/models/goetz_sofa/model.config
[8.753s] -- Symlinking: /root/tiago_public_ws/install/pal_gazebo_worlds/share/pal_gazebo_worlds/models/green_ball/materials/scripts/ball.material
[8.769s] -- Symlinking: /root/tiago_public_ws/install/pal_gazebo_worlds/share/pal_gazebo_worlds/models/green_ball/model.config
[8.793s] -- Symlinking: /root/tiago_public_ws/install/pal_gazebo_worlds/share/pal_gazebo_worlds/models/green_ball/model.sdf
[8.808s] -- Symlinking: /root/tiago_public_ws/install/pal_gazebo_worlds/share/pal_gazebo_worlds/models/green_cube/green_cube.sdf
[8.819s] -- Symlinking: /root/tiago_public_ws/install/pal_gazebo_worlds/share/pal_gazebo_worlds/models/green_cube/model.config
[8.833s] -- Symlinking: /root/tiago_public_ws/install/pal_gazebo_worlds/share/pal_gazebo_worlds/models/green_rectangle/green_rectangle.sdf
[8.844s] -- Symlinking: /root/tiago_public_ws/install/pal_gazebo_worlds/share/pal_gazebo_worlds/models/green_rectangle/model.config
[8.858s] -- Symlinking: /root/tiago_public_ws/install/pal_gazebo_worlds/share/pal_gazebo_worlds/models/ground_plane/model-1_2.sdf
[8.867s] -- Symlinking: /root/tiago_public_ws/install/pal_gazebo_worlds/share/pal_gazebo_worlds/models/ground_plane/model-1_3.sdf
[8.878s] -- Symlinking: /root/tiago_public_ws/install/pal_gazebo_worlds/share/pal_gazebo_worlds/models/ground_plane/model-1_4.sdf
[8.886s] -- Symlinking: /root/tiago_public_ws/install/pal_gazebo_worlds/share/pal_gazebo_worlds/models/ground_plane/model.config
[8.898s] -- Symlinking: /root/tiago_public_ws/install/pal_gazebo_worlds/share/pal_gazebo_worlds/models/ground_plane/model.sdf
[8.907s] -- Symlinking: /root/tiago_public_ws/install/pal_gazebo_worlds/share/pal_gazebo_worlds/models/hospital_flat_map/hospital_flat_map.sdf
[8.918s] -- Symlinking: /root/tiago_public_ws/install/pal_gazebo_worlds/share/pal_gazebo_worlds/models/hospital_flat_map/meshes/hospital_flat_map.stl
[8.927s] -- Symlinking: /root/tiago_public_ws/install/pal_gazebo_worlds/share/pal_gazebo_worlds/models/hospital_flat_map/model.config
[8.942s] -- Symlinking: /root/tiago_public_ws/install/pal_gazebo_worlds/share/pal_gazebo_worlds/models/hospital_map/hospital_map.sdf
[8.952s] -- Symlinking: /root/tiago_public_ws/install/pal_gazebo_worlds/share/pal_gazebo_worlds/models/hospital_map/meshes/g1.stl
[8.960s] -- Symlinking: /root/tiago_public_ws/install/pal_gazebo_worlds/share/pal_gazebo_worlds/models/hospital_map/meshes/g2.stl
[8.971s] -- Symlinking: /root/tiago_public_ws/install/pal_gazebo_worlds/share/pal_gazebo_worlds/models/hospital_map/meshes/g3.stl
[8.993s] -- Symlinking: /root/tiago_public_ws/install/pal_gazebo_worlds/share/pal_gazebo_worlds/models/hospital_map/meshes/g4.stl
[8.999s] -- Symlinking: /root/tiago_public_ws/install/pal_gazebo_worlds/share/pal_gazebo_worlds/models/hospital_map/meshes/g5.stl
[9.007s] -- Symlinking: /root/tiago_public_ws/install/pal_gazebo_worlds/share/pal_gazebo_worlds/models/hospital_map/meshes/g6.stl
[9.017s] -- Symlinking: /root/tiago_public_ws/install/pal_gazebo_worlds/share/pal_gazebo_worlds/models/hospital_map/meshes/g7.stl
[9.027s] -- Symlinking: /root/tiago_public_ws/install/pal_gazebo_worlds/share/pal_gazebo_worlds/models/hospital_map/meshes/gr1.stl
[9.033s] -- Symlinking: /root/tiago_public_ws/install/pal_gazebo_worlds/share/pal_gazebo_worlds/models/hospital_map/meshes/gr2.stl
[9.042s] -- Symlinking: /root/tiago_public_ws/install/pal_gazebo_worlds/share/pal_gazebo_worlds/models/hospital_map/meshes/gr3.stl
[9.051s] -- Symlinking: /root/tiago_public_ws/install/pal_gazebo_worlds/share/pal_gazebo_worlds/models/hospital_map/meshes/gr4.stl
[9.059s] -- Symlinking: /root/tiago_public_ws/install/pal_gazebo_worlds/share/pal_gazebo_worlds/models/hospital_map/meshes/gr5.stl
[9.067s] -- Symlinking: /root/tiago_public_ws/install/pal_gazebo_worlds/share/pal_gazebo_worlds/models/hospital_map/meshes/gr6.stl
[9.075s] -- Symlinking: /root/tiago_public_ws/install/pal_gazebo_worlds/share/pal_gazebo_worlds/models/hospital_map/meshes/hospital_map.stl
[9.082s] -- Symlinking: /root/tiago_public_ws/install/pal_gazebo_worlds/share/pal_gazebo_worlds/models/hospital_map/meshes/w1.stl
[9.091s] -- Symlinking: /root/tiago_public_ws/install/pal_gazebo_worlds/share/pal_gazebo_worlds/models/hospital_map/meshes/w2.stl
[9.098s] -- Symlinking: /root/tiago_public_ws/install/pal_gazebo_worlds/share/pal_gazebo_worlds/models/hospital_map/meshes/w3.stl
[9.107s] -- Symlinking: /root/tiago_public_ws/install/pal_gazebo_worlds/share/pal_gazebo_worlds/models/hospital_map/meshes/w4.stl
[9.127s] -- Symlinking: /root/tiago_public_ws/install/pal_gazebo_worlds/share/pal_gazebo_worlds/models/hospital_map/meshes/w5.stl
[9.128s] -- Symlinking: /root/tiago_public_ws/install/pal_gazebo_worlds/share/pal_gazebo_worlds/models/hospital_map/meshes/w6.stl
[9.132s] -- Symlinking: /root/tiago_public_ws/install/pal_gazebo_worlds/share/pal_gazebo_worlds/models/hospital_map/meshes/w7.stl
[9.140s] -- Symlinking: /root/tiago_public_ws/install/pal_gazebo_worlds/share/pal_gazebo_worlds/models/hospital_map/meshes/wr1.stl
[9.147s] -- Symlinking: /root/tiago_public_ws/install/pal_gazebo_worlds/share/pal_gazebo_worlds/models/hospital_map/meshes/wr2.stl
[9.157s] -- Symlinking: /root/tiago_public_ws/install/pal_gazebo_worlds/share/pal_gazebo_worlds/models/hospital_map/meshes/wr3.stl
[9.174s] -- Symlinking: /root/tiago_public_ws/install/pal_gazebo_worlds/share/pal_gazebo_worlds/models/hospital_map/meshes/wr4.stl
[9.175s] -- Symlinking: /root/tiago_public_ws/install/pal_gazebo_worlds/share/pal_gazebo_worlds/models/hospital_map/meshes/wr5.stl
[9.180s] -- Symlinking: /root/tiago_public_ws/install/pal_gazebo_worlds/share/pal_gazebo_worlds/models/hospital_map/meshes/wr6.stl
[9.187s] -- Symlinking: /root/tiago_public_ws/install/pal_gazebo_worlds/share/pal_gazebo_worlds/models/hospital_map/model.config
[9.195s] -- Symlinking: /root/tiago_public_ws/install/pal_gazebo_worlds/share/pal_gazebo_worlds/models/ideal_sun/model.config
[9.201s] -- Symlinking: /root/tiago_public_ws/install/pal_gazebo_worlds/share/pal_gazebo_worlds/models/ideal_sun/model.sdf
[9.210s] -- Symlinking: /root/tiago_public_ws/install/pal_gazebo_worlds/share/pal_gazebo_worlds/models/ikea_ektorp_chair/meshes/IKE06001.JPG
[9.219s] -- Symlinking: /root/tiago_public_ws/install/pal_gazebo_worlds/share/pal_gazebo_worlds/models/ikea_ektorp_chair/meshes/mesh.dae
[9.234s] -- Symlinking: /root/tiago_public_ws/install/pal_gazebo_worlds/share/pal_gazebo_worlds/models/ikea_ektorp_chair/model.config
[9.239s] -- Symlinking: /root/tiago_public_ws/install/pal_gazebo_worlds/share/pal_gazebo_worlds/models/ikea_ektorp_chair/model.sdf
[9.248s] -- Symlinking: /root/tiago_public_ws/install/pal_gazebo_worlds/share/pal_gazebo_worlds/models/ikea_folke_chair/meshes/mesh.dae
[9.256s] -- Symlinking: /root/tiago_public_ws/install/pal_gazebo_worlds/share/pal_gazebo_worlds/models/ikea_folke_chair/meshes/notexture.png
[9.267s] -- Symlinking: /root/tiago_public_ws/install/pal_gazebo_worlds/share/pal_gazebo_worlds/models/ikea_folke_chair/meshes/texture.png
[9.274s] -- Symlinking: /root/tiago_public_ws/install/pal_gazebo_worlds/share/pal_gazebo_worlds/models/ikea_folke_chair/model.config
[9.281s] -- Symlinking: /root/tiago_public_ws/install/pal_gazebo_worlds/share/pal_gazebo_worlds/models/ikea_folke_chair/model.sdf
[9.288s] -- Symlinking: /root/tiago_public_ws/install/pal_gazebo_worlds/share/pal_gazebo_worlds/models/ikea_harry_chair/meshes/body.png
[9.296s] -- Symlinking: /root/tiago_public_ws/install/pal_gazebo_worlds/share/pal_gazebo_worlds/models/ikea_harry_chair/meshes/legs.png
[9.304s] -- Symlinking: /root/tiago_public_ws/install/pal_gazebo_worlds/share/pal_gazebo_worlds/models/ikea_harry_chair/meshes/mesh.dae
[9.311s] -- Symlinking: /root/tiago_public_ws/install/pal_gazebo_worlds/share/pal_gazebo_worlds/models/ikea_harry_chair/model.config
[9.318s] -- Symlinking: /root/tiago_public_ws/install/pal_gazebo_worlds/share/pal_gazebo_worlds/models/ikea_harry_chair/model.sdf
[9.327s] -- Symlinking: /root/tiago_public_ws/install/pal_gazebo_worlds/share/pal_gazebo_worlds/models/ikea_stefan_chair/meshes/mesh.dae
[9.334s] -- Symlinking: /root/tiago_public_ws/install/pal_gazebo_worlds/share/pal_gazebo_worlds/models/ikea_stefan_chair/model.config
[9.343s] -- Symlinking: /root/tiago_public_ws/install/pal_gazebo_worlds/share/pal_gazebo_worlds/models/ikea_stefan_chair/model.sdf
[9.354s] -- Symlinking: /root/tiago_public_ws/install/pal_gazebo_worlds/share/pal_gazebo_worlds/models/ikea_urban_chair/meshes/mesh.dae
[9.360s] -- Symlinking: /root/tiago_public_ws/install/pal_gazebo_worlds/share/pal_gazebo_worlds/models/ikea_urban_chair/meshes/notexture.png
[9.367s] -- Symlinking: /root/tiago_public_ws/install/pal_gazebo_worlds/share/pal_gazebo_worlds/models/ikea_urban_chair/model.config
[9.383s] -- Symlinking: /root/tiago_public_ws/install/pal_gazebo_worlds/share/pal_gazebo_worlds/models/ikea_urban_chair/model.sdf
[9.390s] -- Symlinking: /root/tiago_public_ws/install/pal_gazebo_worlds/share/pal_gazebo_worlds/models/kitchen_chair/kitchen_chair.sdf
[9.398s] -- Symlinking: /root/tiago_public_ws/install/pal_gazebo_worlds/share/pal_gazebo_worlds/models/kitchen_chair/meshes/kitchen_chair.stl
[9.408s] -- Symlinking: /root/tiago_public_ws/install/pal_gazebo_worlds/share/pal_gazebo_worlds/models/kitchen_chair/model.config
[9.414s] -- Symlinking: /root/tiago_public_ws/install/pal_gazebo_worlds/share/pal_gazebo_worlds/models/kitchen_table/kitchen_table.sdf
[9.422s] -- Symlinking: /root/tiago_public_ws/install/pal_gazebo_worlds/share/pal_gazebo_worlds/models/kitchen_table/meshes/kitchen_table.stl
[9.429s] -- Symlinking: /root/tiago_public_ws/install/pal_gazebo_worlds/share/pal_gazebo_worlds/models/kitchen_table/model.config
[9.435s] -- Symlinking: /root/tiago_public_ws/install/pal_gazebo_worlds/share/pal_gazebo_worlds/models/lamp/lamp.sdf
[9.442s] -- Symlinking: /root/tiago_public_ws/install/pal_gazebo_worlds/share/pal_gazebo_worlds/models/lamp/meshes/lamp.stl
[9.449s] -- Symlinking: /root/tiago_public_ws/install/pal_gazebo_worlds/share/pal_gazebo_worlds/models/lamp/model.config
[9.456s] -- Symlinking: /root/tiago_public_ws/install/pal_gazebo_worlds/share/pal_gazebo_worlds/models/macrolink_small_table/model.config
[9.462s] -- Symlinking: /root/tiago_public_ws/install/pal_gazebo_worlds/share/pal_gazebo_worlds/models/macrolink_small_table/table.sdf
[9.469s] -- Symlinking: /root/tiago_public_ws/install/pal_gazebo_worlds/share/pal_gazebo_worlds/models/macrolink_table/model.config
[9.476s] -- Symlinking: /root/tiago_public_ws/install/pal_gazebo_worlds/share/pal_gazebo_worlds/models/macrolink_table/table.sdf
[9.483s] -- Symlinking: /root/tiago_public_ws/install/pal_gazebo_worlds/share/pal_gazebo_worlds/models/marker26_8cm/marker26_8cm.sdf
[9.490s] -- Symlinking: /root/tiago_public_ws/install/pal_gazebo_worlds/share/pal_gazebo_worlds/models/marker26_8cm/material/scripts/marker26_8cm.material
[9.497s] -- Symlinking: /root/tiago_public_ws/install/pal_gazebo_worlds/share/pal_gazebo_worlds/models/marker26_8cm/material/textures/aruco-26_8cm.png
[9.506s] -- Symlinking: /root/tiago_public_ws/install/pal_gazebo_worlds/share/pal_gazebo_worlds/models/marker26_8cm/model.config
[9.513s] -- Symlinking: /root/tiago_public_ws/install/pal_gazebo_worlds/share/pal_gazebo_worlds/models/pal_poster/material/scripts/pal_poster.material
[9.520s] -- Symlinking: /root/tiago_public_ws/install/pal_gazebo_worlds/share/pal_gazebo_worlds/models/pal_poster/material/textures/pal_poster.jpg
[9.526s] -- Symlinking: /root/tiago_public_ws/install/pal_gazebo_worlds/share/pal_gazebo_worlds/models/pal_poster/model.config
[9.532s] -- Symlinking: /root/tiago_public_ws/install/pal_gazebo_worlds/share/pal_gazebo_worlds/models/pal_poster/pal_poster.sdf
[9.539s] -- Symlinking: /root/tiago_public_ws/install/pal_gazebo_worlds/share/pal_gazebo_worlds/models/pal_textured_object/material/scripts/pal_textured_object.material
[9.546s] -- Symlinking: /root/tiago_public_ws/install/pal_gazebo_worlds/share/pal_gazebo_worlds/models/pal_textured_object/material/textures/pal_textured_object.png
[9.552s] -- Symlinking: /root/tiago_public_ws/install/pal_gazebo_worlds/share/pal_gazebo_worlds/models/pal_textured_object/model.config
[9.558s] -- Symlinking: /root/tiago_public_ws/install/pal_gazebo_worlds/share/pal_gazebo_worlds/models/pal_textured_object/pal_textured_object.sdf
[9.564s] -- Symlinking: /root/tiago_public_ws/install/pal_gazebo_worlds/share/pal_gazebo_worlds/models/pringles/material/scripts/pringles.material
[9.571s] -- Symlinking: /root/tiago_public_ws/install/pal_gazebo_worlds/share/pal_gazebo_worlds/models/pringles/material/textures/pringles.jpg
[9.577s] -- Symlinking: /root/tiago_public_ws/install/pal_gazebo_worlds/share/pal_gazebo_worlds/models/pringles/model.config
[9.583s] -- Symlinking: /root/tiago_public_ws/install/pal_gazebo_worlds/share/pal_gazebo_worlds/models/pringles/pringles.sdf
[9.589s] -- Symlinking: /root/tiago_public_ws/install/pal_gazebo_worlds/share/pal_gazebo_worlds/models/pringles2/material/scripts/pringles2.material
[9.595s] -- Symlinking: /root/tiago_public_ws/install/pal_gazebo_worlds/share/pal_gazebo_worlds/models/pringles2/material/textures/pringles2.jpg
[9.602s] -- Symlinking: /root/tiago_public_ws/install/pal_gazebo_worlds/share/pal_gazebo_worlds/models/pringles2/model.config
[9.610s] -- Symlinking: /root/tiago_public_ws/install/pal_gazebo_worlds/share/pal_gazebo_worlds/models/pringles2/pringles2.sdf
[9.617s] -- Symlinking: /root/tiago_public_ws/install/pal_gazebo_worlds/share/pal_gazebo_worlds/models/reemc_bookshelf/bookshelf.sdf
[9.624s] -- Symlinking: /root/tiago_public_ws/install/pal_gazebo_worlds/share/pal_gazebo_worlds/models/reemc_bookshelf/model.config
[9.630s] -- Symlinking: /root/tiago_public_ws/install/pal_gazebo_worlds/share/pal_gazebo_worlds/models/reemc_cabinet/cabinet.sdf
[9.638s] -- Symlinking: /root/tiago_public_ws/install/pal_gazebo_worlds/share/pal_gazebo_worlds/models/reemc_cabinet/model.config
[9.645s] -- Symlinking: /root/tiago_public_ws/install/pal_gazebo_worlds/share/pal_gazebo_worlds/models/reemc_table/model.config
[9.651s] -- Symlinking: /root/tiago_public_ws/install/pal_gazebo_worlds/share/pal_gazebo_worlds/models/reemc_table/table.sdf
[9.658s] -- Symlinking: /root/tiago_public_ws/install/pal_gazebo_worlds/share/pal_gazebo_worlds/models/reemc_textured_object/meshes/mesh.dae
[9.665s] -- Symlinking: /root/tiago_public_ws/install/pal_gazebo_worlds/share/pal_gazebo_worlds/models/reemc_textured_object/meshes/texture.jpg
[9.670s] -- Symlinking: /root/tiago_public_ws/install/pal_gazebo_worlds/share/pal_gazebo_worlds/models/reemc_textured_object/model.config
[9.677s] -- Symlinking: /root/tiago_public_ws/install/pal_gazebo_worlds/share/pal_gazebo_worlds/models/reemc_textured_object/model.sdf
[9.684s] -- Symlinking: /root/tiago_public_ws/install/pal_gazebo_worlds/share/pal_gazebo_worlds/models/reemc_textured_object_nograv/model.config
[9.691s] -- Symlinking: /root/tiago_public_ws/install/pal_gazebo_worlds/share/pal_gazebo_worlds/models/reemc_textured_object_nograv/model.sdf
[9.697s] -- Symlinking: /root/tiago_public_ws/install/pal_gazebo_worlds/share/pal_gazebo_worlds/models/reemc_walls/model.config
[9.704s] -- Symlinking: /root/tiago_public_ws/install/pal_gazebo_worlds/share/pal_gazebo_worlds/models/reemc_walls/walls.sdf
[9.712s] -- Symlinking: /root/tiago_public_ws/install/pal_gazebo_worlds/share/pal_gazebo_worlds/models/reviews_table/meshes/reviews_table.stl
[9.718s] -- Symlinking: /root/tiago_public_ws/install/pal_gazebo_worlds/share/pal_gazebo_worlds/models/reviews_table/model.config
[9.724s] -- Symlinking: /root/tiago_public_ws/install/pal_gazebo_worlds/share/pal_gazebo_worlds/models/reviews_table/reviews_table.sdf
[9.731s] -- Symlinking: /root/tiago_public_ws/install/pal_gazebo_worlds/share/pal_gazebo_worlds/models/robocup_walls_70cm_doors/house_walls.sdf
[9.738s] -- Symlinking: /root/tiago_public_ws/install/pal_gazebo_worlds/share/pal_gazebo_worlds/models/robocup_walls_70cm_doors/meshes/robocup_house.stl
[9.745s] -- Symlinking: /root/tiago_public_ws/install/pal_gazebo_worlds/share/pal_gazebo_worlds/models/robocup_walls_70cm_doors/model.config
[9.750s] -- Symlinking: /root/tiago_public_ws/install/pal_gazebo_worlds/share/pal_gazebo_worlds/models/rockin_camp/README
[9.756s] -- Symlinking: /root/tiago_public_ws/install/pal_gazebo_worlds/share/pal_gazebo_worlds/models/rockin_camp/model.config
[9.764s] -- Symlinking: /root/tiago_public_ws/install/pal_gazebo_worlds/share/pal_gazebo_worlds/models/rockin_camp/model.sdf
[9.770s] -- Symlinking: /root/tiago_public_ws/install/pal_gazebo_worlds/share/pal_gazebo_worlds/models/rockin_camp/rockin_camp.png
[9.777s] -- Symlinking: /root/tiago_public_ws/install/pal_gazebo_worlds/share/pal_gazebo_worlds/models/sideboard/meshes/sideboard.stl
[9.784s] -- Symlinking: /root/tiago_public_ws/install/pal_gazebo_worlds/share/pal_gazebo_worlds/models/sideboard/model.config
[9.789s] -- Symlinking: /root/tiago_public_ws/install/pal_gazebo_worlds/share/pal_gazebo_worlds/models/sideboard/sideboard.sdf
[9.795s] -- Symlinking: /root/tiago_public_ws/install/pal_gazebo_worlds/share/pal_gazebo_worlds/models/slippery_patch/material/scripts/slippery_patch.material
[9.802s] -- Symlinking: /root/tiago_public_ws/install/pal_gazebo_worlds/share/pal_gazebo_worlds/models/slippery_patch/material/textures/slippery_patch.jpg
[9.808s] -- Symlinking: /root/tiago_public_ws/install/pal_gazebo_worlds/share/pal_gazebo_worlds/models/slippery_patch/model.config
[9.814s] -- Symlinking: /root/tiago_public_ws/install/pal_gazebo_worlds/share/pal_gazebo_worlds/models/slippery_patch/slippery_patch.sdf
[9.820s] -- Symlinking: /root/tiago_public_ws/install/pal_gazebo_worlds/share/pal_gazebo_worlds/models/small_cylinder/model.config
[9.826s] -- Symlinking: /root/tiago_public_ws/install/pal_gazebo_worlds/share/pal_gazebo_worlds/models/small_cylinder/small_cylinder.sdf
[9.832s] -- Symlinking: /root/tiago_public_ws/install/pal_gazebo_worlds/share/pal_gazebo_worlds/models/sofa/meshes/sofa.stl
[9.838s] -- Symlinking: /root/tiago_public_ws/install/pal_gazebo_worlds/share/pal_gazebo_worlds/models/sofa/model.config
[9.844s] -- Symlinking: /root/tiago_public_ws/install/pal_gazebo_worlds/share/pal_gazebo_worlds/models/sofa/sofa.sdf
[9.851s] -- Symlinking: /root/tiago_public_ws/install/pal_gazebo_worlds/share/pal_gazebo_worlds/models/sprite/material/scripts/sprite.material
[9.858s] -- Symlinking: /root/tiago_public_ws/install/pal_gazebo_worlds/share/pal_gazebo_worlds/models/sprite/material/textures/sprite.jpg
[9.865s] -- Symlinking: /root/tiago_public_ws/install/pal_gazebo_worlds/share/pal_gazebo_worlds/models/sprite/model.config
[9.871s] -- Symlinking: /root/tiago_public_ws/install/pal_gazebo_worlds/share/pal_gazebo_worlds/models/sprite/sprite.sdf
[9.877s] -- Symlinking: /root/tiago_public_ws/install/pal_gazebo_worlds/share/pal_gazebo_worlds/models/sun/model-1_2.sdf
[9.884s] -- Symlinking: /root/tiago_public_ws/install/pal_gazebo_worlds/share/pal_gazebo_worlds/models/sun/model-1_3.sdf
[9.891s] -- Symlinking: /root/tiago_public_ws/install/pal_gazebo_worlds/share/pal_gazebo_worlds/models/sun/model-1_4.sdf
[9.898s] -- Symlinking: /root/tiago_public_ws/install/pal_gazebo_worlds/share/pal_gazebo_worlds/models/sun/model.config
[9.904s] -- Symlinking: /root/tiago_public_ws/install/pal_gazebo_worlds/share/pal_gazebo_worlds/models/sun/model.sdf
[9.910s] -- Symlinking: /root/tiago_public_ws/install/pal_gazebo_worlds/share/pal_gazebo_worlds/models/table_0m8/model.config
[9.917s] -- Symlinking: /root/tiago_public_ws/install/pal_gazebo_worlds/share/pal_gazebo_worlds/models/table_0m8/table.sdf
[9.923s] -- Symlinking: /root/tiago_public_ws/install/pal_gazebo_worlds/share/pal_gazebo_worlds/models/table_1m/model.config
[9.929s] -- Symlinking: /root/tiago_public_ws/install/pal_gazebo_worlds/share/pal_gazebo_worlds/models/table_1m/table_1m.sdf
[9.935s] -- Symlinking: /root/tiago_public_ws/install/pal_gazebo_worlds/share/pal_gazebo_worlds/models/test2/meshes/test2.dae
[9.941s] -- Symlinking: /root/tiago_public_ws/install/pal_gazebo_worlds/share/pal_gazebo_worlds/models/test2/model.config
[9.947s] -- Symlinking: /root/tiago_public_ws/install/pal_gazebo_worlds/share/pal_gazebo_worlds/models/test2/test2.sdf
[9.953s] -- Symlinking: /root/tiago_public_ws/install/pal_gazebo_worlds/share/pal_gazebo_worlds/models/testing_room/README
[9.959s] -- Symlinking: /root/tiago_public_ws/install/pal_gazebo_worlds/share/pal_gazebo_worlds/models/testing_room/model.config
[9.966s] -- Symlinking: /root/tiago_public_ws/install/pal_gazebo_worlds/share/pal_gazebo_worlds/models/testing_room/model.sdf
[9.972s] -- Symlinking: /root/tiago_public_ws/install/pal_gazebo_worlds/share/pal_gazebo_worlds/models/testing_room/testing_room.png
[9.979s] -- Symlinking: /root/tiago_public_ws/install/pal_gazebo_worlds/share/pal_gazebo_worlds/models/tv/meshes/tv.stl
[9.987s] -- Symlinking: /root/tiago_public_ws/install/pal_gazebo_worlds/share/pal_gazebo_worlds/models/tv/model.config
[9.994s] -- Symlinking: /root/tiago_public_ws/install/pal_gazebo_worlds/share/pal_gazebo_worlds/models/tv/tv.sdf
[10.002s] -- Symlinking: /root/tiago_public_ws/install/pal_gazebo_worlds/share/pal_gazebo_worlds/models/wall_with_reem_photo/material/scripts/ball.material
[10.008s] -- Symlinking: /root/tiago_public_ws/install/pal_gazebo_worlds/share/pal_gazebo_worlds/models/wall_with_reem_photo/material/scripts/wallWithREEMphoto.material
[10.014s] -- Symlinking: /root/tiago_public_ws/install/pal_gazebo_worlds/share/pal_gazebo_worlds/models/wall_with_reem_photo/material/textures/REEM_photo0.jpg
[10.021s] -- Symlinking: /root/tiago_public_ws/install/pal_gazebo_worlds/share/pal_gazebo_worlds/models/wall_with_reem_photo/model.config
[10.028s] -- Symlinking: /root/tiago_public_ws/install/pal_gazebo_worlds/share/pal_gazebo_worlds/models/wall_with_reem_photo/model.sdf
[10.034s] -- Symlinking: /root/tiago_public_ws/install/pal_gazebo_worlds/share/pal_gazebo_worlds/models/wardrobe/meshes/wardrobe.stl
[10.041s] -- Symlinking: /root/tiago_public_ws/install/pal_gazebo_worlds/share/pal_gazebo_worlds/models/wardrobe/model.config
[10.048s] -- Symlinking: /root/tiago_public_ws/install/pal_gazebo_worlds/share/pal_gazebo_worlds/models/wardrobe/wardrobe.sdf
[10.054s] -- Symlinking: /root/tiago_public_ws/install/pal_gazebo_worlds/share/pal_gazebo_worlds/models/willowgarage/materials/textures/Carpet_Berber_Pattern_Gray_.png
[10.062s] -- Symlinking: /root/tiago_public_ws/install/pal_gazebo_worlds/share/pal_gazebo_worlds/models/willowgarage/materials/textures/Stone_Brushed_Khaki_.png
[10.068s] -- Symlinking: /root/tiago_public_ws/install/pal_gazebo_worlds/share/pal_gazebo_worlds/models/willowgarage/materials/textures/Wood_Bamboo_Medium_.png
[10.075s] -- Symlinking: /root/tiago_public_ws/install/pal_gazebo_worlds/share/pal_gazebo_worlds/models/willowgarage/materials/textures/Wood_Cherry_Original_.png
[10.081s] -- Symlinking: /root/tiago_public_ws/install/pal_gazebo_worlds/share/pal_gazebo_worlds/models/willowgarage/materials/textures/__Wood_Bamboo_Medium_1.png
[10.088s] -- Symlinking: /root/tiago_public_ws/install/pal_gazebo_worlds/share/pal_gazebo_worlds/models/willowgarage/materials/textures/__auto_12.png
[10.094s] -- Symlinking: /root/tiago_public_ws/install/pal_gazebo_worlds/share/pal_gazebo_worlds/models/willowgarage/materials/textures/__auto_2.png
[10.102s] -- Symlinking: /root/tiago_public_ws/install/pal_gazebo_worlds/share/pal_gazebo_worlds/models/willowgarage/meshes/willowgarage_collision.dae
[10.109s] -- Symlinking: /root/tiago_public_ws/install/pal_gazebo_worlds/share/pal_gazebo_worlds/models/willowgarage/meshes/willowgarage_visual.dae
[10.118s] -- Symlinking: /root/tiago_public_ws/install/pal_gazebo_worlds/share/pal_gazebo_worlds/worlds/aruco.world
[10.125s] -- Symlinking: /root/tiago_public_ws/install/pal_gazebo_worlds/share/pal_gazebo_worlds/worlds/ball.world
[10.133s] -- Symlinking: /root/tiago_public_ws/install/pal_gazebo_worlds/share/pal_gazebo_worlds/worlds/cabinet_grasping.world
[10.140s] -- Symlinking: /root/tiago_public_ws/install/pal_gazebo_worlds/share/pal_gazebo_worlds/worlds/calibration_room.world
[10.148s] -- Symlinking: /root/tiago_public_ws/install/pal_gazebo_worlds/share/pal_gazebo_worlds/worlds/chairs.world
[10.157s] -- Symlinking: /root/tiago_public_ws/install/pal_gazebo_worlds/share/pal_gazebo_worlds/worlds/corridor_110cm.world
[10.164s] -- Symlinking: /root/tiago_public_ws/install/pal_gazebo_worlds/share/pal_gazebo_worlds/worlds/corridor_60cm.world
[10.170s] -- Symlinking: /root/tiago_public_ws/install/pal_gazebo_worlds/share/pal_gazebo_worlds/worlds/corridor_70cm.world
[10.176s] -- Symlinking: /root/tiago_public_ws/install/pal_gazebo_worlds/share/pal_gazebo_worlds/worlds/corridor_85cm.world
[10.184s] -- Symlinking: /root/tiago_public_ws/install/pal_gazebo_worlds/share/pal_gazebo_worlds/worlds/dock_and_aruco.world
[10.191s] -- Symlinking: /root/tiago_public_ws/install/pal_gazebo_worlds/share/pal_gazebo_worlds/worlds/dock_station.world
[10.198s] -- Symlinking: /root/tiago_public_ws/install/pal_gazebo_worlds/share/pal_gazebo_worlds/worlds/docker_chair.world
[10.205s] -- Symlinking: /root/tiago_public_ws/install/pal_gazebo_worlds/share/pal_gazebo_worlds/worlds/door_obstacle.world
[10.213s] -- Symlinking: /root/tiago_public_ws/install/pal_gazebo_worlds/share/pal_gazebo_worlds/worlds/empty.world
[10.220s] -- Symlinking: /root/tiago_public_ws/install/pal_gazebo_worlds/share/pal_gazebo_worlds/worlds/empty_room.world
[10.227s] -- Symlinking: /root/tiago_public_ws/install/pal_gazebo_worlds/share/pal_gazebo_worlds/worlds/factory.world
[10.234s] -- Symlinking: /root/tiago_public_ws/install/pal_gazebo_worlds/share/pal_gazebo_worlds/worlds/featured.world
[10.240s] -- Symlinking: /root/tiago_public_ws/install/pal_gazebo_worlds/share/pal_gazebo_worlds/worlds/footstep_obstacle.world
[10.248s] -- Symlinking: /root/tiago_public_ws/install/pal_gazebo_worlds/share/pal_gazebo_worlds/worlds/hit_table.world
[10.254s] -- Symlinking: /root/tiago_public_ws/install/pal_gazebo_worlds/share/pal_gazebo_worlds/worlds/home.world
[10.260s] -- Symlinking: /root/tiago_public_ws/install/pal_gazebo_worlds/share/pal_gazebo_worlds/worlds/hospital.world
[10.266s] -- Symlinking: /root/tiago_public_ws/install/pal_gazebo_worlds/share/pal_gazebo_worlds/worlds/hospital_flat.world
[10.274s] -- Symlinking: /root/tiago_public_ws/install/pal_gazebo_worlds/share/pal_gazebo_worlds/worlds/look_to_point.world
[10.282s] -- Symlinking: /root/tiago_public_ws/install/pal_gazebo_worlds/share/pal_gazebo_worlds/worlds/low_sun_empty.world
[10.290s] -- Symlinking: /root/tiago_public_ws/install/pal_gazebo_worlds/share/pal_gazebo_worlds/worlds/memmo_simple.world
[10.297s] -- Symlinking: /root/tiago_public_ws/install/pal_gazebo_worlds/share/pal_gazebo_worlds/worlds/narrow_passage.world
[10.305s] -- Symlinking: /root/tiago_public_ws/install/pal_gazebo_worlds/share/pal_gazebo_worlds/worlds/objects_on_table.world
[10.312s] -- Symlinking: /root/tiago_public_ws/install/pal_gazebo_worlds/share/pal_gazebo_worlds/worlds/pal_office.world
[10.321s] -- Symlinking: /root/tiago_public_ws/install/pal_gazebo_worlds/share/pal_gazebo_worlds/worlds/pal_office_w_aruco.world
[10.329s] -- Symlinking: /root/tiago_public_ws/install/pal_gazebo_worlds/share/pal_gazebo_worlds/worlds/pal_office_w_docks.world
[10.334s] -- Symlinking: /root/tiago_public_ws/install/pal_gazebo_worlds/share/pal_gazebo_worlds/worlds/pal_textured_object.world
[10.341s] -- Symlinking: /root/tiago_public_ws/install/pal_gazebo_worlds/share/pal_gazebo_worlds/worlds/passage_110cm.world
[10.347s] -- Symlinking: /root/tiago_public_ws/install/pal_gazebo_worlds/share/pal_gazebo_worlds/worlds/passage_60cm.world
[10.355s] -- Symlinking: /root/tiago_public_ws/install/pal_gazebo_worlds/share/pal_gazebo_worlds/worlds/passage_70cm.world
[10.361s] -- Symlinking: /root/tiago_public_ws/install/pal_gazebo_worlds/share/pal_gazebo_worlds/worlds/pg_demo.world
[10.369s] -- Symlinking: /root/tiago_public_ws/install/pal_gazebo_worlds/share/pal_gazebo_worlds/worlds/pick.world
[10.377s] -- Symlinking: /root/tiago_public_ws/install/pal_gazebo_worlds/share/pal_gazebo_worlds/worlds/pick_place_cabinet.world
[10.384s] -- Symlinking: /root/tiago_public_ws/install/pal_gazebo_worlds/share/pal_gazebo_worlds/worlds/pick_place_close_demo.world
[10.391s] -- Symlinking: /root/tiago_public_ws/install/pal_gazebo_worlds/share/pal_gazebo_worlds/worlds/pick_place_demo.world
[10.398s] -- Symlinking: /root/tiago_public_ws/install/pal_gazebo_worlds/share/pal_gazebo_worlds/worlds/reemc.world
[10.405s] -- Symlinking: /root/tiago_public_ws/install/pal_gazebo_worlds/share/pal_gazebo_worlds/worlds/reemc_indoor.world
[10.413s] -- Symlinking: /root/tiago_public_ws/install/pal_gazebo_worlds/share/pal_gazebo_worlds/worlds/simple_office.world
[10.420s] -- Symlinking: /root/tiago_public_ws/install/pal_gazebo_worlds/share/pal_gazebo_worlds/worlds/simple_office_with_people.world
[10.427s] -- Symlinking: /root/tiago_public_ws/install/pal_gazebo_worlds/share/pal_gazebo_worlds/worlds/simple_ramp.world
[10.433s] -- Symlinking: /root/tiago_public_ws/install/pal_gazebo_worlds/share/pal_gazebo_worlds/worlds/small_factory.world
[10.441s] -- Symlinking: /root/tiago_public_ws/install/pal_gazebo_worlds/share/pal_gazebo_worlds/worlds/small_office.world
[10.449s] -- Symlinking: /root/tiago_public_ws/install/pal_gazebo_worlds/share/pal_gazebo_worlds/worlds/small_office_door_obstacle.world
[10.455s] -- Symlinking: /root/tiago_public_ws/install/pal_gazebo_worlds/share/pal_gazebo_worlds/worlds/small_office_inventory.world
[10.460s] -- Symlinking: /root/tiago_public_ws/install/pal_gazebo_worlds/share/pal_gazebo_worlds/worlds/small_textured_office.world
[10.467s] -- Symlinking: /root/tiago_public_ws/install/pal_gazebo_worlds/share/pal_gazebo_worlds/worlds/socmcs.world
[10.473s] -- Symlinking: /root/tiago_public_ws/install/pal_gazebo_worlds/share/pal_gazebo_worlds/worlds/stairs.world
[10.479s] -- Symlinking: /root/tiago_public_ws/install/pal_gazebo_worlds/share/pal_gazebo_worlds/worlds/stamping_demo.world
[10.485s] -- Symlinking: /root/tiago_public_ws/install/pal_gazebo_worlds/share/pal_gazebo_worlds/worlds/t_shaped.world
[10.492s] -- Symlinking: /root/tiago_public_ws/install/pal_gazebo_worlds/share/pal_gazebo_worlds/worlds/tabletop_cube.world
[10.498s] -- Symlinking: /root/tiago_public_ws/install/pal_gazebo_worlds/share/pal_gazebo_worlds/worlds/tabletop_cylinder.world
[10.504s] -- Symlinking: /root/tiago_public_ws/install/pal_gazebo_worlds/share/pal_gazebo_worlds/worlds/tutorial_office.world
[10.511s] -- Symlinking: /root/tiago_public_ws/install/pal_gazebo_worlds/share/pal_gazebo_worlds/worlds/voronoi_graph.world
[10.518s] -- Symlinking: /root/tiago_public_ws/install/pal_gazebo_worlds/share/pal_gazebo_worlds/worlds/willow_garage.world
[10.524s] -- Symlinking: /root/tiago_public_ws/install/pal_gazebo_worlds/share/pal_gazebo_worlds/worlds/world_wall_REEM_photo.world
[10.531s] -- Symlinking: /root/tiago_public_ws/install/pal_gazebo_worlds/share/pal_gazebo_worlds/urdf/chessboard/chessboard.gazebo.xacro
[10.538s] -- Symlinking: /root/tiago_public_ws/install/pal_gazebo_worlds/share/pal_gazebo_worlds/urdf/chessboard/chessboard.urdf.xacro
[10.544s] -- Symlinking: /root/tiago_public_ws/install/pal_gazebo_worlds/share/pal_gazebo_worlds/urdf/chessboard/chessboard_example.urdf.xacro
[10.549s] -- Symlinking: /root/tiago_public_ws/install/pal_gazebo_worlds/share/pal_gazebo_worlds/urdf/simple_box.urdf
[10.555s] -- Symlinking: /root/tiago_public_ws/install/pal_gazebo_worlds/share/pal_gazebo_worlds/meshes/chessboard/chessboard.dae
[10.562s] -- Symlinking: /root/tiago_public_ws/install/pal_gazebo_worlds/share/pal_gazebo_worlds/meshes/chessboard/chessboard.png
[10.568s] -- Symlinking: /root/tiago_public_ws/install/pal_gazebo_worlds/share/ament_index/resource_index/package_run_dependencies/pal_gazebo_worlds
[10.576s] -- Symlinking: /root/tiago_public_ws/install/pal_gazebo_worlds/share/ament_index/resource_index/parent_prefix_path/pal_gazebo_worlds
[10.582s] -- Symlinking: /root/tiago_public_ws/install/pal_gazebo_worlds/share/pal_gazebo_worlds/environment/ament_prefix_path.sh
[10.588s] -- Symlinking: /root/tiago_public_ws/install/pal_gazebo_worlds/share/pal_gazebo_worlds/environment/ament_prefix_path.dsv
[10.595s] -- Symlinking: /root/tiago_public_ws/install/pal_gazebo_worlds/share/pal_gazebo_worlds/environment/path.sh
[10.602s] -- Symlinking: /root/tiago_public_ws/install/pal_gazebo_worlds/share/pal_gazebo_worlds/environment/path.dsv
[10.610s] -- Symlinking: /root/tiago_public_ws/install/pal_gazebo_worlds/share/pal_gazebo_worlds/local_setup.bash
[10.617s] -- Symlinking: /root/tiago_public_ws/install/pal_gazebo_worlds/share/pal_gazebo_worlds/local_setup.sh
[10.624s] -- Symlinking: /root/tiago_public_ws/install/pal_gazebo_worlds/share/pal_gazebo_worlds/local_setup.zsh
[10.630s] -- Symlinking: /root/tiago_public_ws/install/pal_gazebo_worlds/share/pal_gazebo_worlds/local_setup.dsv
[10.636s] -- Symlinking: /root/tiago_public_ws/install/pal_gazebo_worlds/share/pal_gazebo_worlds/package.dsv
[10.643s] -- Symlinking: /root/tiago_public_ws/install/pal_gazebo_worlds/share/ament_index/resource_index/packages/pal_gazebo_worlds
[10.651s] -- Symlinking: /root/tiago_public_ws/install/pal_gazebo_worlds/share/pal_gazebo_worlds/cmake/pal_gazebo_worldsConfig.cmake
[10.659s] -- Symlinking: /root/tiago_public_ws/install/pal_gazebo_worlds/share/pal_gazebo_worlds/cmake/pal_gazebo_worldsConfig-version.cmake
[10.667s] -- Symlinking: /root/tiago_public_ws/install/pal_gazebo_worlds/share/pal_gazebo_worlds/package.xml
[10.677s] Invoked command in '/root/tiago_public_ws/build/pal_gazebo_worlds' returned '0': CMAKE_PREFIX_PATH=/opt/ros/humble /usr/bin/cmake --install /root/tiago_public_ws/build/pal_gazebo_worlds
