[1.488s] Invoking command in '/root/tiago_public_ws/build/tiago_description': AMENT_PREFIX_PATH=/root/tiago_public_ws/install/pmb2_description:/root/tiago_public_ws/install/pal_hey5_description:/root/tiago_public_ws/install/pal_gripper_description:/root/tiago_public_ws/install/urdf_test:/root/tiago_public_ws/install/pal_urdf_utils:/root/tiago_public_ws/install/pal_robotiq_description:/root/tiago_public_ws/install/launch_pal:${AMENT_PREFIX_PATH} CMAKE_PREFIX_PATH=/root/tiago_public_ws/install/pmb2_description:/root/tiago_public_ws/install/pal_hey5_description:/root/tiago_public_ws/install/pal_gripper_description:/root/tiago_public_ws/install/urdf_test:/root/tiago_public_ws/install/pal_urdf_utils:/root/tiago_public_ws/install/pal_robotiq_description:/opt/ros/humble PYTHONPATH=/root/tiago_public_ws/install/pmb2_description/local/lib/python3.10/dist-packages:/root/tiago_public_ws/install/urdf_test/local/lib/python3.10/dist-packages:/root/tiago_public_ws/install/launch_pal/lib/python3.10/site-packages:${PYTHONPATH} /usr/bin/cmake --build /root/tiago_public_ws/build/tiago_description -- -j8 -l8
[1.614s] Built target ament_cmake_python_symlink_tiago_description
[2.436s] running egg_info
[2.440s] writing tiago_description.egg-info/PKG-INFO
[2.441s] writing dependency_links to tiago_description.egg-info/dependency_links.txt
[2.441s] writing top-level names to tiago_description.egg-info/top_level.txt
[2.446s] reading manifest file 'tiago_description.egg-info/SOURCES.txt'
[2.454s] writing manifest file 'tiago_description.egg-info/SOURCES.txt'
[2.541s] Built target ament_cmake_python_build_tiago_description_egg
[2.572s] Invoked command in '/root/tiago_public_ws/build/tiago_description' returned '0': AMENT_PREFIX_PATH=/root/tiago_public_ws/install/pmb2_description:/root/tiago_public_ws/install/pal_hey5_description:/root/tiago_public_ws/install/pal_gripper_description:/root/tiago_public_ws/install/urdf_test:/root/tiago_public_ws/install/pal_urdf_utils:/root/tiago_public_ws/install/pal_robotiq_description:/root/tiago_public_ws/install/launch_pal:${AMENT_PREFIX_PATH} CMAKE_PREFIX_PATH=/root/tiago_public_ws/install/pmb2_description:/root/tiago_public_ws/install/pal_hey5_description:/root/tiago_public_ws/install/pal_gripper_description:/root/tiago_public_ws/install/urdf_test:/root/tiago_public_ws/install/pal_urdf_utils:/root/tiago_public_ws/install/pal_robotiq_description:/opt/ros/humble PYTHONPATH=/root/tiago_public_ws/install/pmb2_description/local/lib/python3.10/dist-packages:/root/tiago_public_ws/install/urdf_test/local/lib/python3.10/dist-packages:/root/tiago_public_ws/install/launch_pal/lib/python3.10/site-packages:${PYTHONPATH} /usr/bin/cmake --build /root/tiago_public_ws/build/tiago_description -- -j8 -l8
[2.657s] Invoking command in '/root/tiago_public_ws/build/tiago_description': AMENT_PREFIX_PATH=/root/tiago_public_ws/install/pmb2_description:/root/tiago_public_ws/install/pal_hey5_description:/root/tiago_public_ws/install/pal_gripper_description:/root/tiago_public_ws/install/urdf_test:/root/tiago_public_ws/install/pal_urdf_utils:/root/tiago_public_ws/install/pal_robotiq_description:/root/tiago_public_ws/install/launch_pal:${AMENT_PREFIX_PATH} CMAKE_PREFIX_PATH=/root/tiago_public_ws/install/pmb2_description:/root/tiago_public_ws/install/pal_hey5_description:/root/tiago_public_ws/install/pal_gripper_description:/root/tiago_public_ws/install/urdf_test:/root/tiago_public_ws/install/pal_urdf_utils:/root/tiago_public_ws/install/pal_robotiq_description:/opt/ros/humble PYTHONPATH=/root/tiago_public_ws/install/pmb2_description/local/lib/python3.10/dist-packages:/root/tiago_public_ws/install/urdf_test/local/lib/python3.10/dist-packages:/root/tiago_public_ws/install/launch_pal/lib/python3.10/site-packages:${PYTHONPATH} /usr/bin/cmake --install /root/tiago_public_ws/build/tiago_description
[2.681s] -- Install configuration: ""
[2.682s] -- Execute custom install script
[2.683s] -- Up-to-date symlink: /root/tiago_public_ws/install/tiago_description/share/tiago_description/environment/pythonpath.sh
[2.685s] -- Up-to-date symlink: /root/tiago_public_ws/install/tiago_description/share/tiago_description/environment/pythonpath.dsv
[2.686s] -- Up-to-date symlink: /root/tiago_public_ws/install/tiago_description/local/lib/python3.10/dist-packages/tiago_description-4.6.0-py3.10.egg-info/PKG-INFO
[2.686s] -- Up-to-date symlink: /root/tiago_public_ws/install/tiago_description/local/lib/python3.10/dist-packages/tiago_description-4.6.0-py3.10.egg-info/SOURCES.txt
[2.686s] -- Up-to-date symlink: /root/tiago_public_ws/install/tiago_description/local/lib/python3.10/dist-packages/tiago_description-4.6.0-py3.10.egg-info/dependency_links.txt
[2.686s] -- Up-to-date symlink: /root/tiago_public_ws/install/tiago_description/local/lib/python3.10/dist-packages/tiago_description-4.6.0-py3.10.egg-info/top_level.txt
[2.686s] -- Up-to-date symlink: /root/tiago_public_ws/install/tiago_description/local/lib/python3.10/dist-packages/tiago_description/__init__.py
[2.686s] -- Up-to-date symlink: /root/tiago_public_ws/install/tiago_description/local/lib/python3.10/dist-packages/tiago_description/launch_arguments.py
[2.687s] -- Up-to-date symlink: /root/tiago_public_ws/install/tiago_description/local/lib/python3.10/dist-packages/tiago_description/tiago_launch_utils.py
[2.687s] -- Up-to-date symlink: /root/tiago_public_ws/install/tiago_description/share/tiago_description/launch/robot_state_publisher.launch.py
[2.687s] -- Up-to-date symlink: /root/tiago_public_ws/install/tiago_description/share/tiago_description/launch/show.launch.py
[2.688s] -- Up-to-date symlink: /root/tiago_public_ws/install/tiago_description/share/tiago_description/meshes/arm/arm_1.stl
[2.688s] -- Up-to-date symlink: /root/tiago_public_ws/install/tiago_description/share/tiago_description/meshes/arm/arm_1_collision.dae
[2.689s] -- Up-to-date symlink: /root/tiago_public_ws/install/tiago_description/share/tiago_description/meshes/arm/arm_1_color.png
[2.689s] -- Up-to-date symlink: /root/tiago_public_ws/install/tiago_description/share/tiago_description/meshes/arm/arm_1_normals.png
[2.691s] -- Up-to-date symlink: /root/tiago_public_ws/install/tiago_description/share/tiago_description/meshes/arm/arm_1_specular.png
[2.691s] -- Up-to-date symlink: /root/tiago_public_ws/install/tiago_description/share/tiago_description/meshes/arm/arm_2.stl
[2.691s] -- Up-to-date symlink: /root/tiago_public_ws/install/tiago_description/share/tiago_description/meshes/arm/arm_2_collision.dae
[2.692s] -- Up-to-date symlink: /root/tiago_public_ws/install/tiago_description/share/tiago_description/meshes/arm/arm_2_color.png
[2.693s] -- Up-to-date symlink: /root/tiago_public_ws/install/tiago_description/share/tiago_description/meshes/arm/arm_2_normals.png
[2.693s] -- Up-to-date symlink: /root/tiago_public_ws/install/tiago_description/share/tiago_description/meshes/arm/arm_2_specular.png
[2.693s] -- Up-to-date symlink: /root/tiago_public_ws/install/tiago_description/share/tiago_description/meshes/arm/arm_3.stl
[2.694s] -- Up-to-date symlink: /root/tiago_public_ws/install/tiago_description/share/tiago_description/meshes/arm/arm_3_collision.dae
[2.694s] -- Up-to-date symlink: /root/tiago_public_ws/install/tiago_description/share/tiago_description/meshes/arm/arm_3_color.png
[2.694s] -- Up-to-date symlink: /root/tiago_public_ws/install/tiago_description/share/tiago_description/meshes/arm/arm_3_normals.png
[2.694s] -- Up-to-date symlink: /root/tiago_public_ws/install/tiago_description/share/tiago_description/meshes/arm/arm_3_specular.png
[2.695s] -- Up-to-date symlink: /root/tiago_public_ws/install/tiago_description/share/tiago_description/meshes/arm/arm_4.stl
[2.701s] -- Up-to-date symlink: /root/tiago_public_ws/install/tiago_description/share/tiago_description/meshes/arm/arm_4_collision.dae
[2.701s] -- Up-to-date symlink: /root/tiago_public_ws/install/tiago_description/share/tiago_description/meshes/arm/arm_4_collision.stl
[2.701s] -- Up-to-date symlink: /root/tiago_public_ws/install/tiago_description/share/tiago_description/meshes/arm/arm_4_color.png
[2.701s] -- Up-to-date symlink: /root/tiago_public_ws/install/tiago_description/share/tiago_description/meshes/arm/arm_4_normals.png
[2.716s] -- Up-to-date symlink: /root/tiago_public_ws/install/tiago_description/share/tiago_description/meshes/arm/arm_4_specular.png
[2.716s] -- Up-to-date symlink: /root/tiago_public_ws/install/tiago_description/share/tiago_description/meshes/arm/arm_5-wrist-2010.stl
[2.718s] -- Up-to-date symlink: /root/tiago_public_ws/install/tiago_description/share/tiago_description/meshes/arm/arm_5-wrist-2017.stl
[2.719s] -- Up-to-date symlink: /root/tiago_public_ws/install/tiago_description/share/tiago_description/meshes/arm/arm_5_collision-wrist-2010.dae
[2.722s] -- Up-to-date symlink: /root/tiago_public_ws/install/tiago_description/share/tiago_description/meshes/arm/arm_5_collision-wrist-2017.dae
[2.722s] -- Up-to-date symlink: /root/tiago_public_ws/install/tiago_description/share/tiago_description/meshes/arm/arm_6-wrist-2010.stl
[2.722s] -- Up-to-date symlink: /root/tiago_public_ws/install/tiago_description/share/tiago_description/meshes/arm/arm_6-wrist-2017.stl
[2.723s] -- Up-to-date symlink: /root/tiago_public_ws/install/tiago_description/share/tiago_description/meshes/arm/arm_6_collision-wrist-2010.dae
[2.723s] -- Up-to-date symlink: /root/tiago_public_ws/install/tiago_description/share/tiago_description/meshes/arm/arm_6_collision-wrist-2017.dae
[2.723s] -- Up-to-date symlink: /root/tiago_public_ws/install/tiago_description/share/tiago_description/meshes/arm/arm_6_color.png
[2.726s] -- Up-to-date symlink: /root/tiago_public_ws/install/tiago_description/share/tiago_description/meshes/arm/arm_6_normals.png
[2.726s] -- Up-to-date symlink: /root/tiago_public_ws/install/tiago_description/share/tiago_description/meshes/arm/arm_6_specular.png
[2.726s] -- Up-to-date symlink: /root/tiago_public_ws/install/tiago_description/share/tiago_description/meshes/head/head_1.stl
[2.726s] -- Up-to-date symlink: /root/tiago_public_ws/install/tiago_description/share/tiago_description/meshes/head/head_1_collision.dae
[2.726s] -- Up-to-date symlink: /root/tiago_public_ws/install/tiago_description/share/tiago_description/meshes/head/head_2.stl
[2.727s] -- Up-to-date symlink: /root/tiago_public_ws/install/tiago_description/share/tiago_description/meshes/head/head_2_collision.dae
[2.727s] -- Up-to-date symlink: /root/tiago_public_ws/install/tiago_description/share/tiago_description/meshes/sensors/xtion_pro_live/xtion_pro_live.dae
[2.727s] -- Up-to-date symlink: /root/tiago_public_ws/install/tiago_description/share/tiago_description/meshes/sensors/xtion_pro_live/xtion_pro_live.png
[2.727s] -- Up-to-date symlink: /root/tiago_public_ws/install/tiago_description/share/tiago_description/meshes/torso/torso_fix.stl
[2.727s] -- Up-to-date symlink: /root/tiago_public_ws/install/tiago_description/share/tiago_description/meshes/torso/torso_lift_collision.dae
[2.727s] -- Up-to-date symlink: /root/tiago_public_ws/install/tiago_description/share/tiago_description/meshes/torso/torso_lift_collision_core.dae
[2.727s] -- Up-to-date symlink: /root/tiago_public_ws/install/tiago_description/share/tiago_description/meshes/torso/torso_lift_collision_neck.dae
[2.727s] -- Up-to-date symlink: /root/tiago_public_ws/install/tiago_description/share/tiago_description/meshes/torso/torso_lift_collision_shoulder.dae
[2.728s] -- Up-to-date symlink: /root/tiago_public_ws/install/tiago_description/share/tiago_description/meshes/torso/torso_lift_with_arm.stl
[2.728s] -- Up-to-date symlink: /root/tiago_public_ws/install/tiago_description/share/tiago_description/meshes/torso/torso_lift_without_arm.stl
[2.728s] -- Up-to-date symlink: /root/tiago_public_ws/install/tiago_description/share/tiago_description/robots/tiago.urdf.xacro
[2.728s] -- Up-to-date symlink: /root/tiago_public_ws/install/tiago_description/share/tiago_description/ros2_control/gazebo_controller_manager_cfg.yaml
[2.728s] -- Up-to-date symlink: /root/tiago_public_ws/install/tiago_description/share/tiago_description/ros2_control/ros2_control.urdf.xacro
[2.729s] -- Up-to-date symlink: /root/tiago_public_ws/install/tiago_description/share/tiago_description/ros2_control/transmissions.urdf.xacro
[2.731s] -- Up-to-date symlink: /root/tiago_public_ws/install/tiago_description/share/tiago_description/urdf/arm/arm.ros2_control.xacro
[2.731s] -- Up-to-date symlink: /root/tiago_public_ws/install/tiago_description/share/tiago_description/urdf/arm/arm.urdf.xacro
[2.731s] -- Up-to-date symlink: /root/tiago_public_ws/install/tiago_description/share/tiago_description/urdf/arm/wrist.ros2_control.xacro
[2.731s] -- Up-to-date symlink: /root/tiago_public_ws/install/tiago_description/share/tiago_description/urdf/arm/wrist.urdf.xacro
[2.731s] -- Up-to-date symlink: /root/tiago_public_ws/install/tiago_description/share/tiago_description/urdf/calibration/calibration_constants.urdf.xacro
[2.731s] -- Up-to-date symlink: /root/tiago_public_ws/install/tiago_description/share/tiago_description/urdf/calibration/extrinsic_camera_calibration_constants.urdf.xacro
[2.732s] -- Up-to-date symlink: /root/tiago_public_ws/install/tiago_description/share/tiago_description/urdf/end_effector/end_effector.urdf.xacro
[2.732s] -- Up-to-date symlink: /root/tiago_public_ws/install/tiago_description/share/tiago_description/urdf/head/head.ros2_control.xacro
[2.732s] -- Up-to-date symlink: /root/tiago_public_ws/install/tiago_description/share/tiago_description/urdf/head/head.urdf.xacro
[2.732s] -- Up-to-date symlink: /root/tiago_public_ws/install/tiago_description/share/tiago_description/urdf/sensors/ftsensor.gazebo.xacro
[2.732s] -- Up-to-date symlink: /root/tiago_public_ws/install/tiago_description/share/tiago_description/urdf/sensors/ftsensor.ros2_control.xacro
[2.732s] -- Up-to-date symlink: /root/tiago_public_ws/install/tiago_description/share/tiago_description/urdf/sensors/ftsensor.urdf.xacro
[2.732s] -- Up-to-date symlink: /root/tiago_public_ws/install/tiago_description/share/tiago_description/urdf/sensors/openni.gazebo.xacro
[2.732s] -- Up-to-date symlink: /root/tiago_public_ws/install/tiago_description/share/tiago_description/urdf/sensors/orbbec_astra.urdf.xacro
[2.732s] -- Up-to-date symlink: /root/tiago_public_ws/install/tiago_description/share/tiago_description/urdf/sensors/xtion_pro_live.urdf.xacro
[2.732s] -- Up-to-date symlink: /root/tiago_public_ws/install/tiago_description/share/tiago_description/urdf/torso/torso.ros2_control.xacro
[2.732s] -- Up-to-date symlink: /root/tiago_public_ws/install/tiago_description/share/tiago_description/urdf/torso/torso.urdf.xacro
[2.733s] -- Up-to-date symlink: /root/tiago_public_ws/install/tiago_description/share/tiago_description/config/tiago.rviz
[2.733s] -- Up-to-date symlink: /root/tiago_public_ws/install/tiago_description/share/tiago_description/config/tiago_configuration.yaml
[2.733s] -- Up-to-date symlink: /root/tiago_public_ws/install/tiago_description/share/tiago_description/config/urdf.rviz
[2.733s] -- Up-to-date symlink: /root/tiago_public_ws/install/tiago_description/share/ament_index/resource_index/package_run_dependencies/tiago_description
[2.733s] -- Up-to-date symlink: /root/tiago_public_ws/install/tiago_description/share/ament_index/resource_index/parent_prefix_path/tiago_description
[2.733s] -- Up-to-date symlink: /root/tiago_public_ws/install/tiago_description/share/tiago_description/environment/ament_prefix_path.sh
[2.733s] -- Up-to-date symlink: /root/tiago_public_ws/install/tiago_description/share/tiago_description/environment/ament_prefix_path.dsv
[2.733s] -- Up-to-date symlink: /root/tiago_public_ws/install/tiago_description/share/tiago_description/environment/path.sh
[2.733s] -- Up-to-date symlink: /root/tiago_public_ws/install/tiago_description/share/tiago_description/environment/path.dsv
[2.734s] -- Up-to-date symlink: /root/tiago_public_ws/install/tiago_description/share/tiago_description/local_setup.bash
[2.734s] -- Up-to-date symlink: /root/tiago_public_ws/install/tiago_description/share/tiago_description/local_setup.sh
[2.734s] -- Up-to-date symlink: /root/tiago_public_ws/install/tiago_description/share/tiago_description/local_setup.zsh
[2.734s] -- Up-to-date symlink: /root/tiago_public_ws/install/tiago_description/share/tiago_description/local_setup.dsv
[2.734s] -- Symlinking: /root/tiago_public_ws/install/tiago_description/share/tiago_description/package.dsv
[2.739s] -- Up-to-date symlink: /root/tiago_public_ws/install/tiago_description/share/ament_index/resource_index/packages/tiago_description
[2.750s] -- Up-to-date symlink: /root/tiago_public_ws/install/tiago_description/share/tiago_description/cmake/tiago_descriptionConfig.cmake
[2.750s] -- Up-to-date symlink: /root/tiago_public_ws/install/tiago_description/share/tiago_description/cmake/tiago_descriptionConfig-version.cmake
[2.750s] -- Up-to-date symlink: /root/tiago_public_ws/install/tiago_description/share/tiago_description/package.xml
[2.835s] Listing '/root/tiago_public_ws/install/tiago_description/local/lib/python3.10/dist-packages/tiago_description'...
[2.853s] Invoked command in '/root/tiago_public_ws/build/tiago_description' returned '0': AMENT_PREFIX_PATH=/root/tiago_public_ws/install/pmb2_description:/root/tiago_public_ws/install/pal_hey5_description:/root/tiago_public_ws/install/pal_gripper_description:/root/tiago_public_ws/install/urdf_test:/root/tiago_public_ws/install/pal_urdf_utils:/root/tiago_public_ws/install/pal_robotiq_description:/root/tiago_public_ws/install/launch_pal:${AMENT_PREFIX_PATH} CMAKE_PREFIX_PATH=/root/tiago_public_ws/install/pmb2_description:/root/tiago_public_ws/install/pal_hey5_description:/root/tiago_public_ws/install/pal_gripper_description:/root/tiago_public_ws/install/urdf_test:/root/tiago_public_ws/install/pal_urdf_utils:/root/tiago_public_ws/install/pal_robotiq_description:/opt/ros/humble PYTHONPATH=/root/tiago_public_ws/install/pmb2_description/local/lib/python3.10/dist-packages:/root/tiago_public_ws/install/urdf_test/local/lib/python3.10/dist-packages:/root/tiago_public_ws/install/launch_pal/lib/python3.10/site-packages:${PYTHONPATH} /usr/bin/cmake --install /root/tiago_public_ws/build/tiago_description
