[0.138s] Invoking command in '/root/tiago_public_ws/build/pmb2_description': AMENT_PREFIX_PATH=/root/tiago_public_ws/install/launch_pal:/root/tiago_public_ws/install/urdf_test:/root/tiago_public_ws/install/tiago_simulation:/root/tiago_public_ws/install/tiago_robot:/root/tiago_public_ws/install/tiago_navigation:/root/tiago_public_ws/install/tiago_gazebo:/root/tiago_public_ws/install/tiago_moveit_config:/root/tiago_public_ws/install/tiago_2dnav:/root/tiago_public_ws/install/tiago_laser_sensors:/root/tiago_public_ws/install/tiago_bringup:/root/tiago_public_ws/install/tiago_description:/root/tiago_public_ws/install/tiago_controller_configuration:/root/tiago_public_ws/install/pmb2_robot:/root/tiago_public_ws/install/pmb2_navigation:/root/tiago_public_ws/install/pmb2_2dnav:/root/tiago_public_ws/install/pmb2_laser_sensors:/root/tiago_public_ws/install/pmb2_bringup:/root/tiago_public_ws/install/pmb2_description:/root/tiago_public_ws/install/pmb2_controller_configuration:/root/tiago_public_ws/install/play_motion2:/root/tiago_public_ws/install/play_motion2_msgs:/root/tiago_public_ws/install/pal_hey5:/root/tiago_public_ws/install/pal_hey5_description:/root/tiago_public_ws/install/pal_gripper_simulation:/root/tiago_public_ws/install/pal_gripper:/root/tiago_public_ws/install/pal_gripper_description:/root/tiago_public_ws/install/pal_urdf_utils:/root/tiago_public_ws/install/pal_robotiq_gripper:/root/tiago_public_ws/install/pal_robotiq_description:/root/tiago_public_ws/install/pal_robotiq_controller_configuration:/root/tiago_public_ws/install/pal_navigation_cfg:/root/tiago_public_ws/install/pal_navigation_cfg_bringup:/root/tiago_public_ws/install/pal_navigation_cfg_params:/root/tiago_public_ws/install/pal_hey5_controller_configuration:/root/tiago_public_ws/install/pal_gripper_controller_configuration:/root/tiago_public_ws/install/pal_gazebo_worlds:/opt/ros/humble CMAKE_PREFIX_PATH=/root/tiago_public_ws/install/urdf_test:/root/tiago_public_ws/install/pal_urdf_utils:/root/tiago_public_ws/install/tiago_simulation:/root/tiago_public_ws/install/tiago_robot:/root/tiago_public_ws/install/tiago_navigation:/root/tiago_public_ws/install/tiago_gazebo:/root/tiago_public_ws/install/tiago_moveit_config:/root/tiago_public_ws/install/tiago_2dnav:/root/tiago_public_ws/install/tiago_laser_sensors:/root/tiago_public_ws/install/tiago_bringup:/root/tiago_public_ws/install/tiago_description:/root/tiago_public_ws/install/tiago_controller_configuration:/root/tiago_public_ws/install/pmb2_robot:/root/tiago_public_ws/install/pmb2_navigation:/root/tiago_public_ws/install/pmb2_2dnav:/root/tiago_public_ws/install/pmb2_laser_sensors:/root/tiago_public_ws/install/pmb2_bringup:/root/tiago_public_ws/install/pmb2_description:/root/tiago_public_ws/install/pmb2_controller_configuration:/root/tiago_public_ws/install/play_motion2:/root/tiago_public_ws/install/play_motion2_msgs:/root/tiago_public_ws/install/pal_hey5:/root/tiago_public_ws/install/pal_hey5_description:/root/tiago_public_ws/install/pal_gripper_simulation:/root/tiago_public_ws/install/pal_gripper:/root/tiago_public_ws/install/pal_gripper_description:/root/tiago_public_ws/install/pal_robotiq_gripper:/root/tiago_public_ws/install/pal_robotiq_description:/root/tiago_public_ws/install/pal_robotiq_controller_configuration:/root/tiago_public_ws/install/pal_navigation_cfg:/root/tiago_public_ws/install/pal_navigation_cfg_bringup:/root/tiago_public_ws/install/pal_navigation_cfg_params:/root/tiago_public_ws/install/pal_hey5_controller_configuration:/root/tiago_public_ws/install/pal_gripper_controller_configuration:/root/tiago_public_ws/install/pal_gazebo_worlds:/root/tiago_public_ws/install/launch_pal:/opt/ros/humble PYTHONPATH=/root/tiago_public_ws/build/launch_pal:/root/tiago_public_ws/install/launch_pal/lib/python3.10/site-packages:/root/tiago_public_ws/install/urdf_test/local/lib/python3.10/dist-packages:/root/tiago_public_ws/install/tiago_description/local/lib/python3.10/dist-packages:/root/tiago_public_ws/install/pmb2_description/local/lib/python3.10/dist-packages:/root/tiago_public_ws/install/play_motion2_msgs/local/lib/python3.10/dist-packages:/opt/ros/humble/lib/python3.10/site-packages:/opt/ros/humble/local/lib/python3.10/dist-packages /usr/bin/cmake --build /root/tiago_public_ws/build/pmb2_description -- -j8 -l8
[0.194s] Built target ament_cmake_python_symlink_pmb2_description
[0.602s] running egg_info
[0.605s] writing pmb2_description.egg-info/PKG-INFO
[0.605s] writing dependency_links to pmb2_description.egg-info/dependency_links.txt
[0.605s] writing top-level names to pmb2_description.egg-info/top_level.txt
[0.609s] reading manifest file 'pmb2_description.egg-info/SOURCES.txt'
[0.609s] writing manifest file 'pmb2_description.egg-info/SOURCES.txt'
[0.637s] Built target ament_cmake_python_build_pmb2_description_egg
[0.645s] Invoked command in '/root/tiago_public_ws/build/pmb2_description' returned '0': AMENT_PREFIX_PATH=/root/tiago_public_ws/install/launch_pal:/root/tiago_public_ws/install/urdf_test:/root/tiago_public_ws/install/tiago_simulation:/root/tiago_public_ws/install/tiago_robot:/root/tiago_public_ws/install/tiago_navigation:/root/tiago_public_ws/install/tiago_gazebo:/root/tiago_public_ws/install/tiago_moveit_config:/root/tiago_public_ws/install/tiago_2dnav:/root/tiago_public_ws/install/tiago_laser_sensors:/root/tiago_public_ws/install/tiago_bringup:/root/tiago_public_ws/install/tiago_description:/root/tiago_public_ws/install/tiago_controller_configuration:/root/tiago_public_ws/install/pmb2_robot:/root/tiago_public_ws/install/pmb2_navigation:/root/tiago_public_ws/install/pmb2_2dnav:/root/tiago_public_ws/install/pmb2_laser_sensors:/root/tiago_public_ws/install/pmb2_bringup:/root/tiago_public_ws/install/pmb2_description:/root/tiago_public_ws/install/pmb2_controller_configuration:/root/tiago_public_ws/install/play_motion2:/root/tiago_public_ws/install/play_motion2_msgs:/root/tiago_public_ws/install/pal_hey5:/root/tiago_public_ws/install/pal_hey5_description:/root/tiago_public_ws/install/pal_gripper_simulation:/root/tiago_public_ws/install/pal_gripper:/root/tiago_public_ws/install/pal_gripper_description:/root/tiago_public_ws/install/pal_urdf_utils:/root/tiago_public_ws/install/pal_robotiq_gripper:/root/tiago_public_ws/install/pal_robotiq_description:/root/tiago_public_ws/install/pal_robotiq_controller_configuration:/root/tiago_public_ws/install/pal_navigation_cfg:/root/tiago_public_ws/install/pal_navigation_cfg_bringup:/root/tiago_public_ws/install/pal_navigation_cfg_params:/root/tiago_public_ws/install/pal_hey5_controller_configuration:/root/tiago_public_ws/install/pal_gripper_controller_configuration:/root/tiago_public_ws/install/pal_gazebo_worlds:/opt/ros/humble CMAKE_PREFIX_PATH=/root/tiago_public_ws/install/urdf_test:/root/tiago_public_ws/install/pal_urdf_utils:/root/tiago_public_ws/install/tiago_simulation:/root/tiago_public_ws/install/tiago_robot:/root/tiago_public_ws/install/tiago_navigation:/root/tiago_public_ws/install/tiago_gazebo:/root/tiago_public_ws/install/tiago_moveit_config:/root/tiago_public_ws/install/tiago_2dnav:/root/tiago_public_ws/install/tiago_laser_sensors:/root/tiago_public_ws/install/tiago_bringup:/root/tiago_public_ws/install/tiago_description:/root/tiago_public_ws/install/tiago_controller_configuration:/root/tiago_public_ws/install/pmb2_robot:/root/tiago_public_ws/install/pmb2_navigation:/root/tiago_public_ws/install/pmb2_2dnav:/root/tiago_public_ws/install/pmb2_laser_sensors:/root/tiago_public_ws/install/pmb2_bringup:/root/tiago_public_ws/install/pmb2_description:/root/tiago_public_ws/install/pmb2_controller_configuration:/root/tiago_public_ws/install/play_motion2:/root/tiago_public_ws/install/play_motion2_msgs:/root/tiago_public_ws/install/pal_hey5:/root/tiago_public_ws/install/pal_hey5_description:/root/tiago_public_ws/install/pal_gripper_simulation:/root/tiago_public_ws/install/pal_gripper:/root/tiago_public_ws/install/pal_gripper_description:/root/tiago_public_ws/install/pal_robotiq_gripper:/root/tiago_public_ws/install/pal_robotiq_description:/root/tiago_public_ws/install/pal_robotiq_controller_configuration:/root/tiago_public_ws/install/pal_navigation_cfg:/root/tiago_public_ws/install/pal_navigation_cfg_bringup:/root/tiago_public_ws/install/pal_navigation_cfg_params:/root/tiago_public_ws/install/pal_hey5_controller_configuration:/root/tiago_public_ws/install/pal_gripper_controller_configuration:/root/tiago_public_ws/install/pal_gazebo_worlds:/root/tiago_public_ws/install/launch_pal:/opt/ros/humble PYTHONPATH=/root/tiago_public_ws/build/launch_pal:/root/tiago_public_ws/install/launch_pal/lib/python3.10/site-packages:/root/tiago_public_ws/install/urdf_test/local/lib/python3.10/dist-packages:/root/tiago_public_ws/install/tiago_description/local/lib/python3.10/dist-packages:/root/tiago_public_ws/install/pmb2_description/local/lib/python3.10/dist-packages:/root/tiago_public_ws/install/play_motion2_msgs/local/lib/python3.10/dist-packages:/opt/ros/humble/lib/python3.10/site-packages:/opt/ros/humble/local/lib/python3.10/dist-packages /usr/bin/cmake --build /root/tiago_public_ws/build/pmb2_description -- -j8 -l8
[0.664s] Invoking command in '/root/tiago_public_ws/build/pmb2_description': AMENT_PREFIX_PATH=/root/tiago_public_ws/install/launch_pal:/root/tiago_public_ws/install/urdf_test:/root/tiago_public_ws/install/tiago_simulation:/root/tiago_public_ws/install/tiago_robot:/root/tiago_public_ws/install/tiago_navigation:/root/tiago_public_ws/install/tiago_gazebo:/root/tiago_public_ws/install/tiago_moveit_config:/root/tiago_public_ws/install/tiago_2dnav:/root/tiago_public_ws/install/tiago_laser_sensors:/root/tiago_public_ws/install/tiago_bringup:/root/tiago_public_ws/install/tiago_description:/root/tiago_public_ws/install/tiago_controller_configuration:/root/tiago_public_ws/install/pmb2_robot:/root/tiago_public_ws/install/pmb2_navigation:/root/tiago_public_ws/install/pmb2_2dnav:/root/tiago_public_ws/install/pmb2_laser_sensors:/root/tiago_public_ws/install/pmb2_bringup:/root/tiago_public_ws/install/pmb2_description:/root/tiago_public_ws/install/pmb2_controller_configuration:/root/tiago_public_ws/install/play_motion2:/root/tiago_public_ws/install/play_motion2_msgs:/root/tiago_public_ws/install/pal_hey5:/root/tiago_public_ws/install/pal_hey5_description:/root/tiago_public_ws/install/pal_gripper_simulation:/root/tiago_public_ws/install/pal_gripper:/root/tiago_public_ws/install/pal_gripper_description:/root/tiago_public_ws/install/pal_urdf_utils:/root/tiago_public_ws/install/pal_robotiq_gripper:/root/tiago_public_ws/install/pal_robotiq_description:/root/tiago_public_ws/install/pal_robotiq_controller_configuration:/root/tiago_public_ws/install/pal_navigation_cfg:/root/tiago_public_ws/install/pal_navigation_cfg_bringup:/root/tiago_public_ws/install/pal_navigation_cfg_params:/root/tiago_public_ws/install/pal_hey5_controller_configuration:/root/tiago_public_ws/install/pal_gripper_controller_configuration:/root/tiago_public_ws/install/pal_gazebo_worlds:/opt/ros/humble CMAKE_PREFIX_PATH=/root/tiago_public_ws/install/urdf_test:/root/tiago_public_ws/install/pal_urdf_utils:/root/tiago_public_ws/install/tiago_simulation:/root/tiago_public_ws/install/tiago_robot:/root/tiago_public_ws/install/tiago_navigation:/root/tiago_public_ws/install/tiago_gazebo:/root/tiago_public_ws/install/tiago_moveit_config:/root/tiago_public_ws/install/tiago_2dnav:/root/tiago_public_ws/install/tiago_laser_sensors:/root/tiago_public_ws/install/tiago_bringup:/root/tiago_public_ws/install/tiago_description:/root/tiago_public_ws/install/tiago_controller_configuration:/root/tiago_public_ws/install/pmb2_robot:/root/tiago_public_ws/install/pmb2_navigation:/root/tiago_public_ws/install/pmb2_2dnav:/root/tiago_public_ws/install/pmb2_laser_sensors:/root/tiago_public_ws/install/pmb2_bringup:/root/tiago_public_ws/install/pmb2_description:/root/tiago_public_ws/install/pmb2_controller_configuration:/root/tiago_public_ws/install/play_motion2:/root/tiago_public_ws/install/play_motion2_msgs:/root/tiago_public_ws/install/pal_hey5:/root/tiago_public_ws/install/pal_hey5_description:/root/tiago_public_ws/install/pal_gripper_simulation:/root/tiago_public_ws/install/pal_gripper:/root/tiago_public_ws/install/pal_gripper_description:/root/tiago_public_ws/install/pal_robotiq_gripper:/root/tiago_public_ws/install/pal_robotiq_description:/root/tiago_public_ws/install/pal_robotiq_controller_configuration:/root/tiago_public_ws/install/pal_navigation_cfg:/root/tiago_public_ws/install/pal_navigation_cfg_bringup:/root/tiago_public_ws/install/pal_navigation_cfg_params:/root/tiago_public_ws/install/pal_hey5_controller_configuration:/root/tiago_public_ws/install/pal_gripper_controller_configuration:/root/tiago_public_ws/install/pal_gazebo_worlds:/root/tiago_public_ws/install/launch_pal:/opt/ros/humble PYTHONPATH=/root/tiago_public_ws/build/launch_pal:/root/tiago_public_ws/install/launch_pal/lib/python3.10/site-packages:/root/tiago_public_ws/install/urdf_test/local/lib/python3.10/dist-packages:/root/tiago_public_ws/install/tiago_description/local/lib/python3.10/dist-packages:/root/tiago_public_ws/install/pmb2_description/local/lib/python3.10/dist-packages:/root/tiago_public_ws/install/play_motion2_msgs/local/lib/python3.10/dist-packages:/opt/ros/humble/lib/python3.10/site-packages:/opt/ros/humble/local/lib/python3.10/dist-packages /usr/bin/cmake --install /root/tiago_public_ws/build/pmb2_description
[0.670s] -- Install configuration: ""
[0.671s] -- Execute custom install script
[0.672s] -- Up-to-date symlink: /root/tiago_public_ws/install/pmb2_description/share/pmb2_description/environment/pythonpath.sh
[0.672s] -- Up-to-date symlink: /root/tiago_public_ws/install/pmb2_description/share/pmb2_description/environment/pythonpath.dsv
[0.672s] -- Up-to-date symlink: /root/tiago_public_ws/install/pmb2_description/local/lib/python3.10/dist-packages/pmb2_description-5.3.0-py3.10.egg-info/PKG-INFO
[0.673s] -- Up-to-date symlink: /root/tiago_public_ws/install/pmb2_description/local/lib/python3.10/dist-packages/pmb2_description-5.3.0-py3.10.egg-info/SOURCES.txt
[0.673s] -- Up-to-date symlink: /root/tiago_public_ws/install/pmb2_description/local/lib/python3.10/dist-packages/pmb2_description-5.3.0-py3.10.egg-info/dependency_links.txt
[0.673s] -- Up-to-date symlink: /root/tiago_public_ws/install/pmb2_description/local/lib/python3.10/dist-packages/pmb2_description-5.3.0-py3.10.egg-info/top_level.txt
[0.674s] -- Up-to-date symlink: /root/tiago_public_ws/install/pmb2_description/local/lib/python3.10/dist-packages/pmb2_description/__init__.py
[0.674s] -- Up-to-date symlink: /root/tiago_public_ws/install/pmb2_description/local/lib/python3.10/dist-packages/pmb2_description/launch_arguments.py
[0.675s] -- Up-to-date symlink: /root/tiago_public_ws/install/pmb2_description/share/pmb2_description/rviz/pmb2.rviz
[0.676s] -- Up-to-date symlink: /root/tiago_public_ws/install/pmb2_description/share/pmb2_description/launch/robot_state_publisher.launch.py
[0.676s] -- Up-to-date symlink: /root/tiago_public_ws/install/pmb2_description/share/pmb2_description/launch/show.launch.py
[0.679s] -- Up-to-date symlink: /root/tiago_public_ws/install/pmb2_description/share/pmb2_description/meshes/base/base.stl
[0.680s] -- Up-to-date symlink: /root/tiago_public_ws/install/pmb2_description/share/pmb2_description/meshes/base/base_collision.dae
[0.680s] -- Up-to-date symlink: /root/tiago_public_ws/install/pmb2_description/share/pmb2_description/meshes/base/base_dock_link.stl
[0.680s] -- Up-to-date symlink: /root/tiago_public_ws/install/pmb2_description/share/pmb2_description/meshes/base/base_ring.stl
[0.681s] -- Up-to-date symlink: /root/tiago_public_ws/install/pmb2_description/share/pmb2_description/meshes/base/high_resolution/base.stl
[0.681s] -- Up-to-date symlink: /root/tiago_public_ws/install/pmb2_description/share/pmb2_description/meshes/base/high_resolution/base_collision.stl
[0.682s] -- Up-to-date symlink: /root/tiago_public_ws/install/pmb2_description/share/pmb2_description/meshes/cameras_add_on/cameras_add_on.stl
[0.682s] -- Up-to-date symlink: /root/tiago_public_ws/install/pmb2_description/share/pmb2_description/meshes/cameras_add_on/cameras_add_on_collision.stl
[0.682s] -- Up-to-date symlink: /root/tiago_public_ws/install/pmb2_description/share/pmb2_description/meshes/dock/dock.stl
[0.683s] -- Up-to-date symlink: /root/tiago_public_ws/install/pmb2_description/share/pmb2_description/meshes/dock/dock_collision.stl
[0.683s] -- Up-to-date symlink: /root/tiago_public_ws/install/pmb2_description/share/pmb2_description/meshes/objects/antenna.stl
[0.683s] -- Up-to-date symlink: /root/tiago_public_ws/install/pmb2_description/share/pmb2_description/meshes/objects/cover.stl
[0.683s] -- Up-to-date symlink: /root/tiago_public_ws/install/pmb2_description/share/pmb2_description/meshes/objects/high_resolution/cover.stl
[0.684s] -- Up-to-date symlink: /root/tiago_public_ws/install/pmb2_description/share/pmb2_description/meshes/sensors/bumper.stl
[0.684s] -- Up-to-date symlink: /root/tiago_public_ws/install/pmb2_description/share/pmb2_description/meshes/sensors/bumper_collision.stl
[0.684s] -- Up-to-date symlink: /root/tiago_public_ws/install/pmb2_description/share/pmb2_description/meshes/sensors/elp_camera.stl
[0.686s] -- Up-to-date symlink: /root/tiago_public_ws/install/pmb2_description/share/pmb2_description/meshes/sensors/high_resolution/bumper.stl
[0.686s] -- Up-to-date symlink: /root/tiago_public_ws/install/pmb2_description/share/pmb2_description/meshes/sensors/high_resolution/hokuyo_urg_04lx_ug01.stl
[0.686s] -- Up-to-date symlink: /root/tiago_public_ws/install/pmb2_description/share/pmb2_description/meshes/sensors/high_resolution/sick_tim551.stl
[0.686s] -- Up-to-date symlink: /root/tiago_public_ws/install/pmb2_description/share/pmb2_description/meshes/sensors/high_resolution/srf05.stl
[0.687s] -- Up-to-date symlink: /root/tiago_public_ws/install/pmb2_description/share/pmb2_description/meshes/sensors/high_resolution/xtion_pro_live.stl
[0.687s] -- Up-to-date symlink: /root/tiago_public_ws/install/pmb2_description/share/pmb2_description/meshes/sensors/hokuyo_urg_04lx_ug01.stl
[0.687s] -- Up-to-date symlink: /root/tiago_public_ws/install/pmb2_description/share/pmb2_description/meshes/sensors/sick_tim551.stl
[0.687s] -- Up-to-date symlink: /root/tiago_public_ws/install/pmb2_description/share/pmb2_description/meshes/sensors/srf05.stl
[0.687s] -- Up-to-date symlink: /root/tiago_public_ws/install/pmb2_description/share/pmb2_description/meshes/sensors/structure_sensor.stl
[0.687s] -- Up-to-date symlink: /root/tiago_public_ws/install/pmb2_description/share/pmb2_description/meshes/sensors/xtion_pro_live.dae
[0.687s] -- Up-to-date symlink: /root/tiago_public_ws/install/pmb2_description/share/pmb2_description/meshes/wheels/caster_1.stl
[0.688s] -- Up-to-date symlink: /root/tiago_public_ws/install/pmb2_description/share/pmb2_description/meshes/wheels/caster_2.stl
[0.688s] -- Up-to-date symlink: /root/tiago_public_ws/install/pmb2_description/share/pmb2_description/meshes/wheels/high_resolution/caster_1.stl
[0.688s] -- Up-to-date symlink: /root/tiago_public_ws/install/pmb2_description/share/pmb2_description/meshes/wheels/high_resolution/caster_2.stl
[0.689s] -- Up-to-date symlink: /root/tiago_public_ws/install/pmb2_description/share/pmb2_description/meshes/wheels/high_resolution/wheel.stl
[0.689s] -- Up-to-date symlink: /root/tiago_public_ws/install/pmb2_description/share/pmb2_description/meshes/wheels/wheel.stl
[0.690s] -- Up-to-date symlink: /root/tiago_public_ws/install/pmb2_description/share/pmb2_description/config/pmb2_configuration.yaml
[0.690s] -- Up-to-date symlink: /root/tiago_public_ws/install/pmb2_description/share/pmb2_description/robots/pmb2.urdf.xacro
[0.691s] -- Up-to-date symlink: /root/tiago_public_ws/install/pmb2_description/share/pmb2_description/ros2_control/gazebo_controller_manager_cfg.yaml
[0.691s] -- Up-to-date symlink: /root/tiago_public_ws/install/pmb2_description/share/pmb2_description/ros2_control/ros2_control.urdf.xacro
[0.693s] -- Up-to-date symlink: /root/tiago_public_ws/install/pmb2_description/share/pmb2_description/urdf/base/base.gazebo.xacro
[0.693s] -- Up-to-date symlink: /root/tiago_public_ws/install/pmb2_description/share/pmb2_description/urdf/base/base.urdf.xacro
[0.693s] -- Up-to-date symlink: /root/tiago_public_ws/install/pmb2_description/share/pmb2_description/urdf/base/base_sensors.urdf.xacro
[0.694s] -- Up-to-date symlink: /root/tiago_public_ws/install/pmb2_description/share/pmb2_description/urdf/cameras_add_on/cameras_add_on.urdf.xacro
[0.694s] -- Up-to-date symlink: /root/tiago_public_ws/install/pmb2_description/share/pmb2_description/urdf/dock/dock.urdf.xacro
[0.694s] -- Up-to-date symlink: /root/tiago_public_ws/install/pmb2_description/share/pmb2_description/urdf/objects/antenna.urdf.xacro
[0.694s] -- Up-to-date symlink: /root/tiago_public_ws/install/pmb2_description/share/pmb2_description/urdf/objects/cover.urdf.xacro
[0.695s] -- Up-to-date symlink: /root/tiago_public_ws/install/pmb2_description/share/pmb2_description/urdf/sensors/bumper.gazebo.xacro
[0.695s] -- Up-to-date symlink: /root/tiago_public_ws/install/pmb2_description/share/pmb2_description/urdf/sensors/bumper.urdf.xacro
[0.695s] -- Up-to-date symlink: /root/tiago_public_ws/install/pmb2_description/share/pmb2_description/urdf/sensors/courier.urdf.xacro
[0.695s] -- Up-to-date symlink: /root/tiago_public_ws/install/pmb2_description/share/pmb2_description/urdf/sensors/elp_rgb.gazebo.xacro
[0.696s] -- Up-to-date symlink: /root/tiago_public_ws/install/pmb2_description/share/pmb2_description/urdf/sensors/elp_rgb.urdf.xacro
[0.696s] -- Up-to-date symlink: /root/tiago_public_ws/install/pmb2_description/share/pmb2_description/urdf/sensors/hokuyo_urg_04lx_ug01_laser.gazebo.xacro
[0.696s] -- Up-to-date symlink: /root/tiago_public_ws/install/pmb2_description/share/pmb2_description/urdf/sensors/hokuyo_urg_04lx_ug01_laser.urdf.xacro
[0.697s] -- Up-to-date symlink: /root/tiago_public_ws/install/pmb2_description/share/pmb2_description/urdf/sensors/imu.gazebo.xacro
[0.697s] -- Up-to-date symlink: /root/tiago_public_ws/install/pmb2_description/share/pmb2_description/urdf/sensors/imu.urdf.xacro
[0.697s] -- Up-to-date symlink: /root/tiago_public_ws/install/pmb2_description/share/pmb2_description/urdf/sensors/microphone.urdf.xacro
[0.698s] -- Up-to-date symlink: /root/tiago_public_ws/install/pmb2_description/share/pmb2_description/urdf/sensors/range.gazebo.xacro
[0.698s] -- Up-to-date symlink: /root/tiago_public_ws/install/pmb2_description/share/pmb2_description/urdf/sensors/range.urdf.xacro
[0.698s] -- Up-to-date symlink: /root/tiago_public_ws/install/pmb2_description/share/pmb2_description/urdf/sensors/sensors.ros2_control.xacro
[0.698s] -- Up-to-date symlink: /root/tiago_public_ws/install/pmb2_description/share/pmb2_description/urdf/sensors/sick_tim551_laser.gazebo.xacro
[0.699s] -- Up-to-date symlink: /root/tiago_public_ws/install/pmb2_description/share/pmb2_description/urdf/sensors/sick_tim551_laser.urdf.xacro
[0.699s] -- Up-to-date symlink: /root/tiago_public_ws/install/pmb2_description/share/pmb2_description/urdf/sensors/sick_tim561_laser.gazebo.xacro
[0.699s] -- Up-to-date symlink: /root/tiago_public_ws/install/pmb2_description/share/pmb2_description/urdf/sensors/sick_tim561_laser.urdf.xacro
[0.699s] -- Up-to-date symlink: /root/tiago_public_ws/install/pmb2_description/share/pmb2_description/urdf/sensors/sick_tim571_laser.gazebo.xacro
[0.700s] -- Up-to-date symlink: /root/tiago_public_ws/install/pmb2_description/share/pmb2_description/urdf/sensors/sick_tim571_laser.urdf.xacro
[0.700s] -- Up-to-date symlink: /root/tiago_public_ws/install/pmb2_description/share/pmb2_description/urdf/sensors/structure_sensor.gazebo.xacro
[0.700s] -- Up-to-date symlink: /root/tiago_public_ws/install/pmb2_description/share/pmb2_description/urdf/sensors/structure_sensor.urdf.xacro
[0.700s] -- Up-to-date symlink: /root/tiago_public_ws/install/pmb2_description/share/pmb2_description/urdf/wheels/caster.gazebo.xacro
[0.700s] -- Up-to-date symlink: /root/tiago_public_ws/install/pmb2_description/share/pmb2_description/urdf/wheels/caster.urdf.xacro
[0.701s] -- Up-to-date symlink: /root/tiago_public_ws/install/pmb2_description/share/pmb2_description/urdf/wheels/wheel.gazebo.xacro
[0.701s] -- Up-to-date symlink: /root/tiago_public_ws/install/pmb2_description/share/pmb2_description/urdf/wheels/wheel.ros2_control.xacro
[0.701s] -- Up-to-date symlink: /root/tiago_public_ws/install/pmb2_description/share/pmb2_description/urdf/wheels/wheel.urdf.xacro
[0.702s] -- Up-to-date symlink: /root/tiago_public_ws/install/pmb2_description/share/ament_index/resource_index/package_run_dependencies/pmb2_description
[0.702s] -- Up-to-date symlink: /root/tiago_public_ws/install/pmb2_description/share/ament_index/resource_index/parent_prefix_path/pmb2_description
[0.702s] -- Up-to-date symlink: /root/tiago_public_ws/install/pmb2_description/share/pmb2_description/environment/ament_prefix_path.sh
[0.702s] -- Up-to-date symlink: /root/tiago_public_ws/install/pmb2_description/share/pmb2_description/environment/ament_prefix_path.dsv
[0.703s] -- Up-to-date symlink: /root/tiago_public_ws/install/pmb2_description/share/pmb2_description/environment/path.sh
[0.703s] -- Up-to-date symlink: /root/tiago_public_ws/install/pmb2_description/share/pmb2_description/environment/path.dsv
[0.703s] -- Up-to-date symlink: /root/tiago_public_ws/install/pmb2_description/share/pmb2_description/local_setup.bash
[0.703s] -- Up-to-date symlink: /root/tiago_public_ws/install/pmb2_description/share/pmb2_description/local_setup.sh
[0.704s] -- Up-to-date symlink: /root/tiago_public_ws/install/pmb2_description/share/pmb2_description/local_setup.zsh
[0.704s] -- Up-to-date symlink: /root/tiago_public_ws/install/pmb2_description/share/pmb2_description/local_setup.dsv
[0.704s] -- Symlinking: /root/tiago_public_ws/install/pmb2_description/share/pmb2_description/package.dsv
[0.711s] -- Up-to-date symlink: /root/tiago_public_ws/install/pmb2_description/share/ament_index/resource_index/packages/pmb2_description
[0.711s] -- Up-to-date symlink: /root/tiago_public_ws/install/pmb2_description/share/pmb2_description/cmake/pmb2_descriptionConfig.cmake
[0.712s] -- Up-to-date symlink: /root/tiago_public_ws/install/pmb2_description/share/pmb2_description/cmake/pmb2_descriptionConfig-version.cmake
[0.712s] -- Up-to-date symlink: /root/tiago_public_ws/install/pmb2_description/share/pmb2_description/package.xml
[0.740s] Listing '/root/tiago_public_ws/install/pmb2_description/local/lib/python3.10/dist-packages/pmb2_description'...
[0.748s] Invoked command in '/root/tiago_public_ws/build/pmb2_description' returned '0': AMENT_PREFIX_PATH=/root/tiago_public_ws/install/launch_pal:/root/tiago_public_ws/install/urdf_test:/root/tiago_public_ws/install/tiago_simulation:/root/tiago_public_ws/install/tiago_robot:/root/tiago_public_ws/install/tiago_navigation:/root/tiago_public_ws/install/tiago_gazebo:/root/tiago_public_ws/install/tiago_moveit_config:/root/tiago_public_ws/install/tiago_2dnav:/root/tiago_public_ws/install/tiago_laser_sensors:/root/tiago_public_ws/install/tiago_bringup:/root/tiago_public_ws/install/tiago_description:/root/tiago_public_ws/install/tiago_controller_configuration:/root/tiago_public_ws/install/pmb2_robot:/root/tiago_public_ws/install/pmb2_navigation:/root/tiago_public_ws/install/pmb2_2dnav:/root/tiago_public_ws/install/pmb2_laser_sensors:/root/tiago_public_ws/install/pmb2_bringup:/root/tiago_public_ws/install/pmb2_description:/root/tiago_public_ws/install/pmb2_controller_configuration:/root/tiago_public_ws/install/play_motion2:/root/tiago_public_ws/install/play_motion2_msgs:/root/tiago_public_ws/install/pal_hey5:/root/tiago_public_ws/install/pal_hey5_description:/root/tiago_public_ws/install/pal_gripper_simulation:/root/tiago_public_ws/install/pal_gripper:/root/tiago_public_ws/install/pal_gripper_description:/root/tiago_public_ws/install/pal_urdf_utils:/root/tiago_public_ws/install/pal_robotiq_gripper:/root/tiago_public_ws/install/pal_robotiq_description:/root/tiago_public_ws/install/pal_robotiq_controller_configuration:/root/tiago_public_ws/install/pal_navigation_cfg:/root/tiago_public_ws/install/pal_navigation_cfg_bringup:/root/tiago_public_ws/install/pal_navigation_cfg_params:/root/tiago_public_ws/install/pal_hey5_controller_configuration:/root/tiago_public_ws/install/pal_gripper_controller_configuration:/root/tiago_public_ws/install/pal_gazebo_worlds:/opt/ros/humble CMAKE_PREFIX_PATH=/root/tiago_public_ws/install/urdf_test:/root/tiago_public_ws/install/pal_urdf_utils:/root/tiago_public_ws/install/tiago_simulation:/root/tiago_public_ws/install/tiago_robot:/root/tiago_public_ws/install/tiago_navigation:/root/tiago_public_ws/install/tiago_gazebo:/root/tiago_public_ws/install/tiago_moveit_config:/root/tiago_public_ws/install/tiago_2dnav:/root/tiago_public_ws/install/tiago_laser_sensors:/root/tiago_public_ws/install/tiago_bringup:/root/tiago_public_ws/install/tiago_description:/root/tiago_public_ws/install/tiago_controller_configuration:/root/tiago_public_ws/install/pmb2_robot:/root/tiago_public_ws/install/pmb2_navigation:/root/tiago_public_ws/install/pmb2_2dnav:/root/tiago_public_ws/install/pmb2_laser_sensors:/root/tiago_public_ws/install/pmb2_bringup:/root/tiago_public_ws/install/pmb2_description:/root/tiago_public_ws/install/pmb2_controller_configuration:/root/tiago_public_ws/install/play_motion2:/root/tiago_public_ws/install/play_motion2_msgs:/root/tiago_public_ws/install/pal_hey5:/root/tiago_public_ws/install/pal_hey5_description:/root/tiago_public_ws/install/pal_gripper_simulation:/root/tiago_public_ws/install/pal_gripper:/root/tiago_public_ws/install/pal_gripper_description:/root/tiago_public_ws/install/pal_robotiq_gripper:/root/tiago_public_ws/install/pal_robotiq_description:/root/tiago_public_ws/install/pal_robotiq_controller_configuration:/root/tiago_public_ws/install/pal_navigation_cfg:/root/tiago_public_ws/install/pal_navigation_cfg_bringup:/root/tiago_public_ws/install/pal_navigation_cfg_params:/root/tiago_public_ws/install/pal_hey5_controller_configuration:/root/tiago_public_ws/install/pal_gripper_controller_configuration:/root/tiago_public_ws/install/pal_gazebo_worlds:/root/tiago_public_ws/install/launch_pal:/opt/ros/humble PYTHONPATH=/root/tiago_public_ws/build/launch_pal:/root/tiago_public_ws/install/launch_pal/lib/python3.10/site-packages:/root/tiago_public_ws/install/urdf_test/local/lib/python3.10/dist-packages:/root/tiago_public_ws/install/tiago_description/local/lib/python3.10/dist-packages:/root/tiago_public_ws/install/pmb2_description/local/lib/python3.10/dist-packages:/root/tiago_public_ws/install/play_motion2_msgs/local/lib/python3.10/dist-packages:/opt/ros/humble/lib/python3.10/site-packages:/opt/ros/humble/local/lib/python3.10/dist-packages /usr/bin/cmake --install /root/tiago_public_ws/build/pmb2_description
