[0.084s] Invoking command in '/root/tiago_public_ws/build/tiago_laser_sensors': CMAKE_PREFIX_PATH=${CMAKE_PREFIX_PATH}:/root/tiago_public_ws/install/launch_pal:/opt/ros/humble /usr/bin/cmake --build /root/tiago_public_ws/build/tiago_laser_sensors -- -j8 -l8
[0.131s] Invoked command in '/root/tiago_public_ws/build/tiago_laser_sensors' returned '0': CMAKE_PREFIX_PATH=${CMAKE_PREFIX_PATH}:/root/tiago_public_ws/install/launch_pal:/opt/ros/humble /usr/bin/cmake --build /root/tiago_public_ws/build/tiago_laser_sensors -- -j8 -l8
[0.158s] Invoking command in '/root/tiago_public_ws/build/tiago_laser_sensors': CMAKE_PREFIX_PATH=${CMAKE_PREFIX_PATH}:/root/tiago_public_ws/install/launch_pal:/opt/ros/humble /usr/bin/cmake --install /root/tiago_public_ws/build/tiago_laser_sensors
[0.167s] -- Install configuration: ""
[0.167s] -- Execute custom install script
[0.169s] -- Up-to-date symlink: /root/tiago_public_ws/install/tiago_laser_sensors/share/tiago_laser_sensors/params/omni_base_laser_pipeline.yaml
[0.170s] -- Up-to-date symlink: /root/tiago_public_ws/install/tiago_laser_sensors/share/tiago_laser_sensors/params/omni_base_laser_pipeline_sim.yaml
[0.170s] -- Up-to-date symlink: /root/tiago_public_ws/install/tiago_laser_sensors/share/tiago_laser_sensors/params/omni_base_laser_pipeline_w_composition.yaml
[0.170s] -- Up-to-date symlink: /root/tiago_public_ws/install/tiago_laser_sensors/share/tiago_laser_sensors/params/pmb2_laser_pipeline.yaml
[0.171s] -- Up-to-date symlink: /root/tiago_public_ws/install/tiago_laser_sensors/share/tiago_laser_sensors/params/pmb2_laser_pipeline_sim.yaml
[0.171s] -- Up-to-date symlink: /root/tiago_public_ws/install/tiago_laser_sensors/share/tiago_laser_sensors/params/pmb2_laser_pipeline_w_composition.yaml
[0.171s] -- Up-to-date symlink: /root/tiago_public_ws/install/tiago_laser_sensors/share/ament_index/resource_index/package_run_dependencies/tiago_laser_sensors
[0.172s] -- Up-to-date symlink: /root/tiago_public_ws/install/tiago_laser_sensors/share/ament_index/resource_index/parent_prefix_path/tiago_laser_sensors
[0.174s] -- Up-to-date symlink: /root/tiago_public_ws/install/tiago_laser_sensors/share/tiago_laser_sensors/environment/ament_prefix_path.sh
[0.175s] -- Up-to-date symlink: /root/tiago_public_ws/install/tiago_laser_sensors/share/tiago_laser_sensors/environment/ament_prefix_path.dsv
[0.175s] -- Up-to-date symlink: /root/tiago_public_ws/install/tiago_laser_sensors/share/tiago_laser_sensors/environment/path.sh
[0.176s] -- Up-to-date symlink: /root/tiago_public_ws/install/tiago_laser_sensors/share/tiago_laser_sensors/environment/path.dsv
[0.177s] -- Up-to-date symlink: /root/tiago_public_ws/install/tiago_laser_sensors/share/tiago_laser_sensors/local_setup.bash
[0.178s] -- Up-to-date symlink: /root/tiago_public_ws/install/tiago_laser_sensors/share/tiago_laser_sensors/local_setup.sh
[0.178s] -- Up-to-date symlink: /root/tiago_public_ws/install/tiago_laser_sensors/share/tiago_laser_sensors/local_setup.zsh
[0.178s] -- Up-to-date symlink: /root/tiago_public_ws/install/tiago_laser_sensors/share/tiago_laser_sensors/local_setup.dsv
[0.178s] -- Symlinking: /root/tiago_public_ws/install/tiago_laser_sensors/share/tiago_laser_sensors/package.dsv
[0.185s] -- Up-to-date symlink: /root/tiago_public_ws/install/tiago_laser_sensors/share/ament_index/resource_index/packages/tiago_laser_sensors
[0.186s] -- Up-to-date symlink: /root/tiago_public_ws/install/tiago_laser_sensors/share/tiago_laser_sensors/cmake/tiago_laser_sensorsConfig.cmake
[0.187s] -- Up-to-date symlink: /root/tiago_public_ws/install/tiago_laser_sensors/share/tiago_laser_sensors/cmake/tiago_laser_sensorsConfig-version.cmake
[0.187s] -- Up-to-date symlink: /root/tiago_public_ws/install/tiago_laser_sensors/share/tiago_laser_sensors/package.xml
[0.194s] Invoked command in '/root/tiago_public_ws/build/tiago_laser_sensors' returned '0': CMAKE_PREFIX_PATH=${CMAKE_PREFIX_PATH}:/root/tiago_public_ws/install/launch_pal:/opt/ros/humble /usr/bin/cmake --install /root/tiago_public_ws/build/tiago_laser_sensors
