[0.605s] Invoking command in '/root/tiago_public_ws/build/tiago_gazebo': AMENT_PREFIX_PATH=/root/tiago_public_ws/install/launch_pal:/root/tiago_public_ws/install/urdf_test:/root/tiago_public_ws/install/tiago_simulation:/root/tiago_public_ws/install/tiago_robot:/root/tiago_public_ws/install/tiago_navigation:/root/tiago_public_ws/install/tiago_gazebo:/root/tiago_public_ws/install/tiago_moveit_config:/root/tiago_public_ws/install/tiago_2dnav:/root/tiago_public_ws/install/tiago_laser_sensors:/root/tiago_public_ws/install/tiago_bringup:/root/tiago_public_ws/install/tiago_description:/root/tiago_public_ws/install/tiago_controller_configuration:/root/tiago_public_ws/install/pmb2_robot:/root/tiago_public_ws/install/pmb2_navigation:/root/tiago_public_ws/install/pmb2_2dnav:/root/tiago_public_ws/install/pmb2_laser_sensors:/root/tiago_public_ws/install/pmb2_bringup:/root/tiago_public_ws/install/pmb2_description:/root/tiago_public_ws/install/pmb2_controller_configuration:/root/tiago_public_ws/install/play_motion2:/root/tiago_public_ws/install/play_motion2_msgs:/root/tiago_public_ws/install/plansys2_simple_example:/root/tiago_public_ws/install/plansys2_patrol_navigation_example:/root/tiago_public_ws/install/plansys2_multidomain_example:/root/tiago_public_ws/install/plansys2_cascade_example:/root/tiago_public_ws/install/plansys2_bt_example:/root/tiago_public_ws/install/pal_hey5:/root/tiago_public_ws/install/pal_hey5_description:/root/tiago_public_ws/install/pal_gripper_simulation:/root/tiago_public_ws/install/pal_gripper:/root/tiago_public_ws/install/pal_gripper_description:/root/tiago_public_ws/install/pal_urdf_utils:/root/tiago_public_ws/install/pal_robotiq_gripper:/root/tiago_public_ws/install/pal_robotiq_description:/root/tiago_public_ws/install/pal_robotiq_controller_configuration:/root/tiago_public_ws/install/pal_navigation_cfg:/root/tiago_public_ws/install/pal_navigation_cfg_bringup:/root/tiago_public_ws/install/pal_navigation_cfg_params:/root/tiago_public_ws/install/pal_hey5_controller_configuration:/root/tiago_public_ws/install/pal_gripper_controller_configuration:/root/tiago_public_ws/install/pal_gazebo_worlds:/opt/ros/humble CMAKE_PREFIX_PATH=/root/tiago_public_ws/install/tiago_moveit_config:/root/tiago_public_ws/install/tiago_bringup:/root/tiago_public_ws/install/tiago_2dnav:/root/tiago_public_ws/install/tiago_description:/root/tiago_public_ws/install/tiago_controller_configuration:/root/tiago_public_ws/install/pmb2_description:/root/tiago_public_ws/install/pmb2_controller_configuration:/root/tiago_public_ws/install/play_motion2:/root/tiago_public_ws/install/pal_hey5_description:/root/tiago_public_ws/install/pal_gripper_description:/root/tiago_public_ws/install/urdf_test:/root/tiago_public_ws/install/tiago_laser_sensors:/root/tiago_public_ws/install/play_motion2_msgs:/root/tiago_public_ws/install/pal_urdf_utils:/root/tiago_public_ws/install/pal_robotiq_description:/root/tiago_public_ws/install/pal_robotiq_controller_configuration:/root/tiago_public_ws/install/pal_hey5_controller_configuration:/root/tiago_public_ws/install/pal_gripper_controller_configuration:/root/tiago_public_ws/install/pal_gazebo_worlds:/root/tiago_public_ws/install/tiago_simulation:/root/tiago_public_ws/install/tiago_robot:/root/tiago_public_ws/install/tiago_navigation:/root/tiago_public_ws/install/tiago_gazebo:/root/tiago_public_ws/install/pmb2_robot:/root/tiago_public_ws/install/pmb2_navigation:/root/tiago_public_ws/install/pmb2_2dnav:/root/tiago_public_ws/install/pmb2_laser_sensors:/root/tiago_public_ws/install/pmb2_bringup:/root/tiago_public_ws/install/plansys2_simple_example:/root/tiago_public_ws/install/plansys2_patrol_navigation_example:/root/tiago_public_ws/install/plansys2_multidomain_example:/root/tiago_public_ws/install/plansys2_cascade_example:/root/tiago_public_ws/install/plansys2_bt_example:/root/tiago_public_ws/install/pal_hey5:/root/tiago_public_ws/install/pal_gripper_simulation:/root/tiago_public_ws/install/pal_gripper:/root/tiago_public_ws/install/pal_robotiq_gripper:/root/tiago_public_ws/install/pal_navigation_cfg:/root/tiago_public_ws/install/pal_navigation_cfg_bringup:/root/tiago_public_ws/install/pal_navigation_cfg_params:/root/tiago_public_ws/install/launch_pal:/opt/ros/humble LD_LIBRARY_PATH=/root/tiago_public_ws/install/play_motion2/lib:/root/tiago_public_ws/install/play_motion2_msgs/lib:/root/tiago_public_ws/install/tiago_gazebo/lib:/root/tiago_public_ws/install/plansys2_bt_example/lib:/usr/lib/x86_64-linux-gnu/gazebo-11/plugins:/opt/ros/humble/opt/rviz_ogre_vendor/lib:/opt/ros/humble/lib/x86_64-linux-gnu:/opt/ros/humble/lib PYTHONPATH=/root/tiago_public_ws/build/launch_pal:/root/tiago_public_ws/install/launch_pal/lib/python3.10/site-packages:/root/tiago_public_ws/install/urdf_test/local/lib/python3.10/dist-packages:/root/tiago_public_ws/install/tiago_gazebo/local/lib/python3.10/dist-packages:/root/tiago_public_ws/install/tiago_description/local/lib/python3.10/dist-packages:/root/tiago_public_ws/install/pmb2_description/local/lib/python3.10/dist-packages:/root/tiago_public_ws/install/play_motion2_msgs/local/lib/python3.10/dist-packages:/opt/ros/humble/lib/python3.10/site-packages:/opt/ros/humble/local/lib/python3.10/dist-packages /usr/bin/cmake --build /root/tiago_public_ws/build/tiago_gazebo -- -j8 -l8
[0.653s] [  2%] Built target tiago_gazebo__cpp
[0.655s] [ 10%] Built target tiago_gazebo__rosidl_generator_c
[0.674s] [ 18%] Built target tiago_gazebo__rosidl_typesupport_introspection_cpp
[0.679s] [ 24%] Built target gtest
[0.697s] [ 32%] Built target tiago_gazebo__rosidl_typesupport_introspection_c
[0.704s] [ 40%] Built target tiago_gazebo__rosidl_typesupport_c
[0.728s] [ 48%] Built target tiago_gazebo__rosidl_typesupport_fastrtps_c
[0.733s] [ 56%] Built target tiago_gazebo__rosidl_typesupport_fastrtps_cpp
[0.758s] [ 62%] Built target gtest_main
[0.760s] [ 70%] Built target tiago_gazebo__rosidl_typesupport_cpp
[0.785s] [ 70%] Built target ament_cmake_python_symlink_tiago_gazebo
[0.790s] [ 75%] Built target tuck_arm_test
[0.804s] [ 75%] Built target tiago_gazebo
[0.829s] [ 78%] Built target tiago_gazebo__py
[0.852s] [ 83%] Built target tiago_gazebo__rosidl_generator_py
[0.873s] [ 89%] Built target tiago_gazebo__rosidl_typesupport_fastrtps_c__pyext
[0.897s] [ 94%] Built target tiago_gazebo__rosidl_typesupport_c__pyext
[0.921s] [100%] Built target tiago_gazebo__rosidl_typesupport_introspection_c__pyext
[1.111s] running egg_info
[1.112s] writing tiago_gazebo.egg-info/PKG-INFO
[1.112s] writing dependency_links to tiago_gazebo.egg-info/dependency_links.txt
[1.112s] writing top-level names to tiago_gazebo.egg-info/top_level.txt
[1.114s] reading manifest file 'tiago_gazebo.egg-info/SOURCES.txt'
[1.115s] writing manifest file 'tiago_gazebo.egg-info/SOURCES.txt'
[1.139s] [100%] Built target ament_cmake_python_build_tiago_gazebo_egg
[1.150s] Invoked command in '/root/tiago_public_ws/build/tiago_gazebo' returned '0': AMENT_PREFIX_PATH=/root/tiago_public_ws/install/launch_pal:/root/tiago_public_ws/install/urdf_test:/root/tiago_public_ws/install/tiago_simulation:/root/tiago_public_ws/install/tiago_robot:/root/tiago_public_ws/install/tiago_navigation:/root/tiago_public_ws/install/tiago_gazebo:/root/tiago_public_ws/install/tiago_moveit_config:/root/tiago_public_ws/install/tiago_2dnav:/root/tiago_public_ws/install/tiago_laser_sensors:/root/tiago_public_ws/install/tiago_bringup:/root/tiago_public_ws/install/tiago_description:/root/tiago_public_ws/install/tiago_controller_configuration:/root/tiago_public_ws/install/pmb2_robot:/root/tiago_public_ws/install/pmb2_navigation:/root/tiago_public_ws/install/pmb2_2dnav:/root/tiago_public_ws/install/pmb2_laser_sensors:/root/tiago_public_ws/install/pmb2_bringup:/root/tiago_public_ws/install/pmb2_description:/root/tiago_public_ws/install/pmb2_controller_configuration:/root/tiago_public_ws/install/play_motion2:/root/tiago_public_ws/install/play_motion2_msgs:/root/tiago_public_ws/install/plansys2_simple_example:/root/tiago_public_ws/install/plansys2_patrol_navigation_example:/root/tiago_public_ws/install/plansys2_multidomain_example:/root/tiago_public_ws/install/plansys2_cascade_example:/root/tiago_public_ws/install/plansys2_bt_example:/root/tiago_public_ws/install/pal_hey5:/root/tiago_public_ws/install/pal_hey5_description:/root/tiago_public_ws/install/pal_gripper_simulation:/root/tiago_public_ws/install/pal_gripper:/root/tiago_public_ws/install/pal_gripper_description:/root/tiago_public_ws/install/pal_urdf_utils:/root/tiago_public_ws/install/pal_robotiq_gripper:/root/tiago_public_ws/install/pal_robotiq_description:/root/tiago_public_ws/install/pal_robotiq_controller_configuration:/root/tiago_public_ws/install/pal_navigation_cfg:/root/tiago_public_ws/install/pal_navigation_cfg_bringup:/root/tiago_public_ws/install/pal_navigation_cfg_params:/root/tiago_public_ws/install/pal_hey5_controller_configuration:/root/tiago_public_ws/install/pal_gripper_controller_configuration:/root/tiago_public_ws/install/pal_gazebo_worlds:/opt/ros/humble CMAKE_PREFIX_PATH=/root/tiago_public_ws/install/tiago_moveit_config:/root/tiago_public_ws/install/tiago_bringup:/root/tiago_public_ws/install/tiago_2dnav:/root/tiago_public_ws/install/tiago_description:/root/tiago_public_ws/install/tiago_controller_configuration:/root/tiago_public_ws/install/pmb2_description:/root/tiago_public_ws/install/pmb2_controller_configuration:/root/tiago_public_ws/install/play_motion2:/root/tiago_public_ws/install/pal_hey5_description:/root/tiago_public_ws/install/pal_gripper_description:/root/tiago_public_ws/install/urdf_test:/root/tiago_public_ws/install/tiago_laser_sensors:/root/tiago_public_ws/install/play_motion2_msgs:/root/tiago_public_ws/install/pal_urdf_utils:/root/tiago_public_ws/install/pal_robotiq_description:/root/tiago_public_ws/install/pal_robotiq_controller_configuration:/root/tiago_public_ws/install/pal_hey5_controller_configuration:/root/tiago_public_ws/install/pal_gripper_controller_configuration:/root/tiago_public_ws/install/pal_gazebo_worlds:/root/tiago_public_ws/install/tiago_simulation:/root/tiago_public_ws/install/tiago_robot:/root/tiago_public_ws/install/tiago_navigation:/root/tiago_public_ws/install/tiago_gazebo:/root/tiago_public_ws/install/pmb2_robot:/root/tiago_public_ws/install/pmb2_navigation:/root/tiago_public_ws/install/pmb2_2dnav:/root/tiago_public_ws/install/pmb2_laser_sensors:/root/tiago_public_ws/install/pmb2_bringup:/root/tiago_public_ws/install/plansys2_simple_example:/root/tiago_public_ws/install/plansys2_patrol_navigation_example:/root/tiago_public_ws/install/plansys2_multidomain_example:/root/tiago_public_ws/install/plansys2_cascade_example:/root/tiago_public_ws/install/plansys2_bt_example:/root/tiago_public_ws/install/pal_hey5:/root/tiago_public_ws/install/pal_gripper_simulation:/root/tiago_public_ws/install/pal_gripper:/root/tiago_public_ws/install/pal_robotiq_gripper:/root/tiago_public_ws/install/pal_navigation_cfg:/root/tiago_public_ws/install/pal_navigation_cfg_bringup:/root/tiago_public_ws/install/pal_navigation_cfg_params:/root/tiago_public_ws/install/launch_pal:/opt/ros/humble LD_LIBRARY_PATH=/root/tiago_public_ws/install/play_motion2/lib:/root/tiago_public_ws/install/play_motion2_msgs/lib:/root/tiago_public_ws/install/tiago_gazebo/lib:/root/tiago_public_ws/install/plansys2_bt_example/lib:/usr/lib/x86_64-linux-gnu/gazebo-11/plugins:/opt/ros/humble/opt/rviz_ogre_vendor/lib:/opt/ros/humble/lib/x86_64-linux-gnu:/opt/ros/humble/lib PYTHONPATH=/root/tiago_public_ws/build/launch_pal:/root/tiago_public_ws/install/launch_pal/lib/python3.10/site-packages:/root/tiago_public_ws/install/urdf_test/local/lib/python3.10/dist-packages:/root/tiago_public_ws/install/tiago_gazebo/local/lib/python3.10/dist-packages:/root/tiago_public_ws/install/tiago_description/local/lib/python3.10/dist-packages:/root/tiago_public_ws/install/pmb2_description/local/lib/python3.10/dist-packages:/root/tiago_public_ws/install/play_motion2_msgs/local/lib/python3.10/dist-packages:/opt/ros/humble/lib/python3.10/site-packages:/opt/ros/humble/local/lib/python3.10/dist-packages /usr/bin/cmake --build /root/tiago_public_ws/build/tiago_gazebo -- -j8 -l8
[1.207s] Invoking command in '/root/tiago_public_ws/build/tiago_gazebo': AMENT_PREFIX_PATH=/root/tiago_public_ws/install/launch_pal:/root/tiago_public_ws/install/urdf_test:/root/tiago_public_ws/install/tiago_simulation:/root/tiago_public_ws/install/tiago_robot:/root/tiago_public_ws/install/tiago_navigation:/root/tiago_public_ws/install/tiago_gazebo:/root/tiago_public_ws/install/tiago_moveit_config:/root/tiago_public_ws/install/tiago_2dnav:/root/tiago_public_ws/install/tiago_laser_sensors:/root/tiago_public_ws/install/tiago_bringup:/root/tiago_public_ws/install/tiago_description:/root/tiago_public_ws/install/tiago_controller_configuration:/root/tiago_public_ws/install/pmb2_robot:/root/tiago_public_ws/install/pmb2_navigation:/root/tiago_public_ws/install/pmb2_2dnav:/root/tiago_public_ws/install/pmb2_laser_sensors:/root/tiago_public_ws/install/pmb2_bringup:/root/tiago_public_ws/install/pmb2_description:/root/tiago_public_ws/install/pmb2_controller_configuration:/root/tiago_public_ws/install/play_motion2:/root/tiago_public_ws/install/play_motion2_msgs:/root/tiago_public_ws/install/plansys2_simple_example:/root/tiago_public_ws/install/plansys2_patrol_navigation_example:/root/tiago_public_ws/install/plansys2_multidomain_example:/root/tiago_public_ws/install/plansys2_cascade_example:/root/tiago_public_ws/install/plansys2_bt_example:/root/tiago_public_ws/install/pal_hey5:/root/tiago_public_ws/install/pal_hey5_description:/root/tiago_public_ws/install/pal_gripper_simulation:/root/tiago_public_ws/install/pal_gripper:/root/tiago_public_ws/install/pal_gripper_description:/root/tiago_public_ws/install/pal_urdf_utils:/root/tiago_public_ws/install/pal_robotiq_gripper:/root/tiago_public_ws/install/pal_robotiq_description:/root/tiago_public_ws/install/pal_robotiq_controller_configuration:/root/tiago_public_ws/install/pal_navigation_cfg:/root/tiago_public_ws/install/pal_navigation_cfg_bringup:/root/tiago_public_ws/install/pal_navigation_cfg_params:/root/tiago_public_ws/install/pal_hey5_controller_configuration:/root/tiago_public_ws/install/pal_gripper_controller_configuration:/root/tiago_public_ws/install/pal_gazebo_worlds:/opt/ros/humble CMAKE_PREFIX_PATH=/root/tiago_public_ws/install/tiago_moveit_config:/root/tiago_public_ws/install/tiago_bringup:/root/tiago_public_ws/install/tiago_2dnav:/root/tiago_public_ws/install/tiago_description:/root/tiago_public_ws/install/tiago_controller_configuration:/root/tiago_public_ws/install/pmb2_description:/root/tiago_public_ws/install/pmb2_controller_configuration:/root/tiago_public_ws/install/play_motion2:/root/tiago_public_ws/install/pal_hey5_description:/root/tiago_public_ws/install/pal_gripper_description:/root/tiago_public_ws/install/urdf_test:/root/tiago_public_ws/install/tiago_laser_sensors:/root/tiago_public_ws/install/play_motion2_msgs:/root/tiago_public_ws/install/pal_urdf_utils:/root/tiago_public_ws/install/pal_robotiq_description:/root/tiago_public_ws/install/pal_robotiq_controller_configuration:/root/tiago_public_ws/install/pal_hey5_controller_configuration:/root/tiago_public_ws/install/pal_gripper_controller_configuration:/root/tiago_public_ws/install/pal_gazebo_worlds:/root/tiago_public_ws/install/tiago_simulation:/root/tiago_public_ws/install/tiago_robot:/root/tiago_public_ws/install/tiago_navigation:/root/tiago_public_ws/install/tiago_gazebo:/root/tiago_public_ws/install/pmb2_robot:/root/tiago_public_ws/install/pmb2_navigation:/root/tiago_public_ws/install/pmb2_2dnav:/root/tiago_public_ws/install/pmb2_laser_sensors:/root/tiago_public_ws/install/pmb2_bringup:/root/tiago_public_ws/install/plansys2_simple_example:/root/tiago_public_ws/install/plansys2_patrol_navigation_example:/root/tiago_public_ws/install/plansys2_multidomain_example:/root/tiago_public_ws/install/plansys2_cascade_example:/root/tiago_public_ws/install/plansys2_bt_example:/root/tiago_public_ws/install/pal_hey5:/root/tiago_public_ws/install/pal_gripper_simulation:/root/tiago_public_ws/install/pal_gripper:/root/tiago_public_ws/install/pal_robotiq_gripper:/root/tiago_public_ws/install/pal_navigation_cfg:/root/tiago_public_ws/install/pal_navigation_cfg_bringup:/root/tiago_public_ws/install/pal_navigation_cfg_params:/root/tiago_public_ws/install/launch_pal:/opt/ros/humble LD_LIBRARY_PATH=/root/tiago_public_ws/install/play_motion2/lib:/root/tiago_public_ws/install/play_motion2_msgs/lib:/root/tiago_public_ws/install/tiago_gazebo/lib:/root/tiago_public_ws/install/plansys2_bt_example/lib:/usr/lib/x86_64-linux-gnu/gazebo-11/plugins:/opt/ros/humble/opt/rviz_ogre_vendor/lib:/opt/ros/humble/lib/x86_64-linux-gnu:/opt/ros/humble/lib PYTHONPATH=/root/tiago_public_ws/build/launch_pal:/root/tiago_public_ws/install/launch_pal/lib/python3.10/site-packages:/root/tiago_public_ws/install/urdf_test/local/lib/python3.10/dist-packages:/root/tiago_public_ws/install/tiago_gazebo/local/lib/python3.10/dist-packages:/root/tiago_public_ws/install/tiago_description/local/lib/python3.10/dist-packages:/root/tiago_public_ws/install/pmb2_description/local/lib/python3.10/dist-packages:/root/tiago_public_ws/install/play_motion2_msgs/local/lib/python3.10/dist-packages:/opt/ros/humble/lib/python3.10/site-packages:/opt/ros/humble/local/lib/python3.10/dist-packages /usr/bin/cmake --install /root/tiago_public_ws/build/tiago_gazebo
[1.216s] -- Install configuration: ""
[1.216s] -- Execute custom install script
[1.217s] -- Up-to-date symlink: /root/tiago_public_ws/install/tiago_gazebo/share/ament_index/resource_index/rosidl_interfaces/tiago_gazebo
[1.217s] -- Up-to-date symlink: /root/tiago_public_ws/install/tiago_gazebo/include/tiago_gazebo/tiago_gazebo/msg/detail/order__functions.h
[1.218s] -- Up-to-date symlink: /root/tiago_public_ws/install/tiago_gazebo/include/tiago_gazebo/tiago_gazebo/msg/detail/order__struct.h
[1.218s] -- Up-to-date symlink: /root/tiago_public_ws/install/tiago_gazebo/include/tiago_gazebo/tiago_gazebo/msg/detail/order__type_support.h
[1.218s] -- Up-to-date symlink: /root/tiago_public_ws/install/tiago_gazebo/include/tiago_gazebo/tiago_gazebo/msg/order.h
[1.218s] -- Up-to-date symlink: /root/tiago_public_ws/install/tiago_gazebo/include/tiago_gazebo/tiago_gazebo/msg/rosidl_generator_c__visibility_control.h
[1.219s] -- Up-to-date symlink: /root/tiago_public_ws/install/tiago_gazebo/share/tiago_gazebo/environment/library_path.sh
[1.219s] -- Up-to-date symlink: /root/tiago_public_ws/install/tiago_gazebo/share/tiago_gazebo/environment/library_path.dsv
[1.219s] -- Up-to-date symlink: /root/tiago_public_ws/install/tiago_gazebo/include/tiago_gazebo/tiago_gazebo/msg/detail/order__rosidl_typesupport_fastrtps_c.h
[1.219s] -- Up-to-date symlink: /root/tiago_public_ws/install/tiago_gazebo/include/tiago_gazebo/tiago_gazebo/msg/rosidl_typesupport_fastrtps_c__visibility_control.h
[1.219s] -- Up-to-date symlink: /root/tiago_public_ws/install/tiago_gazebo/include/tiago_gazebo/tiago_gazebo/msg/detail/order__rosidl_typesupport_introspection_c.h
[1.220s] -- Up-to-date symlink: /root/tiago_public_ws/install/tiago_gazebo/include/tiago_gazebo/tiago_gazebo/msg/rosidl_typesupport_introspection_c__visibility_control.h
[1.220s] -- Up-to-date symlink: /root/tiago_public_ws/install/tiago_gazebo/include/tiago_gazebo/tiago_gazebo/msg/detail/order__builder.hpp
[1.220s] -- Up-to-date symlink: /root/tiago_public_ws/install/tiago_gazebo/include/tiago_gazebo/tiago_gazebo/msg/detail/order__struct.hpp
[1.220s] -- Up-to-date symlink: /root/tiago_public_ws/install/tiago_gazebo/include/tiago_gazebo/tiago_gazebo/msg/detail/order__traits.hpp
[1.220s] -- Up-to-date symlink: /root/tiago_public_ws/install/tiago_gazebo/include/tiago_gazebo/tiago_gazebo/msg/order.hpp
[1.220s] -- Up-to-date symlink: /root/tiago_public_ws/install/tiago_gazebo/include/tiago_gazebo/tiago_gazebo/msg/detail/order__rosidl_typesupport_fastrtps_cpp.hpp
[1.220s] -- Up-to-date symlink: /root/tiago_public_ws/install/tiago_gazebo/include/tiago_gazebo/tiago_gazebo/msg/rosidl_typesupport_fastrtps_cpp__visibility_control.h
[1.221s] -- Up-to-date symlink: /root/tiago_public_ws/install/tiago_gazebo/include/tiago_gazebo/tiago_gazebo/msg/detail/order__rosidl_typesupport_introspection_cpp.hpp
[1.221s] -- Up-to-date symlink: /root/tiago_public_ws/install/tiago_gazebo/share/tiago_gazebo/environment/pythonpath.sh
[1.221s] -- Up-to-date symlink: /root/tiago_public_ws/install/tiago_gazebo/share/tiago_gazebo/environment/pythonpath.dsv
[1.221s] -- Up-to-date symlink: /root/tiago_public_ws/install/tiago_gazebo/local/lib/python3.10/dist-packages/tiago_gazebo-4.2.0-py3.10.egg-info/PKG-INFO
[1.222s] -- Up-to-date symlink: /root/tiago_public_ws/install/tiago_gazebo/local/lib/python3.10/dist-packages/tiago_gazebo-4.2.0-py3.10.egg-info/SOURCES.txt
[1.222s] -- Up-to-date symlink: /root/tiago_public_ws/install/tiago_gazebo/local/lib/python3.10/dist-packages/tiago_gazebo-4.2.0-py3.10.egg-info/dependency_links.txt
[1.222s] -- Up-to-date symlink: /root/tiago_public_ws/install/tiago_gazebo/local/lib/python3.10/dist-packages/tiago_gazebo-4.2.0-py3.10.egg-info/top_level.txt
[1.222s] -- Up-to-date symlink: /root/tiago_public_ws/install/tiago_gazebo/local/lib/python3.10/dist-packages/tiago_gazebo/__init__.py
[1.222s] -- Up-to-date symlink: /root/tiago_public_ws/install/tiago_gazebo/local/lib/python3.10/dist-packages/tiago_gazebo/_tiago_gazebo_s.ep.rosidl_typesupport_c.c
[1.222s] -- Up-to-date symlink: /root/tiago_public_ws/install/tiago_gazebo/local/lib/python3.10/dist-packages/tiago_gazebo/_tiago_gazebo_s.ep.rosidl_typesupport_fastrtps_c.c
[1.223s] -- Up-to-date symlink: /root/tiago_public_ws/install/tiago_gazebo/local/lib/python3.10/dist-packages/tiago_gazebo/_tiago_gazebo_s.ep.rosidl_typesupport_introspection_c.c
[1.223s] -- Up-to-date symlink: /root/tiago_public_ws/install/tiago_gazebo/local/lib/python3.10/dist-packages/tiago_gazebo/libtiago_gazebo__rosidl_generator_py.so
[1.223s] -- Up-to-date symlink: /root/tiago_public_ws/install/tiago_gazebo/local/lib/python3.10/dist-packages/tiago_gazebo/msg/__init__.py
[1.223s] -- Up-to-date symlink: /root/tiago_public_ws/install/tiago_gazebo/local/lib/python3.10/dist-packages/tiago_gazebo/msg/_order.py
[1.223s] -- Up-to-date symlink: /root/tiago_public_ws/install/tiago_gazebo/local/lib/python3.10/dist-packages/tiago_gazebo/msg/_order_s.c
[1.224s] -- Up-to-date symlink: /root/tiago_public_ws/install/tiago_gazebo/local/lib/python3.10/dist-packages/tiago_gazebo/tiago_gazebo_s__rosidl_typesupport_c.cpython-310-x86_64-linux-gnu.so
[1.224s] -- Up-to-date symlink: /root/tiago_public_ws/install/tiago_gazebo/local/lib/python3.10/dist-packages/tiago_gazebo/tiago_gazebo_s__rosidl_typesupport_fastrtps_c.cpython-310-x86_64-linux-gnu.so
[1.224s] -- Up-to-date symlink: /root/tiago_public_ws/install/tiago_gazebo/local/lib/python3.10/dist-packages/tiago_gazebo/tiago_gazebo_s__rosidl_typesupport_introspection_c.cpython-310-x86_64-linux-gnu.so
[1.224s] -- Up-to-date symlink: /root/tiago_public_ws/install/tiago_gazebo/local/lib/python3.10/dist-packages/tiago_gazebo/tiago_gazebo_s__rosidl_typesupport_fastrtps_c.cpython-310-x86_64-linux-gnu.so
[1.224s] -- Up-to-date symlink: /root/tiago_public_ws/install/tiago_gazebo/local/lib/python3.10/dist-packages/tiago_gazebo/tiago_gazebo_s__rosidl_typesupport_introspection_c.cpython-310-x86_64-linux-gnu.so
[1.225s] -- Up-to-date symlink: /root/tiago_public_ws/install/tiago_gazebo/local/lib/python3.10/dist-packages/tiago_gazebo/tiago_gazebo_s__rosidl_typesupport_c.cpython-310-x86_64-linux-gnu.so
[1.225s] -- Up-to-date symlink: /root/tiago_public_ws/install/tiago_gazebo/share/tiago_gazebo/msg/Order.idl
[1.225s] -- Up-to-date symlink: /root/tiago_public_ws/install/tiago_gazebo/share/tiago_gazebo/msg/Order.msg
[1.225s] -- Up-to-date symlink: /root/tiago_public_ws/install/tiago_gazebo/lib/tiago_gazebo/tuck_arm.py
[1.225s] -- Up-to-date symlink: /root/tiago_public_ws/install/tiago_gazebo/lib/tiago_gazebo/talker.py
[1.225s] -- Up-to-date symlink: /root/tiago_public_ws/install/tiago_gazebo/lib/tiago_gazebo/listener.py
[1.226s] -- Up-to-date symlink: /root/tiago_public_ws/install/tiago_gazebo/lib/tiago_gazebo/generat_markers.py
[1.226s] -- Up-to-date symlink: /root/tiago_public_ws/install/tiago_gazebo/lib/tiago_gazebo/head_control.py
[1.226s] -- Up-to-date symlink: /root/tiago_public_ws/install/tiago_gazebo/lib/tiago_gazebo/prepare_pickup.py
[1.226s] -- Up-to-date symlink: /root/tiago_public_ws/install/tiago_gazebo/lib/tiago_gazebo/our_vision.py
[1.226s] -- Up-to-date symlink: /root/tiago_public_ws/install/tiago_gazebo/lib/tiago_gazebo/vision.py
[1.226s] -- Up-to-date symlink: /root/tiago_public_ws/install/tiago_gazebo/share/tiago_gazebo/test/tuck_arm_test
[1.227s] -- Up-to-date symlink: /root/tiago_public_ws/install/tiago_gazebo/share/tiago_gazebo/launch/.tiago_gazebo.launch.py.swo
[1.227s] -- Up-to-date symlink: /root/tiago_public_ws/install/tiago_gazebo/share/tiago_gazebo/launch/robot_spawn.launch.py
[1.227s] -- Up-to-date symlink: /root/tiago_public_ws/install/tiago_gazebo/share/tiago_gazebo/launch/tiago_cafe.launch.py
[1.227s] -- Up-to-date symlink: /root/tiago_public_ws/install/tiago_gazebo/share/tiago_gazebo/launch/tiago_cafe.launch.py:Zone.Identifier
[1.228s] -- Up-to-date symlink: /root/tiago_public_ws/install/tiago_gazebo/share/tiago_gazebo/launch/tiago_gazebo.launch.py
[1.228s] -- Up-to-date symlink: /root/tiago_public_ws/install/tiago_gazebo/share/ament_index/resource_index/package_run_dependencies/tiago_gazebo
[1.228s] -- Up-to-date symlink: /root/tiago_public_ws/install/tiago_gazebo/share/ament_index/resource_index/parent_prefix_path/tiago_gazebo
[1.228s] -- Up-to-date symlink: /root/tiago_public_ws/install/tiago_gazebo/share/tiago_gazebo/environment/ament_prefix_path.sh
[1.229s] -- Up-to-date symlink: /root/tiago_public_ws/install/tiago_gazebo/share/tiago_gazebo/environment/ament_prefix_path.dsv
[1.229s] -- Up-to-date symlink: /root/tiago_public_ws/install/tiago_gazebo/share/tiago_gazebo/environment/path.sh
[1.229s] -- Up-to-date symlink: /root/tiago_public_ws/install/tiago_gazebo/share/tiago_gazebo/environment/path.dsv
[1.229s] -- Up-to-date symlink: /root/tiago_public_ws/install/tiago_gazebo/share/tiago_gazebo/local_setup.bash
[1.229s] -- Up-to-date symlink: /root/tiago_public_ws/install/tiago_gazebo/share/tiago_gazebo/local_setup.sh
[1.230s] -- Up-to-date symlink: /root/tiago_public_ws/install/tiago_gazebo/share/tiago_gazebo/local_setup.zsh
[1.230s] -- Up-to-date symlink: /root/tiago_public_ws/install/tiago_gazebo/share/tiago_gazebo/local_setup.dsv
[1.230s] -- Symlinking: /root/tiago_public_ws/install/tiago_gazebo/share/tiago_gazebo/package.dsv
[1.237s] -- Up-to-date symlink: /root/tiago_public_ws/install/tiago_gazebo/share/ament_index/resource_index/packages/tiago_gazebo
[1.238s] -- Up-to-date symlink: /root/tiago_public_ws/install/tiago_gazebo/share/tiago_gazebo/cmake/rosidl_cmake-extras.cmake
[1.238s] -- Up-to-date symlink: /root/tiago_public_ws/install/tiago_gazebo/share/tiago_gazebo/cmake/ament_cmake_export_include_directories-extras.cmake
[1.238s] -- Up-to-date symlink: /root/tiago_public_ws/install/tiago_gazebo/share/tiago_gazebo/cmake/ament_cmake_export_libraries-extras.cmake
[1.238s] -- Up-to-date symlink: /root/tiago_public_ws/install/tiago_gazebo/share/tiago_gazebo/cmake/ament_cmake_export_targets-extras.cmake
[1.238s] -- Up-to-date symlink: /root/tiago_public_ws/install/tiago_gazebo/share/tiago_gazebo/cmake/rosidl_cmake_export_typesupport_targets-extras.cmake
[1.239s] -- Up-to-date symlink: /root/tiago_public_ws/install/tiago_gazebo/share/tiago_gazebo/cmake/ament_cmake_export_dependencies-extras.cmake
[1.239s] -- Up-to-date symlink: /root/tiago_public_ws/install/tiago_gazebo/share/tiago_gazebo/cmake/rosidl_cmake_export_typesupport_libraries-extras.cmake
[1.239s] -- Up-to-date symlink: /root/tiago_public_ws/install/tiago_gazebo/share/tiago_gazebo/cmake/tiago_gazeboConfig.cmake
[1.239s] -- Up-to-date symlink: /root/tiago_public_ws/install/tiago_gazebo/share/tiago_gazebo/cmake/tiago_gazeboConfig-version.cmake
[1.240s] -- Up-to-date symlink: /root/tiago_public_ws/install/tiago_gazebo/share/tiago_gazebo/package.xml
[1.240s] -- Up-to-date: /root/tiago_public_ws/install/tiago_gazebo/lib/libtiago_gazebo__rosidl_generator_c.so
[1.240s] -- Up-to-date: /root/tiago_public_ws/install/tiago_gazebo/lib/libtiago_gazebo__rosidl_typesupport_fastrtps_c.so
[1.240s] -- Up-to-date: /root/tiago_public_ws/install/tiago_gazebo/lib/libtiago_gazebo__rosidl_typesupport_introspection_c.so
[1.240s] -- Up-to-date: /root/tiago_public_ws/install/tiago_gazebo/lib/libtiago_gazebo__rosidl_typesupport_c.so
[1.241s] -- Up-to-date: /root/tiago_public_ws/install/tiago_gazebo/lib/libtiago_gazebo__rosidl_typesupport_fastrtps_cpp.so
[1.241s] -- Up-to-date: /root/tiago_public_ws/install/tiago_gazebo/lib/libtiago_gazebo__rosidl_typesupport_introspection_cpp.so
[1.241s] -- Up-to-date: /root/tiago_public_ws/install/tiago_gazebo/lib/libtiago_gazebo__rosidl_typesupport_cpp.so
[1.283s] Listing '/root/tiago_public_ws/install/tiago_gazebo/local/lib/python3.10/dist-packages/tiago_gazebo'...
[1.283s] Listing '/root/tiago_public_ws/install/tiago_gazebo/local/lib/python3.10/dist-packages/tiago_gazebo/msg'...
[1.288s] -- Up-to-date: /root/tiago_public_ws/install/tiago_gazebo/lib/libtiago_gazebo__rosidl_generator_py.so
[1.288s] -- Up-to-date: /root/tiago_public_ws/install/tiago_gazebo/share/tiago_gazebo/cmake/export_tiago_gazebo__rosidl_generator_cExport.cmake
[1.289s] -- Up-to-date: /root/tiago_public_ws/install/tiago_gazebo/share/tiago_gazebo/cmake/export_tiago_gazebo__rosidl_generator_cExport-noconfig.cmake
[1.289s] -- Up-to-date: /root/tiago_public_ws/install/tiago_gazebo/share/tiago_gazebo/cmake/export_tiago_gazebo__rosidl_typesupport_fastrtps_cExport.cmake
[1.289s] -- Up-to-date: /root/tiago_public_ws/install/tiago_gazebo/share/tiago_gazebo/cmake/export_tiago_gazebo__rosidl_typesupport_fastrtps_cExport-noconfig.cmake
[1.289s] -- Up-to-date: /root/tiago_public_ws/install/tiago_gazebo/share/tiago_gazebo/cmake/tiago_gazebo__rosidl_typesupport_introspection_cExport.cmake
[1.290s] -- Up-to-date: /root/tiago_public_ws/install/tiago_gazebo/share/tiago_gazebo/cmake/tiago_gazebo__rosidl_typesupport_introspection_cExport-noconfig.cmake
[1.290s] -- Up-to-date: /root/tiago_public_ws/install/tiago_gazebo/share/tiago_gazebo/cmake/tiago_gazebo__rosidl_typesupport_cExport.cmake
[1.290s] -- Up-to-date: /root/tiago_public_ws/install/tiago_gazebo/share/tiago_gazebo/cmake/tiago_gazebo__rosidl_typesupport_cExport-noconfig.cmake
[1.290s] -- Up-to-date: /root/tiago_public_ws/install/tiago_gazebo/share/tiago_gazebo/cmake/export_tiago_gazebo__rosidl_generator_cppExport.cmake
[1.290s] -- Up-to-date: /root/tiago_public_ws/install/tiago_gazebo/share/tiago_gazebo/cmake/export_tiago_gazebo__rosidl_typesupport_fastrtps_cppExport.cmake
[1.291s] -- Up-to-date: /root/tiago_public_ws/install/tiago_gazebo/share/tiago_gazebo/cmake/export_tiago_gazebo__rosidl_typesupport_fastrtps_cppExport-noconfig.cmake
[1.291s] -- Up-to-date: /root/tiago_public_ws/install/tiago_gazebo/share/tiago_gazebo/cmake/tiago_gazebo__rosidl_typesupport_introspection_cppExport.cmake
[1.291s] -- Up-to-date: /root/tiago_public_ws/install/tiago_gazebo/share/tiago_gazebo/cmake/tiago_gazebo__rosidl_typesupport_introspection_cppExport-noconfig.cmake
[1.291s] -- Up-to-date: /root/tiago_public_ws/install/tiago_gazebo/share/tiago_gazebo/cmake/tiago_gazebo__rosidl_typesupport_cppExport.cmake
[1.291s] -- Up-to-date: /root/tiago_public_ws/install/tiago_gazebo/share/tiago_gazebo/cmake/tiago_gazebo__rosidl_typesupport_cppExport-noconfig.cmake
[1.291s] -- Up-to-date: /root/tiago_public_ws/install/tiago_gazebo/share/tiago_gazebo/cmake/export_tiago_gazebo__rosidl_generator_pyExport.cmake
[1.291s] -- Up-to-date: /root/tiago_public_ws/install/tiago_gazebo/share/tiago_gazebo/cmake/export_tiago_gazebo__rosidl_generator_pyExport-noconfig.cmake
[1.293s] Invoked command in '/root/tiago_public_ws/build/tiago_gazebo' returned '0': AMENT_PREFIX_PATH=/root/tiago_public_ws/install/launch_pal:/root/tiago_public_ws/install/urdf_test:/root/tiago_public_ws/install/tiago_simulation:/root/tiago_public_ws/install/tiago_robot:/root/tiago_public_ws/install/tiago_navigation:/root/tiago_public_ws/install/tiago_gazebo:/root/tiago_public_ws/install/tiago_moveit_config:/root/tiago_public_ws/install/tiago_2dnav:/root/tiago_public_ws/install/tiago_laser_sensors:/root/tiago_public_ws/install/tiago_bringup:/root/tiago_public_ws/install/tiago_description:/root/tiago_public_ws/install/tiago_controller_configuration:/root/tiago_public_ws/install/pmb2_robot:/root/tiago_public_ws/install/pmb2_navigation:/root/tiago_public_ws/install/pmb2_2dnav:/root/tiago_public_ws/install/pmb2_laser_sensors:/root/tiago_public_ws/install/pmb2_bringup:/root/tiago_public_ws/install/pmb2_description:/root/tiago_public_ws/install/pmb2_controller_configuration:/root/tiago_public_ws/install/play_motion2:/root/tiago_public_ws/install/play_motion2_msgs:/root/tiago_public_ws/install/plansys2_simple_example:/root/tiago_public_ws/install/plansys2_patrol_navigation_example:/root/tiago_public_ws/install/plansys2_multidomain_example:/root/tiago_public_ws/install/plansys2_cascade_example:/root/tiago_public_ws/install/plansys2_bt_example:/root/tiago_public_ws/install/pal_hey5:/root/tiago_public_ws/install/pal_hey5_description:/root/tiago_public_ws/install/pal_gripper_simulation:/root/tiago_public_ws/install/pal_gripper:/root/tiago_public_ws/install/pal_gripper_description:/root/tiago_public_ws/install/pal_urdf_utils:/root/tiago_public_ws/install/pal_robotiq_gripper:/root/tiago_public_ws/install/pal_robotiq_description:/root/tiago_public_ws/install/pal_robotiq_controller_configuration:/root/tiago_public_ws/install/pal_navigation_cfg:/root/tiago_public_ws/install/pal_navigation_cfg_bringup:/root/tiago_public_ws/install/pal_navigation_cfg_params:/root/tiago_public_ws/install/pal_hey5_controller_configuration:/root/tiago_public_ws/install/pal_gripper_controller_configuration:/root/tiago_public_ws/install/pal_gazebo_worlds:/opt/ros/humble CMAKE_PREFIX_PATH=/root/tiago_public_ws/install/tiago_moveit_config:/root/tiago_public_ws/install/tiago_bringup:/root/tiago_public_ws/install/tiago_2dnav:/root/tiago_public_ws/install/tiago_description:/root/tiago_public_ws/install/tiago_controller_configuration:/root/tiago_public_ws/install/pmb2_description:/root/tiago_public_ws/install/pmb2_controller_configuration:/root/tiago_public_ws/install/play_motion2:/root/tiago_public_ws/install/pal_hey5_description:/root/tiago_public_ws/install/pal_gripper_description:/root/tiago_public_ws/install/urdf_test:/root/tiago_public_ws/install/tiago_laser_sensors:/root/tiago_public_ws/install/play_motion2_msgs:/root/tiago_public_ws/install/pal_urdf_utils:/root/tiago_public_ws/install/pal_robotiq_description:/root/tiago_public_ws/install/pal_robotiq_controller_configuration:/root/tiago_public_ws/install/pal_hey5_controller_configuration:/root/tiago_public_ws/install/pal_gripper_controller_configuration:/root/tiago_public_ws/install/pal_gazebo_worlds:/root/tiago_public_ws/install/tiago_simulation:/root/tiago_public_ws/install/tiago_robot:/root/tiago_public_ws/install/tiago_navigation:/root/tiago_public_ws/install/tiago_gazebo:/root/tiago_public_ws/install/pmb2_robot:/root/tiago_public_ws/install/pmb2_navigation:/root/tiago_public_ws/install/pmb2_2dnav:/root/tiago_public_ws/install/pmb2_laser_sensors:/root/tiago_public_ws/install/pmb2_bringup:/root/tiago_public_ws/install/plansys2_simple_example:/root/tiago_public_ws/install/plansys2_patrol_navigation_example:/root/tiago_public_ws/install/plansys2_multidomain_example:/root/tiago_public_ws/install/plansys2_cascade_example:/root/tiago_public_ws/install/plansys2_bt_example:/root/tiago_public_ws/install/pal_hey5:/root/tiago_public_ws/install/pal_gripper_simulation:/root/tiago_public_ws/install/pal_gripper:/root/tiago_public_ws/install/pal_robotiq_gripper:/root/tiago_public_ws/install/pal_navigation_cfg:/root/tiago_public_ws/install/pal_navigation_cfg_bringup:/root/tiago_public_ws/install/pal_navigation_cfg_params:/root/tiago_public_ws/install/launch_pal:/opt/ros/humble LD_LIBRARY_PATH=/root/tiago_public_ws/install/play_motion2/lib:/root/tiago_public_ws/install/play_motion2_msgs/lib:/root/tiago_public_ws/install/tiago_gazebo/lib:/root/tiago_public_ws/install/plansys2_bt_example/lib:/usr/lib/x86_64-linux-gnu/gazebo-11/plugins:/opt/ros/humble/opt/rviz_ogre_vendor/lib:/opt/ros/humble/lib/x86_64-linux-gnu:/opt/ros/humble/lib PYTHONPATH=/root/tiago_public_ws/build/launch_pal:/root/tiago_public_ws/install/launch_pal/lib/python3.10/site-packages:/root/tiago_public_ws/install/urdf_test/local/lib/python3.10/dist-packages:/root/tiago_public_ws/install/tiago_gazebo/local/lib/python3.10/dist-packages:/root/tiago_public_ws/install/tiago_description/local/lib/python3.10/dist-packages:/root/tiago_public_ws/install/pmb2_description/local/lib/python3.10/dist-packages:/root/tiago_public_ws/install/play_motion2_msgs/local/lib/python3.10/dist-packages:/opt/ros/humble/lib/python3.10/site-packages:/opt/ros/humble/local/lib/python3.10/dist-packages /usr/bin/cmake --install /root/tiago_public_ws/build/tiago_gazebo
