[3.454s] Invoking command in '/root/tiago_public_ws/src/launch_pal': PYTHONPATH=/root/tiago_public_ws/build/launch_pal/prefix_override:/usr/lib/python3/dist-packages/colcon_core/task/python/colcon_distutils_commands:/root/tiago_public_ws/install/launch_pal/lib/python3.10/site-packages:${PYTHONPATH} /usr/bin/python3 -W ignore:setup.py install is deprecated setup.py egg_info --egg-base ../../build/launch_pal build --build-base /root/tiago_public_ws/build/launch_pal/build install --record /root/tiago_public_ws/build/launch_pal/install.log --single-version-externally-managed install_data
[4.224s] running egg_info
[4.224s] writing ../../build/launch_pal/launch_pal.egg-info/PKG-INFO
[4.224s] writing dependency_links to ../../build/launch_pal/launch_pal.egg-info/dependency_links.txt
[4.224s] writing entry points to ../../build/launch_pal/launch_pal.egg-info/entry_points.txt
[4.224s] writing requirements to ../../build/launch_pal/launch_pal.egg-info/requires.txt
[4.224s] writing top-level names to ../../build/launch_pal/launch_pal.egg-info/top_level.txt
[4.230s] reading manifest file '../../build/launch_pal/launch_pal.egg-info/SOURCES.txt'
[4.231s] adding license file 'LICENSE'
[4.254s] writing manifest file '../../build/launch_pal/launch_pal.egg-info/SOURCES.txt'
[4.254s] running build
[4.254s] running build_py
[4.254s] running install
[4.254s] running install_lib
[4.254s] running install_data
[4.254s] running install_egg_info
[4.261s] removing '/root/tiago_public_ws/install/launch_pal/lib/python3.10/site-packages/launch_pal-0.1.15-py3.10.egg-info' (and everything under it)
[4.262s] Copying ../../build/launch_pal/launch_pal.egg-info to /root/tiago_public_ws/install/launch_pal/lib/python3.10/site-packages/launch_pal-0.1.15-py3.10.egg-info
[4.262s] running install_scripts
[4.392s] writing list of installed files to '/root/tiago_public_ws/build/launch_pal/install.log'
[4.601s] Invoked command in '/root/tiago_public_ws/src/launch_pal' returned '0': PYTHONPATH=/root/tiago_public_ws/build/launch_pal/prefix_override:/usr/lib/python3/dist-packages/colcon_core/task/python/colcon_distutils_commands:/root/tiago_public_ws/install/launch_pal/lib/python3.10/site-packages:${PYTHONPATH} /usr/bin/python3 -W ignore:setup.py install is deprecated setup.py egg_info --egg-base ../../build/launch_pal build --build-base /root/tiago_public_ws/build/launch_pal/build install --record /root/tiago_public_ws/build/launch_pal/install.log --single-version-externally-managed install_data
