[2.432s] Invoking command in '/root/tiago_public_ws/build/tiago_gazebo': AMENT_PREFIX_PATH=/root/tiago_public_ws/install/launch_pal:/root/tiago_public_ws/install/urdf_test:/root/tiago_public_ws/install/tiago_simulation:/root/tiago_public_ws/install/tiago_robot:/root/tiago_public_ws/install/tiago_navigation:/root/tiago_public_ws/install/tiago_gazebo:/root/tiago_public_ws/install/tiago_moveit_config:/root/tiago_public_ws/install/tiago_2dnav:/root/tiago_public_ws/install/tiago_laser_sensors:/root/tiago_public_ws/install/tiago_bringup:/root/tiago_public_ws/install/tiago_description:/root/tiago_public_ws/install/tiago_controller_configuration:/root/tiago_public_ws/install/pmb2_robot:/root/tiago_public_ws/install/pmb2_navigation:/root/tiago_public_ws/install/pmb2_2dnav:/root/tiago_public_ws/install/pmb2_laser_sensors:/root/tiago_public_ws/install/pmb2_bringup:/root/tiago_public_ws/install/pmb2_description:/root/tiago_public_ws/install/pmb2_controller_configuration:/root/tiago_public_ws/install/play_motion2:/root/tiago_public_ws/install/play_motion2_msgs:/root/tiago_public_ws/install/pal_hey5:/root/tiago_public_ws/install/pal_hey5_description:/root/tiago_public_ws/install/pal_gripper_simulation:/root/tiago_public_ws/install/pal_gripper:/root/tiago_public_ws/install/pal_gripper_description:/root/tiago_public_ws/install/pal_urdf_utils:/root/tiago_public_ws/install/pal_robotiq_gripper:/root/tiago_public_ws/install/pal_robotiq_description:/root/tiago_public_ws/install/pal_robotiq_controller_configuration:/root/tiago_public_ws/install/pal_navigation_cfg:/root/tiago_public_ws/install/pal_navigation_cfg_bringup:/root/tiago_public_ws/install/pal_navigation_cfg_params:/root/tiago_public_ws/install/pal_hey5_controller_configuration:/root/tiago_public_ws/install/pal_gripper_controller_configuration:/root/tiago_public_ws/install/pal_gazebo_worlds:/opt/ros/humble CMAKE_PREFIX_PATH=/root/tiago_public_ws/install/tiago_moveit_config:/root/tiago_public_ws/install/tiago_bringup:/root/tiago_public_ws/install/tiago_2dnav:/root/tiago_public_ws/install/tiago_description:/root/tiago_public_ws/install/tiago_controller_configuration:/root/tiago_public_ws/install/pmb2_description:/root/tiago_public_ws/install/pmb2_controller_configuration:/root/tiago_public_ws/install/play_motion2:/root/tiago_public_ws/install/pal_hey5_description:/root/tiago_public_ws/install/pal_gripper_description:/root/tiago_public_ws/install/urdf_test:/root/tiago_public_ws/install/tiago_laser_sensors:/root/tiago_public_ws/install/play_motion2_msgs:/root/tiago_public_ws/install/pal_urdf_utils:/root/tiago_public_ws/install/pal_robotiq_description:/root/tiago_public_ws/install/pal_robotiq_controller_configuration:/root/tiago_public_ws/install/pal_hey5_controller_configuration:/root/tiago_public_ws/install/pal_gripper_controller_configuration:/root/tiago_public_ws/install/pal_gazebo_worlds:/root/tiago_public_ws/install/tiago_simulation:/root/tiago_public_ws/install/tiago_robot:/root/tiago_public_ws/install/tiago_navigation:/root/tiago_public_ws/install/tiago_gazebo:/root/tiago_public_ws/install/pmb2_robot:/root/tiago_public_ws/install/pmb2_navigation:/root/tiago_public_ws/install/pmb2_2dnav:/root/tiago_public_ws/install/pmb2_laser_sensors:/root/tiago_public_ws/install/pmb2_bringup:/root/tiago_public_ws/install/pal_hey5:/root/tiago_public_ws/install/pal_gripper_simulation:/root/tiago_public_ws/install/pal_gripper:/root/tiago_public_ws/install/pal_robotiq_gripper:/root/tiago_public_ws/install/pal_navigation_cfg:/root/tiago_public_ws/install/pal_navigation_cfg_bringup:/root/tiago_public_ws/install/pal_navigation_cfg_params:/root/tiago_public_ws/install/launch_pal:/opt/ros/humble LD_LIBRARY_PATH=/root/tiago_public_ws/install/play_motion2/lib:/root/tiago_public_ws/install/play_motion2_msgs/lib:/root/tiago_public_ws/install/tiago_gazebo/lib:/usr/lib/x86_64-linux-gnu/gazebo-11/plugins:/opt/ros/humble/opt/rviz_ogre_vendor/lib:/opt/ros/humble/lib/x86_64-linux-gnu:/opt/ros/humble/lib PYTHONPATH=/root/tiago_public_ws/install/launch_pal/lib/python3.10/site-packages:/root/tiago_public_ws/install/urdf_test/local/lib/python3.10/dist-packages:/root/tiago_public_ws/install/tiago_gazebo/local/lib/python3.10/dist-packages:/root/tiago_public_ws/install/tiago_description/local/lib/python3.10/dist-packages:/root/tiago_public_ws/install/pmb2_description/local/lib/python3.10/dist-packages:/root/tiago_public_ws/install/play_motion2_msgs/local/lib/python3.10/dist-packages:/root/tiago_public_ws/build/launch_pal:/opt/ros/humble/lib/python3.10/site-packages:/opt/ros/humble/local/lib/python3.10/dist-packages /usr/bin/cmake /root/tiago_public_ws/src/tiago_simulation/tiago_gazebo -DCMAKE_INSTALL_PREFIX=/root/tiago_public_ws/install/tiago_gazebo
[2.484s] -- Found ament_cmake_auto: 1.3.10 (/opt/ros/humble/share/ament_cmake_auto/cmake)
[2.970s] -- Override CMake install command with custom implementation using symlinks instead of copying resources
[5.833s] -- Found rosidl_default_generators: 1.2.0 (/opt/ros/humble/share/rosidl_default_generators/cmake)
[5.861s] -- Using all available rosidl_typesupport_c: rosidl_typesupport_fastrtps_c;rosidl_typesupport_introspection_c
[5.884s] -- Found rosidl_adapter: 3.1.5 (/opt/ros/humble/share/rosidl_adapter/cmake)
[6.247s] -- Using all available rosidl_typesupport_cpp: rosidl_typesupport_fastrtps_cpp;rosidl_typesupport_introspection_cpp
[6.910s] -- Found ament_cmake_ros: 0.10.0 (/opt/ros/humble/share/ament_cmake_ros/cmake)
[7.522s] -- Using all available rosidl_typesupport_c: rosidl_typesupport_fastrtps_c;rosidl_typesupport_introspection_c
[8.399s] -- Using all available rosidl_typesupport_cpp: rosidl_typesupport_fastrtps_cpp;rosidl_typesupport_introspection_cpp
[8.471s] -- Found python_cmake_module: 0.10.0 (/opt/ros/humble/share/python_cmake_module/cmake)
[8.569s] -- Using PYTHON_EXECUTABLE: /usr/bin/python3
[8.569s] -- Using PYTHON_INCLUDE_DIRS: /usr/include/python3.10
[8.569s] -- Using PYTHON_LIBRARIES: /usr/lib/x86_64-linux-gnu/libpython3.10.so
[8.651s] -- Found ament_lint_auto: 0.12.11 (/opt/ros/humble/share/ament_lint_auto/cmake)
[8.756s] -- Using PYTHON_EXECUTABLE: /usr/bin/python3
[8.756s] -- Using PYTHON_INCLUDE_DIRS: /usr/include/python3.10
[8.756s] -- Using PYTHON_LIBRARIES: /usr/lib/x86_64-linux-gnu/libpython3.10.so
[8.976s] -- Found rmw_implementation_cmake: 6.1.2 (/opt/ros/humble/share/rmw_implementation_cmake/cmake)
[8.982s] -- Found rmw_fastrtps_cpp: 6.2.7 (/opt/ros/humble/share/rmw_fastrtps_cpp/cmake)
[18.486s] -- Using RMW implementation 'rmw_fastrtps_cpp' as default
[18.742s] -- Found gtest sources under '/opt/ros/humble/src/gtest_vendor': C++ tests using 'Google Test' will be built
[18.777s] -- Added test 'copyright' to check source files copyright and LICENSE
[18.780s] -- Added test 'cppcheck' to perform static code analysis on C / C++ code
[18.782s] -- Configured cppcheck include dirs: 
[18.782s] -- Configured cppcheck exclude dirs and/or files: 
[18.784s] -- Added test 'cpplint' to check C / C++ code against the Google style
[18.784s] -- Configured cpplint exclude dirs and/or files: 
[18.785s] -- Added test 'flake8' to check Python code syntax and style conventions
[18.786s] -- Added test 'lint_cmake' to check CMake code style
[18.786s] -- Added test 'pep257' to check Python code against some of the docstring style conventions in PEP 257
[18.791s] -- Added test 'uncrustify' to check C / C++ code style
[18.791s] -- Configured uncrustify additional arguments: 
[18.791s] -- Added test 'xmllint' to check XML markup files
[18.797s] -- Configuring done
[18.938s] -- Generating done
[18.954s] -- Build files have been written to: /root/tiago_public_ws/build/tiago_gazebo
[19.010s] Invoked command in '/root/tiago_public_ws/build/tiago_gazebo' returned '0': AMENT_PREFIX_PATH=/root/tiago_public_ws/install/launch_pal:/root/tiago_public_ws/install/urdf_test:/root/tiago_public_ws/install/tiago_simulation:/root/tiago_public_ws/install/tiago_robot:/root/tiago_public_ws/install/tiago_navigation:/root/tiago_public_ws/install/tiago_gazebo:/root/tiago_public_ws/install/tiago_moveit_config:/root/tiago_public_ws/install/tiago_2dnav:/root/tiago_public_ws/install/tiago_laser_sensors:/root/tiago_public_ws/install/tiago_bringup:/root/tiago_public_ws/install/tiago_description:/root/tiago_public_ws/install/tiago_controller_configuration:/root/tiago_public_ws/install/pmb2_robot:/root/tiago_public_ws/install/pmb2_navigation:/root/tiago_public_ws/install/pmb2_2dnav:/root/tiago_public_ws/install/pmb2_laser_sensors:/root/tiago_public_ws/install/pmb2_bringup:/root/tiago_public_ws/install/pmb2_description:/root/tiago_public_ws/install/pmb2_controller_configuration:/root/tiago_public_ws/install/play_motion2:/root/tiago_public_ws/install/play_motion2_msgs:/root/tiago_public_ws/install/pal_hey5:/root/tiago_public_ws/install/pal_hey5_description:/root/tiago_public_ws/install/pal_gripper_simulation:/root/tiago_public_ws/install/pal_gripper:/root/tiago_public_ws/install/pal_gripper_description:/root/tiago_public_ws/install/pal_urdf_utils:/root/tiago_public_ws/install/pal_robotiq_gripper:/root/tiago_public_ws/install/pal_robotiq_description:/root/tiago_public_ws/install/pal_robotiq_controller_configuration:/root/tiago_public_ws/install/pal_navigation_cfg:/root/tiago_public_ws/install/pal_navigation_cfg_bringup:/root/tiago_public_ws/install/pal_navigation_cfg_params:/root/tiago_public_ws/install/pal_hey5_controller_configuration:/root/tiago_public_ws/install/pal_gripper_controller_configuration:/root/tiago_public_ws/install/pal_gazebo_worlds:/opt/ros/humble CMAKE_PREFIX_PATH=/root/tiago_public_ws/install/tiago_moveit_config:/root/tiago_public_ws/install/tiago_bringup:/root/tiago_public_ws/install/tiago_2dnav:/root/tiago_public_ws/install/tiago_description:/root/tiago_public_ws/install/tiago_controller_configuration:/root/tiago_public_ws/install/pmb2_description:/root/tiago_public_ws/install/pmb2_controller_configuration:/root/tiago_public_ws/install/play_motion2:/root/tiago_public_ws/install/pal_hey5_description:/root/tiago_public_ws/install/pal_gripper_description:/root/tiago_public_ws/install/urdf_test:/root/tiago_public_ws/install/tiago_laser_sensors:/root/tiago_public_ws/install/play_motion2_msgs:/root/tiago_public_ws/install/pal_urdf_utils:/root/tiago_public_ws/install/pal_robotiq_description:/root/tiago_public_ws/install/pal_robotiq_controller_configuration:/root/tiago_public_ws/install/pal_hey5_controller_configuration:/root/tiago_public_ws/install/pal_gripper_controller_configuration:/root/tiago_public_ws/install/pal_gazebo_worlds:/root/tiago_public_ws/install/tiago_simulation:/root/tiago_public_ws/install/tiago_robot:/root/tiago_public_ws/install/tiago_navigation:/root/tiago_public_ws/install/tiago_gazebo:/root/tiago_public_ws/install/pmb2_robot:/root/tiago_public_ws/install/pmb2_navigation:/root/tiago_public_ws/install/pmb2_2dnav:/root/tiago_public_ws/install/pmb2_laser_sensors:/root/tiago_public_ws/install/pmb2_bringup:/root/tiago_public_ws/install/pal_hey5:/root/tiago_public_ws/install/pal_gripper_simulation:/root/tiago_public_ws/install/pal_gripper:/root/tiago_public_ws/install/pal_robotiq_gripper:/root/tiago_public_ws/install/pal_navigation_cfg:/root/tiago_public_ws/install/pal_navigation_cfg_bringup:/root/tiago_public_ws/install/pal_navigation_cfg_params:/root/tiago_public_ws/install/launch_pal:/opt/ros/humble LD_LIBRARY_PATH=/root/tiago_public_ws/install/play_motion2/lib:/root/tiago_public_ws/install/play_motion2_msgs/lib:/root/tiago_public_ws/install/tiago_gazebo/lib:/usr/lib/x86_64-linux-gnu/gazebo-11/plugins:/opt/ros/humble/opt/rviz_ogre_vendor/lib:/opt/ros/humble/lib/x86_64-linux-gnu:/opt/ros/humble/lib PYTHONPATH=/root/tiago_public_ws/install/launch_pal/lib/python3.10/site-packages:/root/tiago_public_ws/install/urdf_test/local/lib/python3.10/dist-packages:/root/tiago_public_ws/install/tiago_gazebo/local/lib/python3.10/dist-packages:/root/tiago_public_ws/install/tiago_description/local/lib/python3.10/dist-packages:/root/tiago_public_ws/install/pmb2_description/local/lib/python3.10/dist-packages:/root/tiago_public_ws/install/play_motion2_msgs/local/lib/python3.10/dist-packages:/root/tiago_public_ws/build/launch_pal:/opt/ros/humble/lib/python3.10/site-packages:/opt/ros/humble/local/lib/python3.10/dist-packages /usr/bin/cmake /root/tiago_public_ws/src/tiago_simulation/tiago_gazebo -DCMAKE_INSTALL_PREFIX=/root/tiago_public_ws/install/tiago_gazebo
[19.011s] Invoking command in '/root/tiago_public_ws/build/tiago_gazebo': AMENT_PREFIX_PATH=/root/tiago_public_ws/install/launch_pal:/root/tiago_public_ws/install/urdf_test:/root/tiago_public_ws/install/tiago_simulation:/root/tiago_public_ws/install/tiago_robot:/root/tiago_public_ws/install/tiago_navigation:/root/tiago_public_ws/install/tiago_gazebo:/root/tiago_public_ws/install/tiago_moveit_config:/root/tiago_public_ws/install/tiago_2dnav:/root/tiago_public_ws/install/tiago_laser_sensors:/root/tiago_public_ws/install/tiago_bringup:/root/tiago_public_ws/install/tiago_description:/root/tiago_public_ws/install/tiago_controller_configuration:/root/tiago_public_ws/install/pmb2_robot:/root/tiago_public_ws/install/pmb2_navigation:/root/tiago_public_ws/install/pmb2_2dnav:/root/tiago_public_ws/install/pmb2_laser_sensors:/root/tiago_public_ws/install/pmb2_bringup:/root/tiago_public_ws/install/pmb2_description:/root/tiago_public_ws/install/pmb2_controller_configuration:/root/tiago_public_ws/install/play_motion2:/root/tiago_public_ws/install/play_motion2_msgs:/root/tiago_public_ws/install/pal_hey5:/root/tiago_public_ws/install/pal_hey5_description:/root/tiago_public_ws/install/pal_gripper_simulation:/root/tiago_public_ws/install/pal_gripper:/root/tiago_public_ws/install/pal_gripper_description:/root/tiago_public_ws/install/pal_urdf_utils:/root/tiago_public_ws/install/pal_robotiq_gripper:/root/tiago_public_ws/install/pal_robotiq_description:/root/tiago_public_ws/install/pal_robotiq_controller_configuration:/root/tiago_public_ws/install/pal_navigation_cfg:/root/tiago_public_ws/install/pal_navigation_cfg_bringup:/root/tiago_public_ws/install/pal_navigation_cfg_params:/root/tiago_public_ws/install/pal_hey5_controller_configuration:/root/tiago_public_ws/install/pal_gripper_controller_configuration:/root/tiago_public_ws/install/pal_gazebo_worlds:/opt/ros/humble CMAKE_PREFIX_PATH=/root/tiago_public_ws/install/tiago_moveit_config:/root/tiago_public_ws/install/tiago_bringup:/root/tiago_public_ws/install/tiago_2dnav:/root/tiago_public_ws/install/tiago_description:/root/tiago_public_ws/install/tiago_controller_configuration:/root/tiago_public_ws/install/pmb2_description:/root/tiago_public_ws/install/pmb2_controller_configuration:/root/tiago_public_ws/install/play_motion2:/root/tiago_public_ws/install/pal_hey5_description:/root/tiago_public_ws/install/pal_gripper_description:/root/tiago_public_ws/install/urdf_test:/root/tiago_public_ws/install/tiago_laser_sensors:/root/tiago_public_ws/install/play_motion2_msgs:/root/tiago_public_ws/install/pal_urdf_utils:/root/tiago_public_ws/install/pal_robotiq_description:/root/tiago_public_ws/install/pal_robotiq_controller_configuration:/root/tiago_public_ws/install/pal_hey5_controller_configuration:/root/tiago_public_ws/install/pal_gripper_controller_configuration:/root/tiago_public_ws/install/pal_gazebo_worlds:/root/tiago_public_ws/install/tiago_simulation:/root/tiago_public_ws/install/tiago_robot:/root/tiago_public_ws/install/tiago_navigation:/root/tiago_public_ws/install/tiago_gazebo:/root/tiago_public_ws/install/pmb2_robot:/root/tiago_public_ws/install/pmb2_navigation:/root/tiago_public_ws/install/pmb2_2dnav:/root/tiago_public_ws/install/pmb2_laser_sensors:/root/tiago_public_ws/install/pmb2_bringup:/root/tiago_public_ws/install/pal_hey5:/root/tiago_public_ws/install/pal_gripper_simulation:/root/tiago_public_ws/install/pal_gripper:/root/tiago_public_ws/install/pal_robotiq_gripper:/root/tiago_public_ws/install/pal_navigation_cfg:/root/tiago_public_ws/install/pal_navigation_cfg_bringup:/root/tiago_public_ws/install/pal_navigation_cfg_params:/root/tiago_public_ws/install/launch_pal:/opt/ros/humble LD_LIBRARY_PATH=/root/tiago_public_ws/install/play_motion2/lib:/root/tiago_public_ws/install/play_motion2_msgs/lib:/root/tiago_public_ws/install/tiago_gazebo/lib:/usr/lib/x86_64-linux-gnu/gazebo-11/plugins:/opt/ros/humble/opt/rviz_ogre_vendor/lib:/opt/ros/humble/lib/x86_64-linux-gnu:/opt/ros/humble/lib PYTHONPATH=/root/tiago_public_ws/install/launch_pal/lib/python3.10/site-packages:/root/tiago_public_ws/install/urdf_test/local/lib/python3.10/dist-packages:/root/tiago_public_ws/install/tiago_gazebo/local/lib/python3.10/dist-packages:/root/tiago_public_ws/install/tiago_description/local/lib/python3.10/dist-packages:/root/tiago_public_ws/install/pmb2_description/local/lib/python3.10/dist-packages:/root/tiago_public_ws/install/play_motion2_msgs/local/lib/python3.10/dist-packages:/root/tiago_public_ws/build/launch_pal:/opt/ros/humble/lib/python3.10/site-packages:/opt/ros/humble/local/lib/python3.10/dist-packages /usr/bin/cmake --build /root/tiago_public_ws/build/tiago_gazebo -- -j8 -l8
[19.196s] [  2%] Built target tiago_gazebo__cpp
[19.247s] [35m[1mConsolidate compiler generated dependencies of target gtest[0m
[19.306s] [  8%] Built target gtest
[19.337s] [35m[1mConsolidate compiler generated dependencies of target tiago_gazebo__rosidl_typesupport_introspection_cpp[0m
[19.387s] [ 16%] Built target tiago_gazebo__rosidl_typesupport_introspection_cpp
[19.442s] [35m[1mConsolidate compiler generated dependencies of target tiago_gazebo__rosidl_typesupport_fastrtps_cpp[0m
[19.494s] [ 24%] Built target tiago_gazebo__rosidl_typesupport_fastrtps_cpp
[19.517s] [35m[1mConsolidate compiler generated dependencies of target tiago_gazebo__rosidl_typesupport_cpp[0m
[19.566s] [ 32%] Built target tiago_gazebo__rosidl_typesupport_cpp
[19.637s] [35m[1mConsolidate compiler generated dependencies of target gtest_main[0m
[19.701s] [ 37%] Built target gtest_main
[19.848s] [ 37%] Built target ament_cmake_python_symlink_tiago_gazebo
[19.889s] [35m[1mConsolidate compiler generated dependencies of target tuck_arm_test[0m
[19.951s] [ 43%] Built target tuck_arm_test
[20.710s] running egg_info
[20.715s] writing tiago_gazebo.egg-info/PKG-INFO
[20.715s] writing dependency_links to tiago_gazebo.egg-info/dependency_links.txt
[20.716s] writing top-level names to tiago_gazebo.egg-info/top_level.txt
[20.722s] reading manifest file 'tiago_gazebo.egg-info/SOURCES.txt'
[20.724s] writing manifest file 'tiago_gazebo.egg-info/SOURCES.txt'
[20.817s] [ 43%] Built target ament_cmake_python_build_tiago_gazebo_egg
[20.850s] [35m[1mConsolidate compiler generated dependencies of target tiago_gazebo__rosidl_generator_c[0m
[20.897s] [ 51%] Built target tiago_gazebo__rosidl_generator_c
[20.956s] [35m[1mConsolidate compiler generated dependencies of target tiago_gazebo__rosidl_typesupport_fastrtps_c[0m
[20.998s] [ 59%] Built target tiago_gazebo__rosidl_typesupport_fastrtps_c
[21.047s] [35m[1mConsolidate compiler generated dependencies of target tiago_gazebo__rosidl_typesupport_c[0m
[21.083s] [ 67%] Built target tiago_gazebo__rosidl_typesupport_c
[21.146s] [35m[1mConsolidate compiler generated dependencies of target tiago_gazebo__rosidl_typesupport_introspection_c[0m
[21.167s] [ 75%] Built target tiago_gazebo__rosidl_typesupport_introspection_c
[21.280s] [ 75%] Built target tiago_gazebo
[21.390s] [ 78%] Built target tiago_gazebo__py
[21.429s] [35m[1mConsolidate compiler generated dependencies of target tiago_gazebo__rosidl_generator_py[0m
[21.479s] [ 83%] Built target tiago_gazebo__rosidl_generator_py
[21.549s] [35m[1mConsolidate compiler generated dependencies of target tiago_gazebo__rosidl_typesupport_fastrtps_c__pyext[0m
[21.640s] [ 89%] Built target tiago_gazebo__rosidl_typesupport_fastrtps_c__pyext
[21.689s] [35m[1mConsolidate compiler generated dependencies of target tiago_gazebo__rosidl_typesupport_c__pyext[0m
[21.731s] [ 94%] Built target tiago_gazebo__rosidl_typesupport_c__pyext
[21.764s] [35m[1mConsolidate compiler generated dependencies of target tiago_gazebo__rosidl_typesupport_introspection_c__pyext[0m
[21.809s] [100%] Built target tiago_gazebo__rosidl_typesupport_introspection_c__pyext
[21.849s] Invoked command in '/root/tiago_public_ws/build/tiago_gazebo' returned '0': AMENT_PREFIX_PATH=/root/tiago_public_ws/install/launch_pal:/root/tiago_public_ws/install/urdf_test:/root/tiago_public_ws/install/tiago_simulation:/root/tiago_public_ws/install/tiago_robot:/root/tiago_public_ws/install/tiago_navigation:/root/tiago_public_ws/install/tiago_gazebo:/root/tiago_public_ws/install/tiago_moveit_config:/root/tiago_public_ws/install/tiago_2dnav:/root/tiago_public_ws/install/tiago_laser_sensors:/root/tiago_public_ws/install/tiago_bringup:/root/tiago_public_ws/install/tiago_description:/root/tiago_public_ws/install/tiago_controller_configuration:/root/tiago_public_ws/install/pmb2_robot:/root/tiago_public_ws/install/pmb2_navigation:/root/tiago_public_ws/install/pmb2_2dnav:/root/tiago_public_ws/install/pmb2_laser_sensors:/root/tiago_public_ws/install/pmb2_bringup:/root/tiago_public_ws/install/pmb2_description:/root/tiago_public_ws/install/pmb2_controller_configuration:/root/tiago_public_ws/install/play_motion2:/root/tiago_public_ws/install/play_motion2_msgs:/root/tiago_public_ws/install/pal_hey5:/root/tiago_public_ws/install/pal_hey5_description:/root/tiago_public_ws/install/pal_gripper_simulation:/root/tiago_public_ws/install/pal_gripper:/root/tiago_public_ws/install/pal_gripper_description:/root/tiago_public_ws/install/pal_urdf_utils:/root/tiago_public_ws/install/pal_robotiq_gripper:/root/tiago_public_ws/install/pal_robotiq_description:/root/tiago_public_ws/install/pal_robotiq_controller_configuration:/root/tiago_public_ws/install/pal_navigation_cfg:/root/tiago_public_ws/install/pal_navigation_cfg_bringup:/root/tiago_public_ws/install/pal_navigation_cfg_params:/root/tiago_public_ws/install/pal_hey5_controller_configuration:/root/tiago_public_ws/install/pal_gripper_controller_configuration:/root/tiago_public_ws/install/pal_gazebo_worlds:/opt/ros/humble CMAKE_PREFIX_PATH=/root/tiago_public_ws/install/tiago_moveit_config:/root/tiago_public_ws/install/tiago_bringup:/root/tiago_public_ws/install/tiago_2dnav:/root/tiago_public_ws/install/tiago_description:/root/tiago_public_ws/install/tiago_controller_configuration:/root/tiago_public_ws/install/pmb2_description:/root/tiago_public_ws/install/pmb2_controller_configuration:/root/tiago_public_ws/install/play_motion2:/root/tiago_public_ws/install/pal_hey5_description:/root/tiago_public_ws/install/pal_gripper_description:/root/tiago_public_ws/install/urdf_test:/root/tiago_public_ws/install/tiago_laser_sensors:/root/tiago_public_ws/install/play_motion2_msgs:/root/tiago_public_ws/install/pal_urdf_utils:/root/tiago_public_ws/install/pal_robotiq_description:/root/tiago_public_ws/install/pal_robotiq_controller_configuration:/root/tiago_public_ws/install/pal_hey5_controller_configuration:/root/tiago_public_ws/install/pal_gripper_controller_configuration:/root/tiago_public_ws/install/pal_gazebo_worlds:/root/tiago_public_ws/install/tiago_simulation:/root/tiago_public_ws/install/tiago_robot:/root/tiago_public_ws/install/tiago_navigation:/root/tiago_public_ws/install/tiago_gazebo:/root/tiago_public_ws/install/pmb2_robot:/root/tiago_public_ws/install/pmb2_navigation:/root/tiago_public_ws/install/pmb2_2dnav:/root/tiago_public_ws/install/pmb2_laser_sensors:/root/tiago_public_ws/install/pmb2_bringup:/root/tiago_public_ws/install/pal_hey5:/root/tiago_public_ws/install/pal_gripper_simulation:/root/tiago_public_ws/install/pal_gripper:/root/tiago_public_ws/install/pal_robotiq_gripper:/root/tiago_public_ws/install/pal_navigation_cfg:/root/tiago_public_ws/install/pal_navigation_cfg_bringup:/root/tiago_public_ws/install/pal_navigation_cfg_params:/root/tiago_public_ws/install/launch_pal:/opt/ros/humble LD_LIBRARY_PATH=/root/tiago_public_ws/install/play_motion2/lib:/root/tiago_public_ws/install/play_motion2_msgs/lib:/root/tiago_public_ws/install/tiago_gazebo/lib:/usr/lib/x86_64-linux-gnu/gazebo-11/plugins:/opt/ros/humble/opt/rviz_ogre_vendor/lib:/opt/ros/humble/lib/x86_64-linux-gnu:/opt/ros/humble/lib PYTHONPATH=/root/tiago_public_ws/install/launch_pal/lib/python3.10/site-packages:/root/tiago_public_ws/install/urdf_test/local/lib/python3.10/dist-packages:/root/tiago_public_ws/install/tiago_gazebo/local/lib/python3.10/dist-packages:/root/tiago_public_ws/install/tiago_description/local/lib/python3.10/dist-packages:/root/tiago_public_ws/install/pmb2_description/local/lib/python3.10/dist-packages:/root/tiago_public_ws/install/play_motion2_msgs/local/lib/python3.10/dist-packages:/root/tiago_public_ws/build/launch_pal:/opt/ros/humble/lib/python3.10/site-packages:/opt/ros/humble/local/lib/python3.10/dist-packages /usr/bin/cmake --build /root/tiago_public_ws/build/tiago_gazebo -- -j8 -l8
[22.216s] Invoking command in '/root/tiago_public_ws/build/tiago_gazebo': AMENT_PREFIX_PATH=/root/tiago_public_ws/install/launch_pal:/root/tiago_public_ws/install/urdf_test:/root/tiago_public_ws/install/tiago_simulation:/root/tiago_public_ws/install/tiago_robot:/root/tiago_public_ws/install/tiago_navigation:/root/tiago_public_ws/install/tiago_gazebo:/root/tiago_public_ws/install/tiago_moveit_config:/root/tiago_public_ws/install/tiago_2dnav:/root/tiago_public_ws/install/tiago_laser_sensors:/root/tiago_public_ws/install/tiago_bringup:/root/tiago_public_ws/install/tiago_description:/root/tiago_public_ws/install/tiago_controller_configuration:/root/tiago_public_ws/install/pmb2_robot:/root/tiago_public_ws/install/pmb2_navigation:/root/tiago_public_ws/install/pmb2_2dnav:/root/tiago_public_ws/install/pmb2_laser_sensors:/root/tiago_public_ws/install/pmb2_bringup:/root/tiago_public_ws/install/pmb2_description:/root/tiago_public_ws/install/pmb2_controller_configuration:/root/tiago_public_ws/install/play_motion2:/root/tiago_public_ws/install/play_motion2_msgs:/root/tiago_public_ws/install/pal_hey5:/root/tiago_public_ws/install/pal_hey5_description:/root/tiago_public_ws/install/pal_gripper_simulation:/root/tiago_public_ws/install/pal_gripper:/root/tiago_public_ws/install/pal_gripper_description:/root/tiago_public_ws/install/pal_urdf_utils:/root/tiago_public_ws/install/pal_robotiq_gripper:/root/tiago_public_ws/install/pal_robotiq_description:/root/tiago_public_ws/install/pal_robotiq_controller_configuration:/root/tiago_public_ws/install/pal_navigation_cfg:/root/tiago_public_ws/install/pal_navigation_cfg_bringup:/root/tiago_public_ws/install/pal_navigation_cfg_params:/root/tiago_public_ws/install/pal_hey5_controller_configuration:/root/tiago_public_ws/install/pal_gripper_controller_configuration:/root/tiago_public_ws/install/pal_gazebo_worlds:/opt/ros/humble CMAKE_PREFIX_PATH=/root/tiago_public_ws/install/tiago_moveit_config:/root/tiago_public_ws/install/tiago_bringup:/root/tiago_public_ws/install/tiago_2dnav:/root/tiago_public_ws/install/tiago_description:/root/tiago_public_ws/install/tiago_controller_configuration:/root/tiago_public_ws/install/pmb2_description:/root/tiago_public_ws/install/pmb2_controller_configuration:/root/tiago_public_ws/install/play_motion2:/root/tiago_public_ws/install/pal_hey5_description:/root/tiago_public_ws/install/pal_gripper_description:/root/tiago_public_ws/install/urdf_test:/root/tiago_public_ws/install/tiago_laser_sensors:/root/tiago_public_ws/install/play_motion2_msgs:/root/tiago_public_ws/install/pal_urdf_utils:/root/tiago_public_ws/install/pal_robotiq_description:/root/tiago_public_ws/install/pal_robotiq_controller_configuration:/root/tiago_public_ws/install/pal_hey5_controller_configuration:/root/tiago_public_ws/install/pal_gripper_controller_configuration:/root/tiago_public_ws/install/pal_gazebo_worlds:/root/tiago_public_ws/install/tiago_simulation:/root/tiago_public_ws/install/tiago_robot:/root/tiago_public_ws/install/tiago_navigation:/root/tiago_public_ws/install/tiago_gazebo:/root/tiago_public_ws/install/pmb2_robot:/root/tiago_public_ws/install/pmb2_navigation:/root/tiago_public_ws/install/pmb2_2dnav:/root/tiago_public_ws/install/pmb2_laser_sensors:/root/tiago_public_ws/install/pmb2_bringup:/root/tiago_public_ws/install/pal_hey5:/root/tiago_public_ws/install/pal_gripper_simulation:/root/tiago_public_ws/install/pal_gripper:/root/tiago_public_ws/install/pal_robotiq_gripper:/root/tiago_public_ws/install/pal_navigation_cfg:/root/tiago_public_ws/install/pal_navigation_cfg_bringup:/root/tiago_public_ws/install/pal_navigation_cfg_params:/root/tiago_public_ws/install/launch_pal:/opt/ros/humble LD_LIBRARY_PATH=/root/tiago_public_ws/install/play_motion2/lib:/root/tiago_public_ws/install/play_motion2_msgs/lib:/root/tiago_public_ws/install/tiago_gazebo/lib:/usr/lib/x86_64-linux-gnu/gazebo-11/plugins:/opt/ros/humble/opt/rviz_ogre_vendor/lib:/opt/ros/humble/lib/x86_64-linux-gnu:/opt/ros/humble/lib PYTHONPATH=/root/tiago_public_ws/install/launch_pal/lib/python3.10/site-packages:/root/tiago_public_ws/install/urdf_test/local/lib/python3.10/dist-packages:/root/tiago_public_ws/install/tiago_gazebo/local/lib/python3.10/dist-packages:/root/tiago_public_ws/install/tiago_description/local/lib/python3.10/dist-packages:/root/tiago_public_ws/install/pmb2_description/local/lib/python3.10/dist-packages:/root/tiago_public_ws/install/play_motion2_msgs/local/lib/python3.10/dist-packages:/root/tiago_public_ws/build/launch_pal:/opt/ros/humble/lib/python3.10/site-packages:/opt/ros/humble/local/lib/python3.10/dist-packages /usr/bin/cmake --install /root/tiago_public_ws/build/tiago_gazebo
[22.243s] -- Install configuration: ""
[22.244s] -- Execute custom install script
[22.244s] -- Up-to-date symlink: /root/tiago_public_ws/install/tiago_gazebo/share/ament_index/resource_index/rosidl_interfaces/tiago_gazebo
[22.244s] -- Up-to-date symlink: /root/tiago_public_ws/install/tiago_gazebo/include/tiago_gazebo/tiago_gazebo/msg/detail/order__functions.h
[22.244s] -- Up-to-date symlink: /root/tiago_public_ws/install/tiago_gazebo/include/tiago_gazebo/tiago_gazebo/msg/detail/order__struct.h
[22.253s] -- Up-to-date symlink: /root/tiago_public_ws/install/tiago_gazebo/include/tiago_gazebo/tiago_gazebo/msg/detail/order__type_support.h
[22.253s] -- Up-to-date symlink: /root/tiago_public_ws/install/tiago_gazebo/include/tiago_gazebo/tiago_gazebo/msg/order.h
[22.254s] -- Up-to-date symlink: /root/tiago_public_ws/install/tiago_gazebo/include/tiago_gazebo/tiago_gazebo/msg/rosidl_generator_c__visibility_control.h
[22.254s] -- Up-to-date symlink: /root/tiago_public_ws/install/tiago_gazebo/share/tiago_gazebo/environment/library_path.sh
[22.254s] -- Up-to-date symlink: /root/tiago_public_ws/install/tiago_gazebo/share/tiago_gazebo/environment/library_path.dsv
[22.254s] -- Up-to-date symlink: /root/tiago_public_ws/install/tiago_gazebo/include/tiago_gazebo/tiago_gazebo/msg/detail/order__rosidl_typesupport_fastrtps_c.h
[22.254s] -- Up-to-date symlink: /root/tiago_public_ws/install/tiago_gazebo/include/tiago_gazebo/tiago_gazebo/msg/rosidl_typesupport_fastrtps_c__visibility_control.h
[22.254s] -- Up-to-date symlink: /root/tiago_public_ws/install/tiago_gazebo/include/tiago_gazebo/tiago_gazebo/msg/detail/order__rosidl_typesupport_introspection_c.h
[22.254s] -- Up-to-date symlink: /root/tiago_public_ws/install/tiago_gazebo/include/tiago_gazebo/tiago_gazebo/msg/rosidl_typesupport_introspection_c__visibility_control.h
[22.254s] -- Up-to-date symlink: /root/tiago_public_ws/install/tiago_gazebo/include/tiago_gazebo/tiago_gazebo/msg/detail/order__builder.hpp
[22.255s] -- Up-to-date symlink: /root/tiago_public_ws/install/tiago_gazebo/include/tiago_gazebo/tiago_gazebo/msg/detail/order__struct.hpp
[22.255s] -- Up-to-date symlink: /root/tiago_public_ws/install/tiago_gazebo/include/tiago_gazebo/tiago_gazebo/msg/detail/order__traits.hpp
[22.256s] -- Up-to-date symlink: /root/tiago_public_ws/install/tiago_gazebo/include/tiago_gazebo/tiago_gazebo/msg/order.hpp
[22.256s] -- Up-to-date symlink: /root/tiago_public_ws/install/tiago_gazebo/include/tiago_gazebo/tiago_gazebo/msg/detail/order__rosidl_typesupport_fastrtps_cpp.hpp
[22.256s] -- Up-to-date symlink: /root/tiago_public_ws/install/tiago_gazebo/include/tiago_gazebo/tiago_gazebo/msg/rosidl_typesupport_fastrtps_cpp__visibility_control.h
[22.260s] -- Up-to-date symlink: /root/tiago_public_ws/install/tiago_gazebo/include/tiago_gazebo/tiago_gazebo/msg/detail/order__rosidl_typesupport_introspection_cpp.hpp
[22.262s] -- Up-to-date symlink: /root/tiago_public_ws/install/tiago_gazebo/share/tiago_gazebo/environment/pythonpath.sh
[22.263s] -- Up-to-date symlink: /root/tiago_public_ws/install/tiago_gazebo/share/tiago_gazebo/environment/pythonpath.dsv
[22.264s] -- Up-to-date symlink: /root/tiago_public_ws/install/tiago_gazebo/local/lib/python3.10/dist-packages/tiago_gazebo-4.2.0-py3.10.egg-info/PKG-INFO
[22.264s] -- Up-to-date symlink: /root/tiago_public_ws/install/tiago_gazebo/local/lib/python3.10/dist-packages/tiago_gazebo-4.2.0-py3.10.egg-info/SOURCES.txt
[22.264s] -- Up-to-date symlink: /root/tiago_public_ws/install/tiago_gazebo/local/lib/python3.10/dist-packages/tiago_gazebo-4.2.0-py3.10.egg-info/dependency_links.txt
[22.265s] -- Up-to-date symlink: /root/tiago_public_ws/install/tiago_gazebo/local/lib/python3.10/dist-packages/tiago_gazebo-4.2.0-py3.10.egg-info/top_level.txt
[22.267s] -- Up-to-date symlink: /root/tiago_public_ws/install/tiago_gazebo/local/lib/python3.10/dist-packages/tiago_gazebo/__init__.py
[22.268s] -- Up-to-date symlink: /root/tiago_public_ws/install/tiago_gazebo/local/lib/python3.10/dist-packages/tiago_gazebo/_tiago_gazebo_s.ep.rosidl_typesupport_c.c
[22.273s] -- Up-to-date symlink: /root/tiago_public_ws/install/tiago_gazebo/local/lib/python3.10/dist-packages/tiago_gazebo/_tiago_gazebo_s.ep.rosidl_typesupport_fastrtps_c.c
[22.275s] -- Up-to-date symlink: /root/tiago_public_ws/install/tiago_gazebo/local/lib/python3.10/dist-packages/tiago_gazebo/_tiago_gazebo_s.ep.rosidl_typesupport_introspection_c.c
[22.275s] -- Up-to-date symlink: /root/tiago_public_ws/install/tiago_gazebo/local/lib/python3.10/dist-packages/tiago_gazebo/libtiago_gazebo__rosidl_generator_py.so
[22.276s] -- Up-to-date symlink: /root/tiago_public_ws/install/tiago_gazebo/local/lib/python3.10/dist-packages/tiago_gazebo/msg/__init__.py
[22.277s] -- Up-to-date symlink: /root/tiago_public_ws/install/tiago_gazebo/local/lib/python3.10/dist-packages/tiago_gazebo/msg/_order.py
[22.277s] -- Up-to-date symlink: /root/tiago_public_ws/install/tiago_gazebo/local/lib/python3.10/dist-packages/tiago_gazebo/msg/_order_s.c
[22.278s] -- Up-to-date symlink: /root/tiago_public_ws/install/tiago_gazebo/local/lib/python3.10/dist-packages/tiago_gazebo/tiago_gazebo_s__rosidl_typesupport_c.cpython-310-x86_64-linux-gnu.so
[22.279s] -- Up-to-date symlink: /root/tiago_public_ws/install/tiago_gazebo/local/lib/python3.10/dist-packages/tiago_gazebo/tiago_gazebo_s__rosidl_typesupport_fastrtps_c.cpython-310-x86_64-linux-gnu.so
[22.279s] -- Up-to-date symlink: /root/tiago_public_ws/install/tiago_gazebo/local/lib/python3.10/dist-packages/tiago_gazebo/tiago_gazebo_s__rosidl_typesupport_introspection_c.cpython-310-x86_64-linux-gnu.so
[22.280s] -- Up-to-date symlink: /root/tiago_public_ws/install/tiago_gazebo/local/lib/python3.10/dist-packages/tiago_gazebo/tiago_gazebo_s__rosidl_typesupport_fastrtps_c.cpython-310-x86_64-linux-gnu.so
[22.280s] -- Up-to-date symlink: /root/tiago_public_ws/install/tiago_gazebo/local/lib/python3.10/dist-packages/tiago_gazebo/tiago_gazebo_s__rosidl_typesupport_introspection_c.cpython-310-x86_64-linux-gnu.so
[22.282s] -- Up-to-date symlink: /root/tiago_public_ws/install/tiago_gazebo/local/lib/python3.10/dist-packages/tiago_gazebo/tiago_gazebo_s__rosidl_typesupport_c.cpython-310-x86_64-linux-gnu.so
[22.283s] -- Up-to-date symlink: /root/tiago_public_ws/install/tiago_gazebo/share/tiago_gazebo/msg/Order.idl
[22.284s] -- Up-to-date symlink: /root/tiago_public_ws/install/tiago_gazebo/share/tiago_gazebo/msg/Order.msg
[22.285s] -- Up-to-date symlink: /root/tiago_public_ws/install/tiago_gazebo/lib/tiago_gazebo/tuck_arm.py
[22.285s] -- Up-to-date symlink: /root/tiago_public_ws/install/tiago_gazebo/lib/tiago_gazebo/talker.py
[22.286s] -- Up-to-date symlink: /root/tiago_public_ws/install/tiago_gazebo/share/tiago_gazebo/test/tuck_arm_test
[22.288s] -- Up-to-date symlink: /root/tiago_public_ws/install/tiago_gazebo/share/tiago_gazebo/launch/.tiago_gazebo.launch.py.swo
[22.288s] -- Up-to-date symlink: /root/tiago_public_ws/install/tiago_gazebo/share/tiago_gazebo/launch/robot_spawn.launch.py
[22.289s] -- Up-to-date symlink: /root/tiago_public_ws/install/tiago_gazebo/share/tiago_gazebo/launch/tiago_gazebo.launch.py
[22.290s] -- Up-to-date symlink: /root/tiago_public_ws/install/tiago_gazebo/share/ament_index/resource_index/package_run_dependencies/tiago_gazebo
[22.291s] -- Up-to-date symlink: /root/tiago_public_ws/install/tiago_gazebo/share/ament_index/resource_index/parent_prefix_path/tiago_gazebo
[22.291s] -- Up-to-date symlink: /root/tiago_public_ws/install/tiago_gazebo/share/tiago_gazebo/environment/ament_prefix_path.sh
[22.291s] -- Up-to-date symlink: /root/tiago_public_ws/install/tiago_gazebo/share/tiago_gazebo/environment/ament_prefix_path.dsv
[22.293s] -- Up-to-date symlink: /root/tiago_public_ws/install/tiago_gazebo/share/tiago_gazebo/environment/path.sh
[22.296s] -- Up-to-date symlink: /root/tiago_public_ws/install/tiago_gazebo/share/tiago_gazebo/environment/path.dsv
[22.299s] -- Up-to-date symlink: /root/tiago_public_ws/install/tiago_gazebo/share/tiago_gazebo/local_setup.bash
[22.300s] -- Up-to-date symlink: /root/tiago_public_ws/install/tiago_gazebo/share/tiago_gazebo/local_setup.sh
[22.300s] -- Up-to-date symlink: /root/tiago_public_ws/install/tiago_gazebo/share/tiago_gazebo/local_setup.zsh
[22.300s] -- Up-to-date symlink: /root/tiago_public_ws/install/tiago_gazebo/share/tiago_gazebo/local_setup.dsv
[22.300s] -- Symlinking: /root/tiago_public_ws/install/tiago_gazebo/share/tiago_gazebo/package.dsv
[22.335s] -- Up-to-date symlink: /root/tiago_public_ws/install/tiago_gazebo/share/ament_index/resource_index/packages/tiago_gazebo
[22.335s] -- Up-to-date symlink: /root/tiago_public_ws/install/tiago_gazebo/share/tiago_gazebo/cmake/rosidl_cmake-extras.cmake
[22.335s] -- Up-to-date symlink: /root/tiago_public_ws/install/tiago_gazebo/share/tiago_gazebo/cmake/ament_cmake_export_include_directories-extras.cmake
[22.338s] -- Up-to-date symlink: /root/tiago_public_ws/install/tiago_gazebo/share/tiago_gazebo/cmake/ament_cmake_export_libraries-extras.cmake
[22.338s] -- Up-to-date symlink: /root/tiago_public_ws/install/tiago_gazebo/share/tiago_gazebo/cmake/ament_cmake_export_targets-extras.cmake
[22.338s] -- Up-to-date symlink: /root/tiago_public_ws/install/tiago_gazebo/share/tiago_gazebo/cmake/rosidl_cmake_export_typesupport_targets-extras.cmake
[22.338s] -- Up-to-date symlink: /root/tiago_public_ws/install/tiago_gazebo/share/tiago_gazebo/cmake/ament_cmake_export_dependencies-extras.cmake
[22.338s] -- Up-to-date symlink: /root/tiago_public_ws/install/tiago_gazebo/share/tiago_gazebo/cmake/rosidl_cmake_export_typesupport_libraries-extras.cmake
[22.339s] -- Up-to-date symlink: /root/tiago_public_ws/install/tiago_gazebo/share/tiago_gazebo/cmake/tiago_gazeboConfig.cmake
[22.339s] -- Up-to-date symlink: /root/tiago_public_ws/install/tiago_gazebo/share/tiago_gazebo/cmake/tiago_gazeboConfig-version.cmake
[22.339s] -- Up-to-date symlink: /root/tiago_public_ws/install/tiago_gazebo/share/tiago_gazebo/package.xml
[22.339s] -- Up-to-date: /root/tiago_public_ws/install/tiago_gazebo/lib/libtiago_gazebo__rosidl_generator_c.so
[22.339s] -- Up-to-date: /root/tiago_public_ws/install/tiago_gazebo/lib/libtiago_gazebo__rosidl_typesupport_fastrtps_c.so
[22.339s] -- Up-to-date: /root/tiago_public_ws/install/tiago_gazebo/lib/libtiago_gazebo__rosidl_typesupport_introspection_c.so
[22.340s] -- Up-to-date: /root/tiago_public_ws/install/tiago_gazebo/lib/libtiago_gazebo__rosidl_typesupport_c.so
[22.340s] -- Up-to-date: /root/tiago_public_ws/install/tiago_gazebo/lib/libtiago_gazebo__rosidl_typesupport_fastrtps_cpp.so
[22.340s] -- Up-to-date: /root/tiago_public_ws/install/tiago_gazebo/lib/libtiago_gazebo__rosidl_typesupport_introspection_cpp.so
[22.340s] -- Up-to-date: /root/tiago_public_ws/install/tiago_gazebo/lib/libtiago_gazebo__rosidl_typesupport_cpp.so
[22.465s] Listing '/root/tiago_public_ws/install/tiago_gazebo/local/lib/python3.10/dist-packages/tiago_gazebo'...
[22.465s] Compiling '/root/tiago_public_ws/install/tiago_gazebo/local/lib/python3.10/dist-packages/tiago_gazebo/__init__.py'...
[22.465s] Listing '/root/tiago_public_ws/install/tiago_gazebo/local/lib/python3.10/dist-packages/tiago_gazebo/msg'...
[22.489s] -- Up-to-date: /root/tiago_public_ws/install/tiago_gazebo/lib/libtiago_gazebo__rosidl_generator_py.so
[22.490s] -- Up-to-date: /root/tiago_public_ws/install/tiago_gazebo/share/tiago_gazebo/cmake/export_tiago_gazebo__rosidl_generator_cExport.cmake
[22.490s] -- Up-to-date: /root/tiago_public_ws/install/tiago_gazebo/share/tiago_gazebo/cmake/export_tiago_gazebo__rosidl_generator_cExport-noconfig.cmake
[22.490s] -- Up-to-date: /root/tiago_public_ws/install/tiago_gazebo/share/tiago_gazebo/cmake/export_tiago_gazebo__rosidl_typesupport_fastrtps_cExport.cmake
[22.490s] -- Up-to-date: /root/tiago_public_ws/install/tiago_gazebo/share/tiago_gazebo/cmake/export_tiago_gazebo__rosidl_typesupport_fastrtps_cExport-noconfig.cmake
[22.490s] -- Up-to-date: /root/tiago_public_ws/install/tiago_gazebo/share/tiago_gazebo/cmake/tiago_gazebo__rosidl_typesupport_introspection_cExport.cmake
[22.490s] -- Up-to-date: /root/tiago_public_ws/install/tiago_gazebo/share/tiago_gazebo/cmake/tiago_gazebo__rosidl_typesupport_introspection_cExport-noconfig.cmake
[22.490s] -- Up-to-date: /root/tiago_public_ws/install/tiago_gazebo/share/tiago_gazebo/cmake/tiago_gazebo__rosidl_typesupport_cExport.cmake
[22.491s] -- Up-to-date: /root/tiago_public_ws/install/tiago_gazebo/share/tiago_gazebo/cmake/tiago_gazebo__rosidl_typesupport_cExport-noconfig.cmake
[22.491s] -- Up-to-date: /root/tiago_public_ws/install/tiago_gazebo/share/tiago_gazebo/cmake/export_tiago_gazebo__rosidl_generator_cppExport.cmake
[22.491s] -- Up-to-date: /root/tiago_public_ws/install/tiago_gazebo/share/tiago_gazebo/cmake/export_tiago_gazebo__rosidl_typesupport_fastrtps_cppExport.cmake
[22.491s] -- Up-to-date: /root/tiago_public_ws/install/tiago_gazebo/share/tiago_gazebo/cmake/export_tiago_gazebo__rosidl_typesupport_fastrtps_cppExport-noconfig.cmake
[22.491s] -- Up-to-date: /root/tiago_public_ws/install/tiago_gazebo/share/tiago_gazebo/cmake/tiago_gazebo__rosidl_typesupport_introspection_cppExport.cmake
[22.491s] -- Up-to-date: /root/tiago_public_ws/install/tiago_gazebo/share/tiago_gazebo/cmake/tiago_gazebo__rosidl_typesupport_introspection_cppExport-noconfig.cmake
[22.491s] -- Up-to-date: /root/tiago_public_ws/install/tiago_gazebo/share/tiago_gazebo/cmake/tiago_gazebo__rosidl_typesupport_cppExport.cmake
[22.492s] -- Up-to-date: /root/tiago_public_ws/install/tiago_gazebo/share/tiago_gazebo/cmake/tiago_gazebo__rosidl_typesupport_cppExport-noconfig.cmake
[22.492s] -- Up-to-date: /root/tiago_public_ws/install/tiago_gazebo/share/tiago_gazebo/cmake/export_tiago_gazebo__rosidl_generator_pyExport.cmake
[22.492s] -- Up-to-date: /root/tiago_public_ws/install/tiago_gazebo/share/tiago_gazebo/cmake/export_tiago_gazebo__rosidl_generator_pyExport-noconfig.cmake
[22.504s] Invoked command in '/root/tiago_public_ws/build/tiago_gazebo' returned '0': AMENT_PREFIX_PATH=/root/tiago_public_ws/install/launch_pal:/root/tiago_public_ws/install/urdf_test:/root/tiago_public_ws/install/tiago_simulation:/root/tiago_public_ws/install/tiago_robot:/root/tiago_public_ws/install/tiago_navigation:/root/tiago_public_ws/install/tiago_gazebo:/root/tiago_public_ws/install/tiago_moveit_config:/root/tiago_public_ws/install/tiago_2dnav:/root/tiago_public_ws/install/tiago_laser_sensors:/root/tiago_public_ws/install/tiago_bringup:/root/tiago_public_ws/install/tiago_description:/root/tiago_public_ws/install/tiago_controller_configuration:/root/tiago_public_ws/install/pmb2_robot:/root/tiago_public_ws/install/pmb2_navigation:/root/tiago_public_ws/install/pmb2_2dnav:/root/tiago_public_ws/install/pmb2_laser_sensors:/root/tiago_public_ws/install/pmb2_bringup:/root/tiago_public_ws/install/pmb2_description:/root/tiago_public_ws/install/pmb2_controller_configuration:/root/tiago_public_ws/install/play_motion2:/root/tiago_public_ws/install/play_motion2_msgs:/root/tiago_public_ws/install/pal_hey5:/root/tiago_public_ws/install/pal_hey5_description:/root/tiago_public_ws/install/pal_gripper_simulation:/root/tiago_public_ws/install/pal_gripper:/root/tiago_public_ws/install/pal_gripper_description:/root/tiago_public_ws/install/pal_urdf_utils:/root/tiago_public_ws/install/pal_robotiq_gripper:/root/tiago_public_ws/install/pal_robotiq_description:/root/tiago_public_ws/install/pal_robotiq_controller_configuration:/root/tiago_public_ws/install/pal_navigation_cfg:/root/tiago_public_ws/install/pal_navigation_cfg_bringup:/root/tiago_public_ws/install/pal_navigation_cfg_params:/root/tiago_public_ws/install/pal_hey5_controller_configuration:/root/tiago_public_ws/install/pal_gripper_controller_configuration:/root/tiago_public_ws/install/pal_gazebo_worlds:/opt/ros/humble CMAKE_PREFIX_PATH=/root/tiago_public_ws/install/tiago_moveit_config:/root/tiago_public_ws/install/tiago_bringup:/root/tiago_public_ws/install/tiago_2dnav:/root/tiago_public_ws/install/tiago_description:/root/tiago_public_ws/install/tiago_controller_configuration:/root/tiago_public_ws/install/pmb2_description:/root/tiago_public_ws/install/pmb2_controller_configuration:/root/tiago_public_ws/install/play_motion2:/root/tiago_public_ws/install/pal_hey5_description:/root/tiago_public_ws/install/pal_gripper_description:/root/tiago_public_ws/install/urdf_test:/root/tiago_public_ws/install/tiago_laser_sensors:/root/tiago_public_ws/install/play_motion2_msgs:/root/tiago_public_ws/install/pal_urdf_utils:/root/tiago_public_ws/install/pal_robotiq_description:/root/tiago_public_ws/install/pal_robotiq_controller_configuration:/root/tiago_public_ws/install/pal_hey5_controller_configuration:/root/tiago_public_ws/install/pal_gripper_controller_configuration:/root/tiago_public_ws/install/pal_gazebo_worlds:/root/tiago_public_ws/install/tiago_simulation:/root/tiago_public_ws/install/tiago_robot:/root/tiago_public_ws/install/tiago_navigation:/root/tiago_public_ws/install/tiago_gazebo:/root/tiago_public_ws/install/pmb2_robot:/root/tiago_public_ws/install/pmb2_navigation:/root/tiago_public_ws/install/pmb2_2dnav:/root/tiago_public_ws/install/pmb2_laser_sensors:/root/tiago_public_ws/install/pmb2_bringup:/root/tiago_public_ws/install/pal_hey5:/root/tiago_public_ws/install/pal_gripper_simulation:/root/tiago_public_ws/install/pal_gripper:/root/tiago_public_ws/install/pal_robotiq_gripper:/root/tiago_public_ws/install/pal_navigation_cfg:/root/tiago_public_ws/install/pal_navigation_cfg_bringup:/root/tiago_public_ws/install/pal_navigation_cfg_params:/root/tiago_public_ws/install/launch_pal:/opt/ros/humble LD_LIBRARY_PATH=/root/tiago_public_ws/install/play_motion2/lib:/root/tiago_public_ws/install/play_motion2_msgs/lib:/root/tiago_public_ws/install/tiago_gazebo/lib:/usr/lib/x86_64-linux-gnu/gazebo-11/plugins:/opt/ros/humble/opt/rviz_ogre_vendor/lib:/opt/ros/humble/lib/x86_64-linux-gnu:/opt/ros/humble/lib PYTHONPATH=/root/tiago_public_ws/install/launch_pal/lib/python3.10/site-packages:/root/tiago_public_ws/install/urdf_test/local/lib/python3.10/dist-packages:/root/tiago_public_ws/install/tiago_gazebo/local/lib/python3.10/dist-packages:/root/tiago_public_ws/install/tiago_description/local/lib/python3.10/dist-packages:/root/tiago_public_ws/install/pmb2_description/local/lib/python3.10/dist-packages:/root/tiago_public_ws/install/play_motion2_msgs/local/lib/python3.10/dist-packages:/root/tiago_public_ws/build/launch_pal:/opt/ros/humble/lib/python3.10/site-packages:/opt/ros/humble/local/lib/python3.10/dist-packages /usr/bin/cmake --install /root/tiago_public_ws/build/tiago_gazebo
