[1.030s] Invoking command in '/root/tiago_public_ws/build/pmb2_description': AMENT_PREFIX_PATH=/root/tiago_public_ws/install/urdf_test:/root/tiago_public_ws/install/pal_urdf_utils:/root/tiago_public_ws/install/launch_pal:${AMENT_PREFIX_PATH} CMAKE_PREFIX_PATH=/root/tiago_public_ws/install/urdf_test:/root/tiago_public_ws/install/pal_urdf_utils:/opt/ros/humble PYTHONPATH=/root/tiago_public_ws/install/urdf_test/local/lib/python3.10/dist-packages:/root/tiago_public_ws/install/launch_pal/lib/python3.10/site-packages:${PYTHONPATH} /usr/bin/cmake --build /root/tiago_public_ws/build/pmb2_description -- -j8 -l8
[1.196s] Built target ament_cmake_python_symlink_pmb2_description
[2.529s] running egg_info
[2.541s] writing pmb2_description.egg-info/PKG-INFO
[2.542s] writing dependency_links to pmb2_description.egg-info/dependency_links.txt
[2.542s] writing top-level names to pmb2_description.egg-info/top_level.txt
[2.542s] reading manifest file 'pmb2_description.egg-info/SOURCES.txt'
[2.542s] writing manifest file 'pmb2_description.egg-info/SOURCES.txt'
[2.669s] Built target ament_cmake_python_build_pmb2_description_egg
[2.795s] Invoked command in '/root/tiago_public_ws/build/pmb2_description' returned '0': AMENT_PREFIX_PATH=/root/tiago_public_ws/install/urdf_test:/root/tiago_public_ws/install/pal_urdf_utils:/root/tiago_public_ws/install/launch_pal:${AMENT_PREFIX_PATH} CMAKE_PREFIX_PATH=/root/tiago_public_ws/install/urdf_test:/root/tiago_public_ws/install/pal_urdf_utils:/opt/ros/humble PYTHONPATH=/root/tiago_public_ws/install/urdf_test/local/lib/python3.10/dist-packages:/root/tiago_public_ws/install/launch_pal/lib/python3.10/site-packages:${PYTHONPATH} /usr/bin/cmake --build /root/tiago_public_ws/build/pmb2_description -- -j8 -l8
[2.929s] Invoking command in '/root/tiago_public_ws/build/pmb2_description': AMENT_PREFIX_PATH=/root/tiago_public_ws/install/urdf_test:/root/tiago_public_ws/install/pal_urdf_utils:/root/tiago_public_ws/install/launch_pal:${AMENT_PREFIX_PATH} CMAKE_PREFIX_PATH=/root/tiago_public_ws/install/urdf_test:/root/tiago_public_ws/install/pal_urdf_utils:/opt/ros/humble PYTHONPATH=/root/tiago_public_ws/install/urdf_test/local/lib/python3.10/dist-packages:/root/tiago_public_ws/install/launch_pal/lib/python3.10/site-packages:${PYTHONPATH} /usr/bin/cmake --install /root/tiago_public_ws/build/pmb2_description
[3.009s] -- Install configuration: ""
[3.009s] -- Execute custom install script
[3.009s] -- Up-to-date symlink: /root/tiago_public_ws/install/pmb2_description/share/pmb2_description/environment/pythonpath.sh
[3.009s] -- Up-to-date symlink: /root/tiago_public_ws/install/pmb2_description/share/pmb2_description/environment/pythonpath.dsv
[3.010s] -- Up-to-date symlink: /root/tiago_public_ws/install/pmb2_description/local/lib/python3.10/dist-packages/pmb2_description-5.3.0-py3.10.egg-info/PKG-INFO
[3.010s] -- Up-to-date symlink: /root/tiago_public_ws/install/pmb2_description/local/lib/python3.10/dist-packages/pmb2_description-5.3.0-py3.10.egg-info/SOURCES.txt
[3.010s] -- Up-to-date symlink: /root/tiago_public_ws/install/pmb2_description/local/lib/python3.10/dist-packages/pmb2_description-5.3.0-py3.10.egg-info/dependency_links.txt
[3.010s] -- Up-to-date symlink: /root/tiago_public_ws/install/pmb2_description/local/lib/python3.10/dist-packages/pmb2_description-5.3.0-py3.10.egg-info/top_level.txt
[3.010s] -- Up-to-date symlink: /root/tiago_public_ws/install/pmb2_description/local/lib/python3.10/dist-packages/pmb2_description/__init__.py
[3.011s] -- Up-to-date symlink: /root/tiago_public_ws/install/pmb2_description/local/lib/python3.10/dist-packages/pmb2_description/launch_arguments.py
[3.011s] -- Up-to-date symlink: /root/tiago_public_ws/install/pmb2_description/share/pmb2_description/rviz/pmb2.rviz
[3.011s] -- Up-to-date symlink: /root/tiago_public_ws/install/pmb2_description/share/pmb2_description/launch/robot_state_publisher.launch.py
[3.011s] -- Up-to-date symlink: /root/tiago_public_ws/install/pmb2_description/share/pmb2_description/launch/show.launch.py
[3.019s] -- Up-to-date symlink: /root/tiago_public_ws/install/pmb2_description/share/pmb2_description/meshes/base/base.stl
[3.019s] -- Up-to-date symlink: /root/tiago_public_ws/install/pmb2_description/share/pmb2_description/meshes/base/base_collision.dae
[3.024s] -- Up-to-date symlink: /root/tiago_public_ws/install/pmb2_description/share/pmb2_description/meshes/base/base_dock_link.stl
[3.024s] -- Up-to-date symlink: /root/tiago_public_ws/install/pmb2_description/share/pmb2_description/meshes/base/base_ring.stl
[3.024s] -- Up-to-date symlink: /root/tiago_public_ws/install/pmb2_description/share/pmb2_description/meshes/base/high_resolution/base.stl
[3.024s] -- Up-to-date symlink: /root/tiago_public_ws/install/pmb2_description/share/pmb2_description/meshes/base/high_resolution/base_collision.stl
[3.024s] -- Up-to-date symlink: /root/tiago_public_ws/install/pmb2_description/share/pmb2_description/meshes/cameras_add_on/cameras_add_on.stl
[3.024s] -- Up-to-date symlink: /root/tiago_public_ws/install/pmb2_description/share/pmb2_description/meshes/cameras_add_on/cameras_add_on_collision.stl
[3.024s] -- Up-to-date symlink: /root/tiago_public_ws/install/pmb2_description/share/pmb2_description/meshes/dock/dock.stl
[3.025s] -- Up-to-date symlink: /root/tiago_public_ws/install/pmb2_description/share/pmb2_description/meshes/dock/dock_collision.stl
[3.025s] -- Up-to-date symlink: /root/tiago_public_ws/install/pmb2_description/share/pmb2_description/meshes/objects/antenna.stl
[3.025s] -- Up-to-date symlink: /root/tiago_public_ws/install/pmb2_description/share/pmb2_description/meshes/objects/cover.stl
[3.025s] -- Up-to-date symlink: /root/tiago_public_ws/install/pmb2_description/share/pmb2_description/meshes/objects/high_resolution/cover.stl
[3.025s] -- Up-to-date symlink: /root/tiago_public_ws/install/pmb2_description/share/pmb2_description/meshes/sensors/bumper.stl
[3.025s] -- Up-to-date symlink: /root/tiago_public_ws/install/pmb2_description/share/pmb2_description/meshes/sensors/bumper_collision.stl
[3.025s] -- Up-to-date symlink: /root/tiago_public_ws/install/pmb2_description/share/pmb2_description/meshes/sensors/elp_camera.stl
[3.025s] -- Up-to-date symlink: /root/tiago_public_ws/install/pmb2_description/share/pmb2_description/meshes/sensors/high_resolution/bumper.stl
[3.025s] -- Up-to-date symlink: /root/tiago_public_ws/install/pmb2_description/share/pmb2_description/meshes/sensors/high_resolution/hokuyo_urg_04lx_ug01.stl
[3.026s] -- Up-to-date symlink: /root/tiago_public_ws/install/pmb2_description/share/pmb2_description/meshes/sensors/high_resolution/sick_tim551.stl
[3.026s] -- Up-to-date symlink: /root/tiago_public_ws/install/pmb2_description/share/pmb2_description/meshes/sensors/high_resolution/srf05.stl
[3.026s] -- Up-to-date symlink: /root/tiago_public_ws/install/pmb2_description/share/pmb2_description/meshes/sensors/high_resolution/xtion_pro_live.stl
[3.026s] -- Up-to-date symlink: /root/tiago_public_ws/install/pmb2_description/share/pmb2_description/meshes/sensors/hokuyo_urg_04lx_ug01.stl
[3.026s] -- Up-to-date symlink: /root/tiago_public_ws/install/pmb2_description/share/pmb2_description/meshes/sensors/sick_tim551.stl
[3.026s] -- Up-to-date symlink: /root/tiago_public_ws/install/pmb2_description/share/pmb2_description/meshes/sensors/srf05.stl
[3.026s] -- Up-to-date symlink: /root/tiago_public_ws/install/pmb2_description/share/pmb2_description/meshes/sensors/structure_sensor.stl
[3.026s] -- Up-to-date symlink: /root/tiago_public_ws/install/pmb2_description/share/pmb2_description/meshes/sensors/xtion_pro_live.dae
[3.026s] -- Up-to-date symlink: /root/tiago_public_ws/install/pmb2_description/share/pmb2_description/meshes/wheels/caster_1.stl
[3.026s] -- Up-to-date symlink: /root/tiago_public_ws/install/pmb2_description/share/pmb2_description/meshes/wheels/caster_2.stl
[3.027s] -- Up-to-date symlink: /root/tiago_public_ws/install/pmb2_description/share/pmb2_description/meshes/wheels/high_resolution/caster_1.stl
[3.027s] -- Up-to-date symlink: /root/tiago_public_ws/install/pmb2_description/share/pmb2_description/meshes/wheels/high_resolution/caster_2.stl
[3.027s] -- Up-to-date symlink: /root/tiago_public_ws/install/pmb2_description/share/pmb2_description/meshes/wheels/high_resolution/wheel.stl
[3.027s] -- Up-to-date symlink: /root/tiago_public_ws/install/pmb2_description/share/pmb2_description/meshes/wheels/wheel.stl
[3.027s] -- Up-to-date symlink: /root/tiago_public_ws/install/pmb2_description/share/pmb2_description/config/pmb2_configuration.yaml
[3.027s] -- Up-to-date symlink: /root/tiago_public_ws/install/pmb2_description/share/pmb2_description/robots/pmb2.urdf.xacro
[3.027s] -- Up-to-date symlink: /root/tiago_public_ws/install/pmb2_description/share/pmb2_description/ros2_control/gazebo_controller_manager_cfg.yaml
[3.027s] -- Up-to-date symlink: /root/tiago_public_ws/install/pmb2_description/share/pmb2_description/ros2_control/ros2_control.urdf.xacro
[3.027s] -- Up-to-date symlink: /root/tiago_public_ws/install/pmb2_description/share/pmb2_description/urdf/base/base.gazebo.xacro
[3.027s] -- Up-to-date symlink: /root/tiago_public_ws/install/pmb2_description/share/pmb2_description/urdf/base/base.urdf.xacro
[3.028s] -- Up-to-date symlink: /root/tiago_public_ws/install/pmb2_description/share/pmb2_description/urdf/base/base_sensors.urdf.xacro
[3.028s] -- Up-to-date symlink: /root/tiago_public_ws/install/pmb2_description/share/pmb2_description/urdf/cameras_add_on/cameras_add_on.urdf.xacro
[3.028s] -- Up-to-date symlink: /root/tiago_public_ws/install/pmb2_description/share/pmb2_description/urdf/dock/dock.urdf.xacro
[3.028s] -- Up-to-date symlink: /root/tiago_public_ws/install/pmb2_description/share/pmb2_description/urdf/objects/antenna.urdf.xacro
[3.028s] -- Up-to-date symlink: /root/tiago_public_ws/install/pmb2_description/share/pmb2_description/urdf/objects/cover.urdf.xacro
[3.028s] -- Up-to-date symlink: /root/tiago_public_ws/install/pmb2_description/share/pmb2_description/urdf/sensors/bumper.gazebo.xacro
[3.028s] -- Up-to-date symlink: /root/tiago_public_ws/install/pmb2_description/share/pmb2_description/urdf/sensors/bumper.urdf.xacro
[3.028s] -- Up-to-date symlink: /root/tiago_public_ws/install/pmb2_description/share/pmb2_description/urdf/sensors/courier.urdf.xacro
[3.028s] -- Up-to-date symlink: /root/tiago_public_ws/install/pmb2_description/share/pmb2_description/urdf/sensors/elp_rgb.gazebo.xacro
[3.028s] -- Up-to-date symlink: /root/tiago_public_ws/install/pmb2_description/share/pmb2_description/urdf/sensors/elp_rgb.urdf.xacro
[3.029s] -- Up-to-date symlink: /root/tiago_public_ws/install/pmb2_description/share/pmb2_description/urdf/sensors/hokuyo_urg_04lx_ug01_laser.gazebo.xacro
[3.029s] -- Up-to-date symlink: /root/tiago_public_ws/install/pmb2_description/share/pmb2_description/urdf/sensors/hokuyo_urg_04lx_ug01_laser.urdf.xacro
[3.029s] -- Up-to-date symlink: /root/tiago_public_ws/install/pmb2_description/share/pmb2_description/urdf/sensors/imu.gazebo.xacro
[3.029s] -- Up-to-date symlink: /root/tiago_public_ws/install/pmb2_description/share/pmb2_description/urdf/sensors/imu.urdf.xacro
[3.029s] -- Up-to-date symlink: /root/tiago_public_ws/install/pmb2_description/share/pmb2_description/urdf/sensors/microphone.urdf.xacro
[3.029s] -- Up-to-date symlink: /root/tiago_public_ws/install/pmb2_description/share/pmb2_description/urdf/sensors/range.gazebo.xacro
[3.029s] -- Up-to-date symlink: /root/tiago_public_ws/install/pmb2_description/share/pmb2_description/urdf/sensors/range.urdf.xacro
[3.029s] -- Up-to-date symlink: /root/tiago_public_ws/install/pmb2_description/share/pmb2_description/urdf/sensors/sensors.ros2_control.xacro
[3.029s] -- Up-to-date symlink: /root/tiago_public_ws/install/pmb2_description/share/pmb2_description/urdf/sensors/sick_tim551_laser.gazebo.xacro
[3.029s] -- Up-to-date symlink: /root/tiago_public_ws/install/pmb2_description/share/pmb2_description/urdf/sensors/sick_tim551_laser.urdf.xacro
[3.029s] -- Up-to-date symlink: /root/tiago_public_ws/install/pmb2_description/share/pmb2_description/urdf/sensors/sick_tim561_laser.gazebo.xacro
[3.030s] -- Up-to-date symlink: /root/tiago_public_ws/install/pmb2_description/share/pmb2_description/urdf/sensors/sick_tim561_laser.urdf.xacro
[3.030s] -- Up-to-date symlink: /root/tiago_public_ws/install/pmb2_description/share/pmb2_description/urdf/sensors/sick_tim571_laser.gazebo.xacro
[3.030s] -- Up-to-date symlink: /root/tiago_public_ws/install/pmb2_description/share/pmb2_description/urdf/sensors/sick_tim571_laser.urdf.xacro
[3.030s] -- Up-to-date symlink: /root/tiago_public_ws/install/pmb2_description/share/pmb2_description/urdf/sensors/structure_sensor.gazebo.xacro
[3.044s] -- Up-to-date symlink: /root/tiago_public_ws/install/pmb2_description/share/pmb2_description/urdf/sensors/structure_sensor.urdf.xacro
[3.044s] -- Up-to-date symlink: /root/tiago_public_ws/install/pmb2_description/share/pmb2_description/urdf/wheels/caster.gazebo.xacro
[3.044s] -- Up-to-date symlink: /root/tiago_public_ws/install/pmb2_description/share/pmb2_description/urdf/wheels/caster.urdf.xacro
[3.044s] -- Up-to-date symlink: /root/tiago_public_ws/install/pmb2_description/share/pmb2_description/urdf/wheels/wheel.gazebo.xacro
[3.045s] -- Up-to-date symlink: /root/tiago_public_ws/install/pmb2_description/share/pmb2_description/urdf/wheels/wheel.ros2_control.xacro
[3.045s] -- Up-to-date symlink: /root/tiago_public_ws/install/pmb2_description/share/pmb2_description/urdf/wheels/wheel.urdf.xacro
[3.045s] -- Up-to-date symlink: /root/tiago_public_ws/install/pmb2_description/share/ament_index/resource_index/package_run_dependencies/pmb2_description
[3.045s] -- Up-to-date symlink: /root/tiago_public_ws/install/pmb2_description/share/ament_index/resource_index/parent_prefix_path/pmb2_description
[3.045s] -- Up-to-date symlink: /root/tiago_public_ws/install/pmb2_description/share/pmb2_description/environment/ament_prefix_path.sh
[3.045s] -- Up-to-date symlink: /root/tiago_public_ws/install/pmb2_description/share/pmb2_description/environment/ament_prefix_path.dsv
[3.046s] -- Up-to-date symlink: /root/tiago_public_ws/install/pmb2_description/share/pmb2_description/environment/path.sh
[3.046s] -- Up-to-date symlink: /root/tiago_public_ws/install/pmb2_description/share/pmb2_description/environment/path.dsv
[3.046s] -- Up-to-date symlink: /root/tiago_public_ws/install/pmb2_description/share/pmb2_description/local_setup.bash
[3.046s] -- Up-to-date symlink: /root/tiago_public_ws/install/pmb2_description/share/pmb2_description/local_setup.sh
[3.046s] -- Up-to-date symlink: /root/tiago_public_ws/install/pmb2_description/share/pmb2_description/local_setup.zsh
[3.046s] -- Up-to-date symlink: /root/tiago_public_ws/install/pmb2_description/share/pmb2_description/local_setup.dsv
[3.046s] -- Symlinking: /root/tiago_public_ws/install/pmb2_description/share/pmb2_description/package.dsv
[3.056s] -- Up-to-date symlink: /root/tiago_public_ws/install/pmb2_description/share/ament_index/resource_index/packages/pmb2_description
[3.056s] -- Up-to-date symlink: /root/tiago_public_ws/install/pmb2_description/share/pmb2_description/cmake/pmb2_descriptionConfig.cmake
[3.056s] -- Up-to-date symlink: /root/tiago_public_ws/install/pmb2_description/share/pmb2_description/cmake/pmb2_descriptionConfig-version.cmake
[3.056s] -- Up-to-date symlink: /root/tiago_public_ws/install/pmb2_description/share/pmb2_description/package.xml
[3.160s] Listing '/root/tiago_public_ws/install/pmb2_description/local/lib/python3.10/dist-packages/pmb2_description'...
[3.176s] Invoked command in '/root/tiago_public_ws/build/pmb2_description' returned '0': AMENT_PREFIX_PATH=/root/tiago_public_ws/install/urdf_test:/root/tiago_public_ws/install/pal_urdf_utils:/root/tiago_public_ws/install/launch_pal:${AMENT_PREFIX_PATH} CMAKE_PREFIX_PATH=/root/tiago_public_ws/install/urdf_test:/root/tiago_public_ws/install/pal_urdf_utils:/opt/ros/humble PYTHONPATH=/root/tiago_public_ws/install/urdf_test/local/lib/python3.10/dist-packages:/root/tiago_public_ws/install/launch_pal/lib/python3.10/site-packages:${PYTHONPATH} /usr/bin/cmake --install /root/tiago_public_ws/build/pmb2_description
