[3.800s] Invoking command in '/root/tiago_public_ws/build/launch_pal': PYTHONPATH=/root/tiago_public_ws/build/launch_pal/prefix_override:/usr/lib/python3/dist-packages/colcon_core/task/python/colcon_distutils_commands:/root/tiago_public_ws/install/launch_pal/lib/python3.10/site-packages:${PYTHONPATH} /usr/bin/python3 -W ignore:setup.py install is deprecated setup.py develop --uninstall --editable --build-directory /root/tiago_public_ws/build/launch_pal/build
[5.225s] running develop
[5.226s] /usr/lib/python3/dist-packages/setuptools/command/easy_install.py:158: EasyInstallDeprecationWarning: easy_install command is deprecated. Use build and pip and other standards-based tools.
[5.226s]   warnings.warn(
[6.143s] Removing /root/tiago_public_ws/install/launch_pal/lib/python3.10/site-packages/launch-pal.egg-link (link to .)
[6.307s] Invoked command in '/root/tiago_public_ws/build/launch_pal' returned '0': PYTHONPATH=/root/tiago_public_ws/build/launch_pal/prefix_override:/usr/lib/python3/dist-packages/colcon_core/task/python/colcon_distutils_commands:/root/tiago_public_ws/install/launch_pal/lib/python3.10/site-packages:${PYTHONPATH} /usr/bin/python3 -W ignore:setup.py install is deprecated setup.py develop --uninstall --editable --build-directory /root/tiago_public_ws/build/launch_pal/build
[6.327s] Invoking command in '/root/tiago_public_ws/src/launch_pal': PYTHONPATH=/root/tiago_public_ws/build/launch_pal/prefix_override:/usr/lib/python3/dist-packages/colcon_core/task/python/colcon_distutils_commands:/root/tiago_public_ws/install/launch_pal/lib/python3.10/site-packages:${PYTHONPATH} /usr/bin/python3 -W ignore:setup.py install is deprecated setup.py egg_info --egg-base ../../build/launch_pal build --build-base /root/tiago_public_ws/build/launch_pal/build install --record /root/tiago_public_ws/build/launch_pal/install.log --single-version-externally-managed install_data --force
[8.526s] running egg_info
[8.526s] writing ../../build/launch_pal/launch_pal.egg-info/PKG-INFO
[8.526s] writing dependency_links to ../../build/launch_pal/launch_pal.egg-info/dependency_links.txt
[8.527s] writing entry points to ../../build/launch_pal/launch_pal.egg-info/entry_points.txt
[8.527s] writing requirements to ../../build/launch_pal/launch_pal.egg-info/requires.txt
[8.527s] writing top-level names to ../../build/launch_pal/launch_pal.egg-info/top_level.txt
[8.528s] reading manifest file '../../build/launch_pal/launch_pal.egg-info/SOURCES.txt'
[8.528s] adding license file 'LICENSE'
[8.529s] writing manifest file '../../build/launch_pal/launch_pal.egg-info/SOURCES.txt'
[8.529s] running build
[8.529s] running build_py
[8.529s] creating /root/tiago_public_ws/build/launch_pal/build
[8.529s] creating /root/tiago_public_ws/build/launch_pal/build/lib
[8.529s] creating /root/tiago_public_ws/build/launch_pal/build/lib/launch_pal
[8.530s] copying launch_pal/include_utils.py -> /root/tiago_public_ws/build/launch_pal/build/lib/launch_pal
[8.530s] copying launch_pal/__init__.py -> /root/tiago_public_ws/build/launch_pal/build/lib/launch_pal
[8.534s] copying launch_pal/robot_utils.py -> /root/tiago_public_ws/build/launch_pal/build/lib/launch_pal
[8.535s] copying launch_pal/composition_utils.py -> /root/tiago_public_ws/build/launch_pal/build/lib/launch_pal
[8.535s] copying launch_pal/param_utils.py -> /root/tiago_public_ws/build/launch_pal/build/lib/launch_pal
[8.535s] copying launch_pal/pal_parameters.py -> /root/tiago_public_ws/build/launch_pal/build/lib/launch_pal
[8.536s] copying launch_pal/arg_utils.py -> /root/tiago_public_ws/build/launch_pal/build/lib/launch_pal
[8.536s] creating /root/tiago_public_ws/build/launch_pal/build/lib/launch_pal/substitutions
[8.537s] copying launch_pal/substitutions/load_file.py -> /root/tiago_public_ws/build/launch_pal/build/lib/launch_pal/substitutions
[8.537s] copying launch_pal/substitutions/__init__.py -> /root/tiago_public_ws/build/launch_pal/build/lib/launch_pal/substitutions
[8.537s] creating /root/tiago_public_ws/build/launch_pal/build/lib/launch_pal/robot_arguments
[8.542s] copying launch_pal/robot_arguments/__init__.py -> /root/tiago_public_ws/build/launch_pal/build/lib/launch_pal/robot_arguments
[8.543s] copying launch_pal/robot_arguments/common.py -> /root/tiago_public_ws/build/launch_pal/build/lib/launch_pal/robot_arguments
[8.543s] copying launch_pal/robot_arguments/robot.py -> /root/tiago_public_ws/build/launch_pal/build/lib/launch_pal/robot_arguments
[8.543s] creating /root/tiago_public_ws/build/launch_pal/build/lib/launch_pal/actions
[8.543s] copying launch_pal/actions/__init__.py -> /root/tiago_public_ws/build/launch_pal/build/lib/launch_pal/actions
[8.543s] copying launch_pal/actions/check_public_sim.py -> /root/tiago_public_ws/build/launch_pal/build/lib/launch_pal/actions
[8.544s] running install
[8.544s] running install_lib
[8.544s] creating /root/tiago_public_ws/install/launch_pal/lib/python3.10/site-packages/launch_pal
[8.544s] creating /root/tiago_public_ws/install/launch_pal/lib/python3.10/site-packages/launch_pal/substitutions
[8.544s] copying /root/tiago_public_ws/build/launch_pal/build/lib/launch_pal/substitutions/load_file.py -> /root/tiago_public_ws/install/launch_pal/lib/python3.10/site-packages/launch_pal/substitutions
[8.544s] copying /root/tiago_public_ws/build/launch_pal/build/lib/launch_pal/substitutions/__init__.py -> /root/tiago_public_ws/install/launch_pal/lib/python3.10/site-packages/launch_pal/substitutions
[8.544s] copying /root/tiago_public_ws/build/launch_pal/build/lib/launch_pal/include_utils.py -> /root/tiago_public_ws/install/launch_pal/lib/python3.10/site-packages/launch_pal
[8.544s] creating /root/tiago_public_ws/install/launch_pal/lib/python3.10/site-packages/launch_pal/robot_arguments
[8.544s] copying /root/tiago_public_ws/build/launch_pal/build/lib/launch_pal/robot_arguments/__init__.py -> /root/tiago_public_ws/install/launch_pal/lib/python3.10/site-packages/launch_pal/robot_arguments
[8.544s] copying /root/tiago_public_ws/build/launch_pal/build/lib/launch_pal/robot_arguments/common.py -> /root/tiago_public_ws/install/launch_pal/lib/python3.10/site-packages/launch_pal/robot_arguments
[8.545s] copying /root/tiago_public_ws/build/launch_pal/build/lib/launch_pal/robot_arguments/robot.py -> /root/tiago_public_ws/install/launch_pal/lib/python3.10/site-packages/launch_pal/robot_arguments
[8.545s] copying /root/tiago_public_ws/build/launch_pal/build/lib/launch_pal/__init__.py -> /root/tiago_public_ws/install/launch_pal/lib/python3.10/site-packages/launch_pal
[8.545s] creating /root/tiago_public_ws/install/launch_pal/lib/python3.10/site-packages/launch_pal/actions
[8.545s] copying /root/tiago_public_ws/build/launch_pal/build/lib/launch_pal/actions/__init__.py -> /root/tiago_public_ws/install/launch_pal/lib/python3.10/site-packages/launch_pal/actions
[8.545s] copying /root/tiago_public_ws/build/launch_pal/build/lib/launch_pal/actions/check_public_sim.py -> /root/tiago_public_ws/install/launch_pal/lib/python3.10/site-packages/launch_pal/actions
[8.545s] copying /root/tiago_public_ws/build/launch_pal/build/lib/launch_pal/robot_utils.py -> /root/tiago_public_ws/install/launch_pal/lib/python3.10/site-packages/launch_pal
[8.545s] copying /root/tiago_public_ws/build/launch_pal/build/lib/launch_pal/composition_utils.py -> /root/tiago_public_ws/install/launch_pal/lib/python3.10/site-packages/launch_pal
[8.545s] copying /root/tiago_public_ws/build/launch_pal/build/lib/launch_pal/param_utils.py -> /root/tiago_public_ws/install/launch_pal/lib/python3.10/site-packages/launch_pal
[8.545s] copying /root/tiago_public_ws/build/launch_pal/build/lib/launch_pal/pal_parameters.py -> /root/tiago_public_ws/install/launch_pal/lib/python3.10/site-packages/launch_pal
[8.546s] copying /root/tiago_public_ws/build/launch_pal/build/lib/launch_pal/arg_utils.py -> /root/tiago_public_ws/install/launch_pal/lib/python3.10/site-packages/launch_pal
[8.546s] byte-compiling /root/tiago_public_ws/install/launch_pal/lib/python3.10/site-packages/launch_pal/substitutions/load_file.py to load_file.cpython-310.pyc
[8.546s] byte-compiling /root/tiago_public_ws/install/launch_pal/lib/python3.10/site-packages/launch_pal/substitutions/__init__.py to __init__.cpython-310.pyc
[8.546s] byte-compiling /root/tiago_public_ws/install/launch_pal/lib/python3.10/site-packages/launch_pal/include_utils.py to include_utils.cpython-310.pyc
[8.547s] byte-compiling /root/tiago_public_ws/install/launch_pal/lib/python3.10/site-packages/launch_pal/robot_arguments/__init__.py to __init__.cpython-310.pyc
[8.547s] byte-compiling /root/tiago_public_ws/install/launch_pal/lib/python3.10/site-packages/launch_pal/robot_arguments/common.py to common.cpython-310.pyc
[8.547s] byte-compiling /root/tiago_public_ws/install/launch_pal/lib/python3.10/site-packages/launch_pal/robot_arguments/robot.py to robot.cpython-310.pyc
[8.547s] byte-compiling /root/tiago_public_ws/install/launch_pal/lib/python3.10/site-packages/launch_pal/__init__.py to __init__.cpython-310.pyc
[8.547s] byte-compiling /root/tiago_public_ws/install/launch_pal/lib/python3.10/site-packages/launch_pal/actions/__init__.py to __init__.cpython-310.pyc
[8.554s] byte-compiling /root/tiago_public_ws/install/launch_pal/lib/python3.10/site-packages/launch_pal/actions/check_public_sim.py to check_public_sim.cpython-310.pyc
[8.554s] byte-compiling /root/tiago_public_ws/install/launch_pal/lib/python3.10/site-packages/launch_pal/robot_utils.py to robot_utils.cpython-310.pyc
[8.554s] byte-compiling /root/tiago_public_ws/install/launch_pal/lib/python3.10/site-packages/launch_pal/composition_utils.py to composition_utils.cpython-310.pyc
[8.554s] byte-compiling /root/tiago_public_ws/install/launch_pal/lib/python3.10/site-packages/launch_pal/param_utils.py to param_utils.cpython-310.pyc
[8.555s] byte-compiling /root/tiago_public_ws/install/launch_pal/lib/python3.10/site-packages/launch_pal/pal_parameters.py to pal_parameters.cpython-310.pyc
[8.555s] byte-compiling /root/tiago_public_ws/install/launch_pal/lib/python3.10/site-packages/launch_pal/arg_utils.py to arg_utils.cpython-310.pyc
[8.555s] running install_data
[8.555s] copying resource/launch_pal -> /root/tiago_public_ws/install/launch_pal/share/ament_index/resource_index/packages
[8.556s] copying package.xml -> /root/tiago_public_ws/install/launch_pal/share/launch_pal
[8.556s] copying config/robot_configuration.yaml -> /root/tiago_public_ws/install/launch_pal/share/launch_pal/config
[8.557s] running install_egg_info
[8.562s] Copying ../../build/launch_pal/launch_pal.egg-info to /root/tiago_public_ws/install/launch_pal/lib/python3.10/site-packages/launch_pal-0.1.15-py3.10.egg-info
[8.563s] running install_scripts
[8.579s] writing list of installed files to '/root/tiago_public_ws/build/launch_pal/install.log'
[8.734s] Invoked command in '/root/tiago_public_ws/src/launch_pal' returned '0': PYTHONPATH=/root/tiago_public_ws/build/launch_pal/prefix_override:/usr/lib/python3/dist-packages/colcon_core/task/python/colcon_distutils_commands:/root/tiago_public_ws/install/launch_pal/lib/python3.10/site-packages:${PYTHONPATH} /usr/bin/python3 -W ignore:setup.py install is deprecated setup.py egg_info --egg-base ../../build/launch_pal build --build-base /root/tiago_public_ws/build/launch_pal/build install --record /root/tiago_public_ws/build/launch_pal/install.log --single-version-externally-managed install_data --force
