[0.110s] Invoking command in '/root/tiago_public_ws/build/plansys2_patrol_navigation_example': CMAKE_PREFIX_PATH=/opt/ros/humble /usr/bin/cmake --build /root/tiago_public_ws/build/plansys2_patrol_navigation_example -- -j8 -l8
[0.306s] [ 33%] Built target move_action_node
[0.438s] [ 66%] Built target patrolling_controller_node
[0.594s] [100%] Built target patrol_action_node
[0.658s] Invoked command in '/root/tiago_public_ws/build/plansys2_patrol_navigation_example' returned '0': CMAKE_PREFIX_PATH=/opt/ros/humble /usr/bin/cmake --build /root/tiago_public_ws/build/plansys2_patrol_navigation_example -- -j8 -l8
[0.705s] Invoking command in '/root/tiago_public_ws/build/plansys2_patrol_navigation_example': CMAKE_PREFIX_PATH=/opt/ros/humble /usr/bin/cmake --install /root/tiago_public_ws/build/plansys2_patrol_navigation_example
[0.716s] -- Install configuration: ""
[0.726s] -- Execute custom install script
[0.726s] -- Up-to-date symlink: /root/tiago_public_ws/install/plansys2_patrol_navigation_example/share/plansys2_patrol_navigation_example/launch/patrol_example_fakesim_launch.py
[0.726s] -- Up-to-date symlink: /root/tiago_public_ws/install/plansys2_patrol_navigation_example/share/plansys2_patrol_navigation_example/launch/patrol_example_launch.py
[0.727s] -- Up-to-date symlink: /root/tiago_public_ws/install/plansys2_patrol_navigation_example/share/plansys2_patrol_navigation_example/pddl/patrol.pddl
[0.728s] -- Up-to-date symlink: /root/tiago_public_ws/install/plansys2_patrol_navigation_example/share/plansys2_patrol_navigation_example/params/nav2_params.yaml
[0.730s] -- Up-to-date symlink: /root/tiago_public_ws/install/plansys2_patrol_navigation_example/lib/plansys2_patrol_navigation_example/move_action_node
[0.731s] -- Up-to-date symlink: /root/tiago_public_ws/install/plansys2_patrol_navigation_example/lib/plansys2_patrol_navigation_example/patrol_action_node
[0.732s] -- Up-to-date symlink: /root/tiago_public_ws/install/plansys2_patrol_navigation_example/lib/plansys2_patrol_navigation_example/patrolling_controller_node
[0.733s] -- Up-to-date symlink: /root/tiago_public_ws/install/plansys2_patrol_navigation_example/share/ament_index/resource_index/package_run_dependencies/plansys2_patrol_navigation_example
[0.734s] -- Up-to-date symlink: /root/tiago_public_ws/install/plansys2_patrol_navigation_example/share/ament_index/resource_index/parent_prefix_path/plansys2_patrol_navigation_example
[0.735s] -- Up-to-date symlink: /root/tiago_public_ws/install/plansys2_patrol_navigation_example/share/plansys2_patrol_navigation_example/environment/ament_prefix_path.sh
[0.735s] -- Up-to-date symlink: /root/tiago_public_ws/install/plansys2_patrol_navigation_example/share/plansys2_patrol_navigation_example/environment/ament_prefix_path.dsv
[0.738s] -- Up-to-date symlink: /root/tiago_public_ws/install/plansys2_patrol_navigation_example/share/plansys2_patrol_navigation_example/environment/path.sh
[0.739s] -- Up-to-date symlink: /root/tiago_public_ws/install/plansys2_patrol_navigation_example/share/plansys2_patrol_navigation_example/environment/path.dsv
[0.755s] -- Up-to-date symlink: /root/tiago_public_ws/install/plansys2_patrol_navigation_example/share/plansys2_patrol_navigation_example/local_setup.bash
[0.755s] -- Up-to-date symlink: /root/tiago_public_ws/install/plansys2_patrol_navigation_example/share/plansys2_patrol_navigation_example/local_setup.sh
[0.756s] -- Up-to-date symlink: /root/tiago_public_ws/install/plansys2_patrol_navigation_example/share/plansys2_patrol_navigation_example/local_setup.zsh
[0.756s] -- Up-to-date symlink: /root/tiago_public_ws/install/plansys2_patrol_navigation_example/share/plansys2_patrol_navigation_example/local_setup.dsv
[0.756s] -- Symlinking: /root/tiago_public_ws/install/plansys2_patrol_navigation_example/share/plansys2_patrol_navigation_example/package.dsv
[0.773s] -- Up-to-date symlink: /root/tiago_public_ws/install/plansys2_patrol_navigation_example/share/ament_index/resource_index/packages/plansys2_patrol_navigation_example
[0.774s] -- Up-to-date symlink: /root/tiago_public_ws/install/plansys2_patrol_navigation_example/share/plansys2_patrol_navigation_example/cmake/ament_cmake_export_dependencies-extras.cmake
[0.776s] -- Up-to-date symlink: /root/tiago_public_ws/install/plansys2_patrol_navigation_example/share/plansys2_patrol_navigation_example/cmake/plansys2_patrol_navigation_exampleConfig.cmake
[0.777s] -- Up-to-date symlink: /root/tiago_public_ws/install/plansys2_patrol_navigation_example/share/plansys2_patrol_navigation_example/cmake/plansys2_patrol_navigation_exampleConfig-version.cmake
[0.777s] -- Up-to-date symlink: /root/tiago_public_ws/install/plansys2_patrol_navigation_example/share/plansys2_patrol_navigation_example/package.xml
[0.802s] Invoked command in '/root/tiago_public_ws/build/plansys2_patrol_navigation_example' returned '0': CMAKE_PREFIX_PATH=/opt/ros/humble /usr/bin/cmake --install /root/tiago_public_ws/build/plansys2_patrol_navigation_example
