[0.119s] Invoking command in '/root/tiago_public_ws/build/pal_robotiq_gripper': AMENT_PREFIX_PATH=/root/tiago_public_ws/install/pal_robotiq_description:/root/tiago_public_ws/install/pal_robotiq_controller_configuration:${AMENT_PREFIX_PATH} CMAKE_PREFIX_PATH=/root/tiago_public_ws/install/pal_robotiq_description:/root/tiago_public_ws/install/pal_robotiq_controller_configuration:/opt/ros/humble /usr/bin/cmake --build /root/tiago_public_ws/build/pal_robotiq_gripper -- -j8 -l8
[0.160s] Invoked command in '/root/tiago_public_ws/build/pal_robotiq_gripper' returned '0': AMENT_PREFIX_PATH=/root/tiago_public_ws/install/pal_robotiq_description:/root/tiago_public_ws/install/pal_robotiq_controller_configuration:${AMENT_PREFIX_PATH} CMAKE_PREFIX_PATH=/root/tiago_public_ws/install/pal_robotiq_description:/root/tiago_public_ws/install/pal_robotiq_controller_configuration:/opt/ros/humble /usr/bin/cmake --build /root/tiago_public_ws/build/pal_robotiq_gripper -- -j8 -l8
[0.225s] Invoking command in '/root/tiago_public_ws/build/pal_robotiq_gripper': AMENT_PREFIX_PATH=/root/tiago_public_ws/install/pal_robotiq_description:/root/tiago_public_ws/install/pal_robotiq_controller_configuration:${AMENT_PREFIX_PATH} CMAKE_PREFIX_PATH=/root/tiago_public_ws/install/pal_robotiq_description:/root/tiago_public_ws/install/pal_robotiq_controller_configuration:/opt/ros/humble /usr/bin/cmake --install /root/tiago_public_ws/build/pal_robotiq_gripper
[0.250s] -- Install configuration: ""
[0.250s] -- Execute custom install script
[0.251s] -- Up-to-date symlink: /root/tiago_public_ws/install/pal_robotiq_gripper/share/ament_index/resource_index/package_run_dependencies/pal_robotiq_gripper
[0.251s] -- Up-to-date symlink: /root/tiago_public_ws/install/pal_robotiq_gripper/share/ament_index/resource_index/parent_prefix_path/pal_robotiq_gripper
[0.251s] -- Up-to-date symlink: /root/tiago_public_ws/install/pal_robotiq_gripper/share/pal_robotiq_gripper/environment/ament_prefix_path.sh
[0.251s] -- Up-to-date symlink: /root/tiago_public_ws/install/pal_robotiq_gripper/share/pal_robotiq_gripper/environment/ament_prefix_path.dsv
[0.251s] -- Up-to-date symlink: /root/tiago_public_ws/install/pal_robotiq_gripper/share/pal_robotiq_gripper/environment/path.sh
[0.251s] -- Up-to-date symlink: /root/tiago_public_ws/install/pal_robotiq_gripper/share/pal_robotiq_gripper/environment/path.dsv
[0.251s] -- Up-to-date symlink: /root/tiago_public_ws/install/pal_robotiq_gripper/share/pal_robotiq_gripper/local_setup.bash
[0.253s] -- Up-to-date symlink: /root/tiago_public_ws/install/pal_robotiq_gripper/share/pal_robotiq_gripper/local_setup.sh
[0.254s] -- Up-to-date symlink: /root/tiago_public_ws/install/pal_robotiq_gripper/share/pal_robotiq_gripper/local_setup.zsh
[0.254s] -- Up-to-date symlink: /root/tiago_public_ws/install/pal_robotiq_gripper/share/pal_robotiq_gripper/local_setup.dsv
[0.254s] -- Symlinking: /root/tiago_public_ws/install/pal_robotiq_gripper/share/pal_robotiq_gripper/package.dsv
[0.257s] -- Up-to-date symlink: /root/tiago_public_ws/install/pal_robotiq_gripper/share/ament_index/resource_index/packages/pal_robotiq_gripper
[0.257s] -- Up-to-date symlink: /root/tiago_public_ws/install/pal_robotiq_gripper/share/pal_robotiq_gripper/cmake/pal_robotiq_gripperConfig.cmake
[0.258s] -- Up-to-date symlink: /root/tiago_public_ws/install/pal_robotiq_gripper/share/pal_robotiq_gripper/cmake/pal_robotiq_gripperConfig-version.cmake
[0.258s] -- Up-to-date symlink: /root/tiago_public_ws/install/pal_robotiq_gripper/share/pal_robotiq_gripper/package.xml
[0.262s] Invoked command in '/root/tiago_public_ws/build/pal_robotiq_gripper' returned '0': AMENT_PREFIX_PATH=/root/tiago_public_ws/install/pal_robotiq_description:/root/tiago_public_ws/install/pal_robotiq_controller_configuration:${AMENT_PREFIX_PATH} CMAKE_PREFIX_PATH=/root/tiago_public_ws/install/pal_robotiq_description:/root/tiago_public_ws/install/pal_robotiq_controller_configuration:/opt/ros/humble /usr/bin/cmake --install /root/tiago_public_ws/build/pal_robotiq_gripper
