[0.698s] Invoking command in '/root/tiago_public_ws/build/tiago_description': AMENT_PREFIX_PATH=/root/tiago_public_ws/install/pmb2_description:/root/tiago_public_ws/install/pal_hey5_description:/root/tiago_public_ws/install/pal_gripper_description:/root/tiago_public_ws/install/urdf_test:/root/tiago_public_ws/install/pal_urdf_utils:/root/tiago_public_ws/install/pal_robotiq_description:/root/tiago_public_ws/install/launch_pal:${AMENT_PREFIX_PATH} CMAKE_PREFIX_PATH=/root/tiago_public_ws/install/pmb2_description:/root/tiago_public_ws/install/pal_hey5_description:/root/tiago_public_ws/install/pal_gripper_description:/root/tiago_public_ws/install/urdf_test:/root/tiago_public_ws/install/pal_urdf_utils:/root/tiago_public_ws/install/pal_robotiq_description:/opt/ros/humble PYTHONPATH=/root/tiago_public_ws/install/pmb2_description/local/lib/python3.10/dist-packages:/root/tiago_public_ws/install/urdf_test/local/lib/python3.10/dist-packages:/root/tiago_public_ws/build/launch_pal:/root/tiago_public_ws/install/launch_pal/lib/python3.10/site-packages:${PYTHONPATH} /usr/bin/cmake --build /root/tiago_public_ws/build/tiago_description -- -j8 -l8
[0.860s] Built target ament_cmake_python_symlink_tiago_description
[1.471s] running egg_info
[1.472s] writing tiago_description.egg-info/PKG-INFO
[1.473s] writing dependency_links to tiago_description.egg-info/dependency_links.txt
[1.473s] writing top-level names to tiago_description.egg-info/top_level.txt
[1.476s] reading manifest file 'tiago_description.egg-info/SOURCES.txt'
[1.481s] writing manifest file 'tiago_description.egg-info/SOURCES.txt'
[1.559s] Built target ament_cmake_python_build_tiago_description_egg
[1.624s] Invoked command in '/root/tiago_public_ws/build/tiago_description' returned '0': AMENT_PREFIX_PATH=/root/tiago_public_ws/install/pmb2_description:/root/tiago_public_ws/install/pal_hey5_description:/root/tiago_public_ws/install/pal_gripper_description:/root/tiago_public_ws/install/urdf_test:/root/tiago_public_ws/install/pal_urdf_utils:/root/tiago_public_ws/install/pal_robotiq_description:/root/tiago_public_ws/install/launch_pal:${AMENT_PREFIX_PATH} CMAKE_PREFIX_PATH=/root/tiago_public_ws/install/pmb2_description:/root/tiago_public_ws/install/pal_hey5_description:/root/tiago_public_ws/install/pal_gripper_description:/root/tiago_public_ws/install/urdf_test:/root/tiago_public_ws/install/pal_urdf_utils:/root/tiago_public_ws/install/pal_robotiq_description:/opt/ros/humble PYTHONPATH=/root/tiago_public_ws/install/pmb2_description/local/lib/python3.10/dist-packages:/root/tiago_public_ws/install/urdf_test/local/lib/python3.10/dist-packages:/root/tiago_public_ws/build/launch_pal:/root/tiago_public_ws/install/launch_pal/lib/python3.10/site-packages:${PYTHONPATH} /usr/bin/cmake --build /root/tiago_public_ws/build/tiago_description -- -j8 -l8
[1.910s] Invoking command in '/root/tiago_public_ws/build/tiago_description': AMENT_PREFIX_PATH=/root/tiago_public_ws/install/pmb2_description:/root/tiago_public_ws/install/pal_hey5_description:/root/tiago_public_ws/install/pal_gripper_description:/root/tiago_public_ws/install/urdf_test:/root/tiago_public_ws/install/pal_urdf_utils:/root/tiago_public_ws/install/pal_robotiq_description:/root/tiago_public_ws/install/launch_pal:${AMENT_PREFIX_PATH} CMAKE_PREFIX_PATH=/root/tiago_public_ws/install/pmb2_description:/root/tiago_public_ws/install/pal_hey5_description:/root/tiago_public_ws/install/pal_gripper_description:/root/tiago_public_ws/install/urdf_test:/root/tiago_public_ws/install/pal_urdf_utils:/root/tiago_public_ws/install/pal_robotiq_description:/opt/ros/humble PYTHONPATH=/root/tiago_public_ws/install/pmb2_description/local/lib/python3.10/dist-packages:/root/tiago_public_ws/install/urdf_test/local/lib/python3.10/dist-packages:/root/tiago_public_ws/build/launch_pal:/root/tiago_public_ws/install/launch_pal/lib/python3.10/site-packages:${PYTHONPATH} /usr/bin/cmake --install /root/tiago_public_ws/build/tiago_description
[1.955s] -- Install configuration: ""
[1.962s] -- Execute custom install script
[1.966s] -- Up-to-date symlink: /root/tiago_public_ws/install/tiago_description/share/tiago_description/environment/pythonpath.sh
[1.966s] -- Up-to-date symlink: /root/tiago_public_ws/install/tiago_description/share/tiago_description/environment/pythonpath.dsv
[1.968s] -- Up-to-date symlink: /root/tiago_public_ws/install/tiago_description/local/lib/python3.10/dist-packages/tiago_description-4.6.0-py3.10.egg-info/PKG-INFO
[1.969s] -- Up-to-date symlink: /root/tiago_public_ws/install/tiago_description/local/lib/python3.10/dist-packages/tiago_description-4.6.0-py3.10.egg-info/SOURCES.txt
[1.970s] -- Up-to-date symlink: /root/tiago_public_ws/install/tiago_description/local/lib/python3.10/dist-packages/tiago_description-4.6.0-py3.10.egg-info/dependency_links.txt
[1.972s] -- Up-to-date symlink: /root/tiago_public_ws/install/tiago_description/local/lib/python3.10/dist-packages/tiago_description-4.6.0-py3.10.egg-info/top_level.txt
[1.974s] -- Up-to-date symlink: /root/tiago_public_ws/install/tiago_description/local/lib/python3.10/dist-packages/tiago_description/__init__.py
[1.975s] -- Up-to-date symlink: /root/tiago_public_ws/install/tiago_description/local/lib/python3.10/dist-packages/tiago_description/launch_arguments.py
[1.976s] -- Up-to-date symlink: /root/tiago_public_ws/install/tiago_description/local/lib/python3.10/dist-packages/tiago_description/tiago_launch_utils.py
[1.981s] -- Up-to-date symlink: /root/tiago_public_ws/install/tiago_description/share/tiago_description/launch/robot_state_publisher.launch.py
[1.982s] -- Up-to-date symlink: /root/tiago_public_ws/install/tiago_description/share/tiago_description/launch/show.launch.py
[1.998s] -- Up-to-date symlink: /root/tiago_public_ws/install/tiago_description/share/tiago_description/meshes/arm/arm_1.stl
[1.998s] -- Up-to-date symlink: /root/tiago_public_ws/install/tiago_description/share/tiago_description/meshes/arm/arm_1_collision.dae
[1.999s] -- Up-to-date symlink: /root/tiago_public_ws/install/tiago_description/share/tiago_description/meshes/arm/arm_1_color.png
[1.999s] -- Up-to-date symlink: /root/tiago_public_ws/install/tiago_description/share/tiago_description/meshes/arm/arm_1_normals.png
[2.000s] -- Up-to-date symlink: /root/tiago_public_ws/install/tiago_description/share/tiago_description/meshes/arm/arm_1_specular.png
[2.001s] -- Up-to-date symlink: /root/tiago_public_ws/install/tiago_description/share/tiago_description/meshes/arm/arm_2.stl
[2.001s] -- Up-to-date symlink: /root/tiago_public_ws/install/tiago_description/share/tiago_description/meshes/arm/arm_2_collision.dae
[2.002s] -- Up-to-date symlink: /root/tiago_public_ws/install/tiago_description/share/tiago_description/meshes/arm/arm_2_color.png
[2.004s] -- Up-to-date symlink: /root/tiago_public_ws/install/tiago_description/share/tiago_description/meshes/arm/arm_2_normals.png
[2.004s] -- Up-to-date symlink: /root/tiago_public_ws/install/tiago_description/share/tiago_description/meshes/arm/arm_2_specular.png
[2.005s] -- Up-to-date symlink: /root/tiago_public_ws/install/tiago_description/share/tiago_description/meshes/arm/arm_3.stl
[2.006s] -- Up-to-date symlink: /root/tiago_public_ws/install/tiago_description/share/tiago_description/meshes/arm/arm_3_collision.dae
[2.007s] -- Up-to-date symlink: /root/tiago_public_ws/install/tiago_description/share/tiago_description/meshes/arm/arm_3_color.png
[2.007s] -- Up-to-date symlink: /root/tiago_public_ws/install/tiago_description/share/tiago_description/meshes/arm/arm_3_normals.png
[2.008s] -- Up-to-date symlink: /root/tiago_public_ws/install/tiago_description/share/tiago_description/meshes/arm/arm_3_specular.png
[2.008s] -- Up-to-date symlink: /root/tiago_public_ws/install/tiago_description/share/tiago_description/meshes/arm/arm_4.stl
[2.009s] -- Up-to-date symlink: /root/tiago_public_ws/install/tiago_description/share/tiago_description/meshes/arm/arm_4_collision.dae
[2.011s] -- Up-to-date symlink: /root/tiago_public_ws/install/tiago_description/share/tiago_description/meshes/arm/arm_4_collision.stl
[2.011s] -- Up-to-date symlink: /root/tiago_public_ws/install/tiago_description/share/tiago_description/meshes/arm/arm_4_color.png
[2.012s] -- Up-to-date symlink: /root/tiago_public_ws/install/tiago_description/share/tiago_description/meshes/arm/arm_4_normals.png
[2.013s] -- Up-to-date symlink: /root/tiago_public_ws/install/tiago_description/share/tiago_description/meshes/arm/arm_4_specular.png
[2.014s] -- Up-to-date symlink: /root/tiago_public_ws/install/tiago_description/share/tiago_description/meshes/arm/arm_5-wrist-2010.stl
[2.015s] -- Up-to-date symlink: /root/tiago_public_ws/install/tiago_description/share/tiago_description/meshes/arm/arm_5-wrist-2017.stl
[2.015s] -- Up-to-date symlink: /root/tiago_public_ws/install/tiago_description/share/tiago_description/meshes/arm/arm_5_collision-wrist-2010.dae
[2.016s] -- Up-to-date symlink: /root/tiago_public_ws/install/tiago_description/share/tiago_description/meshes/arm/arm_5_collision-wrist-2017.dae
[2.017s] -- Up-to-date symlink: /root/tiago_public_ws/install/tiago_description/share/tiago_description/meshes/arm/arm_6-wrist-2010.stl
[2.017s] -- Up-to-date symlink: /root/tiago_public_ws/install/tiago_description/share/tiago_description/meshes/arm/arm_6-wrist-2017.stl
[2.018s] -- Up-to-date symlink: /root/tiago_public_ws/install/tiago_description/share/tiago_description/meshes/arm/arm_6_collision-wrist-2010.dae
[2.019s] -- Up-to-date symlink: /root/tiago_public_ws/install/tiago_description/share/tiago_description/meshes/arm/arm_6_collision-wrist-2017.dae
[2.019s] -- Up-to-date symlink: /root/tiago_public_ws/install/tiago_description/share/tiago_description/meshes/arm/arm_6_color.png
[2.020s] -- Up-to-date symlink: /root/tiago_public_ws/install/tiago_description/share/tiago_description/meshes/arm/arm_6_normals.png
[2.021s] -- Up-to-date symlink: /root/tiago_public_ws/install/tiago_description/share/tiago_description/meshes/arm/arm_6_specular.png
[2.022s] -- Up-to-date symlink: /root/tiago_public_ws/install/tiago_description/share/tiago_description/meshes/head/head_1.stl
[2.023s] -- Up-to-date symlink: /root/tiago_public_ws/install/tiago_description/share/tiago_description/meshes/head/head_1_collision.dae
[2.023s] -- Up-to-date symlink: /root/tiago_public_ws/install/tiago_description/share/tiago_description/meshes/head/head_2.stl
[2.024s] -- Up-to-date symlink: /root/tiago_public_ws/install/tiago_description/share/tiago_description/meshes/head/head_2_collision.dae
[2.027s] -- Up-to-date symlink: /root/tiago_public_ws/install/tiago_description/share/tiago_description/meshes/sensors/xtion_pro_live/xtion_pro_live.dae
[2.028s] -- Up-to-date symlink: /root/tiago_public_ws/install/tiago_description/share/tiago_description/meshes/sensors/xtion_pro_live/xtion_pro_live.png
[2.029s] -- Up-to-date symlink: /root/tiago_public_ws/install/tiago_description/share/tiago_description/meshes/torso/torso_fix.stl
[2.029s] -- Up-to-date symlink: /root/tiago_public_ws/install/tiago_description/share/tiago_description/meshes/torso/torso_lift_collision.dae
[2.030s] -- Up-to-date symlink: /root/tiago_public_ws/install/tiago_description/share/tiago_description/meshes/torso/torso_lift_collision_core.dae
[2.031s] -- Up-to-date symlink: /root/tiago_public_ws/install/tiago_description/share/tiago_description/meshes/torso/torso_lift_collision_neck.dae
[2.031s] -- Up-to-date symlink: /root/tiago_public_ws/install/tiago_description/share/tiago_description/meshes/torso/torso_lift_collision_shoulder.dae
[2.032s] -- Up-to-date symlink: /root/tiago_public_ws/install/tiago_description/share/tiago_description/meshes/torso/torso_lift_with_arm.stl
[2.035s] -- Up-to-date symlink: /root/tiago_public_ws/install/tiago_description/share/tiago_description/meshes/torso/torso_lift_without_arm.stl
[2.037s] -- Up-to-date symlink: /root/tiago_public_ws/install/tiago_description/share/tiago_description/robots/tiago.urdf.xacro
[2.039s] -- Up-to-date symlink: /root/tiago_public_ws/install/tiago_description/share/tiago_description/ros2_control/gazebo_controller_manager_cfg.yaml
[2.039s] -- Up-to-date symlink: /root/tiago_public_ws/install/tiago_description/share/tiago_description/ros2_control/ros2_control.urdf.xacro
[2.040s] -- Up-to-date symlink: /root/tiago_public_ws/install/tiago_description/share/tiago_description/ros2_control/transmissions.urdf.xacro
[2.050s] -- Up-to-date symlink: /root/tiago_public_ws/install/tiago_description/share/tiago_description/urdf/arm/arm.ros2_control.xacro
[2.053s] -- Up-to-date symlink: /root/tiago_public_ws/install/tiago_description/share/tiago_description/urdf/arm/arm.urdf.xacro
[2.053s] -- Up-to-date symlink: /root/tiago_public_ws/install/tiago_description/share/tiago_description/urdf/arm/wrist.ros2_control.xacro
[2.074s] -- Up-to-date symlink: /root/tiago_public_ws/install/tiago_description/share/tiago_description/urdf/arm/wrist.urdf.xacro
[2.074s] -- Up-to-date symlink: /root/tiago_public_ws/install/tiago_description/share/tiago_description/urdf/calibration/calibration_constants.urdf.xacro
[2.074s] -- Up-to-date symlink: /root/tiago_public_ws/install/tiago_description/share/tiago_description/urdf/calibration/extrinsic_camera_calibration_constants.urdf.xacro
[2.074s] -- Up-to-date symlink: /root/tiago_public_ws/install/tiago_description/share/tiago_description/urdf/end_effector/end_effector.urdf.xacro
[2.074s] -- Up-to-date symlink: /root/tiago_public_ws/install/tiago_description/share/tiago_description/urdf/head/head.ros2_control.xacro
[2.074s] -- Up-to-date symlink: /root/tiago_public_ws/install/tiago_description/share/tiago_description/urdf/head/head.urdf.xacro
[2.074s] -- Up-to-date symlink: /root/tiago_public_ws/install/tiago_description/share/tiago_description/urdf/sensors/ftsensor.gazebo.xacro
[2.074s] -- Up-to-date symlink: /root/tiago_public_ws/install/tiago_description/share/tiago_description/urdf/sensors/ftsensor.ros2_control.xacro
[2.075s] -- Up-to-date symlink: /root/tiago_public_ws/install/tiago_description/share/tiago_description/urdf/sensors/ftsensor.urdf.xacro
[2.075s] -- Up-to-date symlink: /root/tiago_public_ws/install/tiago_description/share/tiago_description/urdf/sensors/openni.gazebo.xacro
[2.075s] -- Up-to-date symlink: /root/tiago_public_ws/install/tiago_description/share/tiago_description/urdf/sensors/orbbec_astra.urdf.xacro
[2.075s] -- Up-to-date symlink: /root/tiago_public_ws/install/tiago_description/share/tiago_description/urdf/sensors/xtion_pro_live.urdf.xacro
[2.075s] -- Up-to-date symlink: /root/tiago_public_ws/install/tiago_description/share/tiago_description/urdf/torso/torso.ros2_control.xacro
[2.075s] -- Up-to-date symlink: /root/tiago_public_ws/install/tiago_description/share/tiago_description/urdf/torso/torso.urdf.xacro
[2.075s] -- Up-to-date symlink: /root/tiago_public_ws/install/tiago_description/share/tiago_description/config/tiago.rviz
[2.075s] -- Up-to-date symlink: /root/tiago_public_ws/install/tiago_description/share/tiago_description/config/tiago_configuration.yaml
[2.075s] -- Up-to-date symlink: /root/tiago_public_ws/install/tiago_description/share/tiago_description/config/urdf.rviz
[2.075s] -- Up-to-date symlink: /root/tiago_public_ws/install/tiago_description/share/ament_index/resource_index/package_run_dependencies/tiago_description
[2.076s] -- Up-to-date symlink: /root/tiago_public_ws/install/tiago_description/share/ament_index/resource_index/parent_prefix_path/tiago_description
[2.077s] -- Up-to-date symlink: /root/tiago_public_ws/install/tiago_description/share/tiago_description/environment/ament_prefix_path.sh
[2.078s] -- Up-to-date symlink: /root/tiago_public_ws/install/tiago_description/share/tiago_description/environment/ament_prefix_path.dsv
[2.079s] -- Up-to-date symlink: /root/tiago_public_ws/install/tiago_description/share/tiago_description/environment/path.sh
[2.079s] -- Up-to-date symlink: /root/tiago_public_ws/install/tiago_description/share/tiago_description/environment/path.dsv
[2.080s] -- Up-to-date symlink: /root/tiago_public_ws/install/tiago_description/share/tiago_description/local_setup.bash
[2.083s] -- Up-to-date symlink: /root/tiago_public_ws/install/tiago_description/share/tiago_description/local_setup.sh
[2.083s] -- Up-to-date symlink: /root/tiago_public_ws/install/tiago_description/share/tiago_description/local_setup.zsh
[2.084s] -- Up-to-date symlink: /root/tiago_public_ws/install/tiago_description/share/tiago_description/local_setup.dsv
[2.084s] -- Symlinking: /root/tiago_public_ws/install/tiago_description/share/tiago_description/package.dsv
[2.137s] -- Up-to-date symlink: /root/tiago_public_ws/install/tiago_description/share/ament_index/resource_index/packages/tiago_description
[2.138s] -- Up-to-date symlink: /root/tiago_public_ws/install/tiago_description/share/tiago_description/cmake/tiago_descriptionConfig.cmake
[2.139s] -- Up-to-date symlink: /root/tiago_public_ws/install/tiago_description/share/tiago_description/cmake/tiago_descriptionConfig-version.cmake
[2.140s] -- Up-to-date symlink: /root/tiago_public_ws/install/tiago_description/share/tiago_description/package.xml
[2.238s] Listing '/root/tiago_public_ws/install/tiago_description/local/lib/python3.10/dist-packages/tiago_description'...
[2.250s] Invoked command in '/root/tiago_public_ws/build/tiago_description' returned '0': AMENT_PREFIX_PATH=/root/tiago_public_ws/install/pmb2_description:/root/tiago_public_ws/install/pal_hey5_description:/root/tiago_public_ws/install/pal_gripper_description:/root/tiago_public_ws/install/urdf_test:/root/tiago_public_ws/install/pal_urdf_utils:/root/tiago_public_ws/install/pal_robotiq_description:/root/tiago_public_ws/install/launch_pal:${AMENT_PREFIX_PATH} CMAKE_PREFIX_PATH=/root/tiago_public_ws/install/pmb2_description:/root/tiago_public_ws/install/pal_hey5_description:/root/tiago_public_ws/install/pal_gripper_description:/root/tiago_public_ws/install/urdf_test:/root/tiago_public_ws/install/pal_urdf_utils:/root/tiago_public_ws/install/pal_robotiq_description:/opt/ros/humble PYTHONPATH=/root/tiago_public_ws/install/pmb2_description/local/lib/python3.10/dist-packages:/root/tiago_public_ws/install/urdf_test/local/lib/python3.10/dist-packages:/root/tiago_public_ws/build/launch_pal:/root/tiago_public_ws/install/launch_pal/lib/python3.10/site-packages:${PYTHONPATH} /usr/bin/cmake --install /root/tiago_public_ws/build/tiago_description
