[0.083s] Invoking command in '/root/tiago_public_ws/build/plansys2_bt_example': CMAKE_PREFIX_PATH=/opt/ros/humble /usr/bin/cmake --build /root/tiago_public_ws/build/plansys2_bt_example -- -j8 -l8
[0.228s] [ 12%] Built target plansys2_recharge_bt_node
[0.243s] [ 25%] Built target plansys2_close_gripper_bt_node
[0.251s] [ 37%] Built target plansys2_move_bt_node
[0.265s] [ 50%] Built target assemble_action_node
[0.274s] [ 62%] Built target plansys2_approach_object_bt_node
[0.280s] [ 75%] Built target plansys2_open_gripper_bt_node
[0.287s] [ 87%] Built target assemble_controller_node
[0.300s] [100%] Built target nav2_sim_node
[0.336s] Invoked command in '/root/tiago_public_ws/build/plansys2_bt_example' returned '0': CMAKE_PREFIX_PATH=/opt/ros/humble /usr/bin/cmake --build /root/tiago_public_ws/build/plansys2_bt_example -- -j8 -l8
[0.401s] Invoking command in '/root/tiago_public_ws/build/plansys2_bt_example': CMAKE_PREFIX_PATH=/opt/ros/humble /usr/bin/cmake --install /root/tiago_public_ws/build/plansys2_bt_example
[0.410s] -- Install configuration: ""
[0.411s] -- Execute custom install script
[0.412s] -- Up-to-date symlink: /root/tiago_public_ws/install/plansys2_bt_example/share/plansys2_bt_example/launch/commands
[0.412s] -- Up-to-date symlink: /root/tiago_public_ws/install/plansys2_bt_example/share/plansys2_bt_example/launch/plansys2_bt_example_launch.py
[0.412s] -- Up-to-date symlink: /root/tiago_public_ws/install/plansys2_bt_example/share/plansys2_bt_example/pddl/bt_example.pddl
[0.413s] -- Up-to-date symlink: /root/tiago_public_ws/install/plansys2_bt_example/share/plansys2_bt_example/behavior_trees_xml/move.xml
[0.413s] -- Up-to-date symlink: /root/tiago_public_ws/install/plansys2_bt_example/share/plansys2_bt_example/behavior_trees_xml/recharge.xml
[0.413s] -- Up-to-date symlink: /root/tiago_public_ws/install/plansys2_bt_example/share/plansys2_bt_example/behavior_trees_xml/transport.xml
[0.414s] -- Up-to-date symlink: /root/tiago_public_ws/install/plansys2_bt_example/share/plansys2_bt_example/config/params.yaml
[0.415s] -- Up-to-date symlink: /root/tiago_public_ws/install/plansys2_bt_example/lib/plansys2_bt_example/assemble_action_node
[0.416s] -- Up-to-date symlink: /root/tiago_public_ws/install/plansys2_bt_example/lib/plansys2_bt_example/assemble_controller_node
[0.417s] -- Up-to-date symlink: /root/tiago_public_ws/install/plansys2_bt_example/lib/plansys2_bt_example/nav2_sim_node
[0.417s] -- Up-to-date symlink: /root/tiago_public_ws/install/plansys2_bt_example/lib/libplansys2_recharge_bt_node.so
[0.418s] -- Up-to-date symlink: /root/tiago_public_ws/install/plansys2_bt_example/lib/libplansys2_close_gripper_bt_node.so
[0.418s] -- Up-to-date symlink: /root/tiago_public_ws/install/plansys2_bt_example/lib/libplansys2_open_gripper_bt_node.so
[0.418s] -- Up-to-date symlink: /root/tiago_public_ws/install/plansys2_bt_example/lib/libplansys2_move_bt_node.so
[0.418s] -- Up-to-date symlink: /root/tiago_public_ws/install/plansys2_bt_example/lib/libplansys2_approach_object_bt_node.so
[0.419s] -- Up-to-date symlink: /root/tiago_public_ws/install/plansys2_bt_example/share/ament_index/resource_index/package_run_dependencies/plansys2_bt_example
[0.419s] -- Up-to-date symlink: /root/tiago_public_ws/install/plansys2_bt_example/share/ament_index/resource_index/parent_prefix_path/plansys2_bt_example
[0.420s] -- Up-to-date symlink: /root/tiago_public_ws/install/plansys2_bt_example/share/plansys2_bt_example/environment/ament_prefix_path.sh
[0.420s] -- Up-to-date symlink: /root/tiago_public_ws/install/plansys2_bt_example/share/plansys2_bt_example/environment/ament_prefix_path.dsv
[0.420s] -- Up-to-date symlink: /root/tiago_public_ws/install/plansys2_bt_example/share/plansys2_bt_example/environment/path.sh
[0.422s] -- Up-to-date symlink: /root/tiago_public_ws/install/plansys2_bt_example/share/plansys2_bt_example/environment/path.dsv
[0.423s] -- Up-to-date symlink: /root/tiago_public_ws/install/plansys2_bt_example/share/plansys2_bt_example/local_setup.bash
[0.423s] -- Up-to-date symlink: /root/tiago_public_ws/install/plansys2_bt_example/share/plansys2_bt_example/local_setup.sh
[0.423s] -- Up-to-date symlink: /root/tiago_public_ws/install/plansys2_bt_example/share/plansys2_bt_example/local_setup.zsh
[0.428s] -- Up-to-date symlink: /root/tiago_public_ws/install/plansys2_bt_example/share/plansys2_bt_example/local_setup.dsv
[0.428s] -- Symlinking: /root/tiago_public_ws/install/plansys2_bt_example/share/plansys2_bt_example/package.dsv
[0.432s] -- Up-to-date symlink: /root/tiago_public_ws/install/plansys2_bt_example/share/ament_index/resource_index/packages/plansys2_bt_example
[0.433s] -- Up-to-date symlink: /root/tiago_public_ws/install/plansys2_bt_example/share/plansys2_bt_example/cmake/ament_cmake_export_dependencies-extras.cmake
[0.433s] -- Up-to-date symlink: /root/tiago_public_ws/install/plansys2_bt_example/share/plansys2_bt_example/cmake/plansys2_bt_exampleConfig.cmake
[0.433s] -- Up-to-date symlink: /root/tiago_public_ws/install/plansys2_bt_example/share/plansys2_bt_example/cmake/plansys2_bt_exampleConfig-version.cmake
[0.433s] -- Up-to-date symlink: /root/tiago_public_ws/install/plansys2_bt_example/share/plansys2_bt_example/package.xml
[0.439s] Invoked command in '/root/tiago_public_ws/build/plansys2_bt_example' returned '0': CMAKE_PREFIX_PATH=/opt/ros/humble /usr/bin/cmake --install /root/tiago_public_ws/build/plansys2_bt_example
