[0.086s] Invoking command in '/root/tiago_public_ws/build/plansys2_simple_example': CMAKE_PREFIX_PATH=/opt/ros/humble /usr/bin/cmake --build /root/tiago_public_ws/build/plansys2_simple_example -- -j8 -l8
[0.162s] [ 33%] Built target move_action_node
[0.174s] [ 66%] Built target ask_charge_action_node
[0.201s] [100%] Built target charge_action_node
[0.219s] Invoked command in '/root/tiago_public_ws/build/plansys2_simple_example' returned '0': CMAKE_PREFIX_PATH=/opt/ros/humble /usr/bin/cmake --build /root/tiago_public_ws/build/plansys2_simple_example -- -j8 -l8
[0.276s] Invoking command in '/root/tiago_public_ws/build/plansys2_simple_example': CMAKE_PREFIX_PATH=/opt/ros/humble /usr/bin/cmake --install /root/tiago_public_ws/build/plansys2_simple_example
[0.293s] -- Install configuration: ""
[0.293s] -- Execute custom install script
[0.293s] -- Up-to-date symlink: /root/tiago_public_ws/install/plansys2_simple_example/share/plansys2_simple_example/launch/commands
[0.293s] -- Up-to-date symlink: /root/tiago_public_ws/install/plansys2_simple_example/share/plansys2_simple_example/launch/plansys2_simple_example_launch.py
[0.293s] -- Up-to-date symlink: /root/tiago_public_ws/install/plansys2_simple_example/share/plansys2_simple_example/pddl/simple_example.pddl
[0.293s] -- Up-to-date symlink: /root/tiago_public_ws/install/plansys2_simple_example/lib/plansys2_simple_example/move_action_node
[0.293s] -- Up-to-date symlink: /root/tiago_public_ws/install/plansys2_simple_example/lib/plansys2_simple_example/charge_action_node
[0.293s] -- Up-to-date symlink: /root/tiago_public_ws/install/plansys2_simple_example/lib/plansys2_simple_example/ask_charge_action_node
[0.293s] -- Up-to-date symlink: /root/tiago_public_ws/install/plansys2_simple_example/share/ament_index/resource_index/package_run_dependencies/plansys2_simple_example
[0.294s] -- Up-to-date symlink: /root/tiago_public_ws/install/plansys2_simple_example/share/ament_index/resource_index/parent_prefix_path/plansys2_simple_example
[0.294s] -- Up-to-date symlink: /root/tiago_public_ws/install/plansys2_simple_example/share/plansys2_simple_example/environment/ament_prefix_path.sh
[0.294s] -- Up-to-date symlink: /root/tiago_public_ws/install/plansys2_simple_example/share/plansys2_simple_example/environment/ament_prefix_path.dsv
[0.294s] -- Up-to-date symlink: /root/tiago_public_ws/install/plansys2_simple_example/share/plansys2_simple_example/environment/path.sh
[0.294s] -- Up-to-date symlink: /root/tiago_public_ws/install/plansys2_simple_example/share/plansys2_simple_example/environment/path.dsv
[0.295s] -- Up-to-date symlink: /root/tiago_public_ws/install/plansys2_simple_example/share/plansys2_simple_example/local_setup.bash
[0.295s] -- Up-to-date symlink: /root/tiago_public_ws/install/plansys2_simple_example/share/plansys2_simple_example/local_setup.sh
[0.295s] -- Up-to-date symlink: /root/tiago_public_ws/install/plansys2_simple_example/share/plansys2_simple_example/local_setup.zsh
[0.295s] -- Up-to-date symlink: /root/tiago_public_ws/install/plansys2_simple_example/share/plansys2_simple_example/local_setup.dsv
[0.295s] -- Symlinking: /root/tiago_public_ws/install/plansys2_simple_example/share/plansys2_simple_example/package.dsv
[0.299s] -- Up-to-date symlink: /root/tiago_public_ws/install/plansys2_simple_example/share/ament_index/resource_index/packages/plansys2_simple_example
[0.300s] -- Up-to-date symlink: /root/tiago_public_ws/install/plansys2_simple_example/share/plansys2_simple_example/cmake/ament_cmake_export_dependencies-extras.cmake
[0.300s] -- Up-to-date symlink: /root/tiago_public_ws/install/plansys2_simple_example/share/plansys2_simple_example/cmake/plansys2_simple_exampleConfig.cmake
[0.300s] -- Up-to-date symlink: /root/tiago_public_ws/install/plansys2_simple_example/share/plansys2_simple_example/cmake/plansys2_simple_exampleConfig-version.cmake
[0.300s] -- Up-to-date symlink: /root/tiago_public_ws/install/plansys2_simple_example/share/plansys2_simple_example/package.xml
[0.318s] Invoked command in '/root/tiago_public_ws/build/plansys2_simple_example' returned '0': CMAKE_PREFIX_PATH=/opt/ros/humble /usr/bin/cmake --install /root/tiago_public_ws/build/plansys2_simple_example
