[0.111s] Invoking command in '/root/tiago_public_ws/build/tiago_laser_sensors': CMAKE_PREFIX_PATH=${CMAKE_PREFIX_PATH}:/root/tiago_public_ws/install/launch_pal:/opt/ros/humble /usr/bin/cmake --build /root/tiago_public_ws/build/tiago_laser_sensors -- -j8 -l8
[0.176s] Invoked command in '/root/tiago_public_ws/build/tiago_laser_sensors' returned '0': CMAKE_PREFIX_PATH=${CMAKE_PREFIX_PATH}:/root/tiago_public_ws/install/launch_pal:/opt/ros/humble /usr/bin/cmake --build /root/tiago_public_ws/build/tiago_laser_sensors -- -j8 -l8
[0.247s] Invoking command in '/root/tiago_public_ws/build/tiago_laser_sensors': CMAKE_PREFIX_PATH=${CMAKE_PREFIX_PATH}:/root/tiago_public_ws/install/launch_pal:/opt/ros/humble /usr/bin/cmake --install /root/tiago_public_ws/build/tiago_laser_sensors
[0.260s] -- Install configuration: ""
[0.262s] -- Execute custom install script
[0.266s] -- Up-to-date symlink: /root/tiago_public_ws/install/tiago_laser_sensors/share/tiago_laser_sensors/params/omni_base_laser_pipeline.yaml
[0.266s] -- Up-to-date symlink: /root/tiago_public_ws/install/tiago_laser_sensors/share/tiago_laser_sensors/params/omni_base_laser_pipeline_sim.yaml
[0.267s] -- Up-to-date symlink: /root/tiago_public_ws/install/tiago_laser_sensors/share/tiago_laser_sensors/params/omni_base_laser_pipeline_w_composition.yaml
[0.268s] -- Up-to-date symlink: /root/tiago_public_ws/install/tiago_laser_sensors/share/tiago_laser_sensors/params/pmb2_laser_pipeline.yaml
[0.269s] -- Up-to-date symlink: /root/tiago_public_ws/install/tiago_laser_sensors/share/tiago_laser_sensors/params/pmb2_laser_pipeline_sim.yaml
[0.269s] -- Up-to-date symlink: /root/tiago_public_ws/install/tiago_laser_sensors/share/tiago_laser_sensors/params/pmb2_laser_pipeline_w_composition.yaml
[0.269s] -- Up-to-date symlink: /root/tiago_public_ws/install/tiago_laser_sensors/share/ament_index/resource_index/package_run_dependencies/tiago_laser_sensors
[0.270s] -- Up-to-date symlink: /root/tiago_public_ws/install/tiago_laser_sensors/share/ament_index/resource_index/parent_prefix_path/tiago_laser_sensors
[0.270s] -- Up-to-date symlink: /root/tiago_public_ws/install/tiago_laser_sensors/share/tiago_laser_sensors/environment/ament_prefix_path.sh
[0.270s] -- Up-to-date symlink: /root/tiago_public_ws/install/tiago_laser_sensors/share/tiago_laser_sensors/environment/ament_prefix_path.dsv
[0.271s] -- Up-to-date symlink: /root/tiago_public_ws/install/tiago_laser_sensors/share/tiago_laser_sensors/environment/path.sh
[0.271s] -- Up-to-date symlink: /root/tiago_public_ws/install/tiago_laser_sensors/share/tiago_laser_sensors/environment/path.dsv
[0.271s] -- Up-to-date symlink: /root/tiago_public_ws/install/tiago_laser_sensors/share/tiago_laser_sensors/local_setup.bash
[0.274s] -- Up-to-date symlink: /root/tiago_public_ws/install/tiago_laser_sensors/share/tiago_laser_sensors/local_setup.sh
[0.274s] -- Up-to-date symlink: /root/tiago_public_ws/install/tiago_laser_sensors/share/tiago_laser_sensors/local_setup.zsh
[0.275s] -- Up-to-date symlink: /root/tiago_public_ws/install/tiago_laser_sensors/share/tiago_laser_sensors/local_setup.dsv
[0.275s] -- Symlinking: /root/tiago_public_ws/install/tiago_laser_sensors/share/tiago_laser_sensors/package.dsv
[0.290s] -- Up-to-date symlink: /root/tiago_public_ws/install/tiago_laser_sensors/share/ament_index/resource_index/packages/tiago_laser_sensors
[0.290s] -- Up-to-date symlink: /root/tiago_public_ws/install/tiago_laser_sensors/share/tiago_laser_sensors/cmake/tiago_laser_sensorsConfig.cmake
[0.290s] -- Up-to-date symlink: /root/tiago_public_ws/install/tiago_laser_sensors/share/tiago_laser_sensors/cmake/tiago_laser_sensorsConfig-version.cmake
[0.291s] -- Up-to-date symlink: /root/tiago_public_ws/install/tiago_laser_sensors/share/tiago_laser_sensors/package.xml
[0.323s] Invoked command in '/root/tiago_public_ws/build/tiago_laser_sensors' returned '0': CMAKE_PREFIX_PATH=${CMAKE_PREFIX_PATH}:/root/tiago_public_ws/install/launch_pal:/opt/ros/humble /usr/bin/cmake --install /root/tiago_public_ws/build/tiago_laser_sensors
