[1.912s] Invoking command in '/root/tiago_public_ws/src/launch_pal': PYTHONPATH=/root/tiago_public_ws/build/launch_pal/prefix_override:/usr/lib/python3/dist-packages/colcon_core/task/python/colcon_distutils_commands:/root/tiago_public_ws/install/launch_pal/lib/python3.10/site-packages:${PYTHONPATH} /usr/bin/python3 -W ignore:setup.py install is deprecated setup.py egg_info --egg-base ../../build/launch_pal build --build-base /root/tiago_public_ws/build/launch_pal/build install --record /root/tiago_public_ws/build/launch_pal/install.log --single-version-externally-managed install_data
[2.685s] running egg_info
[2.685s] writing ../../build/launch_pal/launch_pal.egg-info/PKG-INFO
[2.693s] writing dependency_links to ../../build/launch_pal/launch_pal.egg-info/dependency_links.txt
[2.694s] writing entry points to ../../build/launch_pal/launch_pal.egg-info/entry_points.txt
[2.694s] writing requirements to ../../build/launch_pal/launch_pal.egg-info/requires.txt
[2.695s] writing top-level names to ../../build/launch_pal/launch_pal.egg-info/top_level.txt
[2.701s] reading manifest file '../../build/launch_pal/launch_pal.egg-info/SOURCES.txt'
[2.703s] adding license file 'LICENSE'
[2.705s] writing manifest file '../../build/launch_pal/launch_pal.egg-info/SOURCES.txt'
[2.705s] running build
[2.705s] running build_py
[2.706s] running install
[2.707s] running install_lib
[2.714s] running install_data
[2.715s] running install_egg_info
[2.715s] removing '/root/tiago_public_ws/install/launch_pal/lib/python3.10/site-packages/launch_pal-0.1.15-py3.10.egg-info' (and everything under it)
[2.724s] Copying ../../build/launch_pal/launch_pal.egg-info to /root/tiago_public_ws/install/launch_pal/lib/python3.10/site-packages/launch_pal-0.1.15-py3.10.egg-info
[2.730s] running install_scripts
[2.775s] writing list of installed files to '/root/tiago_public_ws/build/launch_pal/install.log'
[2.896s] Invoked command in '/root/tiago_public_ws/src/launch_pal' returned '0': PYTHONPATH=/root/tiago_public_ws/build/launch_pal/prefix_override:/usr/lib/python3/dist-packages/colcon_core/task/python/colcon_distutils_commands:/root/tiago_public_ws/install/launch_pal/lib/python3.10/site-packages:${PYTHONPATH} /usr/bin/python3 -W ignore:setup.py install is deprecated setup.py egg_info --egg-base ../../build/launch_pal build --build-base /root/tiago_public_ws/build/launch_pal/build install --record /root/tiago_public_ws/build/launch_pal/install.log --single-version-externally-managed install_data
