[0.129s] Invoking command in '/root/tiago_public_ws/build/plansys2_patrol_navigation_example': CMAKE_PREFIX_PATH=${CMAKE_PREFIX_PATH}:/root/tiago_public_ws/install/launch_pal:/opt/ros/humble /usr/bin/cmake /root/tiago_public_ws/src/ros2_planning_system_examples/plansys2_patrol_navigation_example -DAMENT_CMAKE_SYMLINK_INSTALL=1 -DCMAKE_INSTALL_PREFIX=/root/tiago_public_ws/install/plansys2_patrol_navigation_example
[0.167s] -- Found ament_cmake: 1.3.10 (/opt/ros/humble/share/ament_cmake/cmake)
[0.589s] -- Override CMake install command with custom implementation using symlinks instead of copying resources
[0.602s] -- Found rclcpp: 16.0.10 (/opt/ros/humble/share/rclcpp/cmake)
[0.841s] -- Found rosidl_generator_c: 3.1.5 (/opt/ros/humble/share/rosidl_generator_c/cmake)
[0.849s] -- Found rosidl_adapter: 3.1.5 (/opt/ros/humble/share/rosidl_adapter/cmake)
[0.862s] -- Found rosidl_generator_cpp: 3.1.5 (/opt/ros/humble/share/rosidl_generator_cpp/cmake)
[0.896s] -- Using all available rosidl_typesupport_c: rosidl_typesupport_fastrtps_c;rosidl_typesupport_introspection_c
[0.929s] -- Using all available rosidl_typesupport_cpp: rosidl_typesupport_fastrtps_cpp;rosidl_typesupport_introspection_cpp
[1.011s] -- Found rmw_implementation_cmake: 6.1.2 (/opt/ros/humble/share/rmw_implementation_cmake/cmake)
[1.022s] -- Found rmw_fastrtps_cpp: 6.2.7 (/opt/ros/humble/share/rmw_fastrtps_cpp/cmake)
[7.874s] -- Using RMW implementation 'rmw_fastrtps_cpp' as default
[7.989s] -- Found rclcpp_action: 16.0.10 (/opt/ros/humble/share/rclcpp_action/cmake)
[8.076s] -- Found plansys2_msgs: 2.0.9 (/opt/ros/humble/share/plansys2_msgs/cmake)
[8.145s] -- Found geometry_msgs: 4.2.4 (/opt/ros/humble/share/geometry_msgs/cmake)
[8.187s] -- Found nav2_msgs: 1.1.16 (/opt/ros/humble/share/nav2_msgs/cmake)
[8.338s] -- Found plansys2_domain_expert: 2.0.9 (/opt/ros/humble/share/plansys2_domain_expert/cmake)
[12.400s] -- Found plansys2_executor: 2.0.9 (/opt/ros/humble/share/plansys2_executor/cmake)
[17.569s] -- Found ament_lint_auto: 0.12.11 (/opt/ros/humble/share/ament_lint_auto/cmake)
[18.347s] -- Added test 'copyright' to check source files copyright and LICENSE
[18.370s] -- Added test 'cppcheck' to perform static code analysis on C / C++ code
[18.372s] -- Configured cppcheck include dirs: 
[18.372s] -- Configured cppcheck exclude dirs and/or files: 
[18.385s] -- Added test 'cpplint' to check C / C++ code against the Google style
[18.385s] -- Configured cpplint exclude dirs and/or files: 
[18.387s] -- Added test 'flake8' to check Python code syntax and style conventions
[18.400s] -- Added test 'lint_cmake' to check CMake code style
[18.419s] -- Added test 'pep257' to check Python code against some of the docstring style conventions in PEP 257
[18.420s] -- Added test 'uncrustify' to check C / C++ code style
[18.420s] -- Configured uncrustify additional arguments: 
[18.459s] -- Added test 'xmllint' to check XML markup files
[18.469s] -- Configuring done
[18.727s] -- Generating done
[18.733s] -- Build files have been written to: /root/tiago_public_ws/build/plansys2_patrol_navigation_example
