[0.034s] Invoking command in '/root/tiago_public_ws/build/pmb2_laser_sensors': CMAKE_PREFIX_PATH=/opt/ros/humble /usr/bin/cmake --build /root/tiago_public_ws/build/pmb2_laser_sensors -- -j8 -l8
[0.084s] Invoked command in '/root/tiago_public_ws/build/pmb2_laser_sensors' returned '0': CMAKE_PREFIX_PATH=/opt/ros/humble /usr/bin/cmake --build /root/tiago_public_ws/build/pmb2_laser_sensors -- -j8 -l8
[0.118s] Invoking command in '/root/tiago_public_ws/build/pmb2_laser_sensors': CMAKE_PREFIX_PATH=/opt/ros/humble /usr/bin/cmake --install /root/tiago_public_ws/build/pmb2_laser_sensors
[0.185s] -- Install configuration: ""
[0.185s] -- Execute custom install script
[0.185s] -- Up-to-date symlink: /root/tiago_public_ws/install/pmb2_laser_sensors/share/pmb2_laser_sensors/params/laser_pipeline.yaml
[0.185s] -- Up-to-date symlink: /root/tiago_public_ws/install/pmb2_laser_sensors/share/pmb2_laser_sensors/params/laser_pipeline_sim.yaml
[0.185s] -- Up-to-date symlink: /root/tiago_public_ws/install/pmb2_laser_sensors/share/pmb2_laser_sensors/params/laser_pipeline_w_composition.yaml
[0.185s] -- Up-to-date symlink: /root/tiago_public_ws/install/pmb2_laser_sensors/share/ament_index/resource_index/package_run_dependencies/pmb2_laser_sensors
[0.185s] -- Up-to-date symlink: /root/tiago_public_ws/install/pmb2_laser_sensors/share/ament_index/resource_index/parent_prefix_path/pmb2_laser_sensors
[0.185s] -- Up-to-date symlink: /root/tiago_public_ws/install/pmb2_laser_sensors/share/pmb2_laser_sensors/environment/ament_prefix_path.sh
[0.186s] -- Up-to-date symlink: /root/tiago_public_ws/install/pmb2_laser_sensors/share/pmb2_laser_sensors/environment/ament_prefix_path.dsv
[0.186s] -- Up-to-date symlink: /root/tiago_public_ws/install/pmb2_laser_sensors/share/pmb2_laser_sensors/environment/path.sh
[0.186s] -- Up-to-date symlink: /root/tiago_public_ws/install/pmb2_laser_sensors/share/pmb2_laser_sensors/environment/path.dsv
[0.186s] -- Up-to-date symlink: /root/tiago_public_ws/install/pmb2_laser_sensors/share/pmb2_laser_sensors/local_setup.bash
[0.186s] -- Up-to-date symlink: /root/tiago_public_ws/install/pmb2_laser_sensors/share/pmb2_laser_sensors/local_setup.sh
[0.186s] -- Up-to-date symlink: /root/tiago_public_ws/install/pmb2_laser_sensors/share/pmb2_laser_sensors/local_setup.zsh
[0.186s] -- Up-to-date symlink: /root/tiago_public_ws/install/pmb2_laser_sensors/share/pmb2_laser_sensors/local_setup.dsv
[0.187s] -- Symlinking: /root/tiago_public_ws/install/pmb2_laser_sensors/share/pmb2_laser_sensors/package.dsv
[0.199s] -- Up-to-date symlink: /root/tiago_public_ws/install/pmb2_laser_sensors/share/ament_index/resource_index/packages/pmb2_laser_sensors
[0.199s] -- Up-to-date symlink: /root/tiago_public_ws/install/pmb2_laser_sensors/share/pmb2_laser_sensors/cmake/pmb2_laser_sensorsConfig.cmake
[0.199s] -- Up-to-date symlink: /root/tiago_public_ws/install/pmb2_laser_sensors/share/pmb2_laser_sensors/cmake/pmb2_laser_sensorsConfig-version.cmake
[0.201s] -- Up-to-date symlink: /root/tiago_public_ws/install/pmb2_laser_sensors/share/pmb2_laser_sensors/package.xml
[0.241s] Invoked command in '/root/tiago_public_ws/build/pmb2_laser_sensors' returned '0': CMAKE_PREFIX_PATH=/opt/ros/humble /usr/bin/cmake --install /root/tiago_public_ws/build/pmb2_laser_sensors
