[0.670s] Invoking command in '/root/tiago_public_ws/build/tiago_gazebo': AMENT_PREFIX_PATH=/root/tiago_public_ws/install/tiago_moveit_config:/root/tiago_public_ws/install/tiago_bringup:/root/tiago_public_ws/install/tiago_2dnav:/root/tiago_public_ws/install/tiago_description:/root/tiago_public_ws/install/tiago_controller_configuration:/root/tiago_public_ws/install/pmb2_description:/root/tiago_public_ws/install/pmb2_controller_configuration:/root/tiago_public_ws/install/play_motion2:/root/tiago_public_ws/install/pal_hey5_description:/root/tiago_public_ws/install/pal_gripper_description:/root/tiago_public_ws/install/urdf_test:/root/tiago_public_ws/install/tiago_laser_sensors:/root/tiago_public_ws/install/play_motion2_msgs:/root/tiago_public_ws/install/pal_urdf_utils:/root/tiago_public_ws/install/pal_robotiq_description:/root/tiago_public_ws/install/pal_robotiq_controller_configuration:/root/tiago_public_ws/install/pal_hey5_controller_configuration:/root/tiago_public_ws/install/pal_gripper_controller_configuration:/root/tiago_public_ws/install/pal_gazebo_worlds:/root/tiago_public_ws/install/launch_pal:${AMENT_PREFIX_PATH} CMAKE_PREFIX_PATH=/root/tiago_public_ws/install/tiago_moveit_config:/root/tiago_public_ws/install/tiago_bringup:/root/tiago_public_ws/install/tiago_2dnav:/root/tiago_public_ws/install/tiago_description:/root/tiago_public_ws/install/tiago_controller_configuration:/root/tiago_public_ws/install/pmb2_description:/root/tiago_public_ws/install/pmb2_controller_configuration:/root/tiago_public_ws/install/play_motion2:/root/tiago_public_ws/install/pal_hey5_description:/root/tiago_public_ws/install/pal_gripper_description:/root/tiago_public_ws/install/urdf_test:/root/tiago_public_ws/install/tiago_laser_sensors:/root/tiago_public_ws/install/play_motion2_msgs:/root/tiago_public_ws/install/pal_urdf_utils:/root/tiago_public_ws/install/pal_robotiq_description:/root/tiago_public_ws/install/pal_robotiq_controller_configuration:/root/tiago_public_ws/install/pal_hey5_controller_configuration:/root/tiago_public_ws/install/pal_gripper_controller_configuration:/root/tiago_public_ws/install/pal_gazebo_worlds:/opt/ros/humble LD_LIBRARY_PATH=/root/tiago_public_ws/install/play_motion2/lib:/root/tiago_public_ws/install/play_motion2_msgs/lib:${LD_LIBRARY_PATH} PYTHONPATH=/root/tiago_public_ws/install/tiago_description/local/lib/python3.10/dist-packages:/root/tiago_public_ws/install/pmb2_description/local/lib/python3.10/dist-packages:/root/tiago_public_ws/install/urdf_test/local/lib/python3.10/dist-packages:/root/tiago_public_ws/install/play_motion2_msgs/local/lib/python3.10/dist-packages:/root/tiago_public_ws/build/launch_pal:/root/tiago_public_ws/install/launch_pal/lib/python3.10/site-packages:${PYTHONPATH} /usr/bin/cmake --build /root/tiago_public_ws/build/tiago_gazebo -- -j8 -l8
[0.755s] [  2%] Built target tiago_gazebo__cpp
[0.759s] [ 10%] Built target tiago_gazebo__rosidl_generator_c
[0.769s] [ 16%] Built target gtest_main
[0.769s] [ 21%] Built target gtest
[0.771s] [ 21%] Built target ament_cmake_python_symlink_tiago_gazebo
[0.795s] [ 29%] Built target tiago_gazebo__rosidl_typesupport_fastrtps_cpp
[0.796s] [ 37%] Built target tiago_gazebo__rosidl_typesupport_cpp
[0.801s] [ 45%] Built target tiago_gazebo__rosidl_typesupport_introspection_c
[0.804s] [ 54%] Built target tiago_gazebo__rosidl_typesupport_introspection_cpp
[0.811s] [ 62%] Built target tiago_gazebo__rosidl_typesupport_fastrtps_c
[0.817s] [ 70%] Built target tiago_gazebo__rosidl_typesupport_c
[0.818s] [ 75%] Built target tuck_arm_test
[0.841s] [ 75%] Built target tiago_gazebo
[0.870s] [ 78%] Built target tiago_gazebo__py
[0.897s] [ 83%] Built target tiago_gazebo__rosidl_generator_py
[0.928s] [ 89%] Built target tiago_gazebo__rosidl_typesupport_c__pyext
[0.929s] [ 94%] Built target tiago_gazebo__rosidl_typesupport_fastrtps_c__pyext
[0.929s] [100%] Built target tiago_gazebo__rosidl_typesupport_introspection_c__pyext
[1.165s] running egg_info
[1.166s] writing tiago_gazebo.egg-info/PKG-INFO
[1.166s] writing dependency_links to tiago_gazebo.egg-info/dependency_links.txt
[1.167s] writing top-level names to tiago_gazebo.egg-info/top_level.txt
[1.169s] reading manifest file 'tiago_gazebo.egg-info/SOURCES.txt'
[1.170s] writing manifest file 'tiago_gazebo.egg-info/SOURCES.txt'
[1.198s] [100%] Built target ament_cmake_python_build_tiago_gazebo_egg
[1.208s] Invoked command in '/root/tiago_public_ws/build/tiago_gazebo' returned '0': AMENT_PREFIX_PATH=/root/tiago_public_ws/install/tiago_moveit_config:/root/tiago_public_ws/install/tiago_bringup:/root/tiago_public_ws/install/tiago_2dnav:/root/tiago_public_ws/install/tiago_description:/root/tiago_public_ws/install/tiago_controller_configuration:/root/tiago_public_ws/install/pmb2_description:/root/tiago_public_ws/install/pmb2_controller_configuration:/root/tiago_public_ws/install/play_motion2:/root/tiago_public_ws/install/pal_hey5_description:/root/tiago_public_ws/install/pal_gripper_description:/root/tiago_public_ws/install/urdf_test:/root/tiago_public_ws/install/tiago_laser_sensors:/root/tiago_public_ws/install/play_motion2_msgs:/root/tiago_public_ws/install/pal_urdf_utils:/root/tiago_public_ws/install/pal_robotiq_description:/root/tiago_public_ws/install/pal_robotiq_controller_configuration:/root/tiago_public_ws/install/pal_hey5_controller_configuration:/root/tiago_public_ws/install/pal_gripper_controller_configuration:/root/tiago_public_ws/install/pal_gazebo_worlds:/root/tiago_public_ws/install/launch_pal:${AMENT_PREFIX_PATH} CMAKE_PREFIX_PATH=/root/tiago_public_ws/install/tiago_moveit_config:/root/tiago_public_ws/install/tiago_bringup:/root/tiago_public_ws/install/tiago_2dnav:/root/tiago_public_ws/install/tiago_description:/root/tiago_public_ws/install/tiago_controller_configuration:/root/tiago_public_ws/install/pmb2_description:/root/tiago_public_ws/install/pmb2_controller_configuration:/root/tiago_public_ws/install/play_motion2:/root/tiago_public_ws/install/pal_hey5_description:/root/tiago_public_ws/install/pal_gripper_description:/root/tiago_public_ws/install/urdf_test:/root/tiago_public_ws/install/tiago_laser_sensors:/root/tiago_public_ws/install/play_motion2_msgs:/root/tiago_public_ws/install/pal_urdf_utils:/root/tiago_public_ws/install/pal_robotiq_description:/root/tiago_public_ws/install/pal_robotiq_controller_configuration:/root/tiago_public_ws/install/pal_hey5_controller_configuration:/root/tiago_public_ws/install/pal_gripper_controller_configuration:/root/tiago_public_ws/install/pal_gazebo_worlds:/opt/ros/humble LD_LIBRARY_PATH=/root/tiago_public_ws/install/play_motion2/lib:/root/tiago_public_ws/install/play_motion2_msgs/lib:${LD_LIBRARY_PATH} PYTHONPATH=/root/tiago_public_ws/install/tiago_description/local/lib/python3.10/dist-packages:/root/tiago_public_ws/install/pmb2_description/local/lib/python3.10/dist-packages:/root/tiago_public_ws/install/urdf_test/local/lib/python3.10/dist-packages:/root/tiago_public_ws/install/play_motion2_msgs/local/lib/python3.10/dist-packages:/root/tiago_public_ws/build/launch_pal:/root/tiago_public_ws/install/launch_pal/lib/python3.10/site-packages:${PYTHONPATH} /usr/bin/cmake --build /root/tiago_public_ws/build/tiago_gazebo -- -j8 -l8
[1.272s] Invoking command in '/root/tiago_public_ws/build/tiago_gazebo': AMENT_PREFIX_PATH=/root/tiago_public_ws/install/tiago_moveit_config:/root/tiago_public_ws/install/tiago_bringup:/root/tiago_public_ws/install/tiago_2dnav:/root/tiago_public_ws/install/tiago_description:/root/tiago_public_ws/install/tiago_controller_configuration:/root/tiago_public_ws/install/pmb2_description:/root/tiago_public_ws/install/pmb2_controller_configuration:/root/tiago_public_ws/install/play_motion2:/root/tiago_public_ws/install/pal_hey5_description:/root/tiago_public_ws/install/pal_gripper_description:/root/tiago_public_ws/install/urdf_test:/root/tiago_public_ws/install/tiago_laser_sensors:/root/tiago_public_ws/install/play_motion2_msgs:/root/tiago_public_ws/install/pal_urdf_utils:/root/tiago_public_ws/install/pal_robotiq_description:/root/tiago_public_ws/install/pal_robotiq_controller_configuration:/root/tiago_public_ws/install/pal_hey5_controller_configuration:/root/tiago_public_ws/install/pal_gripper_controller_configuration:/root/tiago_public_ws/install/pal_gazebo_worlds:/root/tiago_public_ws/install/launch_pal:${AMENT_PREFIX_PATH} CMAKE_PREFIX_PATH=/root/tiago_public_ws/install/tiago_moveit_config:/root/tiago_public_ws/install/tiago_bringup:/root/tiago_public_ws/install/tiago_2dnav:/root/tiago_public_ws/install/tiago_description:/root/tiago_public_ws/install/tiago_controller_configuration:/root/tiago_public_ws/install/pmb2_description:/root/tiago_public_ws/install/pmb2_controller_configuration:/root/tiago_public_ws/install/play_motion2:/root/tiago_public_ws/install/pal_hey5_description:/root/tiago_public_ws/install/pal_gripper_description:/root/tiago_public_ws/install/urdf_test:/root/tiago_public_ws/install/tiago_laser_sensors:/root/tiago_public_ws/install/play_motion2_msgs:/root/tiago_public_ws/install/pal_urdf_utils:/root/tiago_public_ws/install/pal_robotiq_description:/root/tiago_public_ws/install/pal_robotiq_controller_configuration:/root/tiago_public_ws/install/pal_hey5_controller_configuration:/root/tiago_public_ws/install/pal_gripper_controller_configuration:/root/tiago_public_ws/install/pal_gazebo_worlds:/opt/ros/humble LD_LIBRARY_PATH=/root/tiago_public_ws/install/play_motion2/lib:/root/tiago_public_ws/install/play_motion2_msgs/lib:${LD_LIBRARY_PATH} PYTHONPATH=/root/tiago_public_ws/install/tiago_description/local/lib/python3.10/dist-packages:/root/tiago_public_ws/install/pmb2_description/local/lib/python3.10/dist-packages:/root/tiago_public_ws/install/urdf_test/local/lib/python3.10/dist-packages:/root/tiago_public_ws/install/play_motion2_msgs/local/lib/python3.10/dist-packages:/root/tiago_public_ws/build/launch_pal:/root/tiago_public_ws/install/launch_pal/lib/python3.10/site-packages:${PYTHONPATH} /usr/bin/cmake --install /root/tiago_public_ws/build/tiago_gazebo
[1.278s] -- Install configuration: ""
[1.279s] -- Execute custom install script
[1.279s] -- Up-to-date symlink: /root/tiago_public_ws/install/tiago_gazebo/share/ament_index/resource_index/rosidl_interfaces/tiago_gazebo
[1.280s] -- Up-to-date symlink: /root/tiago_public_ws/install/tiago_gazebo/include/tiago_gazebo/tiago_gazebo/msg/detail/order__functions.h
[1.280s] -- Up-to-date symlink: /root/tiago_public_ws/install/tiago_gazebo/include/tiago_gazebo/tiago_gazebo/msg/detail/order__struct.h
[1.281s] -- Up-to-date symlink: /root/tiago_public_ws/install/tiago_gazebo/include/tiago_gazebo/tiago_gazebo/msg/detail/order__type_support.h
[1.281s] -- Up-to-date symlink: /root/tiago_public_ws/install/tiago_gazebo/include/tiago_gazebo/tiago_gazebo/msg/order.h
[1.281s] -- Up-to-date symlink: /root/tiago_public_ws/install/tiago_gazebo/include/tiago_gazebo/tiago_gazebo/msg/rosidl_generator_c__visibility_control.h
[1.282s] -- Up-to-date symlink: /root/tiago_public_ws/install/tiago_gazebo/share/tiago_gazebo/environment/library_path.sh
[1.282s] -- Up-to-date symlink: /root/tiago_public_ws/install/tiago_gazebo/share/tiago_gazebo/environment/library_path.dsv
[1.282s] -- Up-to-date symlink: /root/tiago_public_ws/install/tiago_gazebo/include/tiago_gazebo/tiago_gazebo/msg/detail/order__rosidl_typesupport_fastrtps_c.h
[1.283s] -- Up-to-date symlink: /root/tiago_public_ws/install/tiago_gazebo/include/tiago_gazebo/tiago_gazebo/msg/rosidl_typesupport_fastrtps_c__visibility_control.h
[1.283s] -- Up-to-date symlink: /root/tiago_public_ws/install/tiago_gazebo/include/tiago_gazebo/tiago_gazebo/msg/detail/order__rosidl_typesupport_introspection_c.h
[1.284s] -- Up-to-date symlink: /root/tiago_public_ws/install/tiago_gazebo/include/tiago_gazebo/tiago_gazebo/msg/rosidl_typesupport_introspection_c__visibility_control.h
[1.284s] -- Up-to-date symlink: /root/tiago_public_ws/install/tiago_gazebo/include/tiago_gazebo/tiago_gazebo/msg/detail/order__builder.hpp
[1.285s] -- Up-to-date symlink: /root/tiago_public_ws/install/tiago_gazebo/include/tiago_gazebo/tiago_gazebo/msg/detail/order__struct.hpp
[1.285s] -- Up-to-date symlink: /root/tiago_public_ws/install/tiago_gazebo/include/tiago_gazebo/tiago_gazebo/msg/detail/order__traits.hpp
[1.285s] -- Up-to-date symlink: /root/tiago_public_ws/install/tiago_gazebo/include/tiago_gazebo/tiago_gazebo/msg/order.hpp
[1.286s] -- Up-to-date symlink: /root/tiago_public_ws/install/tiago_gazebo/include/tiago_gazebo/tiago_gazebo/msg/detail/order__rosidl_typesupport_fastrtps_cpp.hpp
[1.287s] -- Up-to-date symlink: /root/tiago_public_ws/install/tiago_gazebo/include/tiago_gazebo/tiago_gazebo/msg/rosidl_typesupport_fastrtps_cpp__visibility_control.h
[1.287s] -- Up-to-date symlink: /root/tiago_public_ws/install/tiago_gazebo/include/tiago_gazebo/tiago_gazebo/msg/detail/order__rosidl_typesupport_introspection_cpp.hpp
[1.288s] -- Up-to-date symlink: /root/tiago_public_ws/install/tiago_gazebo/share/tiago_gazebo/environment/pythonpath.sh
[1.288s] -- Up-to-date symlink: /root/tiago_public_ws/install/tiago_gazebo/share/tiago_gazebo/environment/pythonpath.dsv
[1.288s] -- Up-to-date symlink: /root/tiago_public_ws/install/tiago_gazebo/local/lib/python3.10/dist-packages/tiago_gazebo-4.2.0-py3.10.egg-info/PKG-INFO
[1.289s] -- Up-to-date symlink: /root/tiago_public_ws/install/tiago_gazebo/local/lib/python3.10/dist-packages/tiago_gazebo-4.2.0-py3.10.egg-info/SOURCES.txt
[1.289s] -- Up-to-date symlink: /root/tiago_public_ws/install/tiago_gazebo/local/lib/python3.10/dist-packages/tiago_gazebo-4.2.0-py3.10.egg-info/dependency_links.txt
[1.289s] -- Up-to-date symlink: /root/tiago_public_ws/install/tiago_gazebo/local/lib/python3.10/dist-packages/tiago_gazebo-4.2.0-py3.10.egg-info/top_level.txt
[1.290s] -- Up-to-date symlink: /root/tiago_public_ws/install/tiago_gazebo/local/lib/python3.10/dist-packages/tiago_gazebo/__init__.py
[1.290s] -- Up-to-date symlink: /root/tiago_public_ws/install/tiago_gazebo/local/lib/python3.10/dist-packages/tiago_gazebo/_tiago_gazebo_s.ep.rosidl_typesupport_c.c
[1.291s] -- Up-to-date symlink: /root/tiago_public_ws/install/tiago_gazebo/local/lib/python3.10/dist-packages/tiago_gazebo/_tiago_gazebo_s.ep.rosidl_typesupport_fastrtps_c.c
[1.291s] -- Up-to-date symlink: /root/tiago_public_ws/install/tiago_gazebo/local/lib/python3.10/dist-packages/tiago_gazebo/_tiago_gazebo_s.ep.rosidl_typesupport_introspection_c.c
[1.292s] -- Up-to-date symlink: /root/tiago_public_ws/install/tiago_gazebo/local/lib/python3.10/dist-packages/tiago_gazebo/libtiago_gazebo__rosidl_generator_py.so
[1.292s] -- Up-to-date symlink: /root/tiago_public_ws/install/tiago_gazebo/local/lib/python3.10/dist-packages/tiago_gazebo/msg/__init__.py
[1.292s] -- Up-to-date symlink: /root/tiago_public_ws/install/tiago_gazebo/local/lib/python3.10/dist-packages/tiago_gazebo/msg/_order.py
[1.292s] -- Up-to-date symlink: /root/tiago_public_ws/install/tiago_gazebo/local/lib/python3.10/dist-packages/tiago_gazebo/msg/_order_s.c
[1.293s] -- Up-to-date symlink: /root/tiago_public_ws/install/tiago_gazebo/local/lib/python3.10/dist-packages/tiago_gazebo/tiago_gazebo_s__rosidl_typesupport_c.cpython-310-x86_64-linux-gnu.so
[1.293s] -- Up-to-date symlink: /root/tiago_public_ws/install/tiago_gazebo/local/lib/python3.10/dist-packages/tiago_gazebo/tiago_gazebo_s__rosidl_typesupport_fastrtps_c.cpython-310-x86_64-linux-gnu.so
[1.293s] -- Up-to-date symlink: /root/tiago_public_ws/install/tiago_gazebo/local/lib/python3.10/dist-packages/tiago_gazebo/tiago_gazebo_s__rosidl_typesupport_introspection_c.cpython-310-x86_64-linux-gnu.so
[1.294s] -- Up-to-date symlink: /root/tiago_public_ws/install/tiago_gazebo/local/lib/python3.10/dist-packages/tiago_gazebo/tiago_gazebo_s__rosidl_typesupport_fastrtps_c.cpython-310-x86_64-linux-gnu.so
[1.294s] -- Up-to-date symlink: /root/tiago_public_ws/install/tiago_gazebo/local/lib/python3.10/dist-packages/tiago_gazebo/tiago_gazebo_s__rosidl_typesupport_introspection_c.cpython-310-x86_64-linux-gnu.so
[1.295s] -- Up-to-date symlink: /root/tiago_public_ws/install/tiago_gazebo/local/lib/python3.10/dist-packages/tiago_gazebo/tiago_gazebo_s__rosidl_typesupport_c.cpython-310-x86_64-linux-gnu.so
[1.295s] -- Up-to-date symlink: /root/tiago_public_ws/install/tiago_gazebo/share/tiago_gazebo/msg/Order.idl
[1.296s] -- Up-to-date symlink: /root/tiago_public_ws/install/tiago_gazebo/share/tiago_gazebo/msg/Order.msg
[1.296s] -- Up-to-date symlink: /root/tiago_public_ws/install/tiago_gazebo/lib/tiago_gazebo/tuck_arm.py
[1.296s] -- Up-to-date symlink: /root/tiago_public_ws/install/tiago_gazebo/lib/tiago_gazebo/talker.py
[1.296s] -- Up-to-date symlink: /root/tiago_public_ws/install/tiago_gazebo/lib/tiago_gazebo/listener.py
[1.296s] -- Up-to-date symlink: /root/tiago_public_ws/install/tiago_gazebo/lib/tiago_gazebo/generat_markers.py
[1.297s] -- Up-to-date symlink: /root/tiago_public_ws/install/tiago_gazebo/lib/tiago_gazebo/head_control.py
[1.297s] -- Up-to-date symlink: /root/tiago_public_ws/install/tiago_gazebo/lib/tiago_gazebo/prepare_pickup.py
[1.297s] -- Up-to-date symlink: /root/tiago_public_ws/install/tiago_gazebo/lib/tiago_gazebo/our_vision.py
[1.297s] -- Up-to-date symlink: /root/tiago_public_ws/install/tiago_gazebo/lib/tiago_gazebo/vision.py
[1.298s] -- Up-to-date symlink: /root/tiago_public_ws/install/tiago_gazebo/share/tiago_gazebo/test/tuck_arm_test
[1.299s] -- Up-to-date symlink: /root/tiago_public_ws/install/tiago_gazebo/share/tiago_gazebo/launch/.tiago_gazebo.launch.py.swo
[1.299s] -- Up-to-date symlink: /root/tiago_public_ws/install/tiago_gazebo/share/tiago_gazebo/launch/robot_spawn.launch.py
[1.299s] -- Up-to-date symlink: /root/tiago_public_ws/install/tiago_gazebo/share/tiago_gazebo/launch/tiago_cafe.launch.py
[1.299s] -- Up-to-date symlink: /root/tiago_public_ws/install/tiago_gazebo/share/tiago_gazebo/launch/tiago_cafe.launch.py:Zone.Identifier
[1.299s] -- Up-to-date symlink: /root/tiago_public_ws/install/tiago_gazebo/share/tiago_gazebo/launch/tiago_gazebo.launch.py
[1.300s] -- Up-to-date symlink: /root/tiago_public_ws/install/tiago_gazebo/share/ament_index/resource_index/package_run_dependencies/tiago_gazebo
[1.300s] -- Up-to-date symlink: /root/tiago_public_ws/install/tiago_gazebo/share/ament_index/resource_index/parent_prefix_path/tiago_gazebo
[1.300s] -- Up-to-date symlink: /root/tiago_public_ws/install/tiago_gazebo/share/tiago_gazebo/environment/ament_prefix_path.sh
[1.300s] -- Up-to-date symlink: /root/tiago_public_ws/install/tiago_gazebo/share/tiago_gazebo/environment/ament_prefix_path.dsv
[1.301s] -- Up-to-date symlink: /root/tiago_public_ws/install/tiago_gazebo/share/tiago_gazebo/environment/path.sh
[1.301s] -- Up-to-date symlink: /root/tiago_public_ws/install/tiago_gazebo/share/tiago_gazebo/environment/path.dsv
[1.301s] -- Up-to-date symlink: /root/tiago_public_ws/install/tiago_gazebo/share/tiago_gazebo/local_setup.bash
[1.301s] -- Up-to-date symlink: /root/tiago_public_ws/install/tiago_gazebo/share/tiago_gazebo/local_setup.sh
[1.301s] -- Up-to-date symlink: /root/tiago_public_ws/install/tiago_gazebo/share/tiago_gazebo/local_setup.zsh
[1.302s] -- Up-to-date symlink: /root/tiago_public_ws/install/tiago_gazebo/share/tiago_gazebo/local_setup.dsv
[1.302s] -- Symlinking: /root/tiago_public_ws/install/tiago_gazebo/share/tiago_gazebo/package.dsv
[1.313s] -- Up-to-date symlink: /root/tiago_public_ws/install/tiago_gazebo/share/ament_index/resource_index/packages/tiago_gazebo
[1.315s] -- Up-to-date symlink: /root/tiago_public_ws/install/tiago_gazebo/share/tiago_gazebo/cmake/rosidl_cmake-extras.cmake
[1.315s] -- Up-to-date symlink: /root/tiago_public_ws/install/tiago_gazebo/share/tiago_gazebo/cmake/ament_cmake_export_include_directories-extras.cmake
[1.315s] -- Up-to-date symlink: /root/tiago_public_ws/install/tiago_gazebo/share/tiago_gazebo/cmake/ament_cmake_export_libraries-extras.cmake
[1.316s] -- Up-to-date symlink: /root/tiago_public_ws/install/tiago_gazebo/share/tiago_gazebo/cmake/ament_cmake_export_targets-extras.cmake
[1.316s] -- Up-to-date symlink: /root/tiago_public_ws/install/tiago_gazebo/share/tiago_gazebo/cmake/rosidl_cmake_export_typesupport_targets-extras.cmake
[1.316s] -- Up-to-date symlink: /root/tiago_public_ws/install/tiago_gazebo/share/tiago_gazebo/cmake/ament_cmake_export_dependencies-extras.cmake
[1.316s] -- Up-to-date symlink: /root/tiago_public_ws/install/tiago_gazebo/share/tiago_gazebo/cmake/rosidl_cmake_export_typesupport_libraries-extras.cmake
[1.316s] -- Up-to-date symlink: /root/tiago_public_ws/install/tiago_gazebo/share/tiago_gazebo/cmake/tiago_gazeboConfig.cmake
[1.316s] -- Up-to-date symlink: /root/tiago_public_ws/install/tiago_gazebo/share/tiago_gazebo/cmake/tiago_gazeboConfig-version.cmake
[1.316s] -- Up-to-date symlink: /root/tiago_public_ws/install/tiago_gazebo/share/tiago_gazebo/package.xml
[1.316s] -- Up-to-date: /root/tiago_public_ws/install/tiago_gazebo/lib/libtiago_gazebo__rosidl_generator_c.so
[1.317s] -- Up-to-date: /root/tiago_public_ws/install/tiago_gazebo/lib/libtiago_gazebo__rosidl_typesupport_fastrtps_c.so
[1.317s] -- Up-to-date: /root/tiago_public_ws/install/tiago_gazebo/lib/libtiago_gazebo__rosidl_typesupport_introspection_c.so
[1.317s] -- Up-to-date: /root/tiago_public_ws/install/tiago_gazebo/lib/libtiago_gazebo__rosidl_typesupport_c.so
[1.318s] -- Up-to-date: /root/tiago_public_ws/install/tiago_gazebo/lib/libtiago_gazebo__rosidl_typesupport_fastrtps_cpp.so
[1.318s] -- Up-to-date: /root/tiago_public_ws/install/tiago_gazebo/lib/libtiago_gazebo__rosidl_typesupport_introspection_cpp.so
[1.320s] -- Up-to-date: /root/tiago_public_ws/install/tiago_gazebo/lib/libtiago_gazebo__rosidl_typesupport_cpp.so
[1.359s] Listing '/root/tiago_public_ws/install/tiago_gazebo/local/lib/python3.10/dist-packages/tiago_gazebo'...
[1.359s] Listing '/root/tiago_public_ws/install/tiago_gazebo/local/lib/python3.10/dist-packages/tiago_gazebo/msg'...
[1.364s] -- Up-to-date: /root/tiago_public_ws/install/tiago_gazebo/lib/libtiago_gazebo__rosidl_generator_py.so
[1.364s] -- Up-to-date: /root/tiago_public_ws/install/tiago_gazebo/share/tiago_gazebo/cmake/export_tiago_gazebo__rosidl_generator_cExport.cmake
[1.365s] -- Up-to-date: /root/tiago_public_ws/install/tiago_gazebo/share/tiago_gazebo/cmake/export_tiago_gazebo__rosidl_generator_cExport-noconfig.cmake
[1.365s] -- Up-to-date: /root/tiago_public_ws/install/tiago_gazebo/share/tiago_gazebo/cmake/export_tiago_gazebo__rosidl_typesupport_fastrtps_cExport.cmake
[1.365s] -- Up-to-date: /root/tiago_public_ws/install/tiago_gazebo/share/tiago_gazebo/cmake/export_tiago_gazebo__rosidl_typesupport_fastrtps_cExport-noconfig.cmake
[1.366s] -- Up-to-date: /root/tiago_public_ws/install/tiago_gazebo/share/tiago_gazebo/cmake/tiago_gazebo__rosidl_typesupport_introspection_cExport.cmake
[1.366s] -- Up-to-date: /root/tiago_public_ws/install/tiago_gazebo/share/tiago_gazebo/cmake/tiago_gazebo__rosidl_typesupport_introspection_cExport-noconfig.cmake
[1.367s] -- Up-to-date: /root/tiago_public_ws/install/tiago_gazebo/share/tiago_gazebo/cmake/tiago_gazebo__rosidl_typesupport_cExport.cmake
[1.367s] -- Up-to-date: /root/tiago_public_ws/install/tiago_gazebo/share/tiago_gazebo/cmake/tiago_gazebo__rosidl_typesupport_cExport-noconfig.cmake
[1.367s] -- Up-to-date: /root/tiago_public_ws/install/tiago_gazebo/share/tiago_gazebo/cmake/export_tiago_gazebo__rosidl_generator_cppExport.cmake
[1.368s] -- Up-to-date: /root/tiago_public_ws/install/tiago_gazebo/share/tiago_gazebo/cmake/export_tiago_gazebo__rosidl_typesupport_fastrtps_cppExport.cmake
[1.368s] -- Up-to-date: /root/tiago_public_ws/install/tiago_gazebo/share/tiago_gazebo/cmake/export_tiago_gazebo__rosidl_typesupport_fastrtps_cppExport-noconfig.cmake
[1.369s] -- Up-to-date: /root/tiago_public_ws/install/tiago_gazebo/share/tiago_gazebo/cmake/tiago_gazebo__rosidl_typesupport_introspection_cppExport.cmake
[1.369s] -- Up-to-date: /root/tiago_public_ws/install/tiago_gazebo/share/tiago_gazebo/cmake/tiago_gazebo__rosidl_typesupport_introspection_cppExport-noconfig.cmake
[1.370s] -- Up-to-date: /root/tiago_public_ws/install/tiago_gazebo/share/tiago_gazebo/cmake/tiago_gazebo__rosidl_typesupport_cppExport.cmake
[1.370s] -- Up-to-date: /root/tiago_public_ws/install/tiago_gazebo/share/tiago_gazebo/cmake/tiago_gazebo__rosidl_typesupport_cppExport-noconfig.cmake
[1.370s] -- Up-to-date: /root/tiago_public_ws/install/tiago_gazebo/share/tiago_gazebo/cmake/export_tiago_gazebo__rosidl_generator_pyExport.cmake
[1.371s] -- Up-to-date: /root/tiago_public_ws/install/tiago_gazebo/share/tiago_gazebo/cmake/export_tiago_gazebo__rosidl_generator_pyExport-noconfig.cmake
[1.374s] Invoked command in '/root/tiago_public_ws/build/tiago_gazebo' returned '0': AMENT_PREFIX_PATH=/root/tiago_public_ws/install/tiago_moveit_config:/root/tiago_public_ws/install/tiago_bringup:/root/tiago_public_ws/install/tiago_2dnav:/root/tiago_public_ws/install/tiago_description:/root/tiago_public_ws/install/tiago_controller_configuration:/root/tiago_public_ws/install/pmb2_description:/root/tiago_public_ws/install/pmb2_controller_configuration:/root/tiago_public_ws/install/play_motion2:/root/tiago_public_ws/install/pal_hey5_description:/root/tiago_public_ws/install/pal_gripper_description:/root/tiago_public_ws/install/urdf_test:/root/tiago_public_ws/install/tiago_laser_sensors:/root/tiago_public_ws/install/play_motion2_msgs:/root/tiago_public_ws/install/pal_urdf_utils:/root/tiago_public_ws/install/pal_robotiq_description:/root/tiago_public_ws/install/pal_robotiq_controller_configuration:/root/tiago_public_ws/install/pal_hey5_controller_configuration:/root/tiago_public_ws/install/pal_gripper_controller_configuration:/root/tiago_public_ws/install/pal_gazebo_worlds:/root/tiago_public_ws/install/launch_pal:${AMENT_PREFIX_PATH} CMAKE_PREFIX_PATH=/root/tiago_public_ws/install/tiago_moveit_config:/root/tiago_public_ws/install/tiago_bringup:/root/tiago_public_ws/install/tiago_2dnav:/root/tiago_public_ws/install/tiago_description:/root/tiago_public_ws/install/tiago_controller_configuration:/root/tiago_public_ws/install/pmb2_description:/root/tiago_public_ws/install/pmb2_controller_configuration:/root/tiago_public_ws/install/play_motion2:/root/tiago_public_ws/install/pal_hey5_description:/root/tiago_public_ws/install/pal_gripper_description:/root/tiago_public_ws/install/urdf_test:/root/tiago_public_ws/install/tiago_laser_sensors:/root/tiago_public_ws/install/play_motion2_msgs:/root/tiago_public_ws/install/pal_urdf_utils:/root/tiago_public_ws/install/pal_robotiq_description:/root/tiago_public_ws/install/pal_robotiq_controller_configuration:/root/tiago_public_ws/install/pal_hey5_controller_configuration:/root/tiago_public_ws/install/pal_gripper_controller_configuration:/root/tiago_public_ws/install/pal_gazebo_worlds:/opt/ros/humble LD_LIBRARY_PATH=/root/tiago_public_ws/install/play_motion2/lib:/root/tiago_public_ws/install/play_motion2_msgs/lib:${LD_LIBRARY_PATH} PYTHONPATH=/root/tiago_public_ws/install/tiago_description/local/lib/python3.10/dist-packages:/root/tiago_public_ws/install/pmb2_description/local/lib/python3.10/dist-packages:/root/tiago_public_ws/install/urdf_test/local/lib/python3.10/dist-packages:/root/tiago_public_ws/install/play_motion2_msgs/local/lib/python3.10/dist-packages:/root/tiago_public_ws/build/launch_pal:/root/tiago_public_ws/install/launch_pal/lib/python3.10/site-packages:${PYTHONPATH} /usr/bin/cmake --install /root/tiago_public_ws/build/tiago_gazebo
