[0.054s] Invoking command in '/root/tiago_public_ws/build/plansys2_simple_example': CMAKE_PREFIX_PATH=${CMAKE_PREFIX_PATH}:/root/tiago_public_ws/install/launch_pal:/opt/ros/humble /usr/bin/cmake /root/tiago_public_ws/src/ros2_planning_system_examples/plansys2_simple_example -DAMENT_CMAKE_SYMLINK_INSTALL=1 -DCMAKE_INSTALL_PREFIX=/root/tiago_public_ws/install/plansys2_simple_example
[0.089s] -- Found ament_cmake: 1.3.10 (/opt/ros/humble/share/ament_cmake/cmake)
[0.514s] -- Override CMake install command with custom implementation using symlinks instead of copying resources
[0.544s] -- Found rclcpp: 16.0.10 (/opt/ros/humble/share/rclcpp/cmake)
[0.856s] -- Found rosidl_generator_c: 3.1.5 (/opt/ros/humble/share/rosidl_generator_c/cmake)
[0.870s] -- Found rosidl_adapter: 3.1.5 (/opt/ros/humble/share/rosidl_adapter/cmake)
[0.888s] -- Found rosidl_generator_cpp: 3.1.5 (/opt/ros/humble/share/rosidl_generator_cpp/cmake)
[0.914s] -- Using all available rosidl_typesupport_c: rosidl_typesupport_fastrtps_c;rosidl_typesupport_introspection_c
[0.947s] -- Using all available rosidl_typesupport_cpp: rosidl_typesupport_fastrtps_cpp;rosidl_typesupport_introspection_cpp
[1.050s] -- Found rmw_implementation_cmake: 6.1.2 (/opt/ros/humble/share/rmw_implementation_cmake/cmake)
[1.055s] -- Found rmw_fastrtps_cpp: 6.2.7 (/opt/ros/humble/share/rmw_fastrtps_cpp/cmake)
[7.764s] -- Using RMW implementation 'rmw_fastrtps_cpp' as default
[7.891s] -- Found rclcpp_action: 16.0.10 (/opt/ros/humble/share/rclcpp_action/cmake)
[7.978s] -- Found plansys2_msgs: 2.0.9 (/opt/ros/humble/share/plansys2_msgs/cmake)
[8.042s] -- Found plansys2_executor: 2.0.9 (/opt/ros/humble/share/plansys2_executor/cmake)
[12.948s] -- Found ament_lint_auto: 0.12.11 (/opt/ros/humble/share/ament_lint_auto/cmake)
[13.786s] -- Added test 'copyright' to check source files copyright and LICENSE
[13.791s] -- Added test 'cppcheck' to perform static code analysis on C / C++ code
[13.792s] -- Configured cppcheck include dirs: 
[13.800s] -- Configured cppcheck exclude dirs and/or files: 
[13.815s] -- Added test 'cpplint' to check C / C++ code against the Google style
[13.815s] -- Configured cpplint exclude dirs and/or files: 
[13.818s] -- Added test 'flake8' to check Python code syntax and style conventions
[13.820s] -- Added test 'lint_cmake' to check CMake code style
[13.825s] -- Added test 'pep257' to check Python code against some of the docstring style conventions in PEP 257
[13.834s] -- Added test 'uncrustify' to check C / C++ code style
[13.835s] -- Configured uncrustify additional arguments: 
[13.837s] -- Added test 'xmllint' to check XML markup files
[13.872s] -- Configuring done
[14.065s] -- Generating done
[14.076s] -- Build files have been written to: /root/tiago_public_ws/build/plansys2_simple_example
[14.350s] Invoked command in '/root/tiago_public_ws/build/plansys2_simple_example' returned '0': CMAKE_PREFIX_PATH=${CMAKE_PREFIX_PATH}:/root/tiago_public_ws/install/launch_pal:/opt/ros/humble /usr/bin/cmake /root/tiago_public_ws/src/ros2_planning_system_examples/plansys2_simple_example -DAMENT_CMAKE_SYMLINK_INSTALL=1 -DCMAKE_INSTALL_PREFIX=/root/tiago_public_ws/install/plansys2_simple_example
[14.387s] Invoking command in '/root/tiago_public_ws/build/plansys2_simple_example': CMAKE_PREFIX_PATH=${CMAKE_PREFIX_PATH}:/root/tiago_public_ws/install/launch_pal:/opt/ros/humble /usr/bin/cmake --build /root/tiago_public_ws/build/plansys2_simple_example -- -j8 -l8
[14.952s] [ 16%] [32mBuilding CXX object CMakeFiles/charge_action_node.dir/src/charge_action_node.cpp.o[0m
[14.955s] [ 33%] [32mBuilding CXX object CMakeFiles/ask_charge_action_node.dir/src/ask_charge_action_node.cpp.o[0m
[14.981s] [ 50%] [32mBuilding CXX object CMakeFiles/move_action_node.dir/src/move_action_node.cpp.o[0m
[45.564s] [ 66%] [32m[1mLinking CXX executable charge_action_node[0m
[46.137s] [ 66%] Built target charge_action_node
[46.983s] [ 83%] [32m[1mLinking CXX executable move_action_node[0m
[47.441s] [ 83%] Built target move_action_node
[48.031s] [100%] [32m[1mLinking CXX executable ask_charge_action_node[0m
[48.340s] [100%] Built target ask_charge_action_node
