[0.363s] Invoking command in '/root/tiago_public_ws/build/pal_robotiq_description': CMAKE_PREFIX_PATH=/opt/ros/humble /usr/bin/cmake --build /root/tiago_public_ws/build/pal_robotiq_description -- -j8 -l8
[0.457s] Invoked command in '/root/tiago_public_ws/build/pal_robotiq_description' returned '0': CMAKE_PREFIX_PATH=/opt/ros/humble /usr/bin/cmake --build /root/tiago_public_ws/build/pal_robotiq_description -- -j8 -l8
[0.522s] Invoking command in '/root/tiago_public_ws/build/pal_robotiq_description': CMAKE_PREFIX_PATH=/opt/ros/humble /usr/bin/cmake --install /root/tiago_public_ws/build/pal_robotiq_description
[0.550s] -- Install configuration: ""
[0.551s] -- Execute custom install script
[0.554s] -- Up-to-date symlink: /root/tiago_public_ws/install/pal_robotiq_description/share/pal_robotiq_description/meshes/collision/robotiq_140_inner_finger.stl
[0.554s] -- Up-to-date symlink: /root/tiago_public_ws/install/pal_robotiq_description/share/pal_robotiq_description/meshes/collision/robotiq_140_inner_knuckle.stl
[0.554s] -- Up-to-date symlink: /root/tiago_public_ws/install/pal_robotiq_description/share/pal_robotiq_description/meshes/collision/robotiq_140_outer_finger.stl
[0.555s] -- Up-to-date symlink: /root/tiago_public_ws/install/pal_robotiq_description/share/pal_robotiq_description/meshes/collision/robotiq_140_outer_knuckle.stl
[0.556s] -- Up-to-date symlink: /root/tiago_public_ws/install/pal_robotiq_description/share/pal_robotiq_description/meshes/collision/robotiq_85_base_link.stl
[0.556s] -- Up-to-date symlink: /root/tiago_public_ws/install/pal_robotiq_description/share/pal_robotiq_description/meshes/collision/robotiq_85_inner_finger.dae
[0.556s] -- Up-to-date symlink: /root/tiago_public_ws/install/pal_robotiq_description/share/pal_robotiq_description/meshes/collision/robotiq_85_inner_knuckle.dae
[0.557s] -- Up-to-date symlink: /root/tiago_public_ws/install/pal_robotiq_description/share/pal_robotiq_description/meshes/collision/robotiq_85_outer_finger.dae
[0.558s] -- Up-to-date symlink: /root/tiago_public_ws/install/pal_robotiq_description/share/pal_robotiq_description/meshes/collision/robotiq_85_outer_knuckle.dae
[0.560s] -- Up-to-date symlink: /root/tiago_public_ws/install/pal_robotiq_description/share/pal_robotiq_description/meshes/collision/robotiq_base_link.stl
[0.560s] -- Up-to-date symlink: /root/tiago_public_ws/install/pal_robotiq_description/share/pal_robotiq_description/meshes/collision/robotiq_coupling.stl
[0.562s] -- Up-to-date symlink: /root/tiago_public_ws/install/pal_robotiq_description/share/pal_robotiq_description/meshes/visual/pal_robotiq_coupling.stl
[0.562s] -- Up-to-date symlink: /root/tiago_public_ws/install/pal_robotiq_description/share/pal_robotiq_description/meshes/visual/robotiq_140_inner_finger.stl
[0.564s] -- Up-to-date symlink: /root/tiago_public_ws/install/pal_robotiq_description/share/pal_robotiq_description/meshes/visual/robotiq_140_inner_knuckle.stl
[0.564s] -- Up-to-date symlink: /root/tiago_public_ws/install/pal_robotiq_description/share/pal_robotiq_description/meshes/visual/robotiq_140_outer_finger.stl
[0.566s] -- Up-to-date symlink: /root/tiago_public_ws/install/pal_robotiq_description/share/pal_robotiq_description/meshes/visual/robotiq_140_outer_knuckle.stl
[0.569s] -- Up-to-date symlink: /root/tiago_public_ws/install/pal_robotiq_description/share/pal_robotiq_description/meshes/visual/robotiq_85_inner_finger.dae
[0.571s] -- Up-to-date symlink: /root/tiago_public_ws/install/pal_robotiq_description/share/pal_robotiq_description/meshes/visual/robotiq_85_inner_knuckle.dae
[0.573s] -- Up-to-date symlink: /root/tiago_public_ws/install/pal_robotiq_description/share/pal_robotiq_description/meshes/visual/robotiq_85_outer_finger.dae
[0.573s] -- Up-to-date symlink: /root/tiago_public_ws/install/pal_robotiq_description/share/pal_robotiq_description/meshes/visual/robotiq_85_outer_knuckle.dae
[0.573s] -- Up-to-date symlink: /root/tiago_public_ws/install/pal_robotiq_description/share/pal_robotiq_description/meshes/visual/robotiq_85_pad.dae
[0.574s] -- Up-to-date symlink: /root/tiago_public_ws/install/pal_robotiq_description/share/pal_robotiq_description/meshes/visual/robotiq_base_link.stl
[0.574s] -- Up-to-date symlink: /root/tiago_public_ws/install/pal_robotiq_description/share/pal_robotiq_description/meshes/visual/robotiq_coupling.stl
[0.575s] -- Up-to-date symlink: /root/tiago_public_ws/install/pal_robotiq_description/share/pal_robotiq_description/robots/pal_robotiq_2f_140_gripper.urdf.xacro
[0.576s] -- Up-to-date symlink: /root/tiago_public_ws/install/pal_robotiq_description/share/pal_robotiq_description/robots/pal_robotiq_2f_85_gripper.urdf.xacro
[0.576s] -- Up-to-date symlink: /root/tiago_public_ws/install/pal_robotiq_description/share/pal_robotiq_description/robots/pal_robotiq_epick_gripper.urdf.xacro
[0.578s] -- Up-to-date symlink: /root/tiago_public_ws/install/pal_robotiq_description/share/pal_robotiq_description/urdf/grasping_frames.xacro
[0.579s] -- Up-to-date symlink: /root/tiago_public_ws/install/pal_robotiq_description/share/pal_robotiq_description/urdf/robotiq.ros2_control.xacro
[0.579s] -- Up-to-date symlink: /root/tiago_public_ws/install/pal_robotiq_description/share/pal_robotiq_description/urdf/robotiq.transmission.xacro
[0.586s] -- Up-to-date symlink: /root/tiago_public_ws/install/pal_robotiq_description/share/pal_robotiq_description/urdf/robotiq_140_gripper.urdf.xacro
[0.590s] -- Up-to-date symlink: /root/tiago_public_ws/install/pal_robotiq_description/share/pal_robotiq_description/urdf/robotiq_85_gripper.urdf.xacro
[0.590s] -- Up-to-date symlink: /root/tiago_public_ws/install/pal_robotiq_description/share/pal_robotiq_description/launch/robot_state_publisher.launch.py
[0.591s] -- Up-to-date symlink: /root/tiago_public_ws/install/pal_robotiq_description/share/pal_robotiq_description/launch/show.launch.py
[0.591s] -- Up-to-date symlink: /root/tiago_public_ws/install/pal_robotiq_description/share/pal_robotiq_description/config/pal_robotiq_urdf.rviz
[0.591s] -- Up-to-date symlink: /root/tiago_public_ws/install/pal_robotiq_description/share/ament_index/resource_index/package_run_dependencies/pal_robotiq_description
[0.591s] -- Up-to-date symlink: /root/tiago_public_ws/install/pal_robotiq_description/share/ament_index/resource_index/parent_prefix_path/pal_robotiq_description
[0.591s] -- Up-to-date symlink: /root/tiago_public_ws/install/pal_robotiq_description/share/pal_robotiq_description/environment/ament_prefix_path.sh
[0.592s] -- Up-to-date symlink: /root/tiago_public_ws/install/pal_robotiq_description/share/pal_robotiq_description/environment/ament_prefix_path.dsv
[0.593s] -- Up-to-date symlink: /root/tiago_public_ws/install/pal_robotiq_description/share/pal_robotiq_description/environment/path.sh
[0.593s] -- Up-to-date symlink: /root/tiago_public_ws/install/pal_robotiq_description/share/pal_robotiq_description/environment/path.dsv
[0.596s] -- Up-to-date symlink: /root/tiago_public_ws/install/pal_robotiq_description/share/pal_robotiq_description/local_setup.bash
[0.596s] -- Up-to-date symlink: /root/tiago_public_ws/install/pal_robotiq_description/share/pal_robotiq_description/local_setup.sh
[0.597s] -- Up-to-date symlink: /root/tiago_public_ws/install/pal_robotiq_description/share/pal_robotiq_description/local_setup.zsh
[0.597s] -- Up-to-date symlink: /root/tiago_public_ws/install/pal_robotiq_description/share/pal_robotiq_description/local_setup.dsv
[0.597s] -- Symlinking: /root/tiago_public_ws/install/pal_robotiq_description/share/pal_robotiq_description/package.dsv
[0.607s] -- Up-to-date symlink: /root/tiago_public_ws/install/pal_robotiq_description/share/ament_index/resource_index/packages/pal_robotiq_description
[0.607s] -- Up-to-date symlink: /root/tiago_public_ws/install/pal_robotiq_description/share/pal_robotiq_description/cmake/pal_robotiq_descriptionConfig.cmake
[0.608s] -- Up-to-date symlink: /root/tiago_public_ws/install/pal_robotiq_description/share/pal_robotiq_description/cmake/pal_robotiq_descriptionConfig-version.cmake
[0.609s] -- Up-to-date symlink: /root/tiago_public_ws/install/pal_robotiq_description/share/pal_robotiq_description/package.xml
[0.652s] Invoked command in '/root/tiago_public_ws/build/pal_robotiq_description' returned '0': CMAKE_PREFIX_PATH=/opt/ros/humble /usr/bin/cmake --install /root/tiago_public_ws/build/pal_robotiq_description
