[0.579s] Invoking command in '/root/tiago_public_ws/build/pmb2_bringup': AMENT_PREFIX_PATH=/root/tiago_public_ws/install/pmb2_description:/root/tiago_public_ws/install/pmb2_controller_configuration:/root/tiago_public_ws/install/urdf_test:/root/tiago_public_ws/install/pal_urdf_utils:/root/tiago_public_ws/install/launch_pal:${AMENT_PREFIX_PATH} CMAKE_PREFIX_PATH=/root/tiago_public_ws/install/pmb2_description:/root/tiago_public_ws/install/pmb2_controller_configuration:/root/tiago_public_ws/install/urdf_test:/root/tiago_public_ws/install/pal_urdf_utils:/opt/ros/humble PYTHONPATH=/root/tiago_public_ws/install/pmb2_description/local/lib/python3.10/dist-packages:/root/tiago_public_ws/install/urdf_test/local/lib/python3.10/dist-packages:/root/tiago_public_ws/build/launch_pal:/root/tiago_public_ws/install/launch_pal/lib/python3.10/site-packages:${PYTHONPATH} /usr/bin/cmake --build /root/tiago_public_ws/build/pmb2_bringup -- -j8 -l8
[0.678s] Invoked command in '/root/tiago_public_ws/build/pmb2_bringup' returned '0': AMENT_PREFIX_PATH=/root/tiago_public_ws/install/pmb2_description:/root/tiago_public_ws/install/pmb2_controller_configuration:/root/tiago_public_ws/install/urdf_test:/root/tiago_public_ws/install/pal_urdf_utils:/root/tiago_public_ws/install/launch_pal:${AMENT_PREFIX_PATH} CMAKE_PREFIX_PATH=/root/tiago_public_ws/install/pmb2_description:/root/tiago_public_ws/install/pmb2_controller_configuration:/root/tiago_public_ws/install/urdf_test:/root/tiago_public_ws/install/pal_urdf_utils:/opt/ros/humble PYTHONPATH=/root/tiago_public_ws/install/pmb2_description/local/lib/python3.10/dist-packages:/root/tiago_public_ws/install/urdf_test/local/lib/python3.10/dist-packages:/root/tiago_public_ws/build/launch_pal:/root/tiago_public_ws/install/launch_pal/lib/python3.10/site-packages:${PYTHONPATH} /usr/bin/cmake --build /root/tiago_public_ws/build/pmb2_bringup -- -j8 -l8
[0.747s] Invoking command in '/root/tiago_public_ws/build/pmb2_bringup': AMENT_PREFIX_PATH=/root/tiago_public_ws/install/pmb2_description:/root/tiago_public_ws/install/pmb2_controller_configuration:/root/tiago_public_ws/install/urdf_test:/root/tiago_public_ws/install/pal_urdf_utils:/root/tiago_public_ws/install/launch_pal:${AMENT_PREFIX_PATH} CMAKE_PREFIX_PATH=/root/tiago_public_ws/install/pmb2_description:/root/tiago_public_ws/install/pmb2_controller_configuration:/root/tiago_public_ws/install/urdf_test:/root/tiago_public_ws/install/pal_urdf_utils:/opt/ros/humble PYTHONPATH=/root/tiago_public_ws/install/pmb2_description/local/lib/python3.10/dist-packages:/root/tiago_public_ws/install/urdf_test/local/lib/python3.10/dist-packages:/root/tiago_public_ws/build/launch_pal:/root/tiago_public_ws/install/launch_pal/lib/python3.10/site-packages:${PYTHONPATH} /usr/bin/cmake --install /root/tiago_public_ws/build/pmb2_bringup
[0.776s] -- Install configuration: ""
[0.778s] -- Execute custom install script
[0.781s] -- Up-to-date symlink: /root/tiago_public_ws/install/pmb2_bringup/share/pmb2_bringup/config/joy_teleop/joy_config.yaml
[0.782s] -- Up-to-date symlink: /root/tiago_public_ws/install/pmb2_bringup/share/pmb2_bringup/config/joy_teleop/joy_teleop.yaml
[0.783s] -- Up-to-date symlink: /root/tiago_public_ws/install/pmb2_bringup/share/pmb2_bringup/config/twist_mux/joystick.yaml
[0.784s] -- Up-to-date symlink: /root/tiago_public_ws/install/pmb2_bringup/share/pmb2_bringup/config/twist_mux/twist_mux_locks.yaml
[0.784s] -- Up-to-date symlink: /root/tiago_public_ws/install/pmb2_bringup/share/pmb2_bringup/config/twist_mux/twist_mux_topics.yaml
[0.786s] -- Up-to-date symlink: /root/tiago_public_ws/install/pmb2_bringup/share/pmb2_bringup/launch/joystick_teleop.launch.py
[0.787s] -- Up-to-date symlink: /root/tiago_public_ws/install/pmb2_bringup/share/pmb2_bringup/launch/pmb2_bringup.launch.py
[0.788s] -- Up-to-date symlink: /root/tiago_public_ws/install/pmb2_bringup/share/pmb2_bringup/launch/twist_mux.launch.py
[0.789s] -- Up-to-date symlink: /root/tiago_public_ws/install/pmb2_bringup/share/ament_index/resource_index/package_run_dependencies/pmb2_bringup
[0.789s] -- Up-to-date symlink: /root/tiago_public_ws/install/pmb2_bringup/share/ament_index/resource_index/parent_prefix_path/pmb2_bringup
[0.790s] -- Up-to-date symlink: /root/tiago_public_ws/install/pmb2_bringup/share/pmb2_bringup/environment/ament_prefix_path.sh
[0.791s] -- Up-to-date symlink: /root/tiago_public_ws/install/pmb2_bringup/share/pmb2_bringup/environment/ament_prefix_path.dsv
[0.795s] -- Up-to-date symlink: /root/tiago_public_ws/install/pmb2_bringup/share/pmb2_bringup/environment/path.sh
[0.796s] -- Up-to-date symlink: /root/tiago_public_ws/install/pmb2_bringup/share/pmb2_bringup/environment/path.dsv
[0.797s] -- Up-to-date symlink: /root/tiago_public_ws/install/pmb2_bringup/share/pmb2_bringup/local_setup.bash
[0.797s] -- Up-to-date symlink: /root/tiago_public_ws/install/pmb2_bringup/share/pmb2_bringup/local_setup.sh
[0.797s] -- Up-to-date symlink: /root/tiago_public_ws/install/pmb2_bringup/share/pmb2_bringup/local_setup.zsh
[0.798s] -- Up-to-date symlink: /root/tiago_public_ws/install/pmb2_bringup/share/pmb2_bringup/local_setup.dsv
[0.799s] -- Symlinking: /root/tiago_public_ws/install/pmb2_bringup/share/pmb2_bringup/package.dsv
[0.818s] -- Up-to-date symlink: /root/tiago_public_ws/install/pmb2_bringup/share/ament_index/resource_index/packages/pmb2_bringup
[0.826s] -- Up-to-date symlink: /root/tiago_public_ws/install/pmb2_bringup/share/pmb2_bringup/cmake/pmb2_bringupConfig.cmake
[0.837s] -- Up-to-date symlink: /root/tiago_public_ws/install/pmb2_bringup/share/pmb2_bringup/cmake/pmb2_bringupConfig-version.cmake
[0.838s] -- Up-to-date symlink: /root/tiago_public_ws/install/pmb2_bringup/share/pmb2_bringup/package.xml
[0.838s] Invoked command in '/root/tiago_public_ws/build/pmb2_bringup' returned '0': AMENT_PREFIX_PATH=/root/tiago_public_ws/install/pmb2_description:/root/tiago_public_ws/install/pmb2_controller_configuration:/root/tiago_public_ws/install/urdf_test:/root/tiago_public_ws/install/pal_urdf_utils:/root/tiago_public_ws/install/launch_pal:${AMENT_PREFIX_PATH} CMAKE_PREFIX_PATH=/root/tiago_public_ws/install/pmb2_description:/root/tiago_public_ws/install/pmb2_controller_configuration:/root/tiago_public_ws/install/urdf_test:/root/tiago_public_ws/install/pal_urdf_utils:/opt/ros/humble PYTHONPATH=/root/tiago_public_ws/install/pmb2_description/local/lib/python3.10/dist-packages:/root/tiago_public_ws/install/urdf_test/local/lib/python3.10/dist-packages:/root/tiago_public_ws/build/launch_pal:/root/tiago_public_ws/install/launch_pal/lib/python3.10/site-packages:${PYTHONPATH} /usr/bin/cmake --install /root/tiago_public_ws/build/pmb2_bringup
