[0.208s] Invoking command in '/root/tiago_public_ws/build/tiago_description': AMENT_PREFIX_PATH=/root/tiago_public_ws/install/launch_pal:/root/tiago_public_ws/install/urdf_test:/root/tiago_public_ws/install/tiago_simulation:/root/tiago_public_ws/install/tiago_robot:/root/tiago_public_ws/install/tiago_navigation:/root/tiago_public_ws/install/tiago_gazebo:/root/tiago_public_ws/install/tiago_moveit_config:/root/tiago_public_ws/install/tiago_2dnav:/root/tiago_public_ws/install/tiago_laser_sensors:/root/tiago_public_ws/install/tiago_bringup:/root/tiago_public_ws/install/tiago_description:/root/tiago_public_ws/install/tiago_controller_configuration:/root/tiago_public_ws/install/pmb2_robot:/root/tiago_public_ws/install/pmb2_navigation:/root/tiago_public_ws/install/pmb2_2dnav:/root/tiago_public_ws/install/pmb2_laser_sensors:/root/tiago_public_ws/install/pmb2_bringup:/root/tiago_public_ws/install/pmb2_description:/root/tiago_public_ws/install/pmb2_controller_configuration:/root/tiago_public_ws/install/play_motion2:/root/tiago_public_ws/install/play_motion2_msgs:/root/tiago_public_ws/install/pal_hey5:/root/tiago_public_ws/install/pal_hey5_description:/root/tiago_public_ws/install/pal_gripper_simulation:/root/tiago_public_ws/install/pal_gripper:/root/tiago_public_ws/install/pal_gripper_description:/root/tiago_public_ws/install/pal_urdf_utils:/root/tiago_public_ws/install/pal_robotiq_gripper:/root/tiago_public_ws/install/pal_robotiq_description:/root/tiago_public_ws/install/pal_robotiq_controller_configuration:/root/tiago_public_ws/install/pal_navigation_cfg:/root/tiago_public_ws/install/pal_navigation_cfg_bringup:/root/tiago_public_ws/install/pal_navigation_cfg_params:/root/tiago_public_ws/install/pal_hey5_controller_configuration:/root/tiago_public_ws/install/pal_gripper_controller_configuration:/root/tiago_public_ws/install/pal_gazebo_worlds:/opt/ros/humble CMAKE_PREFIX_PATH=/root/tiago_public_ws/install/pmb2_description:/root/tiago_public_ws/install/pal_hey5_description:/root/tiago_public_ws/install/pal_gripper_description:/root/tiago_public_ws/install/urdf_test:/root/tiago_public_ws/install/pal_urdf_utils:/root/tiago_public_ws/install/pal_robotiq_description:/root/tiago_public_ws/install/tiago_simulation:/root/tiago_public_ws/install/tiago_robot:/root/tiago_public_ws/install/tiago_navigation:/root/tiago_public_ws/install/tiago_gazebo:/root/tiago_public_ws/install/tiago_moveit_config:/root/tiago_public_ws/install/tiago_2dnav:/root/tiago_public_ws/install/tiago_laser_sensors:/root/tiago_public_ws/install/tiago_bringup:/root/tiago_public_ws/install/tiago_description:/root/tiago_public_ws/install/tiago_controller_configuration:/root/tiago_public_ws/install/pmb2_robot:/root/tiago_public_ws/install/pmb2_navigation:/root/tiago_public_ws/install/pmb2_2dnav:/root/tiago_public_ws/install/pmb2_laser_sensors:/root/tiago_public_ws/install/pmb2_bringup:/root/tiago_public_ws/install/pmb2_controller_configuration:/root/tiago_public_ws/install/play_motion2:/root/tiago_public_ws/install/play_motion2_msgs:/root/tiago_public_ws/install/pal_hey5:/root/tiago_public_ws/install/pal_gripper_simulation:/root/tiago_public_ws/install/pal_gripper:/root/tiago_public_ws/install/pal_robotiq_gripper:/root/tiago_public_ws/install/pal_robotiq_controller_configuration:/root/tiago_public_ws/install/pal_navigation_cfg:/root/tiago_public_ws/install/pal_navigation_cfg_bringup:/root/tiago_public_ws/install/pal_navigation_cfg_params:/root/tiago_public_ws/install/pal_hey5_controller_configuration:/root/tiago_public_ws/install/pal_gripper_controller_configuration:/root/tiago_public_ws/install/pal_gazebo_worlds:/root/tiago_public_ws/install/launch_pal:/opt/ros/humble PYTHONPATH=/root/tiago_public_ws/build/launch_pal:/root/tiago_public_ws/install/launch_pal/lib/python3.10/site-packages:/root/tiago_public_ws/install/urdf_test/local/lib/python3.10/dist-packages:/root/tiago_public_ws/install/tiago_description/local/lib/python3.10/dist-packages:/root/tiago_public_ws/install/pmb2_description/local/lib/python3.10/dist-packages:/root/tiago_public_ws/install/play_motion2_msgs/local/lib/python3.10/dist-packages:/opt/ros/humble/lib/python3.10/site-packages:/opt/ros/humble/local/lib/python3.10/dist-packages /usr/bin/cmake --build /root/tiago_public_ws/build/tiago_description -- -j8 -l8
[0.247s] Built target ament_cmake_python_symlink_tiago_description
[0.453s] running egg_info
[0.453s] writing tiago_description.egg-info/PKG-INFO
[0.453s] writing dependency_links to tiago_description.egg-info/dependency_links.txt
[0.454s] writing top-level names to tiago_description.egg-info/top_level.txt
[0.456s] reading manifest file 'tiago_description.egg-info/SOURCES.txt'
[0.457s] writing manifest file 'tiago_description.egg-info/SOURCES.txt'
[0.481s] Built target ament_cmake_python_build_tiago_description_egg
[0.491s] Invoked command in '/root/tiago_public_ws/build/tiago_description' returned '0': AMENT_PREFIX_PATH=/root/tiago_public_ws/install/launch_pal:/root/tiago_public_ws/install/urdf_test:/root/tiago_public_ws/install/tiago_simulation:/root/tiago_public_ws/install/tiago_robot:/root/tiago_public_ws/install/tiago_navigation:/root/tiago_public_ws/install/tiago_gazebo:/root/tiago_public_ws/install/tiago_moveit_config:/root/tiago_public_ws/install/tiago_2dnav:/root/tiago_public_ws/install/tiago_laser_sensors:/root/tiago_public_ws/install/tiago_bringup:/root/tiago_public_ws/install/tiago_description:/root/tiago_public_ws/install/tiago_controller_configuration:/root/tiago_public_ws/install/pmb2_robot:/root/tiago_public_ws/install/pmb2_navigation:/root/tiago_public_ws/install/pmb2_2dnav:/root/tiago_public_ws/install/pmb2_laser_sensors:/root/tiago_public_ws/install/pmb2_bringup:/root/tiago_public_ws/install/pmb2_description:/root/tiago_public_ws/install/pmb2_controller_configuration:/root/tiago_public_ws/install/play_motion2:/root/tiago_public_ws/install/play_motion2_msgs:/root/tiago_public_ws/install/pal_hey5:/root/tiago_public_ws/install/pal_hey5_description:/root/tiago_public_ws/install/pal_gripper_simulation:/root/tiago_public_ws/install/pal_gripper:/root/tiago_public_ws/install/pal_gripper_description:/root/tiago_public_ws/install/pal_urdf_utils:/root/tiago_public_ws/install/pal_robotiq_gripper:/root/tiago_public_ws/install/pal_robotiq_description:/root/tiago_public_ws/install/pal_robotiq_controller_configuration:/root/tiago_public_ws/install/pal_navigation_cfg:/root/tiago_public_ws/install/pal_navigation_cfg_bringup:/root/tiago_public_ws/install/pal_navigation_cfg_params:/root/tiago_public_ws/install/pal_hey5_controller_configuration:/root/tiago_public_ws/install/pal_gripper_controller_configuration:/root/tiago_public_ws/install/pal_gazebo_worlds:/opt/ros/humble CMAKE_PREFIX_PATH=/root/tiago_public_ws/install/pmb2_description:/root/tiago_public_ws/install/pal_hey5_description:/root/tiago_public_ws/install/pal_gripper_description:/root/tiago_public_ws/install/urdf_test:/root/tiago_public_ws/install/pal_urdf_utils:/root/tiago_public_ws/install/pal_robotiq_description:/root/tiago_public_ws/install/tiago_simulation:/root/tiago_public_ws/install/tiago_robot:/root/tiago_public_ws/install/tiago_navigation:/root/tiago_public_ws/install/tiago_gazebo:/root/tiago_public_ws/install/tiago_moveit_config:/root/tiago_public_ws/install/tiago_2dnav:/root/tiago_public_ws/install/tiago_laser_sensors:/root/tiago_public_ws/install/tiago_bringup:/root/tiago_public_ws/install/tiago_description:/root/tiago_public_ws/install/tiago_controller_configuration:/root/tiago_public_ws/install/pmb2_robot:/root/tiago_public_ws/install/pmb2_navigation:/root/tiago_public_ws/install/pmb2_2dnav:/root/tiago_public_ws/install/pmb2_laser_sensors:/root/tiago_public_ws/install/pmb2_bringup:/root/tiago_public_ws/install/pmb2_controller_configuration:/root/tiago_public_ws/install/play_motion2:/root/tiago_public_ws/install/play_motion2_msgs:/root/tiago_public_ws/install/pal_hey5:/root/tiago_public_ws/install/pal_gripper_simulation:/root/tiago_public_ws/install/pal_gripper:/root/tiago_public_ws/install/pal_robotiq_gripper:/root/tiago_public_ws/install/pal_robotiq_controller_configuration:/root/tiago_public_ws/install/pal_navigation_cfg:/root/tiago_public_ws/install/pal_navigation_cfg_bringup:/root/tiago_public_ws/install/pal_navigation_cfg_params:/root/tiago_public_ws/install/pal_hey5_controller_configuration:/root/tiago_public_ws/install/pal_gripper_controller_configuration:/root/tiago_public_ws/install/pal_gazebo_worlds:/root/tiago_public_ws/install/launch_pal:/opt/ros/humble PYTHONPATH=/root/tiago_public_ws/build/launch_pal:/root/tiago_public_ws/install/launch_pal/lib/python3.10/site-packages:/root/tiago_public_ws/install/urdf_test/local/lib/python3.10/dist-packages:/root/tiago_public_ws/install/tiago_description/local/lib/python3.10/dist-packages:/root/tiago_public_ws/install/pmb2_description/local/lib/python3.10/dist-packages:/root/tiago_public_ws/install/play_motion2_msgs/local/lib/python3.10/dist-packages:/opt/ros/humble/lib/python3.10/site-packages:/opt/ros/humble/local/lib/python3.10/dist-packages /usr/bin/cmake --build /root/tiago_public_ws/build/tiago_description -- -j8 -l8
[0.513s] Invoking command in '/root/tiago_public_ws/build/tiago_description': AMENT_PREFIX_PATH=/root/tiago_public_ws/install/launch_pal:/root/tiago_public_ws/install/urdf_test:/root/tiago_public_ws/install/tiago_simulation:/root/tiago_public_ws/install/tiago_robot:/root/tiago_public_ws/install/tiago_navigation:/root/tiago_public_ws/install/tiago_gazebo:/root/tiago_public_ws/install/tiago_moveit_config:/root/tiago_public_ws/install/tiago_2dnav:/root/tiago_public_ws/install/tiago_laser_sensors:/root/tiago_public_ws/install/tiago_bringup:/root/tiago_public_ws/install/tiago_description:/root/tiago_public_ws/install/tiago_controller_configuration:/root/tiago_public_ws/install/pmb2_robot:/root/tiago_public_ws/install/pmb2_navigation:/root/tiago_public_ws/install/pmb2_2dnav:/root/tiago_public_ws/install/pmb2_laser_sensors:/root/tiago_public_ws/install/pmb2_bringup:/root/tiago_public_ws/install/pmb2_description:/root/tiago_public_ws/install/pmb2_controller_configuration:/root/tiago_public_ws/install/play_motion2:/root/tiago_public_ws/install/play_motion2_msgs:/root/tiago_public_ws/install/pal_hey5:/root/tiago_public_ws/install/pal_hey5_description:/root/tiago_public_ws/install/pal_gripper_simulation:/root/tiago_public_ws/install/pal_gripper:/root/tiago_public_ws/install/pal_gripper_description:/root/tiago_public_ws/install/pal_urdf_utils:/root/tiago_public_ws/install/pal_robotiq_gripper:/root/tiago_public_ws/install/pal_robotiq_description:/root/tiago_public_ws/install/pal_robotiq_controller_configuration:/root/tiago_public_ws/install/pal_navigation_cfg:/root/tiago_public_ws/install/pal_navigation_cfg_bringup:/root/tiago_public_ws/install/pal_navigation_cfg_params:/root/tiago_public_ws/install/pal_hey5_controller_configuration:/root/tiago_public_ws/install/pal_gripper_controller_configuration:/root/tiago_public_ws/install/pal_gazebo_worlds:/opt/ros/humble CMAKE_PREFIX_PATH=/root/tiago_public_ws/install/pmb2_description:/root/tiago_public_ws/install/pal_hey5_description:/root/tiago_public_ws/install/pal_gripper_description:/root/tiago_public_ws/install/urdf_test:/root/tiago_public_ws/install/pal_urdf_utils:/root/tiago_public_ws/install/pal_robotiq_description:/root/tiago_public_ws/install/tiago_simulation:/root/tiago_public_ws/install/tiago_robot:/root/tiago_public_ws/install/tiago_navigation:/root/tiago_public_ws/install/tiago_gazebo:/root/tiago_public_ws/install/tiago_moveit_config:/root/tiago_public_ws/install/tiago_2dnav:/root/tiago_public_ws/install/tiago_laser_sensors:/root/tiago_public_ws/install/tiago_bringup:/root/tiago_public_ws/install/tiago_description:/root/tiago_public_ws/install/tiago_controller_configuration:/root/tiago_public_ws/install/pmb2_robot:/root/tiago_public_ws/install/pmb2_navigation:/root/tiago_public_ws/install/pmb2_2dnav:/root/tiago_public_ws/install/pmb2_laser_sensors:/root/tiago_public_ws/install/pmb2_bringup:/root/tiago_public_ws/install/pmb2_controller_configuration:/root/tiago_public_ws/install/play_motion2:/root/tiago_public_ws/install/play_motion2_msgs:/root/tiago_public_ws/install/pal_hey5:/root/tiago_public_ws/install/pal_gripper_simulation:/root/tiago_public_ws/install/pal_gripper:/root/tiago_public_ws/install/pal_robotiq_gripper:/root/tiago_public_ws/install/pal_robotiq_controller_configuration:/root/tiago_public_ws/install/pal_navigation_cfg:/root/tiago_public_ws/install/pal_navigation_cfg_bringup:/root/tiago_public_ws/install/pal_navigation_cfg_params:/root/tiago_public_ws/install/pal_hey5_controller_configuration:/root/tiago_public_ws/install/pal_gripper_controller_configuration:/root/tiago_public_ws/install/pal_gazebo_worlds:/root/tiago_public_ws/install/launch_pal:/opt/ros/humble PYTHONPATH=/root/tiago_public_ws/build/launch_pal:/root/tiago_public_ws/install/launch_pal/lib/python3.10/site-packages:/root/tiago_public_ws/install/urdf_test/local/lib/python3.10/dist-packages:/root/tiago_public_ws/install/tiago_description/local/lib/python3.10/dist-packages:/root/tiago_public_ws/install/pmb2_description/local/lib/python3.10/dist-packages:/root/tiago_public_ws/install/play_motion2_msgs/local/lib/python3.10/dist-packages:/opt/ros/humble/lib/python3.10/site-packages:/opt/ros/humble/local/lib/python3.10/dist-packages /usr/bin/cmake --install /root/tiago_public_ws/build/tiago_description
[0.518s] -- Install configuration: ""
[0.519s] -- Execute custom install script
[0.520s] -- Up-to-date symlink: /root/tiago_public_ws/install/tiago_description/share/tiago_description/environment/pythonpath.sh
[0.520s] -- Up-to-date symlink: /root/tiago_public_ws/install/tiago_description/share/tiago_description/environment/pythonpath.dsv
[0.520s] -- Up-to-date symlink: /root/tiago_public_ws/install/tiago_description/local/lib/python3.10/dist-packages/tiago_description-4.6.0-py3.10.egg-info/PKG-INFO
[0.521s] -- Up-to-date symlink: /root/tiago_public_ws/install/tiago_description/local/lib/python3.10/dist-packages/tiago_description-4.6.0-py3.10.egg-info/SOURCES.txt
[0.521s] -- Up-to-date symlink: /root/tiago_public_ws/install/tiago_description/local/lib/python3.10/dist-packages/tiago_description-4.6.0-py3.10.egg-info/dependency_links.txt
[0.522s] -- Up-to-date symlink: /root/tiago_public_ws/install/tiago_description/local/lib/python3.10/dist-packages/tiago_description-4.6.0-py3.10.egg-info/top_level.txt
[0.523s] -- Up-to-date symlink: /root/tiago_public_ws/install/tiago_description/local/lib/python3.10/dist-packages/tiago_description/__init__.py
[0.523s] -- Up-to-date symlink: /root/tiago_public_ws/install/tiago_description/local/lib/python3.10/dist-packages/tiago_description/launch_arguments.py
[0.523s] -- Up-to-date symlink: /root/tiago_public_ws/install/tiago_description/local/lib/python3.10/dist-packages/tiago_description/tiago_launch_utils.py
[0.525s] -- Up-to-date symlink: /root/tiago_public_ws/install/tiago_description/share/tiago_description/launch/robot_state_publisher.launch.py
[0.526s] -- Up-to-date symlink: /root/tiago_public_ws/install/tiago_description/share/tiago_description/launch/show.launch.py
[0.529s] -- Up-to-date symlink: /root/tiago_public_ws/install/tiago_description/share/tiago_description/meshes/arm/arm_1.stl
[0.531s] -- Up-to-date symlink: /root/tiago_public_ws/install/tiago_description/share/tiago_description/meshes/arm/arm_1_collision.dae
[0.531s] -- Up-to-date symlink: /root/tiago_public_ws/install/tiago_description/share/tiago_description/meshes/arm/arm_1_color.png
[0.531s] -- Up-to-date symlink: /root/tiago_public_ws/install/tiago_description/share/tiago_description/meshes/arm/arm_1_normals.png
[0.532s] -- Up-to-date symlink: /root/tiago_public_ws/install/tiago_description/share/tiago_description/meshes/arm/arm_1_specular.png
[0.532s] -- Up-to-date symlink: /root/tiago_public_ws/install/tiago_description/share/tiago_description/meshes/arm/arm_2.stl
[0.533s] -- Up-to-date symlink: /root/tiago_public_ws/install/tiago_description/share/tiago_description/meshes/arm/arm_2_collision.dae
[0.533s] -- Up-to-date symlink: /root/tiago_public_ws/install/tiago_description/share/tiago_description/meshes/arm/arm_2_color.png
[0.533s] -- Up-to-date symlink: /root/tiago_public_ws/install/tiago_description/share/tiago_description/meshes/arm/arm_2_normals.png
[0.534s] -- Up-to-date symlink: /root/tiago_public_ws/install/tiago_description/share/tiago_description/meshes/arm/arm_2_specular.png
[0.534s] -- Up-to-date symlink: /root/tiago_public_ws/install/tiago_description/share/tiago_description/meshes/arm/arm_3.stl
[0.534s] -- Up-to-date symlink: /root/tiago_public_ws/install/tiago_description/share/tiago_description/meshes/arm/arm_3_collision.dae
[0.535s] -- Up-to-date symlink: /root/tiago_public_ws/install/tiago_description/share/tiago_description/meshes/arm/arm_3_color.png
[0.535s] -- Up-to-date symlink: /root/tiago_public_ws/install/tiago_description/share/tiago_description/meshes/arm/arm_3_normals.png
[0.536s] -- Up-to-date symlink: /root/tiago_public_ws/install/tiago_description/share/tiago_description/meshes/arm/arm_3_specular.png
[0.536s] -- Up-to-date symlink: /root/tiago_public_ws/install/tiago_description/share/tiago_description/meshes/arm/arm_4.stl
[0.536s] -- Up-to-date symlink: /root/tiago_public_ws/install/tiago_description/share/tiago_description/meshes/arm/arm_4_collision.dae
[0.536s] -- Up-to-date symlink: /root/tiago_public_ws/install/tiago_description/share/tiago_description/meshes/arm/arm_4_collision.stl
[0.536s] -- Up-to-date symlink: /root/tiago_public_ws/install/tiago_description/share/tiago_description/meshes/arm/arm_4_color.png
[0.537s] -- Up-to-date symlink: /root/tiago_public_ws/install/tiago_description/share/tiago_description/meshes/arm/arm_4_normals.png
[0.537s] -- Up-to-date symlink: /root/tiago_public_ws/install/tiago_description/share/tiago_description/meshes/arm/arm_4_specular.png
[0.537s] -- Up-to-date symlink: /root/tiago_public_ws/install/tiago_description/share/tiago_description/meshes/arm/arm_5-wrist-2010.stl
[0.537s] -- Up-to-date symlink: /root/tiago_public_ws/install/tiago_description/share/tiago_description/meshes/arm/arm_5-wrist-2017.stl
[0.538s] -- Up-to-date symlink: /root/tiago_public_ws/install/tiago_description/share/tiago_description/meshes/arm/arm_5_collision-wrist-2010.dae
[0.538s] -- Up-to-date symlink: /root/tiago_public_ws/install/tiago_description/share/tiago_description/meshes/arm/arm_5_collision-wrist-2017.dae
[0.538s] -- Up-to-date symlink: /root/tiago_public_ws/install/tiago_description/share/tiago_description/meshes/arm/arm_6-wrist-2010.stl
[0.538s] -- Up-to-date symlink: /root/tiago_public_ws/install/tiago_description/share/tiago_description/meshes/arm/arm_6-wrist-2017.stl
[0.539s] -- Up-to-date symlink: /root/tiago_public_ws/install/tiago_description/share/tiago_description/meshes/arm/arm_6_collision-wrist-2010.dae
[0.539s] -- Up-to-date symlink: /root/tiago_public_ws/install/tiago_description/share/tiago_description/meshes/arm/arm_6_collision-wrist-2017.dae
[0.539s] -- Up-to-date symlink: /root/tiago_public_ws/install/tiago_description/share/tiago_description/meshes/arm/arm_6_color.png
[0.539s] -- Up-to-date symlink: /root/tiago_public_ws/install/tiago_description/share/tiago_description/meshes/arm/arm_6_normals.png
[0.539s] -- Up-to-date symlink: /root/tiago_public_ws/install/tiago_description/share/tiago_description/meshes/arm/arm_6_specular.png
[0.540s] -- Up-to-date symlink: /root/tiago_public_ws/install/tiago_description/share/tiago_description/meshes/head/head_1.stl
[0.540s] -- Up-to-date symlink: /root/tiago_public_ws/install/tiago_description/share/tiago_description/meshes/head/head_1_collision.dae
[0.540s] -- Up-to-date symlink: /root/tiago_public_ws/install/tiago_description/share/tiago_description/meshes/head/head_2.stl
[0.540s] -- Up-to-date symlink: /root/tiago_public_ws/install/tiago_description/share/tiago_description/meshes/head/head_2_collision.dae
[0.540s] -- Up-to-date symlink: /root/tiago_public_ws/install/tiago_description/share/tiago_description/meshes/sensors/xtion_pro_live/xtion_pro_live.dae
[0.541s] -- Up-to-date symlink: /root/tiago_public_ws/install/tiago_description/share/tiago_description/meshes/sensors/xtion_pro_live/xtion_pro_live.png
[0.541s] -- Up-to-date symlink: /root/tiago_public_ws/install/tiago_description/share/tiago_description/meshes/torso/torso_fix.stl
[0.541s] -- Up-to-date symlink: /root/tiago_public_ws/install/tiago_description/share/tiago_description/meshes/torso/torso_lift_collision.dae
[0.541s] -- Up-to-date symlink: /root/tiago_public_ws/install/tiago_description/share/tiago_description/meshes/torso/torso_lift_collision_core.dae
[0.542s] -- Up-to-date symlink: /root/tiago_public_ws/install/tiago_description/share/tiago_description/meshes/torso/torso_lift_collision_neck.dae
[0.542s] -- Up-to-date symlink: /root/tiago_public_ws/install/tiago_description/share/tiago_description/meshes/torso/torso_lift_collision_shoulder.dae
[0.542s] -- Up-to-date symlink: /root/tiago_public_ws/install/tiago_description/share/tiago_description/meshes/torso/torso_lift_with_arm.stl
[0.542s] -- Up-to-date symlink: /root/tiago_public_ws/install/tiago_description/share/tiago_description/meshes/torso/torso_lift_without_arm.stl
[0.543s] -- Up-to-date symlink: /root/tiago_public_ws/install/tiago_description/share/tiago_description/robots/tiago.urdf.xacro
[0.543s] -- Up-to-date symlink: /root/tiago_public_ws/install/tiago_description/share/tiago_description/ros2_control/gazebo_controller_manager_cfg.yaml
[0.544s] -- Up-to-date symlink: /root/tiago_public_ws/install/tiago_description/share/tiago_description/ros2_control/ros2_control.urdf.xacro
[0.544s] -- Up-to-date symlink: /root/tiago_public_ws/install/tiago_description/share/tiago_description/ros2_control/transmissions.urdf.xacro
[0.546s] -- Up-to-date symlink: /root/tiago_public_ws/install/tiago_description/share/tiago_description/urdf/arm/arm.ros2_control.xacro
[0.546s] -- Up-to-date symlink: /root/tiago_public_ws/install/tiago_description/share/tiago_description/urdf/arm/arm.urdf.xacro
[0.546s] -- Up-to-date symlink: /root/tiago_public_ws/install/tiago_description/share/tiago_description/urdf/arm/wrist.ros2_control.xacro
[0.546s] -- Up-to-date symlink: /root/tiago_public_ws/install/tiago_description/share/tiago_description/urdf/arm/wrist.urdf.xacro
[0.546s] -- Up-to-date symlink: /root/tiago_public_ws/install/tiago_description/share/tiago_description/urdf/calibration/calibration_constants.urdf.xacro
[0.547s] -- Up-to-date symlink: /root/tiago_public_ws/install/tiago_description/share/tiago_description/urdf/calibration/extrinsic_camera_calibration_constants.urdf.xacro
[0.547s] -- Up-to-date symlink: /root/tiago_public_ws/install/tiago_description/share/tiago_description/urdf/end_effector/end_effector.urdf.xacro
[0.547s] -- Up-to-date symlink: /root/tiago_public_ws/install/tiago_description/share/tiago_description/urdf/head/head.ros2_control.xacro
[0.547s] -- Up-to-date symlink: /root/tiago_public_ws/install/tiago_description/share/tiago_description/urdf/head/head.urdf.xacro
[0.548s] -- Up-to-date symlink: /root/tiago_public_ws/install/tiago_description/share/tiago_description/urdf/sensors/ftsensor.gazebo.xacro
[0.548s] -- Up-to-date symlink: /root/tiago_public_ws/install/tiago_description/share/tiago_description/urdf/sensors/ftsensor.ros2_control.xacro
[0.548s] -- Up-to-date symlink: /root/tiago_public_ws/install/tiago_description/share/tiago_description/urdf/sensors/ftsensor.urdf.xacro
[0.548s] -- Up-to-date symlink: /root/tiago_public_ws/install/tiago_description/share/tiago_description/urdf/sensors/openni.gazebo.xacro
[0.549s] -- Up-to-date symlink: /root/tiago_public_ws/install/tiago_description/share/tiago_description/urdf/sensors/orbbec_astra.urdf.xacro
[0.549s] -- Up-to-date symlink: /root/tiago_public_ws/install/tiago_description/share/tiago_description/urdf/sensors/xtion_pro_live.urdf.xacro
[0.549s] -- Up-to-date symlink: /root/tiago_public_ws/install/tiago_description/share/tiago_description/urdf/torso/torso.ros2_control.xacro
[0.549s] -- Up-to-date symlink: /root/tiago_public_ws/install/tiago_description/share/tiago_description/urdf/torso/torso.urdf.xacro
[0.550s] -- Up-to-date symlink: /root/tiago_public_ws/install/tiago_description/share/tiago_description/config/tiago.rviz
[0.550s] -- Up-to-date symlink: /root/tiago_public_ws/install/tiago_description/share/tiago_description/config/tiago_configuration.yaml
[0.550s] -- Up-to-date symlink: /root/tiago_public_ws/install/tiago_description/share/tiago_description/config/urdf.rviz
[0.550s] -- Up-to-date symlink: /root/tiago_public_ws/install/tiago_description/share/ament_index/resource_index/package_run_dependencies/tiago_description
[0.551s] -- Up-to-date symlink: /root/tiago_public_ws/install/tiago_description/share/ament_index/resource_index/parent_prefix_path/tiago_description
[0.551s] -- Up-to-date symlink: /root/tiago_public_ws/install/tiago_description/share/tiago_description/environment/ament_prefix_path.sh
[0.551s] -- Up-to-date symlink: /root/tiago_public_ws/install/tiago_description/share/tiago_description/environment/ament_prefix_path.dsv
[0.551s] -- Up-to-date symlink: /root/tiago_public_ws/install/tiago_description/share/tiago_description/environment/path.sh
[0.552s] -- Up-to-date symlink: /root/tiago_public_ws/install/tiago_description/share/tiago_description/environment/path.dsv
[0.552s] -- Up-to-date symlink: /root/tiago_public_ws/install/tiago_description/share/tiago_description/local_setup.bash
[0.552s] -- Up-to-date symlink: /root/tiago_public_ws/install/tiago_description/share/tiago_description/local_setup.sh
[0.552s] -- Up-to-date symlink: /root/tiago_public_ws/install/tiago_description/share/tiago_description/local_setup.zsh
[0.553s] -- Up-to-date symlink: /root/tiago_public_ws/install/tiago_description/share/tiago_description/local_setup.dsv
[0.553s] -- Symlinking: /root/tiago_public_ws/install/tiago_description/share/tiago_description/package.dsv
[0.559s] -- Up-to-date symlink: /root/tiago_public_ws/install/tiago_description/share/ament_index/resource_index/packages/tiago_description
[0.560s] -- Up-to-date symlink: /root/tiago_public_ws/install/tiago_description/share/tiago_description/cmake/tiago_descriptionConfig.cmake
[0.560s] -- Up-to-date symlink: /root/tiago_public_ws/install/tiago_description/share/tiago_description/cmake/tiago_descriptionConfig-version.cmake
[0.561s] -- Up-to-date symlink: /root/tiago_public_ws/install/tiago_description/share/tiago_description/package.xml
[0.584s] Listing '/root/tiago_public_ws/install/tiago_description/local/lib/python3.10/dist-packages/tiago_description'...
[0.589s] Invoked command in '/root/tiago_public_ws/build/tiago_description' returned '0': AMENT_PREFIX_PATH=/root/tiago_public_ws/install/launch_pal:/root/tiago_public_ws/install/urdf_test:/root/tiago_public_ws/install/tiago_simulation:/root/tiago_public_ws/install/tiago_robot:/root/tiago_public_ws/install/tiago_navigation:/root/tiago_public_ws/install/tiago_gazebo:/root/tiago_public_ws/install/tiago_moveit_config:/root/tiago_public_ws/install/tiago_2dnav:/root/tiago_public_ws/install/tiago_laser_sensors:/root/tiago_public_ws/install/tiago_bringup:/root/tiago_public_ws/install/tiago_description:/root/tiago_public_ws/install/tiago_controller_configuration:/root/tiago_public_ws/install/pmb2_robot:/root/tiago_public_ws/install/pmb2_navigation:/root/tiago_public_ws/install/pmb2_2dnav:/root/tiago_public_ws/install/pmb2_laser_sensors:/root/tiago_public_ws/install/pmb2_bringup:/root/tiago_public_ws/install/pmb2_description:/root/tiago_public_ws/install/pmb2_controller_configuration:/root/tiago_public_ws/install/play_motion2:/root/tiago_public_ws/install/play_motion2_msgs:/root/tiago_public_ws/install/pal_hey5:/root/tiago_public_ws/install/pal_hey5_description:/root/tiago_public_ws/install/pal_gripper_simulation:/root/tiago_public_ws/install/pal_gripper:/root/tiago_public_ws/install/pal_gripper_description:/root/tiago_public_ws/install/pal_urdf_utils:/root/tiago_public_ws/install/pal_robotiq_gripper:/root/tiago_public_ws/install/pal_robotiq_description:/root/tiago_public_ws/install/pal_robotiq_controller_configuration:/root/tiago_public_ws/install/pal_navigation_cfg:/root/tiago_public_ws/install/pal_navigation_cfg_bringup:/root/tiago_public_ws/install/pal_navigation_cfg_params:/root/tiago_public_ws/install/pal_hey5_controller_configuration:/root/tiago_public_ws/install/pal_gripper_controller_configuration:/root/tiago_public_ws/install/pal_gazebo_worlds:/opt/ros/humble CMAKE_PREFIX_PATH=/root/tiago_public_ws/install/pmb2_description:/root/tiago_public_ws/install/pal_hey5_description:/root/tiago_public_ws/install/pal_gripper_description:/root/tiago_public_ws/install/urdf_test:/root/tiago_public_ws/install/pal_urdf_utils:/root/tiago_public_ws/install/pal_robotiq_description:/root/tiago_public_ws/install/tiago_simulation:/root/tiago_public_ws/install/tiago_robot:/root/tiago_public_ws/install/tiago_navigation:/root/tiago_public_ws/install/tiago_gazebo:/root/tiago_public_ws/install/tiago_moveit_config:/root/tiago_public_ws/install/tiago_2dnav:/root/tiago_public_ws/install/tiago_laser_sensors:/root/tiago_public_ws/install/tiago_bringup:/root/tiago_public_ws/install/tiago_description:/root/tiago_public_ws/install/tiago_controller_configuration:/root/tiago_public_ws/install/pmb2_robot:/root/tiago_public_ws/install/pmb2_navigation:/root/tiago_public_ws/install/pmb2_2dnav:/root/tiago_public_ws/install/pmb2_laser_sensors:/root/tiago_public_ws/install/pmb2_bringup:/root/tiago_public_ws/install/pmb2_controller_configuration:/root/tiago_public_ws/install/play_motion2:/root/tiago_public_ws/install/play_motion2_msgs:/root/tiago_public_ws/install/pal_hey5:/root/tiago_public_ws/install/pal_gripper_simulation:/root/tiago_public_ws/install/pal_gripper:/root/tiago_public_ws/install/pal_robotiq_gripper:/root/tiago_public_ws/install/pal_robotiq_controller_configuration:/root/tiago_public_ws/install/pal_navigation_cfg:/root/tiago_public_ws/install/pal_navigation_cfg_bringup:/root/tiago_public_ws/install/pal_navigation_cfg_params:/root/tiago_public_ws/install/pal_hey5_controller_configuration:/root/tiago_public_ws/install/pal_gripper_controller_configuration:/root/tiago_public_ws/install/pal_gazebo_worlds:/root/tiago_public_ws/install/launch_pal:/opt/ros/humble PYTHONPATH=/root/tiago_public_ws/build/launch_pal:/root/tiago_public_ws/install/launch_pal/lib/python3.10/site-packages:/root/tiago_public_ws/install/urdf_test/local/lib/python3.10/dist-packages:/root/tiago_public_ws/install/tiago_description/local/lib/python3.10/dist-packages:/root/tiago_public_ws/install/pmb2_description/local/lib/python3.10/dist-packages:/root/tiago_public_ws/install/play_motion2_msgs/local/lib/python3.10/dist-packages:/opt/ros/humble/lib/python3.10/site-packages:/opt/ros/humble/local/lib/python3.10/dist-packages /usr/bin/cmake --install /root/tiago_public_ws/build/tiago_description
