[0.220s] Invoking command in '/root/tiago_public_ws/build/pal_hey5': AMENT_PREFIX_PATH=/root/tiago_public_ws/install/pal_hey5_description:/root/tiago_public_ws/install/pal_urdf_utils:/root/tiago_public_ws/install/pal_hey5_controller_configuration:${AMENT_PREFIX_PATH} CMAKE_PREFIX_PATH=/root/tiago_public_ws/install/pal_hey5_description:/root/tiago_public_ws/install/pal_urdf_utils:/root/tiago_public_ws/install/pal_hey5_controller_configuration:/opt/ros/humble /usr/bin/cmake --build /root/tiago_public_ws/build/pal_hey5 -- -j8 -l8
[0.270s] Invoked command in '/root/tiago_public_ws/build/pal_hey5' returned '0': AMENT_PREFIX_PATH=/root/tiago_public_ws/install/pal_hey5_description:/root/tiago_public_ws/install/pal_urdf_utils:/root/tiago_public_ws/install/pal_hey5_controller_configuration:${AMENT_PREFIX_PATH} CMAKE_PREFIX_PATH=/root/tiago_public_ws/install/pal_hey5_description:/root/tiago_public_ws/install/pal_urdf_utils:/root/tiago_public_ws/install/pal_hey5_controller_configuration:/opt/ros/humble /usr/bin/cmake --build /root/tiago_public_ws/build/pal_hey5 -- -j8 -l8
[0.341s] Invoking command in '/root/tiago_public_ws/build/pal_hey5': AMENT_PREFIX_PATH=/root/tiago_public_ws/install/pal_hey5_description:/root/tiago_public_ws/install/pal_urdf_utils:/root/tiago_public_ws/install/pal_hey5_controller_configuration:${AMENT_PREFIX_PATH} CMAKE_PREFIX_PATH=/root/tiago_public_ws/install/pal_hey5_description:/root/tiago_public_ws/install/pal_urdf_utils:/root/tiago_public_ws/install/pal_hey5_controller_configuration:/opt/ros/humble /usr/bin/cmake --install /root/tiago_public_ws/build/pal_hey5
[0.350s] -- Install configuration: ""
[0.350s] -- Execute custom install script
[0.351s] -- Up-to-date symlink: /root/tiago_public_ws/install/pal_hey5/share/ament_index/resource_index/package_run_dependencies/pal_hey5
[0.352s] -- Up-to-date symlink: /root/tiago_public_ws/install/pal_hey5/share/ament_index/resource_index/parent_prefix_path/pal_hey5
[0.352s] -- Up-to-date symlink: /root/tiago_public_ws/install/pal_hey5/share/pal_hey5/environment/ament_prefix_path.sh
[0.353s] -- Up-to-date symlink: /root/tiago_public_ws/install/pal_hey5/share/pal_hey5/environment/ament_prefix_path.dsv
[0.353s] -- Up-to-date symlink: /root/tiago_public_ws/install/pal_hey5/share/pal_hey5/environment/path.sh
[0.353s] -- Up-to-date symlink: /root/tiago_public_ws/install/pal_hey5/share/pal_hey5/environment/path.dsv
[0.353s] -- Up-to-date symlink: /root/tiago_public_ws/install/pal_hey5/share/pal_hey5/local_setup.bash
[0.353s] -- Up-to-date symlink: /root/tiago_public_ws/install/pal_hey5/share/pal_hey5/local_setup.sh
[0.353s] -- Up-to-date symlink: /root/tiago_public_ws/install/pal_hey5/share/pal_hey5/local_setup.zsh
[0.354s] -- Up-to-date symlink: /root/tiago_public_ws/install/pal_hey5/share/pal_hey5/local_setup.dsv
[0.354s] -- Symlinking: /root/tiago_public_ws/install/pal_hey5/share/pal_hey5/package.dsv
[0.362s] -- Up-to-date symlink: /root/tiago_public_ws/install/pal_hey5/share/ament_index/resource_index/packages/pal_hey5
[0.362s] -- Up-to-date symlink: /root/tiago_public_ws/install/pal_hey5/share/pal_hey5/cmake/pal_hey5Config.cmake
[0.362s] -- Up-to-date symlink: /root/tiago_public_ws/install/pal_hey5/share/pal_hey5/cmake/pal_hey5Config-version.cmake
[0.363s] -- Up-to-date symlink: /root/tiago_public_ws/install/pal_hey5/share/pal_hey5/package.xml
[0.372s] Invoked command in '/root/tiago_public_ws/build/pal_hey5' returned '0': AMENT_PREFIX_PATH=/root/tiago_public_ws/install/pal_hey5_description:/root/tiago_public_ws/install/pal_urdf_utils:/root/tiago_public_ws/install/pal_hey5_controller_configuration:${AMENT_PREFIX_PATH} CMAKE_PREFIX_PATH=/root/tiago_public_ws/install/pal_hey5_description:/root/tiago_public_ws/install/pal_urdf_utils:/root/tiago_public_ws/install/pal_hey5_controller_configuration:/opt/ros/humble /usr/bin/cmake --install /root/tiago_public_ws/build/pal_hey5
