[0.086s] Invoking command in '/root/tiago_public_ws/build/tiago_laser_sensors': CMAKE_PREFIX_PATH=/opt/ros/humble /usr/bin/cmake --build /root/tiago_public_ws/build/tiago_laser_sensors -- -j8 -l8
[0.146s] Invoked command in '/root/tiago_public_ws/build/tiago_laser_sensors' returned '0': CMAKE_PREFIX_PATH=/opt/ros/humble /usr/bin/cmake --build /root/tiago_public_ws/build/tiago_laser_sensors -- -j8 -l8
[0.198s] Invoking command in '/root/tiago_public_ws/build/tiago_laser_sensors': CMAKE_PREFIX_PATH=/opt/ros/humble /usr/bin/cmake --install /root/tiago_public_ws/build/tiago_laser_sensors
[0.211s] -- Install configuration: ""
[0.211s] -- Execute custom install script
[0.213s] -- Up-to-date symlink: /root/tiago_public_ws/install/tiago_laser_sensors/share/tiago_laser_sensors/params/omni_base_laser_pipeline.yaml
[0.213s] -- Up-to-date symlink: /root/tiago_public_ws/install/tiago_laser_sensors/share/tiago_laser_sensors/params/omni_base_laser_pipeline_sim.yaml
[0.213s] -- Up-to-date symlink: /root/tiago_public_ws/install/tiago_laser_sensors/share/tiago_laser_sensors/params/omni_base_laser_pipeline_w_composition.yaml
[0.214s] -- Up-to-date symlink: /root/tiago_public_ws/install/tiago_laser_sensors/share/tiago_laser_sensors/params/pmb2_laser_pipeline.yaml
[0.214s] -- Up-to-date symlink: /root/tiago_public_ws/install/tiago_laser_sensors/share/tiago_laser_sensors/params/pmb2_laser_pipeline_sim.yaml
[0.214s] -- Up-to-date symlink: /root/tiago_public_ws/install/tiago_laser_sensors/share/tiago_laser_sensors/params/pmb2_laser_pipeline_w_composition.yaml
[0.214s] -- Up-to-date symlink: /root/tiago_public_ws/install/tiago_laser_sensors/share/ament_index/resource_index/package_run_dependencies/tiago_laser_sensors
[0.214s] -- Up-to-date symlink: /root/tiago_public_ws/install/tiago_laser_sensors/share/ament_index/resource_index/parent_prefix_path/tiago_laser_sensors
[0.214s] -- Up-to-date symlink: /root/tiago_public_ws/install/tiago_laser_sensors/share/tiago_laser_sensors/environment/ament_prefix_path.sh
[0.216s] -- Up-to-date symlink: /root/tiago_public_ws/install/tiago_laser_sensors/share/tiago_laser_sensors/environment/ament_prefix_path.dsv
[0.216s] -- Up-to-date symlink: /root/tiago_public_ws/install/tiago_laser_sensors/share/tiago_laser_sensors/environment/path.sh
[0.217s] -- Up-to-date symlink: /root/tiago_public_ws/install/tiago_laser_sensors/share/tiago_laser_sensors/environment/path.dsv
[0.218s] -- Up-to-date symlink: /root/tiago_public_ws/install/tiago_laser_sensors/share/tiago_laser_sensors/local_setup.bash
[0.218s] -- Up-to-date symlink: /root/tiago_public_ws/install/tiago_laser_sensors/share/tiago_laser_sensors/local_setup.sh
[0.218s] -- Up-to-date symlink: /root/tiago_public_ws/install/tiago_laser_sensors/share/tiago_laser_sensors/local_setup.zsh
[0.219s] -- Up-to-date symlink: /root/tiago_public_ws/install/tiago_laser_sensors/share/tiago_laser_sensors/local_setup.dsv
[0.219s] -- Symlinking: /root/tiago_public_ws/install/tiago_laser_sensors/share/tiago_laser_sensors/package.dsv
[0.255s] -- Up-to-date symlink: /root/tiago_public_ws/install/tiago_laser_sensors/share/ament_index/resource_index/packages/tiago_laser_sensors
[0.260s] -- Up-to-date symlink: /root/tiago_public_ws/install/tiago_laser_sensors/share/tiago_laser_sensors/cmake/tiago_laser_sensorsConfig.cmake
[0.264s] -- Up-to-date symlink: /root/tiago_public_ws/install/tiago_laser_sensors/share/tiago_laser_sensors/cmake/tiago_laser_sensorsConfig-version.cmake
[0.266s] -- Up-to-date symlink: /root/tiago_public_ws/install/tiago_laser_sensors/share/tiago_laser_sensors/package.xml
[0.311s] Invoked command in '/root/tiago_public_ws/build/tiago_laser_sensors' returned '0': CMAKE_PREFIX_PATH=/opt/ros/humble /usr/bin/cmake --install /root/tiago_public_ws/build/tiago_laser_sensors
