[0.287s] Invoking command in '/root/tiago_public_ws/build/pal_gripper': AMENT_PREFIX_PATH=/root/tiago_public_ws/install/pal_gripper_description:/root/tiago_public_ws/install/urdf_test:/root/tiago_public_ws/install/pal_urdf_utils:/root/tiago_public_ws/install/pal_gripper_controller_configuration:${AMENT_PREFIX_PATH} CMAKE_PREFIX_PATH=/root/tiago_public_ws/install/pal_gripper_description:/root/tiago_public_ws/install/urdf_test:/root/tiago_public_ws/install/pal_urdf_utils:/root/tiago_public_ws/install/pal_gripper_controller_configuration:/opt/ros/humble PYTHONPATH=/root/tiago_public_ws/install/urdf_test/local/lib/python3.10/dist-packages:${PYTHONPATH} /usr/bin/cmake --build /root/tiago_public_ws/build/pal_gripper -- -j8 -l8
[0.419s] Invoked command in '/root/tiago_public_ws/build/pal_gripper' returned '0': AMENT_PREFIX_PATH=/root/tiago_public_ws/install/pal_gripper_description:/root/tiago_public_ws/install/urdf_test:/root/tiago_public_ws/install/pal_urdf_utils:/root/tiago_public_ws/install/pal_gripper_controller_configuration:${AMENT_PREFIX_PATH} CMAKE_PREFIX_PATH=/root/tiago_public_ws/install/pal_gripper_description:/root/tiago_public_ws/install/urdf_test:/root/tiago_public_ws/install/pal_urdf_utils:/root/tiago_public_ws/install/pal_gripper_controller_configuration:/opt/ros/humble PYTHONPATH=/root/tiago_public_ws/install/urdf_test/local/lib/python3.10/dist-packages:${PYTHONPATH} /usr/bin/cmake --build /root/tiago_public_ws/build/pal_gripper -- -j8 -l8
[0.505s] Invoking command in '/root/tiago_public_ws/build/pal_gripper': AMENT_PREFIX_PATH=/root/tiago_public_ws/install/pal_gripper_description:/root/tiago_public_ws/install/urdf_test:/root/tiago_public_ws/install/pal_urdf_utils:/root/tiago_public_ws/install/pal_gripper_controller_configuration:${AMENT_PREFIX_PATH} CMAKE_PREFIX_PATH=/root/tiago_public_ws/install/pal_gripper_description:/root/tiago_public_ws/install/urdf_test:/root/tiago_public_ws/install/pal_urdf_utils:/root/tiago_public_ws/install/pal_gripper_controller_configuration:/opt/ros/humble PYTHONPATH=/root/tiago_public_ws/install/urdf_test/local/lib/python3.10/dist-packages:${PYTHONPATH} /usr/bin/cmake --install /root/tiago_public_ws/build/pal_gripper
[0.561s] -- Install configuration: ""
[0.562s] -- Execute custom install script
[0.562s] -- Up-to-date symlink: /root/tiago_public_ws/install/pal_gripper/share/ament_index/resource_index/package_run_dependencies/pal_gripper
[0.562s] -- Up-to-date symlink: /root/tiago_public_ws/install/pal_gripper/share/ament_index/resource_index/parent_prefix_path/pal_gripper
[0.562s] -- Up-to-date symlink: /root/tiago_public_ws/install/pal_gripper/share/pal_gripper/environment/ament_prefix_path.sh
[0.562s] -- Up-to-date symlink: /root/tiago_public_ws/install/pal_gripper/share/pal_gripper/environment/ament_prefix_path.dsv
[0.562s] -- Up-to-date symlink: /root/tiago_public_ws/install/pal_gripper/share/pal_gripper/environment/path.sh
[0.563s] -- Up-to-date symlink: /root/tiago_public_ws/install/pal_gripper/share/pal_gripper/environment/path.dsv
[0.563s] -- Up-to-date symlink: /root/tiago_public_ws/install/pal_gripper/share/pal_gripper/local_setup.bash
[0.563s] -- Up-to-date symlink: /root/tiago_public_ws/install/pal_gripper/share/pal_gripper/local_setup.sh
[0.563s] -- Up-to-date symlink: /root/tiago_public_ws/install/pal_gripper/share/pal_gripper/local_setup.zsh
[0.563s] -- Up-to-date symlink: /root/tiago_public_ws/install/pal_gripper/share/pal_gripper/local_setup.dsv
[0.563s] -- Symlinking: /root/tiago_public_ws/install/pal_gripper/share/pal_gripper/package.dsv
[0.563s] -- Up-to-date symlink: /root/tiago_public_ws/install/pal_gripper/share/ament_index/resource_index/packages/pal_gripper
[0.563s] -- Up-to-date symlink: /root/tiago_public_ws/install/pal_gripper/share/pal_gripper/cmake/pal_gripperConfig.cmake
[0.563s] -- Up-to-date symlink: /root/tiago_public_ws/install/pal_gripper/share/pal_gripper/cmake/pal_gripperConfig-version.cmake
[0.563s] -- Up-to-date symlink: /root/tiago_public_ws/install/pal_gripper/share/pal_gripper/package.xml
[0.591s] Invoked command in '/root/tiago_public_ws/build/pal_gripper' returned '0': AMENT_PREFIX_PATH=/root/tiago_public_ws/install/pal_gripper_description:/root/tiago_public_ws/install/urdf_test:/root/tiago_public_ws/install/pal_urdf_utils:/root/tiago_public_ws/install/pal_gripper_controller_configuration:${AMENT_PREFIX_PATH} CMAKE_PREFIX_PATH=/root/tiago_public_ws/install/pal_gripper_description:/root/tiago_public_ws/install/urdf_test:/root/tiago_public_ws/install/pal_urdf_utils:/root/tiago_public_ws/install/pal_gripper_controller_configuration:/opt/ros/humble PYTHONPATH=/root/tiago_public_ws/install/urdf_test/local/lib/python3.10/dist-packages:${PYTHONPATH} /usr/bin/cmake --install /root/tiago_public_ws/build/pal_gripper
