[0.497s] Invoking command in '/root/tiago_public_ws/build/tiago_controller_configuration': AMENT_PREFIX_PATH=/root/tiago_public_ws/install/pmb2_controller_configuration:/root/tiago_public_ws/install/pal_robotiq_controller_configuration:/root/tiago_public_ws/install/pal_hey5_controller_configuration:/root/tiago_public_ws/install/pal_gripper_controller_configuration:/root/tiago_public_ws/install/launch_pal:${AMENT_PREFIX_PATH} CMAKE_PREFIX_PATH=/root/tiago_public_ws/install/pmb2_controller_configuration:/root/tiago_public_ws/install/pal_robotiq_controller_configuration:/root/tiago_public_ws/install/pal_hey5_controller_configuration:/root/tiago_public_ws/install/pal_gripper_controller_configuration:/opt/ros/humble PYTHONPATH=/root/tiago_public_ws/build/launch_pal:/root/tiago_public_ws/install/launch_pal/lib/python3.10/site-packages:${PYTHONPATH} /usr/bin/cmake --build /root/tiago_public_ws/build/tiago_controller_configuration -- -j8 -l8
[0.640s] Invoked command in '/root/tiago_public_ws/build/tiago_controller_configuration' returned '0': AMENT_PREFIX_PATH=/root/tiago_public_ws/install/pmb2_controller_configuration:/root/tiago_public_ws/install/pal_robotiq_controller_configuration:/root/tiago_public_ws/install/pal_hey5_controller_configuration:/root/tiago_public_ws/install/pal_gripper_controller_configuration:/root/tiago_public_ws/install/launch_pal:${AMENT_PREFIX_PATH} CMAKE_PREFIX_PATH=/root/tiago_public_ws/install/pmb2_controller_configuration:/root/tiago_public_ws/install/pal_robotiq_controller_configuration:/root/tiago_public_ws/install/pal_hey5_controller_configuration:/root/tiago_public_ws/install/pal_gripper_controller_configuration:/opt/ros/humble PYTHONPATH=/root/tiago_public_ws/build/launch_pal:/root/tiago_public_ws/install/launch_pal/lib/python3.10/site-packages:${PYTHONPATH} /usr/bin/cmake --build /root/tiago_public_ws/build/tiago_controller_configuration -- -j8 -l8
[0.816s] Invoking command in '/root/tiago_public_ws/build/tiago_controller_configuration': AMENT_PREFIX_PATH=/root/tiago_public_ws/install/pmb2_controller_configuration:/root/tiago_public_ws/install/pal_robotiq_controller_configuration:/root/tiago_public_ws/install/pal_hey5_controller_configuration:/root/tiago_public_ws/install/pal_gripper_controller_configuration:/root/tiago_public_ws/install/launch_pal:${AMENT_PREFIX_PATH} CMAKE_PREFIX_PATH=/root/tiago_public_ws/install/pmb2_controller_configuration:/root/tiago_public_ws/install/pal_robotiq_controller_configuration:/root/tiago_public_ws/install/pal_hey5_controller_configuration:/root/tiago_public_ws/install/pal_gripper_controller_configuration:/opt/ros/humble PYTHONPATH=/root/tiago_public_ws/build/launch_pal:/root/tiago_public_ws/install/launch_pal/lib/python3.10/site-packages:${PYTHONPATH} /usr/bin/cmake --install /root/tiago_public_ws/build/tiago_controller_configuration
[0.842s] -- Install configuration: ""
[0.844s] -- Execute custom install script
[0.847s] -- Up-to-date symlink: /root/tiago_public_ws/install/tiago_controller_configuration/share/tiago_controller_configuration/config/arm_controller.yaml
[0.848s] -- Up-to-date symlink: /root/tiago_public_ws/install/tiago_controller_configuration/share/tiago_controller_configuration/config/ft_sensor_controller.yaml
[0.853s] -- Up-to-date symlink: /root/tiago_public_ws/install/tiago_controller_configuration/share/tiago_controller_configuration/config/gravity_compensation_controller_ilm.yaml
[0.853s] -- Up-to-date symlink: /root/tiago_public_ws/install/tiago_controller_configuration/share/tiago_controller_configuration/config/gravity_compensation_controller_parker.yaml
[0.854s] -- Up-to-date symlink: /root/tiago_public_ws/install/tiago_controller_configuration/share/tiago_controller_configuration/config/head_controller.yaml
[0.854s] -- Up-to-date symlink: /root/tiago_public_ws/install/tiago_controller_configuration/share/tiago_controller_configuration/config/imu_sensor_broadcaster.yaml
[0.855s] -- Up-to-date symlink: /root/tiago_public_ws/install/tiago_controller_configuration/share/tiago_controller_configuration/config/joint_state_broadcaster.yaml
[0.855s] -- Up-to-date symlink: /root/tiago_public_ws/install/tiago_controller_configuration/share/tiago_controller_configuration/config/torso_controller.yaml
[0.855s] -- Up-to-date symlink: /root/tiago_public_ws/install/tiago_controller_configuration/share/tiago_controller_configuration/launch/default_controllers.launch.py
[0.856s] -- Up-to-date symlink: /root/tiago_public_ws/install/tiago_controller_configuration/share/tiago_controller_configuration/launch/gravity_compensation_controller.launch.py
[0.857s] -- Up-to-date symlink: /root/tiago_public_ws/install/tiago_controller_configuration/share/ament_index/resource_index/package_run_dependencies/tiago_controller_configuration
[0.859s] -- Up-to-date symlink: /root/tiago_public_ws/install/tiago_controller_configuration/share/ament_index/resource_index/parent_prefix_path/tiago_controller_configuration
[0.860s] -- Up-to-date symlink: /root/tiago_public_ws/install/tiago_controller_configuration/share/tiago_controller_configuration/environment/ament_prefix_path.sh
[0.860s] -- Up-to-date symlink: /root/tiago_public_ws/install/tiago_controller_configuration/share/tiago_controller_configuration/environment/ament_prefix_path.dsv
[0.860s] -- Up-to-date symlink: /root/tiago_public_ws/install/tiago_controller_configuration/share/tiago_controller_configuration/environment/path.sh
[0.861s] -- Up-to-date symlink: /root/tiago_public_ws/install/tiago_controller_configuration/share/tiago_controller_configuration/environment/path.dsv
[0.861s] -- Up-to-date symlink: /root/tiago_public_ws/install/tiago_controller_configuration/share/tiago_controller_configuration/local_setup.bash
[0.861s] -- Up-to-date symlink: /root/tiago_public_ws/install/tiago_controller_configuration/share/tiago_controller_configuration/local_setup.sh
[0.861s] -- Up-to-date symlink: /root/tiago_public_ws/install/tiago_controller_configuration/share/tiago_controller_configuration/local_setup.zsh
[0.862s] -- Up-to-date symlink: /root/tiago_public_ws/install/tiago_controller_configuration/share/tiago_controller_configuration/local_setup.dsv
[0.862s] -- Symlinking: /root/tiago_public_ws/install/tiago_controller_configuration/share/tiago_controller_configuration/package.dsv
[0.885s] -- Up-to-date symlink: /root/tiago_public_ws/install/tiago_controller_configuration/share/ament_index/resource_index/packages/tiago_controller_configuration
[0.885s] -- Up-to-date symlink: /root/tiago_public_ws/install/tiago_controller_configuration/share/tiago_controller_configuration/cmake/tiago_controller_configurationConfig.cmake
[0.886s] -- Up-to-date symlink: /root/tiago_public_ws/install/tiago_controller_configuration/share/tiago_controller_configuration/cmake/tiago_controller_configurationConfig-version.cmake
[0.888s] -- Up-to-date symlink: /root/tiago_public_ws/install/tiago_controller_configuration/share/tiago_controller_configuration/package.xml
[0.933s] Invoked command in '/root/tiago_public_ws/build/tiago_controller_configuration' returned '0': AMENT_PREFIX_PATH=/root/tiago_public_ws/install/pmb2_controller_configuration:/root/tiago_public_ws/install/pal_robotiq_controller_configuration:/root/tiago_public_ws/install/pal_hey5_controller_configuration:/root/tiago_public_ws/install/pal_gripper_controller_configuration:/root/tiago_public_ws/install/launch_pal:${AMENT_PREFIX_PATH} CMAKE_PREFIX_PATH=/root/tiago_public_ws/install/pmb2_controller_configuration:/root/tiago_public_ws/install/pal_robotiq_controller_configuration:/root/tiago_public_ws/install/pal_hey5_controller_configuration:/root/tiago_public_ws/install/pal_gripper_controller_configuration:/opt/ros/humble PYTHONPATH=/root/tiago_public_ws/build/launch_pal:/root/tiago_public_ws/install/launch_pal/lib/python3.10/site-packages:${PYTHONPATH} /usr/bin/cmake --install /root/tiago_public_ws/build/tiago_controller_configuration
