[0.586s] Invoking command in '/root/tiago_public_ws/build/tiago_description': AMENT_PREFIX_PATH=/root/tiago_public_ws/install/pmb2_description:/root/tiago_public_ws/install/pal_hey5_description:/root/tiago_public_ws/install/pal_gripper_description:/root/tiago_public_ws/install/urdf_test:/root/tiago_public_ws/install/pal_urdf_utils:/root/tiago_public_ws/install/pal_robotiq_description:/root/tiago_public_ws/install/launch_pal:${AMENT_PREFIX_PATH} CMAKE_PREFIX_PATH=/root/tiago_public_ws/install/pmb2_description:/root/tiago_public_ws/install/pal_hey5_description:/root/tiago_public_ws/install/pal_gripper_description:/root/tiago_public_ws/install/urdf_test:/root/tiago_public_ws/install/pal_urdf_utils:/root/tiago_public_ws/install/pal_robotiq_description:/opt/ros/humble PYTHONPATH=/root/tiago_public_ws/install/pmb2_description/local/lib/python3.10/dist-packages:/root/tiago_public_ws/install/urdf_test/local/lib/python3.10/dist-packages:/root/tiago_public_ws/install/launch_pal/lib/python3.10/site-packages:${PYTHONPATH} /usr/bin/cmake --build /root/tiago_public_ws/build/tiago_description -- -j8 -l8
[0.670s] Built target ament_cmake_python_symlink_tiago_description
[1.329s] running egg_info
[1.333s] writing tiago_description.egg-info/PKG-INFO
[1.334s] writing dependency_links to tiago_description.egg-info/dependency_links.txt
[1.334s] writing top-level names to tiago_description.egg-info/top_level.txt
[1.337s] reading manifest file 'tiago_description.egg-info/SOURCES.txt'
[1.340s] writing manifest file 'tiago_description.egg-info/SOURCES.txt'
[1.389s] Built target ament_cmake_python_build_tiago_description_egg
[1.407s] Invoked command in '/root/tiago_public_ws/build/tiago_description' returned '0': AMENT_PREFIX_PATH=/root/tiago_public_ws/install/pmb2_description:/root/tiago_public_ws/install/pal_hey5_description:/root/tiago_public_ws/install/pal_gripper_description:/root/tiago_public_ws/install/urdf_test:/root/tiago_public_ws/install/pal_urdf_utils:/root/tiago_public_ws/install/pal_robotiq_description:/root/tiago_public_ws/install/launch_pal:${AMENT_PREFIX_PATH} CMAKE_PREFIX_PATH=/root/tiago_public_ws/install/pmb2_description:/root/tiago_public_ws/install/pal_hey5_description:/root/tiago_public_ws/install/pal_gripper_description:/root/tiago_public_ws/install/urdf_test:/root/tiago_public_ws/install/pal_urdf_utils:/root/tiago_public_ws/install/pal_robotiq_description:/opt/ros/humble PYTHONPATH=/root/tiago_public_ws/install/pmb2_description/local/lib/python3.10/dist-packages:/root/tiago_public_ws/install/urdf_test/local/lib/python3.10/dist-packages:/root/tiago_public_ws/install/launch_pal/lib/python3.10/site-packages:${PYTHONPATH} /usr/bin/cmake --build /root/tiago_public_ws/build/tiago_description -- -j8 -l8
[1.435s] Invoking command in '/root/tiago_public_ws/build/tiago_description': AMENT_PREFIX_PATH=/root/tiago_public_ws/install/pmb2_description:/root/tiago_public_ws/install/pal_hey5_description:/root/tiago_public_ws/install/pal_gripper_description:/root/tiago_public_ws/install/urdf_test:/root/tiago_public_ws/install/pal_urdf_utils:/root/tiago_public_ws/install/pal_robotiq_description:/root/tiago_public_ws/install/launch_pal:${AMENT_PREFIX_PATH} CMAKE_PREFIX_PATH=/root/tiago_public_ws/install/pmb2_description:/root/tiago_public_ws/install/pal_hey5_description:/root/tiago_public_ws/install/pal_gripper_description:/root/tiago_public_ws/install/urdf_test:/root/tiago_public_ws/install/pal_urdf_utils:/root/tiago_public_ws/install/pal_robotiq_description:/opt/ros/humble PYTHONPATH=/root/tiago_public_ws/install/pmb2_description/local/lib/python3.10/dist-packages:/root/tiago_public_ws/install/urdf_test/local/lib/python3.10/dist-packages:/root/tiago_public_ws/install/launch_pal/lib/python3.10/site-packages:${PYTHONPATH} /usr/bin/cmake --install /root/tiago_public_ws/build/tiago_description
[1.445s] -- Install configuration: ""
[1.446s] -- Execute custom install script
[1.446s] -- Up-to-date symlink: /root/tiago_public_ws/install/tiago_description/share/tiago_description/environment/pythonpath.sh
[1.446s] -- Up-to-date symlink: /root/tiago_public_ws/install/tiago_description/share/tiago_description/environment/pythonpath.dsv
[1.447s] -- Up-to-date symlink: /root/tiago_public_ws/install/tiago_description/local/lib/python3.10/dist-packages/tiago_description-4.6.0-py3.10.egg-info/PKG-INFO
[1.447s] -- Up-to-date symlink: /root/tiago_public_ws/install/tiago_description/local/lib/python3.10/dist-packages/tiago_description-4.6.0-py3.10.egg-info/SOURCES.txt
[1.447s] -- Up-to-date symlink: /root/tiago_public_ws/install/tiago_description/local/lib/python3.10/dist-packages/tiago_description-4.6.0-py3.10.egg-info/dependency_links.txt
[1.447s] -- Up-to-date symlink: /root/tiago_public_ws/install/tiago_description/local/lib/python3.10/dist-packages/tiago_description-4.6.0-py3.10.egg-info/top_level.txt
[1.448s] -- Up-to-date symlink: /root/tiago_public_ws/install/tiago_description/local/lib/python3.10/dist-packages/tiago_description/__init__.py
[1.448s] -- Up-to-date symlink: /root/tiago_public_ws/install/tiago_description/local/lib/python3.10/dist-packages/tiago_description/launch_arguments.py
[1.448s] -- Up-to-date symlink: /root/tiago_public_ws/install/tiago_description/local/lib/python3.10/dist-packages/tiago_description/tiago_launch_utils.py
[1.449s] -- Up-to-date symlink: /root/tiago_public_ws/install/tiago_description/share/tiago_description/launch/robot_state_publisher.launch.py
[1.449s] -- Up-to-date symlink: /root/tiago_public_ws/install/tiago_description/share/tiago_description/launch/show.launch.py
[1.450s] -- Up-to-date symlink: /root/tiago_public_ws/install/tiago_description/share/tiago_description/meshes/arm/arm_1.stl
[1.450s] -- Up-to-date symlink: /root/tiago_public_ws/install/tiago_description/share/tiago_description/meshes/arm/arm_1_collision.dae
[1.450s] -- Up-to-date symlink: /root/tiago_public_ws/install/tiago_description/share/tiago_description/meshes/arm/arm_1_color.png
[1.450s] -- Up-to-date symlink: /root/tiago_public_ws/install/tiago_description/share/tiago_description/meshes/arm/arm_1_normals.png
[1.451s] -- Up-to-date symlink: /root/tiago_public_ws/install/tiago_description/share/tiago_description/meshes/arm/arm_1_specular.png
[1.451s] -- Up-to-date symlink: /root/tiago_public_ws/install/tiago_description/share/tiago_description/meshes/arm/arm_2.stl
[1.452s] -- Up-to-date symlink: /root/tiago_public_ws/install/tiago_description/share/tiago_description/meshes/arm/arm_2_collision.dae
[1.452s] -- Up-to-date symlink: /root/tiago_public_ws/install/tiago_description/share/tiago_description/meshes/arm/arm_2_color.png
[1.452s] -- Up-to-date symlink: /root/tiago_public_ws/install/tiago_description/share/tiago_description/meshes/arm/arm_2_normals.png
[1.452s] -- Up-to-date symlink: /root/tiago_public_ws/install/tiago_description/share/tiago_description/meshes/arm/arm_2_specular.png
[1.453s] -- Up-to-date symlink: /root/tiago_public_ws/install/tiago_description/share/tiago_description/meshes/arm/arm_3.stl
[1.453s] -- Up-to-date symlink: /root/tiago_public_ws/install/tiago_description/share/tiago_description/meshes/arm/arm_3_collision.dae
[1.453s] -- Up-to-date symlink: /root/tiago_public_ws/install/tiago_description/share/tiago_description/meshes/arm/arm_3_color.png
[1.453s] -- Up-to-date symlink: /root/tiago_public_ws/install/tiago_description/share/tiago_description/meshes/arm/arm_3_normals.png
[1.454s] -- Up-to-date symlink: /root/tiago_public_ws/install/tiago_description/share/tiago_description/meshes/arm/arm_3_specular.png
[1.454s] -- Up-to-date symlink: /root/tiago_public_ws/install/tiago_description/share/tiago_description/meshes/arm/arm_4.stl
[1.454s] -- Up-to-date symlink: /root/tiago_public_ws/install/tiago_description/share/tiago_description/meshes/arm/arm_4_collision.dae
[1.454s] -- Up-to-date symlink: /root/tiago_public_ws/install/tiago_description/share/tiago_description/meshes/arm/arm_4_collision.stl
[1.454s] -- Up-to-date symlink: /root/tiago_public_ws/install/tiago_description/share/tiago_description/meshes/arm/arm_4_color.png
[1.455s] -- Up-to-date symlink: /root/tiago_public_ws/install/tiago_description/share/tiago_description/meshes/arm/arm_4_normals.png
[1.455s] -- Up-to-date symlink: /root/tiago_public_ws/install/tiago_description/share/tiago_description/meshes/arm/arm_4_specular.png
[1.455s] -- Up-to-date symlink: /root/tiago_public_ws/install/tiago_description/share/tiago_description/meshes/arm/arm_5-wrist-2010.stl
[1.455s] -- Up-to-date symlink: /root/tiago_public_ws/install/tiago_description/share/tiago_description/meshes/arm/arm_5-wrist-2017.stl
[1.456s] -- Up-to-date symlink: /root/tiago_public_ws/install/tiago_description/share/tiago_description/meshes/arm/arm_5_collision-wrist-2010.dae
[1.456s] -- Up-to-date symlink: /root/tiago_public_ws/install/tiago_description/share/tiago_description/meshes/arm/arm_5_collision-wrist-2017.dae
[1.456s] -- Up-to-date symlink: /root/tiago_public_ws/install/tiago_description/share/tiago_description/meshes/arm/arm_6-wrist-2010.stl
[1.456s] -- Up-to-date symlink: /root/tiago_public_ws/install/tiago_description/share/tiago_description/meshes/arm/arm_6-wrist-2017.stl
[1.457s] -- Up-to-date symlink: /root/tiago_public_ws/install/tiago_description/share/tiago_description/meshes/arm/arm_6_collision-wrist-2010.dae
[1.458s] -- Up-to-date symlink: /root/tiago_public_ws/install/tiago_description/share/tiago_description/meshes/arm/arm_6_collision-wrist-2017.dae
[1.458s] -- Up-to-date symlink: /root/tiago_public_ws/install/tiago_description/share/tiago_description/meshes/arm/arm_6_color.png
[1.458s] -- Up-to-date symlink: /root/tiago_public_ws/install/tiago_description/share/tiago_description/meshes/arm/arm_6_normals.png
[1.458s] -- Up-to-date symlink: /root/tiago_public_ws/install/tiago_description/share/tiago_description/meshes/arm/arm_6_specular.png
[1.459s] -- Up-to-date symlink: /root/tiago_public_ws/install/tiago_description/share/tiago_description/meshes/head/head_1.stl
[1.459s] -- Up-to-date symlink: /root/tiago_public_ws/install/tiago_description/share/tiago_description/meshes/head/head_1_collision.dae
[1.459s] -- Up-to-date symlink: /root/tiago_public_ws/install/tiago_description/share/tiago_description/meshes/head/head_2.stl
[1.459s] -- Up-to-date symlink: /root/tiago_public_ws/install/tiago_description/share/tiago_description/meshes/head/head_2_collision.dae
[1.459s] -- Up-to-date symlink: /root/tiago_public_ws/install/tiago_description/share/tiago_description/meshes/sensors/xtion_pro_live/xtion_pro_live.dae
[1.460s] -- Up-to-date symlink: /root/tiago_public_ws/install/tiago_description/share/tiago_description/meshes/sensors/xtion_pro_live/xtion_pro_live.png
[1.460s] -- Up-to-date symlink: /root/tiago_public_ws/install/tiago_description/share/tiago_description/meshes/torso/torso_fix.stl
[1.460s] -- Up-to-date symlink: /root/tiago_public_ws/install/tiago_description/share/tiago_description/meshes/torso/torso_lift_collision.dae
[1.460s] -- Up-to-date symlink: /root/tiago_public_ws/install/tiago_description/share/tiago_description/meshes/torso/torso_lift_collision_core.dae
[1.460s] -- Up-to-date symlink: /root/tiago_public_ws/install/tiago_description/share/tiago_description/meshes/torso/torso_lift_collision_neck.dae
[1.460s] -- Up-to-date symlink: /root/tiago_public_ws/install/tiago_description/share/tiago_description/meshes/torso/torso_lift_collision_shoulder.dae
[1.461s] -- Up-to-date symlink: /root/tiago_public_ws/install/tiago_description/share/tiago_description/meshes/torso/torso_lift_with_arm.stl
[1.461s] -- Up-to-date symlink: /root/tiago_public_ws/install/tiago_description/share/tiago_description/meshes/torso/torso_lift_without_arm.stl
[1.461s] -- Up-to-date symlink: /root/tiago_public_ws/install/tiago_description/share/tiago_description/robots/tiago.urdf.xacro
[1.461s] -- Up-to-date symlink: /root/tiago_public_ws/install/tiago_description/share/tiago_description/ros2_control/gazebo_controller_manager_cfg.yaml
[1.461s] -- Up-to-date symlink: /root/tiago_public_ws/install/tiago_description/share/tiago_description/ros2_control/ros2_control.urdf.xacro
[1.462s] -- Up-to-date symlink: /root/tiago_public_ws/install/tiago_description/share/tiago_description/ros2_control/transmissions.urdf.xacro
[1.462s] -- Up-to-date symlink: /root/tiago_public_ws/install/tiago_description/share/tiago_description/urdf/arm/arm.ros2_control.xacro
[1.462s] -- Up-to-date symlink: /root/tiago_public_ws/install/tiago_description/share/tiago_description/urdf/arm/arm.urdf.xacro
[1.462s] -- Up-to-date symlink: /root/tiago_public_ws/install/tiago_description/share/tiago_description/urdf/arm/wrist.ros2_control.xacro
[1.462s] -- Up-to-date symlink: /root/tiago_public_ws/install/tiago_description/share/tiago_description/urdf/arm/wrist.urdf.xacro
[1.462s] -- Up-to-date symlink: /root/tiago_public_ws/install/tiago_description/share/tiago_description/urdf/calibration/calibration_constants.urdf.xacro
[1.463s] -- Up-to-date symlink: /root/tiago_public_ws/install/tiago_description/share/tiago_description/urdf/calibration/extrinsic_camera_calibration_constants.urdf.xacro
[1.463s] -- Up-to-date symlink: /root/tiago_public_ws/install/tiago_description/share/tiago_description/urdf/end_effector/end_effector.urdf.xacro
[1.463s] -- Up-to-date symlink: /root/tiago_public_ws/install/tiago_description/share/tiago_description/urdf/head/head.ros2_control.xacro
[1.463s] -- Up-to-date symlink: /root/tiago_public_ws/install/tiago_description/share/tiago_description/urdf/head/head.urdf.xacro
[1.463s] -- Up-to-date symlink: /root/tiago_public_ws/install/tiago_description/share/tiago_description/urdf/sensors/ftsensor.gazebo.xacro
[1.464s] -- Up-to-date symlink: /root/tiago_public_ws/install/tiago_description/share/tiago_description/urdf/sensors/ftsensor.ros2_control.xacro
[1.464s] -- Up-to-date symlink: /root/tiago_public_ws/install/tiago_description/share/tiago_description/urdf/sensors/ftsensor.urdf.xacro
[1.464s] -- Up-to-date symlink: /root/tiago_public_ws/install/tiago_description/share/tiago_description/urdf/sensors/openni.gazebo.xacro
[1.464s] -- Up-to-date symlink: /root/tiago_public_ws/install/tiago_description/share/tiago_description/urdf/sensors/orbbec_astra.urdf.xacro
[1.464s] -- Up-to-date symlink: /root/tiago_public_ws/install/tiago_description/share/tiago_description/urdf/sensors/xtion_pro_live.urdf.xacro
[1.464s] -- Up-to-date symlink: /root/tiago_public_ws/install/tiago_description/share/tiago_description/urdf/torso/torso.ros2_control.xacro
[1.465s] -- Up-to-date symlink: /root/tiago_public_ws/install/tiago_description/share/tiago_description/urdf/torso/torso.urdf.xacro
[1.465s] -- Up-to-date symlink: /root/tiago_public_ws/install/tiago_description/share/tiago_description/config/tiago.rviz
[1.465s] -- Up-to-date symlink: /root/tiago_public_ws/install/tiago_description/share/tiago_description/config/tiago_configuration.yaml
[1.465s] -- Up-to-date symlink: /root/tiago_public_ws/install/tiago_description/share/tiago_description/config/urdf.rviz
[1.466s] -- Up-to-date symlink: /root/tiago_public_ws/install/tiago_description/share/ament_index/resource_index/package_run_dependencies/tiago_description
[1.466s] -- Up-to-date symlink: /root/tiago_public_ws/install/tiago_description/share/ament_index/resource_index/parent_prefix_path/tiago_description
[1.466s] -- Up-to-date symlink: /root/tiago_public_ws/install/tiago_description/share/tiago_description/environment/ament_prefix_path.sh
[1.466s] -- Up-to-date symlink: /root/tiago_public_ws/install/tiago_description/share/tiago_description/environment/ament_prefix_path.dsv
[1.466s] -- Up-to-date symlink: /root/tiago_public_ws/install/tiago_description/share/tiago_description/environment/path.sh
[1.466s] -- Up-to-date symlink: /root/tiago_public_ws/install/tiago_description/share/tiago_description/environment/path.dsv
[1.466s] -- Up-to-date symlink: /root/tiago_public_ws/install/tiago_description/share/tiago_description/local_setup.bash
[1.466s] -- Up-to-date symlink: /root/tiago_public_ws/install/tiago_description/share/tiago_description/local_setup.sh
[1.467s] -- Up-to-date symlink: /root/tiago_public_ws/install/tiago_description/share/tiago_description/local_setup.zsh
[1.467s] -- Up-to-date symlink: /root/tiago_public_ws/install/tiago_description/share/tiago_description/local_setup.dsv
[1.467s] -- Symlinking: /root/tiago_public_ws/install/tiago_description/share/tiago_description/package.dsv
[1.480s] -- Up-to-date symlink: /root/tiago_public_ws/install/tiago_description/share/ament_index/resource_index/packages/tiago_description
[1.480s] -- Up-to-date symlink: /root/tiago_public_ws/install/tiago_description/share/tiago_description/cmake/tiago_descriptionConfig.cmake
[1.481s] -- Up-to-date symlink: /root/tiago_public_ws/install/tiago_description/share/tiago_description/cmake/tiago_descriptionConfig-version.cmake
[1.481s] -- Up-to-date symlink: /root/tiago_public_ws/install/tiago_description/share/tiago_description/package.xml
[1.532s] Listing '/root/tiago_public_ws/install/tiago_description/local/lib/python3.10/dist-packages/tiago_description'...
[1.548s] Invoked command in '/root/tiago_public_ws/build/tiago_description' returned '0': AMENT_PREFIX_PATH=/root/tiago_public_ws/install/pmb2_description:/root/tiago_public_ws/install/pal_hey5_description:/root/tiago_public_ws/install/pal_gripper_description:/root/tiago_public_ws/install/urdf_test:/root/tiago_public_ws/install/pal_urdf_utils:/root/tiago_public_ws/install/pal_robotiq_description:/root/tiago_public_ws/install/launch_pal:${AMENT_PREFIX_PATH} CMAKE_PREFIX_PATH=/root/tiago_public_ws/install/pmb2_description:/root/tiago_public_ws/install/pal_hey5_description:/root/tiago_public_ws/install/pal_gripper_description:/root/tiago_public_ws/install/urdf_test:/root/tiago_public_ws/install/pal_urdf_utils:/root/tiago_public_ws/install/pal_robotiq_description:/opt/ros/humble PYTHONPATH=/root/tiago_public_ws/install/pmb2_description/local/lib/python3.10/dist-packages:/root/tiago_public_ws/install/urdf_test/local/lib/python3.10/dist-packages:/root/tiago_public_ws/install/launch_pal/lib/python3.10/site-packages:${PYTHONPATH} /usr/bin/cmake --install /root/tiago_public_ws/build/tiago_description
