[0.323s] Invoking command in '/root/tiago_public_ws/build/plansys2_cascade_example': CMAKE_PREFIX_PATH=${CMAKE_PREFIX_PATH}:/root/tiago_public_ws/install/launch_pal:/opt/ros/humble /usr/bin/cmake --build /root/tiago_public_ws/build/plansys2_cascade_example -- -j8 -l8
[0.714s] [ 25%] Built target move_action_node
[0.897s] [ 50%] Built target check_obstacles_node
[1.125s] [ 75%] Built target ask_charge_action_node
[1.297s] [100%] Built target charge_action_node
[1.404s] Invoked command in '/root/tiago_public_ws/build/plansys2_cascade_example' returned '0': CMAKE_PREFIX_PATH=${CMAKE_PREFIX_PATH}:/root/tiago_public_ws/install/launch_pal:/opt/ros/humble /usr/bin/cmake --build /root/tiago_public_ws/build/plansys2_cascade_example -- -j8 -l8
[1.744s] Invoking command in '/root/tiago_public_ws/build/plansys2_cascade_example': CMAKE_PREFIX_PATH=${CMAKE_PREFIX_PATH}:/root/tiago_public_ws/install/launch_pal:/opt/ros/humble /usr/bin/cmake --install /root/tiago_public_ws/build/plansys2_cascade_example
[1.774s] -- Install configuration: ""
[1.782s] -- Execute custom install script
[1.783s] -- Up-to-date symlink: /root/tiago_public_ws/install/plansys2_cascade_example/share/plansys2_cascade_example/launch/commands
[1.794s] -- Up-to-date symlink: /root/tiago_public_ws/install/plansys2_cascade_example/share/plansys2_cascade_example/launch/plansys2_cascade_example_launch.py
[1.796s] -- Up-to-date symlink: /root/tiago_public_ws/install/plansys2_cascade_example/share/plansys2_cascade_example/pddl/cascade_example.pddl
[1.797s] -- Up-to-date symlink: /root/tiago_public_ws/install/plansys2_cascade_example/lib/plansys2_cascade_example/move_action_node
[1.797s] -- Up-to-date symlink: /root/tiago_public_ws/install/plansys2_cascade_example/lib/plansys2_cascade_example/charge_action_node
[1.805s] -- Up-to-date symlink: /root/tiago_public_ws/install/plansys2_cascade_example/lib/plansys2_cascade_example/ask_charge_action_node
[1.806s] -- Up-to-date symlink: /root/tiago_public_ws/install/plansys2_cascade_example/lib/plansys2_cascade_example/check_obstacles_node
[1.806s] -- Up-to-date symlink: /root/tiago_public_ws/install/plansys2_cascade_example/share/ament_index/resource_index/package_run_dependencies/plansys2_cascade_example
[1.807s] -- Up-to-date symlink: /root/tiago_public_ws/install/plansys2_cascade_example/share/ament_index/resource_index/parent_prefix_path/plansys2_cascade_example
[1.814s] -- Up-to-date symlink: /root/tiago_public_ws/install/plansys2_cascade_example/share/plansys2_cascade_example/environment/ament_prefix_path.sh
[1.826s] -- Up-to-date symlink: /root/tiago_public_ws/install/plansys2_cascade_example/share/plansys2_cascade_example/environment/ament_prefix_path.dsv
[1.827s] -- Up-to-date symlink: /root/tiago_public_ws/install/plansys2_cascade_example/share/plansys2_cascade_example/environment/path.sh
[1.827s] -- Up-to-date symlink: /root/tiago_public_ws/install/plansys2_cascade_example/share/plansys2_cascade_example/environment/path.dsv
[1.827s] -- Up-to-date symlink: /root/tiago_public_ws/install/plansys2_cascade_example/share/plansys2_cascade_example/local_setup.bash
[1.828s] -- Up-to-date symlink: /root/tiago_public_ws/install/plansys2_cascade_example/share/plansys2_cascade_example/local_setup.sh
[1.828s] -- Up-to-date symlink: /root/tiago_public_ws/install/plansys2_cascade_example/share/plansys2_cascade_example/local_setup.zsh
[1.828s] -- Up-to-date symlink: /root/tiago_public_ws/install/plansys2_cascade_example/share/plansys2_cascade_example/local_setup.dsv
[1.828s] -- Symlinking: /root/tiago_public_ws/install/plansys2_cascade_example/share/plansys2_cascade_example/package.dsv
[1.829s] -- Up-to-date symlink: /root/tiago_public_ws/install/plansys2_cascade_example/share/ament_index/resource_index/packages/plansys2_cascade_example
[1.829s] -- Up-to-date symlink: /root/tiago_public_ws/install/plansys2_cascade_example/share/plansys2_cascade_example/cmake/ament_cmake_export_dependencies-extras.cmake
[1.829s] -- Up-to-date symlink: /root/tiago_public_ws/install/plansys2_cascade_example/share/plansys2_cascade_example/cmake/plansys2_cascade_exampleConfig.cmake
[1.830s] -- Up-to-date symlink: /root/tiago_public_ws/install/plansys2_cascade_example/share/plansys2_cascade_example/cmake/plansys2_cascade_exampleConfig-version.cmake
[1.830s] -- Up-to-date symlink: /root/tiago_public_ws/install/plansys2_cascade_example/share/plansys2_cascade_example/package.xml
[1.919s] Invoked command in '/root/tiago_public_ws/build/plansys2_cascade_example' returned '0': CMAKE_PREFIX_PATH=${CMAKE_PREFIX_PATH}:/root/tiago_public_ws/install/launch_pal:/opt/ros/humble /usr/bin/cmake --install /root/tiago_public_ws/build/plansys2_cascade_example
