[0.203s] Invoking command in '/root/tiago_public_ws/build/tiago_description': AMENT_PREFIX_PATH=/root/tiago_public_ws/install/pmb2_description:/root/tiago_public_ws/install/pal_hey5_description:/root/tiago_public_ws/install/pal_gripper_description:/root/tiago_public_ws/install/urdf_test:/root/tiago_public_ws/install/pal_urdf_utils:/root/tiago_public_ws/install/pal_robotiq_description:/root/tiago_public_ws/install/launch_pal:${AMENT_PREFIX_PATH} CMAKE_PREFIX_PATH=/root/tiago_public_ws/install/pmb2_description:/root/tiago_public_ws/install/pal_hey5_description:/root/tiago_public_ws/install/pal_gripper_description:/root/tiago_public_ws/install/urdf_test:/root/tiago_public_ws/install/pal_urdf_utils:/root/tiago_public_ws/install/pal_robotiq_description:/opt/ros/humble PYTHONPATH=/root/tiago_public_ws/install/pmb2_description/local/lib/python3.10/dist-packages:/root/tiago_public_ws/install/urdf_test/local/lib/python3.10/dist-packages:/root/tiago_public_ws/install/launch_pal/lib/python3.10/site-packages:${PYTHONPATH} /usr/bin/cmake --build /root/tiago_public_ws/build/tiago_description -- -j8 -l8
[0.243s] Built target ament_cmake_python_symlink_tiago_description
[0.475s] running egg_info
[0.476s] writing tiago_description.egg-info/PKG-INFO
[0.476s] writing dependency_links to tiago_description.egg-info/dependency_links.txt
[0.476s] writing top-level names to tiago_description.egg-info/top_level.txt
[0.478s] reading manifest file 'tiago_description.egg-info/SOURCES.txt'
[0.479s] writing manifest file 'tiago_description.egg-info/SOURCES.txt'
[0.500s] Built target ament_cmake_python_build_tiago_description_egg
[0.507s] Invoked command in '/root/tiago_public_ws/build/tiago_description' returned '0': AMENT_PREFIX_PATH=/root/tiago_public_ws/install/pmb2_description:/root/tiago_public_ws/install/pal_hey5_description:/root/tiago_public_ws/install/pal_gripper_description:/root/tiago_public_ws/install/urdf_test:/root/tiago_public_ws/install/pal_urdf_utils:/root/tiago_public_ws/install/pal_robotiq_description:/root/tiago_public_ws/install/launch_pal:${AMENT_PREFIX_PATH} CMAKE_PREFIX_PATH=/root/tiago_public_ws/install/pmb2_description:/root/tiago_public_ws/install/pal_hey5_description:/root/tiago_public_ws/install/pal_gripper_description:/root/tiago_public_ws/install/urdf_test:/root/tiago_public_ws/install/pal_urdf_utils:/root/tiago_public_ws/install/pal_robotiq_description:/opt/ros/humble PYTHONPATH=/root/tiago_public_ws/install/pmb2_description/local/lib/python3.10/dist-packages:/root/tiago_public_ws/install/urdf_test/local/lib/python3.10/dist-packages:/root/tiago_public_ws/install/launch_pal/lib/python3.10/site-packages:${PYTHONPATH} /usr/bin/cmake --build /root/tiago_public_ws/build/tiago_description -- -j8 -l8
[0.521s] Invoking command in '/root/tiago_public_ws/build/tiago_description': AMENT_PREFIX_PATH=/root/tiago_public_ws/install/pmb2_description:/root/tiago_public_ws/install/pal_hey5_description:/root/tiago_public_ws/install/pal_gripper_description:/root/tiago_public_ws/install/urdf_test:/root/tiago_public_ws/install/pal_urdf_utils:/root/tiago_public_ws/install/pal_robotiq_description:/root/tiago_public_ws/install/launch_pal:${AMENT_PREFIX_PATH} CMAKE_PREFIX_PATH=/root/tiago_public_ws/install/pmb2_description:/root/tiago_public_ws/install/pal_hey5_description:/root/tiago_public_ws/install/pal_gripper_description:/root/tiago_public_ws/install/urdf_test:/root/tiago_public_ws/install/pal_urdf_utils:/root/tiago_public_ws/install/pal_robotiq_description:/opt/ros/humble PYTHONPATH=/root/tiago_public_ws/install/pmb2_description/local/lib/python3.10/dist-packages:/root/tiago_public_ws/install/urdf_test/local/lib/python3.10/dist-packages:/root/tiago_public_ws/install/launch_pal/lib/python3.10/site-packages:${PYTHONPATH} /usr/bin/cmake --install /root/tiago_public_ws/build/tiago_description
[0.525s] -- Install configuration: ""
[0.525s] -- Execute custom install script
[0.526s] -- Up-to-date symlink: /root/tiago_public_ws/install/tiago_description/share/tiago_description/environment/pythonpath.sh
[0.526s] -- Up-to-date symlink: /root/tiago_public_ws/install/tiago_description/share/tiago_description/environment/pythonpath.dsv
[0.526s] -- Up-to-date symlink: /root/tiago_public_ws/install/tiago_description/local/lib/python3.10/dist-packages/tiago_description-4.6.0-py3.10.egg-info/PKG-INFO
[0.526s] -- Up-to-date symlink: /root/tiago_public_ws/install/tiago_description/local/lib/python3.10/dist-packages/tiago_description-4.6.0-py3.10.egg-info/SOURCES.txt
[0.526s] -- Up-to-date symlink: /root/tiago_public_ws/install/tiago_description/local/lib/python3.10/dist-packages/tiago_description-4.6.0-py3.10.egg-info/dependency_links.txt
[0.526s] -- Up-to-date symlink: /root/tiago_public_ws/install/tiago_description/local/lib/python3.10/dist-packages/tiago_description-4.6.0-py3.10.egg-info/top_level.txt
[0.526s] -- Up-to-date symlink: /root/tiago_public_ws/install/tiago_description/local/lib/python3.10/dist-packages/tiago_description/__init__.py
[0.526s] -- Up-to-date symlink: /root/tiago_public_ws/install/tiago_description/local/lib/python3.10/dist-packages/tiago_description/launch_arguments.py
[0.526s] -- Up-to-date symlink: /root/tiago_public_ws/install/tiago_description/local/lib/python3.10/dist-packages/tiago_description/tiago_launch_utils.py
[0.527s] -- Up-to-date symlink: /root/tiago_public_ws/install/tiago_description/share/tiago_description/launch/robot_state_publisher.launch.py
[0.527s] -- Up-to-date symlink: /root/tiago_public_ws/install/tiago_description/share/tiago_description/launch/show.launch.py
[0.527s] -- Up-to-date symlink: /root/tiago_public_ws/install/tiago_description/share/tiago_description/meshes/arm/arm_1.stl
[0.528s] -- Up-to-date symlink: /root/tiago_public_ws/install/tiago_description/share/tiago_description/meshes/arm/arm_1_collision.dae
[0.528s] -- Up-to-date symlink: /root/tiago_public_ws/install/tiago_description/share/tiago_description/meshes/arm/arm_1_color.png
[0.528s] -- Up-to-date symlink: /root/tiago_public_ws/install/tiago_description/share/tiago_description/meshes/arm/arm_1_normals.png
[0.528s] -- Up-to-date symlink: /root/tiago_public_ws/install/tiago_description/share/tiago_description/meshes/arm/arm_1_specular.png
[0.528s] -- Up-to-date symlink: /root/tiago_public_ws/install/tiago_description/share/tiago_description/meshes/arm/arm_2.stl
[0.528s] -- Up-to-date symlink: /root/tiago_public_ws/install/tiago_description/share/tiago_description/meshes/arm/arm_2_collision.dae
[0.528s] -- Up-to-date symlink: /root/tiago_public_ws/install/tiago_description/share/tiago_description/meshes/arm/arm_2_color.png
[0.528s] -- Up-to-date symlink: /root/tiago_public_ws/install/tiago_description/share/tiago_description/meshes/arm/arm_2_normals.png
[0.529s] -- Up-to-date symlink: /root/tiago_public_ws/install/tiago_description/share/tiago_description/meshes/arm/arm_2_specular.png
[0.529s] -- Up-to-date symlink: /root/tiago_public_ws/install/tiago_description/share/tiago_description/meshes/arm/arm_3.stl
[0.529s] -- Up-to-date symlink: /root/tiago_public_ws/install/tiago_description/share/tiago_description/meshes/arm/arm_3_collision.dae
[0.529s] -- Up-to-date symlink: /root/tiago_public_ws/install/tiago_description/share/tiago_description/meshes/arm/arm_3_color.png
[0.529s] -- Up-to-date symlink: /root/tiago_public_ws/install/tiago_description/share/tiago_description/meshes/arm/arm_3_normals.png
[0.529s] -- Up-to-date symlink: /root/tiago_public_ws/install/tiago_description/share/tiago_description/meshes/arm/arm_3_specular.png
[0.529s] -- Up-to-date symlink: /root/tiago_public_ws/install/tiago_description/share/tiago_description/meshes/arm/arm_4.stl
[0.529s] -- Up-to-date symlink: /root/tiago_public_ws/install/tiago_description/share/tiago_description/meshes/arm/arm_4_collision.dae
[0.530s] -- Up-to-date symlink: /root/tiago_public_ws/install/tiago_description/share/tiago_description/meshes/arm/arm_4_collision.stl
[0.530s] -- Up-to-date symlink: /root/tiago_public_ws/install/tiago_description/share/tiago_description/meshes/arm/arm_4_color.png
[0.530s] -- Up-to-date symlink: /root/tiago_public_ws/install/tiago_description/share/tiago_description/meshes/arm/arm_4_normals.png
[0.530s] -- Up-to-date symlink: /root/tiago_public_ws/install/tiago_description/share/tiago_description/meshes/arm/arm_4_specular.png
[0.530s] -- Up-to-date symlink: /root/tiago_public_ws/install/tiago_description/share/tiago_description/meshes/arm/arm_5-wrist-2010.stl
[0.530s] -- Up-to-date symlink: /root/tiago_public_ws/install/tiago_description/share/tiago_description/meshes/arm/arm_5-wrist-2017.stl
[0.530s] -- Up-to-date symlink: /root/tiago_public_ws/install/tiago_description/share/tiago_description/meshes/arm/arm_5_collision-wrist-2010.dae
[0.530s] -- Up-to-date symlink: /root/tiago_public_ws/install/tiago_description/share/tiago_description/meshes/arm/arm_5_collision-wrist-2017.dae
[0.531s] -- Up-to-date symlink: /root/tiago_public_ws/install/tiago_description/share/tiago_description/meshes/arm/arm_6-wrist-2010.stl
[0.531s] -- Up-to-date symlink: /root/tiago_public_ws/install/tiago_description/share/tiago_description/meshes/arm/arm_6-wrist-2017.stl
[0.531s] -- Up-to-date symlink: /root/tiago_public_ws/install/tiago_description/share/tiago_description/meshes/arm/arm_6_collision-wrist-2010.dae
[0.531s] -- Up-to-date symlink: /root/tiago_public_ws/install/tiago_description/share/tiago_description/meshes/arm/arm_6_collision-wrist-2017.dae
[0.531s] -- Up-to-date symlink: /root/tiago_public_ws/install/tiago_description/share/tiago_description/meshes/arm/arm_6_color.png
[0.531s] -- Up-to-date symlink: /root/tiago_public_ws/install/tiago_description/share/tiago_description/meshes/arm/arm_6_normals.png
[0.531s] -- Up-to-date symlink: /root/tiago_public_ws/install/tiago_description/share/tiago_description/meshes/arm/arm_6_specular.png
[0.532s] -- Up-to-date symlink: /root/tiago_public_ws/install/tiago_description/share/tiago_description/meshes/head/head_1.stl
[0.532s] -- Up-to-date symlink: /root/tiago_public_ws/install/tiago_description/share/tiago_description/meshes/head/head_1_collision.dae
[0.532s] -- Up-to-date symlink: /root/tiago_public_ws/install/tiago_description/share/tiago_description/meshes/head/head_2.stl
[0.532s] -- Up-to-date symlink: /root/tiago_public_ws/install/tiago_description/share/tiago_description/meshes/head/head_2_collision.dae
[0.532s] -- Up-to-date symlink: /root/tiago_public_ws/install/tiago_description/share/tiago_description/meshes/sensors/xtion_pro_live/xtion_pro_live.dae
[0.532s] -- Up-to-date symlink: /root/tiago_public_ws/install/tiago_description/share/tiago_description/meshes/sensors/xtion_pro_live/xtion_pro_live.png
[0.532s] -- Up-to-date symlink: /root/tiago_public_ws/install/tiago_description/share/tiago_description/meshes/torso/torso_fix.stl
[0.532s] -- Up-to-date symlink: /root/tiago_public_ws/install/tiago_description/share/tiago_description/meshes/torso/torso_lift_collision.dae
[0.532s] -- Up-to-date symlink: /root/tiago_public_ws/install/tiago_description/share/tiago_description/meshes/torso/torso_lift_collision_core.dae
[0.532s] -- Up-to-date symlink: /root/tiago_public_ws/install/tiago_description/share/tiago_description/meshes/torso/torso_lift_collision_neck.dae
[0.533s] -- Up-to-date symlink: /root/tiago_public_ws/install/tiago_description/share/tiago_description/meshes/torso/torso_lift_collision_shoulder.dae
[0.533s] -- Up-to-date symlink: /root/tiago_public_ws/install/tiago_description/share/tiago_description/meshes/torso/torso_lift_with_arm.stl
[0.533s] -- Up-to-date symlink: /root/tiago_public_ws/install/tiago_description/share/tiago_description/meshes/torso/torso_lift_without_arm.stl
[0.533s] -- Up-to-date symlink: /root/tiago_public_ws/install/tiago_description/share/tiago_description/robots/tiago.urdf.xacro
[0.533s] -- Up-to-date symlink: /root/tiago_public_ws/install/tiago_description/share/tiago_description/ros2_control/gazebo_controller_manager_cfg.yaml
[0.533s] -- Up-to-date symlink: /root/tiago_public_ws/install/tiago_description/share/tiago_description/ros2_control/ros2_control.urdf.xacro
[0.533s] -- Up-to-date symlink: /root/tiago_public_ws/install/tiago_description/share/tiago_description/ros2_control/transmissions.urdf.xacro
[0.533s] -- Up-to-date symlink: /root/tiago_public_ws/install/tiago_description/share/tiago_description/urdf/arm/arm.ros2_control.xacro
[0.534s] -- Up-to-date symlink: /root/tiago_public_ws/install/tiago_description/share/tiago_description/urdf/arm/arm.urdf.xacro
[0.534s] -- Up-to-date symlink: /root/tiago_public_ws/install/tiago_description/share/tiago_description/urdf/arm/wrist.ros2_control.xacro
[0.534s] -- Up-to-date symlink: /root/tiago_public_ws/install/tiago_description/share/tiago_description/urdf/arm/wrist.urdf.xacro
[0.534s] -- Up-to-date symlink: /root/tiago_public_ws/install/tiago_description/share/tiago_description/urdf/calibration/calibration_constants.urdf.xacro
[0.534s] -- Up-to-date symlink: /root/tiago_public_ws/install/tiago_description/share/tiago_description/urdf/calibration/extrinsic_camera_calibration_constants.urdf.xacro
[0.534s] -- Up-to-date symlink: /root/tiago_public_ws/install/tiago_description/share/tiago_description/urdf/end_effector/end_effector.urdf.xacro
[0.535s] -- Up-to-date symlink: /root/tiago_public_ws/install/tiago_description/share/tiago_description/urdf/head/head.ros2_control.xacro
[0.535s] -- Up-to-date symlink: /root/tiago_public_ws/install/tiago_description/share/tiago_description/urdf/head/head.urdf.xacro
[0.535s] -- Up-to-date symlink: /root/tiago_public_ws/install/tiago_description/share/tiago_description/urdf/sensors/ftsensor.gazebo.xacro
[0.535s] -- Up-to-date symlink: /root/tiago_public_ws/install/tiago_description/share/tiago_description/urdf/sensors/ftsensor.ros2_control.xacro
[0.535s] -- Up-to-date symlink: /root/tiago_public_ws/install/tiago_description/share/tiago_description/urdf/sensors/ftsensor.urdf.xacro
[0.535s] -- Up-to-date symlink: /root/tiago_public_ws/install/tiago_description/share/tiago_description/urdf/sensors/openni.gazebo.xacro
[0.535s] -- Up-to-date symlink: /root/tiago_public_ws/install/tiago_description/share/tiago_description/urdf/sensors/orbbec_astra.urdf.xacro
[0.536s] -- Up-to-date symlink: /root/tiago_public_ws/install/tiago_description/share/tiago_description/urdf/sensors/xtion_pro_live.urdf.xacro
[0.536s] -- Up-to-date symlink: /root/tiago_public_ws/install/tiago_description/share/tiago_description/urdf/torso/torso.ros2_control.xacro
[0.536s] -- Up-to-date symlink: /root/tiago_public_ws/install/tiago_description/share/tiago_description/urdf/torso/torso.urdf.xacro
[0.536s] -- Up-to-date symlink: /root/tiago_public_ws/install/tiago_description/share/tiago_description/config/tiago.rviz
[0.536s] -- Up-to-date symlink: /root/tiago_public_ws/install/tiago_description/share/tiago_description/config/tiago_configuration.yaml
[0.536s] -- Up-to-date symlink: /root/tiago_public_ws/install/tiago_description/share/tiago_description/config/urdf.rviz
[0.537s] -- Up-to-date symlink: /root/tiago_public_ws/install/tiago_description/share/ament_index/resource_index/package_run_dependencies/tiago_description
[0.537s] -- Up-to-date symlink: /root/tiago_public_ws/install/tiago_description/share/ament_index/resource_index/parent_prefix_path/tiago_description
[0.537s] -- Up-to-date symlink: /root/tiago_public_ws/install/tiago_description/share/tiago_description/environment/ament_prefix_path.sh
[0.537s] -- Up-to-date symlink: /root/tiago_public_ws/install/tiago_description/share/tiago_description/environment/ament_prefix_path.dsv
[0.537s] -- Up-to-date symlink: /root/tiago_public_ws/install/tiago_description/share/tiago_description/environment/path.sh
[0.537s] -- Up-to-date symlink: /root/tiago_public_ws/install/tiago_description/share/tiago_description/environment/path.dsv
[0.537s] -- Up-to-date symlink: /root/tiago_public_ws/install/tiago_description/share/tiago_description/local_setup.bash
[0.537s] -- Up-to-date symlink: /root/tiago_public_ws/install/tiago_description/share/tiago_description/local_setup.sh
[0.537s] -- Up-to-date symlink: /root/tiago_public_ws/install/tiago_description/share/tiago_description/local_setup.zsh
[0.537s] -- Up-to-date symlink: /root/tiago_public_ws/install/tiago_description/share/tiago_description/local_setup.dsv
[0.537s] -- Symlinking: /root/tiago_public_ws/install/tiago_description/share/tiago_description/package.dsv
[0.544s] -- Up-to-date symlink: /root/tiago_public_ws/install/tiago_description/share/ament_index/resource_index/packages/tiago_description
[0.545s] -- Up-to-date symlink: /root/tiago_public_ws/install/tiago_description/share/tiago_description/cmake/tiago_descriptionConfig.cmake
[0.545s] -- Up-to-date symlink: /root/tiago_public_ws/install/tiago_description/share/tiago_description/cmake/tiago_descriptionConfig-version.cmake
[0.545s] -- Up-to-date symlink: /root/tiago_public_ws/install/tiago_description/share/tiago_description/package.xml
[0.574s] Listing '/root/tiago_public_ws/install/tiago_description/local/lib/python3.10/dist-packages/tiago_description'...
[0.580s] Invoked command in '/root/tiago_public_ws/build/tiago_description' returned '0': AMENT_PREFIX_PATH=/root/tiago_public_ws/install/pmb2_description:/root/tiago_public_ws/install/pal_hey5_description:/root/tiago_public_ws/install/pal_gripper_description:/root/tiago_public_ws/install/urdf_test:/root/tiago_public_ws/install/pal_urdf_utils:/root/tiago_public_ws/install/pal_robotiq_description:/root/tiago_public_ws/install/launch_pal:${AMENT_PREFIX_PATH} CMAKE_PREFIX_PATH=/root/tiago_public_ws/install/pmb2_description:/root/tiago_public_ws/install/pal_hey5_description:/root/tiago_public_ws/install/pal_gripper_description:/root/tiago_public_ws/install/urdf_test:/root/tiago_public_ws/install/pal_urdf_utils:/root/tiago_public_ws/install/pal_robotiq_description:/opt/ros/humble PYTHONPATH=/root/tiago_public_ws/install/pmb2_description/local/lib/python3.10/dist-packages:/root/tiago_public_ws/install/urdf_test/local/lib/python3.10/dist-packages:/root/tiago_public_ws/install/launch_pal/lib/python3.10/site-packages:${PYTHONPATH} /usr/bin/cmake --install /root/tiago_public_ws/build/tiago_description
