[0.335s] Invoking command in '/root/tiago_public_ws/build/plansys2_bt_example': CMAKE_PREFIX_PATH=${CMAKE_PREFIX_PATH}:/root/tiago_public_ws/install/launch_pal:/opt/ros/humble /usr/bin/cmake --build /root/tiago_public_ws/build/plansys2_bt_example -- -j8 -l8
[0.634s] [ 12%] Built target plansys2_recharge_bt_node
[0.856s] [ 25%] Built target nav2_sim_node
[0.967s] [ 37%] Built target assemble_controller_node
[1.214s] [ 50%] Built target assemble_action_node
[1.356s] [ 62%] Built target plansys2_approach_object_bt_node
[1.475s] [ 75%] Built target plansys2_move_bt_node
[1.672s] [ 87%] Built target plansys2_open_gripper_bt_node
[1.827s] [100%] Built target plansys2_close_gripper_bt_node
[1.901s] Invoked command in '/root/tiago_public_ws/build/plansys2_bt_example' returned '0': CMAKE_PREFIX_PATH=${CMAKE_PREFIX_PATH}:/root/tiago_public_ws/install/launch_pal:/opt/ros/humble /usr/bin/cmake --build /root/tiago_public_ws/build/plansys2_bt_example -- -j8 -l8
[2.432s] Invoking command in '/root/tiago_public_ws/build/plansys2_bt_example': CMAKE_PREFIX_PATH=${CMAKE_PREFIX_PATH}:/root/tiago_public_ws/install/launch_pal:/opt/ros/humble /usr/bin/cmake --install /root/tiago_public_ws/build/plansys2_bt_example
[2.454s] -- Install configuration: ""
[2.454s] -- Execute custom install script
[2.455s] -- Up-to-date symlink: /root/tiago_public_ws/install/plansys2_bt_example/share/plansys2_bt_example/launch/commands
[2.455s] -- Up-to-date symlink: /root/tiago_public_ws/install/plansys2_bt_example/share/plansys2_bt_example/launch/plansys2_bt_example_launch.py
[2.455s] -- Up-to-date symlink: /root/tiago_public_ws/install/plansys2_bt_example/share/plansys2_bt_example/pddl/bt_example.pddl
[2.455s] -- Up-to-date symlink: /root/tiago_public_ws/install/plansys2_bt_example/share/plansys2_bt_example/behavior_trees_xml/move.xml
[2.455s] -- Up-to-date symlink: /root/tiago_public_ws/install/plansys2_bt_example/share/plansys2_bt_example/behavior_trees_xml/recharge.xml
[2.455s] -- Up-to-date symlink: /root/tiago_public_ws/install/plansys2_bt_example/share/plansys2_bt_example/behavior_trees_xml/transport.xml
[2.456s] -- Up-to-date symlink: /root/tiago_public_ws/install/plansys2_bt_example/share/plansys2_bt_example/config/params.yaml
[2.475s] -- Up-to-date symlink: /root/tiago_public_ws/install/plansys2_bt_example/lib/plansys2_bt_example/assemble_action_node
[2.477s] -- Up-to-date symlink: /root/tiago_public_ws/install/plansys2_bt_example/lib/plansys2_bt_example/assemble_controller_node
[2.477s] -- Up-to-date symlink: /root/tiago_public_ws/install/plansys2_bt_example/lib/plansys2_bt_example/nav2_sim_node
[2.477s] -- Up-to-date symlink: /root/tiago_public_ws/install/plansys2_bt_example/lib/libplansys2_recharge_bt_node.so
[2.477s] -- Up-to-date symlink: /root/tiago_public_ws/install/plansys2_bt_example/lib/libplansys2_close_gripper_bt_node.so
[2.478s] -- Up-to-date symlink: /root/tiago_public_ws/install/plansys2_bt_example/lib/libplansys2_open_gripper_bt_node.so
[2.478s] -- Up-to-date symlink: /root/tiago_public_ws/install/plansys2_bt_example/lib/libplansys2_move_bt_node.so
[2.478s] -- Up-to-date symlink: /root/tiago_public_ws/install/plansys2_bt_example/lib/libplansys2_approach_object_bt_node.so
[2.478s] -- Up-to-date symlink: /root/tiago_public_ws/install/plansys2_bt_example/share/ament_index/resource_index/package_run_dependencies/plansys2_bt_example
[2.478s] -- Up-to-date symlink: /root/tiago_public_ws/install/plansys2_bt_example/share/ament_index/resource_index/parent_prefix_path/plansys2_bt_example
[2.478s] -- Up-to-date symlink: /root/tiago_public_ws/install/plansys2_bt_example/share/plansys2_bt_example/environment/ament_prefix_path.sh
[2.482s] -- Up-to-date symlink: /root/tiago_public_ws/install/plansys2_bt_example/share/plansys2_bt_example/environment/ament_prefix_path.dsv
[2.482s] -- Up-to-date symlink: /root/tiago_public_ws/install/plansys2_bt_example/share/plansys2_bt_example/environment/path.sh
[2.482s] -- Up-to-date symlink: /root/tiago_public_ws/install/plansys2_bt_example/share/plansys2_bt_example/environment/path.dsv
[2.483s] -- Up-to-date symlink: /root/tiago_public_ws/install/plansys2_bt_example/share/plansys2_bt_example/local_setup.bash
[2.493s] -- Up-to-date symlink: /root/tiago_public_ws/install/plansys2_bt_example/share/plansys2_bt_example/local_setup.sh
[2.538s] -- Up-to-date symlink: /root/tiago_public_ws/install/plansys2_bt_example/share/plansys2_bt_example/local_setup.zsh
[2.539s] -- Up-to-date symlink: /root/tiago_public_ws/install/plansys2_bt_example/share/plansys2_bt_example/local_setup.dsv
[2.539s] -- Symlinking: /root/tiago_public_ws/install/plansys2_bt_example/share/plansys2_bt_example/package.dsv
[2.540s] -- Up-to-date symlink: /root/tiago_public_ws/install/plansys2_bt_example/share/ament_index/resource_index/packages/plansys2_bt_example
[2.541s] -- Up-to-date symlink: /root/tiago_public_ws/install/plansys2_bt_example/share/plansys2_bt_example/cmake/ament_cmake_export_dependencies-extras.cmake
[2.542s] -- Up-to-date symlink: /root/tiago_public_ws/install/plansys2_bt_example/share/plansys2_bt_example/cmake/plansys2_bt_exampleConfig.cmake
[2.542s] -- Up-to-date symlink: /root/tiago_public_ws/install/plansys2_bt_example/share/plansys2_bt_example/cmake/plansys2_bt_exampleConfig-version.cmake
[2.542s] -- Up-to-date symlink: /root/tiago_public_ws/install/plansys2_bt_example/share/plansys2_bt_example/package.xml
[2.618s] Invoked command in '/root/tiago_public_ws/build/plansys2_bt_example' returned '0': CMAKE_PREFIX_PATH=${CMAKE_PREFIX_PATH}:/root/tiago_public_ws/install/launch_pal:/opt/ros/humble /usr/bin/cmake --install /root/tiago_public_ws/build/plansys2_bt_example
