[0.160s] Invoking command in '/root/tiago_public_ws/build/pal_navigation_cfg': AMENT_PREFIX_PATH=/root/tiago_public_ws/install/pal_navigation_cfg_bringup:/root/tiago_public_ws/install/pal_navigation_cfg_params:/root/tiago_public_ws/install/launch_pal:${AMENT_PREFIX_PATH} CMAKE_PREFIX_PATH=/root/tiago_public_ws/install/pal_navigation_cfg_bringup:/root/tiago_public_ws/install/pal_navigation_cfg_params:/opt/ros/humble PYTHONPATH=/root/tiago_public_ws/install/launch_pal/lib/python3.10/site-packages:${PYTHONPATH} /usr/bin/cmake --build /root/tiago_public_ws/build/pal_navigation_cfg -- -j8 -l8
[0.199s] Invoked command in '/root/tiago_public_ws/build/pal_navigation_cfg' returned '0': AMENT_PREFIX_PATH=/root/tiago_public_ws/install/pal_navigation_cfg_bringup:/root/tiago_public_ws/install/pal_navigation_cfg_params:/root/tiago_public_ws/install/launch_pal:${AMENT_PREFIX_PATH} CMAKE_PREFIX_PATH=/root/tiago_public_ws/install/pal_navigation_cfg_bringup:/root/tiago_public_ws/install/pal_navigation_cfg_params:/opt/ros/humble PYTHONPATH=/root/tiago_public_ws/install/launch_pal/lib/python3.10/site-packages:${PYTHONPATH} /usr/bin/cmake --build /root/tiago_public_ws/build/pal_navigation_cfg -- -j8 -l8
[0.223s] Invoking command in '/root/tiago_public_ws/build/pal_navigation_cfg': AMENT_PREFIX_PATH=/root/tiago_public_ws/install/pal_navigation_cfg_bringup:/root/tiago_public_ws/install/pal_navigation_cfg_params:/root/tiago_public_ws/install/launch_pal:${AMENT_PREFIX_PATH} CMAKE_PREFIX_PATH=/root/tiago_public_ws/install/pal_navigation_cfg_bringup:/root/tiago_public_ws/install/pal_navigation_cfg_params:/opt/ros/humble PYTHONPATH=/root/tiago_public_ws/install/launch_pal/lib/python3.10/site-packages:${PYTHONPATH} /usr/bin/cmake --install /root/tiago_public_ws/build/pal_navigation_cfg
[0.228s] -- Install configuration: ""
[0.228s] -- Execute custom install script
[0.229s] -- Up-to-date symlink: /root/tiago_public_ws/install/pal_navigation_cfg/share/ament_index/resource_index/package_run_dependencies/pal_navigation_cfg
[0.229s] -- Up-to-date symlink: /root/tiago_public_ws/install/pal_navigation_cfg/share/ament_index/resource_index/parent_prefix_path/pal_navigation_cfg
[0.229s] -- Up-to-date symlink: /root/tiago_public_ws/install/pal_navigation_cfg/share/pal_navigation_cfg/environment/ament_prefix_path.sh
[0.230s] -- Up-to-date symlink: /root/tiago_public_ws/install/pal_navigation_cfg/share/pal_navigation_cfg/environment/ament_prefix_path.dsv
[0.230s] -- Up-to-date symlink: /root/tiago_public_ws/install/pal_navigation_cfg/share/pal_navigation_cfg/environment/path.sh
[0.231s] -- Up-to-date symlink: /root/tiago_public_ws/install/pal_navigation_cfg/share/pal_navigation_cfg/environment/path.dsv
[0.231s] -- Up-to-date symlink: /root/tiago_public_ws/install/pal_navigation_cfg/share/pal_navigation_cfg/local_setup.bash
[0.234s] -- Up-to-date symlink: /root/tiago_public_ws/install/pal_navigation_cfg/share/pal_navigation_cfg/local_setup.sh
[0.234s] -- Up-to-date symlink: /root/tiago_public_ws/install/pal_navigation_cfg/share/pal_navigation_cfg/local_setup.zsh
[0.234s] -- Up-to-date symlink: /root/tiago_public_ws/install/pal_navigation_cfg/share/pal_navigation_cfg/local_setup.dsv
[0.235s] -- Symlinking: /root/tiago_public_ws/install/pal_navigation_cfg/share/pal_navigation_cfg/package.dsv
[0.240s] -- Up-to-date symlink: /root/tiago_public_ws/install/pal_navigation_cfg/share/ament_index/resource_index/packages/pal_navigation_cfg
[0.240s] -- Up-to-date symlink: /root/tiago_public_ws/install/pal_navigation_cfg/share/pal_navigation_cfg/cmake/pal_navigation_cfgConfig.cmake
[0.240s] -- Up-to-date symlink: /root/tiago_public_ws/install/pal_navigation_cfg/share/pal_navigation_cfg/cmake/pal_navigation_cfgConfig-version.cmake
[0.241s] -- Up-to-date symlink: /root/tiago_public_ws/install/pal_navigation_cfg/share/pal_navigation_cfg/package.xml
[0.262s] Invoked command in '/root/tiago_public_ws/build/pal_navigation_cfg' returned '0': AMENT_PREFIX_PATH=/root/tiago_public_ws/install/pal_navigation_cfg_bringup:/root/tiago_public_ws/install/pal_navigation_cfg_params:/root/tiago_public_ws/install/launch_pal:${AMENT_PREFIX_PATH} CMAKE_PREFIX_PATH=/root/tiago_public_ws/install/pal_navigation_cfg_bringup:/root/tiago_public_ws/install/pal_navigation_cfg_params:/opt/ros/humble PYTHONPATH=/root/tiago_public_ws/install/launch_pal/lib/python3.10/site-packages:${PYTHONPATH} /usr/bin/cmake --install /root/tiago_public_ws/build/pal_navigation_cfg
