[0.307s] Invoking command in '/root/tiago_public_ws/build/play_motion2': AMENT_PREFIX_PATH=/root/tiago_public_ws/install/play_motion2_msgs:/root/tiago_public_ws/install/launch_pal:${AMENT_PREFIX_PATH} CMAKE_PREFIX_PATH=/root/tiago_public_ws/install/play_motion2_msgs:/opt/ros/humble LD_LIBRARY_PATH=/root/tiago_public_ws/install/play_motion2_msgs/lib:${LD_LIBRARY_PATH} PYTHONPATH=/root/tiago_public_ws/install/play_motion2_msgs/local/lib/python3.10/dist-packages:/root/tiago_public_ws/build/launch_pal:/root/tiago_public_ws/install/launch_pal/lib/python3.10/site-packages:${PYTHONPATH} /usr/bin/cmake --build /root/tiago_public_ws/build/play_motion2 -- -j8 -l8
[0.396s] [ 18%] Built target play_motion2
[0.425s] [ 27%] Built target gtest
[0.458s] [ 36%] Built target client
[0.485s] [ 45%] Built target gtest_main
[0.516s] [ 54%] Built target rrbot_system
[0.569s] [ 63%] Built target play_motion2_node_test
[0.623s] [ 72%] Built target play_motion2_test
[0.657s] [ 81%] Built target motion_loader_test
[0.695s] [ 90%] Built target run_motion
[0.739s] [100%] Built target play_motion2_node
[0.770s] Invoked command in '/root/tiago_public_ws/build/play_motion2' returned '0': AMENT_PREFIX_PATH=/root/tiago_public_ws/install/play_motion2_msgs:/root/tiago_public_ws/install/launch_pal:${AMENT_PREFIX_PATH} CMAKE_PREFIX_PATH=/root/tiago_public_ws/install/play_motion2_msgs:/opt/ros/humble LD_LIBRARY_PATH=/root/tiago_public_ws/install/play_motion2_msgs/lib:${LD_LIBRARY_PATH} PYTHONPATH=/root/tiago_public_ws/install/play_motion2_msgs/local/lib/python3.10/dist-packages:/root/tiago_public_ws/build/launch_pal:/root/tiago_public_ws/install/launch_pal/lib/python3.10/site-packages:${PYTHONPATH} /usr/bin/cmake --build /root/tiago_public_ws/build/play_motion2 -- -j8 -l8
[0.863s] Invoking command in '/root/tiago_public_ws/build/play_motion2': AMENT_PREFIX_PATH=/root/tiago_public_ws/install/play_motion2_msgs:/root/tiago_public_ws/install/launch_pal:${AMENT_PREFIX_PATH} CMAKE_PREFIX_PATH=/root/tiago_public_ws/install/play_motion2_msgs:/opt/ros/humble LD_LIBRARY_PATH=/root/tiago_public_ws/install/play_motion2_msgs/lib:${LD_LIBRARY_PATH} PYTHONPATH=/root/tiago_public_ws/install/play_motion2_msgs/local/lib/python3.10/dist-packages:/root/tiago_public_ws/build/launch_pal:/root/tiago_public_ws/install/launch_pal/lib/python3.10/site-packages:${PYTHONPATH} /usr/bin/cmake --install /root/tiago_public_ws/build/play_motion2
[0.876s] -- Install configuration: ""
[0.879s] -- Execute custom install script
[0.879s] -- Up-to-date symlink: /root/tiago_public_ws/install/play_motion2/share/play_motion2/test/rrbot/rrbot_system.xml
[0.879s] -- Up-to-date symlink: /root/tiago_public_ws/install/play_motion2/lib/play_motion2/play_motion2_node_test
[0.880s] -- Up-to-date symlink: /root/tiago_public_ws/install/play_motion2/include/play_motion2/client.hpp
[0.880s] -- Up-to-date symlink: /root/tiago_public_ws/install/play_motion2/include/play_motion2/motion_loader.hpp
[0.880s] -- Up-to-date symlink: /root/tiago_public_ws/install/play_motion2/include/play_motion2/motion_planner.hpp
[0.881s] -- Up-to-date symlink: /root/tiago_public_ws/install/play_motion2/include/play_motion2/play_motion2.hpp
[0.881s] -- Up-to-date symlink: /root/tiago_public_ws/install/play_motion2/include/play_motion2/types.hpp
[0.882s] -- Up-to-date symlink: /root/tiago_public_ws/install/play_motion2/share/play_motion2/environment/library_path.sh
[0.883s] -- Up-to-date symlink: /root/tiago_public_ws/install/play_motion2/share/play_motion2/environment/library_path.dsv
[0.883s] -- Up-to-date symlink: /root/tiago_public_ws/install/play_motion2/lib/libplay_motion2.so
[0.883s] -- Up-to-date symlink: /root/tiago_public_ws/install/play_motion2/lib/libclient.a
[0.883s] -- Up-to-date symlink: /root/tiago_public_ws/install/play_motion2/lib/librrbot_system.so
[0.884s] -- Up-to-date symlink: /root/tiago_public_ws/install/play_motion2/lib/play_motion2/play_motion2_node
[0.884s] -- Up-to-date symlink: /root/tiago_public_ws/install/play_motion2/lib/play_motion2/run_motion
[0.887s] -- Up-to-date symlink: /root/tiago_public_ws/install/play_motion2/share/play_motion2/config/motion_planner_config.yaml
[0.888s] -- Up-to-date symlink: /root/tiago_public_ws/install/play_motion2/share/play_motion2/launch/play_motion2.launch.py
[0.888s] -- Up-to-date symlink: /root/tiago_public_ws/install/play_motion2/share/ament_index/resource_index/package_run_dependencies/play_motion2
[0.889s] -- Up-to-date symlink: /root/tiago_public_ws/install/play_motion2/share/ament_index/resource_index/parent_prefix_path/play_motion2
[0.889s] -- Up-to-date symlink: /root/tiago_public_ws/install/play_motion2/share/play_motion2/environment/ament_prefix_path.sh
[0.889s] -- Up-to-date symlink: /root/tiago_public_ws/install/play_motion2/share/play_motion2/environment/ament_prefix_path.dsv
[0.889s] -- Up-to-date symlink: /root/tiago_public_ws/install/play_motion2/share/play_motion2/environment/path.sh
[0.890s] -- Up-to-date symlink: /root/tiago_public_ws/install/play_motion2/share/play_motion2/environment/path.dsv
[0.890s] -- Up-to-date symlink: /root/tiago_public_ws/install/play_motion2/share/play_motion2/local_setup.bash
[0.890s] -- Up-to-date symlink: /root/tiago_public_ws/install/play_motion2/share/play_motion2/local_setup.sh
[0.890s] -- Up-to-date symlink: /root/tiago_public_ws/install/play_motion2/share/play_motion2/local_setup.zsh
[0.890s] -- Up-to-date symlink: /root/tiago_public_ws/install/play_motion2/share/play_motion2/local_setup.dsv
[0.891s] -- Symlinking: /root/tiago_public_ws/install/play_motion2/share/play_motion2/package.dsv
[0.899s] -- Up-to-date symlink: /root/tiago_public_ws/install/play_motion2/share/ament_index/resource_index/packages/play_motion2
[0.900s] -- Up-to-date symlink: /root/tiago_public_ws/install/play_motion2/share/ament_index/resource_index/hardware_interface__pluginlib__plugin/play_motion2
[0.900s] -- Up-to-date symlink: /root/tiago_public_ws/install/play_motion2/share/play_motion2/cmake/ament_cmake_export_dependencies-extras.cmake
[0.901s] -- Up-to-date symlink: /root/tiago_public_ws/install/play_motion2/share/play_motion2/cmake/ament_cmake_export_include_directories-extras.cmake
[0.901s] -- Up-to-date symlink: /root/tiago_public_ws/install/play_motion2/share/play_motion2/cmake/ament_cmake_export_libraries-extras.cmake
[0.901s] -- Up-to-date symlink: /root/tiago_public_ws/install/play_motion2/share/play_motion2/cmake/play_motion2Config.cmake
[0.901s] -- Up-to-date symlink: /root/tiago_public_ws/install/play_motion2/share/play_motion2/cmake/play_motion2Config-version.cmake
[0.902s] -- Up-to-date symlink: /root/tiago_public_ws/install/play_motion2/share/play_motion2/package.xml
[0.910s] Invoked command in '/root/tiago_public_ws/build/play_motion2' returned '0': AMENT_PREFIX_PATH=/root/tiago_public_ws/install/play_motion2_msgs:/root/tiago_public_ws/install/launch_pal:${AMENT_PREFIX_PATH} CMAKE_PREFIX_PATH=/root/tiago_public_ws/install/play_motion2_msgs:/opt/ros/humble LD_LIBRARY_PATH=/root/tiago_public_ws/install/play_motion2_msgs/lib:${LD_LIBRARY_PATH} PYTHONPATH=/root/tiago_public_ws/install/play_motion2_msgs/local/lib/python3.10/dist-packages:/root/tiago_public_ws/build/launch_pal:/root/tiago_public_ws/install/launch_pal/lib/python3.10/site-packages:${PYTHONPATH} /usr/bin/cmake --install /root/tiago_public_ws/build/play_motion2
