[0.103s] Invoking command in '/root/tiago_public_ws/build/plansys2_bt_example': CMAKE_PREFIX_PATH=/opt/ros/humble /usr/bin/cmake --build /root/tiago_public_ws/build/plansys2_bt_example -- -j8 -l8
[0.279s] [ 12%] Built target plansys2_recharge_bt_node
[0.338s] [ 25%] Built target plansys2_approach_object_bt_node
[0.338s] [ 37%] Built target plansys2_close_gripper_bt_node
[0.338s] [ 50%] Built target plansys2_move_bt_node
[0.338s] [ 62%] Built target assemble_action_node
[0.348s] [ 75%] Built target plansys2_open_gripper_bt_node
[0.351s] [ 87%] Built target assemble_controller_node
[0.353s] [100%] Built target nav2_sim_node
[0.503s] Invoked command in '/root/tiago_public_ws/build/plansys2_bt_example' returned '0': CMAKE_PREFIX_PATH=/opt/ros/humble /usr/bin/cmake --build /root/tiago_public_ws/build/plansys2_bt_example -- -j8 -l8
[0.835s] Invoking command in '/root/tiago_public_ws/build/plansys2_bt_example': CMAKE_PREFIX_PATH=/opt/ros/humble /usr/bin/cmake --install /root/tiago_public_ws/build/plansys2_bt_example
[0.844s] -- Install configuration: ""
[0.846s] -- Execute custom install script
[0.848s] -- Up-to-date symlink: /root/tiago_public_ws/install/plansys2_bt_example/share/plansys2_bt_example/launch/commands
[0.849s] -- Up-to-date symlink: /root/tiago_public_ws/install/plansys2_bt_example/share/plansys2_bt_example/launch/plansys2_bt_example_launch.py
[0.852s] -- Up-to-date symlink: /root/tiago_public_ws/install/plansys2_bt_example/share/plansys2_bt_example/pddl/bt_example.pddl
[0.852s] -- Up-to-date symlink: /root/tiago_public_ws/install/plansys2_bt_example/share/plansys2_bt_example/behavior_trees_xml/move.xml
[0.852s] -- Up-to-date symlink: /root/tiago_public_ws/install/plansys2_bt_example/share/plansys2_bt_example/behavior_trees_xml/recharge.xml
[0.852s] -- Up-to-date symlink: /root/tiago_public_ws/install/plansys2_bt_example/share/plansys2_bt_example/behavior_trees_xml/transport.xml
[0.863s] -- Up-to-date symlink: /root/tiago_public_ws/install/plansys2_bt_example/share/plansys2_bt_example/config/params.yaml
[0.864s] -- Up-to-date symlink: /root/tiago_public_ws/install/plansys2_bt_example/lib/plansys2_bt_example/assemble_action_node
[0.864s] -- Up-to-date symlink: /root/tiago_public_ws/install/plansys2_bt_example/lib/plansys2_bt_example/assemble_controller_node
[0.864s] -- Up-to-date symlink: /root/tiago_public_ws/install/plansys2_bt_example/lib/plansys2_bt_example/nav2_sim_node
[0.864s] -- Up-to-date symlink: /root/tiago_public_ws/install/plansys2_bt_example/lib/libplansys2_recharge_bt_node.so
[0.865s] -- Up-to-date symlink: /root/tiago_public_ws/install/plansys2_bt_example/lib/libplansys2_close_gripper_bt_node.so
[0.865s] -- Up-to-date symlink: /root/tiago_public_ws/install/plansys2_bt_example/lib/libplansys2_open_gripper_bt_node.so
[0.865s] -- Up-to-date symlink: /root/tiago_public_ws/install/plansys2_bt_example/lib/libplansys2_move_bt_node.so
[0.865s] -- Up-to-date symlink: /root/tiago_public_ws/install/plansys2_bt_example/lib/libplansys2_approach_object_bt_node.so
[0.865s] -- Up-to-date symlink: /root/tiago_public_ws/install/plansys2_bt_example/share/ament_index/resource_index/package_run_dependencies/plansys2_bt_example
[0.865s] -- Up-to-date symlink: /root/tiago_public_ws/install/plansys2_bt_example/share/ament_index/resource_index/parent_prefix_path/plansys2_bt_example
[0.865s] -- Up-to-date symlink: /root/tiago_public_ws/install/plansys2_bt_example/share/plansys2_bt_example/environment/ament_prefix_path.sh
[0.865s] -- Up-to-date symlink: /root/tiago_public_ws/install/plansys2_bt_example/share/plansys2_bt_example/environment/ament_prefix_path.dsv
[0.866s] -- Up-to-date symlink: /root/tiago_public_ws/install/plansys2_bt_example/share/plansys2_bt_example/environment/path.sh
[0.866s] -- Up-to-date symlink: /root/tiago_public_ws/install/plansys2_bt_example/share/plansys2_bt_example/environment/path.dsv
[0.867s] -- Up-to-date symlink: /root/tiago_public_ws/install/plansys2_bt_example/share/plansys2_bt_example/local_setup.bash
[0.867s] -- Up-to-date symlink: /root/tiago_public_ws/install/plansys2_bt_example/share/plansys2_bt_example/local_setup.sh
[0.867s] -- Up-to-date symlink: /root/tiago_public_ws/install/plansys2_bt_example/share/plansys2_bt_example/local_setup.zsh
[0.868s] -- Up-to-date symlink: /root/tiago_public_ws/install/plansys2_bt_example/share/plansys2_bt_example/local_setup.dsv
[0.868s] -- Symlinking: /root/tiago_public_ws/install/plansys2_bt_example/share/plansys2_bt_example/package.dsv
[0.885s] -- Up-to-date symlink: /root/tiago_public_ws/install/plansys2_bt_example/share/ament_index/resource_index/packages/plansys2_bt_example
[0.885s] -- Up-to-date symlink: /root/tiago_public_ws/install/plansys2_bt_example/share/plansys2_bt_example/cmake/ament_cmake_export_dependencies-extras.cmake
[0.885s] -- Up-to-date symlink: /root/tiago_public_ws/install/plansys2_bt_example/share/plansys2_bt_example/cmake/plansys2_bt_exampleConfig.cmake
[0.885s] -- Up-to-date symlink: /root/tiago_public_ws/install/plansys2_bt_example/share/plansys2_bt_example/cmake/plansys2_bt_exampleConfig-version.cmake
[0.886s] -- Up-to-date symlink: /root/tiago_public_ws/install/plansys2_bt_example/share/plansys2_bt_example/package.xml
[0.941s] Invoked command in '/root/tiago_public_ws/build/plansys2_bt_example' returned '0': CMAKE_PREFIX_PATH=/opt/ros/humble /usr/bin/cmake --install /root/tiago_public_ws/build/plansys2_bt_example
