[0.247s] Invoking command in '/root/tiago_public_ws/build/pal_robotiq_description': CMAKE_PREFIX_PATH=${CMAKE_PREFIX_PATH}:/root/tiago_public_ws/install/launch_pal:/opt/ros/humble /usr/bin/cmake --build /root/tiago_public_ws/build/pal_robotiq_description -- -j8 -l8
[0.326s] Invoked command in '/root/tiago_public_ws/build/pal_robotiq_description' returned '0': CMAKE_PREFIX_PATH=${CMAKE_PREFIX_PATH}:/root/tiago_public_ws/install/launch_pal:/opt/ros/humble /usr/bin/cmake --build /root/tiago_public_ws/build/pal_robotiq_description -- -j8 -l8
[0.372s] Invoking command in '/root/tiago_public_ws/build/pal_robotiq_description': CMAKE_PREFIX_PATH=${CMAKE_PREFIX_PATH}:/root/tiago_public_ws/install/launch_pal:/opt/ros/humble /usr/bin/cmake --install /root/tiago_public_ws/build/pal_robotiq_description
[0.379s] -- Install configuration: ""
[0.382s] -- Execute custom install script
[0.392s] -- Up-to-date symlink: /root/tiago_public_ws/install/pal_robotiq_description/share/pal_robotiq_description/meshes/collision/robotiq_140_inner_finger.stl
[0.392s] -- Up-to-date symlink: /root/tiago_public_ws/install/pal_robotiq_description/share/pal_robotiq_description/meshes/collision/robotiq_140_inner_knuckle.stl
[0.392s] -- Up-to-date symlink: /root/tiago_public_ws/install/pal_robotiq_description/share/pal_robotiq_description/meshes/collision/robotiq_140_outer_finger.stl
[0.392s] -- Up-to-date symlink: /root/tiago_public_ws/install/pal_robotiq_description/share/pal_robotiq_description/meshes/collision/robotiq_140_outer_knuckle.stl
[0.393s] -- Up-to-date symlink: /root/tiago_public_ws/install/pal_robotiq_description/share/pal_robotiq_description/meshes/collision/robotiq_85_base_link.stl
[0.393s] -- Up-to-date symlink: /root/tiago_public_ws/install/pal_robotiq_description/share/pal_robotiq_description/meshes/collision/robotiq_85_inner_finger.dae
[0.394s] -- Up-to-date symlink: /root/tiago_public_ws/install/pal_robotiq_description/share/pal_robotiq_description/meshes/collision/robotiq_85_inner_knuckle.dae
[0.394s] -- Up-to-date symlink: /root/tiago_public_ws/install/pal_robotiq_description/share/pal_robotiq_description/meshes/collision/robotiq_85_outer_finger.dae
[0.395s] -- Up-to-date symlink: /root/tiago_public_ws/install/pal_robotiq_description/share/pal_robotiq_description/meshes/collision/robotiq_85_outer_knuckle.dae
[0.395s] -- Up-to-date symlink: /root/tiago_public_ws/install/pal_robotiq_description/share/pal_robotiq_description/meshes/collision/robotiq_base_link.stl
[0.395s] -- Up-to-date symlink: /root/tiago_public_ws/install/pal_robotiq_description/share/pal_robotiq_description/meshes/collision/robotiq_coupling.stl
[0.396s] -- Up-to-date symlink: /root/tiago_public_ws/install/pal_robotiq_description/share/pal_robotiq_description/meshes/visual/pal_robotiq_coupling.stl
[0.397s] -- Up-to-date symlink: /root/tiago_public_ws/install/pal_robotiq_description/share/pal_robotiq_description/meshes/visual/robotiq_140_inner_finger.stl
[0.397s] -- Up-to-date symlink: /root/tiago_public_ws/install/pal_robotiq_description/share/pal_robotiq_description/meshes/visual/robotiq_140_inner_knuckle.stl
[0.398s] -- Up-to-date symlink: /root/tiago_public_ws/install/pal_robotiq_description/share/pal_robotiq_description/meshes/visual/robotiq_140_outer_finger.stl
[0.399s] -- Up-to-date symlink: /root/tiago_public_ws/install/pal_robotiq_description/share/pal_robotiq_description/meshes/visual/robotiq_140_outer_knuckle.stl
[0.400s] -- Up-to-date symlink: /root/tiago_public_ws/install/pal_robotiq_description/share/pal_robotiq_description/meshes/visual/robotiq_85_inner_finger.dae
[0.400s] -- Up-to-date symlink: /root/tiago_public_ws/install/pal_robotiq_description/share/pal_robotiq_description/meshes/visual/robotiq_85_inner_knuckle.dae
[0.400s] -- Up-to-date symlink: /root/tiago_public_ws/install/pal_robotiq_description/share/pal_robotiq_description/meshes/visual/robotiq_85_outer_finger.dae
[0.400s] -- Up-to-date symlink: /root/tiago_public_ws/install/pal_robotiq_description/share/pal_robotiq_description/meshes/visual/robotiq_85_outer_knuckle.dae
[0.401s] -- Up-to-date symlink: /root/tiago_public_ws/install/pal_robotiq_description/share/pal_robotiq_description/meshes/visual/robotiq_85_pad.dae
[0.401s] -- Up-to-date symlink: /root/tiago_public_ws/install/pal_robotiq_description/share/pal_robotiq_description/meshes/visual/robotiq_base_link.stl
[0.402s] -- Up-to-date symlink: /root/tiago_public_ws/install/pal_robotiq_description/share/pal_robotiq_description/meshes/visual/robotiq_coupling.stl
[0.403s] -- Up-to-date symlink: /root/tiago_public_ws/install/pal_robotiq_description/share/pal_robotiq_description/robots/pal_robotiq_2f_140_gripper.urdf.xacro
[0.405s] -- Up-to-date symlink: /root/tiago_public_ws/install/pal_robotiq_description/share/pal_robotiq_description/robots/pal_robotiq_2f_85_gripper.urdf.xacro
[0.405s] -- Up-to-date symlink: /root/tiago_public_ws/install/pal_robotiq_description/share/pal_robotiq_description/robots/pal_robotiq_epick_gripper.urdf.xacro
[0.406s] -- Up-to-date symlink: /root/tiago_public_ws/install/pal_robotiq_description/share/pal_robotiq_description/urdf/grasping_frames.xacro
[0.407s] -- Up-to-date symlink: /root/tiago_public_ws/install/pal_robotiq_description/share/pal_robotiq_description/urdf/robotiq.ros2_control.xacro
[0.407s] -- Up-to-date symlink: /root/tiago_public_ws/install/pal_robotiq_description/share/pal_robotiq_description/urdf/robotiq.transmission.xacro
[0.407s] -- Up-to-date symlink: /root/tiago_public_ws/install/pal_robotiq_description/share/pal_robotiq_description/urdf/robotiq_140_gripper.urdf.xacro
[0.407s] -- Up-to-date symlink: /root/tiago_public_ws/install/pal_robotiq_description/share/pal_robotiq_description/urdf/robotiq_85_gripper.urdf.xacro
[0.409s] -- Up-to-date symlink: /root/tiago_public_ws/install/pal_robotiq_description/share/pal_robotiq_description/launch/robot_state_publisher.launch.py
[0.410s] -- Up-to-date symlink: /root/tiago_public_ws/install/pal_robotiq_description/share/pal_robotiq_description/launch/show.launch.py
[0.410s] -- Up-to-date symlink: /root/tiago_public_ws/install/pal_robotiq_description/share/pal_robotiq_description/config/pal_robotiq_urdf.rviz
[0.410s] -- Up-to-date symlink: /root/tiago_public_ws/install/pal_robotiq_description/share/ament_index/resource_index/package_run_dependencies/pal_robotiq_description
[0.411s] -- Up-to-date symlink: /root/tiago_public_ws/install/pal_robotiq_description/share/ament_index/resource_index/parent_prefix_path/pal_robotiq_description
[0.412s] -- Up-to-date symlink: /root/tiago_public_ws/install/pal_robotiq_description/share/pal_robotiq_description/environment/ament_prefix_path.sh
[0.412s] -- Up-to-date symlink: /root/tiago_public_ws/install/pal_robotiq_description/share/pal_robotiq_description/environment/ament_prefix_path.dsv
[0.412s] -- Up-to-date symlink: /root/tiago_public_ws/install/pal_robotiq_description/share/pal_robotiq_description/environment/path.sh
[0.412s] -- Up-to-date symlink: /root/tiago_public_ws/install/pal_robotiq_description/share/pal_robotiq_description/environment/path.dsv
[0.413s] -- Up-to-date symlink: /root/tiago_public_ws/install/pal_robotiq_description/share/pal_robotiq_description/local_setup.bash
[0.413s] -- Up-to-date symlink: /root/tiago_public_ws/install/pal_robotiq_description/share/pal_robotiq_description/local_setup.sh
[0.414s] -- Up-to-date symlink: /root/tiago_public_ws/install/pal_robotiq_description/share/pal_robotiq_description/local_setup.zsh
[0.414s] -- Up-to-date symlink: /root/tiago_public_ws/install/pal_robotiq_description/share/pal_robotiq_description/local_setup.dsv
[0.414s] -- Symlinking: /root/tiago_public_ws/install/pal_robotiq_description/share/pal_robotiq_description/package.dsv
[0.429s] -- Up-to-date symlink: /root/tiago_public_ws/install/pal_robotiq_description/share/ament_index/resource_index/packages/pal_robotiq_description
[0.433s] -- Up-to-date symlink: /root/tiago_public_ws/install/pal_robotiq_description/share/pal_robotiq_description/cmake/pal_robotiq_descriptionConfig.cmake
[0.433s] -- Up-to-date symlink: /root/tiago_public_ws/install/pal_robotiq_description/share/pal_robotiq_description/cmake/pal_robotiq_descriptionConfig-version.cmake
[0.433s] -- Up-to-date symlink: /root/tiago_public_ws/install/pal_robotiq_description/share/pal_robotiq_description/package.xml
[0.472s] Invoked command in '/root/tiago_public_ws/build/pal_robotiq_description' returned '0': CMAKE_PREFIX_PATH=${CMAKE_PREFIX_PATH}:/root/tiago_public_ws/install/launch_pal:/opt/ros/humble /usr/bin/cmake --install /root/tiago_public_ws/build/pal_robotiq_description
