[0.601s] Invoking command in '/root/tiago_public_ws/build/tiago_moveit_config': AMENT_PREFIX_PATH=/root/tiago_public_ws/install/tiago_description:/root/tiago_public_ws/install/pmb2_description:/root/tiago_public_ws/install/pal_hey5_description:/root/tiago_public_ws/install/pal_gripper_description:/root/tiago_public_ws/install/urdf_test:/root/tiago_public_ws/install/pal_urdf_utils:/root/tiago_public_ws/install/pal_robotiq_description:/root/tiago_public_ws/install/launch_pal:${AMENT_PREFIX_PATH} CMAKE_PREFIX_PATH=/root/tiago_public_ws/install/tiago_description:/root/tiago_public_ws/install/pmb2_description:/root/tiago_public_ws/install/pal_hey5_description:/root/tiago_public_ws/install/pal_gripper_description:/root/tiago_public_ws/install/urdf_test:/root/tiago_public_ws/install/pal_urdf_utils:/root/tiago_public_ws/install/pal_robotiq_description:/opt/ros/humble PYTHONPATH=/root/tiago_public_ws/install/tiago_description/local/lib/python3.10/dist-packages:/root/tiago_public_ws/install/pmb2_description/local/lib/python3.10/dist-packages:/root/tiago_public_ws/install/urdf_test/local/lib/python3.10/dist-packages:/root/tiago_public_ws/build/launch_pal:/root/tiago_public_ws/install/launch_pal/lib/python3.10/site-packages:${PYTHONPATH} /usr/bin/cmake /root/tiago_public_ws/src/tiago_moveit_config -DAMENT_CMAKE_SYMLINK_INSTALL=1 -DCMAKE_INSTALL_PREFIX=/root/tiago_public_ws/install/tiago_moveit_config
[0.868s] -- Found ament_cmake: 1.3.10 (/opt/ros/humble/share/ament_cmake/cmake)
[0.869s] -- Override CMake install command with custom implementation using symlinks instead of copying resources
[2.262s] -- Found ament_lint_auto: 0.12.11 (/opt/ros/humble/share/ament_lint_auto/cmake)
[2.397s] -- Added test 'copyright' to check source files copyright and LICENSE
[2.412s] -- Added test 'flake8' to check Python code syntax and style conventions
[2.414s] -- Added test 'lint_cmake' to check CMake code style
[2.415s] -- Added test 'pep257' to check Python code against some of the docstring style conventions in PEP 257
[2.420s] -- Added test 'xmllint' to check XML markup files
[2.424s] -- Configuring done
[2.434s] -- Generating done
[2.435s] -- Build files have been written to: /root/tiago_public_ws/build/tiago_moveit_config
[2.444s] Invoked command in '/root/tiago_public_ws/build/tiago_moveit_config' returned '0': AMENT_PREFIX_PATH=/root/tiago_public_ws/install/tiago_description:/root/tiago_public_ws/install/pmb2_description:/root/tiago_public_ws/install/pal_hey5_description:/root/tiago_public_ws/install/pal_gripper_description:/root/tiago_public_ws/install/urdf_test:/root/tiago_public_ws/install/pal_urdf_utils:/root/tiago_public_ws/install/pal_robotiq_description:/root/tiago_public_ws/install/launch_pal:${AMENT_PREFIX_PATH} CMAKE_PREFIX_PATH=/root/tiago_public_ws/install/tiago_description:/root/tiago_public_ws/install/pmb2_description:/root/tiago_public_ws/install/pal_hey5_description:/root/tiago_public_ws/install/pal_gripper_description:/root/tiago_public_ws/install/urdf_test:/root/tiago_public_ws/install/pal_urdf_utils:/root/tiago_public_ws/install/pal_robotiq_description:/opt/ros/humble PYTHONPATH=/root/tiago_public_ws/install/tiago_description/local/lib/python3.10/dist-packages:/root/tiago_public_ws/install/pmb2_description/local/lib/python3.10/dist-packages:/root/tiago_public_ws/install/urdf_test/local/lib/python3.10/dist-packages:/root/tiago_public_ws/build/launch_pal:/root/tiago_public_ws/install/launch_pal/lib/python3.10/site-packages:${PYTHONPATH} /usr/bin/cmake /root/tiago_public_ws/src/tiago_moveit_config -DAMENT_CMAKE_SYMLINK_INSTALL=1 -DCMAKE_INSTALL_PREFIX=/root/tiago_public_ws/install/tiago_moveit_config
[2.448s] Invoking command in '/root/tiago_public_ws/build/tiago_moveit_config': AMENT_PREFIX_PATH=/root/tiago_public_ws/install/tiago_description:/root/tiago_public_ws/install/pmb2_description:/root/tiago_public_ws/install/pal_hey5_description:/root/tiago_public_ws/install/pal_gripper_description:/root/tiago_public_ws/install/urdf_test:/root/tiago_public_ws/install/pal_urdf_utils:/root/tiago_public_ws/install/pal_robotiq_description:/root/tiago_public_ws/install/launch_pal:${AMENT_PREFIX_PATH} CMAKE_PREFIX_PATH=/root/tiago_public_ws/install/tiago_description:/root/tiago_public_ws/install/pmb2_description:/root/tiago_public_ws/install/pal_hey5_description:/root/tiago_public_ws/install/pal_gripper_description:/root/tiago_public_ws/install/urdf_test:/root/tiago_public_ws/install/pal_urdf_utils:/root/tiago_public_ws/install/pal_robotiq_description:/opt/ros/humble PYTHONPATH=/root/tiago_public_ws/install/tiago_description/local/lib/python3.10/dist-packages:/root/tiago_public_ws/install/pmb2_description/local/lib/python3.10/dist-packages:/root/tiago_public_ws/install/urdf_test/local/lib/python3.10/dist-packages:/root/tiago_public_ws/build/launch_pal:/root/tiago_public_ws/install/launch_pal/lib/python3.10/site-packages:${PYTHONPATH} /usr/bin/cmake --build /root/tiago_public_ws/build/tiago_moveit_config -- -j8 -l8
[2.506s] Invoked command in '/root/tiago_public_ws/build/tiago_moveit_config' returned '0': AMENT_PREFIX_PATH=/root/tiago_public_ws/install/tiago_description:/root/tiago_public_ws/install/pmb2_description:/root/tiago_public_ws/install/pal_hey5_description:/root/tiago_public_ws/install/pal_gripper_description:/root/tiago_public_ws/install/urdf_test:/root/tiago_public_ws/install/pal_urdf_utils:/root/tiago_public_ws/install/pal_robotiq_description:/root/tiago_public_ws/install/launch_pal:${AMENT_PREFIX_PATH} CMAKE_PREFIX_PATH=/root/tiago_public_ws/install/tiago_description:/root/tiago_public_ws/install/pmb2_description:/root/tiago_public_ws/install/pal_hey5_description:/root/tiago_public_ws/install/pal_gripper_description:/root/tiago_public_ws/install/urdf_test:/root/tiago_public_ws/install/pal_urdf_utils:/root/tiago_public_ws/install/pal_robotiq_description:/opt/ros/humble PYTHONPATH=/root/tiago_public_ws/install/tiago_description/local/lib/python3.10/dist-packages:/root/tiago_public_ws/install/pmb2_description/local/lib/python3.10/dist-packages:/root/tiago_public_ws/install/urdf_test/local/lib/python3.10/dist-packages:/root/tiago_public_ws/build/launch_pal:/root/tiago_public_ws/install/launch_pal/lib/python3.10/site-packages:${PYTHONPATH} /usr/bin/cmake --build /root/tiago_public_ws/build/tiago_moveit_config -- -j8 -l8
[2.556s] Invoking command in '/root/tiago_public_ws/build/tiago_moveit_config': AMENT_PREFIX_PATH=/root/tiago_public_ws/install/tiago_description:/root/tiago_public_ws/install/pmb2_description:/root/tiago_public_ws/install/pal_hey5_description:/root/tiago_public_ws/install/pal_gripper_description:/root/tiago_public_ws/install/urdf_test:/root/tiago_public_ws/install/pal_urdf_utils:/root/tiago_public_ws/install/pal_robotiq_description:/root/tiago_public_ws/install/launch_pal:${AMENT_PREFIX_PATH} CMAKE_PREFIX_PATH=/root/tiago_public_ws/install/tiago_description:/root/tiago_public_ws/install/pmb2_description:/root/tiago_public_ws/install/pal_hey5_description:/root/tiago_public_ws/install/pal_gripper_description:/root/tiago_public_ws/install/urdf_test:/root/tiago_public_ws/install/pal_urdf_utils:/root/tiago_public_ws/install/pal_robotiq_description:/opt/ros/humble PYTHONPATH=/root/tiago_public_ws/install/tiago_description/local/lib/python3.10/dist-packages:/root/tiago_public_ws/install/pmb2_description/local/lib/python3.10/dist-packages:/root/tiago_public_ws/install/urdf_test/local/lib/python3.10/dist-packages:/root/tiago_public_ws/build/launch_pal:/root/tiago_public_ws/install/launch_pal/lib/python3.10/site-packages:${PYTHONPATH} /usr/bin/cmake --install /root/tiago_public_ws/build/tiago_moveit_config
[2.574s] -- Install configuration: ""
[2.574s] -- Execute custom install script
[2.574s] -- Up-to-date symlink: /root/tiago_public_ws/install/tiago_moveit_config/share/ament_index/resource_index/package_run_dependencies/tiago_moveit_config
[2.574s] -- Up-to-date symlink: /root/tiago_public_ws/install/tiago_moveit_config/share/ament_index/resource_index/parent_prefix_path/tiago_moveit_config
[2.574s] -- Up-to-date symlink: /root/tiago_public_ws/install/tiago_moveit_config/share/tiago_moveit_config/environment/ament_prefix_path.sh
[2.574s] -- Up-to-date symlink: /root/tiago_public_ws/install/tiago_moveit_config/share/tiago_moveit_config/environment/ament_prefix_path.dsv
[2.574s] -- Up-to-date symlink: /root/tiago_public_ws/install/tiago_moveit_config/share/tiago_moveit_config/environment/path.sh
[2.575s] -- Up-to-date symlink: /root/tiago_public_ws/install/tiago_moveit_config/share/tiago_moveit_config/environment/path.dsv
[2.575s] -- Up-to-date symlink: /root/tiago_public_ws/install/tiago_moveit_config/share/tiago_moveit_config/local_setup.bash
[2.575s] -- Up-to-date symlink: /root/tiago_public_ws/install/tiago_moveit_config/share/tiago_moveit_config/local_setup.sh
[2.575s] -- Up-to-date symlink: /root/tiago_public_ws/install/tiago_moveit_config/share/tiago_moveit_config/local_setup.zsh
[2.575s] -- Up-to-date symlink: /root/tiago_public_ws/install/tiago_moveit_config/share/tiago_moveit_config/local_setup.dsv
[2.576s] -- Symlinking: /root/tiago_public_ws/install/tiago_moveit_config/share/tiago_moveit_config/package.dsv
[2.587s] -- Up-to-date symlink: /root/tiago_public_ws/install/tiago_moveit_config/share/ament_index/resource_index/packages/tiago_moveit_config
[2.588s] -- Up-to-date symlink: /root/tiago_public_ws/install/tiago_moveit_config/share/tiago_moveit_config/cmake/tiago_moveit_configConfig.cmake
[2.588s] -- Up-to-date symlink: /root/tiago_public_ws/install/tiago_moveit_config/share/tiago_moveit_config/cmake/tiago_moveit_configConfig-version.cmake
[2.588s] -- Up-to-date symlink: /root/tiago_public_ws/install/tiago_moveit_config/share/tiago_moveit_config/package.xml
[2.588s] -- Up-to-date symlink: /root/tiago_public_ws/install/tiago_moveit_config/share/tiago_moveit_config/launch/move_group.launch.py
[2.589s] -- Up-to-date symlink: /root/tiago_public_ws/install/tiago_moveit_config/share/tiago_moveit_config/launch/moveit_rviz.launch.py
[2.589s] -- Up-to-date symlink: /root/tiago_public_ws/install/tiago_moveit_config/share/tiago_moveit_config/config/controllers/controllers.yaml.em
[2.590s] -- Up-to-date symlink: /root/tiago_public_ws/install/tiago_moveit_config/share/tiago_moveit_config/config/controllers/controllers_custom.yaml
[2.590s] -- Up-to-date symlink: /root/tiago_public_ws/install/tiago_moveit_config/share/tiago_moveit_config/config/controllers/controllers_no-arm.yaml
[2.590s] -- Up-to-date symlink: /root/tiago_public_ws/install/tiago_moveit_config/share/tiago_moveit_config/config/controllers/controllers_no-ee.yaml
[2.590s] -- Up-to-date symlink: /root/tiago_public_ws/install/tiago_moveit_config/share/tiago_moveit_config/config/controllers/controllers_pal-gripper.yaml
[2.590s] -- Up-to-date symlink: /root/tiago_public_ws/install/tiago_moveit_config/share/tiago_moveit_config/config/controllers/controllers_pal-hey5.yaml
[2.590s] -- Up-to-date symlink: /root/tiago_public_ws/install/tiago_moveit_config/share/tiago_moveit_config/config/controllers/controllers_robotiq-2f-140.yaml
[2.590s] -- Up-to-date symlink: /root/tiago_public_ws/install/tiago_moveit_config/share/tiago_moveit_config/config/controllers/controllers_robotiq-2f-85.yaml
[2.590s] -- Up-to-date symlink: /root/tiago_public_ws/install/tiago_moveit_config/share/tiago_moveit_config/config/controllers/controllers_robotiq-epick.yaml
[2.591s] -- Up-to-date symlink: /root/tiago_public_ws/install/tiago_moveit_config/share/tiago_moveit_config/config/joint_limits.yaml
[2.591s] -- Up-to-date symlink: /root/tiago_public_ws/install/tiago_moveit_config/share/tiago_moveit_config/config/kinematics_kdl.yaml
[2.591s] -- Up-to-date symlink: /root/tiago_public_ws/install/tiago_moveit_config/share/tiago_moveit_config/config/kinematics_trac_ik.yaml
[2.591s] -- Up-to-date symlink: /root/tiago_public_ws/install/tiago_moveit_config/share/tiago_moveit_config/config/ompl_planning.yaml
[2.591s] -- Up-to-date symlink: /root/tiago_public_ws/install/tiago_moveit_config/share/tiago_moveit_config/config/pilz_cartesian_limits.yaml
[2.591s] -- Up-to-date symlink: /root/tiago_public_ws/install/tiago_moveit_config/share/tiago_moveit_config/config/rviz/moveit.rviz
[2.591s] -- Up-to-date symlink: /root/tiago_public_ws/install/tiago_moveit_config/share/tiago_moveit_config/config/sensors_3d.yaml
[2.591s] -- Up-to-date symlink: /root/tiago_public_ws/install/tiago_moveit_config/share/tiago_moveit_config/config/srdf/disable_collisions/custom.srdf.xacro
[2.592s] -- Up-to-date symlink: /root/tiago_public_ws/install/tiago_moveit_config/share/tiago_moveit_config/config/srdf/disable_collisions/custom_schunk-ft.srdf.xacro
[2.592s] -- Up-to-date symlink: /root/tiago_public_ws/install/tiago_moveit_config/share/tiago_moveit_config/config/srdf/disable_collisions/no-ee.srdf.xacro
[2.592s] -- Up-to-date symlink: /root/tiago_public_ws/install/tiago_moveit_config/share/tiago_moveit_config/config/srdf/disable_collisions/no-ee_schunk-ft.srdf.xacro
[2.592s] -- Up-to-date symlink: /root/tiago_public_ws/install/tiago_moveit_config/share/tiago_moveit_config/config/srdf/disable_collisions/pal-gripper.srdf.xacro
[2.596s] -- Up-to-date symlink: /root/tiago_public_ws/install/tiago_moveit_config/share/tiago_moveit_config/config/srdf/disable_collisions/pal-gripper_schunk-ft.srdf.xacro
[2.597s] -- Up-to-date symlink: /root/tiago_public_ws/install/tiago_moveit_config/share/tiago_moveit_config/config/srdf/disable_collisions/pal-hey5.srdf.xacro
[2.597s] -- Up-to-date symlink: /root/tiago_public_ws/install/tiago_moveit_config/share/tiago_moveit_config/config/srdf/disable_collisions/pal-hey5_schunk-ft.srdf.xacro
[2.597s] -- Up-to-date symlink: /root/tiago_public_ws/install/tiago_moveit_config/share/tiago_moveit_config/config/srdf/disable_collisions/robotiq-2f-140.srdf.xacro
[2.598s] -- Up-to-date symlink: /root/tiago_public_ws/install/tiago_moveit_config/share/tiago_moveit_config/config/srdf/disable_collisions/robotiq-2f-140_schunk-ft.srdf.xacro
[2.598s] -- Up-to-date symlink: /root/tiago_public_ws/install/tiago_moveit_config/share/tiago_moveit_config/config/srdf/disable_collisions/robotiq-2f-85.srdf.xacro
[2.598s] -- Up-to-date symlink: /root/tiago_public_ws/install/tiago_moveit_config/share/tiago_moveit_config/config/srdf/disable_collisions/robotiq-2f-85_schunk-ft.srdf.xacro
[2.598s] -- Up-to-date symlink: /root/tiago_public_ws/install/tiago_moveit_config/share/tiago_moveit_config/config/srdf/disable_collisions/tiago_custom.srdf.xacro
[2.598s] -- Up-to-date symlink: /root/tiago_public_ws/install/tiago_moveit_config/share/tiago_moveit_config/config/srdf/disable_collisions/tiago_custom_schunk-ft.srdf.xacro
[2.603s] -- Up-to-date symlink: /root/tiago_public_ws/install/tiago_moveit_config/share/tiago_moveit_config/config/srdf/disable_collisions/tiago_no-arm.srdf.xacro
[2.604s] -- Up-to-date symlink: /root/tiago_public_ws/install/tiago_moveit_config/share/tiago_moveit_config/config/srdf/disable_collisions/tiago_no-ee.srdf.xacro
[2.604s] -- Up-to-date symlink: /root/tiago_public_ws/install/tiago_moveit_config/share/tiago_moveit_config/config/srdf/disable_collisions/tiago_no-ee_schunk-ft.srdf.xacro
[2.604s] -- Up-to-date symlink: /root/tiago_public_ws/install/tiago_moveit_config/share/tiago_moveit_config/config/srdf/disable_collisions/tiago_omni_custom.srdf.xacro
[2.605s] -- Up-to-date symlink: /root/tiago_public_ws/install/tiago_moveit_config/share/tiago_moveit_config/config/srdf/disable_collisions/tiago_omni_custom_schunk-ft.srdf.xacro
[2.605s] -- Up-to-date symlink: /root/tiago_public_ws/install/tiago_moveit_config/share/tiago_moveit_config/config/srdf/disable_collisions/tiago_omni_no-arm.srdf.xacro
[2.605s] -- Up-to-date symlink: /root/tiago_public_ws/install/tiago_moveit_config/share/tiago_moveit_config/config/srdf/disable_collisions/tiago_omni_no-ee.srdf.xacro
[2.605s] -- Up-to-date symlink: /root/tiago_public_ws/install/tiago_moveit_config/share/tiago_moveit_config/config/srdf/disable_collisions/tiago_omni_no-ee_schunk-ft.srdf.xacro
[2.605s] -- Up-to-date symlink: /root/tiago_public_ws/install/tiago_moveit_config/share/tiago_moveit_config/config/srdf/disable_collisions/tiago_omni_pal-gripper.srdf.xacro
[2.606s] -- Up-to-date symlink: /root/tiago_public_ws/install/tiago_moveit_config/share/tiago_moveit_config/config/srdf/disable_collisions/tiago_omni_pal-gripper_schunk-ft.srdf.xacro
[2.606s] -- Up-to-date symlink: /root/tiago_public_ws/install/tiago_moveit_config/share/tiago_moveit_config/config/srdf/disable_collisions/tiago_omni_pal-hey5.srdf.xacro
[2.606s] -- Up-to-date symlink: /root/tiago_public_ws/install/tiago_moveit_config/share/tiago_moveit_config/config/srdf/disable_collisions/tiago_omni_pal-hey5_schunk-ft.srdf.xacro
[2.606s] -- Up-to-date symlink: /root/tiago_public_ws/install/tiago_moveit_config/share/tiago_moveit_config/config/srdf/disable_collisions/tiago_omni_robotiq-2f-140.srdf.xacro
[2.607s] -- Up-to-date symlink: /root/tiago_public_ws/install/tiago_moveit_config/share/tiago_moveit_config/config/srdf/disable_collisions/tiago_omni_robotiq-2f-140_schunk-ft.srdf.xacro
[2.607s] -- Up-to-date symlink: /root/tiago_public_ws/install/tiago_moveit_config/share/tiago_moveit_config/config/srdf/disable_collisions/tiago_omni_robotiq-2f-85.srdf.xacro
[2.607s] -- Up-to-date symlink: /root/tiago_public_ws/install/tiago_moveit_config/share/tiago_moveit_config/config/srdf/disable_collisions/tiago_omni_robotiq-2f-85_schunk-ft.srdf.xacro
[2.609s] -- Up-to-date symlink: /root/tiago_public_ws/install/tiago_moveit_config/share/tiago_moveit_config/config/srdf/disable_collisions/tiago_pal-gripper.srdf.xacro
[2.610s] -- Up-to-date symlink: /root/tiago_public_ws/install/tiago_moveit_config/share/tiago_moveit_config/config/srdf/disable_collisions/tiago_pal-gripper_schunk-ft.srdf.xacro
[2.610s] -- Up-to-date symlink: /root/tiago_public_ws/install/tiago_moveit_config/share/tiago_moveit_config/config/srdf/disable_collisions/tiago_pal-hey5.srdf.xacro
[2.610s] -- Up-to-date symlink: /root/tiago_public_ws/install/tiago_moveit_config/share/tiago_moveit_config/config/srdf/disable_collisions/tiago_pal-hey5_schunk-ft.srdf.xacro
[2.610s] -- Up-to-date symlink: /root/tiago_public_ws/install/tiago_moveit_config/share/tiago_moveit_config/config/srdf/disable_collisions/tiago_robotiq-2f-140.srdf.xacro
[2.611s] -- Up-to-date symlink: /root/tiago_public_ws/install/tiago_moveit_config/share/tiago_moveit_config/config/srdf/disable_collisions/tiago_robotiq-2f-140_schunk-ft.srdf.xacro
[2.611s] -- Up-to-date symlink: /root/tiago_public_ws/install/tiago_moveit_config/share/tiago_moveit_config/config/srdf/disable_collisions/tiago_robotiq-2f-85.srdf.xacro
[2.612s] -- Up-to-date symlink: /root/tiago_public_ws/install/tiago_moveit_config/share/tiago_moveit_config/config/srdf/disable_collisions/tiago_robotiq-2f-85_schunk-ft.srdf.xacro
[2.614s] -- Up-to-date symlink: /root/tiago_public_ws/install/tiago_moveit_config/share/tiago_moveit_config/config/srdf/end_effectors/custom.srdf.xacro
[2.615s] -- Up-to-date symlink: /root/tiago_public_ws/install/tiago_moveit_config/share/tiago_moveit_config/config/srdf/end_effectors/no-end-effector.srdf.xacro
[2.615s] -- Up-to-date symlink: /root/tiago_public_ws/install/tiago_moveit_config/share/tiago_moveit_config/config/srdf/end_effectors/pal-gripper.srdf.xacro
[2.617s] -- Up-to-date symlink: /root/tiago_public_ws/install/tiago_moveit_config/share/tiago_moveit_config/config/srdf/end_effectors/pal-hey5.srdf.xacro
[2.619s] -- Up-to-date symlink: /root/tiago_public_ws/install/tiago_moveit_config/share/tiago_moveit_config/config/srdf/end_effectors/robotiq-2f-140.srdf.xacro
[2.619s] -- Up-to-date symlink: /root/tiago_public_ws/install/tiago_moveit_config/share/tiago_moveit_config/config/srdf/end_effectors/robotiq-2f-85.srdf.xacro
[2.620s] -- Up-to-date symlink: /root/tiago_public_ws/install/tiago_moveit_config/share/tiago_moveit_config/config/srdf/end_effectors/shared/robotiq-2f.srdf.xacro
[2.622s] -- Up-to-date symlink: /root/tiago_public_ws/install/tiago_moveit_config/share/tiago_moveit_config/config/srdf/scripts/update.sh
[2.622s] -- Up-to-date symlink: /root/tiago_public_ws/install/tiago_moveit_config/share/tiago_moveit_config/config/srdf/tiago.srdf.xacro
[2.659s] Invoked command in '/root/tiago_public_ws/build/tiago_moveit_config' returned '0': AMENT_PREFIX_PATH=/root/tiago_public_ws/install/tiago_description:/root/tiago_public_ws/install/pmb2_description:/root/tiago_public_ws/install/pal_hey5_description:/root/tiago_public_ws/install/pal_gripper_description:/root/tiago_public_ws/install/urdf_test:/root/tiago_public_ws/install/pal_urdf_utils:/root/tiago_public_ws/install/pal_robotiq_description:/root/tiago_public_ws/install/launch_pal:${AMENT_PREFIX_PATH} CMAKE_PREFIX_PATH=/root/tiago_public_ws/install/tiago_description:/root/tiago_public_ws/install/pmb2_description:/root/tiago_public_ws/install/pal_hey5_description:/root/tiago_public_ws/install/pal_gripper_description:/root/tiago_public_ws/install/urdf_test:/root/tiago_public_ws/install/pal_urdf_utils:/root/tiago_public_ws/install/pal_robotiq_description:/opt/ros/humble PYTHONPATH=/root/tiago_public_ws/install/tiago_description/local/lib/python3.10/dist-packages:/root/tiago_public_ws/install/pmb2_description/local/lib/python3.10/dist-packages:/root/tiago_public_ws/install/urdf_test/local/lib/python3.10/dist-packages:/root/tiago_public_ws/build/launch_pal:/root/tiago_public_ws/install/launch_pal/lib/python3.10/site-packages:${PYTHONPATH} /usr/bin/cmake --install /root/tiago_public_ws/build/tiago_moveit_config
