[0.397s] Invoking command in '/root/tiago_public_ws/build/pal_hey5_description': AMENT_PREFIX_PATH=/root/tiago_public_ws/install/pal_urdf_utils:${AMENT_PREFIX_PATH} CMAKE_PREFIX_PATH=/root/tiago_public_ws/install/pal_urdf_utils:/opt/ros/humble /usr/bin/cmake --build /root/tiago_public_ws/build/pal_hey5_description -- -j8 -l8
[0.679s] Invoked command in '/root/tiago_public_ws/build/pal_hey5_description' returned '0': AMENT_PREFIX_PATH=/root/tiago_public_ws/install/pal_urdf_utils:${AMENT_PREFIX_PATH} CMAKE_PREFIX_PATH=/root/tiago_public_ws/install/pal_urdf_utils:/opt/ros/humble /usr/bin/cmake --build /root/tiago_public_ws/build/pal_hey5_description -- -j8 -l8
[1.014s] Invoking command in '/root/tiago_public_ws/build/pal_hey5_description': AMENT_PREFIX_PATH=/root/tiago_public_ws/install/pal_urdf_utils:${AMENT_PREFIX_PATH} CMAKE_PREFIX_PATH=/root/tiago_public_ws/install/pal_urdf_utils:/opt/ros/humble /usr/bin/cmake --install /root/tiago_public_ws/build/pal_hey5_description
[1.264s] -- Install configuration: ""
[1.267s] -- Execute custom install script
[1.268s] -- Up-to-date symlink: /root/tiago_public_ws/install/pal_hey5_description/share/pal_hey5_description/config/two_hands.rviz
[1.268s] -- Up-to-date symlink: /root/tiago_public_ws/install/pal_hey5_description/share/pal_hey5_description/gazebo/gazebo.urdf.xacro
[1.268s] -- Up-to-date symlink: /root/tiago_public_ws/install/pal_hey5_description/share/pal_hey5_description/launch/pal_hey5_kinematics_test.launch
[1.268s] -- Up-to-date symlink: /root/tiago_public_ws/install/pal_hey5_description/share/pal_hey5_description/meshes/finger_abd_collision.stl
[1.268s] -- Up-to-date symlink: /root/tiago_public_ws/install/pal_hey5_description/share/pal_hey5_description/meshes/finger_flex_collision.stl
[1.268s] -- Up-to-date symlink: /root/tiago_public_ws/install/pal_hey5_description/share/pal_hey5_description/meshes/finger_flex_tip_collision.stl
[1.269s] -- Up-to-date symlink: /root/tiago_public_ws/install/pal_hey5_description/share/pal_hey5_description/meshes/palm.stl
[1.269s] -- Up-to-date symlink: /root/tiago_public_ws/install/pal_hey5_description/share/pal_hey5_description/meshes/palm_collision.stl
[1.269s] -- Up-to-date symlink: /root/tiago_public_ws/install/pal_hey5_description/share/pal_hey5_description/meshes/thumb_abd_collision.stl
[1.269s] -- Up-to-date symlink: /root/tiago_public_ws/install/pal_hey5_description/share/pal_hey5_description/robots/pal_hey5_test.urdf.xacro
[1.269s] -- Up-to-date symlink: /root/tiago_public_ws/install/pal_hey5_description/share/pal_hey5_description/urdf/actuators.urdf.xacro
[1.269s] -- Up-to-date symlink: /root/tiago_public_ws/install/pal_hey5_description/share/pal_hey5_description/urdf/fingers.urdf.xacro
[1.269s] -- Up-to-date symlink: /root/tiago_public_ws/install/pal_hey5_description/share/pal_hey5_description/urdf/pal_hey5.ros2_control.xacro
[1.269s] -- Up-to-date symlink: /root/tiago_public_ws/install/pal_hey5_description/share/pal_hey5_description/urdf/pal_hey5.transmission.xacro
[1.269s] -- Up-to-date symlink: /root/tiago_public_ws/install/pal_hey5_description/share/pal_hey5_description/urdf/pal_hey5_hand.urdf.xacro
[1.269s] -- Up-to-date symlink: /root/tiago_public_ws/install/pal_hey5_description/share/pal_hey5_description/urdf/palm.urdf.xacro
[1.270s] -- Up-to-date symlink: /root/tiago_public_ws/install/pal_hey5_description/share/pal_hey5_description/urdf/transmissions.urdf.xacro
[1.270s] -- Up-to-date symlink: /root/tiago_public_ws/install/pal_hey5_description/share/ament_index/resource_index/package_run_dependencies/pal_hey5_description
[1.270s] -- Up-to-date symlink: /root/tiago_public_ws/install/pal_hey5_description/share/ament_index/resource_index/parent_prefix_path/pal_hey5_description
[1.270s] -- Up-to-date symlink: /root/tiago_public_ws/install/pal_hey5_description/share/pal_hey5_description/environment/ament_prefix_path.sh
[1.270s] -- Up-to-date symlink: /root/tiago_public_ws/install/pal_hey5_description/share/pal_hey5_description/environment/ament_prefix_path.dsv
[1.270s] -- Up-to-date symlink: /root/tiago_public_ws/install/pal_hey5_description/share/pal_hey5_description/environment/path.sh
[1.270s] -- Up-to-date symlink: /root/tiago_public_ws/install/pal_hey5_description/share/pal_hey5_description/environment/path.dsv
[1.270s] -- Up-to-date symlink: /root/tiago_public_ws/install/pal_hey5_description/share/pal_hey5_description/local_setup.bash
[1.270s] -- Up-to-date symlink: /root/tiago_public_ws/install/pal_hey5_description/share/pal_hey5_description/local_setup.sh
[1.271s] -- Up-to-date symlink: /root/tiago_public_ws/install/pal_hey5_description/share/pal_hey5_description/local_setup.zsh
[1.271s] -- Up-to-date symlink: /root/tiago_public_ws/install/pal_hey5_description/share/pal_hey5_description/local_setup.dsv
[1.271s] -- Symlinking: /root/tiago_public_ws/install/pal_hey5_description/share/pal_hey5_description/package.dsv
[1.271s] -- Up-to-date symlink: /root/tiago_public_ws/install/pal_hey5_description/share/ament_index/resource_index/packages/pal_hey5_description
[1.271s] -- Up-to-date symlink: /root/tiago_public_ws/install/pal_hey5_description/share/pal_hey5_description/cmake/pal_hey5_descriptionConfig.cmake
[1.271s] -- Up-to-date symlink: /root/tiago_public_ws/install/pal_hey5_description/share/pal_hey5_description/cmake/pal_hey5_descriptionConfig-version.cmake
[1.271s] -- Up-to-date symlink: /root/tiago_public_ws/install/pal_hey5_description/share/pal_hey5_description/package.xml
[1.496s] Invoked command in '/root/tiago_public_ws/build/pal_hey5_description' returned '0': AMENT_PREFIX_PATH=/root/tiago_public_ws/install/pal_urdf_utils:${AMENT_PREFIX_PATH} CMAKE_PREFIX_PATH=/root/tiago_public_ws/install/pal_urdf_utils:/opt/ros/humble /usr/bin/cmake --install /root/tiago_public_ws/build/pal_hey5_description
