[0.087s] Invoking command in '/root/tiago_public_ws/build/pal_robotiq_gripper': AMENT_PREFIX_PATH=/root/tiago_public_ws/install/pal_robotiq_description:/root/tiago_public_ws/install/pal_robotiq_controller_configuration:${AMENT_PREFIX_PATH} CMAKE_PREFIX_PATH=/root/tiago_public_ws/install/pal_robotiq_description:/root/tiago_public_ws/install/pal_robotiq_controller_configuration:/opt/ros/humble /usr/bin/cmake /root/tiago_public_ws/src/pal_robotiq_gripper/pal_robotiq_gripper -DAMENT_CMAKE_SYMLINK_INSTALL=1 -DCMAKE_INSTALL_PREFIX=/root/tiago_public_ws/install/pal_robotiq_gripper
[0.907s] -- The C compiler identification is GNU 11.4.0
[0.908s] -- The CXX compiler identification is GNU 11.4.0
[1.156s] -- Detecting C compiler ABI info
[1.387s] -- Detecting C compiler ABI info - done
[1.397s] -- Check for working C compiler: /usr/bin/cc - skipped
[1.397s] -- Detecting C compile features
[1.397s] -- Detecting C compile features - done
[1.401s] -- Detecting CXX compiler ABI info
[1.737s] -- Detecting CXX compiler ABI info - done
[1.738s] -- Check for working CXX compiler: /usr/bin/c++ - skipped
[1.738s] -- Detecting CXX compile features
[1.738s] -- Detecting CXX compile features - done
[1.757s] -- Found ament_cmake_auto: 1.3.10 (/opt/ros/humble/share/ament_cmake_auto/cmake)
[2.146s] -- Found Python3: /usr/bin/python3 (found version "3.10.12") found components: Interpreter 
[2.317s] -- Override CMake install command with custom implementation using symlinks instead of copying resources
[2.709s] -- Found rosidl_generator_c: 3.1.5 (/opt/ros/humble/share/rosidl_generator_c/cmake)
[2.743s] -- Found rosidl_adapter: 3.1.5 (/opt/ros/humble/share/rosidl_adapter/cmake)
[2.755s] -- Found rosidl_generator_cpp: 3.1.5 (/opt/ros/humble/share/rosidl_generator_cpp/cmake)
[2.806s] -- Using all available rosidl_typesupport_c: rosidl_typesupport_fastrtps_c;rosidl_typesupport_introspection_c
[2.840s] -- Using all available rosidl_typesupport_cpp: rosidl_typesupport_fastrtps_cpp;rosidl_typesupport_introspection_cpp
[3.125s] -- Found rmw_implementation_cmake: 6.1.2 (/opt/ros/humble/share/rmw_implementation_cmake/cmake)
[3.142s] -- Found rmw_fastrtps_cpp: 6.2.7 (/opt/ros/humble/share/rmw_fastrtps_cpp/cmake)
[5.671s] -- Found OpenSSL: /usr/lib/x86_64-linux-gnu/libcrypto.so (found version "3.0.2")  
[7.016s] -- Found FastRTPS: /opt/ros/humble/include  
[9.487s] -- Using RMW implementation 'rmw_fastrtps_cpp' as default
[9.500s] -- Looking for pthread.h
[9.611s] -- Looking for pthread.h - found
[9.611s] -- Performing Test CMAKE_HAVE_LIBC_PTHREAD
[9.856s] -- Performing Test CMAKE_HAVE_LIBC_PTHREAD - Success
[9.862s] -- Found Threads: TRUE  
[10.006s] -- Found ament_lint_auto: 0.12.11 (/opt/ros/humble/share/ament_lint_auto/cmake)
[10.033s] -- Added test 'copyright' to check source files copyright and LICENSE
[10.034s] -- Added test 'lint_cmake' to check CMake code style
[10.035s] -- Added test 'xmllint' to check XML markup files
[10.037s] -- Configuring done
[10.043s] -- Generating done
[10.045s] -- Build files have been written to: /root/tiago_public_ws/build/pal_robotiq_gripper
[10.061s] Invoked command in '/root/tiago_public_ws/build/pal_robotiq_gripper' returned '0': AMENT_PREFIX_PATH=/root/tiago_public_ws/install/pal_robotiq_description:/root/tiago_public_ws/install/pal_robotiq_controller_configuration:${AMENT_PREFIX_PATH} CMAKE_PREFIX_PATH=/root/tiago_public_ws/install/pal_robotiq_description:/root/tiago_public_ws/install/pal_robotiq_controller_configuration:/opt/ros/humble /usr/bin/cmake /root/tiago_public_ws/src/pal_robotiq_gripper/pal_robotiq_gripper -DAMENT_CMAKE_SYMLINK_INSTALL=1 -DCMAKE_INSTALL_PREFIX=/root/tiago_public_ws/install/pal_robotiq_gripper
[10.068s] Invoking command in '/root/tiago_public_ws/build/pal_robotiq_gripper': AMENT_PREFIX_PATH=/root/tiago_public_ws/install/pal_robotiq_description:/root/tiago_public_ws/install/pal_robotiq_controller_configuration:${AMENT_PREFIX_PATH} CMAKE_PREFIX_PATH=/root/tiago_public_ws/install/pal_robotiq_description:/root/tiago_public_ws/install/pal_robotiq_controller_configuration:/opt/ros/humble /usr/bin/cmake --build /root/tiago_public_ws/build/pal_robotiq_gripper -- -j8 -l8
[10.123s] Invoked command in '/root/tiago_public_ws/build/pal_robotiq_gripper' returned '0': AMENT_PREFIX_PATH=/root/tiago_public_ws/install/pal_robotiq_description:/root/tiago_public_ws/install/pal_robotiq_controller_configuration:${AMENT_PREFIX_PATH} CMAKE_PREFIX_PATH=/root/tiago_public_ws/install/pal_robotiq_description:/root/tiago_public_ws/install/pal_robotiq_controller_configuration:/opt/ros/humble /usr/bin/cmake --build /root/tiago_public_ws/build/pal_robotiq_gripper -- -j8 -l8
[10.147s] Invoking command in '/root/tiago_public_ws/build/pal_robotiq_gripper': AMENT_PREFIX_PATH=/root/tiago_public_ws/install/pal_robotiq_description:/root/tiago_public_ws/install/pal_robotiq_controller_configuration:${AMENT_PREFIX_PATH} CMAKE_PREFIX_PATH=/root/tiago_public_ws/install/pal_robotiq_description:/root/tiago_public_ws/install/pal_robotiq_controller_configuration:/opt/ros/humble /usr/bin/cmake --install /root/tiago_public_ws/build/pal_robotiq_gripper
[10.153s] -- Install configuration: ""
[10.155s] -- Execute custom install script
[10.155s] -- Symlinking: /root/tiago_public_ws/install/pal_robotiq_gripper/share/ament_index/resource_index/package_run_dependencies/pal_robotiq_gripper
[10.177s] -- Symlinking: /root/tiago_public_ws/install/pal_robotiq_gripper/share/ament_index/resource_index/parent_prefix_path/pal_robotiq_gripper
[10.189s] -- Symlinking: /root/tiago_public_ws/install/pal_robotiq_gripper/share/pal_robotiq_gripper/environment/ament_prefix_path.sh
[10.205s] -- Symlinking: /root/tiago_public_ws/install/pal_robotiq_gripper/share/pal_robotiq_gripper/environment/ament_prefix_path.dsv
[10.213s] -- Symlinking: /root/tiago_public_ws/install/pal_robotiq_gripper/share/pal_robotiq_gripper/environment/path.sh
[10.221s] -- Symlinking: /root/tiago_public_ws/install/pal_robotiq_gripper/share/pal_robotiq_gripper/environment/path.dsv
[10.231s] -- Symlinking: /root/tiago_public_ws/install/pal_robotiq_gripper/share/pal_robotiq_gripper/local_setup.bash
[10.237s] -- Symlinking: /root/tiago_public_ws/install/pal_robotiq_gripper/share/pal_robotiq_gripper/local_setup.sh
[10.246s] -- Symlinking: /root/tiago_public_ws/install/pal_robotiq_gripper/share/pal_robotiq_gripper/local_setup.zsh
[10.255s] -- Symlinking: /root/tiago_public_ws/install/pal_robotiq_gripper/share/pal_robotiq_gripper/local_setup.dsv
[10.263s] -- Symlinking: /root/tiago_public_ws/install/pal_robotiq_gripper/share/pal_robotiq_gripper/package.dsv
[10.270s] -- Symlinking: /root/tiago_public_ws/install/pal_robotiq_gripper/share/ament_index/resource_index/packages/pal_robotiq_gripper
[10.277s] -- Symlinking: /root/tiago_public_ws/install/pal_robotiq_gripper/share/pal_robotiq_gripper/cmake/pal_robotiq_gripperConfig.cmake
[10.284s] -- Symlinking: /root/tiago_public_ws/install/pal_robotiq_gripper/share/pal_robotiq_gripper/cmake/pal_robotiq_gripperConfig-version.cmake
[10.292s] -- Symlinking: /root/tiago_public_ws/install/pal_robotiq_gripper/share/pal_robotiq_gripper/package.xml
[10.301s] Invoked command in '/root/tiago_public_ws/build/pal_robotiq_gripper' returned '0': AMENT_PREFIX_PATH=/root/tiago_public_ws/install/pal_robotiq_description:/root/tiago_public_ws/install/pal_robotiq_controller_configuration:${AMENT_PREFIX_PATH} CMAKE_PREFIX_PATH=/root/tiago_public_ws/install/pal_robotiq_description:/root/tiago_public_ws/install/pal_robotiq_controller_configuration:/opt/ros/humble /usr/bin/cmake --install /root/tiago_public_ws/build/pal_robotiq_gripper
