[0.155s] Invoking command in '/root/tiago_public_ws/build/plansys2_cascade_example': CMAKE_PREFIX_PATH=${CMAKE_PREFIX_PATH}:/root/tiago_public_ws/install/launch_pal:/root/ws_moveit2/install/moveit_configs_utils:/root/ws_moveit2/install/launch_param_builder:/opt/ros/humble /usr/bin/cmake --build /root/tiago_public_ws/build/plansys2_cascade_example -- -j8 -l8
[0.306s] [ 25%] Built target ask_charge_action_node
[0.306s] [ 50%] Built target charge_action_node
[0.318s] [ 75%] Built target check_obstacles_node
[0.348s] [100%] Built target move_action_node
[0.445s] Invoked command in '/root/tiago_public_ws/build/plansys2_cascade_example' returned '0': CMAKE_PREFIX_PATH=${CMAKE_PREFIX_PATH}:/root/tiago_public_ws/install/launch_pal:/root/ws_moveit2/install/moveit_configs_utils:/root/ws_moveit2/install/launch_param_builder:/opt/ros/humble /usr/bin/cmake --build /root/tiago_public_ws/build/plansys2_cascade_example -- -j8 -l8
[0.572s] Invoking command in '/root/tiago_public_ws/build/plansys2_cascade_example': CMAKE_PREFIX_PATH=${CMAKE_PREFIX_PATH}:/root/tiago_public_ws/install/launch_pal:/root/ws_moveit2/install/moveit_configs_utils:/root/ws_moveit2/install/launch_param_builder:/opt/ros/humble /usr/bin/cmake --install /root/tiago_public_ws/build/plansys2_cascade_example
[0.585s] -- Install configuration: ""
[0.586s] -- Execute custom install script
[0.588s] -- Up-to-date symlink: /root/tiago_public_ws/install/plansys2_cascade_example/share/plansys2_cascade_example/launch/commands
[0.589s] -- Up-to-date symlink: /root/tiago_public_ws/install/plansys2_cascade_example/share/plansys2_cascade_example/launch/plansys2_cascade_example_launch.py
[0.592s] -- Up-to-date symlink: /root/tiago_public_ws/install/plansys2_cascade_example/share/plansys2_cascade_example/pddl/cascade_example.pddl
[0.593s] -- Up-to-date symlink: /root/tiago_public_ws/install/plansys2_cascade_example/lib/plansys2_cascade_example/move_action_node
[0.593s] -- Up-to-date symlink: /root/tiago_public_ws/install/plansys2_cascade_example/lib/plansys2_cascade_example/charge_action_node
[0.593s] -- Up-to-date symlink: /root/tiago_public_ws/install/plansys2_cascade_example/lib/plansys2_cascade_example/ask_charge_action_node
[0.598s] -- Up-to-date symlink: /root/tiago_public_ws/install/plansys2_cascade_example/lib/plansys2_cascade_example/check_obstacles_node
[0.598s] -- Up-to-date symlink: /root/tiago_public_ws/install/plansys2_cascade_example/share/ament_index/resource_index/package_run_dependencies/plansys2_cascade_example
[0.598s] -- Up-to-date symlink: /root/tiago_public_ws/install/plansys2_cascade_example/share/ament_index/resource_index/parent_prefix_path/plansys2_cascade_example
[0.599s] -- Up-to-date symlink: /root/tiago_public_ws/install/plansys2_cascade_example/share/plansys2_cascade_example/environment/ament_prefix_path.sh
[0.599s] -- Up-to-date symlink: /root/tiago_public_ws/install/plansys2_cascade_example/share/plansys2_cascade_example/environment/ament_prefix_path.dsv
[0.599s] -- Up-to-date symlink: /root/tiago_public_ws/install/plansys2_cascade_example/share/plansys2_cascade_example/environment/path.sh
[0.599s] -- Up-to-date symlink: /root/tiago_public_ws/install/plansys2_cascade_example/share/plansys2_cascade_example/environment/path.dsv
[0.599s] -- Up-to-date symlink: /root/tiago_public_ws/install/plansys2_cascade_example/share/plansys2_cascade_example/local_setup.bash
[0.599s] -- Up-to-date symlink: /root/tiago_public_ws/install/plansys2_cascade_example/share/plansys2_cascade_example/local_setup.sh
[0.599s] -- Up-to-date symlink: /root/tiago_public_ws/install/plansys2_cascade_example/share/plansys2_cascade_example/local_setup.zsh
[0.599s] -- Up-to-date symlink: /root/tiago_public_ws/install/plansys2_cascade_example/share/plansys2_cascade_example/local_setup.dsv
[0.599s] -- Symlinking: /root/tiago_public_ws/install/plansys2_cascade_example/share/plansys2_cascade_example/package.dsv
[0.614s] -- Up-to-date symlink: /root/tiago_public_ws/install/plansys2_cascade_example/share/ament_index/resource_index/packages/plansys2_cascade_example
[0.614s] -- Up-to-date symlink: /root/tiago_public_ws/install/plansys2_cascade_example/share/plansys2_cascade_example/cmake/ament_cmake_export_dependencies-extras.cmake
[0.616s] -- Up-to-date symlink: /root/tiago_public_ws/install/plansys2_cascade_example/share/plansys2_cascade_example/cmake/plansys2_cascade_exampleConfig.cmake
[0.617s] -- Up-to-date symlink: /root/tiago_public_ws/install/plansys2_cascade_example/share/plansys2_cascade_example/cmake/plansys2_cascade_exampleConfig-version.cmake
[0.617s] -- Up-to-date symlink: /root/tiago_public_ws/install/plansys2_cascade_example/share/plansys2_cascade_example/package.xml
[0.649s] Invoked command in '/root/tiago_public_ws/build/plansys2_cascade_example' returned '0': CMAKE_PREFIX_PATH=${CMAKE_PREFIX_PATH}:/root/tiago_public_ws/install/launch_pal:/root/ws_moveit2/install/moveit_configs_utils:/root/ws_moveit2/install/launch_param_builder:/opt/ros/humble /usr/bin/cmake --install /root/tiago_public_ws/build/plansys2_cascade_example
