[0.083s] Invoking command in '/root/tiago_public_ws/build/plansys2_cascade_example': CMAKE_PREFIX_PATH=${CMAKE_PREFIX_PATH}:/root/tiago_public_ws/install/launch_pal:/opt/ros/humble /usr/bin/cmake --build /root/tiago_public_ws/build/plansys2_cascade_example -- -j8 -l8
[0.242s] [ 25%] Built target move_action_node
[0.246s] [ 50%] Built target charge_action_node
[0.248s] [ 75%] Built target ask_charge_action_node
[0.258s] [100%] Built target check_obstacles_node
[0.299s] Invoked command in '/root/tiago_public_ws/build/plansys2_cascade_example' returned '0': CMAKE_PREFIX_PATH=${CMAKE_PREFIX_PATH}:/root/tiago_public_ws/install/launch_pal:/opt/ros/humble /usr/bin/cmake --build /root/tiago_public_ws/build/plansys2_cascade_example -- -j8 -l8
[0.382s] Invoking command in '/root/tiago_public_ws/build/plansys2_cascade_example': CMAKE_PREFIX_PATH=${CMAKE_PREFIX_PATH}:/root/tiago_public_ws/install/launch_pal:/opt/ros/humble /usr/bin/cmake --install /root/tiago_public_ws/build/plansys2_cascade_example
[0.392s] -- Install configuration: ""
[0.393s] -- Execute custom install script
[0.393s] -- Up-to-date symlink: /root/tiago_public_ws/install/plansys2_cascade_example/share/plansys2_cascade_example/launch/commands
[0.394s] -- Up-to-date symlink: /root/tiago_public_ws/install/plansys2_cascade_example/share/plansys2_cascade_example/launch/plansys2_cascade_example_launch.py
[0.395s] -- Up-to-date symlink: /root/tiago_public_ws/install/plansys2_cascade_example/share/plansys2_cascade_example/pddl/cascade_example.pddl
[0.395s] -- Up-to-date symlink: /root/tiago_public_ws/install/plansys2_cascade_example/lib/plansys2_cascade_example/move_action_node
[0.396s] -- Up-to-date symlink: /root/tiago_public_ws/install/plansys2_cascade_example/lib/plansys2_cascade_example/charge_action_node
[0.396s] -- Up-to-date symlink: /root/tiago_public_ws/install/plansys2_cascade_example/lib/plansys2_cascade_example/ask_charge_action_node
[0.397s] -- Up-to-date symlink: /root/tiago_public_ws/install/plansys2_cascade_example/lib/plansys2_cascade_example/check_obstacles_node
[0.397s] -- Up-to-date symlink: /root/tiago_public_ws/install/plansys2_cascade_example/share/ament_index/resource_index/package_run_dependencies/plansys2_cascade_example
[0.397s] -- Up-to-date symlink: /root/tiago_public_ws/install/plansys2_cascade_example/share/ament_index/resource_index/parent_prefix_path/plansys2_cascade_example
[0.397s] -- Up-to-date symlink: /root/tiago_public_ws/install/plansys2_cascade_example/share/plansys2_cascade_example/environment/ament_prefix_path.sh
[0.397s] -- Up-to-date symlink: /root/tiago_public_ws/install/plansys2_cascade_example/share/plansys2_cascade_example/environment/ament_prefix_path.dsv
[0.398s] -- Up-to-date symlink: /root/tiago_public_ws/install/plansys2_cascade_example/share/plansys2_cascade_example/environment/path.sh
[0.398s] -- Up-to-date symlink: /root/tiago_public_ws/install/plansys2_cascade_example/share/plansys2_cascade_example/environment/path.dsv
[0.398s] -- Up-to-date symlink: /root/tiago_public_ws/install/plansys2_cascade_example/share/plansys2_cascade_example/local_setup.bash
[0.399s] -- Up-to-date symlink: /root/tiago_public_ws/install/plansys2_cascade_example/share/plansys2_cascade_example/local_setup.sh
[0.399s] -- Up-to-date symlink: /root/tiago_public_ws/install/plansys2_cascade_example/share/plansys2_cascade_example/local_setup.zsh
[0.399s] -- Up-to-date symlink: /root/tiago_public_ws/install/plansys2_cascade_example/share/plansys2_cascade_example/local_setup.dsv
[0.399s] -- Symlinking: /root/tiago_public_ws/install/plansys2_cascade_example/share/plansys2_cascade_example/package.dsv
[0.415s] -- Up-to-date symlink: /root/tiago_public_ws/install/plansys2_cascade_example/share/ament_index/resource_index/packages/plansys2_cascade_example
[0.416s] -- Up-to-date symlink: /root/tiago_public_ws/install/plansys2_cascade_example/share/plansys2_cascade_example/cmake/ament_cmake_export_dependencies-extras.cmake
[0.417s] -- Up-to-date symlink: /root/tiago_public_ws/install/plansys2_cascade_example/share/plansys2_cascade_example/cmake/plansys2_cascade_exampleConfig.cmake
[0.423s] -- Up-to-date symlink: /root/tiago_public_ws/install/plansys2_cascade_example/share/plansys2_cascade_example/cmake/plansys2_cascade_exampleConfig-version.cmake
[0.423s] -- Up-to-date symlink: /root/tiago_public_ws/install/plansys2_cascade_example/share/plansys2_cascade_example/package.xml
[0.423s] Invoked command in '/root/tiago_public_ws/build/plansys2_cascade_example' returned '0': CMAKE_PREFIX_PATH=${CMAKE_PREFIX_PATH}:/root/tiago_public_ws/install/launch_pal:/opt/ros/humble /usr/bin/cmake --install /root/tiago_public_ws/build/plansys2_cascade_example
