[0.891s] Invoking command in '/root/tiago_public_ws/build/pal_urdf_utils': CMAKE_PREFIX_PATH=${CMAKE_PREFIX_PATH}:/root/tiago_public_ws/install/launch_pal:/opt/ros/humble /usr/bin/cmake --build /root/tiago_public_ws/build/pal_urdf_utils -- -j8 -l8
[1.060s] Invoked command in '/root/tiago_public_ws/build/pal_urdf_utils' returned '0': CMAKE_PREFIX_PATH=${CMAKE_PREFIX_PATH}:/root/tiago_public_ws/install/launch_pal:/opt/ros/humble /usr/bin/cmake --build /root/tiago_public_ws/build/pal_urdf_utils -- -j8 -l8
[1.178s] Invoking command in '/root/tiago_public_ws/build/pal_urdf_utils': CMAKE_PREFIX_PATH=${CMAKE_PREFIX_PATH}:/root/tiago_public_ws/install/launch_pal:/opt/ros/humble /usr/bin/cmake --install /root/tiago_public_ws/build/pal_urdf_utils
[1.190s] -- Install configuration: ""
[1.194s] -- Execute custom install script
[1.200s] -- Up-to-date symlink: /root/tiago_public_ws/install/pal_urdf_utils/share/pal_urdf_utils/urdf/deg_to_rad.urdf.xacro
[1.200s] -- Up-to-date symlink: /root/tiago_public_ws/install/pal_urdf_utils/share/pal_urdf_utils/urdf/materials.urdf.xacro
[1.204s] -- Up-to-date symlink: /root/tiago_public_ws/install/pal_urdf_utils/share/pal_urdf_utils/urdf/pi.urdf.xacro
[1.206s] -- Up-to-date symlink: /root/tiago_public_ws/install/pal_urdf_utils/share/ament_index/resource_index/package_run_dependencies/pal_urdf_utils
[1.206s] -- Up-to-date symlink: /root/tiago_public_ws/install/pal_urdf_utils/share/ament_index/resource_index/parent_prefix_path/pal_urdf_utils
[1.206s] -- Up-to-date symlink: /root/tiago_public_ws/install/pal_urdf_utils/share/pal_urdf_utils/environment/ament_prefix_path.sh
[1.206s] -- Up-to-date symlink: /root/tiago_public_ws/install/pal_urdf_utils/share/pal_urdf_utils/environment/ament_prefix_path.dsv
[1.208s] -- Up-to-date symlink: /root/tiago_public_ws/install/pal_urdf_utils/share/pal_urdf_utils/environment/path.sh
[1.208s] -- Up-to-date symlink: /root/tiago_public_ws/install/pal_urdf_utils/share/pal_urdf_utils/environment/path.dsv
[1.208s] -- Up-to-date symlink: /root/tiago_public_ws/install/pal_urdf_utils/share/pal_urdf_utils/local_setup.bash
[1.210s] -- Up-to-date symlink: /root/tiago_public_ws/install/pal_urdf_utils/share/pal_urdf_utils/local_setup.sh
[1.210s] -- Up-to-date symlink: /root/tiago_public_ws/install/pal_urdf_utils/share/pal_urdf_utils/local_setup.zsh
[1.210s] -- Up-to-date symlink: /root/tiago_public_ws/install/pal_urdf_utils/share/pal_urdf_utils/local_setup.dsv
[1.210s] -- Symlinking: /root/tiago_public_ws/install/pal_urdf_utils/share/pal_urdf_utils/package.dsv
[1.248s] -- Up-to-date symlink: /root/tiago_public_ws/install/pal_urdf_utils/share/ament_index/resource_index/packages/pal_urdf_utils
[1.249s] -- Up-to-date symlink: /root/tiago_public_ws/install/pal_urdf_utils/share/pal_urdf_utils/cmake/pal_urdf_utilsConfig.cmake
[1.249s] -- Up-to-date symlink: /root/tiago_public_ws/install/pal_urdf_utils/share/pal_urdf_utils/cmake/pal_urdf_utilsConfig-version.cmake
[1.250s] -- Up-to-date symlink: /root/tiago_public_ws/install/pal_urdf_utils/share/pal_urdf_utils/package.xml
[1.257s] Invoked command in '/root/tiago_public_ws/build/pal_urdf_utils' returned '0': CMAKE_PREFIX_PATH=${CMAKE_PREFIX_PATH}:/root/tiago_public_ws/install/launch_pal:/opt/ros/humble /usr/bin/cmake --install /root/tiago_public_ws/build/pal_urdf_utils
