[0.078s] Invoking command in '/root/tiago_public_ws/build/plansys2_multidomain_example': CMAKE_PREFIX_PATH=/opt/ros/humble /usr/bin/cmake --build /root/tiago_public_ws/build/plansys2_multidomain_example -- -j8 -l8
[0.190s] [ 20%] Built target move_action_node
[0.238s] [ 40%] Built target place_object_action_node
[0.281s] [ 60%] Built target pick_object_action_node
[0.328s] [ 80%] Built target ask_charge_action_node
[0.370s] [100%] Built target charge_action_node
[0.395s] Invoked command in '/root/tiago_public_ws/build/plansys2_multidomain_example' returned '0': CMAKE_PREFIX_PATH=/opt/ros/humble /usr/bin/cmake --build /root/tiago_public_ws/build/plansys2_multidomain_example -- -j8 -l8
[0.452s] Invoking command in '/root/tiago_public_ws/build/plansys2_multidomain_example': CMAKE_PREFIX_PATH=/opt/ros/humble /usr/bin/cmake --install /root/tiago_public_ws/build/plansys2_multidomain_example
[0.465s] -- Install configuration: ""
[0.468s] -- Execute custom install script
[0.468s] -- Up-to-date symlink: /root/tiago_public_ws/install/plansys2_multidomain_example/share/plansys2_multidomain_example/launch/commands
[0.468s] -- Up-to-date symlink: /root/tiago_public_ws/install/plansys2_multidomain_example/share/plansys2_multidomain_example/launch/plansys2_multidomain_example_launch.py
[0.469s] -- Up-to-date symlink: /root/tiago_public_ws/install/plansys2_multidomain_example/share/plansys2_multidomain_example/pddl_1/domain_1.pddl
[0.469s] -- Up-to-date symlink: /root/tiago_public_ws/install/plansys2_multidomain_example/share/plansys2_multidomain_example/pddl_2/domain_2.pddl
[0.469s] -- Up-to-date symlink: /root/tiago_public_ws/install/plansys2_multidomain_example/lib/plansys2_multidomain_example/move_action_node
[0.470s] -- Up-to-date symlink: /root/tiago_public_ws/install/plansys2_multidomain_example/lib/plansys2_multidomain_example/charge_action_node
[0.471s] -- Up-to-date symlink: /root/tiago_public_ws/install/plansys2_multidomain_example/lib/plansys2_multidomain_example/ask_charge_action_node
[0.472s] -- Up-to-date symlink: /root/tiago_public_ws/install/plansys2_multidomain_example/lib/plansys2_multidomain_example/pick_object_action_node
[0.474s] -- Up-to-date symlink: /root/tiago_public_ws/install/plansys2_multidomain_example/lib/plansys2_multidomain_example/place_object_action_node
[0.474s] -- Up-to-date symlink: /root/tiago_public_ws/install/plansys2_multidomain_example/share/ament_index/resource_index/package_run_dependencies/plansys2_multidomain_example
[0.474s] -- Up-to-date symlink: /root/tiago_public_ws/install/plansys2_multidomain_example/share/ament_index/resource_index/parent_prefix_path/plansys2_multidomain_example
[0.475s] -- Up-to-date symlink: /root/tiago_public_ws/install/plansys2_multidomain_example/share/plansys2_multidomain_example/environment/ament_prefix_path.sh
[0.475s] -- Up-to-date symlink: /root/tiago_public_ws/install/plansys2_multidomain_example/share/plansys2_multidomain_example/environment/ament_prefix_path.dsv
[0.475s] -- Up-to-date symlink: /root/tiago_public_ws/install/plansys2_multidomain_example/share/plansys2_multidomain_example/environment/path.sh
[0.475s] -- Up-to-date symlink: /root/tiago_public_ws/install/plansys2_multidomain_example/share/plansys2_multidomain_example/environment/path.dsv
[0.475s] -- Up-to-date symlink: /root/tiago_public_ws/install/plansys2_multidomain_example/share/plansys2_multidomain_example/local_setup.bash
[0.476s] -- Up-to-date symlink: /root/tiago_public_ws/install/plansys2_multidomain_example/share/plansys2_multidomain_example/local_setup.sh
[0.476s] -- Up-to-date symlink: /root/tiago_public_ws/install/plansys2_multidomain_example/share/plansys2_multidomain_example/local_setup.zsh
[0.476s] -- Up-to-date symlink: /root/tiago_public_ws/install/plansys2_multidomain_example/share/plansys2_multidomain_example/local_setup.dsv
[0.477s] -- Symlinking: /root/tiago_public_ws/install/plansys2_multidomain_example/share/plansys2_multidomain_example/package.dsv
[0.482s] -- Up-to-date symlink: /root/tiago_public_ws/install/plansys2_multidomain_example/share/ament_index/resource_index/packages/plansys2_multidomain_example
[0.482s] -- Up-to-date symlink: /root/tiago_public_ws/install/plansys2_multidomain_example/share/plansys2_multidomain_example/cmake/ament_cmake_export_dependencies-extras.cmake
[0.483s] -- Up-to-date symlink: /root/tiago_public_ws/install/plansys2_multidomain_example/share/plansys2_multidomain_example/cmake/plansys2_multidomain_exampleConfig.cmake
[0.483s] -- Up-to-date symlink: /root/tiago_public_ws/install/plansys2_multidomain_example/share/plansys2_multidomain_example/cmake/plansys2_multidomain_exampleConfig-version.cmake
[0.483s] -- Up-to-date symlink: /root/tiago_public_ws/install/plansys2_multidomain_example/share/plansys2_multidomain_example/package.xml
[0.528s] Invoked command in '/root/tiago_public_ws/build/plansys2_multidomain_example' returned '0': CMAKE_PREFIX_PATH=/opt/ros/humble /usr/bin/cmake --install /root/tiago_public_ws/build/plansys2_multidomain_example
