[0.294s] Invoking command in '/root/tiago_public_ws/build/pmb2_bringup': AMENT_PREFIX_PATH=/root/tiago_public_ws/install/pmb2_description:/root/tiago_public_ws/install/pmb2_controller_configuration:/root/tiago_public_ws/install/urdf_test:/root/tiago_public_ws/install/pal_urdf_utils:/root/tiago_public_ws/install/launch_pal:${AMENT_PREFIX_PATH} CMAKE_PREFIX_PATH=/root/tiago_public_ws/install/pmb2_description:/root/tiago_public_ws/install/pmb2_controller_configuration:/root/tiago_public_ws/install/urdf_test:/root/tiago_public_ws/install/pal_urdf_utils:/opt/ros/humble PYTHONPATH=/root/tiago_public_ws/install/pmb2_description/local/lib/python3.10/dist-packages:/root/tiago_public_ws/install/urdf_test/local/lib/python3.10/dist-packages:/root/tiago_public_ws/build/launch_pal:/root/tiago_public_ws/install/launch_pal/lib/python3.10/site-packages:${PYTHONPATH} /usr/bin/cmake /root/tiago_public_ws/src/pmb2_robot/pmb2_bringup -DAMENT_CMAKE_SYMLINK_INSTALL=1 -DCMAKE_INSTALL_PREFIX=/root/tiago_public_ws/install/pmb2_bringup
[0.400s] -- The C compiler identification is GNU 11.4.0
[0.799s] -- The CXX compiler identification is GNU 11.4.0
[1.081s] -- Detecting C compiler ABI info
[1.225s] -- Detecting C compiler ABI info - done
[1.234s] -- Check for working C compiler: /usr/bin/cc - skipped
[1.234s] -- Detecting C compile features
[1.234s] -- Detecting C compile features - done
[1.236s] -- Detecting CXX compiler ABI info
[1.374s] -- Detecting CXX compiler ABI info - done
[1.386s] -- Check for working CXX compiler: /usr/bin/c++ - skipped
[1.386s] -- Detecting CXX compile features
[1.386s] -- Detecting CXX compile features - done
[1.388s] -- Found ament_cmake_auto: 1.3.10 (/opt/ros/humble/share/ament_cmake_auto/cmake)
[1.554s] -- Found Python3: /usr/bin/python3 (found version "3.10.12") found components: Interpreter 
[1.620s] -- Override CMake install command with custom implementation using symlinks instead of copying resources
[1.722s] -- Found ament_lint_auto: 0.12.11 (/opt/ros/humble/share/ament_lint_auto/cmake)
[1.743s] -- Added test 'copyright' to check source files copyright and LICENSE
[1.745s] -- Added test 'flake8' to check Python code syntax and style conventions
[1.746s] -- Added test 'lint_cmake' to check CMake code style
[1.747s] -- Added test 'pep257' to check Python code against some of the docstring style conventions in PEP 257
[1.748s] -- Added test 'xmllint' to check XML markup files
[1.750s] -- Configuring done
[1.753s] -- Generating done
[1.754s] -- Build files have been written to: /root/tiago_public_ws/build/pmb2_bringup
[1.760s] Invoked command in '/root/tiago_public_ws/build/pmb2_bringup' returned '0': AMENT_PREFIX_PATH=/root/tiago_public_ws/install/pmb2_description:/root/tiago_public_ws/install/pmb2_controller_configuration:/root/tiago_public_ws/install/urdf_test:/root/tiago_public_ws/install/pal_urdf_utils:/root/tiago_public_ws/install/launch_pal:${AMENT_PREFIX_PATH} CMAKE_PREFIX_PATH=/root/tiago_public_ws/install/pmb2_description:/root/tiago_public_ws/install/pmb2_controller_configuration:/root/tiago_public_ws/install/urdf_test:/root/tiago_public_ws/install/pal_urdf_utils:/opt/ros/humble PYTHONPATH=/root/tiago_public_ws/install/pmb2_description/local/lib/python3.10/dist-packages:/root/tiago_public_ws/install/urdf_test/local/lib/python3.10/dist-packages:/root/tiago_public_ws/build/launch_pal:/root/tiago_public_ws/install/launch_pal/lib/python3.10/site-packages:${PYTHONPATH} /usr/bin/cmake /root/tiago_public_ws/src/pmb2_robot/pmb2_bringup -DAMENT_CMAKE_SYMLINK_INSTALL=1 -DCMAKE_INSTALL_PREFIX=/root/tiago_public_ws/install/pmb2_bringup
[1.762s] Invoking command in '/root/tiago_public_ws/build/pmb2_bringup': AMENT_PREFIX_PATH=/root/tiago_public_ws/install/pmb2_description:/root/tiago_public_ws/install/pmb2_controller_configuration:/root/tiago_public_ws/install/urdf_test:/root/tiago_public_ws/install/pal_urdf_utils:/root/tiago_public_ws/install/launch_pal:${AMENT_PREFIX_PATH} CMAKE_PREFIX_PATH=/root/tiago_public_ws/install/pmb2_description:/root/tiago_public_ws/install/pmb2_controller_configuration:/root/tiago_public_ws/install/urdf_test:/root/tiago_public_ws/install/pal_urdf_utils:/opt/ros/humble PYTHONPATH=/root/tiago_public_ws/install/pmb2_description/local/lib/python3.10/dist-packages:/root/tiago_public_ws/install/urdf_test/local/lib/python3.10/dist-packages:/root/tiago_public_ws/build/launch_pal:/root/tiago_public_ws/install/launch_pal/lib/python3.10/site-packages:${PYTHONPATH} /usr/bin/cmake --build /root/tiago_public_ws/build/pmb2_bringup -- -j8 -l8
[1.790s] Invoked command in '/root/tiago_public_ws/build/pmb2_bringup' returned '0': AMENT_PREFIX_PATH=/root/tiago_public_ws/install/pmb2_description:/root/tiago_public_ws/install/pmb2_controller_configuration:/root/tiago_public_ws/install/urdf_test:/root/tiago_public_ws/install/pal_urdf_utils:/root/tiago_public_ws/install/launch_pal:${AMENT_PREFIX_PATH} CMAKE_PREFIX_PATH=/root/tiago_public_ws/install/pmb2_description:/root/tiago_public_ws/install/pmb2_controller_configuration:/root/tiago_public_ws/install/urdf_test:/root/tiago_public_ws/install/pal_urdf_utils:/opt/ros/humble PYTHONPATH=/root/tiago_public_ws/install/pmb2_description/local/lib/python3.10/dist-packages:/root/tiago_public_ws/install/urdf_test/local/lib/python3.10/dist-packages:/root/tiago_public_ws/build/launch_pal:/root/tiago_public_ws/install/launch_pal/lib/python3.10/site-packages:${PYTHONPATH} /usr/bin/cmake --build /root/tiago_public_ws/build/pmb2_bringup -- -j8 -l8
[1.808s] Invoking command in '/root/tiago_public_ws/build/pmb2_bringup': AMENT_PREFIX_PATH=/root/tiago_public_ws/install/pmb2_description:/root/tiago_public_ws/install/pmb2_controller_configuration:/root/tiago_public_ws/install/urdf_test:/root/tiago_public_ws/install/pal_urdf_utils:/root/tiago_public_ws/install/launch_pal:${AMENT_PREFIX_PATH} CMAKE_PREFIX_PATH=/root/tiago_public_ws/install/pmb2_description:/root/tiago_public_ws/install/pmb2_controller_configuration:/root/tiago_public_ws/install/urdf_test:/root/tiago_public_ws/install/pal_urdf_utils:/opt/ros/humble PYTHONPATH=/root/tiago_public_ws/install/pmb2_description/local/lib/python3.10/dist-packages:/root/tiago_public_ws/install/urdf_test/local/lib/python3.10/dist-packages:/root/tiago_public_ws/build/launch_pal:/root/tiago_public_ws/install/launch_pal/lib/python3.10/site-packages:${PYTHONPATH} /usr/bin/cmake --install /root/tiago_public_ws/build/pmb2_bringup
[1.814s] -- Install configuration: ""
[1.814s] -- Execute custom install script
[1.815s] -- Symlinking: /root/tiago_public_ws/install/pmb2_bringup/share/pmb2_bringup/config/joy_teleop/joy_config.yaml
[1.823s] -- Symlinking: /root/tiago_public_ws/install/pmb2_bringup/share/pmb2_bringup/config/joy_teleop/joy_teleop.yaml
[1.829s] -- Symlinking: /root/tiago_public_ws/install/pmb2_bringup/share/pmb2_bringup/config/twist_mux/joystick.yaml
[1.836s] -- Symlinking: /root/tiago_public_ws/install/pmb2_bringup/share/pmb2_bringup/config/twist_mux/twist_mux_locks.yaml
[1.844s] -- Symlinking: /root/tiago_public_ws/install/pmb2_bringup/share/pmb2_bringup/config/twist_mux/twist_mux_topics.yaml
[1.850s] -- Symlinking: /root/tiago_public_ws/install/pmb2_bringup/share/pmb2_bringup/launch/joystick_teleop.launch.py
[1.858s] -- Symlinking: /root/tiago_public_ws/install/pmb2_bringup/share/pmb2_bringup/launch/pmb2_bringup.launch.py
[1.865s] -- Symlinking: /root/tiago_public_ws/install/pmb2_bringup/share/pmb2_bringup/launch/twist_mux.launch.py
[1.873s] -- Symlinking: /root/tiago_public_ws/install/pmb2_bringup/share/ament_index/resource_index/package_run_dependencies/pmb2_bringup
[1.879s] -- Symlinking: /root/tiago_public_ws/install/pmb2_bringup/share/ament_index/resource_index/parent_prefix_path/pmb2_bringup
[1.887s] -- Symlinking: /root/tiago_public_ws/install/pmb2_bringup/share/pmb2_bringup/environment/ament_prefix_path.sh
[1.894s] -- Symlinking: /root/tiago_public_ws/install/pmb2_bringup/share/pmb2_bringup/environment/ament_prefix_path.dsv
[1.901s] -- Symlinking: /root/tiago_public_ws/install/pmb2_bringup/share/pmb2_bringup/environment/path.sh
[1.907s] -- Symlinking: /root/tiago_public_ws/install/pmb2_bringup/share/pmb2_bringup/environment/path.dsv
[1.913s] -- Symlinking: /root/tiago_public_ws/install/pmb2_bringup/share/pmb2_bringup/local_setup.bash
[1.919s] -- Symlinking: /root/tiago_public_ws/install/pmb2_bringup/share/pmb2_bringup/local_setup.sh
[1.925s] -- Symlinking: /root/tiago_public_ws/install/pmb2_bringup/share/pmb2_bringup/local_setup.zsh
[1.931s] -- Symlinking: /root/tiago_public_ws/install/pmb2_bringup/share/pmb2_bringup/local_setup.dsv
[1.938s] -- Symlinking: /root/tiago_public_ws/install/pmb2_bringup/share/pmb2_bringup/package.dsv
[1.947s] -- Symlinking: /root/tiago_public_ws/install/pmb2_bringup/share/ament_index/resource_index/packages/pmb2_bringup
[1.955s] -- Symlinking: /root/tiago_public_ws/install/pmb2_bringup/share/pmb2_bringup/cmake/pmb2_bringupConfig.cmake
[1.963s] -- Symlinking: /root/tiago_public_ws/install/pmb2_bringup/share/pmb2_bringup/cmake/pmb2_bringupConfig-version.cmake
[1.972s] -- Symlinking: /root/tiago_public_ws/install/pmb2_bringup/share/pmb2_bringup/package.xml
[1.985s] Invoked command in '/root/tiago_public_ws/build/pmb2_bringup' returned '0': AMENT_PREFIX_PATH=/root/tiago_public_ws/install/pmb2_description:/root/tiago_public_ws/install/pmb2_controller_configuration:/root/tiago_public_ws/install/urdf_test:/root/tiago_public_ws/install/pal_urdf_utils:/root/tiago_public_ws/install/launch_pal:${AMENT_PREFIX_PATH} CMAKE_PREFIX_PATH=/root/tiago_public_ws/install/pmb2_description:/root/tiago_public_ws/install/pmb2_controller_configuration:/root/tiago_public_ws/install/urdf_test:/root/tiago_public_ws/install/pal_urdf_utils:/opt/ros/humble PYTHONPATH=/root/tiago_public_ws/install/pmb2_description/local/lib/python3.10/dist-packages:/root/tiago_public_ws/install/urdf_test/local/lib/python3.10/dist-packages:/root/tiago_public_ws/build/launch_pal:/root/tiago_public_ws/install/launch_pal/lib/python3.10/site-packages:${PYTHONPATH} /usr/bin/cmake --install /root/tiago_public_ws/build/pmb2_bringup
