[0.532s] Invoking command in '/root/tiago_public_ws/build/pmb2_navigation': AMENT_PREFIX_PATH=/root/tiago_public_ws/install/pmb2_2dnav:/root/tiago_public_ws/install/pmb2_laser_sensors:/root/tiago_public_ws/install/launch_pal:${AMENT_PREFIX_PATH} CMAKE_PREFIX_PATH=/root/tiago_public_ws/install/pmb2_2dnav:/root/tiago_public_ws/install/pmb2_laser_sensors:/opt/ros/humble PYTHONPATH=/root/tiago_public_ws/install/launch_pal/lib/python3.10/site-packages:${PYTHONPATH} /usr/bin/cmake --build /root/tiago_public_ws/build/pmb2_navigation -- -j8 -l8
[0.637s] Invoked command in '/root/tiago_public_ws/build/pmb2_navigation' returned '0': AMENT_PREFIX_PATH=/root/tiago_public_ws/install/pmb2_2dnav:/root/tiago_public_ws/install/pmb2_laser_sensors:/root/tiago_public_ws/install/launch_pal:${AMENT_PREFIX_PATH} CMAKE_PREFIX_PATH=/root/tiago_public_ws/install/pmb2_2dnav:/root/tiago_public_ws/install/pmb2_laser_sensors:/opt/ros/humble PYTHONPATH=/root/tiago_public_ws/install/launch_pal/lib/python3.10/site-packages:${PYTHONPATH} /usr/bin/cmake --build /root/tiago_public_ws/build/pmb2_navigation -- -j8 -l8
[0.671s] Invoking command in '/root/tiago_public_ws/build/pmb2_navigation': AMENT_PREFIX_PATH=/root/tiago_public_ws/install/pmb2_2dnav:/root/tiago_public_ws/install/pmb2_laser_sensors:/root/tiago_public_ws/install/launch_pal:${AMENT_PREFIX_PATH} CMAKE_PREFIX_PATH=/root/tiago_public_ws/install/pmb2_2dnav:/root/tiago_public_ws/install/pmb2_laser_sensors:/opt/ros/humble PYTHONPATH=/root/tiago_public_ws/install/launch_pal/lib/python3.10/site-packages:${PYTHONPATH} /usr/bin/cmake --install /root/tiago_public_ws/build/pmb2_navigation
[0.705s] -- Install configuration: ""
[0.705s] -- Execute custom install script
[0.705s] -- Up-to-date symlink: /root/tiago_public_ws/install/pmb2_navigation/share/ament_index/resource_index/package_run_dependencies/pmb2_navigation
[0.705s] -- Up-to-date symlink: /root/tiago_public_ws/install/pmb2_navigation/share/ament_index/resource_index/parent_prefix_path/pmb2_navigation
[0.705s] -- Up-to-date symlink: /root/tiago_public_ws/install/pmb2_navigation/share/pmb2_navigation/environment/ament_prefix_path.sh
[0.705s] -- Up-to-date symlink: /root/tiago_public_ws/install/pmb2_navigation/share/pmb2_navigation/environment/ament_prefix_path.dsv
[0.705s] -- Up-to-date symlink: /root/tiago_public_ws/install/pmb2_navigation/share/pmb2_navigation/environment/path.sh
[0.705s] -- Up-to-date symlink: /root/tiago_public_ws/install/pmb2_navigation/share/pmb2_navigation/environment/path.dsv
[0.706s] -- Up-to-date symlink: /root/tiago_public_ws/install/pmb2_navigation/share/pmb2_navigation/local_setup.bash
[0.706s] -- Up-to-date symlink: /root/tiago_public_ws/install/pmb2_navigation/share/pmb2_navigation/local_setup.sh
[0.706s] -- Up-to-date symlink: /root/tiago_public_ws/install/pmb2_navigation/share/pmb2_navigation/local_setup.zsh
[0.706s] -- Up-to-date symlink: /root/tiago_public_ws/install/pmb2_navigation/share/pmb2_navigation/local_setup.dsv
[0.706s] -- Symlinking: /root/tiago_public_ws/install/pmb2_navigation/share/pmb2_navigation/package.dsv
[0.721s] -- Up-to-date symlink: /root/tiago_public_ws/install/pmb2_navigation/share/ament_index/resource_index/packages/pmb2_navigation
[0.733s] -- Up-to-date symlink: /root/tiago_public_ws/install/pmb2_navigation/share/pmb2_navigation/cmake/pmb2_navigationConfig.cmake
[0.734s] -- Up-to-date symlink: /root/tiago_public_ws/install/pmb2_navigation/share/pmb2_navigation/cmake/pmb2_navigationConfig-version.cmake
[0.734s] -- Up-to-date symlink: /root/tiago_public_ws/install/pmb2_navigation/share/pmb2_navigation/package.xml
[0.745s] Invoked command in '/root/tiago_public_ws/build/pmb2_navigation' returned '0': AMENT_PREFIX_PATH=/root/tiago_public_ws/install/pmb2_2dnav:/root/tiago_public_ws/install/pmb2_laser_sensors:/root/tiago_public_ws/install/launch_pal:${AMENT_PREFIX_PATH} CMAKE_PREFIX_PATH=/root/tiago_public_ws/install/pmb2_2dnav:/root/tiago_public_ws/install/pmb2_laser_sensors:/opt/ros/humble PYTHONPATH=/root/tiago_public_ws/install/launch_pal/lib/python3.10/site-packages:${PYTHONPATH} /usr/bin/cmake --install /root/tiago_public_ws/build/pmb2_navigation
