[0.024s] Invoking command in '/root/tiago_public_ws/build/plansys2_simple_example': CMAKE_PREFIX_PATH=${CMAKE_PREFIX_PATH}:/root/tiago_public_ws/install/launch_pal:/opt/ros/humble /usr/bin/cmake /root/tiago_public_ws/src/ros2_planning_system_examples/plansys2_simple_example -DAMENT_CMAKE_SYMLINK_INSTALL=1 -DCMAKE_INSTALL_PREFIX=/root/tiago_public_ws/install/plansys2_simple_example
[2.764s] -- The C compiler identification is GNU 11.4.0
[2.764s] -- The CXX compiler identification is GNU 11.4.0
[2.764s] -- Detecting C compiler ABI info
[2.765s] -- Detecting C compiler ABI info - done
[2.765s] -- Check for working C compiler: /usr/bin/cc - skipped
[2.765s] -- Detecting C compile features
[2.766s] -- Detecting C compile features - done
[2.766s] -- Detecting CXX compiler ABI info
[2.767s] -- Detecting CXX compiler ABI info - done
[2.767s] -- Check for working CXX compiler: /usr/bin/c++ - skipped
[2.767s] -- Detecting CXX compile features
[2.767s] -- Detecting CXX compile features - done
[2.767s] -- Found ament_cmake: 1.3.10 (/opt/ros/humble/share/ament_cmake/cmake)
[2.768s] -- Found Python3: /usr/bin/python3 (found version "3.10.12") found components: Interpreter 
[2.768s] -- Override CMake install command with custom implementation using symlinks instead of copying resources
[2.873s] -- Found rclcpp: 16.0.10 (/opt/ros/humble/share/rclcpp/cmake)
[3.202s] -- Found rosidl_generator_c: 3.1.5 (/opt/ros/humble/share/rosidl_generator_c/cmake)
[3.207s] -- Found rosidl_adapter: 3.1.5 (/opt/ros/humble/share/rosidl_adapter/cmake)
[3.236s] -- Found rosidl_generator_cpp: 3.1.5 (/opt/ros/humble/share/rosidl_generator_cpp/cmake)
[3.272s] -- Using all available rosidl_typesupport_c: rosidl_typesupport_fastrtps_c;rosidl_typesupport_introspection_c
[3.325s] -- Using all available rosidl_typesupport_cpp: rosidl_typesupport_fastrtps_cpp;rosidl_typesupport_introspection_cpp
[3.486s] -- Found rmw_implementation_cmake: 6.1.2 (/opt/ros/humble/share/rmw_implementation_cmake/cmake)
[3.498s] -- Found rmw_fastrtps_cpp: 6.2.7 (/opt/ros/humble/share/rmw_fastrtps_cpp/cmake)
[5.293s] -- Found OpenSSL: /usr/lib/x86_64-linux-gnu/libcrypto.so (found version "3.0.2")  
[6.855s] -- Found FastRTPS: /opt/ros/humble/include  
[9.616s] -- Using RMW implementation 'rmw_fastrtps_cpp' as default
[9.643s] -- Looking for pthread.h
[9.812s] -- Looking for pthread.h - found
[9.813s] -- Performing Test CMAKE_HAVE_LIBC_PTHREAD
[10.015s] -- Performing Test CMAKE_HAVE_LIBC_PTHREAD - Success
[10.017s] -- Found Threads: TRUE  
[10.123s] -- Found rclcpp_action: 16.0.10 (/opt/ros/humble/share/rclcpp_action/cmake)
[11.468s] [31mCMake Error at CMakeLists.txt:8 (find_package):
[11.468s]   By not providing "Findplansys2_msgs.cmake" in CMAKE_MODULE_PATH this
[11.469s]   project has asked CMake to find a package configuration file provided by
[11.469s]   "plansys2_msgs", but CMake did not find one.
[11.469s] 
[11.469s]   Could not find a package configuration file provided by "plansys2_msgs"
[11.469s]   with any of the following names:
[11.470s] 
[11.470s]     plansys2_msgsConfig.cmake
[11.470s]     plansys2_msgs-config.cmake
[11.471s] 
[11.471s]   Add the installation prefix of "plansys2_msgs" to CMAKE_PREFIX_PATH or set
[11.471s]   "plansys2_msgs_DIR" to a directory containing one of the above files.  If
[11.471s]   "plansys2_msgs" provides a separate development package or SDK, be sure it
[11.471s]   has been installed.
[11.471s] 
[11.471s] [0m
[11.471s] -- Configuring incomplete, errors occurred!
[11.471s] See also "/root/tiago_public_ws/build/plansys2_simple_example/CMakeFiles/CMakeOutput.log".
