[35m[1mConsolidate compiler generated dependencies of target charge_action_node[0m
[35m[1mConsolidate compiler generated dependencies of target move_action_node[0m
[35m[1mConsolidate compiler generated dependencies of target ask_charge_action_node[0m
[ 33%] Built target charge_action_node
[ 66%] Built target move_action_node
[100%] Built target ask_charge_action_node
-- Install configuration: ""
-- Execute custom install script
-- Symlinking: /root/tiago_public_ws/install/plansys2_simple_example/share/plansys2_simple_example/launch/commands
-- Symlinking: /root/tiago_public_ws/install/plansys2_simple_example/share/plansys2_simple_example/launch/plansys2_simple_example_launch.py
-- Symlinking: /root/tiago_public_ws/install/plansys2_simple_example/share/plansys2_simple_example/pddl/simple_example.pddl
-- Symlinking: /root/tiago_public_ws/install/plansys2_simple_example/lib/plansys2_simple_example/move_action_node
-- Symlinking: /root/tiago_public_ws/install/plansys2_simple_example/lib/plansys2_simple_example/charge_action_node
-- Symlinking: /root/tiago_public_ws/install/plansys2_simple_example/lib/plansys2_simple_example/ask_charge_action_node
-- Symlinking: /root/tiago_public_ws/install/plansys2_simple_example/share/ament_index/resource_index/package_run_dependencies/plansys2_simple_example
-- Symlinking: /root/tiago_public_ws/install/plansys2_simple_example/share/ament_index/resource_index/parent_prefix_path/plansys2_simple_example
-- Symlinking: /root/tiago_public_ws/install/plansys2_simple_example/share/plansys2_simple_example/environment/ament_prefix_path.sh
-- Symlinking: /root/tiago_public_ws/install/plansys2_simple_example/share/plansys2_simple_example/environment/ament_prefix_path.dsv
-- Symlinking: /root/tiago_public_ws/install/plansys2_simple_example/share/plansys2_simple_example/environment/path.sh
-- Symlinking: /root/tiago_public_ws/install/plansys2_simple_example/share/plansys2_simple_example/environment/path.dsv
-- Symlinking: /root/tiago_public_ws/install/plansys2_simple_example/share/plansys2_simple_example/local_setup.bash
-- Symlinking: /root/tiago_public_ws/install/plansys2_simple_example/share/plansys2_simple_example/local_setup.sh
-- Symlinking: /root/tiago_public_ws/install/plansys2_simple_example/share/plansys2_simple_example/local_setup.zsh
-- Symlinking: /root/tiago_public_ws/install/plansys2_simple_example/share/plansys2_simple_example/local_setup.dsv
-- Symlinking: /root/tiago_public_ws/install/plansys2_simple_example/share/plansys2_simple_example/package.dsv
-- Symlinking: /root/tiago_public_ws/install/plansys2_simple_example/share/ament_index/resource_index/packages/plansys2_simple_example
-- Symlinking: /root/tiago_public_ws/install/plansys2_simple_example/share/plansys2_simple_example/cmake/ament_cmake_export_dependencies-extras.cmake
-- Symlinking: /root/tiago_public_ws/install/plansys2_simple_example/share/plansys2_simple_example/cmake/plansys2_simple_exampleConfig.cmake
-- Symlinking: /root/tiago_public_ws/install/plansys2_simple_example/share/plansys2_simple_example/cmake/plansys2_simple_exampleConfig-version.cmake
-- Symlinking: /root/tiago_public_ws/install/plansys2_simple_example/share/plansys2_simple_example/package.xml
